2025-01-28 17:51:07 - INFO - Processing subset 1...
2025-01-28 17:51:07 - INFO - -----------------------------
2025-01-28 17:51:07 - INFO - TRAIN MODEL STAGE STARTING FOR SUBSET 1...
2025-01-28 17:51:07 - INFO - -----------------------------
2025-01-28 17:51:07 - INFO - LogisticModel initialized successfully with Cs=[1.0].
2025-01-28 17:51:07 - INFO - Starting feature selection using L1 regularization...
2025-01-28 17:51:07 - INFO - Feature selection and model fitting completed successfully.
2025-01-28 17:51:07 - INFO - Dynamic threshold set to: 0.06
2025-01-28 17:51:07 - INFO - Model trained and saved successfully for subset 1.
2025-01-28 17:51:07 - INFO - ---------------------------
2025-01-28 17:51:07 - INFO - TRAIN MODEL STAGE COMPLETED FOR SUBSET 1
2025-01-28 17:51:07 - INFO - ---------------------------
2025-01-28 17:51:07 - INFO - --------------------------------
2025-01-28 17:51:07 - INFO - EVALUATE MODEL STAGE STARTING FOR SUBSET 1...
2025-01-28 17:51:07 - INFO - --------------------------------
2025-01-28 17:51:07 - INFO - demographic makeup: 58 1, 19 3, 16 2, 7 4
2025-01-28 17:51:07 - INFO - demographic makeup: 250 1
2025-01-28 17:51:07 - INFO - demographic makeup: 750 1
2025-01-28 17:51:07 - INFO - Model evaluated successfully for subset 1.
2025-01-28 17:51:07 - INFO - ------------------------------
2025-01-28 17:51:07 - INFO - EVALUATE MODEL STAGE COMPLETED FOR SUBSET 1
2025-01-28 17:51:07 - INFO - ------------------------------
2025-01-28 17:51:07 - INFO - Processing subset 2...
2025-01-28 17:51:07 - INFO - -----------------------------
2025-01-28 17:51:07 - INFO - TRAIN MODEL STAGE STARTING FOR SUBSET 2...
2025-01-28 17:51:07 - INFO - -----------------------------
2025-01-28 17:51:07 - INFO - LogisticModel initialized successfully with Cs=[1.0].
2025-01-28 17:51:07 - INFO - Starting feature selection using L1 regularization...
2025-01-28 17:51:07 - INFO - Feature selection and model fitting completed successfully.
2025-01-28 17:51:07 - INFO - Dynamic threshold set to: 0.068
2025-01-28 17:51:07 - INFO - Model trained and saved successfully for subset 2.
2025-01-28 17:51:07 - INFO - ---------------------------
2025-01-28 17:51:07 - INFO - TRAIN MODEL STAGE COMPLETED FOR SUBSET 2
2025-01-28 17:51:07 - INFO - ---------------------------
2025-01-28 17:51:07 - INFO - --------------------------------
2025-01-28 17:51:07 - INFO - EVALUATE MODEL STAGE STARTING FOR SUBSET 2...
2025-01-28 17:51:07 - INFO - --------------------------------
2025-01-28 17:51:07 - INFO - demographic makeup: 58 1, 19 3, 16 2, 7 4
2025-01-28 17:51:07 - INFO - demographic makeup: 238 1, 7 3, 3 2, 2 4
2025-01-28 17:51:07 - INFO - demographic makeup: 712 1, 21 3, 11 2, 6 4
2025-01-28 17:51:07 - INFO - Model evaluated successfully for subset 2.
2025-01-28 17:51:07 - INFO - ------------------------------
2025-01-28 17:51:07 - INFO - EVALUATE MODEL STAGE COMPLETED FOR SUBSET 2
2025-01-28 17:51:07 - INFO - ------------------------------
2025-01-28 17:51:07 - INFO - Processing subset 3...
2025-01-28 17:51:07 - INFO - -----------------------------
2025-01-28 17:51:07 - INFO - TRAIN MODEL STAGE STARTING FOR SUBSET 3...
2025-01-28 17:51:07 - INFO - -----------------------------
2025-01-28 17:51:07 - INFO - LogisticModel initialized successfully with Cs=[1.0].
2025-01-28 17:51:07 - INFO - Starting feature selection using L1 regularization...
2025-01-28 17:51:07 - INFO - Feature selection and model fitting completed successfully.
2025-01-28 17:51:07 - INFO - Dynamic threshold set to: 0.068
2025-01-28 17:51:07 - INFO - Model trained and saved successfully for subset 3.
2025-01-28 17:51:07 - INFO - ---------------------------
2025-01-28 17:51:07 - INFO - TRAIN MODEL STAGE COMPLETED FOR SUBSET 3
2025-01-28 17:51:07 - INFO - ---------------------------
2025-01-28 17:51:07 - INFO - --------------------------------
2025-01-28 17:51:07 - INFO - EVALUATE MODEL STAGE STARTING FOR SUBSET 3...
2025-01-28 17:51:07 - INFO - --------------------------------
2025-01-28 17:51:07 - INFO - demographic makeup: 58 1, 19 3, 16 2, 7 4
2025-01-28 17:51:07 - INFO - demographic makeup: 232 1, 11 3, 6 2, 1 4
2025-01-28 17:51:07 - INFO - demographic makeup: 668 1, 43 3, 20 2, 19 4
2025-01-28 17:51:07 - INFO - Model evaluated successfully for subset 3.
2025-01-28 17:51:07 - INFO - ------------------------------
2025-01-28 17:51:07 - INFO - EVALUATE MODEL STAGE COMPLETED FOR SUBSET 3
2025-01-28 17:51:07 - INFO - ------------------------------
2025-01-28 17:51:07 - INFO - Processing subset 4...
2025-01-28 17:51:07 - INFO - -----------------------------
2025-01-28 17:51:07 - INFO - TRAIN MODEL STAGE STARTING FOR SUBSET 4...
2025-01-28 17:51:07 - INFO - -----------------------------
2025-01-28 17:51:07 - INFO - LogisticModel initialized successfully with Cs=[1.0].
2025-01-28 17:51:07 - INFO - Starting feature selection using L1 regularization...
2025-01-28 17:51:07 - INFO - Feature selection and model fitting completed successfully.
2025-01-28 17:51:07 - INFO - Dynamic threshold set to: 0.056
2025-01-28 17:51:07 - INFO - Model trained and saved successfully for subset 4.
2025-01-28 17:51:07 - INFO - ---------------------------
2025-01-28 17:51:07 - INFO - TRAIN MODEL STAGE COMPLETED FOR SUBSET 4
2025-01-28 17:51:07 - INFO - ---------------------------
2025-01-28 17:51:07 - INFO - --------------------------------
2025-01-28 17:51:07 - INFO - EVALUATE MODEL STAGE STARTING FOR SUBSET 4...
2025-01-28 17:51:07 - INFO - --------------------------------
2025-01-28 17:51:07 - INFO - demographic makeup: 58 1, 19 3, 16 2, 7 4
2025-01-28 17:51:07 - INFO - demographic makeup: 218 1, 15 3, 9 2, 8 4
2025-01-28 17:51:07 - INFO - demographic makeup: 632 1, 61 3, 31 2, 26 4
2025-01-28 17:51:07 - INFO - Model evaluated successfully for subset 4.
2025-01-28 17:51:07 - INFO - ------------------------------
2025-01-28 17:51:07 - INFO - EVALUATE MODEL STAGE COMPLETED FOR SUBSET 4
2025-01-28 17:51:07 - INFO - ------------------------------
2025-01-28 17:51:07 - INFO - Processing subset 5...
2025-01-28 17:51:07 - INFO - -----------------------------
2025-01-28 17:51:07 - INFO - TRAIN MODEL STAGE STARTING FOR SUBSET 5...
2025-01-28 17:51:07 - INFO - -----------------------------
2025-01-28 17:51:07 - INFO - LogisticModel initialized successfully with Cs=[1.0].
2025-01-28 17:51:07 - INFO - Starting feature selection using L1 regularization...
2025-01-28 17:51:07 - INFO - Feature selection and model fitting completed successfully.
2025-01-28 17:51:07 - INFO - Dynamic threshold set to: 0.024
2025-01-28 17:51:07 - INFO - Model trained and saved successfully for subset 5.
2025-01-28 17:51:07 - INFO - ---------------------------
2025-01-28 17:51:07 - INFO - TRAIN MODEL STAGE COMPLETED FOR SUBSET 5
2025-01-28 17:51:07 - INFO - ---------------------------
2025-01-28 17:51:07 - INFO - --------------------------------
2025-01-28 17:51:07 - INFO - EVALUATE MODEL STAGE STARTING FOR SUBSET 5...
2025-01-28 17:51:07 - INFO - --------------------------------
2025-01-28 17:51:07 - INFO - demographic makeup: 58 1, 19 3, 16 2, 7 4
2025-01-28 17:51:07 - INFO - demographic makeup: 188 1, 33 3, 16 2, 13 4
2025-01-28 17:51:07 - INFO - demographic makeup: 612 1, 71 3, 34 2, 33 4
2025-01-28 17:51:07 - INFO - Model evaluated successfully for subset 5.
2025-01-28 17:51:07 - INFO - ------------------------------
2025-01-28 17:51:07 - INFO - EVALUATE MODEL STAGE COMPLETED FOR SUBSET 5
2025-01-28 17:51:07 - INFO - ------------------------------
2025-01-28 17:51:07 - INFO - Processing subset 6...
2025-01-28 17:51:07 - INFO - -----------------------------
2025-01-28 17:51:07 - INFO - TRAIN MODEL STAGE STARTING FOR SUBSET 6...
2025-01-28 17:51:07 - INFO - -----------------------------
2025-01-28 17:51:07 - INFO - LogisticModel initialized successfully with Cs=[1.0].
2025-01-28 17:51:07 - INFO - Starting feature selection using L1 regularization...
2025-01-28 17:51:07 - INFO - Feature selection and model fitting completed successfully.
2025-01-28 17:51:07 - INFO - Dynamic threshold set to: 0.064
2025-01-28 17:51:07 - INFO - Model trained and saved successfully for subset 6.
2025-01-28 17:51:07 - INFO - ---------------------------
2025-01-28 17:51:07 - INFO - TRAIN MODEL STAGE COMPLETED FOR SUBSET 6
2025-01-28 17:51:07 - INFO - ---------------------------
2025-01-28 17:51:07 - INFO - --------------------------------
2025-01-28 17:51:07 - INFO - EVALUATE MODEL STAGE STARTING FOR SUBSET 6...
2025-01-28 17:51:07 - INFO - --------------------------------
2025-01-28 17:51:07 - INFO - demographic makeup: 58 1, 19 3, 16 2, 7 4
2025-01-28 17:51:07 - INFO - demographic makeup: 192 1, 33 3, 14 4, 11 2
2025-01-28 17:51:07 - INFO - demographic makeup: 558 1, 100 3, 51 2, 41 4
2025-01-28 17:51:07 - INFO - Model evaluated successfully for subset 6.
2025-01-28 17:51:07 - INFO - ------------------------------
2025-01-28 17:51:07 - INFO - EVALUATE MODEL STAGE COMPLETED FOR SUBSET 6
2025-01-28 17:51:07 - INFO - ------------------------------
2025-01-28 17:51:07 - INFO - Processing subset 7...
2025-01-28 17:51:07 - INFO - -----------------------------
2025-01-28 17:51:07 - INFO - TRAIN MODEL STAGE STARTING FOR SUBSET 7...
2025-01-28 17:51:07 - INFO - -----------------------------
2025-01-28 17:51:07 - INFO - LogisticModel initialized successfully with Cs=[1.0].
2025-01-28 17:51:07 - INFO - Starting feature selection using L1 regularization...
2025-01-28 17:51:08 - INFO - Feature selection and model fitting completed successfully.
2025-01-28 17:51:08 - INFO - Dynamic threshold set to: 0.036
2025-01-28 17:51:08 - INFO - Model trained and saved successfully for subset 7.
2025-01-28 17:51:08 - INFO - ---------------------------
2025-01-28 17:51:08 - INFO - TRAIN MODEL STAGE COMPLETED FOR SUBSET 7
2025-01-28 17:51:08 - INFO - ---------------------------
2025-01-28 17:51:08 - INFO - --------------------------------
2025-01-28 17:51:08 - INFO - EVALUATE MODEL STAGE STARTING FOR SUBSET 7...
2025-01-28 17:51:08 - INFO - --------------------------------
2025-01-28 17:51:08 - INFO - demographic makeup: 58 1, 19 3, 16 2, 7 4
2025-01-28 17:51:08 - INFO - demographic makeup: 184 1, 34 3, 21 2, 11 4
2025-01-28 17:51:08 - INFO - demographic makeup: 516 1, 121 3, 57 2, 56 4
2025-01-28 17:51:08 - INFO - Model evaluated successfully for subset 7.
2025-01-28 17:51:08 - INFO - ------------------------------
2025-01-28 17:51:08 - INFO - EVALUATE MODEL STAGE COMPLETED FOR SUBSET 7
2025-01-28 17:51:08 - INFO - ------------------------------
2025-01-28 17:51:08 - INFO - Processing subset 8...
2025-01-28 17:51:08 - INFO - -----------------------------
2025-01-28 17:51:08 - INFO - TRAIN MODEL STAGE STARTING FOR SUBSET 8...
2025-01-28 17:51:08 - INFO - -----------------------------
2025-01-28 17:51:08 - INFO - LogisticModel initialized successfully with Cs=[1.0].
2025-01-28 17:51:08 - INFO - Starting feature selection using L1 regularization...
2025-01-28 17:51:08 - INFO - Feature selection and model fitting completed successfully.
2025-01-28 17:51:08 - INFO - Dynamic threshold set to: 0.064
2025-01-28 17:51:08 - INFO - Model trained and saved successfully for subset 8.
2025-01-28 17:51:08 - INFO - ---------------------------
2025-01-28 17:51:08 - INFO - TRAIN MODEL STAGE COMPLETED FOR SUBSET 8
2025-01-28 17:51:08 - INFO - ---------------------------
2025-01-28 17:51:08 - INFO - --------------------------------
2025-01-28 17:51:08 - INFO - EVALUATE MODEL STAGE STARTING FOR SUBSET 8...
2025-01-28 17:51:08 - INFO - --------------------------------
2025-01-28 17:51:08 - INFO - demographic makeup: 58 1, 19 3, 16 2, 7 4
2025-01-28 17:51:08 - INFO - demographic makeup: 177 1, 40 3, 20 2, 13 4
2025-01-28 17:51:08 - INFO - demographic makeup: 473 1, 141 3, 75 2, 61 4
2025-01-28 17:51:08 - INFO - Model evaluated successfully for subset 8.
2025-01-28 17:51:08 - INFO - ------------------------------
2025-01-28 17:51:08 - INFO - EVALUATE MODEL STAGE COMPLETED FOR SUBSET 8
2025-01-28 17:51:08 - INFO - ------------------------------
2025-01-28 17:51:08 - INFO - Processing subset 9...
2025-01-28 17:51:08 - INFO - -----------------------------
2025-01-28 17:51:08 - INFO - TRAIN MODEL STAGE STARTING FOR SUBSET 9...
2025-01-28 17:51:08 - INFO - -----------------------------
2025-01-28 17:51:08 - INFO - LogisticModel initialized successfully with Cs=[1.0].
2025-01-28 17:51:08 - INFO - Starting feature selection using L1 regularization...
2025-01-28 17:51:08 - INFO - Feature selection and model fitting completed successfully.
2025-01-28 17:51:08 - INFO - Dynamic threshold set to: 0.064
2025-01-28 17:51:08 - INFO - Model trained and saved successfully for subset 9.
2025-01-28 17:51:08 - INFO - ---------------------------
2025-01-28 17:51:08 - INFO - TRAIN MODEL STAGE COMPLETED FOR SUBSET 9
2025-01-28 17:51:08 - INFO - ---------------------------
2025-01-28 17:51:08 - INFO - --------------------------------
2025-01-28 17:51:08 - INFO - EVALUATE MODEL STAGE STARTING FOR SUBSET 9...
2025-01-28 17:51:08 - INFO - --------------------------------
2025-01-28 17:51:08 - INFO - demographic makeup: 58 1, 19 3, 16 2, 7 4
2025-01-28 17:51:08 - INFO - demographic makeup: 155 1, 47 3, 28 2, 20 4
2025-01-28 17:51:08 - INFO - demographic makeup: 445 1, 159 3, 84 2, 62 4
2025-01-28 17:51:08 - INFO - Model evaluated successfully for subset 9.
2025-01-28 17:51:08 - INFO - ------------------------------
2025-01-28 17:51:08 - INFO - EVALUATE MODEL STAGE COMPLETED FOR SUBSET 9
2025-01-28 17:51:08 - INFO - ------------------------------
2025-01-28 17:51:08 - INFO - Processing subset 10...
2025-01-28 17:51:08 - INFO - -----------------------------
2025-01-28 17:51:08 - INFO - TRAIN MODEL STAGE STARTING FOR SUBSET 10...
2025-01-28 17:51:08 - INFO - -----------------------------
2025-01-28 17:51:08 - INFO - LogisticModel initialized successfully with Cs=[1.0].
2025-01-28 17:51:08 - INFO - Starting feature selection using L1 regularization...
2025-01-28 17:51:08 - INFO - Feature selection and model fitting completed successfully.
2025-01-28 17:51:08 - INFO - Dynamic threshold set to: 0.048
2025-01-28 17:51:08 - INFO - Model trained and saved successfully for subset 10.
2025-01-28 17:51:08 - INFO - ---------------------------
2025-01-28 17:51:08 - INFO - TRAIN MODEL STAGE COMPLETED FOR SUBSET 10
2025-01-28 17:51:08 - INFO - ---------------------------
2025-01-28 17:51:08 - INFO - --------------------------------
2025-01-28 17:51:08 - INFO - EVALUATE MODEL STAGE STARTING FOR SUBSET 10...
2025-01-28 17:51:08 - INFO - --------------------------------
2025-01-28 17:51:08 - INFO - demographic makeup: 58 1, 19 3, 16 2, 7 4
2025-01-28 17:51:08 - INFO - demographic makeup: 140 1, 44 3, 43 2, 23 4
2025-01-28 17:51:08 - INFO - demographic makeup: 410 1, 181 3, 88 2, 71 4
2025-01-28 17:51:08 - INFO - Model evaluated successfully for subset 10.
2025-01-28 17:51:08 - INFO - ------------------------------
2025-01-28 17:51:08 - INFO - EVALUATE MODEL STAGE COMPLETED FOR SUBSET 10
2025-01-28 17:51:08 - INFO - ------------------------------
2025-01-28 17:51:08 - INFO - Processing subset 11...
2025-01-28 17:51:08 - INFO - -----------------------------
2025-01-28 17:51:08 - INFO - TRAIN MODEL STAGE STARTING FOR SUBSET 11...
2025-01-28 17:51:08 - INFO - -----------------------------
2025-01-28 17:51:08 - INFO - LogisticModel initialized successfully with Cs=[1.0].
2025-01-28 17:51:08 - INFO - Starting feature selection using L1 regularization...
2025-01-28 17:51:08 - INFO - Feature selection and model fitting completed successfully.
2025-01-28 17:51:08 - INFO - Dynamic threshold set to: 0.056
2025-01-28 17:51:08 - INFO - Model trained and saved successfully for subset 11.
2025-01-28 17:51:08 - INFO - ---------------------------
2025-01-28 17:51:08 - INFO - TRAIN MODEL STAGE COMPLETED FOR SUBSET 11
2025-01-28 17:51:08 - INFO - ---------------------------
2025-01-28 17:51:08 - INFO - --------------------------------
2025-01-28 17:51:08 - INFO - EVALUATE MODEL STAGE STARTING FOR SUBSET 11...
2025-01-28 17:51:08 - INFO - --------------------------------
2025-01-28 17:51:08 - INFO - demographic makeup: 58 1, 19 3, 16 2, 7 4
2025-01-28 17:51:08 - INFO - demographic makeup: 124 1, 59 3, 35 2, 32 4
2025-01-28 17:51:08 - INFO - demographic makeup: 376 1, 191 3, 111 2, 72 4
2025-01-28 17:51:08 - INFO - Model evaluated successfully for subset 11.
2025-01-28 17:51:08 - INFO - ------------------------------
2025-01-28 17:51:08 - INFO - EVALUATE MODEL STAGE COMPLETED FOR SUBSET 11
2025-01-28 17:51:08 - INFO - ------------------------------
2025-01-28 17:51:08 - INFO - Model predictions saved to csv successfully.
2025-01-28 17:51:08 - INFO - ------------------
2025-01-28 17:51:08 - INFO - PIPELINE COMPLETED
2025-01-28 17:51:08 - INFO - ------------------
2025-01-28 17:51:08 - INFO - Embedded R ended.
2025-01-28 17:51:08 - INFO - Embedded R already ended.
