2024-08-14 12:46:55,837 - INFO - Global Seed set to: 1
2024-08-14 12:46:55,839 - INFO - Outcome Name: Rd_kostenB_1993
2024-08-14 12:46:55,914 - INFO - Datasets loaded successfully.
2024-08-14 12:46:55,918 - INFO - Starting preprocessing of the merged dataset...
2024-08-14 12:46:55,919 - INFO - ---------------------------------
2024-08-14 12:46:55,919 - INFO - PRE-PROCESSING STAGE STARTING...
2024-08-14 12:46:55,919 - INFO - ---------------------------------
2024-08-14 12:46:56,083 - INFO - Dropped initial columns: ['pain_when', 'is_smoker', 'per_day', 'max', 'amount', 'depression', 'anxiety', 'schizophrenia', 'max', 'amount', 'cocaine_inject_days', 'speedball_inject_days', 'opioid_inject_days', 'speed_inject_days', 'UDS_Alcohol_Count', 'UDS_Mdma/Hallucinogen_Count']
2024-08-14 12:46:56,196 - INFO - Converted Yes/No to binary.
2024-08-14 12:46:56,233 - INFO - Processed TLFB columns with specified columns: ['TLFB_Alcohol_Count', 'TLFB_Amphetamine_Count', 'TLFB_Cocaine_Count', 'TLFB_Heroin_Count', 'TLFB_Benzodiazepine_Count', 'TLFB_Opioid_Count', 'TLFB_THC_Count', 'TLFB_Methadone_Count', 'TLFB_Buprenorphine_Count']
2024-08-14 12:46:56,237 - INFO - Calculated behavioral columns.
2024-08-14 12:46:56,242 - INFO - Moved 'Rd_kostenB_1993' column to the end.
2024-08-14 12:46:56,419 - INFO - Dropped initial columns: ['msm_npt', 'msm_frq', 'txx_prt']
2024-08-14 12:46:56,446 - INFO - transform_data_with_nan_handling success
2024-08-14 12:46:56,448 - INFO - Renamed columns according to the mapping.
2024-08-14 12:46:56,492 - INFO - Transformed NaN to 0 for binary columns.
2024-08-14 12:46:56,493 - INFO - Transformed and renamed 'heroin_inject_days' column to 'rbsivheroin'.
2024-08-14 12:46:56,494 - INFO - Filled NaN with 0 for 'ftnd' column.
2024-08-14 12:46:56,666 - INFO - Dropped additional columns: ['rbs_iv_days', 'race', 'RBS_cocaine_Days', 'RBS_heroin_Days', 'RBS_opioid_Days', 'RBS_speed_Days', 'RBS_speedball_Days']
2024-08-14 12:46:56,692 - INFO - Converted UDS drug counts to binary.
2024-08-14 12:46:56,899 - INFO - ------------------------------
2024-08-14 12:46:56,900 - INFO - PRE-PROCESSING STAGE COMPLETED
2024-08-14 12:46:56,901 - INFO - ------------------------------
2024-08-14 12:46:56,902 - INFO - Merged dataset preprocessed successfully.
2024-08-14 12:46:56,902 - INFO - Creating demographic subsets from preprocessed data...
2024-08-14 12:47:04,581 - INFO - Created 11 subsets successfully.
2024-08-14 12:47:04,581 - INFO - Creating merged subsets from create_demographics_dfs function
2024-08-14 12:47:04,664 - INFO - Created 11 merged subsets successfully.
2024-08-14 12:47:04,666 - INFO - Subset 1 demographic makeup: 500 1, 239 3, 162 2, 99 4
2024-08-14 12:47:04,666 - INFO - Processing subset 1...
2024-08-14 12:47:04,666 - INFO - -----------------------------
2024-08-14 12:47:04,667 - INFO - TRAIN MODEL STAGE STARTING FOR SUBSET 1...
2024-08-14 12:47:04,668 - INFO - -----------------------------
2024-08-14 12:47:04,675 - INFO - Scaling features and applying LASSO for feature selection...
2024-08-14 12:47:04,918 - INFO - Selected features (including required): ['who', 'RaceEth', 'age', 'is_female', 'is_hispanic', 'unemployed', 'unstableliving', 'education', 'marital', 'UDS_Amphetamine_Count', 'UDS_Benzodiazepine_Count', 'UDS_Buprenorphine_Count', 'UDS_Cocaine_Count', 'UDS_Methadone_Count', 'UDS_Opioid_Count', 'UDS_Sedatives_Count', 'UDS_Thc_Count', 'pain', 'has_schizophrenia', 'has_major_dep', 'has_bipolar', 'has_anx_pan', 'has_brain_damage', 'has_epilepsy', 'has_alcol_dx', 'has_amphetamines_dx', 'has_cannabis_dx', 'has_cocaine_dx', 'has_sedatives_dx', 'ftnd', 'XTRT', 'shared', 'rbsivheroin', 'TLFB_Alcohol_Count', 'TLFB_Amphetamine_Count', 'TLFB_Benzodiazepine_Count', 'TLFB_Buprenorphine_Count', 'TLFB_Cocaine_Count', 'TLFB_Heroin_Count', 'TLFB_Methadone_Count', 'TLFB_Opioid_Count', 'TLFB_THC_Count', 'TLFB_Other', 'Homosexual_Behavior', 'Non_monogamous_Relationships']
2024-08-14 12:47:04,923 - INFO - Fitting logistic regression model with the selected features...
2024-08-14 12:47:05,393 - INFO - Model training completed successfully.
2024-08-14 12:47:05,394 - INFO - Calculating the dynamic threshold based on the proportion of positive outcomes...
2024-08-14 12:47:05,394 - INFO - Ratio of 1s to 0s in the outcome variable: 0.52 : 0.48
2024-08-14 12:47:05,394 - INFO - Dynamic threshold set to: 0.516
2024-08-14 12:47:05,394 - INFO - Model trained and saved successfully for subset 1.
2024-08-14 12:47:05,394 - INFO - ---------------------------
2024-08-14 12:47:05,394 - INFO - TRAIN MODEL STAGE COMPLETED FOR SUBSET 1
2024-08-14 12:47:05,394 - INFO - ---------------------------
2024-08-14 12:47:05,394 - INFO - --------------------------------
2024-08-14 12:47:05,394 - INFO - EVALUATE MODEL STAGE STARTING FOR SUBSET 1...
2024-08-14 12:47:05,395 - INFO - --------------------------------
2024-08-14 12:47:05,409 - INFO - ROC AUC Score: 0.696585303350631
2024-08-14 12:47:05,410 - INFO - Confusion Matrix: 
[[85 36]
 [47 82]]
2024-08-14 12:47:05,411 - INFO - Precision: 0.6949152542372882
2024-08-14 12:47:05,411 - INFO - Recall: 0.6356589147286822
2024-08-14 12:47:05,411 - INFO - Model evaluated successfully for subset 1.
2024-08-14 12:47:05,411 - INFO - ------------------------------
2024-08-14 12:47:05,411 - INFO - EVALUATE MODEL STAGE COMPLETED FOR SUBSET 1
2024-08-14 12:47:05,411 - INFO - ------------------------------
2024-08-14 12:47:05,413 - INFO - Subset 2 demographic makeup: 550 1, 216 3, 146 2, 88 4
2024-08-14 12:47:05,413 - INFO - Processing subset 2...
2024-08-14 12:47:05,413 - INFO - -----------------------------
2024-08-14 12:47:05,413 - INFO - TRAIN MODEL STAGE STARTING FOR SUBSET 2...
2024-08-14 12:47:05,413 - INFO - -----------------------------
2024-08-14 12:47:05,419 - INFO - Scaling features and applying LASSO for feature selection...
2024-08-14 12:47:05,628 - INFO - Selected features (including required): ['who', 'RaceEth', 'age', 'is_female', 'is_hispanic', 'unemployed', 'unstableliving', 'education', 'marital', 'UDS_Amphetamine_Count', 'UDS_Benzodiazepine_Count', 'UDS_Buprenorphine_Count', 'UDS_Cocaine_Count', 'UDS_Methadone_Count', 'UDS_Opioid_Count', 'UDS_Sedatives_Count', 'UDS_Thc_Count', 'pain', 'has_schizophrenia', 'has_major_dep', 'has_bipolar', 'has_anx_pan', 'has_brain_damage', 'has_epilepsy', 'has_alcol_dx', 'has_amphetamines_dx', 'has_cannabis_dx', 'has_cocaine_dx', 'has_sedatives_dx', 'ftnd', 'XTRT', 'shared', 'rbsivheroin', 'TLFB_Alcohol_Count', 'TLFB_Amphetamine_Count', 'TLFB_Benzodiazepine_Count', 'TLFB_Buprenorphine_Count', 'TLFB_Cocaine_Count', 'TLFB_Heroin_Count', 'TLFB_Methadone_Count', 'TLFB_Opioid_Count', 'TLFB_THC_Count', 'TLFB_Other', 'Homosexual_Behavior', 'Non_monogamous_Relationships']
2024-08-14 12:47:05,635 - INFO - Fitting logistic regression model with the selected features...
2024-08-14 12:47:06,360 - INFO - Model training completed successfully.
2024-08-14 12:47:06,361 - INFO - Calculating the dynamic threshold based on the proportion of positive outcomes...
2024-08-14 12:47:06,362 - INFO - Ratio of 1s to 0s in the outcome variable: 0.49 : 0.51
2024-08-14 12:47:06,362 - INFO - Dynamic threshold set to: 0.488
2024-08-14 12:47:06,362 - INFO - Model trained and saved successfully for subset 2.
2024-08-14 12:47:06,362 - INFO - ---------------------------
2024-08-14 12:47:06,362 - INFO - TRAIN MODEL STAGE COMPLETED FOR SUBSET 2
2024-08-14 12:47:06,362 - INFO - ---------------------------
2024-08-14 12:47:06,362 - INFO - --------------------------------
2024-08-14 12:47:06,363 - INFO - EVALUATE MODEL STAGE STARTING FOR SUBSET 2...
2024-08-14 12:47:06,363 - INFO - --------------------------------
2024-08-14 12:47:06,381 - INFO - ROC AUC Score: 0.681608606557377
2024-08-14 12:47:06,382 - INFO - Confusion Matrix: 
[[73 55]
 [47 75]]
2024-08-14 12:47:06,382 - INFO - Precision: 0.5769230769230769
2024-08-14 12:47:06,383 - INFO - Recall: 0.6147540983606558
2024-08-14 12:47:06,383 - INFO - Model evaluated successfully for subset 2.
2024-08-14 12:47:06,383 - INFO - ------------------------------
2024-08-14 12:47:06,383 - INFO - EVALUATE MODEL STAGE COMPLETED FOR SUBSET 2
2024-08-14 12:47:06,383 - INFO - ------------------------------
2024-08-14 12:47:06,384 - INFO - Subset 3 demographic makeup: 600 1, 190 3, 137 2, 73 4
2024-08-14 12:47:06,384 - INFO - Processing subset 3...
2024-08-14 12:47:06,384 - INFO - -----------------------------
2024-08-14 12:47:06,384 - INFO - TRAIN MODEL STAGE STARTING FOR SUBSET 3...
2024-08-14 12:47:06,384 - INFO - -----------------------------
2024-08-14 12:47:06,394 - INFO - Scaling features and applying LASSO for feature selection...
2024-08-14 12:47:06,592 - INFO - Selected features (including required): ['who', 'RaceEth', 'age', 'is_female', 'is_hispanic', 'unemployed', 'unstableliving', 'education', 'marital', 'UDS_Amphetamine_Count', 'UDS_Benzodiazepine_Count', 'UDS_Buprenorphine_Count', 'UDS_Cocaine_Count', 'UDS_Methadone_Count', 'UDS_Opioid_Count', 'UDS_Sedatives_Count', 'UDS_Thc_Count', 'pain', 'has_schizophrenia', 'has_major_dep', 'has_bipolar', 'has_anx_pan', 'has_brain_damage', 'has_epilepsy', 'has_alcol_dx', 'has_amphetamines_dx', 'has_cannabis_dx', 'has_cocaine_dx', 'has_sedatives_dx', 'ftnd', 'XTRT', 'shared', 'rbsivheroin', 'TLFB_Alcohol_Count', 'TLFB_Amphetamine_Count', 'TLFB_Benzodiazepine_Count', 'TLFB_Buprenorphine_Count', 'TLFB_Cocaine_Count', 'TLFB_Heroin_Count', 'TLFB_Methadone_Count', 'TLFB_Opioid_Count', 'TLFB_THC_Count', 'TLFB_Other', 'Homosexual_Behavior', 'Non_monogamous_Relationships']
2024-08-14 12:47:06,596 - INFO - Fitting logistic regression model with the selected features...
2024-08-14 12:47:07,564 - INFO - Model training completed successfully.
2024-08-14 12:47:07,564 - INFO - Calculating the dynamic threshold based on the proportion of positive outcomes...
2024-08-14 12:47:07,564 - INFO - Ratio of 1s to 0s in the outcome variable: 0.47 : 0.53
2024-08-14 12:47:07,565 - INFO - Dynamic threshold set to: 0.472
2024-08-14 12:47:07,565 - INFO - Model trained and saved successfully for subset 3.
2024-08-14 12:47:07,565 - INFO - ---------------------------
2024-08-14 12:47:07,565 - INFO - TRAIN MODEL STAGE COMPLETED FOR SUBSET 3
2024-08-14 12:47:07,565 - INFO - ---------------------------
2024-08-14 12:47:07,565 - INFO - --------------------------------
2024-08-14 12:47:07,565 - INFO - EVALUATE MODEL STAGE STARTING FOR SUBSET 3...
2024-08-14 12:47:07,565 - INFO - --------------------------------
2024-08-14 12:47:07,577 - INFO - ROC AUC Score: 0.5982280431432975
2024-08-14 12:47:07,577 - INFO - Confusion Matrix: 
[[66 66]
 [45 73]]
2024-08-14 12:47:07,577 - INFO - Precision: 0.5251798561151079
2024-08-14 12:47:07,577 - INFO - Recall: 0.6186440677966102
2024-08-14 12:47:07,577 - INFO - Model evaluated successfully for subset 3.
2024-08-14 12:47:07,578 - INFO - ------------------------------
2024-08-14 12:47:07,578 - INFO - EVALUATE MODEL STAGE COMPLETED FOR SUBSET 3
2024-08-14 12:47:07,578 - INFO - ------------------------------
2024-08-14 12:47:07,579 - INFO - Subset 4 demographic makeup: 650 1, 169 3, 116 2, 65 4
2024-08-14 12:47:07,579 - INFO - Processing subset 4...
2024-08-14 12:47:07,579 - INFO - -----------------------------
2024-08-14 12:47:07,579 - INFO - TRAIN MODEL STAGE STARTING FOR SUBSET 4...
2024-08-14 12:47:07,579 - INFO - -----------------------------
2024-08-14 12:47:07,585 - INFO - Scaling features and applying LASSO for feature selection...
2024-08-14 12:47:07,783 - INFO - Selected features (including required): ['who', 'RaceEth', 'age', 'is_female', 'is_hispanic', 'unemployed', 'unstableliving', 'education', 'marital', 'UDS_Amphetamine_Count', 'UDS_Benzodiazepine_Count', 'UDS_Buprenorphine_Count', 'UDS_Cocaine_Count', 'UDS_Methadone_Count', 'UDS_Opioid_Count', 'UDS_Sedatives_Count', 'UDS_Thc_Count', 'pain', 'has_schizophrenia', 'has_major_dep', 'has_bipolar', 'has_anx_pan', 'has_brain_damage', 'has_epilepsy', 'has_alcol_dx', 'has_amphetamines_dx', 'has_cannabis_dx', 'has_cocaine_dx', 'has_sedatives_dx', 'ftnd', 'XTRT', 'shared', 'rbsivheroin', 'TLFB_Alcohol_Count', 'TLFB_Amphetamine_Count', 'TLFB_Benzodiazepine_Count', 'TLFB_Buprenorphine_Count', 'TLFB_Cocaine_Count', 'TLFB_Heroin_Count', 'TLFB_Methadone_Count', 'TLFB_Opioid_Count', 'TLFB_THC_Count', 'TLFB_Other', 'Homosexual_Behavior', 'Non_monogamous_Relationships']
2024-08-14 12:47:07,788 - INFO - Fitting logistic regression model with the selected features...
2024-08-14 12:47:08,501 - INFO - Model training completed successfully.
2024-08-14 12:47:08,502 - INFO - Calculating the dynamic threshold based on the proportion of positive outcomes...
2024-08-14 12:47:08,502 - INFO - Ratio of 1s to 0s in the outcome variable: 0.54 : 0.46
2024-08-14 12:47:08,502 - INFO - Dynamic threshold set to: 0.544
2024-08-14 12:47:08,502 - INFO - Model trained and saved successfully for subset 4.
2024-08-14 12:47:08,502 - INFO - ---------------------------
2024-08-14 12:47:08,502 - INFO - TRAIN MODEL STAGE COMPLETED FOR SUBSET 4
2024-08-14 12:47:08,502 - INFO - ---------------------------
2024-08-14 12:47:08,502 - INFO - --------------------------------
2024-08-14 12:47:08,502 - INFO - EVALUATE MODEL STAGE STARTING FOR SUBSET 4...
2024-08-14 12:47:08,503 - INFO - --------------------------------
2024-08-14 12:47:08,518 - INFO - ROC AUC Score: 0.6651831785345718
2024-08-14 12:47:08,518 - INFO - Confusion Matrix: 
[[75 39]
 [61 75]]
2024-08-14 12:47:08,518 - INFO - Precision: 0.6578947368421053
2024-08-14 12:47:08,518 - INFO - Recall: 0.5514705882352942
2024-08-14 12:47:08,518 - INFO - Model evaluated successfully for subset 4.
2024-08-14 12:47:08,518 - INFO - ------------------------------
2024-08-14 12:47:08,518 - INFO - EVALUATE MODEL STAGE COMPLETED FOR SUBSET 4
2024-08-14 12:47:08,518 - INFO - ------------------------------
2024-08-14 12:47:08,523 - INFO - Subset 5 demographic makeup: 700 1, 147 3, 97 2, 56 4
2024-08-14 12:47:08,523 - INFO - Processing subset 5...
2024-08-14 12:47:08,525 - INFO - -----------------------------
2024-08-14 12:47:08,525 - INFO - TRAIN MODEL STAGE STARTING FOR SUBSET 5...
2024-08-14 12:47:08,525 - INFO - -----------------------------
2024-08-14 12:47:08,536 - INFO - Scaling features and applying LASSO for feature selection...
2024-08-14 12:47:08,803 - INFO - Selected features (including required): ['who', 'RaceEth', 'age', 'is_female', 'is_hispanic', 'unemployed', 'unstableliving', 'education', 'marital', 'UDS_Amphetamine_Count', 'UDS_Benzodiazepine_Count', 'UDS_Buprenorphine_Count', 'UDS_Cocaine_Count', 'UDS_Methadone_Count', 'UDS_Opioid_Count', 'UDS_Sedatives_Count', 'UDS_Thc_Count', 'pain', 'has_schizophrenia', 'has_major_dep', 'has_bipolar', 'has_anx_pan', 'has_brain_damage', 'has_epilepsy', 'has_alcol_dx', 'has_amphetamines_dx', 'has_cannabis_dx', 'has_cocaine_dx', 'has_sedatives_dx', 'ftnd', 'XTRT', 'shared', 'rbsivheroin', 'TLFB_Alcohol_Count', 'TLFB_Amphetamine_Count', 'TLFB_Benzodiazepine_Count', 'TLFB_Buprenorphine_Count', 'TLFB_Cocaine_Count', 'TLFB_Heroin_Count', 'TLFB_Methadone_Count', 'TLFB_Opioid_Count', 'TLFB_THC_Count', 'TLFB_Other', 'Homosexual_Behavior', 'Non_monogamous_Relationships']
2024-08-14 12:47:08,809 - INFO - Fitting logistic regression model with the selected features...
2024-08-14 12:47:09,469 - INFO - Model training completed successfully.
2024-08-14 12:47:09,469 - INFO - Calculating the dynamic threshold based on the proportion of positive outcomes...
2024-08-14 12:47:09,469 - INFO - Ratio of 1s to 0s in the outcome variable: 0.54 : 0.46
2024-08-14 12:47:09,469 - INFO - Dynamic threshold set to: 0.54
2024-08-14 12:47:09,469 - INFO - Model trained and saved successfully for subset 5.
2024-08-14 12:47:09,469 - INFO - ---------------------------
2024-08-14 12:47:09,469 - INFO - TRAIN MODEL STAGE COMPLETED FOR SUBSET 5
2024-08-14 12:47:09,470 - INFO - ---------------------------
2024-08-14 12:47:09,470 - INFO - --------------------------------
2024-08-14 12:47:09,470 - INFO - EVALUATE MODEL STAGE STARTING FOR SUBSET 5...
2024-08-14 12:47:09,470 - INFO - --------------------------------
2024-08-14 12:47:09,485 - INFO - ROC AUC Score: 0.637938808373591
2024-08-14 12:47:09,485 - INFO - Confusion Matrix: 
[[72 43]
 [57 78]]
2024-08-14 12:47:09,486 - INFO - Precision: 0.6446280991735537
2024-08-14 12:47:09,486 - INFO - Recall: 0.5777777777777777
2024-08-14 12:47:09,486 - INFO - Model evaluated successfully for subset 5.
2024-08-14 12:47:09,486 - INFO - ------------------------------
2024-08-14 12:47:09,486 - INFO - EVALUATE MODEL STAGE COMPLETED FOR SUBSET 5
2024-08-14 12:47:09,486 - INFO - ------------------------------
2024-08-14 12:47:09,487 - INFO - Subset 6 demographic makeup: 750 1, 125 3, 79 2, 46 4
2024-08-14 12:47:09,487 - INFO - Processing subset 6...
2024-08-14 12:47:09,487 - INFO - -----------------------------
2024-08-14 12:47:09,487 - INFO - TRAIN MODEL STAGE STARTING FOR SUBSET 6...
2024-08-14 12:47:09,487 - INFO - -----------------------------
2024-08-14 12:47:09,497 - INFO - Scaling features and applying LASSO for feature selection...
2024-08-14 12:47:10,013 - INFO - Selected features (including required): ['who', 'RaceEth', 'age', 'is_female', 'is_hispanic', 'unemployed', 'unstableliving', 'education', 'marital', 'UDS_Amphetamine_Count', 'UDS_Benzodiazepine_Count', 'UDS_Buprenorphine_Count', 'UDS_Cocaine_Count', 'UDS_Methadone_Count', 'UDS_Opioid_Count', 'UDS_Sedatives_Count', 'UDS_Thc_Count', 'pain', 'has_schizophrenia', 'has_major_dep', 'has_bipolar', 'has_anx_pan', 'has_brain_damage', 'has_epilepsy', 'has_alcol_dx', 'has_amphetamines_dx', 'has_cannabis_dx', 'has_cocaine_dx', 'has_sedatives_dx', 'ftnd', 'XTRT', 'shared', 'rbsivheroin', 'TLFB_Alcohol_Count', 'TLFB_Amphetamine_Count', 'TLFB_Benzodiazepine_Count', 'TLFB_Buprenorphine_Count', 'TLFB_Cocaine_Count', 'TLFB_Heroin_Count', 'TLFB_Methadone_Count', 'TLFB_Opioid_Count', 'TLFB_THC_Count', 'TLFB_Other', 'Homosexual_Behavior', 'Non_monogamous_Relationships']
2024-08-14 12:47:10,020 - INFO - Fitting logistic regression model with the selected features...
2024-08-14 12:47:11,668 - INFO - Model training completed successfully.
2024-08-14 12:47:11,668 - INFO - Calculating the dynamic threshold based on the proportion of positive outcomes...
2024-08-14 12:47:11,668 - INFO - Ratio of 1s to 0s in the outcome variable: 0.52 : 0.48
2024-08-14 12:47:11,669 - INFO - Dynamic threshold set to: 0.52
2024-08-14 12:47:11,669 - INFO - Model trained and saved successfully for subset 6.
2024-08-14 12:47:11,669 - INFO - ---------------------------
2024-08-14 12:47:11,669 - INFO - TRAIN MODEL STAGE COMPLETED FOR SUBSET 6
2024-08-14 12:47:11,669 - INFO - ---------------------------
2024-08-14 12:47:11,669 - INFO - --------------------------------
2024-08-14 12:47:11,669 - INFO - EVALUATE MODEL STAGE STARTING FOR SUBSET 6...
2024-08-14 12:47:11,669 - INFO - --------------------------------
2024-08-14 12:47:11,691 - INFO - ROC AUC Score: 0.6243589743589744
2024-08-14 12:47:11,692 - INFO - Confusion Matrix: 
[[66 54]
 [56 74]]
2024-08-14 12:47:11,692 - INFO - Precision: 0.578125
2024-08-14 12:47:11,692 - INFO - Recall: 0.5692307692307692
2024-08-14 12:47:11,692 - INFO - Model evaluated successfully for subset 6.
2024-08-14 12:47:11,692 - INFO - ------------------------------
2024-08-14 12:47:11,692 - INFO - EVALUATE MODEL STAGE COMPLETED FOR SUBSET 6
2024-08-14 12:47:11,692 - INFO - ------------------------------
2024-08-14 12:47:11,693 - INFO - Subset 7 demographic makeup: 800 1, 101 3, 68 2, 31 4
2024-08-14 12:47:11,693 - INFO - Processing subset 7...
2024-08-14 12:47:11,693 - INFO - -----------------------------
2024-08-14 12:47:11,693 - INFO - TRAIN MODEL STAGE STARTING FOR SUBSET 7...
2024-08-14 12:47:11,693 - INFO - -----------------------------
2024-08-14 12:47:11,700 - INFO - Scaling features and applying LASSO for feature selection...
2024-08-14 12:47:13,558 - INFO - Selected features (including required): ['who', 'RaceEth', 'age', 'is_female', 'is_hispanic', 'unemployed', 'unstableliving', 'education', 'marital', 'UDS_Amphetamine_Count', 'UDS_Benzodiazepine_Count', 'UDS_Buprenorphine_Count', 'UDS_Cocaine_Count', 'UDS_Methadone_Count', 'UDS_Opioid_Count', 'UDS_Sedatives_Count', 'UDS_Thc_Count', 'pain', 'has_schizophrenia', 'has_major_dep', 'has_bipolar', 'has_anx_pan', 'has_brain_damage', 'has_epilepsy', 'has_alcol_dx', 'has_amphetamines_dx', 'has_cannabis_dx', 'has_cocaine_dx', 'has_sedatives_dx', 'ftnd', 'XTRT', 'shared', 'rbsivheroin', 'TLFB_Alcohol_Count', 'TLFB_Amphetamine_Count', 'TLFB_Benzodiazepine_Count', 'TLFB_Buprenorphine_Count', 'TLFB_Cocaine_Count', 'TLFB_Heroin_Count', 'TLFB_Methadone_Count', 'TLFB_Opioid_Count', 'TLFB_THC_Count', 'TLFB_Other', 'Homosexual_Behavior', 'Non_monogamous_Relationships']
2024-08-14 12:47:13,565 - INFO - Fitting logistic regression model with the selected features...
2024-08-14 12:47:14,459 - INFO - Model training completed successfully.
2024-08-14 12:47:14,459 - INFO - Calculating the dynamic threshold based on the proportion of positive outcomes...
2024-08-14 12:47:14,459 - INFO - Ratio of 1s to 0s in the outcome variable: 0.55 : 0.45
2024-08-14 12:47:14,459 - INFO - Dynamic threshold set to: 0.552
2024-08-14 12:47:14,459 - INFO - Model trained and saved successfully for subset 7.
2024-08-14 12:47:14,459 - INFO - ---------------------------
2024-08-14 12:47:14,459 - INFO - TRAIN MODEL STAGE COMPLETED FOR SUBSET 7
2024-08-14 12:47:14,459 - INFO - ---------------------------
2024-08-14 12:47:14,460 - INFO - --------------------------------
2024-08-14 12:47:14,460 - INFO - EVALUATE MODEL STAGE STARTING FOR SUBSET 7...
2024-08-14 12:47:14,460 - INFO - --------------------------------
2024-08-14 12:47:14,482 - INFO - ROC AUC Score: 0.6396221532091096
2024-08-14 12:47:14,483 - INFO - Confusion Matrix: 
[[67 45]
 [60 78]]
2024-08-14 12:47:14,483 - INFO - Precision: 0.6341463414634146
2024-08-14 12:47:14,483 - INFO - Recall: 0.5652173913043478
2024-08-14 12:47:14,483 - INFO - Model evaluated successfully for subset 7.
2024-08-14 12:47:14,483 - INFO - ------------------------------
2024-08-14 12:47:14,483 - INFO - EVALUATE MODEL STAGE COMPLETED FOR SUBSET 7
2024-08-14 12:47:14,483 - INFO - ------------------------------
2024-08-14 12:47:14,484 - INFO - Subset 8 demographic makeup: 850 1, 78 3, 49 2, 23 4
2024-08-14 12:47:14,484 - INFO - Processing subset 8...
2024-08-14 12:47:14,484 - INFO - -----------------------------
2024-08-14 12:47:14,484 - INFO - TRAIN MODEL STAGE STARTING FOR SUBSET 8...
2024-08-14 12:47:14,484 - INFO - -----------------------------
2024-08-14 12:47:14,493 - INFO - Scaling features and applying LASSO for feature selection...
2024-08-14 12:47:14,802 - INFO - Selected features (including required): ['who', 'RaceEth', 'age', 'is_female', 'is_hispanic', 'unemployed', 'unstableliving', 'education', 'marital', 'UDS_Amphetamine_Count', 'UDS_Benzodiazepine_Count', 'UDS_Buprenorphine_Count', 'UDS_Cocaine_Count', 'UDS_Methadone_Count', 'UDS_Opioid_Count', 'UDS_Sedatives_Count', 'UDS_Thc_Count', 'pain', 'has_schizophrenia', 'has_major_dep', 'has_bipolar', 'has_anx_pan', 'has_brain_damage', 'has_epilepsy', 'has_alcol_dx', 'has_amphetamines_dx', 'has_cannabis_dx', 'has_cocaine_dx', 'has_sedatives_dx', 'ftnd', 'XTRT', 'shared', 'rbsivheroin', 'TLFB_Alcohol_Count', 'TLFB_Amphetamine_Count', 'TLFB_Benzodiazepine_Count', 'TLFB_Buprenorphine_Count', 'TLFB_Cocaine_Count', 'TLFB_Heroin_Count', 'TLFB_Methadone_Count', 'TLFB_Opioid_Count', 'TLFB_THC_Count', 'TLFB_Other', 'Homosexual_Behavior', 'Non_monogamous_Relationships']
2024-08-14 12:47:14,811 - INFO - Fitting logistic regression model with the selected features...
2024-08-14 12:47:15,575 - INFO - Model training completed successfully.
2024-08-14 12:47:15,576 - INFO - Calculating the dynamic threshold based on the proportion of positive outcomes...
2024-08-14 12:47:15,576 - INFO - Ratio of 1s to 0s in the outcome variable: 0.55 : 0.45
2024-08-14 12:47:15,576 - INFO - Dynamic threshold set to: 0.552
2024-08-14 12:47:15,576 - INFO - Model trained and saved successfully for subset 8.
2024-08-14 12:47:15,576 - INFO - ---------------------------
2024-08-14 12:47:15,576 - INFO - TRAIN MODEL STAGE COMPLETED FOR SUBSET 8
2024-08-14 12:47:15,576 - INFO - ---------------------------
2024-08-14 12:47:15,576 - INFO - --------------------------------
2024-08-14 12:47:15,577 - INFO - EVALUATE MODEL STAGE STARTING FOR SUBSET 8...
2024-08-14 12:47:15,577 - INFO - --------------------------------
2024-08-14 12:47:15,591 - INFO - ROC AUC Score: 0.6484213250517598
2024-08-14 12:47:15,593 - INFO - Confusion Matrix: 
[[71 41]
 [51 87]]
2024-08-14 12:47:15,593 - INFO - Precision: 0.6796875
2024-08-14 12:47:15,593 - INFO - Recall: 0.6304347826086957
2024-08-14 12:47:15,593 - INFO - Model evaluated successfully for subset 8.
2024-08-14 12:47:15,593 - INFO - ------------------------------
2024-08-14 12:47:15,593 - INFO - EVALUATE MODEL STAGE COMPLETED FOR SUBSET 8
2024-08-14 12:47:15,593 - INFO - ------------------------------
2024-08-14 12:47:15,595 - INFO - Subset 9 demographic makeup: 900 1, 55 3, 31 2, 14 4
2024-08-14 12:47:15,595 - INFO - Processing subset 9...
2024-08-14 12:47:15,595 - INFO - -----------------------------
2024-08-14 12:47:15,595 - INFO - TRAIN MODEL STAGE STARTING FOR SUBSET 9...
2024-08-14 12:47:15,595 - INFO - -----------------------------
2024-08-14 12:47:15,601 - INFO - Scaling features and applying LASSO for feature selection...
2024-08-14 12:47:15,909 - INFO - Selected features (including required): ['who', 'RaceEth', 'age', 'is_female', 'is_hispanic', 'unemployed', 'unstableliving', 'education', 'marital', 'UDS_Amphetamine_Count', 'UDS_Benzodiazepine_Count', 'UDS_Buprenorphine_Count', 'UDS_Cocaine_Count', 'UDS_Methadone_Count', 'UDS_Opioid_Count', 'UDS_Sedatives_Count', 'UDS_Thc_Count', 'pain', 'has_schizophrenia', 'has_major_dep', 'has_bipolar', 'has_anx_pan', 'has_brain_damage', 'has_epilepsy', 'has_alcol_dx', 'has_amphetamines_dx', 'has_cannabis_dx', 'has_cocaine_dx', 'has_sedatives_dx', 'ftnd', 'XTRT', 'shared', 'rbsivheroin', 'TLFB_Alcohol_Count', 'TLFB_Amphetamine_Count', 'TLFB_Benzodiazepine_Count', 'TLFB_Buprenorphine_Count', 'TLFB_Cocaine_Count', 'TLFB_Heroin_Count', 'TLFB_Methadone_Count', 'TLFB_Opioid_Count', 'TLFB_THC_Count', 'TLFB_Other', 'Homosexual_Behavior', 'Non_monogamous_Relationships']
2024-08-14 12:47:15,914 - INFO - Fitting logistic regression model with the selected features...
2024-08-14 12:47:16,411 - INFO - Model training completed successfully.
2024-08-14 12:47:16,411 - INFO - Calculating the dynamic threshold based on the proportion of positive outcomes...
2024-08-14 12:47:16,411 - INFO - Ratio of 1s to 0s in the outcome variable: 0.55 : 0.45
2024-08-14 12:47:16,411 - INFO - Dynamic threshold set to: 0.548
2024-08-14 12:47:16,411 - INFO - Model trained and saved successfully for subset 9.
2024-08-14 12:47:16,411 - INFO - ---------------------------
2024-08-14 12:47:16,411 - INFO - TRAIN MODEL STAGE COMPLETED FOR SUBSET 9
2024-08-14 12:47:16,412 - INFO - ---------------------------
2024-08-14 12:47:16,412 - INFO - --------------------------------
2024-08-14 12:47:16,412 - INFO - EVALUATE MODEL STAGE STARTING FOR SUBSET 9...
2024-08-14 12:47:16,412 - INFO - --------------------------------
2024-08-14 12:47:16,426 - INFO - ROC AUC Score: 0.6077772753698082
2024-08-14 12:47:16,426 - INFO - Confusion Matrix: 
[[55 58]
 [59 78]]
2024-08-14 12:47:16,427 - INFO - Precision: 0.5735294117647058
2024-08-14 12:47:16,427 - INFO - Recall: 0.5693430656934306
2024-08-14 12:47:16,427 - INFO - Model evaluated successfully for subset 9.
2024-08-14 12:47:16,427 - INFO - ------------------------------
2024-08-14 12:47:16,427 - INFO - EVALUATE MODEL STAGE COMPLETED FOR SUBSET 9
2024-08-14 12:47:16,427 - INFO - ------------------------------
2024-08-14 12:47:16,482 - INFO - Subset 10 demographic makeup: 950 1, 28 3, 14 2, 8 4
2024-08-14 12:47:16,484 - INFO - Processing subset 10...
2024-08-14 12:47:16,494 - INFO - -----------------------------
2024-08-14 12:47:16,494 - INFO - TRAIN MODEL STAGE STARTING FOR SUBSET 10...
2024-08-14 12:47:16,495 - INFO - -----------------------------
2024-08-14 12:47:16,501 - INFO - Scaling features and applying LASSO for feature selection...
2024-08-14 12:47:16,978 - INFO - Selected features (including required): ['who', 'RaceEth', 'age', 'is_female', 'is_hispanic', 'unemployed', 'unstableliving', 'education', 'marital', 'UDS_Amphetamine_Count', 'UDS_Benzodiazepine_Count', 'UDS_Buprenorphine_Count', 'UDS_Cocaine_Count', 'UDS_Methadone_Count', 'UDS_Opioid_Count', 'UDS_Sedatives_Count', 'UDS_Thc_Count', 'pain', 'has_schizophrenia', 'has_major_dep', 'has_bipolar', 'has_anx_pan', 'has_brain_damage', 'has_epilepsy', 'has_alcol_dx', 'has_amphetamines_dx', 'has_cannabis_dx', 'has_cocaine_dx', 'has_sedatives_dx', 'ftnd', 'XTRT', 'shared', 'rbsivheroin', 'TLFB_Alcohol_Count', 'TLFB_Amphetamine_Count', 'TLFB_Benzodiazepine_Count', 'TLFB_Buprenorphine_Count', 'TLFB_Cocaine_Count', 'TLFB_Heroin_Count', 'TLFB_Methadone_Count', 'TLFB_Opioid_Count', 'TLFB_THC_Count', 'TLFB_Other', 'Homosexual_Behavior', 'Non_monogamous_Relationships']
2024-08-14 12:47:16,985 - INFO - Fitting logistic regression model with the selected features...
2024-08-14 12:47:17,754 - INFO - Model training completed successfully.
2024-08-14 12:47:17,754 - INFO - Calculating the dynamic threshold based on the proportion of positive outcomes...
2024-08-14 12:47:17,755 - INFO - Ratio of 1s to 0s in the outcome variable: 0.59 : 0.41
2024-08-14 12:47:17,755 - INFO - Dynamic threshold set to: 0.592
2024-08-14 12:47:17,755 - INFO - Model trained and saved successfully for subset 10.
2024-08-14 12:47:17,755 - INFO - ---------------------------
2024-08-14 12:47:17,755 - INFO - TRAIN MODEL STAGE COMPLETED FOR SUBSET 10
2024-08-14 12:47:17,755 - INFO - ---------------------------
2024-08-14 12:47:17,755 - INFO - --------------------------------
2024-08-14 12:47:17,755 - INFO - EVALUATE MODEL STAGE STARTING FOR SUBSET 10...
2024-08-14 12:47:17,755 - INFO - --------------------------------
2024-08-14 12:47:17,776 - INFO - ROC AUC Score: 0.6506359300476948
2024-08-14 12:47:17,776 - INFO - Confusion Matrix: 
[[66 36]
 [64 84]]
2024-08-14 12:47:17,776 - INFO - Precision: 0.7
2024-08-14 12:47:17,776 - INFO - Recall: 0.5675675675675675
2024-08-14 12:47:17,776 - INFO - Model evaluated successfully for subset 10.
2024-08-14 12:47:17,776 - INFO - ------------------------------
2024-08-14 12:47:17,777 - INFO - EVALUATE MODEL STAGE COMPLETED FOR SUBSET 10
2024-08-14 12:47:17,777 - INFO - ------------------------------
2024-08-14 12:47:17,777 - INFO - Subset 11 demographic makeup: 1000 1
2024-08-14 12:47:17,777 - INFO - Processing subset 11...
2024-08-14 12:47:17,777 - INFO - -----------------------------
2024-08-14 12:47:17,778 - INFO - TRAIN MODEL STAGE STARTING FOR SUBSET 11...
2024-08-14 12:47:17,778 - INFO - -----------------------------
2024-08-14 12:47:17,783 - INFO - Scaling features and applying LASSO for feature selection...
2024-08-14 12:47:18,690 - INFO - Selected features (including required): ['who', 'age', 'is_female', 'unemployed', 'unstableliving', 'education', 'marital', 'UDS_Amphetamine_Count', 'UDS_Benzodiazepine_Count', 'UDS_Buprenorphine_Count', 'UDS_Cocaine_Count', 'UDS_Methadone_Count', 'UDS_Opioid_Count', 'UDS_Sedatives_Count', 'UDS_Thc_Count', 'pain', 'has_schizophrenia', 'has_major_dep', 'has_bipolar', 'has_anx_pan', 'has_brain_damage', 'has_epilepsy', 'has_alcol_dx', 'has_amphetamines_dx', 'has_cannabis_dx', 'has_cocaine_dx', 'has_sedatives_dx', 'ftnd', 'XTRT', 'shared', 'rbsivheroin', 'TLFB_Alcohol_Count', 'TLFB_Amphetamine_Count', 'TLFB_Benzodiazepine_Count', 'TLFB_Buprenorphine_Count', 'TLFB_Cocaine_Count', 'TLFB_Heroin_Count', 'TLFB_Methadone_Count', 'TLFB_Opioid_Count', 'TLFB_THC_Count', 'TLFB_Other', 'Homosexual_Behavior', 'Non_monogamous_Relationships']
2024-08-14 12:47:18,694 - INFO - Fitting logistic regression model with the selected features...
2024-08-14 12:47:19,448 - INFO - Model training completed successfully.
2024-08-14 12:47:19,449 - INFO - Calculating the dynamic threshold based on the proportion of positive outcomes...
2024-08-14 12:47:19,449 - INFO - Ratio of 1s to 0s in the outcome variable: 0.60 : 0.40
2024-08-14 12:47:19,449 - INFO - Dynamic threshold set to: 0.596
2024-08-14 12:47:19,449 - INFO - Model trained and saved successfully for subset 11.
2024-08-14 12:47:19,449 - INFO - ---------------------------
2024-08-14 12:47:19,449 - INFO - TRAIN MODEL STAGE COMPLETED FOR SUBSET 11
2024-08-14 12:47:19,449 - INFO - ---------------------------
2024-08-14 12:47:19,449 - INFO - --------------------------------
2024-08-14 12:47:19,449 - INFO - EVALUATE MODEL STAGE STARTING FOR SUBSET 11...
2024-08-14 12:47:19,450 - INFO - --------------------------------
2024-08-14 12:47:19,460 - INFO - ROC AUC Score: 0.6474184331184796
2024-08-14 12:47:19,461 - INFO - Confusion Matrix: 
[[73 28]
 [78 71]]
2024-08-14 12:47:19,461 - INFO - Precision: 0.7171717171717171
2024-08-14 12:47:19,461 - INFO - Recall: 0.47651006711409394
2024-08-14 12:47:19,461 - INFO - Model evaluated successfully for subset 11.
2024-08-14 12:47:19,461 - INFO - ------------------------------
2024-08-14 12:47:19,461 - INFO - EVALUATE MODEL STAGE COMPLETED FOR SUBSET 11
2024-08-14 12:47:19,461 - INFO - ------------------------------
2024-08-14 12:47:19,461 - INFO - ------------------
2024-08-14 12:47:19,461 - INFO - PIPELINE COMPLETED
2024-08-14 12:47:19,461 - INFO - ------------------
