2024-08-14 13:55:03,661 - INFO - Global Seed set to: 2
2024-08-14 13:55:03,661 - INFO - Outcome Name: Rs_krupitsky_2004
2024-08-14 13:55:03,758 - INFO - Datasets loaded successfully.
2024-08-14 13:55:03,787 - INFO - Starting preprocessing of the merged dataset...
2024-08-14 13:55:03,789 - INFO - ---------------------------------
2024-08-14 13:55:03,790 - INFO - PRE-PROCESSING STAGE STARTING...
2024-08-14 13:55:03,791 - INFO - ---------------------------------
2024-08-14 13:55:03,934 - INFO - Dropped initial columns: ['pain_when', 'is_smoker', 'per_day', 'max', 'amount', 'depression', 'anxiety', 'schizophrenia', 'max', 'amount', 'cocaine_inject_days', 'speedball_inject_days', 'opioid_inject_days', 'speed_inject_days', 'UDS_Alcohol_Count', 'UDS_Mdma/Hallucinogen_Count']
2024-08-14 13:55:03,979 - INFO - Converted Yes/No to binary.
2024-08-14 13:55:03,988 - INFO - Processed TLFB columns with specified columns: ['TLFB_Alcohol_Count', 'TLFB_Amphetamine_Count', 'TLFB_Cocaine_Count', 'TLFB_Heroin_Count', 'TLFB_Benzodiazepine_Count', 'TLFB_Opioid_Count', 'TLFB_THC_Count', 'TLFB_Methadone_Count', 'TLFB_Buprenorphine_Count']
2024-08-14 13:55:03,991 - INFO - Calculated behavioral columns.
2024-08-14 13:55:04,000 - INFO - Moved 'Rs_krupitsky_2004' column to the end.
2024-08-14 13:55:04,114 - INFO - Dropped initial columns: ['msm_npt', 'msm_frq', 'txx_prt']
2024-08-14 13:55:04,129 - INFO - transform_data_with_nan_handling success
2024-08-14 13:55:04,130 - INFO - Renamed columns according to the mapping.
2024-08-14 13:55:04,154 - INFO - Transformed NaN to 0 for binary columns.
2024-08-14 13:55:04,155 - INFO - Transformed and renamed 'heroin_inject_days' column to 'rbsivheroin'.
2024-08-14 13:55:04,157 - INFO - Filled NaN with 0 for 'ftnd' column.
2024-08-14 13:55:04,559 - INFO - Dropped additional columns: ['rbs_iv_days', 'race', 'RBS_cocaine_Days', 'RBS_heroin_Days', 'RBS_opioid_Days', 'RBS_speed_Days', 'RBS_speedball_Days']
2024-08-14 13:55:04,707 - INFO - Converted UDS drug counts to binary.
2024-08-14 13:55:04,875 - INFO - ------------------------------
2024-08-14 13:55:04,876 - INFO - PRE-PROCESSING STAGE COMPLETED
2024-08-14 13:55:04,876 - INFO - ------------------------------
2024-08-14 13:55:04,877 - INFO - Merged dataset preprocessed successfully.
2024-08-14 13:55:04,877 - INFO - Creating demographic subsets from preprocessed data...
2024-08-14 13:55:25,422 - INFO - Created 11 subsets successfully.
2024-08-14 13:55:25,422 - INFO - Creating merged subsets from create_demographics_dfs function
2024-08-14 13:55:25,791 - INFO - Created 11 merged subsets successfully.
2024-08-14 13:55:25,793 - INFO - Subset 1 demographic makeup: 500 1, 242 3, 158 2, 100 4
2024-08-14 13:55:25,793 - INFO - Processing subset 1...
2024-08-14 13:55:25,793 - INFO - -----------------------------
2024-08-14 13:55:25,876 - INFO - TRAIN MODEL STAGE STARTING FOR SUBSET 1...
2024-08-14 13:55:25,877 - INFO - -----------------------------
2024-08-14 13:55:25,888 - INFO - Scaling features and applying LASSO for feature selection...
2024-08-14 13:55:26,452 - INFO - Selected features (including required): ['who', 'RaceEth', 'age', 'is_female', 'is_hispanic', 'unemployed', 'unstableliving', 'education', 'marital', 'UDS_Amphetamine_Count', 'UDS_Benzodiazepine_Count', 'UDS_Buprenorphine_Count', 'UDS_Cocaine_Count', 'UDS_Methadone_Count', 'UDS_Opioid_Count', 'UDS_Sedatives_Count', 'UDS_Thc_Count', 'pain', 'has_schizophrenia', 'has_major_dep', 'has_bipolar', 'has_anx_pan', 'has_brain_damage', 'has_epilepsy', 'has_alcol_dx', 'has_amphetamines_dx', 'has_cannabis_dx', 'has_cocaine_dx', 'has_sedatives_dx', 'ftnd', 'XTRT', 'shared', 'rbsivheroin', 'TLFB_Alcohol_Count', 'TLFB_Amphetamine_Count', 'TLFB_Benzodiazepine_Count', 'TLFB_Buprenorphine_Count', 'TLFB_Cocaine_Count', 'TLFB_Heroin_Count', 'TLFB_Methadone_Count', 'TLFB_Opioid_Count', 'TLFB_THC_Count', 'TLFB_Other', 'Homosexual_Behavior', 'Non_monogamous_Relationships']
2024-08-14 13:55:26,526 - INFO - Fitting logistic regression model with the selected features...
2024-08-14 13:55:28,756 - INFO - Model training completed successfully.
2024-08-14 13:55:28,756 - INFO - Calculating the dynamic threshold based on the proportion of positive outcomes...
2024-08-14 13:55:28,757 - INFO - Ratio of 1s to 0s in the outcome variable: 0.80 : 0.20
2024-08-14 13:55:28,757 - INFO - Dynamic threshold set to: 0.796
2024-08-14 13:55:28,757 - INFO - Model trained and saved successfully for subset 1.
2024-08-14 13:55:28,758 - INFO - ---------------------------
2024-08-14 13:55:28,759 - INFO - TRAIN MODEL STAGE COMPLETED FOR SUBSET 1
2024-08-14 13:55:28,761 - INFO - ---------------------------
2024-08-14 13:55:28,762 - INFO - --------------------------------
2024-08-14 13:55:28,762 - INFO - EVALUATE MODEL STAGE STARTING FOR SUBSET 1...
2024-08-14 13:55:28,762 - INFO - --------------------------------
2024-08-14 13:55:28,803 - INFO - ROC AUC Score: 0.6816435116760272
2024-08-14 13:55:28,803 - INFO - Confusion Matrix: 
[[ 25  26]
 [ 53 146]]
2024-08-14 13:55:28,804 - INFO - Precision: 0.8488372093023255
2024-08-14 13:55:28,804 - INFO - Recall: 0.7336683417085427
2024-08-14 13:55:28,805 - INFO - Model evaluated successfully for subset 1.
2024-08-14 13:55:28,805 - INFO - ------------------------------
2024-08-14 13:55:28,806 - INFO - EVALUATE MODEL STAGE COMPLETED FOR SUBSET 1
2024-08-14 13:55:28,806 - INFO - ------------------------------
2024-08-14 13:55:28,812 - INFO - Subset 2 demographic makeup: 550 1, 213 3, 147 2, 90 4
2024-08-14 13:55:28,812 - INFO - Processing subset 2...
2024-08-14 13:55:28,813 - INFO - -----------------------------
2024-08-14 13:55:28,813 - INFO - TRAIN MODEL STAGE STARTING FOR SUBSET 2...
2024-08-14 13:55:28,813 - INFO - -----------------------------
2024-08-14 13:55:28,825 - INFO - Scaling features and applying LASSO for feature selection...
2024-08-14 13:55:29,566 - INFO - Selected features (including required): ['who', 'RaceEth', 'age', 'is_female', 'is_hispanic', 'unemployed', 'unstableliving', 'education', 'marital', 'UDS_Amphetamine_Count', 'UDS_Benzodiazepine_Count', 'UDS_Buprenorphine_Count', 'UDS_Cocaine_Count', 'UDS_Methadone_Count', 'UDS_Opioid_Count', 'UDS_Sedatives_Count', 'UDS_Thc_Count', 'pain', 'has_schizophrenia', 'has_major_dep', 'has_bipolar', 'has_anx_pan', 'has_brain_damage', 'has_epilepsy', 'has_alcol_dx', 'has_amphetamines_dx', 'has_cannabis_dx', 'has_cocaine_dx', 'has_sedatives_dx', 'ftnd', 'XTRT', 'shared', 'rbsivheroin', 'TLFB_Alcohol_Count', 'TLFB_Amphetamine_Count', 'TLFB_Benzodiazepine_Count', 'TLFB_Buprenorphine_Count', 'TLFB_Cocaine_Count', 'TLFB_Heroin_Count', 'TLFB_Methadone_Count', 'TLFB_Opioid_Count', 'TLFB_THC_Count', 'TLFB_Other', 'Homosexual_Behavior', 'Non_monogamous_Relationships']
2024-08-14 13:55:29,574 - INFO - Fitting logistic regression model with the selected features...
2024-08-14 13:55:31,373 - INFO - Model training completed successfully.
2024-08-14 13:55:31,373 - INFO - Calculating the dynamic threshold based on the proportion of positive outcomes...
2024-08-14 13:55:31,373 - INFO - Ratio of 1s to 0s in the outcome variable: 0.83 : 0.17
2024-08-14 13:55:31,373 - INFO - Dynamic threshold set to: 0.828
2024-08-14 13:55:31,373 - INFO - Model trained and saved successfully for subset 2.
2024-08-14 13:55:31,373 - INFO - ---------------------------
2024-08-14 13:55:31,373 - INFO - TRAIN MODEL STAGE COMPLETED FOR SUBSET 2
2024-08-14 13:55:31,374 - INFO - ---------------------------
2024-08-14 13:55:31,374 - INFO - --------------------------------
2024-08-14 13:55:31,374 - INFO - EVALUATE MODEL STAGE STARTING FOR SUBSET 2...
2024-08-14 13:55:31,374 - INFO - --------------------------------
2024-08-14 13:55:31,386 - INFO - ROC AUC Score: 0.680934726435232
2024-08-14 13:55:31,386 - INFO - Confusion Matrix: 
[[ 25  18]
 [ 89 118]]
2024-08-14 13:55:31,386 - INFO - Precision: 0.8676470588235294
2024-08-14 13:55:31,387 - INFO - Recall: 0.5700483091787439
2024-08-14 13:55:31,387 - INFO - Model evaluated successfully for subset 2.
2024-08-14 13:55:31,387 - INFO - ------------------------------
2024-08-14 13:55:31,387 - INFO - EVALUATE MODEL STAGE COMPLETED FOR SUBSET 2
2024-08-14 13:55:31,387 - INFO - ------------------------------
2024-08-14 13:55:31,388 - INFO - Subset 3 demographic makeup: 600 1, 188 3, 136 2, 76 4
2024-08-14 13:55:31,388 - INFO - Processing subset 3...
2024-08-14 13:55:31,388 - INFO - -----------------------------
2024-08-14 13:55:31,388 - INFO - TRAIN MODEL STAGE STARTING FOR SUBSET 3...
2024-08-14 13:55:31,388 - INFO - -----------------------------
2024-08-14 13:55:31,395 - INFO - Scaling features and applying LASSO for feature selection...
2024-08-14 13:55:31,969 - INFO - Selected features (including required): ['who', 'RaceEth', 'age', 'is_female', 'is_hispanic', 'unemployed', 'unstableliving', 'education', 'marital', 'UDS_Amphetamine_Count', 'UDS_Benzodiazepine_Count', 'UDS_Buprenorphine_Count', 'UDS_Cocaine_Count', 'UDS_Methadone_Count', 'UDS_Opioid_Count', 'UDS_Sedatives_Count', 'UDS_Thc_Count', 'pain', 'has_schizophrenia', 'has_major_dep', 'has_bipolar', 'has_anx_pan', 'has_brain_damage', 'has_epilepsy', 'has_alcol_dx', 'has_amphetamines_dx', 'has_cannabis_dx', 'has_cocaine_dx', 'has_sedatives_dx', 'ftnd', 'XTRT', 'shared', 'rbsivheroin', 'TLFB_Alcohol_Count', 'TLFB_Amphetamine_Count', 'TLFB_Benzodiazepine_Count', 'TLFB_Buprenorphine_Count', 'TLFB_Cocaine_Count', 'TLFB_Heroin_Count', 'TLFB_Methadone_Count', 'TLFB_Opioid_Count', 'TLFB_THC_Count', 'TLFB_Other', 'Homosexual_Behavior', 'Non_monogamous_Relationships']
2024-08-14 13:55:31,978 - INFO - Fitting logistic regression model with the selected features...
2024-08-14 13:55:33,477 - INFO - Model training completed successfully.
2024-08-14 13:55:33,482 - INFO - Calculating the dynamic threshold based on the proportion of positive outcomes...
2024-08-14 13:55:33,482 - INFO - Ratio of 1s to 0s in the outcome variable: 0.87 : 0.13
2024-08-14 13:55:33,483 - INFO - Dynamic threshold set to: 0.868
2024-08-14 13:55:33,483 - INFO - Model trained and saved successfully for subset 3.
2024-08-14 13:55:33,483 - INFO - ---------------------------
2024-08-14 13:55:33,483 - INFO - TRAIN MODEL STAGE COMPLETED FOR SUBSET 3
2024-08-14 13:55:33,483 - INFO - ---------------------------
2024-08-14 13:55:33,483 - INFO - --------------------------------
2024-08-14 13:55:33,483 - INFO - EVALUATE MODEL STAGE STARTING FOR SUBSET 3...
2024-08-14 13:55:33,483 - INFO - --------------------------------
2024-08-14 13:55:33,498 - INFO - ROC AUC Score: 0.6522832006702974
2024-08-14 13:55:33,498 - INFO - Confusion Matrix: 
[[ 29   4]
 [135  82]]
2024-08-14 13:55:33,498 - INFO - Precision: 0.9534883720930233
2024-08-14 13:55:33,498 - INFO - Recall: 0.3778801843317972
2024-08-14 13:55:33,498 - INFO - Model evaluated successfully for subset 3.
2024-08-14 13:55:33,499 - INFO - ------------------------------
2024-08-14 13:55:33,499 - INFO - EVALUATE MODEL STAGE COMPLETED FOR SUBSET 3
2024-08-14 13:55:33,499 - INFO - ------------------------------
2024-08-14 13:55:33,500 - INFO - Subset 4 demographic makeup: 650 1, 164 3, 120 2, 66 4
2024-08-14 13:55:33,500 - INFO - Processing subset 4...
2024-08-14 13:55:33,500 - INFO - -----------------------------
2024-08-14 13:55:33,500 - INFO - TRAIN MODEL STAGE STARTING FOR SUBSET 4...
2024-08-14 13:55:33,500 - INFO - -----------------------------
2024-08-14 13:55:33,507 - INFO - Scaling features and applying LASSO for feature selection...
2024-08-14 13:55:35,235 - INFO - Selected features (including required): ['who', 'RaceEth', 'age', 'is_female', 'is_hispanic', 'unemployed', 'unstableliving', 'education', 'marital', 'UDS_Amphetamine_Count', 'UDS_Benzodiazepine_Count', 'UDS_Buprenorphine_Count', 'UDS_Cocaine_Count', 'UDS_Methadone_Count', 'UDS_Opioid_Count', 'UDS_Sedatives_Count', 'UDS_Thc_Count', 'pain', 'has_schizophrenia', 'has_major_dep', 'has_bipolar', 'has_anx_pan', 'has_brain_damage', 'has_epilepsy', 'has_alcol_dx', 'has_amphetamines_dx', 'has_cannabis_dx', 'has_cocaine_dx', 'has_sedatives_dx', 'ftnd', 'XTRT', 'shared', 'rbsivheroin', 'TLFB_Alcohol_Count', 'TLFB_Amphetamine_Count', 'TLFB_Benzodiazepine_Count', 'TLFB_Buprenorphine_Count', 'TLFB_Cocaine_Count', 'TLFB_Heroin_Count', 'TLFB_Methadone_Count', 'TLFB_Opioid_Count', 'TLFB_THC_Count', 'TLFB_Other', 'Homosexual_Behavior', 'Non_monogamous_Relationships']
2024-08-14 13:55:35,243 - INFO - Fitting logistic regression model with the selected features...
2024-08-14 13:55:35,961 - INFO - Model training completed successfully.
2024-08-14 13:55:35,961 - INFO - Calculating the dynamic threshold based on the proportion of positive outcomes...
2024-08-14 13:55:35,961 - INFO - Ratio of 1s to 0s in the outcome variable: 0.82 : 0.18
2024-08-14 13:55:35,962 - INFO - Dynamic threshold set to: 0.82
2024-08-14 13:55:35,962 - INFO - Model trained and saved successfully for subset 4.
2024-08-14 13:55:35,962 - INFO - ---------------------------
2024-08-14 13:55:35,962 - INFO - TRAIN MODEL STAGE COMPLETED FOR SUBSET 4
2024-08-14 13:55:35,962 - INFO - ---------------------------
2024-08-14 13:55:35,962 - INFO - --------------------------------
2024-08-14 13:55:35,962 - INFO - EVALUATE MODEL STAGE STARTING FOR SUBSET 4...
2024-08-14 13:55:35,962 - INFO - --------------------------------
2024-08-14 13:55:35,975 - INFO - ROC AUC Score: 0.7204336043360433
2024-08-14 13:55:35,975 - INFO - Confusion Matrix: 
[[ 27  18]
 [ 51 154]]
2024-08-14 13:55:35,975 - INFO - Precision: 0.8953488372093024
2024-08-14 13:55:35,976 - INFO - Recall: 0.751219512195122
2024-08-14 13:55:35,977 - INFO - Model evaluated successfully for subset 4.
2024-08-14 13:55:35,977 - INFO - ------------------------------
2024-08-14 13:55:35,977 - INFO - EVALUATE MODEL STAGE COMPLETED FOR SUBSET 4
2024-08-14 13:55:35,977 - INFO - ------------------------------
2024-08-14 13:55:35,984 - INFO - Subset 5 demographic makeup: 700 1, 142 3, 104 2, 54 4
2024-08-14 13:55:35,986 - INFO - Processing subset 5...
2024-08-14 13:55:35,986 - INFO - -----------------------------
2024-08-14 13:55:35,986 - INFO - TRAIN MODEL STAGE STARTING FOR SUBSET 5...
2024-08-14 13:55:35,986 - INFO - -----------------------------
2024-08-14 13:55:36,000 - INFO - Scaling features and applying LASSO for feature selection...
2024-08-14 13:55:38,024 - INFO - Selected features (including required): ['who', 'RaceEth', 'age', 'is_female', 'is_hispanic', 'unemployed', 'unstableliving', 'education', 'marital', 'UDS_Amphetamine_Count', 'UDS_Benzodiazepine_Count', 'UDS_Buprenorphine_Count', 'UDS_Cocaine_Count', 'UDS_Methadone_Count', 'UDS_Opioid_Count', 'UDS_Sedatives_Count', 'UDS_Thc_Count', 'pain', 'has_schizophrenia', 'has_major_dep', 'has_bipolar', 'has_anx_pan', 'has_brain_damage', 'has_epilepsy', 'has_alcol_dx', 'has_amphetamines_dx', 'has_cannabis_dx', 'has_cocaine_dx', 'has_sedatives_dx', 'ftnd', 'XTRT', 'shared', 'rbsivheroin', 'TLFB_Alcohol_Count', 'TLFB_Amphetamine_Count', 'TLFB_Benzodiazepine_Count', 'TLFB_Buprenorphine_Count', 'TLFB_Cocaine_Count', 'TLFB_Heroin_Count', 'TLFB_Methadone_Count', 'TLFB_Opioid_Count', 'TLFB_THC_Count', 'TLFB_Other', 'Homosexual_Behavior', 'Non_monogamous_Relationships']
2024-08-14 13:55:38,029 - INFO - Fitting logistic regression model with the selected features...
2024-08-14 13:55:38,756 - INFO - Model training completed successfully.
2024-08-14 13:55:38,757 - INFO - Calculating the dynamic threshold based on the proportion of positive outcomes...
2024-08-14 13:55:38,757 - INFO - Ratio of 1s to 0s in the outcome variable: 0.88 : 0.12
2024-08-14 13:55:38,757 - INFO - Dynamic threshold set to: 0.876
2024-08-14 13:55:38,757 - INFO - Model trained and saved successfully for subset 5.
2024-08-14 13:55:38,757 - INFO - ---------------------------
2024-08-14 13:55:38,757 - INFO - TRAIN MODEL STAGE COMPLETED FOR SUBSET 5
2024-08-14 13:55:38,757 - INFO - ---------------------------
2024-08-14 13:55:38,757 - INFO - --------------------------------
2024-08-14 13:55:38,757 - INFO - EVALUATE MODEL STAGE STARTING FOR SUBSET 5...
2024-08-14 13:55:38,758 - INFO - --------------------------------
2024-08-14 13:55:38,776 - INFO - ROC AUC Score: 0.6254234791574607
2024-08-14 13:55:38,777 - INFO - Confusion Matrix: 
[[ 23   8]
 [105 114]]
2024-08-14 13:55:38,777 - INFO - Precision: 0.9344262295081968
2024-08-14 13:55:38,777 - INFO - Recall: 0.5205479452054794
2024-08-14 13:55:38,777 - INFO - Model evaluated successfully for subset 5.
2024-08-14 13:55:38,777 - INFO - ------------------------------
2024-08-14 13:55:38,777 - INFO - EVALUATE MODEL STAGE COMPLETED FOR SUBSET 5
2024-08-14 13:55:38,777 - INFO - ------------------------------
2024-08-14 13:55:38,778 - INFO - Subset 6 demographic makeup: 750 1, 114 3, 88 2, 48 4
2024-08-14 13:55:38,779 - INFO - Processing subset 6...
2024-08-14 13:55:38,779 - INFO - -----------------------------
2024-08-14 13:55:38,779 - INFO - TRAIN MODEL STAGE STARTING FOR SUBSET 6...
2024-08-14 13:55:38,779 - INFO - -----------------------------
2024-08-14 13:55:38,791 - INFO - Scaling features and applying LASSO for feature selection...
2024-08-14 13:55:39,640 - INFO - Selected features (including required): ['who', 'RaceEth', 'age', 'is_female', 'is_hispanic', 'unemployed', 'unstableliving', 'education', 'marital', 'UDS_Amphetamine_Count', 'UDS_Benzodiazepine_Count', 'UDS_Buprenorphine_Count', 'UDS_Cocaine_Count', 'UDS_Methadone_Count', 'UDS_Opioid_Count', 'UDS_Sedatives_Count', 'UDS_Thc_Count', 'pain', 'has_schizophrenia', 'has_major_dep', 'has_bipolar', 'has_anx_pan', 'has_brain_damage', 'has_epilepsy', 'has_alcol_dx', 'has_amphetamines_dx', 'has_cannabis_dx', 'has_cocaine_dx', 'has_sedatives_dx', 'ftnd', 'XTRT', 'shared', 'rbsivheroin', 'TLFB_Alcohol_Count', 'TLFB_Amphetamine_Count', 'TLFB_Benzodiazepine_Count', 'TLFB_Buprenorphine_Count', 'TLFB_Cocaine_Count', 'TLFB_Heroin_Count', 'TLFB_Methadone_Count', 'TLFB_Opioid_Count', 'TLFB_THC_Count', 'TLFB_Other', 'Homosexual_Behavior', 'Non_monogamous_Relationships']
2024-08-14 13:55:39,645 - INFO - Fitting logistic regression model with the selected features...
2024-08-14 13:55:40,603 - INFO - Model training completed successfully.
2024-08-14 13:55:40,604 - INFO - Calculating the dynamic threshold based on the proportion of positive outcomes...
2024-08-14 13:55:40,604 - INFO - Ratio of 1s to 0s in the outcome variable: 0.83 : 0.17
2024-08-14 13:55:40,604 - INFO - Dynamic threshold set to: 0.832
2024-08-14 13:55:40,604 - INFO - Model trained and saved successfully for subset 6.
2024-08-14 13:55:40,604 - INFO - ---------------------------
2024-08-14 13:55:40,605 - INFO - TRAIN MODEL STAGE COMPLETED FOR SUBSET 6
2024-08-14 13:55:40,605 - INFO - ---------------------------
2024-08-14 13:55:40,605 - INFO - --------------------------------
2024-08-14 13:55:40,605 - INFO - EVALUATE MODEL STAGE STARTING FOR SUBSET 6...
2024-08-14 13:55:40,605 - INFO - --------------------------------
2024-08-14 13:55:40,623 - INFO - ROC AUC Score: 0.5918040293040293
2024-08-14 13:55:40,625 - INFO - Confusion Matrix: 
[[ 19  23]
 [ 70 138]]
2024-08-14 13:55:40,625 - INFO - Precision: 0.8571428571428571
2024-08-14 13:55:40,625 - INFO - Recall: 0.6634615384615384
2024-08-14 13:55:40,625 - INFO - Model evaluated successfully for subset 6.
2024-08-14 13:55:40,625 - INFO - ------------------------------
2024-08-14 13:55:40,625 - INFO - EVALUATE MODEL STAGE COMPLETED FOR SUBSET 6
2024-08-14 13:55:40,625 - INFO - ------------------------------
2024-08-14 13:55:40,626 - INFO - Subset 7 demographic makeup: 800 1, 87 3, 71 2, 42 4
2024-08-14 13:55:40,626 - INFO - Processing subset 7...
2024-08-14 13:55:40,626 - INFO - -----------------------------
2024-08-14 13:55:40,626 - INFO - TRAIN MODEL STAGE STARTING FOR SUBSET 7...
2024-08-14 13:55:40,626 - INFO - -----------------------------
2024-08-14 13:55:40,633 - INFO - Scaling features and applying LASSO for feature selection...
2024-08-14 13:55:44,945 - INFO - Selected features (including required): ['who', 'RaceEth', 'age', 'is_female', 'is_hispanic', 'unemployed', 'unstableliving', 'education', 'marital', 'UDS_Amphetamine_Count', 'UDS_Benzodiazepine_Count', 'UDS_Buprenorphine_Count', 'UDS_Cocaine_Count', 'UDS_Methadone_Count', 'UDS_Opioid_Count', 'UDS_Sedatives_Count', 'UDS_Thc_Count', 'pain', 'has_schizophrenia', 'has_major_dep', 'has_bipolar', 'has_anx_pan', 'has_brain_damage', 'has_epilepsy', 'has_alcol_dx', 'has_amphetamines_dx', 'has_cannabis_dx', 'has_cocaine_dx', 'has_sedatives_dx', 'ftnd', 'XTRT', 'shared', 'rbsivheroin', 'TLFB_Alcohol_Count', 'TLFB_Amphetamine_Count', 'TLFB_Benzodiazepine_Count', 'TLFB_Buprenorphine_Count', 'TLFB_Cocaine_Count', 'TLFB_Heroin_Count', 'TLFB_Methadone_Count', 'TLFB_Opioid_Count', 'TLFB_THC_Count', 'TLFB_Other', 'Homosexual_Behavior', 'Non_monogamous_Relationships']
2024-08-14 13:55:44,951 - INFO - Fitting logistic regression model with the selected features...
2024-08-14 13:55:47,632 - INFO - Model training completed successfully.
2024-08-14 13:55:47,632 - INFO - Calculating the dynamic threshold based on the proportion of positive outcomes...
2024-08-14 13:55:47,633 - INFO - Ratio of 1s to 0s in the outcome variable: 0.85 : 0.15
2024-08-14 13:55:47,633 - INFO - Dynamic threshold set to: 0.848
2024-08-14 13:55:47,633 - INFO - Model trained and saved successfully for subset 7.
2024-08-14 13:55:47,634 - INFO - ---------------------------
2024-08-14 13:55:47,635 - INFO - TRAIN MODEL STAGE COMPLETED FOR SUBSET 7
2024-08-14 13:55:47,635 - INFO - ---------------------------
2024-08-14 13:55:47,636 - INFO - --------------------------------
2024-08-14 13:55:47,637 - INFO - EVALUATE MODEL STAGE STARTING FOR SUBSET 7...
2024-08-14 13:55:47,640 - INFO - --------------------------------
2024-08-14 13:55:47,666 - INFO - ROC AUC Score: 0.6315789473684211
2024-08-14 13:55:47,666 - INFO - Confusion Matrix: 
[[ 21  17]
 [ 82 130]]
2024-08-14 13:55:47,667 - INFO - Precision: 0.8843537414965986
2024-08-14 13:55:47,670 - INFO - Recall: 0.6132075471698113
2024-08-14 13:55:47,673 - INFO - Model evaluated successfully for subset 7.
2024-08-14 13:55:47,673 - INFO - ------------------------------
2024-08-14 13:55:47,675 - INFO - EVALUATE MODEL STAGE COMPLETED FOR SUBSET 7
2024-08-14 13:55:47,675 - INFO - ------------------------------
2024-08-14 13:55:47,676 - INFO - Subset 8 demographic makeup: 850 1, 66 3, 53 2, 31 4
2024-08-14 13:55:47,677 - INFO - Processing subset 8...
2024-08-14 13:55:47,678 - INFO - -----------------------------
2024-08-14 13:55:47,678 - INFO - TRAIN MODEL STAGE STARTING FOR SUBSET 8...
2024-08-14 13:55:47,679 - INFO - -----------------------------
2024-08-14 13:55:47,703 - INFO - Scaling features and applying LASSO for feature selection...
2024-08-14 13:55:50,987 - INFO - Selected features (including required): ['who', 'RaceEth', 'age', 'is_female', 'is_hispanic', 'unemployed', 'unstableliving', 'education', 'marital', 'UDS_Amphetamine_Count', 'UDS_Benzodiazepine_Count', 'UDS_Buprenorphine_Count', 'UDS_Cocaine_Count', 'UDS_Methadone_Count', 'UDS_Opioid_Count', 'UDS_Sedatives_Count', 'UDS_Thc_Count', 'pain', 'has_schizophrenia', 'has_major_dep', 'has_bipolar', 'has_anx_pan', 'has_brain_damage', 'has_epilepsy', 'has_alcol_dx', 'has_amphetamines_dx', 'has_cannabis_dx', 'has_cocaine_dx', 'has_sedatives_dx', 'ftnd', 'XTRT', 'shared', 'rbsivheroin', 'TLFB_Alcohol_Count', 'TLFB_Amphetamine_Count', 'TLFB_Benzodiazepine_Count', 'TLFB_Buprenorphine_Count', 'TLFB_Cocaine_Count', 'TLFB_Heroin_Count', 'TLFB_Methadone_Count', 'TLFB_Opioid_Count', 'TLFB_THC_Count', 'TLFB_Other', 'Homosexual_Behavior', 'Non_monogamous_Relationships']
2024-08-14 13:55:50,992 - INFO - Fitting logistic regression model with the selected features...
2024-08-14 13:55:52,912 - INFO - Model training completed successfully.
2024-08-14 13:55:52,912 - INFO - Calculating the dynamic threshold based on the proportion of positive outcomes...
2024-08-14 13:55:52,912 - INFO - Ratio of 1s to 0s in the outcome variable: 0.82 : 0.18
2024-08-14 13:55:52,912 - INFO - Dynamic threshold set to: 0.824
2024-08-14 13:55:52,912 - INFO - Model trained and saved successfully for subset 8.
2024-08-14 13:55:52,912 - INFO - ---------------------------
2024-08-14 13:55:52,912 - INFO - TRAIN MODEL STAGE COMPLETED FOR SUBSET 8
2024-08-14 13:55:52,913 - INFO - ---------------------------
2024-08-14 13:55:52,913 - INFO - --------------------------------
2024-08-14 13:55:52,913 - INFO - EVALUATE MODEL STAGE STARTING FOR SUBSET 8...
2024-08-14 13:55:52,913 - INFO - --------------------------------
2024-08-14 13:55:52,926 - INFO - ROC AUC Score: 0.6946160635481025
2024-08-14 13:55:52,927 - INFO - Confusion Matrix: 
[[ 25  19]
 [ 71 135]]
2024-08-14 13:55:52,927 - INFO - Precision: 0.8766233766233766
2024-08-14 13:55:52,927 - INFO - Recall: 0.6553398058252428
2024-08-14 13:55:52,927 - INFO - Model evaluated successfully for subset 8.
2024-08-14 13:55:52,927 - INFO - ------------------------------
2024-08-14 13:55:52,927 - INFO - EVALUATE MODEL STAGE COMPLETED FOR SUBSET 8
2024-08-14 13:55:52,927 - INFO - ------------------------------
2024-08-14 13:55:52,928 - INFO - Subset 9 demographic makeup: 900 1, 45 3, 34 2, 21 4
2024-08-14 13:55:52,928 - INFO - Processing subset 9...
2024-08-14 13:55:52,928 - INFO - -----------------------------
2024-08-14 13:55:52,928 - INFO - TRAIN MODEL STAGE STARTING FOR SUBSET 9...
2024-08-14 13:55:52,929 - INFO - -----------------------------
2024-08-14 13:55:52,940 - INFO - Scaling features and applying LASSO for feature selection...
2024-08-14 13:55:55,686 - INFO - Selected features (including required): ['who', 'RaceEth', 'age', 'is_female', 'is_hispanic', 'unemployed', 'unstableliving', 'education', 'marital', 'UDS_Amphetamine_Count', 'UDS_Benzodiazepine_Count', 'UDS_Buprenorphine_Count', 'UDS_Cocaine_Count', 'UDS_Methadone_Count', 'UDS_Opioid_Count', 'UDS_Sedatives_Count', 'UDS_Thc_Count', 'pain', 'has_schizophrenia', 'has_major_dep', 'has_bipolar', 'has_anx_pan', 'has_brain_damage', 'has_epilepsy', 'has_alcol_dx', 'has_amphetamines_dx', 'has_cannabis_dx', 'has_cocaine_dx', 'has_sedatives_dx', 'ftnd', 'XTRT', 'shared', 'rbsivheroin', 'TLFB_Alcohol_Count', 'TLFB_Amphetamine_Count', 'TLFB_Benzodiazepine_Count', 'TLFB_Buprenorphine_Count', 'TLFB_Cocaine_Count', 'TLFB_Heroin_Count', 'TLFB_Methadone_Count', 'TLFB_Opioid_Count', 'TLFB_THC_Count', 'TLFB_Other', 'Homosexual_Behavior', 'Non_monogamous_Relationships']
2024-08-14 13:55:55,693 - INFO - Fitting logistic regression model with the selected features...
2024-08-14 13:55:57,415 - INFO - Model training completed successfully.
2024-08-14 13:55:57,416 - INFO - Calculating the dynamic threshold based on the proportion of positive outcomes...
2024-08-14 13:55:57,416 - INFO - Ratio of 1s to 0s in the outcome variable: 0.82 : 0.18
2024-08-14 13:55:57,416 - INFO - Dynamic threshold set to: 0.824
2024-08-14 13:55:57,416 - INFO - Model trained and saved successfully for subset 9.
2024-08-14 13:55:57,416 - INFO - ---------------------------
2024-08-14 13:55:57,416 - INFO - TRAIN MODEL STAGE COMPLETED FOR SUBSET 9
2024-08-14 13:55:57,416 - INFO - ---------------------------
2024-08-14 13:55:57,416 - INFO - --------------------------------
2024-08-14 13:55:57,416 - INFO - EVALUATE MODEL STAGE STARTING FOR SUBSET 9...
2024-08-14 13:55:57,417 - INFO - --------------------------------
2024-08-14 13:55:57,429 - INFO - ROC AUC Score: 0.6847969991173875
2024-08-14 13:55:57,429 - INFO - Confusion Matrix: 
[[ 24  20]
 [ 67 139]]
2024-08-14 13:55:57,429 - INFO - Precision: 0.8742138364779874
2024-08-14 13:55:57,430 - INFO - Recall: 0.6747572815533981
2024-08-14 13:55:57,430 - INFO - Model evaluated successfully for subset 9.
2024-08-14 13:55:57,430 - INFO - ------------------------------
2024-08-14 13:55:57,430 - INFO - EVALUATE MODEL STAGE COMPLETED FOR SUBSET 9
2024-08-14 13:55:57,430 - INFO - ------------------------------
2024-08-14 13:55:57,431 - INFO - Subset 10 demographic makeup: 950 1, 24 3, 13 2, 13 4
2024-08-14 13:55:57,431 - INFO - Processing subset 10...
2024-08-14 13:55:57,431 - INFO - -----------------------------
2024-08-14 13:55:57,431 - INFO - TRAIN MODEL STAGE STARTING FOR SUBSET 10...
2024-08-14 13:55:57,431 - INFO - -----------------------------
2024-08-14 13:55:57,440 - INFO - Scaling features and applying LASSO for feature selection...
2024-08-14 13:56:00,624 - INFO - Selected features (including required): ['who', 'RaceEth', 'age', 'is_female', 'is_hispanic', 'unemployed', 'unstableliving', 'education', 'marital', 'UDS_Amphetamine_Count', 'UDS_Benzodiazepine_Count', 'UDS_Buprenorphine_Count', 'UDS_Cocaine_Count', 'UDS_Methadone_Count', 'UDS_Opioid_Count', 'UDS_Sedatives_Count', 'UDS_Thc_Count', 'pain', 'has_schizophrenia', 'has_major_dep', 'has_bipolar', 'has_anx_pan', 'has_brain_damage', 'has_epilepsy', 'has_alcol_dx', 'has_amphetamines_dx', 'has_cannabis_dx', 'has_cocaine_dx', 'has_sedatives_dx', 'ftnd', 'XTRT', 'shared', 'rbsivheroin', 'TLFB_Alcohol_Count', 'TLFB_Amphetamine_Count', 'TLFB_Benzodiazepine_Count', 'TLFB_Buprenorphine_Count', 'TLFB_Cocaine_Count', 'TLFB_Heroin_Count', 'TLFB_Methadone_Count', 'TLFB_Opioid_Count', 'TLFB_THC_Count', 'TLFB_Other', 'Homosexual_Behavior', 'Non_monogamous_Relationships']
2024-08-14 13:56:00,648 - INFO - Fitting logistic regression model with the selected features...
2024-08-14 13:56:01,427 - INFO - Model training completed successfully.
2024-08-14 13:56:01,428 - INFO - Calculating the dynamic threshold based on the proportion of positive outcomes...
2024-08-14 13:56:01,428 - INFO - Ratio of 1s to 0s in the outcome variable: 0.87 : 0.13
2024-08-14 13:56:01,428 - INFO - Dynamic threshold set to: 0.872
2024-08-14 13:56:01,428 - INFO - Model trained and saved successfully for subset 10.
2024-08-14 13:56:01,428 - INFO - ---------------------------
2024-08-14 13:56:01,428 - INFO - TRAIN MODEL STAGE COMPLETED FOR SUBSET 10
2024-08-14 13:56:01,428 - INFO - ---------------------------
2024-08-14 13:56:01,428 - INFO - --------------------------------
2024-08-14 13:56:01,429 - INFO - EVALUATE MODEL STAGE STARTING FOR SUBSET 10...
2024-08-14 13:56:01,429 - INFO - --------------------------------
2024-08-14 13:56:01,441 - INFO - ROC AUC Score: 0.7125860091743119
2024-08-14 13:56:01,441 - INFO - Confusion Matrix: 
[[ 24   8]
 [ 99 119]]
2024-08-14 13:56:01,441 - INFO - Precision: 0.937007874015748
2024-08-14 13:56:01,442 - INFO - Recall: 0.5458715596330275
2024-08-14 13:56:01,442 - INFO - Model evaluated successfully for subset 10.
2024-08-14 13:56:01,442 - INFO - ------------------------------
2024-08-14 13:56:01,442 - INFO - EVALUATE MODEL STAGE COMPLETED FOR SUBSET 10
2024-08-14 13:56:01,442 - INFO - ------------------------------
2024-08-14 13:56:01,443 - INFO - Subset 11 demographic makeup: 1000 1
2024-08-14 13:56:01,443 - INFO - Processing subset 11...
2024-08-14 13:56:01,443 - INFO - -----------------------------
2024-08-14 13:56:01,443 - INFO - TRAIN MODEL STAGE STARTING FOR SUBSET 11...
2024-08-14 13:56:01,443 - INFO - -----------------------------
2024-08-14 13:56:01,452 - INFO - Scaling features and applying LASSO for feature selection...
2024-08-14 13:56:02,678 - INFO - Selected features (including required): ['who', 'age', 'is_female', 'unemployed', 'unstableliving', 'education', 'marital', 'UDS_Amphetamine_Count', 'UDS_Benzodiazepine_Count', 'UDS_Buprenorphine_Count', 'UDS_Cocaine_Count', 'UDS_Methadone_Count', 'UDS_Opioid_Count', 'UDS_Sedatives_Count', 'UDS_Thc_Count', 'pain', 'has_schizophrenia', 'has_major_dep', 'has_bipolar', 'has_anx_pan', 'has_brain_damage', 'has_epilepsy', 'has_alcol_dx', 'has_amphetamines_dx', 'has_cannabis_dx', 'has_cocaine_dx', 'has_sedatives_dx', 'ftnd', 'XTRT', 'shared', 'rbsivheroin', 'TLFB_Alcohol_Count', 'TLFB_Amphetamine_Count', 'TLFB_Benzodiazepine_Count', 'TLFB_Buprenorphine_Count', 'TLFB_Cocaine_Count', 'TLFB_Heroin_Count', 'TLFB_Methadone_Count', 'TLFB_Opioid_Count', 'TLFB_THC_Count', 'TLFB_Other', 'Homosexual_Behavior', 'Non_monogamous_Relationships']
2024-08-14 13:56:02,682 - INFO - Fitting logistic regression model with the selected features...
2024-08-14 13:56:03,388 - INFO - Model training completed successfully.
2024-08-14 13:56:03,389 - INFO - Calculating the dynamic threshold based on the proportion of positive outcomes...
2024-08-14 13:56:03,389 - INFO - Ratio of 1s to 0s in the outcome variable: 0.83 : 0.17
2024-08-14 13:56:03,389 - INFO - Dynamic threshold set to: 0.832
2024-08-14 13:56:03,389 - INFO - Model trained and saved successfully for subset 11.
2024-08-14 13:56:03,389 - INFO - ---------------------------
2024-08-14 13:56:03,389 - INFO - TRAIN MODEL STAGE COMPLETED FOR SUBSET 11
2024-08-14 13:56:03,389 - INFO - ---------------------------
2024-08-14 13:56:03,389 - INFO - --------------------------------
2024-08-14 13:56:03,390 - INFO - EVALUATE MODEL STAGE STARTING FOR SUBSET 11...
2024-08-14 13:56:03,390 - INFO - --------------------------------
2024-08-14 13:56:03,402 - INFO - ROC AUC Score: 0.67742673992674
2024-08-14 13:56:03,402 - INFO - Confusion Matrix: 
[[ 21  21]
 [ 55 153]]
2024-08-14 13:56:03,402 - INFO - Precision: 0.8793103448275862
2024-08-14 13:56:03,402 - INFO - Recall: 0.7355769230769231
2024-08-14 13:56:03,402 - INFO - Model evaluated successfully for subset 11.
2024-08-14 13:56:03,402 - INFO - ------------------------------
2024-08-14 13:56:03,402 - INFO - EVALUATE MODEL STAGE COMPLETED FOR SUBSET 11
2024-08-14 13:56:03,402 - INFO - ------------------------------
2024-08-14 13:56:03,403 - INFO - ------------------
2024-08-14 13:56:03,403 - INFO - PIPELINE COMPLETED
2024-08-14 13:56:03,403 - INFO - ------------------
