2024-08-23 11:35:15,636 - INFO - Global Seed set to: 2
2024-08-23 11:35:15,637 - INFO - Outcome Name: Rd_kostenB_1993
2024-08-23 11:35:15,765 - INFO - Datasets loaded successfully.
2024-08-23 11:35:15,789 - INFO - Starting preprocessing of the merged dataset...
2024-08-23 11:35:15,789 - INFO - ---------------------------------
2024-08-23 11:35:15,790 - INFO - PRE-PROCESSING STAGE STARTING...
2024-08-23 11:35:15,790 - INFO - ---------------------------------
2024-08-23 11:35:16,062 - INFO - Dropped initial columns: ['pain_when', 'is_smoker', 'per_day', 'max', 'amount', 'depression', 'anxiety', 'schizophrenia', 'max', 'amount', 'cocaine_inject_days', 'speedball_inject_days', 'opioid_inject_days', 'speed_inject_days', 'UDS_Alcohol_Count', 'UDS_Mdma/Hallucinogen_Count']
2024-08-23 11:35:16,180 - INFO - Converted Yes/No to binary.
2024-08-23 11:35:16,359 - INFO - Processed TLFB columns with specified columns: ['TLFB_Alcohol_Count', 'TLFB_Amphetamine_Count', 'TLFB_Cocaine_Count', 'TLFB_Heroin_Count', 'TLFB_Benzodiazepine_Count', 'TLFB_Opioid_Count', 'TLFB_THC_Count', 'TLFB_Methadone_Count', 'TLFB_Buprenorphine_Count']
2024-08-23 11:35:16,497 - INFO - Calculated behavioral columns.
2024-08-23 11:35:16,522 - INFO - Moved 'Rd_kostenB_1993' column to the end.
2024-08-23 11:35:16,790 - INFO - Dropped initial columns: ['msm_npt', 'msm_frq', 'txx_prt']
2024-08-23 11:35:17,225 - INFO - transform_data_with_nan_handling success
2024-08-23 11:35:17,229 - INFO - Renamed columns according to the mapping.
2024-08-23 11:35:17,475 - INFO - Transformed NaN to 0 for binary columns.
2024-08-23 11:35:17,478 - INFO - Transformed and renamed 'heroin_inject_days' column to 'rbsivheroin'.
2024-08-23 11:35:17,481 - INFO - Filled NaN with 0 for 'ftnd' column.
2024-08-23 11:35:17,925 - INFO - Dropped additional columns: ['rbs_iv_days', 'race', 'RBS_cocaine_Days', 'RBS_heroin_Days', 'RBS_opioid_Days', 'RBS_speed_Days', 'RBS_speedball_Days']
2024-08-23 11:35:18,055 - INFO - Converted UDS drug counts to binary.
2024-08-23 11:35:18,213 - INFO - ------------------------------
2024-08-23 11:35:18,216 - INFO - PRE-PROCESSING STAGE COMPLETED
2024-08-23 11:35:18,217 - INFO - ------------------------------
2024-08-23 11:35:18,218 - INFO - Merged dataset preprocessed successfully.
2024-08-23 11:35:18,228 - INFO - Creating demographic subsets from preprocessed data...
2024-08-23 11:35:57,718 - INFO - Created 11 subsets successfully.
2024-08-23 11:35:57,730 - INFO - Creating merged subsets from create_demographics_dfs function
2024-08-23 11:35:58,268 - INFO - Created 11 merged subsets successfully.
2024-08-23 11:35:58,269 - INFO - Subset 1 demographic makeup: 500 1, 242 3, 158 2, 100 4
2024-08-23 11:35:58,269 - INFO - Processing subset 1...
2024-08-23 11:35:58,269 - INFO - -----------------------------
2024-08-23 11:35:58,269 - INFO - TRAIN MODEL STAGE STARTING FOR SUBSET 1...
2024-08-23 11:35:58,269 - INFO - -----------------------------
2024-08-23 11:35:58,305 - INFO - Scaling features and applying LASSO for feature selection...
2024-08-23 11:36:01,171 - INFO - Selected features (including required): ['who', 'RaceEth', 'age', 'is_female', 'is_hispanic', 'unemployed', 'unstableliving', 'education', 'marital', 'UDS_Amphetamine_Count', 'UDS_Benzodiazepine_Count', 'UDS_Buprenorphine_Count', 'UDS_Cocaine_Count', 'UDS_Methadone_Count', 'UDS_Opioid_Count', 'UDS_Sedatives_Count', 'UDS_Thc_Count', 'pain', 'has_schizophrenia', 'has_major_dep', 'has_bipolar', 'has_anx_pan', 'has_brain_damage', 'has_epilepsy', 'has_alcol_dx', 'has_amphetamines_dx', 'has_cannabis_dx', 'has_cocaine_dx', 'has_sedatives_dx', 'ftnd', 'XTRT', 'shared', 'rbsivheroin', 'TLFB_Alcohol_Count', 'TLFB_Amphetamine_Count', 'TLFB_Benzodiazepine_Count', 'TLFB_Buprenorphine_Count', 'TLFB_Cocaine_Count', 'TLFB_Heroin_Count', 'TLFB_Methadone_Count', 'TLFB_Opioid_Count', 'TLFB_THC_Count', 'TLFB_Other', 'Homosexual_Behavior', 'Non_monogamous_Relationships']
2024-08-23 11:36:01,230 - INFO - Fitting logistic regression model with the selected features...
2024-08-23 11:36:11,252 - INFO - Model training completed successfully.
2024-08-23 11:36:11,281 - INFO - Calculating the dynamic threshold based on the proportion of positive outcomes...
2024-08-23 11:36:11,488 - INFO - Ratio of 1s to 0s in the outcome variable: 0.54 : 0.46
2024-08-23 11:36:11,490 - INFO - Dynamic threshold set to: 0.536
2024-08-23 11:36:11,504 - INFO - Model trained and saved successfully for subset 1.
2024-08-23 11:36:11,505 - INFO - ---------------------------
2024-08-23 11:36:11,507 - INFO - TRAIN MODEL STAGE COMPLETED FOR SUBSET 1
2024-08-23 11:36:11,509 - INFO - ---------------------------
2024-08-23 11:36:11,510 - INFO - --------------------------------
2024-08-23 11:36:11,510 - INFO - EVALUATE MODEL STAGE STARTING FOR SUBSET 1...
2024-08-23 11:36:11,512 - INFO - --------------------------------
2024-08-23 11:36:11,888 - INFO - ROC AUC Score: 0.6560087493566649
2024-08-23 11:36:11,909 - INFO - Confusion Matrix: 
[[75 41]
 [52 82]]
2024-08-23 11:36:11,912 - INFO - Precision: 0.6666666666666666
2024-08-23 11:36:11,913 - INFO - Recall: 0.6119402985074627
2024-08-23 11:36:11,940 - INFO - Model evaluated successfully for subset 1.
2024-08-23 11:36:11,943 - INFO - ------------------------------
2024-08-23 11:36:11,943 - INFO - EVALUATE MODEL STAGE COMPLETED FOR SUBSET 1
2024-08-23 11:36:11,944 - INFO - ------------------------------
2024-08-23 11:36:12,027 - INFO - Subset 2 demographic makeup: 550 1, 213 3, 147 2, 90 4
2024-08-23 11:36:12,031 - INFO - Processing subset 2...
2024-08-23 11:36:12,068 - INFO - -----------------------------
2024-08-23 11:36:12,106 - INFO - TRAIN MODEL STAGE STARTING FOR SUBSET 2...
2024-08-23 11:36:12,107 - INFO - -----------------------------
2024-08-23 11:36:12,215 - INFO - Scaling features and applying LASSO for feature selection...
2024-08-23 11:36:12,942 - INFO - Selected features (including required): ['who', 'RaceEth', 'age', 'is_female', 'is_hispanic', 'unemployed', 'unstableliving', 'education', 'marital', 'UDS_Amphetamine_Count', 'UDS_Benzodiazepine_Count', 'UDS_Buprenorphine_Count', 'UDS_Cocaine_Count', 'UDS_Methadone_Count', 'UDS_Opioid_Count', 'UDS_Sedatives_Count', 'UDS_Thc_Count', 'pain', 'has_schizophrenia', 'has_major_dep', 'has_bipolar', 'has_anx_pan', 'has_brain_damage', 'has_epilepsy', 'has_alcol_dx', 'has_amphetamines_dx', 'has_cannabis_dx', 'has_cocaine_dx', 'has_sedatives_dx', 'ftnd', 'XTRT', 'shared', 'rbsivheroin', 'TLFB_Alcohol_Count', 'TLFB_Amphetamine_Count', 'TLFB_Benzodiazepine_Count', 'TLFB_Buprenorphine_Count', 'TLFB_Cocaine_Count', 'TLFB_Heroin_Count', 'TLFB_Methadone_Count', 'TLFB_Opioid_Count', 'TLFB_THC_Count', 'TLFB_Other', 'Homosexual_Behavior', 'Non_monogamous_Relationships']
2024-08-23 11:36:12,967 - INFO - Fitting logistic regression model with the selected features...
2024-08-23 11:36:14,548 - INFO - Model training completed successfully.
2024-08-23 11:36:14,549 - INFO - Calculating the dynamic threshold based on the proportion of positive outcomes...
2024-08-23 11:36:14,559 - INFO - Ratio of 1s to 0s in the outcome variable: 0.54 : 0.46
2024-08-23 11:36:14,573 - INFO - Dynamic threshold set to: 0.536
2024-08-23 11:36:14,577 - INFO - Model trained and saved successfully for subset 2.
2024-08-23 11:36:14,588 - INFO - ---------------------------
2024-08-23 11:36:14,609 - INFO - TRAIN MODEL STAGE COMPLETED FOR SUBSET 2
2024-08-23 11:36:14,638 - INFO - ---------------------------
2024-08-23 11:36:14,640 - INFO - --------------------------------
2024-08-23 11:36:14,644 - INFO - EVALUATE MODEL STAGE STARTING FOR SUBSET 2...
2024-08-23 11:36:14,647 - INFO - --------------------------------
2024-08-23 11:36:14,774 - INFO - ROC AUC Score: 0.6208183221821926
2024-08-23 11:36:14,775 - INFO - Confusion Matrix: 
[[77 39]
 [66 68]]
2024-08-23 11:36:14,775 - INFO - Precision: 0.6355140186915887
2024-08-23 11:36:14,776 - INFO - Recall: 0.5074626865671642
2024-08-23 11:36:14,777 - INFO - Model evaluated successfully for subset 2.
2024-08-23 11:36:14,777 - INFO - ------------------------------
2024-08-23 11:36:14,778 - INFO - EVALUATE MODEL STAGE COMPLETED FOR SUBSET 2
2024-08-23 11:36:14,778 - INFO - ------------------------------
2024-08-23 11:36:14,785 - INFO - Subset 3 demographic makeup: 600 1, 188 3, 136 2, 76 4
2024-08-23 11:36:14,790 - INFO - Processing subset 3...
2024-08-23 11:36:14,792 - INFO - -----------------------------
2024-08-23 11:36:14,794 - INFO - TRAIN MODEL STAGE STARTING FOR SUBSET 3...
2024-08-23 11:36:14,796 - INFO - -----------------------------
2024-08-23 11:36:14,876 - INFO - Scaling features and applying LASSO for feature selection...
2024-08-23 11:36:15,472 - INFO - Selected features (including required): ['who', 'RaceEth', 'age', 'is_female', 'is_hispanic', 'unemployed', 'unstableliving', 'education', 'marital', 'UDS_Amphetamine_Count', 'UDS_Benzodiazepine_Count', 'UDS_Buprenorphine_Count', 'UDS_Cocaine_Count', 'UDS_Methadone_Count', 'UDS_Opioid_Count', 'UDS_Sedatives_Count', 'UDS_Thc_Count', 'pain', 'has_schizophrenia', 'has_major_dep', 'has_bipolar', 'has_anx_pan', 'has_brain_damage', 'has_epilepsy', 'has_alcol_dx', 'has_amphetamines_dx', 'has_cannabis_dx', 'has_cocaine_dx', 'has_sedatives_dx', 'ftnd', 'XTRT', 'shared', 'rbsivheroin', 'TLFB_Alcohol_Count', 'TLFB_Amphetamine_Count', 'TLFB_Benzodiazepine_Count', 'TLFB_Buprenorphine_Count', 'TLFB_Cocaine_Count', 'TLFB_Heroin_Count', 'TLFB_Methadone_Count', 'TLFB_Opioid_Count', 'TLFB_THC_Count', 'TLFB_Other', 'Homosexual_Behavior', 'Non_monogamous_Relationships']
2024-08-23 11:36:15,515 - INFO - Fitting logistic regression model with the selected features...
2024-08-23 11:36:16,924 - INFO - Model training completed successfully.
2024-08-23 11:36:16,926 - INFO - Calculating the dynamic threshold based on the proportion of positive outcomes...
2024-08-23 11:36:16,929 - INFO - Ratio of 1s to 0s in the outcome variable: 0.51 : 0.49
2024-08-23 11:36:16,943 - INFO - Dynamic threshold set to: 0.512
2024-08-23 11:36:16,955 - INFO - Model trained and saved successfully for subset 3.
2024-08-23 11:36:16,955 - INFO - ---------------------------
2024-08-23 11:36:16,957 - INFO - TRAIN MODEL STAGE COMPLETED FOR SUBSET 3
2024-08-23 11:36:16,958 - INFO - ---------------------------
2024-08-23 11:36:16,958 - INFO - --------------------------------
2024-08-23 11:36:16,959 - INFO - EVALUATE MODEL STAGE STARTING FOR SUBSET 3...
2024-08-23 11:36:16,961 - INFO - --------------------------------
2024-08-23 11:36:17,045 - INFO - ROC AUC Score: 0.6607325819672131
2024-08-23 11:36:17,048 - INFO - Confusion Matrix: 
[[83 39]
 [58 70]]
2024-08-23 11:36:17,050 - INFO - Precision: 0.6422018348623854
2024-08-23 11:36:17,054 - INFO - Recall: 0.546875
2024-08-23 11:36:17,055 - INFO - Model evaluated successfully for subset 3.
2024-08-23 11:36:17,055 - INFO - ------------------------------
2024-08-23 11:36:17,057 - INFO - EVALUATE MODEL STAGE COMPLETED FOR SUBSET 3
2024-08-23 11:36:17,057 - INFO - ------------------------------
2024-08-23 11:36:17,059 - INFO - Subset 4 demographic makeup: 650 1, 164 3, 120 2, 66 4
2024-08-23 11:36:17,059 - INFO - Processing subset 4...
2024-08-23 11:36:17,059 - INFO - -----------------------------
2024-08-23 11:36:17,061 - INFO - TRAIN MODEL STAGE STARTING FOR SUBSET 4...
2024-08-23 11:36:17,078 - INFO - -----------------------------
2024-08-23 11:36:17,174 - INFO - Scaling features and applying LASSO for feature selection...
2024-08-23 11:36:18,048 - INFO - Selected features (including required): ['who', 'RaceEth', 'age', 'is_female', 'is_hispanic', 'unemployed', 'unstableliving', 'education', 'marital', 'UDS_Amphetamine_Count', 'UDS_Benzodiazepine_Count', 'UDS_Buprenorphine_Count', 'UDS_Cocaine_Count', 'UDS_Methadone_Count', 'UDS_Opioid_Count', 'UDS_Sedatives_Count', 'UDS_Thc_Count', 'pain', 'has_schizophrenia', 'has_major_dep', 'has_bipolar', 'has_anx_pan', 'has_brain_damage', 'has_epilepsy', 'has_alcol_dx', 'has_amphetamines_dx', 'has_cannabis_dx', 'has_cocaine_dx', 'has_sedatives_dx', 'ftnd', 'XTRT', 'shared', 'rbsivheroin', 'TLFB_Alcohol_Count', 'TLFB_Amphetamine_Count', 'TLFB_Benzodiazepine_Count', 'TLFB_Buprenorphine_Count', 'TLFB_Cocaine_Count', 'TLFB_Heroin_Count', 'TLFB_Methadone_Count', 'TLFB_Opioid_Count', 'TLFB_THC_Count', 'TLFB_Other', 'Homosexual_Behavior', 'Non_monogamous_Relationships']
2024-08-23 11:36:18,065 - INFO - Fitting logistic regression model with the selected features...
2024-08-23 11:36:19,753 - INFO - Model training completed successfully.
2024-08-23 11:36:19,754 - INFO - Calculating the dynamic threshold based on the proportion of positive outcomes...
2024-08-23 11:36:19,754 - INFO - Ratio of 1s to 0s in the outcome variable: 0.48 : 0.52
2024-08-23 11:36:19,755 - INFO - Dynamic threshold set to: 0.484
2024-08-23 11:36:19,755 - INFO - Model trained and saved successfully for subset 4.
2024-08-23 11:36:19,755 - INFO - ---------------------------
2024-08-23 11:36:19,755 - INFO - TRAIN MODEL STAGE COMPLETED FOR SUBSET 4
2024-08-23 11:36:19,755 - INFO - ---------------------------
2024-08-23 11:36:19,755 - INFO - --------------------------------
2024-08-23 11:36:19,756 - INFO - EVALUATE MODEL STAGE STARTING FOR SUBSET 4...
2024-08-23 11:36:19,756 - INFO - --------------------------------
2024-08-23 11:36:19,791 - INFO - ROC AUC Score: 0.6580178102376835
2024-08-23 11:36:19,791 - INFO - Confusion Matrix: 
[[86 43]
 [51 70]]
2024-08-23 11:36:19,792 - INFO - Precision: 0.6194690265486725
2024-08-23 11:36:19,792 - INFO - Recall: 0.5785123966942148
2024-08-23 11:36:19,792 - INFO - Model evaluated successfully for subset 4.
2024-08-23 11:36:19,792 - INFO - ------------------------------
2024-08-23 11:36:19,792 - INFO - EVALUATE MODEL STAGE COMPLETED FOR SUBSET 4
2024-08-23 11:36:19,792 - INFO - ------------------------------
2024-08-23 11:36:19,793 - INFO - Subset 5 demographic makeup: 700 1, 142 3, 104 2, 54 4
2024-08-23 11:36:19,793 - INFO - Processing subset 5...
2024-08-23 11:36:19,793 - INFO - -----------------------------
2024-08-23 11:36:19,793 - INFO - TRAIN MODEL STAGE STARTING FOR SUBSET 5...
2024-08-23 11:36:19,794 - INFO - -----------------------------
2024-08-23 11:36:19,810 - INFO - Scaling features and applying LASSO for feature selection...
2024-08-23 11:36:20,622 - INFO - Selected features (including required): ['who', 'RaceEth', 'age', 'is_female', 'is_hispanic', 'unemployed', 'unstableliving', 'education', 'marital', 'UDS_Amphetamine_Count', 'UDS_Benzodiazepine_Count', 'UDS_Buprenorphine_Count', 'UDS_Cocaine_Count', 'UDS_Methadone_Count', 'UDS_Opioid_Count', 'UDS_Sedatives_Count', 'UDS_Thc_Count', 'pain', 'has_schizophrenia', 'has_major_dep', 'has_bipolar', 'has_anx_pan', 'has_brain_damage', 'has_epilepsy', 'has_alcol_dx', 'has_amphetamines_dx', 'has_cannabis_dx', 'has_cocaine_dx', 'has_sedatives_dx', 'ftnd', 'XTRT', 'shared', 'rbsivheroin', 'TLFB_Alcohol_Count', 'TLFB_Amphetamine_Count', 'TLFB_Benzodiazepine_Count', 'TLFB_Buprenorphine_Count', 'TLFB_Cocaine_Count', 'TLFB_Heroin_Count', 'TLFB_Methadone_Count', 'TLFB_Opioid_Count', 'TLFB_THC_Count', 'TLFB_Other', 'Homosexual_Behavior', 'Non_monogamous_Relationships']
2024-08-23 11:36:20,634 - INFO - Fitting logistic regression model with the selected features...
2024-08-23 11:36:23,118 - INFO - Model training completed successfully.
2024-08-23 11:36:23,119 - INFO - Calculating the dynamic threshold based on the proportion of positive outcomes...
2024-08-23 11:36:23,128 - INFO - Ratio of 1s to 0s in the outcome variable: 0.46 : 0.54
2024-08-23 11:36:23,131 - INFO - Dynamic threshold set to: 0.464
2024-08-23 11:36:23,132 - INFO - Model trained and saved successfully for subset 5.
2024-08-23 11:36:23,144 - INFO - ---------------------------
2024-08-23 11:36:23,147 - INFO - TRAIN MODEL STAGE COMPLETED FOR SUBSET 5
2024-08-23 11:36:23,151 - INFO - ---------------------------
2024-08-23 11:36:23,155 - INFO - --------------------------------
2024-08-23 11:36:23,156 - INFO - EVALUATE MODEL STAGE STARTING FOR SUBSET 5...
2024-08-23 11:36:23,159 - INFO - --------------------------------
2024-08-23 11:36:23,254 - INFO - ROC AUC Score: 0.6388317035512094
2024-08-23 11:36:23,256 - INFO - Confusion Matrix: 
[[70 64]
 [38 78]]
2024-08-23 11:36:23,256 - INFO - Precision: 0.5492957746478874
2024-08-23 11:36:23,256 - INFO - Recall: 0.6724137931034483
2024-08-23 11:36:23,256 - INFO - Model evaluated successfully for subset 5.
2024-08-23 11:36:23,257 - INFO - ------------------------------
2024-08-23 11:36:23,257 - INFO - EVALUATE MODEL STAGE COMPLETED FOR SUBSET 5
2024-08-23 11:36:23,257 - INFO - ------------------------------
2024-08-23 11:36:23,259 - INFO - Subset 6 demographic makeup: 750 1, 114 3, 88 2, 48 4
2024-08-23 11:36:23,259 - INFO - Processing subset 6...
2024-08-23 11:36:23,259 - INFO - -----------------------------
2024-08-23 11:36:23,259 - INFO - TRAIN MODEL STAGE STARTING FOR SUBSET 6...
2024-08-23 11:36:23,259 - INFO - -----------------------------
2024-08-23 11:36:23,305 - INFO - Scaling features and applying LASSO for feature selection...
2024-08-23 11:36:24,247 - INFO - Selected features (including required): ['who', 'RaceEth', 'age', 'is_female', 'is_hispanic', 'unemployed', 'unstableliving', 'education', 'marital', 'UDS_Amphetamine_Count', 'UDS_Benzodiazepine_Count', 'UDS_Buprenorphine_Count', 'UDS_Cocaine_Count', 'UDS_Methadone_Count', 'UDS_Opioid_Count', 'UDS_Sedatives_Count', 'UDS_Thc_Count', 'pain', 'has_schizophrenia', 'has_major_dep', 'has_bipolar', 'has_anx_pan', 'has_brain_damage', 'has_epilepsy', 'has_alcol_dx', 'has_amphetamines_dx', 'has_cannabis_dx', 'has_cocaine_dx', 'has_sedatives_dx', 'ftnd', 'XTRT', 'shared', 'rbsivheroin', 'TLFB_Alcohol_Count', 'TLFB_Amphetamine_Count', 'TLFB_Benzodiazepine_Count', 'TLFB_Buprenorphine_Count', 'TLFB_Cocaine_Count', 'TLFB_Heroin_Count', 'TLFB_Methadone_Count', 'TLFB_Opioid_Count', 'TLFB_THC_Count', 'TLFB_Other', 'Homosexual_Behavior', 'Non_monogamous_Relationships']
2024-08-23 11:36:24,255 - INFO - Fitting logistic regression model with the selected features...
2024-08-23 11:36:25,471 - INFO - Model training completed successfully.
2024-08-23 11:36:25,471 - INFO - Calculating the dynamic threshold based on the proportion of positive outcomes...
2024-08-23 11:36:25,472 - INFO - Ratio of 1s to 0s in the outcome variable: 0.54 : 0.46
2024-08-23 11:36:25,472 - INFO - Dynamic threshold set to: 0.54
2024-08-23 11:36:25,472 - INFO - Model trained and saved successfully for subset 6.
2024-08-23 11:36:25,472 - INFO - ---------------------------
2024-08-23 11:36:25,472 - INFO - TRAIN MODEL STAGE COMPLETED FOR SUBSET 6
2024-08-23 11:36:25,472 - INFO - ---------------------------
2024-08-23 11:36:25,472 - INFO - --------------------------------
2024-08-23 11:36:25,472 - INFO - EVALUATE MODEL STAGE STARTING FOR SUBSET 6...
2024-08-23 11:36:25,472 - INFO - --------------------------------
2024-08-23 11:36:25,541 - INFO - ROC AUC Score: 0.6669243156199678
2024-08-23 11:36:25,542 - INFO - Confusion Matrix: 
[[74 41]
 [56 79]]
2024-08-23 11:36:25,563 - INFO - Precision: 0.6583333333333333
2024-08-23 11:36:25,574 - INFO - Recall: 0.5851851851851851
2024-08-23 11:36:25,581 - INFO - Model evaluated successfully for subset 6.
2024-08-23 11:36:25,637 - INFO - ------------------------------
2024-08-23 11:36:25,639 - INFO - EVALUATE MODEL STAGE COMPLETED FOR SUBSET 6
2024-08-23 11:36:25,639 - INFO - ------------------------------
2024-08-23 11:36:25,642 - INFO - Subset 7 demographic makeup: 800 1, 87 3, 71 2, 42 4
2024-08-23 11:36:25,645 - INFO - Processing subset 7...
2024-08-23 11:36:25,649 - INFO - -----------------------------
2024-08-23 11:36:25,663 - INFO - TRAIN MODEL STAGE STARTING FOR SUBSET 7...
2024-08-23 11:36:25,664 - INFO - -----------------------------
2024-08-23 11:36:25,765 - INFO - Scaling features and applying LASSO for feature selection...
2024-08-23 11:36:29,676 - INFO - Selected features (including required): ['who', 'RaceEth', 'age', 'is_female', 'is_hispanic', 'unemployed', 'unstableliving', 'education', 'marital', 'UDS_Amphetamine_Count', 'UDS_Benzodiazepine_Count', 'UDS_Buprenorphine_Count', 'UDS_Cocaine_Count', 'UDS_Methadone_Count', 'UDS_Opioid_Count', 'UDS_Sedatives_Count', 'UDS_Thc_Count', 'pain', 'has_schizophrenia', 'has_major_dep', 'has_bipolar', 'has_anx_pan', 'has_brain_damage', 'has_epilepsy', 'has_alcol_dx', 'has_amphetamines_dx', 'has_cannabis_dx', 'has_cocaine_dx', 'has_sedatives_dx', 'ftnd', 'XTRT', 'shared', 'rbsivheroin', 'TLFB_Alcohol_Count', 'TLFB_Amphetamine_Count', 'TLFB_Benzodiazepine_Count', 'TLFB_Buprenorphine_Count', 'TLFB_Cocaine_Count', 'TLFB_Heroin_Count', 'TLFB_Methadone_Count', 'TLFB_Opioid_Count', 'TLFB_THC_Count', 'TLFB_Other', 'Homosexual_Behavior', 'Non_monogamous_Relationships']
2024-08-23 11:36:29,685 - INFO - Fitting logistic regression model with the selected features...
2024-08-23 11:36:31,725 - INFO - Model training completed successfully.
2024-08-23 11:36:31,725 - INFO - Calculating the dynamic threshold based on the proportion of positive outcomes...
2024-08-23 11:36:31,725 - INFO - Ratio of 1s to 0s in the outcome variable: 0.54 : 0.46
2024-08-23 11:36:31,726 - INFO - Dynamic threshold set to: 0.54
2024-08-23 11:36:31,726 - INFO - Model trained and saved successfully for subset 7.
2024-08-23 11:36:31,726 - INFO - ---------------------------
2024-08-23 11:36:31,726 - INFO - TRAIN MODEL STAGE COMPLETED FOR SUBSET 7
2024-08-23 11:36:31,726 - INFO - ---------------------------
2024-08-23 11:36:31,726 - INFO - --------------------------------
2024-08-23 11:36:31,726 - INFO - EVALUATE MODEL STAGE STARTING FOR SUBSET 7...
2024-08-23 11:36:31,726 - INFO - --------------------------------
2024-08-23 11:36:31,744 - INFO - ROC AUC Score: 0.6139130434782608
2024-08-23 11:36:31,744 - INFO - Confusion Matrix: 
[[70 45]
 [64 71]]
2024-08-23 11:36:31,745 - INFO - Precision: 0.6120689655172413
2024-08-23 11:36:31,745 - INFO - Recall: 0.5259259259259259
2024-08-23 11:36:31,745 - INFO - Model evaluated successfully for subset 7.
2024-08-23 11:36:31,745 - INFO - ------------------------------
2024-08-23 11:36:31,745 - INFO - EVALUATE MODEL STAGE COMPLETED FOR SUBSET 7
2024-08-23 11:36:31,745 - INFO - ------------------------------
2024-08-23 11:36:31,746 - INFO - Subset 8 demographic makeup: 850 1, 66 3, 53 2, 31 4
2024-08-23 11:36:31,746 - INFO - Processing subset 8...
2024-08-23 11:36:31,746 - INFO - -----------------------------
2024-08-23 11:36:31,746 - INFO - TRAIN MODEL STAGE STARTING FOR SUBSET 8...
2024-08-23 11:36:31,746 - INFO - -----------------------------
2024-08-23 11:36:31,798 - INFO - Scaling features and applying LASSO for feature selection...
2024-08-23 11:36:32,787 - INFO - Selected features (including required): ['who', 'RaceEth', 'age', 'is_female', 'is_hispanic', 'unemployed', 'unstableliving', 'education', 'marital', 'UDS_Amphetamine_Count', 'UDS_Benzodiazepine_Count', 'UDS_Buprenorphine_Count', 'UDS_Cocaine_Count', 'UDS_Methadone_Count', 'UDS_Opioid_Count', 'UDS_Sedatives_Count', 'UDS_Thc_Count', 'pain', 'has_schizophrenia', 'has_major_dep', 'has_bipolar', 'has_anx_pan', 'has_brain_damage', 'has_epilepsy', 'has_alcol_dx', 'has_amphetamines_dx', 'has_cannabis_dx', 'has_cocaine_dx', 'has_sedatives_dx', 'ftnd', 'XTRT', 'shared', 'rbsivheroin', 'TLFB_Alcohol_Count', 'TLFB_Amphetamine_Count', 'TLFB_Benzodiazepine_Count', 'TLFB_Buprenorphine_Count', 'TLFB_Cocaine_Count', 'TLFB_Heroin_Count', 'TLFB_Methadone_Count', 'TLFB_Opioid_Count', 'TLFB_THC_Count', 'TLFB_Other', 'Homosexual_Behavior', 'Non_monogamous_Relationships']
2024-08-23 11:36:32,806 - INFO - Fitting logistic regression model with the selected features...
2024-08-23 11:36:35,007 - INFO - Model training completed successfully.
2024-08-23 11:36:35,009 - INFO - Calculating the dynamic threshold based on the proportion of positive outcomes...
2024-08-23 11:36:35,028 - INFO - Ratio of 1s to 0s in the outcome variable: 0.54 : 0.46
2024-08-23 11:36:35,029 - INFO - Dynamic threshold set to: 0.544
2024-08-23 11:36:35,042 - INFO - Model trained and saved successfully for subset 8.
2024-08-23 11:36:35,044 - INFO - ---------------------------
2024-08-23 11:36:35,045 - INFO - TRAIN MODEL STAGE COMPLETED FOR SUBSET 8
2024-08-23 11:36:35,046 - INFO - ---------------------------
2024-08-23 11:36:35,046 - INFO - --------------------------------
2024-08-23 11:36:35,047 - INFO - EVALUATE MODEL STAGE STARTING FOR SUBSET 8...
2024-08-23 11:36:35,047 - INFO - --------------------------------
2024-08-23 11:36:35,145 - INFO - ROC AUC Score: 0.6239035087719298
2024-08-23 11:36:35,145 - INFO - Confusion Matrix: 
[[73 41]
 [54 82]]
2024-08-23 11:36:35,146 - INFO - Precision: 0.6666666666666666
2024-08-23 11:36:35,146 - INFO - Recall: 0.6029411764705882
2024-08-23 11:36:35,147 - INFO - Model evaluated successfully for subset 8.
2024-08-23 11:36:35,163 - INFO - ------------------------------
2024-08-23 11:36:35,164 - INFO - EVALUATE MODEL STAGE COMPLETED FOR SUBSET 8
2024-08-23 11:36:35,165 - INFO - ------------------------------
2024-08-23 11:36:35,194 - INFO - Subset 9 demographic makeup: 900 1, 45 3, 34 2, 21 4
2024-08-23 11:36:35,196 - INFO - Processing subset 9...
2024-08-23 11:36:35,198 - INFO - -----------------------------
2024-08-23 11:36:35,239 - INFO - TRAIN MODEL STAGE STARTING FOR SUBSET 9...
2024-08-23 11:36:35,242 - INFO - -----------------------------
2024-08-23 11:36:35,288 - INFO - Scaling features and applying LASSO for feature selection...
2024-08-23 11:36:36,233 - INFO - Selected features (including required): ['who', 'RaceEth', 'age', 'is_female', 'is_hispanic', 'unemployed', 'unstableliving', 'education', 'marital', 'UDS_Amphetamine_Count', 'UDS_Benzodiazepine_Count', 'UDS_Buprenorphine_Count', 'UDS_Cocaine_Count', 'UDS_Methadone_Count', 'UDS_Opioid_Count', 'UDS_Sedatives_Count', 'UDS_Thc_Count', 'pain', 'has_schizophrenia', 'has_major_dep', 'has_bipolar', 'has_anx_pan', 'has_brain_damage', 'has_epilepsy', 'has_alcol_dx', 'has_amphetamines_dx', 'has_cannabis_dx', 'has_cocaine_dx', 'has_sedatives_dx', 'ftnd', 'XTRT', 'shared', 'rbsivheroin', 'TLFB_Alcohol_Count', 'TLFB_Amphetamine_Count', 'TLFB_Benzodiazepine_Count', 'TLFB_Buprenorphine_Count', 'TLFB_Cocaine_Count', 'TLFB_Heroin_Count', 'TLFB_Methadone_Count', 'TLFB_Opioid_Count', 'TLFB_THC_Count', 'TLFB_Other', 'Homosexual_Behavior', 'Non_monogamous_Relationships']
2024-08-23 11:36:36,273 - INFO - Fitting logistic regression model with the selected features...
2024-08-23 11:36:39,865 - INFO - Model training completed successfully.
2024-08-23 11:36:39,868 - INFO - Calculating the dynamic threshold based on the proportion of positive outcomes...
2024-08-23 11:36:39,881 - INFO - Ratio of 1s to 0s in the outcome variable: 0.51 : 0.49
2024-08-23 11:36:39,889 - INFO - Dynamic threshold set to: 0.512
2024-08-23 11:36:39,892 - INFO - Model trained and saved successfully for subset 9.
2024-08-23 11:36:39,894 - INFO - ---------------------------
2024-08-23 11:36:39,897 - INFO - TRAIN MODEL STAGE COMPLETED FOR SUBSET 9
2024-08-23 11:36:39,898 - INFO - ---------------------------
2024-08-23 11:36:39,914 - INFO - --------------------------------
2024-08-23 11:36:39,925 - INFO - EVALUATE MODEL STAGE STARTING FOR SUBSET 9...
2024-08-23 11:36:39,925 - INFO - --------------------------------
2024-08-23 11:36:39,991 - INFO - ROC AUC Score: 0.6728355532786886
2024-08-23 11:36:39,994 - INFO - Confusion Matrix: 
[[69 53]
 [43 85]]
2024-08-23 11:36:39,994 - INFO - Precision: 0.6159420289855072
2024-08-23 11:36:39,995 - INFO - Recall: 0.6640625
2024-08-23 11:36:39,995 - INFO - Model evaluated successfully for subset 9.
2024-08-23 11:36:39,995 - INFO - ------------------------------
2024-08-23 11:36:39,996 - INFO - EVALUATE MODEL STAGE COMPLETED FOR SUBSET 9
2024-08-23 11:36:39,997 - INFO - ------------------------------
2024-08-23 11:36:39,998 - INFO - Subset 10 demographic makeup: 950 1, 24 3, 13 2, 13 4
2024-08-23 11:36:40,018 - INFO - Processing subset 10...
2024-08-23 11:36:40,023 - INFO - -----------------------------
2024-08-23 11:36:40,023 - INFO - TRAIN MODEL STAGE STARTING FOR SUBSET 10...
2024-08-23 11:36:40,026 - INFO - -----------------------------
2024-08-23 11:36:40,069 - INFO - Scaling features and applying LASSO for feature selection...
2024-08-23 11:36:41,933 - INFO - Selected features (including required): ['who', 'RaceEth', 'age', 'is_female', 'is_hispanic', 'unemployed', 'unstableliving', 'education', 'marital', 'UDS_Amphetamine_Count', 'UDS_Benzodiazepine_Count', 'UDS_Buprenorphine_Count', 'UDS_Cocaine_Count', 'UDS_Methadone_Count', 'UDS_Opioid_Count', 'UDS_Sedatives_Count', 'UDS_Thc_Count', 'pain', 'has_schizophrenia', 'has_major_dep', 'has_bipolar', 'has_anx_pan', 'has_brain_damage', 'has_epilepsy', 'has_alcol_dx', 'has_amphetamines_dx', 'has_cannabis_dx', 'has_cocaine_dx', 'has_sedatives_dx', 'ftnd', 'XTRT', 'shared', 'rbsivheroin', 'TLFB_Alcohol_Count', 'TLFB_Amphetamine_Count', 'TLFB_Benzodiazepine_Count', 'TLFB_Buprenorphine_Count', 'TLFB_Cocaine_Count', 'TLFB_Heroin_Count', 'TLFB_Methadone_Count', 'TLFB_Opioid_Count', 'TLFB_THC_Count', 'TLFB_Other', 'Homosexual_Behavior', 'Non_monogamous_Relationships']
2024-08-23 11:36:41,959 - INFO - Fitting logistic regression model with the selected features...
2024-08-23 11:36:43,149 - INFO - Model training completed successfully.
2024-08-23 11:36:43,149 - INFO - Calculating the dynamic threshold based on the proportion of positive outcomes...
2024-08-23 11:36:43,150 - INFO - Ratio of 1s to 0s in the outcome variable: 0.50 : 0.50
2024-08-23 11:36:43,150 - INFO - Dynamic threshold set to: 0.5
2024-08-23 11:36:43,150 - INFO - Model trained and saved successfully for subset 10.
2024-08-23 11:36:43,150 - INFO - ---------------------------
2024-08-23 11:36:43,150 - INFO - TRAIN MODEL STAGE COMPLETED FOR SUBSET 10
2024-08-23 11:36:43,150 - INFO - ---------------------------
2024-08-23 11:36:43,150 - INFO - --------------------------------
2024-08-23 11:36:43,150 - INFO - EVALUATE MODEL STAGE STARTING FOR SUBSET 10...
2024-08-23 11:36:43,150 - INFO - --------------------------------
2024-08-23 11:36:43,176 - INFO - ROC AUC Score: 0.635904
2024-08-23 11:36:43,178 - INFO - Confusion Matrix: 
[[66 59]
 [46 79]]
2024-08-23 11:36:43,179 - INFO - Precision: 0.572463768115942
2024-08-23 11:36:43,179 - INFO - Recall: 0.632
2024-08-23 11:36:43,179 - INFO - Model evaluated successfully for subset 10.
2024-08-23 11:36:43,179 - INFO - ------------------------------
2024-08-23 11:36:43,179 - INFO - EVALUATE MODEL STAGE COMPLETED FOR SUBSET 10
2024-08-23 11:36:43,180 - INFO - ------------------------------
2024-08-23 11:36:43,183 - INFO - Subset 11 demographic makeup: 1000 1
2024-08-23 11:36:43,183 - INFO - Processing subset 11...
2024-08-23 11:36:43,183 - INFO - -----------------------------
2024-08-23 11:36:43,183 - INFO - TRAIN MODEL STAGE STARTING FOR SUBSET 11...
2024-08-23 11:36:43,183 - INFO - -----------------------------
2024-08-23 11:36:43,191 - INFO - Scaling features and applying LASSO for feature selection...
2024-08-23 11:36:44,953 - INFO - Selected features (including required): ['who', 'age', 'is_female', 'unemployed', 'unstableliving', 'education', 'marital', 'UDS_Amphetamine_Count', 'UDS_Benzodiazepine_Count', 'UDS_Buprenorphine_Count', 'UDS_Cocaine_Count', 'UDS_Methadone_Count', 'UDS_Opioid_Count', 'UDS_Sedatives_Count', 'UDS_Thc_Count', 'pain', 'has_schizophrenia', 'has_major_dep', 'has_bipolar', 'has_anx_pan', 'has_brain_damage', 'has_epilepsy', 'has_alcol_dx', 'has_amphetamines_dx', 'has_cannabis_dx', 'has_cocaine_dx', 'has_sedatives_dx', 'ftnd', 'XTRT', 'shared', 'rbsivheroin', 'TLFB_Alcohol_Count', 'TLFB_Amphetamine_Count', 'TLFB_Benzodiazepine_Count', 'TLFB_Buprenorphine_Count', 'TLFB_Cocaine_Count', 'TLFB_Heroin_Count', 'TLFB_Methadone_Count', 'TLFB_Opioid_Count', 'TLFB_THC_Count', 'TLFB_Other', 'Homosexual_Behavior', 'Non_monogamous_Relationships']
2024-08-23 11:36:44,986 - INFO - Fitting logistic regression model with the selected features...
2024-08-23 11:36:46,974 - INFO - Model training completed successfully.
2024-08-23 11:36:46,976 - INFO - Calculating the dynamic threshold based on the proportion of positive outcomes...
2024-08-23 11:36:46,987 - INFO - Ratio of 1s to 0s in the outcome variable: 0.57 : 0.43
2024-08-23 11:36:46,989 - INFO - Dynamic threshold set to: 0.572
2024-08-23 11:36:46,993 - INFO - Model trained and saved successfully for subset 11.
2024-08-23 11:36:46,997 - INFO - ---------------------------
2024-08-23 11:36:46,998 - INFO - TRAIN MODEL STAGE COMPLETED FOR SUBSET 11
2024-08-23 11:36:47,030 - INFO - ---------------------------
2024-08-23 11:36:47,031 - INFO - --------------------------------
2024-08-23 11:36:47,047 - INFO - EVALUATE MODEL STAGE STARTING FOR SUBSET 11...
2024-08-23 11:36:47,109 - INFO - --------------------------------
2024-08-23 11:36:47,177 - INFO - ROC AUC Score: 0.5944709496111364
2024-08-23 11:36:47,192 - INFO - Confusion Matrix: 
[[71 36]
 [70 73]]
2024-08-23 11:36:47,194 - INFO - Precision: 0.6697247706422018
2024-08-23 11:36:47,195 - INFO - Recall: 0.5104895104895105
2024-08-23 11:36:47,197 - INFO - Model evaluated successfully for subset 11.
2024-08-23 11:36:47,248 - INFO - ------------------------------
2024-08-23 11:36:47,251 - INFO - EVALUATE MODEL STAGE COMPLETED FOR SUBSET 11
2024-08-23 11:36:47,254 - INFO - ------------------------------
2024-08-23 11:36:47,262 - INFO - ------------------
2024-08-23 11:36:47,262 - INFO - PIPELINE COMPLETED
2024-08-23 11:36:47,262 - INFO - ------------------
