2024-08-23 11:30:42,770 - INFO - Global Seed set to: 2
2024-08-23 11:30:42,771 - INFO - Outcome Name: Rs_johnson_1992
2024-08-23 11:30:42,857 - INFO - Datasets loaded successfully.
2024-08-23 11:30:42,873 - INFO - Starting preprocessing of the merged dataset...
2024-08-23 11:30:42,874 - INFO - ---------------------------------
2024-08-23 11:30:42,874 - INFO - PRE-PROCESSING STAGE STARTING...
2024-08-23 11:30:42,874 - INFO - ---------------------------------
2024-08-23 11:30:43,187 - INFO - Dropped initial columns: ['pain_when', 'is_smoker', 'per_day', 'max', 'amount', 'depression', 'anxiety', 'schizophrenia', 'max', 'amount', 'cocaine_inject_days', 'speedball_inject_days', 'opioid_inject_days', 'speed_inject_days', 'UDS_Alcohol_Count', 'UDS_Mdma/Hallucinogen_Count']
2024-08-23 11:30:43,285 - INFO - Converted Yes/No to binary.
2024-08-23 11:30:43,295 - INFO - Processed TLFB columns with specified columns: ['TLFB_Alcohol_Count', 'TLFB_Amphetamine_Count', 'TLFB_Cocaine_Count', 'TLFB_Heroin_Count', 'TLFB_Benzodiazepine_Count', 'TLFB_Opioid_Count', 'TLFB_THC_Count', 'TLFB_Methadone_Count', 'TLFB_Buprenorphine_Count']
2024-08-23 11:30:43,301 - INFO - Calculated behavioral columns.
2024-08-23 11:30:43,305 - INFO - Moved 'Rs_johnson_1992' column to the end.
2024-08-23 11:30:43,575 - INFO - Dropped initial columns: ['msm_npt', 'msm_frq', 'txx_prt']
2024-08-23 11:30:43,620 - INFO - transform_data_with_nan_handling success
2024-08-23 11:30:43,621 - INFO - Renamed columns according to the mapping.
2024-08-23 11:30:43,669 - INFO - Transformed NaN to 0 for binary columns.
2024-08-23 11:30:43,670 - INFO - Transformed and renamed 'heroin_inject_days' column to 'rbsivheroin'.
2024-08-23 11:30:43,673 - INFO - Filled NaN with 0 for 'ftnd' column.
2024-08-23 11:30:43,820 - INFO - Dropped additional columns: ['rbs_iv_days', 'race', 'RBS_cocaine_Days', 'RBS_heroin_Days', 'RBS_opioid_Days', 'RBS_speed_Days', 'RBS_speedball_Days']
2024-08-23 11:30:43,839 - INFO - Converted UDS drug counts to binary.
2024-08-23 11:30:43,932 - INFO - ------------------------------
2024-08-23 11:30:43,933 - INFO - PRE-PROCESSING STAGE COMPLETED
2024-08-23 11:30:43,933 - INFO - ------------------------------
2024-08-23 11:30:43,933 - INFO - Merged dataset preprocessed successfully.
2024-08-23 11:30:43,933 - INFO - Creating demographic subsets from preprocessed data...
2024-08-23 11:30:58,266 - INFO - Created 11 subsets successfully.
2024-08-23 11:30:58,266 - INFO - Creating merged subsets from create_demographics_dfs function
2024-08-23 11:30:58,435 - INFO - Created 11 merged subsets successfully.
2024-08-23 11:30:58,437 - INFO - Subset 1 demographic makeup: 500 1, 242 3, 158 2, 100 4
2024-08-23 11:30:58,439 - INFO - Processing subset 1...
2024-08-23 11:30:58,439 - INFO - -----------------------------
2024-08-23 11:30:58,444 - INFO - TRAIN MODEL STAGE STARTING FOR SUBSET 1...
2024-08-23 11:30:58,444 - INFO - -----------------------------
2024-08-23 11:30:58,460 - INFO - Scaling features and applying LASSO for feature selection...
2024-08-23 11:31:00,486 - INFO - Selected features (including required): ['who', 'RaceEth', 'age', 'is_female', 'is_hispanic', 'unemployed', 'unstableliving', 'education', 'marital', 'UDS_Amphetamine_Count', 'UDS_Benzodiazepine_Count', 'UDS_Buprenorphine_Count', 'UDS_Cocaine_Count', 'UDS_Methadone_Count', 'UDS_Opioid_Count', 'UDS_Sedatives_Count', 'UDS_Thc_Count', 'pain', 'has_schizophrenia', 'has_major_dep', 'has_bipolar', 'has_anx_pan', 'has_brain_damage', 'has_epilepsy', 'has_alcol_dx', 'has_amphetamines_dx', 'has_cannabis_dx', 'has_cocaine_dx', 'has_sedatives_dx', 'ftnd', 'XTRT', 'shared', 'rbsivheroin', 'TLFB_Alcohol_Count', 'TLFB_Amphetamine_Count', 'TLFB_Benzodiazepine_Count', 'TLFB_Buprenorphine_Count', 'TLFB_Cocaine_Count', 'TLFB_Heroin_Count', 'TLFB_Methadone_Count', 'TLFB_Opioid_Count', 'TLFB_THC_Count', 'TLFB_Other', 'Homosexual_Behavior', 'Non_monogamous_Relationships']
2024-08-23 11:31:00,521 - INFO - Fitting logistic regression model with the selected features...
2024-08-23 11:31:02,221 - INFO - Model training completed successfully.
2024-08-23 11:31:02,221 - INFO - Calculating the dynamic threshold based on the proportion of positive outcomes...
2024-08-23 11:31:02,221 - INFO - Ratio of 1s to 0s in the outcome variable: 0.87 : 0.13
2024-08-23 11:31:02,222 - INFO - Dynamic threshold set to: 0.868
2024-08-23 11:31:02,222 - INFO - Model trained and saved successfully for subset 1.
2024-08-23 11:31:02,222 - INFO - ---------------------------
2024-08-23 11:31:02,222 - INFO - TRAIN MODEL STAGE COMPLETED FOR SUBSET 1
2024-08-23 11:31:02,222 - INFO - ---------------------------
2024-08-23 11:31:02,222 - INFO - --------------------------------
2024-08-23 11:31:02,222 - INFO - EVALUATE MODEL STAGE STARTING FOR SUBSET 1...
2024-08-23 11:31:02,222 - INFO - --------------------------------
2024-08-23 11:31:02,245 - INFO - ROC AUC Score: 0.6296606619187264
2024-08-23 11:31:02,247 - INFO - Confusion Matrix: 
[[ 12  21]
 [ 55 162]]
2024-08-23 11:31:02,248 - INFO - Precision: 0.8852459016393442
2024-08-23 11:31:02,248 - INFO - Recall: 0.7465437788018433
2024-08-23 11:31:02,249 - INFO - Model evaluated successfully for subset 1.
2024-08-23 11:31:02,249 - INFO - ------------------------------
2024-08-23 11:31:02,249 - INFO - EVALUATE MODEL STAGE COMPLETED FOR SUBSET 1
2024-08-23 11:31:02,249 - INFO - ------------------------------
2024-08-23 11:31:02,250 - INFO - Subset 2 demographic makeup: 550 1, 213 3, 147 2, 90 4
2024-08-23 11:31:02,250 - INFO - Processing subset 2...
2024-08-23 11:31:02,250 - INFO - -----------------------------
2024-08-23 11:31:02,250 - INFO - TRAIN MODEL STAGE STARTING FOR SUBSET 2...
2024-08-23 11:31:02,250 - INFO - -----------------------------
2024-08-23 11:31:02,262 - INFO - Scaling features and applying LASSO for feature selection...
2024-08-23 11:31:04,581 - INFO - Selected features (including required): ['who', 'RaceEth', 'age', 'is_female', 'is_hispanic', 'unemployed', 'unstableliving', 'education', 'marital', 'UDS_Amphetamine_Count', 'UDS_Benzodiazepine_Count', 'UDS_Buprenorphine_Count', 'UDS_Cocaine_Count', 'UDS_Methadone_Count', 'UDS_Opioid_Count', 'UDS_Sedatives_Count', 'UDS_Thc_Count', 'pain', 'has_schizophrenia', 'has_major_dep', 'has_bipolar', 'has_anx_pan', 'has_brain_damage', 'has_epilepsy', 'has_alcol_dx', 'has_amphetamines_dx', 'has_cannabis_dx', 'has_cocaine_dx', 'has_sedatives_dx', 'ftnd', 'XTRT', 'shared', 'rbsivheroin', 'TLFB_Alcohol_Count', 'TLFB_Amphetamine_Count', 'TLFB_Benzodiazepine_Count', 'TLFB_Buprenorphine_Count', 'TLFB_Cocaine_Count', 'TLFB_Heroin_Count', 'TLFB_Methadone_Count', 'TLFB_Opioid_Count', 'TLFB_THC_Count', 'TLFB_Other', 'Homosexual_Behavior', 'Non_monogamous_Relationships']
2024-08-23 11:31:04,591 - INFO - Fitting logistic regression model with the selected features...
2024-08-23 11:31:07,311 - INFO - Model training completed successfully.
2024-08-23 11:31:07,313 - INFO - Calculating the dynamic threshold based on the proportion of positive outcomes...
2024-08-23 11:31:07,316 - INFO - Ratio of 1s to 0s in the outcome variable: 0.89 : 0.11
2024-08-23 11:31:07,321 - INFO - Dynamic threshold set to: 0.892
2024-08-23 11:31:07,325 - INFO - Model trained and saved successfully for subset 2.
2024-08-23 11:31:07,326 - INFO - ---------------------------
2024-08-23 11:31:07,327 - INFO - TRAIN MODEL STAGE COMPLETED FOR SUBSET 2
2024-08-23 11:31:07,328 - INFO - ---------------------------
2024-08-23 11:31:07,329 - INFO - --------------------------------
2024-08-23 11:31:07,331 - INFO - EVALUATE MODEL STAGE STARTING FOR SUBSET 2...
2024-08-23 11:31:07,332 - INFO - --------------------------------
2024-08-23 11:31:07,395 - INFO - ROC AUC Score: 0.6570337153296795
2024-08-23 11:31:07,405 - INFO - Confusion Matrix: 
[[ 16  11]
 [ 90 133]]
2024-08-23 11:31:07,407 - INFO - Precision: 0.9236111111111112
2024-08-23 11:31:07,409 - INFO - Recall: 0.5964125560538116
2024-08-23 11:31:07,409 - INFO - Model evaluated successfully for subset 2.
2024-08-23 11:31:07,410 - INFO - ------------------------------
2024-08-23 11:31:07,410 - INFO - EVALUATE MODEL STAGE COMPLETED FOR SUBSET 2
2024-08-23 11:31:07,411 - INFO - ------------------------------
2024-08-23 11:31:07,414 - INFO - Subset 3 demographic makeup: 600 1, 188 3, 136 2, 76 4
2024-08-23 11:31:07,417 - INFO - Processing subset 3...
2024-08-23 11:31:07,429 - INFO - -----------------------------
2024-08-23 11:31:07,431 - INFO - TRAIN MODEL STAGE STARTING FOR SUBSET 3...
2024-08-23 11:31:07,432 - INFO - -----------------------------
2024-08-23 11:31:07,466 - INFO - Scaling features and applying LASSO for feature selection...
2024-08-23 11:31:09,938 - INFO - Selected features (including required): ['who', 'RaceEth', 'age', 'is_female', 'is_hispanic', 'unemployed', 'unstableliving', 'education', 'marital', 'UDS_Amphetamine_Count', 'UDS_Benzodiazepine_Count', 'UDS_Buprenorphine_Count', 'UDS_Cocaine_Count', 'UDS_Methadone_Count', 'UDS_Opioid_Count', 'UDS_Sedatives_Count', 'UDS_Thc_Count', 'pain', 'has_schizophrenia', 'has_major_dep', 'has_bipolar', 'has_anx_pan', 'has_brain_damage', 'has_epilepsy', 'has_alcol_dx', 'has_amphetamines_dx', 'has_cannabis_dx', 'has_cocaine_dx', 'has_sedatives_dx', 'ftnd', 'XTRT', 'shared', 'rbsivheroin', 'TLFB_Alcohol_Count', 'TLFB_Amphetamine_Count', 'TLFB_Benzodiazepine_Count', 'TLFB_Buprenorphine_Count', 'TLFB_Cocaine_Count', 'TLFB_Heroin_Count', 'TLFB_Methadone_Count', 'TLFB_Opioid_Count', 'TLFB_THC_Count', 'TLFB_Other', 'Homosexual_Behavior', 'Non_monogamous_Relationships']
2024-08-23 11:31:09,947 - INFO - Fitting logistic regression model with the selected features...
2024-08-23 11:31:12,042 - INFO - Model training completed successfully.
2024-08-23 11:31:12,049 - INFO - Calculating the dynamic threshold based on the proportion of positive outcomes...
2024-08-23 11:31:12,055 - INFO - Ratio of 1s to 0s in the outcome variable: 0.90 : 0.10
2024-08-23 11:31:12,058 - INFO - Dynamic threshold set to: 0.896
2024-08-23 11:31:12,059 - INFO - Model trained and saved successfully for subset 3.
2024-08-23 11:31:12,059 - INFO - ---------------------------
2024-08-23 11:31:12,080 - INFO - TRAIN MODEL STAGE COMPLETED FOR SUBSET 3
2024-08-23 11:31:12,099 - INFO - ---------------------------
2024-08-23 11:31:12,101 - INFO - --------------------------------
2024-08-23 11:31:12,105 - INFO - EVALUATE MODEL STAGE STARTING FOR SUBSET 3...
2024-08-23 11:31:12,107 - INFO - --------------------------------
2024-08-23 11:31:12,195 - INFO - ROC AUC Score: 0.7039835164835165
2024-08-23 11:31:12,196 - INFO - Confusion Matrix: 
[[ 16  10]
 [ 77 147]]
2024-08-23 11:31:12,197 - INFO - Precision: 0.9363057324840764
2024-08-23 11:31:12,200 - INFO - Recall: 0.65625
2024-08-23 11:31:12,201 - INFO - Model evaluated successfully for subset 3.
2024-08-23 11:31:12,201 - INFO - ------------------------------
2024-08-23 11:31:12,202 - INFO - EVALUATE MODEL STAGE COMPLETED FOR SUBSET 3
2024-08-23 11:31:12,210 - INFO - ------------------------------
2024-08-23 11:31:12,213 - INFO - Subset 4 demographic makeup: 650 1, 164 3, 120 2, 66 4
2024-08-23 11:31:12,214 - INFO - Processing subset 4...
2024-08-23 11:31:12,227 - INFO - -----------------------------
2024-08-23 11:31:12,229 - INFO - TRAIN MODEL STAGE STARTING FOR SUBSET 4...
2024-08-23 11:31:12,230 - INFO - -----------------------------
2024-08-23 11:31:12,259 - INFO - Scaling features and applying LASSO for feature selection...
2024-08-23 11:31:16,257 - INFO - Selected features (including required): ['who', 'RaceEth', 'age', 'is_female', 'is_hispanic', 'unemployed', 'unstableliving', 'education', 'marital', 'UDS_Amphetamine_Count', 'UDS_Benzodiazepine_Count', 'UDS_Buprenorphine_Count', 'UDS_Cocaine_Count', 'UDS_Methadone_Count', 'UDS_Opioid_Count', 'UDS_Sedatives_Count', 'UDS_Thc_Count', 'pain', 'has_schizophrenia', 'has_major_dep', 'has_bipolar', 'has_anx_pan', 'has_brain_damage', 'has_epilepsy', 'has_alcol_dx', 'has_amphetamines_dx', 'has_cannabis_dx', 'has_cocaine_dx', 'has_sedatives_dx', 'ftnd', 'XTRT', 'shared', 'rbsivheroin', 'TLFB_Alcohol_Count', 'TLFB_Amphetamine_Count', 'TLFB_Benzodiazepine_Count', 'TLFB_Buprenorphine_Count', 'TLFB_Cocaine_Count', 'TLFB_Heroin_Count', 'TLFB_Methadone_Count', 'TLFB_Opioid_Count', 'TLFB_THC_Count', 'TLFB_Other', 'Homosexual_Behavior', 'Non_monogamous_Relationships']
2024-08-23 11:31:16,265 - INFO - Fitting logistic regression model with the selected features...
2024-08-23 11:31:19,062 - INFO - Model training completed successfully.
2024-08-23 11:31:19,068 - INFO - Calculating the dynamic threshold based on the proportion of positive outcomes...
2024-08-23 11:31:19,069 - INFO - Ratio of 1s to 0s in the outcome variable: 0.88 : 0.12
2024-08-23 11:31:19,069 - INFO - Dynamic threshold set to: 0.884
2024-08-23 11:31:19,080 - INFO - Model trained and saved successfully for subset 4.
2024-08-23 11:31:19,142 - INFO - ---------------------------
2024-08-23 11:31:19,145 - INFO - TRAIN MODEL STAGE COMPLETED FOR SUBSET 4
2024-08-23 11:31:19,147 - INFO - ---------------------------
2024-08-23 11:31:19,155 - INFO - --------------------------------
2024-08-23 11:31:19,156 - INFO - EVALUATE MODEL STAGE STARTING FOR SUBSET 4...
2024-08-23 11:31:19,160 - INFO - --------------------------------
2024-08-23 11:31:19,214 - INFO - ROC AUC Score: 0.6910594476517398
2024-08-23 11:31:19,218 - INFO - Confusion Matrix: 
[[ 12  17]
 [ 46 175]]
2024-08-23 11:31:19,219 - INFO - Precision: 0.9114583333333334
2024-08-23 11:31:19,221 - INFO - Recall: 0.7918552036199095
2024-08-23 11:31:19,221 - INFO - Model evaluated successfully for subset 4.
2024-08-23 11:31:19,222 - INFO - ------------------------------
2024-08-23 11:31:19,222 - INFO - EVALUATE MODEL STAGE COMPLETED FOR SUBSET 4
2024-08-23 11:31:19,223 - INFO - ------------------------------
2024-08-23 11:31:19,226 - INFO - Subset 5 demographic makeup: 700 1, 142 3, 104 2, 54 4
2024-08-23 11:31:19,226 - INFO - Processing subset 5...
2024-08-23 11:31:19,227 - INFO - -----------------------------
2024-08-23 11:31:19,228 - INFO - TRAIN MODEL STAGE STARTING FOR SUBSET 5...
2024-08-23 11:31:19,229 - INFO - -----------------------------
2024-08-23 11:31:19,254 - INFO - Scaling features and applying LASSO for feature selection...
2024-08-23 11:31:23,377 - INFO - Selected features (including required): ['who', 'RaceEth', 'age', 'is_female', 'is_hispanic', 'unemployed', 'unstableliving', 'education', 'marital', 'UDS_Amphetamine_Count', 'UDS_Benzodiazepine_Count', 'UDS_Buprenorphine_Count', 'UDS_Cocaine_Count', 'UDS_Methadone_Count', 'UDS_Opioid_Count', 'UDS_Sedatives_Count', 'UDS_Thc_Count', 'pain', 'has_schizophrenia', 'has_major_dep', 'has_bipolar', 'has_anx_pan', 'has_brain_damage', 'has_epilepsy', 'has_alcol_dx', 'has_amphetamines_dx', 'has_cannabis_dx', 'has_cocaine_dx', 'has_sedatives_dx', 'ftnd', 'XTRT', 'shared', 'rbsivheroin', 'TLFB_Alcohol_Count', 'TLFB_Amphetamine_Count', 'TLFB_Benzodiazepine_Count', 'TLFB_Buprenorphine_Count', 'TLFB_Cocaine_Count', 'TLFB_Heroin_Count', 'TLFB_Methadone_Count', 'TLFB_Opioid_Count', 'TLFB_THC_Count', 'TLFB_Other', 'Homosexual_Behavior', 'Non_monogamous_Relationships']
2024-08-23 11:31:23,384 - INFO - Fitting logistic regression model with the selected features...
2024-08-23 11:31:25,082 - INFO - Model training completed successfully.
2024-08-23 11:31:25,084 - INFO - Calculating the dynamic threshold based on the proportion of positive outcomes...
2024-08-23 11:31:25,084 - INFO - Ratio of 1s to 0s in the outcome variable: 0.92 : 0.08
2024-08-23 11:31:25,084 - INFO - Dynamic threshold set to: 0.924
2024-08-23 11:31:25,084 - INFO - Model trained and saved successfully for subset 5.
2024-08-23 11:31:25,084 - INFO - ---------------------------
2024-08-23 11:31:25,084 - INFO - TRAIN MODEL STAGE COMPLETED FOR SUBSET 5
2024-08-23 11:31:25,084 - INFO - ---------------------------
2024-08-23 11:31:25,085 - INFO - --------------------------------
2024-08-23 11:31:25,085 - INFO - EVALUATE MODEL STAGE STARTING FOR SUBSET 5...
2024-08-23 11:31:25,085 - INFO - --------------------------------
2024-08-23 11:31:25,107 - INFO - ROC AUC Score: 0.6397812713602188
2024-08-23 11:31:25,108 - INFO - Confusion Matrix: 
[[  9  10]
 [ 95 136]]
2024-08-23 11:31:25,108 - INFO - Precision: 0.9315068493150684
2024-08-23 11:31:25,108 - INFO - Recall: 0.5887445887445888
2024-08-23 11:31:25,108 - INFO - Model evaluated successfully for subset 5.
2024-08-23 11:31:25,108 - INFO - ------------------------------
2024-08-23 11:31:25,109 - INFO - EVALUATE MODEL STAGE COMPLETED FOR SUBSET 5
2024-08-23 11:31:25,109 - INFO - ------------------------------
2024-08-23 11:31:25,111 - INFO - Subset 6 demographic makeup: 750 1, 114 3, 88 2, 48 4
2024-08-23 11:31:25,113 - INFO - Processing subset 6...
2024-08-23 11:31:25,114 - INFO - -----------------------------
2024-08-23 11:31:25,114 - INFO - TRAIN MODEL STAGE STARTING FOR SUBSET 6...
2024-08-23 11:31:25,114 - INFO - -----------------------------
2024-08-23 11:31:25,134 - INFO - Scaling features and applying LASSO for feature selection...
2024-08-23 11:31:28,153 - INFO - Selected features (including required): ['who', 'RaceEth', 'age', 'is_female', 'is_hispanic', 'unemployed', 'unstableliving', 'education', 'marital', 'UDS_Amphetamine_Count', 'UDS_Benzodiazepine_Count', 'UDS_Buprenorphine_Count', 'UDS_Cocaine_Count', 'UDS_Methadone_Count', 'UDS_Opioid_Count', 'UDS_Sedatives_Count', 'UDS_Thc_Count', 'pain', 'has_schizophrenia', 'has_major_dep', 'has_bipolar', 'has_anx_pan', 'has_brain_damage', 'has_epilepsy', 'has_alcol_dx', 'has_amphetamines_dx', 'has_cannabis_dx', 'has_cocaine_dx', 'has_sedatives_dx', 'ftnd', 'XTRT', 'shared', 'rbsivheroin', 'TLFB_Alcohol_Count', 'TLFB_Amphetamine_Count', 'TLFB_Benzodiazepine_Count', 'TLFB_Buprenorphine_Count', 'TLFB_Cocaine_Count', 'TLFB_Heroin_Count', 'TLFB_Methadone_Count', 'TLFB_Opioid_Count', 'TLFB_THC_Count', 'TLFB_Other', 'Homosexual_Behavior', 'Non_monogamous_Relationships']
2024-08-23 11:31:28,204 - INFO - Fitting logistic regression model with the selected features...
2024-08-23 11:31:29,840 - INFO - Model training completed successfully.
2024-08-23 11:31:29,841 - INFO - Calculating the dynamic threshold based on the proportion of positive outcomes...
2024-08-23 11:31:29,841 - INFO - Ratio of 1s to 0s in the outcome variable: 0.89 : 0.11
2024-08-23 11:31:29,841 - INFO - Dynamic threshold set to: 0.888
2024-08-23 11:31:29,841 - INFO - Model trained and saved successfully for subset 6.
2024-08-23 11:31:29,841 - INFO - ---------------------------
2024-08-23 11:31:29,841 - INFO - TRAIN MODEL STAGE COMPLETED FOR SUBSET 6
2024-08-23 11:31:29,841 - INFO - ---------------------------
2024-08-23 11:31:29,842 - INFO - --------------------------------
2024-08-23 11:31:29,842 - INFO - EVALUATE MODEL STAGE STARTING FOR SUBSET 6...
2024-08-23 11:31:29,842 - INFO - --------------------------------
2024-08-23 11:31:29,858 - INFO - ROC AUC Score: 0.7104247104247104
2024-08-23 11:31:29,859 - INFO - Confusion Matrix: 
[[ 11  17]
 [ 56 166]]
2024-08-23 11:31:29,859 - INFO - Precision: 0.907103825136612
2024-08-23 11:31:29,860 - INFO - Recall: 0.7477477477477478
2024-08-23 11:31:29,860 - INFO - Model evaluated successfully for subset 6.
2024-08-23 11:31:29,860 - INFO - ------------------------------
2024-08-23 11:31:29,860 - INFO - EVALUATE MODEL STAGE COMPLETED FOR SUBSET 6
2024-08-23 11:31:29,864 - INFO - ------------------------------
2024-08-23 11:31:29,865 - INFO - Subset 7 demographic makeup: 800 1, 87 3, 71 2, 42 4
2024-08-23 11:31:29,865 - INFO - Processing subset 7...
2024-08-23 11:31:29,865 - INFO - -----------------------------
2024-08-23 11:31:29,865 - INFO - TRAIN MODEL STAGE STARTING FOR SUBSET 7...
2024-08-23 11:31:29,866 - INFO - -----------------------------
2024-08-23 11:31:29,877 - INFO - Scaling features and applying LASSO for feature selection...
2024-08-23 11:31:40,254 - INFO - Selected features (including required): ['who', 'RaceEth', 'age', 'is_female', 'is_hispanic', 'unemployed', 'unstableliving', 'education', 'marital', 'UDS_Amphetamine_Count', 'UDS_Benzodiazepine_Count', 'UDS_Buprenorphine_Count', 'UDS_Cocaine_Count', 'UDS_Methadone_Count', 'UDS_Opioid_Count', 'UDS_Sedatives_Count', 'UDS_Thc_Count', 'pain', 'has_schizophrenia', 'has_major_dep', 'has_bipolar', 'has_anx_pan', 'has_brain_damage', 'has_epilepsy', 'has_alcol_dx', 'has_amphetamines_dx', 'has_cannabis_dx', 'has_cocaine_dx', 'has_sedatives_dx', 'ftnd', 'XTRT', 'shared', 'rbsivheroin', 'TLFB_Alcohol_Count', 'TLFB_Amphetamine_Count', 'TLFB_Benzodiazepine_Count', 'TLFB_Buprenorphine_Count', 'TLFB_Cocaine_Count', 'TLFB_Heroin_Count', 'TLFB_Methadone_Count', 'TLFB_Opioid_Count', 'TLFB_THC_Count', 'TLFB_Other', 'Homosexual_Behavior', 'Non_monogamous_Relationships']
2024-08-23 11:31:40,277 - INFO - Fitting logistic regression model with the selected features...
2024-08-23 11:31:42,466 - INFO - Model training completed successfully.
2024-08-23 11:31:42,466 - INFO - Calculating the dynamic threshold based on the proportion of positive outcomes...
2024-08-23 11:31:42,467 - INFO - Ratio of 1s to 0s in the outcome variable: 0.90 : 0.10
2024-08-23 11:31:42,467 - INFO - Dynamic threshold set to: 0.9
2024-08-23 11:31:42,467 - INFO - Model trained and saved successfully for subset 7.
2024-08-23 11:31:42,467 - INFO - ---------------------------
2024-08-23 11:31:42,468 - INFO - TRAIN MODEL STAGE COMPLETED FOR SUBSET 7
2024-08-23 11:31:42,468 - INFO - ---------------------------
2024-08-23 11:31:42,468 - INFO - --------------------------------
2024-08-23 11:31:42,468 - INFO - EVALUATE MODEL STAGE STARTING FOR SUBSET 7...
2024-08-23 11:31:42,468 - INFO - --------------------------------
2024-08-23 11:31:42,563 - INFO - ROC AUC Score: 0.8010666666666667
2024-08-23 11:31:42,563 - INFO - Confusion Matrix: 
[[ 16   9]
 [ 66 159]]
2024-08-23 11:31:42,563 - INFO - Precision: 0.9464285714285714
2024-08-23 11:31:42,563 - INFO - Recall: 0.7066666666666667
2024-08-23 11:31:42,563 - INFO - Model evaluated successfully for subset 7.
2024-08-23 11:31:42,563 - INFO - ------------------------------
2024-08-23 11:31:42,564 - INFO - EVALUATE MODEL STAGE COMPLETED FOR SUBSET 7
2024-08-23 11:31:42,564 - INFO - ------------------------------
2024-08-23 11:31:42,568 - INFO - Subset 8 demographic makeup: 850 1, 66 3, 53 2, 31 4
2024-08-23 11:31:42,568 - INFO - Processing subset 8...
2024-08-23 11:31:42,568 - INFO - -----------------------------
2024-08-23 11:31:42,569 - INFO - TRAIN MODEL STAGE STARTING FOR SUBSET 8...
2024-08-23 11:31:42,569 - INFO - -----------------------------
2024-08-23 11:31:42,590 - INFO - Scaling features and applying LASSO for feature selection...
2024-08-23 11:31:46,849 - INFO - Selected features (including required): ['who', 'RaceEth', 'age', 'is_female', 'is_hispanic', 'unemployed', 'unstableliving', 'education', 'marital', 'UDS_Amphetamine_Count', 'UDS_Benzodiazepine_Count', 'UDS_Buprenorphine_Count', 'UDS_Cocaine_Count', 'UDS_Methadone_Count', 'UDS_Opioid_Count', 'UDS_Sedatives_Count', 'UDS_Thc_Count', 'pain', 'has_schizophrenia', 'has_major_dep', 'has_bipolar', 'has_anx_pan', 'has_brain_damage', 'has_epilepsy', 'has_alcol_dx', 'has_amphetamines_dx', 'has_cannabis_dx', 'has_cocaine_dx', 'has_sedatives_dx', 'ftnd', 'XTRT', 'shared', 'rbsivheroin', 'TLFB_Alcohol_Count', 'TLFB_Amphetamine_Count', 'TLFB_Benzodiazepine_Count', 'TLFB_Buprenorphine_Count', 'TLFB_Cocaine_Count', 'TLFB_Heroin_Count', 'TLFB_Methadone_Count', 'TLFB_Opioid_Count', 'TLFB_THC_Count', 'TLFB_Other', 'Homosexual_Behavior', 'Non_monogamous_Relationships']
2024-08-23 11:31:46,860 - INFO - Fitting logistic regression model with the selected features...
2024-08-23 11:31:48,854 - INFO - Model training completed successfully.
2024-08-23 11:31:48,855 - INFO - Calculating the dynamic threshold based on the proportion of positive outcomes...
2024-08-23 11:31:48,856 - INFO - Ratio of 1s to 0s in the outcome variable: 0.90 : 0.10
2024-08-23 11:31:48,863 - INFO - Dynamic threshold set to: 0.9
2024-08-23 11:31:48,866 - INFO - Model trained and saved successfully for subset 8.
2024-08-23 11:31:48,871 - INFO - ---------------------------
2024-08-23 11:31:48,874 - INFO - TRAIN MODEL STAGE COMPLETED FOR SUBSET 8
2024-08-23 11:31:48,877 - INFO - ---------------------------
2024-08-23 11:31:48,884 - INFO - --------------------------------
2024-08-23 11:31:48,891 - INFO - EVALUATE MODEL STAGE STARTING FOR SUBSET 8...
2024-08-23 11:31:48,894 - INFO - --------------------------------
2024-08-23 11:31:48,938 - INFO - ROC AUC Score: 0.7358222222222222
2024-08-23 11:31:48,942 - INFO - Confusion Matrix: 
[[ 13  12]
 [ 68 157]]
2024-08-23 11:31:48,947 - INFO - Precision: 0.9289940828402367
2024-08-23 11:31:48,956 - INFO - Recall: 0.6977777777777778
2024-08-23 11:31:48,960 - INFO - Model evaluated successfully for subset 8.
2024-08-23 11:31:48,961 - INFO - ------------------------------
2024-08-23 11:31:48,961 - INFO - EVALUATE MODEL STAGE COMPLETED FOR SUBSET 8
2024-08-23 11:31:48,962 - INFO - ------------------------------
2024-08-23 11:31:48,964 - INFO - Subset 9 demographic makeup: 900 1, 45 3, 34 2, 21 4
2024-08-23 11:31:48,964 - INFO - Processing subset 9...
2024-08-23 11:31:48,974 - INFO - -----------------------------
2024-08-23 11:31:48,974 - INFO - TRAIN MODEL STAGE STARTING FOR SUBSET 9...
2024-08-23 11:31:48,974 - INFO - -----------------------------
2024-08-23 11:31:48,998 - INFO - Scaling features and applying LASSO for feature selection...
2024-08-23 11:31:51,578 - INFO - Selected features (including required): ['who', 'RaceEth', 'age', 'is_female', 'is_hispanic', 'unemployed', 'unstableliving', 'education', 'marital', 'UDS_Amphetamine_Count', 'UDS_Benzodiazepine_Count', 'UDS_Buprenorphine_Count', 'UDS_Cocaine_Count', 'UDS_Methadone_Count', 'UDS_Opioid_Count', 'UDS_Sedatives_Count', 'UDS_Thc_Count', 'pain', 'has_schizophrenia', 'has_major_dep', 'has_bipolar', 'has_anx_pan', 'has_brain_damage', 'has_epilepsy', 'has_alcol_dx', 'has_amphetamines_dx', 'has_cannabis_dx', 'has_cocaine_dx', 'has_sedatives_dx', 'ftnd', 'XTRT', 'shared', 'rbsivheroin', 'TLFB_Alcohol_Count', 'TLFB_Amphetamine_Count', 'TLFB_Benzodiazepine_Count', 'TLFB_Buprenorphine_Count', 'TLFB_Cocaine_Count', 'TLFB_Heroin_Count', 'TLFB_Methadone_Count', 'TLFB_Opioid_Count', 'TLFB_THC_Count', 'TLFB_Other', 'Homosexual_Behavior', 'Non_monogamous_Relationships']
2024-08-23 11:31:51,589 - INFO - Fitting logistic regression model with the selected features...
2024-08-23 11:31:53,849 - INFO - Model training completed successfully.
2024-08-23 11:31:53,850 - INFO - Calculating the dynamic threshold based on the proportion of positive outcomes...
2024-08-23 11:31:53,850 - INFO - Ratio of 1s to 0s in the outcome variable: 0.87 : 0.13
2024-08-23 11:31:53,850 - INFO - Dynamic threshold set to: 0.872
2024-08-23 11:31:53,850 - INFO - Model trained and saved successfully for subset 9.
2024-08-23 11:31:53,851 - INFO - ---------------------------
2024-08-23 11:31:53,851 - INFO - TRAIN MODEL STAGE COMPLETED FOR SUBSET 9
2024-08-23 11:31:53,851 - INFO - ---------------------------
2024-08-23 11:31:53,851 - INFO - --------------------------------
2024-08-23 11:31:53,851 - INFO - EVALUATE MODEL STAGE STARTING FOR SUBSET 9...
2024-08-23 11:31:53,851 - INFO - --------------------------------
2024-08-23 11:31:53,873 - INFO - ROC AUC Score: 0.7290711009174311
2024-08-23 11:31:53,874 - INFO - Confusion Matrix: 
[[ 15  17]
 [ 51 167]]
2024-08-23 11:31:53,874 - INFO - Precision: 0.907608695652174
2024-08-23 11:31:53,874 - INFO - Recall: 0.7660550458715596
2024-08-23 11:31:53,874 - INFO - Model evaluated successfully for subset 9.
2024-08-23 11:31:53,874 - INFO - ------------------------------
2024-08-23 11:31:53,874 - INFO - EVALUATE MODEL STAGE COMPLETED FOR SUBSET 9
2024-08-23 11:31:53,874 - INFO - ------------------------------
2024-08-23 11:31:53,875 - INFO - Subset 10 demographic makeup: 950 1, 24 3, 13 2, 13 4
2024-08-23 11:31:53,876 - INFO - Processing subset 10...
2024-08-23 11:31:53,876 - INFO - -----------------------------
2024-08-23 11:31:53,876 - INFO - TRAIN MODEL STAGE STARTING FOR SUBSET 10...
2024-08-23 11:31:53,876 - INFO - -----------------------------
2024-08-23 11:31:53,885 - INFO - Scaling features and applying LASSO for feature selection...
2024-08-23 11:31:58,834 - INFO - Selected features (including required): ['who', 'RaceEth', 'age', 'is_female', 'is_hispanic', 'unemployed', 'unstableliving', 'education', 'marital', 'UDS_Amphetamine_Count', 'UDS_Benzodiazepine_Count', 'UDS_Buprenorphine_Count', 'UDS_Cocaine_Count', 'UDS_Methadone_Count', 'UDS_Opioid_Count', 'UDS_Sedatives_Count', 'UDS_Thc_Count', 'pain', 'has_schizophrenia', 'has_major_dep', 'has_bipolar', 'has_anx_pan', 'has_brain_damage', 'has_epilepsy', 'has_alcol_dx', 'has_amphetamines_dx', 'has_cannabis_dx', 'has_cocaine_dx', 'has_sedatives_dx', 'ftnd', 'XTRT', 'shared', 'rbsivheroin', 'TLFB_Alcohol_Count', 'TLFB_Amphetamine_Count', 'TLFB_Benzodiazepine_Count', 'TLFB_Buprenorphine_Count', 'TLFB_Cocaine_Count', 'TLFB_Heroin_Count', 'TLFB_Methadone_Count', 'TLFB_Opioid_Count', 'TLFB_THC_Count', 'TLFB_Other', 'Homosexual_Behavior', 'Non_monogamous_Relationships']
2024-08-23 11:31:58,914 - INFO - Fitting logistic regression model with the selected features...
2024-08-23 11:32:11,854 - INFO - Model training completed successfully.
2024-08-23 11:32:11,860 - INFO - Calculating the dynamic threshold based on the proportion of positive outcomes...
2024-08-23 11:32:11,864 - INFO - Ratio of 1s to 0s in the outcome variable: 0.93 : 0.07
2024-08-23 11:32:11,865 - INFO - Dynamic threshold set to: 0.928
2024-08-23 11:32:11,865 - INFO - Model trained and saved successfully for subset 10.
2024-08-23 11:32:11,865 - INFO - ---------------------------
2024-08-23 11:32:11,865 - INFO - TRAIN MODEL STAGE COMPLETED FOR SUBSET 10
2024-08-23 11:32:11,865 - INFO - ---------------------------
2024-08-23 11:32:11,865 - INFO - --------------------------------
2024-08-23 11:32:11,865 - INFO - EVALUATE MODEL STAGE STARTING FOR SUBSET 10...
2024-08-23 11:32:11,865 - INFO - --------------------------------
2024-08-23 11:32:11,901 - INFO - ROC AUC Score: 0.7595785440613027
2024-08-23 11:32:11,902 - INFO - Confusion Matrix: 
[[ 13   5]
 [ 98 134]]
2024-08-23 11:32:11,902 - INFO - Precision: 0.9640287769784173
2024-08-23 11:32:11,902 - INFO - Recall: 0.5775862068965517
2024-08-23 11:32:11,902 - INFO - Model evaluated successfully for subset 10.
2024-08-23 11:32:11,902 - INFO - ------------------------------
2024-08-23 11:32:11,903 - INFO - EVALUATE MODEL STAGE COMPLETED FOR SUBSET 10
2024-08-23 11:32:11,903 - INFO - ------------------------------
2024-08-23 11:32:11,926 - INFO - Subset 11 demographic makeup: 1000 1
2024-08-23 11:32:11,951 - INFO - Processing subset 11...
2024-08-23 11:32:11,954 - INFO - -----------------------------
2024-08-23 11:32:11,955 - INFO - TRAIN MODEL STAGE STARTING FOR SUBSET 11...
2024-08-23 11:32:11,955 - INFO - -----------------------------
2024-08-23 11:32:12,081 - INFO - Scaling features and applying LASSO for feature selection...
2024-08-23 11:32:17,505 - INFO - Selected features (including required): ['who', 'age', 'is_female', 'unemployed', 'unstableliving', 'education', 'marital', 'UDS_Amphetamine_Count', 'UDS_Benzodiazepine_Count', 'UDS_Buprenorphine_Count', 'UDS_Cocaine_Count', 'UDS_Methadone_Count', 'UDS_Opioid_Count', 'UDS_Sedatives_Count', 'UDS_Thc_Count', 'pain', 'has_schizophrenia', 'has_major_dep', 'has_bipolar', 'has_anx_pan', 'has_brain_damage', 'has_epilepsy', 'has_alcol_dx', 'has_amphetamines_dx', 'has_cannabis_dx', 'has_cocaine_dx', 'has_sedatives_dx', 'ftnd', 'XTRT', 'shared', 'rbsivheroin', 'TLFB_Alcohol_Count', 'TLFB_Amphetamine_Count', 'TLFB_Benzodiazepine_Count', 'TLFB_Buprenorphine_Count', 'TLFB_Cocaine_Count', 'TLFB_Heroin_Count', 'TLFB_Methadone_Count', 'TLFB_Opioid_Count', 'TLFB_THC_Count', 'TLFB_Other', 'Homosexual_Behavior', 'Non_monogamous_Relationships']
2024-08-23 11:32:17,516 - INFO - Fitting logistic regression model with the selected features...
2024-08-23 11:32:20,504 - INFO - Model training completed successfully.
2024-08-23 11:32:20,505 - INFO - Calculating the dynamic threshold based on the proportion of positive outcomes...
2024-08-23 11:32:20,507 - INFO - Ratio of 1s to 0s in the outcome variable: 0.91 : 0.09
2024-08-23 11:32:20,509 - INFO - Dynamic threshold set to: 0.912
2024-08-23 11:32:20,515 - INFO - Model trained and saved successfully for subset 11.
2024-08-23 11:32:20,515 - INFO - ---------------------------
2024-08-23 11:32:20,547 - INFO - TRAIN MODEL STAGE COMPLETED FOR SUBSET 11
2024-08-23 11:32:20,574 - INFO - ---------------------------
2024-08-23 11:32:20,577 - INFO - --------------------------------
2024-08-23 11:32:20,579 - INFO - EVALUATE MODEL STAGE STARTING FOR SUBSET 11...
2024-08-23 11:32:20,581 - INFO - --------------------------------
2024-08-23 11:32:20,636 - INFO - ROC AUC Score: 0.7527910685805422
2024-08-23 11:32:20,643 - INFO - Confusion Matrix: 
[[ 17   5]
 [ 77 151]]
2024-08-23 11:32:20,645 - INFO - Precision: 0.967948717948718
2024-08-23 11:32:20,664 - INFO - Recall: 0.6622807017543859
2024-08-23 11:32:20,664 - INFO - Model evaluated successfully for subset 11.
2024-08-23 11:32:20,670 - INFO - ------------------------------
2024-08-23 11:32:20,672 - INFO - EVALUATE MODEL STAGE COMPLETED FOR SUBSET 11
2024-08-23 11:32:20,672 - INFO - ------------------------------
2024-08-23 11:32:20,673 - INFO - ------------------
2024-08-23 11:32:20,674 - INFO - PIPELINE COMPLETED
2024-08-23 11:32:20,676 - INFO - ------------------
