2024-08-05 13:26:41,817 - INFO - Global Seed set to: 23
2024-08-05 13:26:41,817 - INFO - Outcome Name: Rs_krupitsky_2004
2024-08-05 13:26:41,867 - INFO - Datasets loaded successfully.
2024-08-05 13:26:41,876 - INFO - Starting preprocessing of the merged dataset...
2024-08-05 13:26:41,876 - INFO - ---------------------------------
2024-08-05 13:26:41,876 - INFO - PRE-PROCESSING STAGE STARTING...
2024-08-05 13:26:41,877 - INFO - ---------------------------------
2024-08-05 13:26:42,441 - INFO - Dropped initial columns: ['pain_when', 'is_smoker', 'per_day', 'max', 'amount', 'depression', 'anxiety', 'schizophrenia', 'max', 'amount', 'cocaine_inject_days', 'speedball_inject_days', 'opioid_inject_days', 'speed_inject_days', 'UDS_Alcohol_Count', 'UDS_Mdma/Hallucinogen_Count']
2024-08-05 13:26:42,511 - INFO - Converted Yes/No to binary.
2024-08-05 13:26:42,535 - INFO - Processed TLFB columns with specified columns: ['TLFB_Alcohol_Count', 'TLFB_Amphetamine_Count', 'TLFB_Cocaine_Count', 'TLFB_Heroin_Count', 'TLFB_Benzodiazepine_Count', 'TLFB_Opioid_Count', 'TLFB_THC_Count', 'TLFB_Methadone_Count', 'TLFB_Buprenorphine_Count']
2024-08-05 13:26:42,670 - INFO - Calculated behavioral columns.
2024-08-05 13:26:42,673 - INFO - Moved 'Rs_krupitsky_2004' column to the end.
2024-08-05 13:26:42,924 - INFO - Dropped initial columns: ['msm_npt', 'msm_frq', 'txx_prt']
2024-08-05 13:26:42,959 - INFO - transform_data_with_nan_handling success
2024-08-05 13:26:42,960 - INFO - Renamed columns according to the mapping.
2024-08-05 13:26:43,007 - INFO - Transformed NaN to 0 for binary columns.
2024-08-05 13:26:43,009 - INFO - Transformed and renamed 'heroin_inject_days' column to 'rbsivheroin'.
2024-08-05 13:26:43,015 - INFO - Filled NaN with 0 for 'ftnd' column.
2024-08-05 13:26:43,110 - INFO - Dropped additional columns: ['rbs_iv_days', 'race', 'RBS_cocaine_Days', 'RBS_heroin_Days', 'RBS_opioid_Days', 'RBS_speed_Days', 'RBS_speedball_Days']
2024-08-05 13:26:43,128 - INFO - Converted UDS drug counts to binary.
2024-08-05 13:26:43,204 - INFO - ------------------------------
2024-08-05 13:26:43,205 - INFO - PRE-PROCESSING STAGE COMPLETED
2024-08-05 13:26:43,205 - INFO - ------------------------------
2024-08-05 13:26:43,207 - INFO - Merged dataset preprocessed successfully.
2024-08-05 13:26:43,207 - INFO - Creating demographic subsets from preprocessed data...
2024-08-05 13:26:51,447 - INFO - Created 11 subsets successfully.
2024-08-05 13:26:51,448 - INFO - Creating merged subsets from create_demographics_dfs function
2024-08-05 13:26:51,534 - INFO - Created 11 merged subsets successfully.
2024-08-05 13:26:51,535 - INFO - Subset 1 demographic makeup: 500 1, 249 3, 153 2, 98 4
2024-08-05 13:26:51,535 - INFO - Processing subset 1...
2024-08-05 13:26:51,535 - INFO - -----------------------------
2024-08-05 13:26:51,535 - INFO - TRAIN MODEL STAGE STARTING FOR SUBSET 1...
2024-08-05 13:26:51,535 - INFO - -----------------------------
2024-08-05 13:26:51,540 - INFO - Scaling features and applying LASSO for feature selection...
2024-08-05 13:26:55,536 - INFO - Selected features (including required): ['who', 'RaceEth', 'age', 'is_female', 'is_hispanic', 'unemployed', 'unstableliving', 'education', 'marital', 'UDS_Amphetamine_Count', 'UDS_Benzodiazepine_Count', 'UDS_Buprenorphine_Count', 'UDS_Cocaine_Count', 'UDS_Methadone_Count', 'UDS_Opioid_Count', 'UDS_Sedatives_Count', 'UDS_Thc_Count', 'pain', 'has_schizophrenia', 'has_major_dep', 'has_bipolar', 'has_anx_pan', 'has_brain_damage', 'has_epilepsy', 'has_alcol_dx', 'has_amphetamines_dx', 'has_cannabis_dx', 'has_cocaine_dx', 'has_sedatives_dx', 'ftnd', 'XTRT', 'shared', 'rbsivheroin', 'TLFB_Alcohol_Count', 'TLFB_Amphetamine_Count', 'TLFB_Benzodiazepine_Count', 'TLFB_Buprenorphine_Count', 'TLFB_Cocaine_Count', 'TLFB_Heroin_Count', 'TLFB_Methadone_Count', 'TLFB_Opioid_Count', 'TLFB_THC_Count', 'TLFB_Other', 'Homosexual_Behavior', 'Non_monogamous_Relationships']
2024-08-05 13:26:55,544 - INFO - Fitting logistic regression model with the selected features...
2024-08-05 13:26:56,196 - INFO - Model training completed successfully.
2024-08-05 13:26:56,196 - INFO - Calculating the dynamic threshold based on the proportion of positive outcomes...
2024-08-05 13:26:56,197 - INFO - Ratio of 1s to 0s in the outcome variable: 0.82 : 0.18
2024-08-05 13:26:56,197 - INFO - Dynamic threshold set to: 0.824
2024-08-05 13:26:56,197 - INFO - Model trained and saved successfully for subset 1.
2024-08-05 13:26:56,197 - INFO - ---------------------------
2024-08-05 13:26:56,197 - INFO - TRAIN MODEL STAGE COMPLETED FOR SUBSET 1
2024-08-05 13:26:56,197 - INFO - ---------------------------
2024-08-05 13:26:56,197 - INFO - --------------------------------
2024-08-05 13:26:56,197 - INFO - EVALUATE MODEL STAGE STARTING FOR SUBSET 1...
2024-08-05 13:26:56,197 - INFO - --------------------------------
2024-08-05 13:26:56,209 - INFO - ROC AUC Score: 0.6063548102383053
2024-08-05 13:26:56,209 - INFO - Confusion Matrix: 
[[ 26  18]
 [ 95 111]]
2024-08-05 13:26:56,209 - INFO - Precision: 0.8604651162790697
2024-08-05 13:26:56,209 - INFO - Recall: 0.5388349514563107
2024-08-05 13:26:56,210 - INFO - Model evaluated successfully for subset 1.
2024-08-05 13:26:56,210 - INFO - ------------------------------
2024-08-05 13:26:56,210 - INFO - EVALUATE MODEL STAGE COMPLETED FOR SUBSET 1
2024-08-05 13:26:56,210 - INFO - ------------------------------
2024-08-05 13:26:56,211 - INFO - Subset 2 demographic makeup: 550 1, 226 3, 133 2, 91 4
2024-08-05 13:26:56,211 - INFO - Processing subset 2...
2024-08-05 13:26:56,211 - INFO - -----------------------------
2024-08-05 13:26:56,211 - INFO - TRAIN MODEL STAGE STARTING FOR SUBSET 2...
2024-08-05 13:26:56,211 - INFO - -----------------------------
2024-08-05 13:26:56,225 - INFO - Scaling features and applying LASSO for feature selection...
2024-08-05 13:27:00,071 - INFO - Selected features (including required): ['who', 'RaceEth', 'age', 'is_female', 'is_hispanic', 'unemployed', 'unstableliving', 'education', 'marital', 'UDS_Amphetamine_Count', 'UDS_Benzodiazepine_Count', 'UDS_Buprenorphine_Count', 'UDS_Cocaine_Count', 'UDS_Methadone_Count', 'UDS_Opioid_Count', 'UDS_Sedatives_Count', 'UDS_Thc_Count', 'pain', 'has_schizophrenia', 'has_major_dep', 'has_bipolar', 'has_anx_pan', 'has_brain_damage', 'has_epilepsy', 'has_alcol_dx', 'has_amphetamines_dx', 'has_cannabis_dx', 'has_cocaine_dx', 'has_sedatives_dx', 'ftnd', 'XTRT', 'shared', 'rbsivheroin', 'TLFB_Alcohol_Count', 'TLFB_Amphetamine_Count', 'TLFB_Benzodiazepine_Count', 'TLFB_Buprenorphine_Count', 'TLFB_Cocaine_Count', 'TLFB_Heroin_Count', 'TLFB_Methadone_Count', 'TLFB_Opioid_Count', 'TLFB_THC_Count', 'TLFB_Other', 'Homosexual_Behavior', 'Non_monogamous_Relationships']
2024-08-05 13:27:00,076 - INFO - Fitting logistic regression model with the selected features...
2024-08-05 13:27:00,555 - INFO - Model training completed successfully.
2024-08-05 13:27:00,555 - INFO - Calculating the dynamic threshold based on the proportion of positive outcomes...
2024-08-05 13:27:00,555 - INFO - Ratio of 1s to 0s in the outcome variable: 0.84 : 0.16
2024-08-05 13:27:00,555 - INFO - Dynamic threshold set to: 0.836
2024-08-05 13:27:00,556 - INFO - Model trained and saved successfully for subset 2.
2024-08-05 13:27:00,556 - INFO - ---------------------------
2024-08-05 13:27:00,556 - INFO - TRAIN MODEL STAGE COMPLETED FOR SUBSET 2
2024-08-05 13:27:00,556 - INFO - ---------------------------
2024-08-05 13:27:00,556 - INFO - --------------------------------
2024-08-05 13:27:00,556 - INFO - EVALUATE MODEL STAGE STARTING FOR SUBSET 2...
2024-08-05 13:27:00,556 - INFO - --------------------------------
2024-08-05 13:27:00,569 - INFO - ROC AUC Score: 0.6209592717936747
2024-08-05 13:27:00,569 - INFO - Confusion Matrix: 
[[ 22  19]
 [ 80 129]]
2024-08-05 13:27:00,569 - INFO - Precision: 0.8716216216216216
2024-08-05 13:27:00,569 - INFO - Recall: 0.6172248803827751
2024-08-05 13:27:00,569 - INFO - Model evaluated successfully for subset 2.
2024-08-05 13:27:00,569 - INFO - ------------------------------
2024-08-05 13:27:00,569 - INFO - EVALUATE MODEL STAGE COMPLETED FOR SUBSET 2
2024-08-05 13:27:00,569 - INFO - ------------------------------
2024-08-05 13:27:00,570 - INFO - Subset 3 demographic makeup: 600 1, 201 3, 121 2, 78 4
2024-08-05 13:27:00,570 - INFO - Processing subset 3...
2024-08-05 13:27:00,570 - INFO - -----------------------------
2024-08-05 13:27:00,570 - INFO - TRAIN MODEL STAGE STARTING FOR SUBSET 3...
2024-08-05 13:27:00,570 - INFO - -----------------------------
2024-08-05 13:27:00,580 - INFO - Scaling features and applying LASSO for feature selection...
2024-08-05 13:27:01,713 - INFO - Selected features (including required): ['who', 'RaceEth', 'age', 'is_female', 'is_hispanic', 'unemployed', 'unstableliving', 'education', 'marital', 'UDS_Amphetamine_Count', 'UDS_Benzodiazepine_Count', 'UDS_Buprenorphine_Count', 'UDS_Cocaine_Count', 'UDS_Methadone_Count', 'UDS_Opioid_Count', 'UDS_Sedatives_Count', 'UDS_Thc_Count', 'pain', 'has_schizophrenia', 'has_major_dep', 'has_bipolar', 'has_anx_pan', 'has_brain_damage', 'has_epilepsy', 'has_alcol_dx', 'has_amphetamines_dx', 'has_cannabis_dx', 'has_cocaine_dx', 'has_sedatives_dx', 'ftnd', 'XTRT', 'shared', 'rbsivheroin', 'TLFB_Alcohol_Count', 'TLFB_Amphetamine_Count', 'TLFB_Benzodiazepine_Count', 'TLFB_Buprenorphine_Count', 'TLFB_Cocaine_Count', 'TLFB_Heroin_Count', 'TLFB_Methadone_Count', 'TLFB_Opioid_Count', 'TLFB_THC_Count', 'TLFB_Other', 'Homosexual_Behavior', 'Non_monogamous_Relationships']
2024-08-05 13:27:01,718 - INFO - Fitting logistic regression model with the selected features...
2024-08-05 13:27:02,530 - INFO - Model training completed successfully.
2024-08-05 13:27:02,532 - INFO - Calculating the dynamic threshold based on the proportion of positive outcomes...
2024-08-05 13:27:02,532 - INFO - Ratio of 1s to 0s in the outcome variable: 0.82 : 0.18
2024-08-05 13:27:02,532 - INFO - Dynamic threshold set to: 0.816
2024-08-05 13:27:02,532 - INFO - Model trained and saved successfully for subset 3.
2024-08-05 13:27:02,533 - INFO - ---------------------------
2024-08-05 13:27:02,533 - INFO - TRAIN MODEL STAGE COMPLETED FOR SUBSET 3
2024-08-05 13:27:02,533 - INFO - ---------------------------
2024-08-05 13:27:02,533 - INFO - --------------------------------
2024-08-05 13:27:02,533 - INFO - EVALUATE MODEL STAGE STARTING FOR SUBSET 3...
2024-08-05 13:27:02,533 - INFO - --------------------------------
2024-08-05 13:27:02,549 - INFO - ROC AUC Score: 0.591538789428815
2024-08-05 13:27:02,550 - INFO - Confusion Matrix: 
[[ 22  24]
 [ 84 120]]
2024-08-05 13:27:02,552 - INFO - Precision: 0.8333333333333334
2024-08-05 13:27:02,552 - INFO - Recall: 0.5882352941176471
2024-08-05 13:27:02,557 - INFO - Model evaluated successfully for subset 3.
2024-08-05 13:27:02,558 - INFO - ------------------------------
2024-08-05 13:27:02,559 - INFO - EVALUATE MODEL STAGE COMPLETED FOR SUBSET 3
2024-08-05 13:27:02,559 - INFO - ------------------------------
2024-08-05 13:27:02,561 - INFO - Subset 4 demographic makeup: 650 1, 174 3, 106 2, 70 4
2024-08-05 13:27:02,561 - INFO - Processing subset 4...
2024-08-05 13:27:02,561 - INFO - -----------------------------
2024-08-05 13:27:02,562 - INFO - TRAIN MODEL STAGE STARTING FOR SUBSET 4...
2024-08-05 13:27:02,563 - INFO - -----------------------------
2024-08-05 13:27:02,576 - INFO - Scaling features and applying LASSO for feature selection...
2024-08-05 13:27:04,469 - INFO - Selected features (including required): ['who', 'RaceEth', 'age', 'is_female', 'is_hispanic', 'unemployed', 'unstableliving', 'education', 'marital', 'UDS_Amphetamine_Count', 'UDS_Benzodiazepine_Count', 'UDS_Buprenorphine_Count', 'UDS_Cocaine_Count', 'UDS_Methadone_Count', 'UDS_Opioid_Count', 'UDS_Sedatives_Count', 'UDS_Thc_Count', 'pain', 'has_schizophrenia', 'has_major_dep', 'has_bipolar', 'has_anx_pan', 'has_brain_damage', 'has_epilepsy', 'has_alcol_dx', 'has_amphetamines_dx', 'has_cannabis_dx', 'has_cocaine_dx', 'has_sedatives_dx', 'ftnd', 'XTRT', 'shared', 'rbsivheroin', 'TLFB_Alcohol_Count', 'TLFB_Amphetamine_Count', 'TLFB_Benzodiazepine_Count', 'TLFB_Buprenorphine_Count', 'TLFB_Cocaine_Count', 'TLFB_Heroin_Count', 'TLFB_Methadone_Count', 'TLFB_Opioid_Count', 'TLFB_THC_Count', 'TLFB_Other', 'Homosexual_Behavior', 'Non_monogamous_Relationships']
2024-08-05 13:27:04,474 - INFO - Fitting logistic regression model with the selected features...
2024-08-05 13:27:05,231 - INFO - Model training completed successfully.
2024-08-05 13:27:05,231 - INFO - Calculating the dynamic threshold based on the proportion of positive outcomes...
2024-08-05 13:27:05,232 - INFO - Ratio of 1s to 0s in the outcome variable: 0.86 : 0.14
2024-08-05 13:27:05,232 - INFO - Dynamic threshold set to: 0.856
2024-08-05 13:27:05,233 - INFO - Model trained and saved successfully for subset 4.
2024-08-05 13:27:05,233 - INFO - ---------------------------
2024-08-05 13:27:05,234 - INFO - TRAIN MODEL STAGE COMPLETED FOR SUBSET 4
2024-08-05 13:27:05,235 - INFO - ---------------------------
2024-08-05 13:27:05,237 - INFO - --------------------------------
2024-08-05 13:27:05,237 - INFO - EVALUATE MODEL STAGE STARTING FOR SUBSET 4...
2024-08-05 13:27:05,238 - INFO - --------------------------------
2024-08-05 13:27:05,259 - INFO - ROC AUC Score: 0.5920301142263759
2024-08-05 13:27:05,260 - INFO - Confusion Matrix: 
[[ 22  14]
 [116  98]]
2024-08-05 13:27:05,260 - INFO - Precision: 0.875
2024-08-05 13:27:05,260 - INFO - Recall: 0.45794392523364486
2024-08-05 13:27:05,261 - INFO - Model evaluated successfully for subset 4.
2024-08-05 13:27:05,261 - INFO - ------------------------------
2024-08-05 13:27:05,262 - INFO - EVALUATE MODEL STAGE COMPLETED FOR SUBSET 4
2024-08-05 13:27:05,262 - INFO - ------------------------------
2024-08-05 13:27:05,269 - INFO - Subset 5 demographic makeup: 700 1, 152 3, 91 2, 57 4
2024-08-05 13:27:05,269 - INFO - Processing subset 5...
2024-08-05 13:27:05,270 - INFO - -----------------------------
2024-08-05 13:27:05,270 - INFO - TRAIN MODEL STAGE STARTING FOR SUBSET 5...
2024-08-05 13:27:05,271 - INFO - -----------------------------
2024-08-05 13:27:05,279 - INFO - Scaling features and applying LASSO for feature selection...
2024-08-05 13:27:07,085 - INFO - Selected features (including required): ['who', 'RaceEth', 'age', 'is_female', 'is_hispanic', 'unemployed', 'unstableliving', 'education', 'marital', 'UDS_Amphetamine_Count', 'UDS_Benzodiazepine_Count', 'UDS_Buprenorphine_Count', 'UDS_Cocaine_Count', 'UDS_Methadone_Count', 'UDS_Opioid_Count', 'UDS_Sedatives_Count', 'UDS_Thc_Count', 'pain', 'has_schizophrenia', 'has_major_dep', 'has_bipolar', 'has_anx_pan', 'has_brain_damage', 'has_epilepsy', 'has_alcol_dx', 'has_amphetamines_dx', 'has_cannabis_dx', 'has_cocaine_dx', 'has_sedatives_dx', 'ftnd', 'XTRT', 'shared', 'rbsivheroin', 'TLFB_Alcohol_Count', 'TLFB_Amphetamine_Count', 'TLFB_Benzodiazepine_Count', 'TLFB_Buprenorphine_Count', 'TLFB_Cocaine_Count', 'TLFB_Heroin_Count', 'TLFB_Methadone_Count', 'TLFB_Opioid_Count', 'TLFB_THC_Count', 'TLFB_Other', 'Homosexual_Behavior', 'Non_monogamous_Relationships']
2024-08-05 13:27:07,090 - INFO - Fitting logistic regression model with the selected features...
2024-08-05 13:27:07,844 - INFO - Model training completed successfully.
2024-08-05 13:27:07,844 - INFO - Calculating the dynamic threshold based on the proportion of positive outcomes...
2024-08-05 13:27:07,845 - INFO - Ratio of 1s to 0s in the outcome variable: 0.83 : 0.17
2024-08-05 13:27:07,845 - INFO - Dynamic threshold set to: 0.828
2024-08-05 13:27:07,845 - INFO - Model trained and saved successfully for subset 5.
2024-08-05 13:27:07,845 - INFO - ---------------------------
2024-08-05 13:27:07,845 - INFO - TRAIN MODEL STAGE COMPLETED FOR SUBSET 5
2024-08-05 13:27:07,845 - INFO - ---------------------------
2024-08-05 13:27:07,845 - INFO - --------------------------------
2024-08-05 13:27:07,845 - INFO - EVALUATE MODEL STAGE STARTING FOR SUBSET 5...
2024-08-05 13:27:07,845 - INFO - --------------------------------
2024-08-05 13:27:07,868 - INFO - ROC AUC Score: 0.61139197842939
2024-08-05 13:27:07,868 - INFO - Confusion Matrix: 
[[ 23  20]
 [ 86 121]]
2024-08-05 13:27:07,869 - INFO - Precision: 0.8581560283687943
2024-08-05 13:27:07,869 - INFO - Recall: 0.5845410628019324
2024-08-05 13:27:07,870 - INFO - Model evaluated successfully for subset 5.
2024-08-05 13:27:07,870 - INFO - ------------------------------
2024-08-05 13:27:07,870 - INFO - EVALUATE MODEL STAGE COMPLETED FOR SUBSET 5
2024-08-05 13:27:07,871 - INFO - ------------------------------
2024-08-05 13:27:07,872 - INFO - Subset 6 demographic makeup: 750 1, 131 3, 72 2, 47 4
2024-08-05 13:27:07,874 - INFO - Processing subset 6...
2024-08-05 13:27:07,887 - INFO - -----------------------------
2024-08-05 13:27:07,887 - INFO - TRAIN MODEL STAGE STARTING FOR SUBSET 6...
2024-08-05 13:27:07,889 - INFO - -----------------------------
2024-08-05 13:27:07,910 - INFO - Scaling features and applying LASSO for feature selection...
2024-08-05 13:27:09,482 - INFO - Selected features (including required): ['who', 'RaceEth', 'age', 'is_female', 'is_hispanic', 'unemployed', 'unstableliving', 'education', 'marital', 'UDS_Amphetamine_Count', 'UDS_Benzodiazepine_Count', 'UDS_Buprenorphine_Count', 'UDS_Cocaine_Count', 'UDS_Methadone_Count', 'UDS_Opioid_Count', 'UDS_Sedatives_Count', 'UDS_Thc_Count', 'pain', 'has_schizophrenia', 'has_major_dep', 'has_bipolar', 'has_anx_pan', 'has_brain_damage', 'has_epilepsy', 'has_alcol_dx', 'has_amphetamines_dx', 'has_cannabis_dx', 'has_cocaine_dx', 'has_sedatives_dx', 'ftnd', 'XTRT', 'shared', 'rbsivheroin', 'TLFB_Alcohol_Count', 'TLFB_Amphetamine_Count', 'TLFB_Benzodiazepine_Count', 'TLFB_Buprenorphine_Count', 'TLFB_Cocaine_Count', 'TLFB_Heroin_Count', 'TLFB_Methadone_Count', 'TLFB_Opioid_Count', 'TLFB_THC_Count', 'TLFB_Other', 'Homosexual_Behavior', 'Non_monogamous_Relationships']
2024-08-05 13:27:09,488 - INFO - Fitting logistic regression model with the selected features...
2024-08-05 13:27:10,347 - INFO - Model training completed successfully.
2024-08-05 13:27:10,347 - INFO - Calculating the dynamic threshold based on the proportion of positive outcomes...
2024-08-05 13:27:10,347 - INFO - Ratio of 1s to 0s in the outcome variable: 0.80 : 0.20
2024-08-05 13:27:10,347 - INFO - Dynamic threshold set to: 0.804
2024-08-05 13:27:10,347 - INFO - Model trained and saved successfully for subset 6.
2024-08-05 13:27:10,348 - INFO - ---------------------------
2024-08-05 13:27:10,348 - INFO - TRAIN MODEL STAGE COMPLETED FOR SUBSET 6
2024-08-05 13:27:10,348 - INFO - ---------------------------
2024-08-05 13:27:10,348 - INFO - --------------------------------
2024-08-05 13:27:10,348 - INFO - EVALUATE MODEL STAGE STARTING FOR SUBSET 6...
2024-08-05 13:27:10,348 - INFO - --------------------------------
2024-08-05 13:27:10,360 - INFO - ROC AUC Score: 0.6477815006599655
2024-08-05 13:27:10,360 - INFO - Confusion Matrix: 
[[ 30  19]
 [ 71 130]]
2024-08-05 13:27:10,360 - INFO - Precision: 0.87248322147651
2024-08-05 13:27:10,360 - INFO - Recall: 0.6467661691542289
2024-08-05 13:27:10,360 - INFO - Model evaluated successfully for subset 6.
2024-08-05 13:27:10,360 - INFO - ------------------------------
2024-08-05 13:27:10,360 - INFO - EVALUATE MODEL STAGE COMPLETED FOR SUBSET 6
2024-08-05 13:27:10,361 - INFO - ------------------------------
2024-08-05 13:27:10,361 - INFO - Subset 7 demographic makeup: 800 1, 105 3, 56 2, 39 4
2024-08-05 13:27:10,361 - INFO - Processing subset 7...
2024-08-05 13:27:10,361 - INFO - -----------------------------
2024-08-05 13:27:10,362 - INFO - TRAIN MODEL STAGE STARTING FOR SUBSET 7...
2024-08-05 13:27:10,362 - INFO - -----------------------------
2024-08-05 13:27:10,370 - INFO - Scaling features and applying LASSO for feature selection...
2024-08-05 13:27:14,863 - INFO - Selected features (including required): ['who', 'RaceEth', 'age', 'is_female', 'is_hispanic', 'unemployed', 'unstableliving', 'education', 'marital', 'UDS_Amphetamine_Count', 'UDS_Benzodiazepine_Count', 'UDS_Buprenorphine_Count', 'UDS_Cocaine_Count', 'UDS_Methadone_Count', 'UDS_Opioid_Count', 'UDS_Sedatives_Count', 'UDS_Thc_Count', 'pain', 'has_schizophrenia', 'has_major_dep', 'has_bipolar', 'has_anx_pan', 'has_brain_damage', 'has_epilepsy', 'has_alcol_dx', 'has_amphetamines_dx', 'has_cannabis_dx', 'has_cocaine_dx', 'has_sedatives_dx', 'ftnd', 'XTRT', 'shared', 'rbsivheroin', 'TLFB_Alcohol_Count', 'TLFB_Amphetamine_Count', 'TLFB_Benzodiazepine_Count', 'TLFB_Buprenorphine_Count', 'TLFB_Cocaine_Count', 'TLFB_Heroin_Count', 'TLFB_Methadone_Count', 'TLFB_Opioid_Count', 'TLFB_THC_Count', 'TLFB_Other', 'Homosexual_Behavior', 'Non_monogamous_Relationships']
2024-08-05 13:27:14,873 - INFO - Fitting logistic regression model with the selected features...
2024-08-05 13:27:15,663 - INFO - Model training completed successfully.
2024-08-05 13:27:15,663 - INFO - Calculating the dynamic threshold based on the proportion of positive outcomes...
2024-08-05 13:27:15,663 - INFO - Ratio of 1s to 0s in the outcome variable: 0.80 : 0.20
2024-08-05 13:27:15,663 - INFO - Dynamic threshold set to: 0.796
2024-08-05 13:27:15,664 - INFO - Model trained and saved successfully for subset 7.
2024-08-05 13:27:15,664 - INFO - ---------------------------
2024-08-05 13:27:15,664 - INFO - TRAIN MODEL STAGE COMPLETED FOR SUBSET 7
2024-08-05 13:27:15,664 - INFO - ---------------------------
2024-08-05 13:27:15,664 - INFO - --------------------------------
2024-08-05 13:27:15,664 - INFO - EVALUATE MODEL STAGE STARTING FOR SUBSET 7...
2024-08-05 13:27:15,664 - INFO - --------------------------------
2024-08-05 13:27:15,676 - INFO - ROC AUC Score: 0.6137550497585968
2024-08-05 13:27:15,676 - INFO - Confusion Matrix: 
[[ 26  25]
 [ 65 134]]
2024-08-05 13:27:15,676 - INFO - Precision: 0.8427672955974843
2024-08-05 13:27:15,676 - INFO - Recall: 0.6733668341708543
2024-08-05 13:27:15,676 - INFO - Model evaluated successfully for subset 7.
2024-08-05 13:27:15,676 - INFO - ------------------------------
2024-08-05 13:27:15,676 - INFO - EVALUATE MODEL STAGE COMPLETED FOR SUBSET 7
2024-08-05 13:27:15,676 - INFO - ------------------------------
2024-08-05 13:27:15,679 - INFO - Subset 8 demographic makeup: 850 1, 80 3, 40 2, 30 4
2024-08-05 13:27:15,679 - INFO - Processing subset 8...
2024-08-05 13:27:15,679 - INFO - -----------------------------
2024-08-05 13:27:15,679 - INFO - TRAIN MODEL STAGE STARTING FOR SUBSET 8...
2024-08-05 13:27:15,679 - INFO - -----------------------------
2024-08-05 13:27:15,687 - INFO - Scaling features and applying LASSO for feature selection...
2024-08-05 13:27:19,578 - INFO - Selected features (including required): ['who', 'RaceEth', 'age', 'is_female', 'is_hispanic', 'unemployed', 'unstableliving', 'education', 'marital', 'UDS_Amphetamine_Count', 'UDS_Benzodiazepine_Count', 'UDS_Buprenorphine_Count', 'UDS_Cocaine_Count', 'UDS_Methadone_Count', 'UDS_Opioid_Count', 'UDS_Sedatives_Count', 'UDS_Thc_Count', 'pain', 'has_schizophrenia', 'has_major_dep', 'has_bipolar', 'has_anx_pan', 'has_brain_damage', 'has_epilepsy', 'has_alcol_dx', 'has_amphetamines_dx', 'has_cannabis_dx', 'has_cocaine_dx', 'has_sedatives_dx', 'ftnd', 'XTRT', 'shared', 'rbsivheroin', 'TLFB_Alcohol_Count', 'TLFB_Amphetamine_Count', 'TLFB_Benzodiazepine_Count', 'TLFB_Buprenorphine_Count', 'TLFB_Cocaine_Count', 'TLFB_Heroin_Count', 'TLFB_Methadone_Count', 'TLFB_Opioid_Count', 'TLFB_THC_Count', 'TLFB_Other', 'Homosexual_Behavior', 'Non_monogamous_Relationships']
2024-08-05 13:27:19,583 - INFO - Fitting logistic regression model with the selected features...
2024-08-05 13:27:20,540 - INFO - Model training completed successfully.
2024-08-05 13:27:20,540 - INFO - Calculating the dynamic threshold based on the proportion of positive outcomes...
2024-08-05 13:27:20,541 - INFO - Ratio of 1s to 0s in the outcome variable: 0.82 : 0.18
2024-08-05 13:27:20,541 - INFO - Dynamic threshold set to: 0.816
2024-08-05 13:27:20,541 - INFO - Model trained and saved successfully for subset 8.
2024-08-05 13:27:20,543 - INFO - ---------------------------
2024-08-05 13:27:20,546 - INFO - TRAIN MODEL STAGE COMPLETED FOR SUBSET 8
2024-08-05 13:27:20,547 - INFO - ---------------------------
2024-08-05 13:27:20,547 - INFO - --------------------------------
2024-08-05 13:27:20,548 - INFO - EVALUATE MODEL STAGE STARTING FOR SUBSET 8...
2024-08-05 13:27:20,548 - INFO - --------------------------------
2024-08-05 13:27:20,571 - INFO - ROC AUC Score: 0.603154305200341
2024-08-05 13:27:20,572 - INFO - Confusion Matrix: 
[[ 22  24]
 [ 73 131]]
2024-08-05 13:27:20,572 - INFO - Precision: 0.8451612903225807
2024-08-05 13:27:20,572 - INFO - Recall: 0.6421568627450981
2024-08-05 13:27:20,573 - INFO - Model evaluated successfully for subset 8.
2024-08-05 13:27:20,574 - INFO - ------------------------------
2024-08-05 13:27:20,574 - INFO - EVALUATE MODEL STAGE COMPLETED FOR SUBSET 8
2024-08-05 13:27:20,580 - INFO - ------------------------------
2024-08-05 13:27:20,582 - INFO - Subset 9 demographic makeup: 900 1, 48 3, 32 2, 20 4
2024-08-05 13:27:20,583 - INFO - Processing subset 9...
2024-08-05 13:27:20,583 - INFO - -----------------------------
2024-08-05 13:27:20,584 - INFO - TRAIN MODEL STAGE STARTING FOR SUBSET 9...
2024-08-05 13:27:20,584 - INFO - -----------------------------
2024-08-05 13:27:20,593 - INFO - Scaling features and applying LASSO for feature selection...
2024-08-05 13:27:24,398 - INFO - Selected features (including required): ['who', 'RaceEth', 'age', 'is_female', 'is_hispanic', 'unemployed', 'unstableliving', 'education', 'marital', 'UDS_Amphetamine_Count', 'UDS_Benzodiazepine_Count', 'UDS_Buprenorphine_Count', 'UDS_Cocaine_Count', 'UDS_Methadone_Count', 'UDS_Opioid_Count', 'UDS_Sedatives_Count', 'UDS_Thc_Count', 'pain', 'has_schizophrenia', 'has_major_dep', 'has_bipolar', 'has_anx_pan', 'has_brain_damage', 'has_epilepsy', 'has_alcol_dx', 'has_amphetamines_dx', 'has_cannabis_dx', 'has_cocaine_dx', 'has_sedatives_dx', 'ftnd', 'XTRT', 'shared', 'rbsivheroin', 'TLFB_Alcohol_Count', 'TLFB_Amphetamine_Count', 'TLFB_Benzodiazepine_Count', 'TLFB_Buprenorphine_Count', 'TLFB_Cocaine_Count', 'TLFB_Heroin_Count', 'TLFB_Methadone_Count', 'TLFB_Opioid_Count', 'TLFB_THC_Count', 'TLFB_Other', 'Homosexual_Behavior', 'Non_monogamous_Relationships']
2024-08-05 13:27:24,403 - INFO - Fitting logistic regression model with the selected features...
2024-08-05 13:27:25,275 - INFO - Model training completed successfully.
2024-08-05 13:27:25,276 - INFO - Calculating the dynamic threshold based on the proportion of positive outcomes...
2024-08-05 13:27:25,276 - INFO - Ratio of 1s to 0s in the outcome variable: 0.80 : 0.20
2024-08-05 13:27:25,276 - INFO - Dynamic threshold set to: 0.804
2024-08-05 13:27:25,276 - INFO - Model trained and saved successfully for subset 9.
2024-08-05 13:27:25,276 - INFO - ---------------------------
2024-08-05 13:27:25,276 - INFO - TRAIN MODEL STAGE COMPLETED FOR SUBSET 9
2024-08-05 13:27:25,276 - INFO - ---------------------------
2024-08-05 13:27:25,276 - INFO - --------------------------------
2024-08-05 13:27:25,276 - INFO - EVALUATE MODEL STAGE STARTING FOR SUBSET 9...
2024-08-05 13:27:25,277 - INFO - --------------------------------
2024-08-05 13:27:25,290 - INFO - ROC AUC Score: 0.7501269164382172
2024-08-05 13:27:25,290 - INFO - Confusion Matrix: 
[[ 32  17]
 [ 62 139]]
2024-08-05 13:27:25,291 - INFO - Precision: 0.8910256410256411
2024-08-05 13:27:25,291 - INFO - Recall: 0.6915422885572139
2024-08-05 13:27:25,291 - INFO - Model evaluated successfully for subset 9.
2024-08-05 13:27:25,291 - INFO - ------------------------------
2024-08-05 13:27:25,291 - INFO - EVALUATE MODEL STAGE COMPLETED FOR SUBSET 9
2024-08-05 13:27:25,291 - INFO - ------------------------------
2024-08-05 13:27:25,293 - INFO - Subset 10 demographic makeup: 950 1, 25 3, 13 2, 12 4
2024-08-05 13:27:25,293 - INFO - Processing subset 10...
2024-08-05 13:27:25,293 - INFO - -----------------------------
2024-08-05 13:27:25,293 - INFO - TRAIN MODEL STAGE STARTING FOR SUBSET 10...
2024-08-05 13:27:25,293 - INFO - -----------------------------
2024-08-05 13:27:25,300 - INFO - Scaling features and applying LASSO for feature selection...
2024-08-05 13:27:28,927 - INFO - Selected features (including required): ['who', 'RaceEth', 'age', 'is_female', 'is_hispanic', 'unemployed', 'unstableliving', 'education', 'marital', 'UDS_Amphetamine_Count', 'UDS_Benzodiazepine_Count', 'UDS_Buprenorphine_Count', 'UDS_Cocaine_Count', 'UDS_Methadone_Count', 'UDS_Opioid_Count', 'UDS_Sedatives_Count', 'UDS_Thc_Count', 'pain', 'has_schizophrenia', 'has_major_dep', 'has_bipolar', 'has_anx_pan', 'has_brain_damage', 'has_epilepsy', 'has_alcol_dx', 'has_amphetamines_dx', 'has_cannabis_dx', 'has_cocaine_dx', 'has_sedatives_dx', 'ftnd', 'XTRT', 'shared', 'rbsivheroin', 'TLFB_Alcohol_Count', 'TLFB_Amphetamine_Count', 'TLFB_Benzodiazepine_Count', 'TLFB_Buprenorphine_Count', 'TLFB_Cocaine_Count', 'TLFB_Heroin_Count', 'TLFB_Methadone_Count', 'TLFB_Opioid_Count', 'TLFB_THC_Count', 'TLFB_Other', 'Homosexual_Behavior', 'Non_monogamous_Relationships']
2024-08-05 13:27:28,933 - INFO - Fitting logistic regression model with the selected features...
2024-08-05 13:27:29,812 - INFO - Model training completed successfully.
2024-08-05 13:27:29,813 - INFO - Calculating the dynamic threshold based on the proportion of positive outcomes...
2024-08-05 13:27:29,813 - INFO - Ratio of 1s to 0s in the outcome variable: 0.80 : 0.20
2024-08-05 13:27:29,813 - INFO - Dynamic threshold set to: 0.8
2024-08-05 13:27:29,813 - INFO - Model trained and saved successfully for subset 10.
2024-08-05 13:27:29,813 - INFO - ---------------------------
2024-08-05 13:27:29,813 - INFO - TRAIN MODEL STAGE COMPLETED FOR SUBSET 10
2024-08-05 13:27:29,814 - INFO - ---------------------------
2024-08-05 13:27:29,814 - INFO - --------------------------------
2024-08-05 13:27:29,814 - INFO - EVALUATE MODEL STAGE STARTING FOR SUBSET 10...
2024-08-05 13:27:29,814 - INFO - --------------------------------
2024-08-05 13:27:29,826 - INFO - ROC AUC Score: 0.6889000000000001
2024-08-05 13:27:29,826 - INFO - Confusion Matrix: 
[[ 32  18]
 [ 68 132]]
2024-08-05 13:27:29,827 - INFO - Precision: 0.88
2024-08-05 13:27:29,827 - INFO - Recall: 0.66
2024-08-05 13:27:29,827 - INFO - Model evaluated successfully for subset 10.
2024-08-05 13:27:29,827 - INFO - ------------------------------
2024-08-05 13:27:29,827 - INFO - EVALUATE MODEL STAGE COMPLETED FOR SUBSET 10
2024-08-05 13:27:29,827 - INFO - ------------------------------
2024-08-05 13:27:29,828 - INFO - Subset 11 demographic makeup: 1000 1
2024-08-05 13:27:29,828 - INFO - Processing subset 11...
2024-08-05 13:27:29,828 - INFO - -----------------------------
2024-08-05 13:27:29,828 - INFO - TRAIN MODEL STAGE STARTING FOR SUBSET 11...
2024-08-05 13:27:29,828 - INFO - -----------------------------
2024-08-05 13:27:29,835 - INFO - Scaling features and applying LASSO for feature selection...
2024-08-05 13:27:30,908 - INFO - Selected features (including required): ['who', 'age', 'is_female', 'unemployed', 'unstableliving', 'education', 'marital', 'UDS_Amphetamine_Count', 'UDS_Benzodiazepine_Count', 'UDS_Buprenorphine_Count', 'UDS_Cocaine_Count', 'UDS_Methadone_Count', 'UDS_Opioid_Count', 'UDS_Sedatives_Count', 'UDS_Thc_Count', 'pain', 'has_schizophrenia', 'has_major_dep', 'has_bipolar', 'has_anx_pan', 'has_brain_damage', 'has_epilepsy', 'has_alcol_dx', 'has_amphetamines_dx', 'has_cannabis_dx', 'has_cocaine_dx', 'has_sedatives_dx', 'ftnd', 'XTRT', 'shared', 'rbsivheroin', 'TLFB_Alcohol_Count', 'TLFB_Amphetamine_Count', 'TLFB_Benzodiazepine_Count', 'TLFB_Buprenorphine_Count', 'TLFB_Cocaine_Count', 'TLFB_Heroin_Count', 'TLFB_Methadone_Count', 'TLFB_Opioid_Count', 'TLFB_THC_Count', 'TLFB_Other', 'Homosexual_Behavior', 'Non_monogamous_Relationships']
2024-08-05 13:27:30,914 - INFO - Fitting logistic regression model with the selected features...
2024-08-05 13:27:31,666 - INFO - Model training completed successfully.
2024-08-05 13:27:31,667 - INFO - Calculating the dynamic threshold based on the proportion of positive outcomes...
2024-08-05 13:27:31,668 - INFO - Ratio of 1s to 0s in the outcome variable: 0.80 : 0.20
2024-08-05 13:27:31,668 - INFO - Dynamic threshold set to: 0.804
2024-08-05 13:27:31,669 - INFO - Model trained and saved successfully for subset 11.
2024-08-05 13:27:31,669 - INFO - ---------------------------
2024-08-05 13:27:31,672 - INFO - TRAIN MODEL STAGE COMPLETED FOR SUBSET 11
2024-08-05 13:27:31,672 - INFO - ---------------------------
2024-08-05 13:27:31,673 - INFO - --------------------------------
2024-08-05 13:27:31,674 - INFO - EVALUATE MODEL STAGE STARTING FOR SUBSET 11...
2024-08-05 13:27:31,674 - INFO - --------------------------------
2024-08-05 13:27:31,697 - INFO - ROC AUC Score: 0.6121433648086101
2024-08-05 13:27:31,697 - INFO - Confusion Matrix: 
[[ 21  28]
 [ 65 136]]
2024-08-05 13:27:31,698 - INFO - Precision: 0.8292682926829268
2024-08-05 13:27:31,698 - INFO - Recall: 0.6766169154228856
2024-08-05 13:27:31,699 - INFO - Model evaluated successfully for subset 11.
2024-08-05 13:27:31,699 - INFO - ------------------------------
2024-08-05 13:27:31,703 - INFO - EVALUATE MODEL STAGE COMPLETED FOR SUBSET 11
2024-08-05 13:27:31,703 - INFO - ------------------------------
2024-08-05 13:27:31,706 - INFO - ------------------
2024-08-05 13:27:31,706 - INFO - PIPELINE COMPLETED
2024-08-05 13:27:31,707 - INFO - ------------------
