2024-07-09 13:51:15 - INFO - -------------------------------------------
2024-07-09 13:51:15 - INFO - Logging setup complete - starting pipeline.
2024-07-09 13:51:15 - INFO - -------------------------------------------
2024-07-09 13:51:18 - INFO - Datasets loaded successfully.
2024-07-09 13:51:18 - INFO - Starting preprocessing of the merged dataset...
2024-07-09 13:51:18 - INFO - ---------------------------------
2024-07-09 13:51:18 - INFO - PRE-PROCESSING STAGE STARTING...
2024-07-09 13:51:18 - INFO - ---------------------------------
2024-07-09 13:51:18 - INFO - Dropped initial columns: ['pain_when', 'is_smoker', 'per_day', 'max', 'amount', 'depression', 'anxiety', 'schizophrenia', 'max', 'amount', 'cocaine_inject_days', 'speedball_inject_days', 'opioid_inject_days', 'speed_inject_days', 'UDS_Alcohol_Count', 'UDS_Mdma/Hallucinogen_Count']
2024-07-09 13:51:18 - INFO - Converted Yes/No to binary.
2024-07-09 13:51:18 - INFO - Processed TLFB columns with specified columns: ['TLFB_Alcohol_Count', 'TLFB_Amphetamine_Count', 'TLFB_Cocaine_Count', 'TLFB_Heroin_Count', 'TLFB_Benzodiazepine_Count', 'TLFB_Opioid_Count', 'TLFB_THC_Count', 'TLFB_Methadone_Count', 'TLFB_Buprenorphine_Count']
2024-07-09 13:51:18 - INFO - Calculated behavioral columns.
2024-07-09 13:51:18 - INFO - Moved 'Rs_johnson_1992' column to the end.
2024-07-09 13:51:18 - INFO - Dropped initial columns: ['msm_npt', 'msm_frq', 'txx_prt']
2024-07-09 13:51:18 - INFO - transform_data_with_nan_handling success
2024-07-09 13:51:18 - INFO - Renamed columns according to the mapping.
2024-07-09 13:51:18 - INFO - Transformed NaN to 0 for binary columns.
2024-07-09 13:51:18 - INFO - Transformed and renamed 'heroin_inject_days' column to 'rbsivheroin'.
2024-07-09 13:51:18 - INFO - Filled NaN with 0 for 'ftnd' column.
2024-07-09 13:51:19 - INFO - Dropped additional columns: ['rbs_iv_days', 'race', 'RBS_cocaine_Days', 'RBS_heroin_Days', 'RBS_opioid_Days', 'RBS_speed_Days', 'RBS_speedball_Days']
2024-07-09 13:51:19 - INFO - Converted UDS drug counts to binary.
2024-07-09 13:51:19 - INFO - ------------------------------
2024-07-09 13:51:19 - INFO - PRE-PROCESSING STAGE COMPLETED
2024-07-09 13:51:19 - INFO - ------------------------------
2024-07-09 13:51:19 - INFO - Merged dataset preprocessed successfully.
2024-07-09 13:51:19 - INFO - Creating demographic subsets from preprocessed data...
2024-07-09 13:51:30 - INFO - Created 11 subsets successfully.
2024-07-09 13:51:30 - INFO - Creating merged subsets from create_demographics_dfs function
2024-07-09 13:51:30 - INFO - Created 11 subsets successfully.
2024-07-09 13:51:30 - INFO - Subset 1 demographic makeup: 500 1, 242 3, 162 2, 96 4
2024-07-09 13:51:30 - INFO - Processing subset 1...
2024-07-09 13:51:30 - INFO - -----------------------------
2024-07-09 13:51:30 - INFO - TRAIN MODEL STAGE STARTING FOR SUBSET 1...
2024-07-09 13:51:30 - INFO - -----------------------------
2024-07-09 13:51:30 - INFO - Scaling features and applying LASSO for feature selection...
2024-07-09 13:51:33 - INFO - Selected features (including required): ['who', 'RaceEth', 'age', 'is_female', 'is_hispanic', 'unemployed', 'unstableliving', 'education', 'marital', 'UDS_Amphetamine_Count', 'UDS_Benzodiazepine_Count', 'UDS_Buprenorphine_Count', 'UDS_Cocaine_Count', 'UDS_Methadone_Count', 'UDS_Opioid_Count', 'UDS_Sedatives_Count', 'UDS_Thc_Count', 'pain', 'has_schizophrenia', 'has_major_dep', 'has_bipolar', 'has_anx_pan', 'has_brain_damage', 'has_epilepsy', 'has_alcol_dx', 'has_amphetamines_dx', 'has_cannabis_dx', 'has_cocaine_dx', 'has_sedatives_dx', 'ftnd', 'XTRT', 'shared', 'rbsivheroin', 'TLFB_Alcohol_Count', 'TLFB_Amphetamine_Count', 'TLFB_Benzodiazepine_Count', 'TLFB_Buprenorphine_Count', 'TLFB_Cocaine_Count', 'TLFB_Heroin_Count', 'TLFB_Methadone_Count', 'TLFB_Opioid_Count', 'TLFB_THC_Count', 'TLFB_Other', 'Homosexual_Behavior', 'Non_monogamous_Relationships']
2024-07-09 13:51:33 - INFO - Fitting logistic regression model with the selected features...
2024-07-09 13:51:34 - INFO - Model training completed successfully.
2024-07-09 13:51:34 - INFO - Calculating the dynamic threshold based on the proportion of positive outcomes...
2024-07-09 13:51:34 - INFO - Ratio of 1s to 0s in the outcome variable: 0.87 : 0.13
2024-07-09 13:51:34 - INFO - Dynamic threshold set to: 0.868
2024-07-09 13:51:34 - INFO - Model trained and saved successfully for subset 1.
2024-07-09 13:51:34 - INFO - ---------------------------
2024-07-09 13:51:34 - INFO - TRAIN MODEL STAGE COMPLETED FOR SUBSET 1
2024-07-09 13:51:34 - INFO - ---------------------------
2024-07-09 13:51:34 - INFO - --------------------------------
2024-07-09 13:51:34 - INFO - EVALUATE MODEL STAGE STARTING FOR SUBSET 1...
2024-07-09 13:51:34 - INFO - --------------------------------
2024-07-09 13:51:34 - INFO - ROC AUC Score: 0.6979472140762464
2024-07-09 13:51:34 - INFO - Confusion Matrix: 
[[ 17  16]
 [ 64 153]]
2024-07-09 13:51:34 - INFO - Precision: 0.9053254437869822
2024-07-09 13:51:34 - INFO - Recall: 0.7050691244239631
2024-07-09 13:51:34 - INFO - Model evaluated successfully for subset 1.
2024-07-09 13:51:34 - INFO - ------------------------------
2024-07-09 13:51:34 - INFO - EVALUATE MODEL STAGE COMPLETED FOR SUBSET 1
2024-07-09 13:51:34 - INFO - ------------------------------
2024-07-09 13:51:34 - INFO - Subset 2 demographic makeup: 550 1, 216 3, 147 2, 87 4
2024-07-09 13:51:34 - INFO - Processing subset 2...
2024-07-09 13:51:34 - INFO - -----------------------------
2024-07-09 13:51:34 - INFO - TRAIN MODEL STAGE STARTING FOR SUBSET 2...
2024-07-09 13:51:34 - INFO - -----------------------------
2024-07-09 13:51:34 - INFO - Scaling features and applying LASSO for feature selection...
2024-07-09 13:51:37 - INFO - Selected features (including required): ['who', 'RaceEth', 'age', 'is_female', 'is_hispanic', 'unemployed', 'unstableliving', 'education', 'marital', 'UDS_Amphetamine_Count', 'UDS_Benzodiazepine_Count', 'UDS_Buprenorphine_Count', 'UDS_Cocaine_Count', 'UDS_Methadone_Count', 'UDS_Opioid_Count', 'UDS_Sedatives_Count', 'UDS_Thc_Count', 'pain', 'has_schizophrenia', 'has_major_dep', 'has_bipolar', 'has_anx_pan', 'has_brain_damage', 'has_epilepsy', 'has_alcol_dx', 'has_amphetamines_dx', 'has_cannabis_dx', 'has_cocaine_dx', 'has_sedatives_dx', 'ftnd', 'XTRT', 'shared', 'rbsivheroin', 'TLFB_Alcohol_Count', 'TLFB_Amphetamine_Count', 'TLFB_Benzodiazepine_Count', 'TLFB_Buprenorphine_Count', 'TLFB_Cocaine_Count', 'TLFB_Heroin_Count', 'TLFB_Methadone_Count', 'TLFB_Opioid_Count', 'TLFB_THC_Count', 'TLFB_Other', 'Homosexual_Behavior', 'Non_monogamous_Relationships']
2024-07-09 13:51:37 - INFO - Fitting logistic regression model with the selected features...
2024-07-09 13:51:38 - INFO - Model training completed successfully.
2024-07-09 13:51:38 - INFO - Calculating the dynamic threshold based on the proportion of positive outcomes...
2024-07-09 13:51:38 - INFO - Ratio of 1s to 0s in the outcome variable: 0.87 : 0.13
2024-07-09 13:51:38 - INFO - Dynamic threshold set to: 0.868
2024-07-09 13:51:38 - INFO - Model trained and saved successfully for subset 2.
2024-07-09 13:51:38 - INFO - ---------------------------
2024-07-09 13:51:38 - INFO - TRAIN MODEL STAGE COMPLETED FOR SUBSET 2
2024-07-09 13:51:38 - INFO - ---------------------------
2024-07-09 13:51:38 - INFO - --------------------------------
2024-07-09 13:51:38 - INFO - EVALUATE MODEL STAGE STARTING FOR SUBSET 2...
2024-07-09 13:51:38 - INFO - --------------------------------
2024-07-09 13:51:38 - INFO - ROC AUC Score: 0.7167993297025553
2024-07-09 13:51:38 - INFO - Confusion Matrix: 
[[ 16  17]
 [ 59 158]]
2024-07-09 13:51:38 - INFO - Precision: 0.9028571428571428
2024-07-09 13:51:38 - INFO - Recall: 0.728110599078341
2024-07-09 13:51:38 - INFO - Model evaluated successfully for subset 2.
2024-07-09 13:51:38 - INFO - ------------------------------
2024-07-09 13:51:38 - INFO - EVALUATE MODEL STAGE COMPLETED FOR SUBSET 2
2024-07-09 13:51:38 - INFO - ------------------------------
2024-07-09 13:51:38 - INFO - Subset 3 demographic makeup: 600 1, 194 3, 131 2, 75 4
2024-07-09 13:51:38 - INFO - Processing subset 3...
2024-07-09 13:51:38 - INFO - -----------------------------
2024-07-09 13:51:38 - INFO - TRAIN MODEL STAGE STARTING FOR SUBSET 3...
2024-07-09 13:51:38 - INFO - -----------------------------
2024-07-09 13:51:38 - INFO - Scaling features and applying LASSO for feature selection...
2024-07-09 13:51:41 - INFO - Selected features (including required): ['who', 'RaceEth', 'age', 'is_female', 'is_hispanic', 'unemployed', 'unstableliving', 'education', 'marital', 'UDS_Amphetamine_Count', 'UDS_Benzodiazepine_Count', 'UDS_Buprenorphine_Count', 'UDS_Cocaine_Count', 'UDS_Methadone_Count', 'UDS_Opioid_Count', 'UDS_Sedatives_Count', 'UDS_Thc_Count', 'pain', 'has_schizophrenia', 'has_major_dep', 'has_bipolar', 'has_anx_pan', 'has_brain_damage', 'has_epilepsy', 'has_alcol_dx', 'has_amphetamines_dx', 'has_cannabis_dx', 'has_cocaine_dx', 'has_sedatives_dx', 'ftnd', 'XTRT', 'shared', 'rbsivheroin', 'TLFB_Alcohol_Count', 'TLFB_Amphetamine_Count', 'TLFB_Benzodiazepine_Count', 'TLFB_Buprenorphine_Count', 'TLFB_Cocaine_Count', 'TLFB_Heroin_Count', 'TLFB_Methadone_Count', 'TLFB_Opioid_Count', 'TLFB_THC_Count', 'TLFB_Other', 'Homosexual_Behavior', 'Non_monogamous_Relationships']
2024-07-09 13:51:41 - INFO - Fitting logistic regression model with the selected features...
2024-07-09 13:51:42 - INFO - Model training completed successfully.
2024-07-09 13:51:42 - INFO - Calculating the dynamic threshold based on the proportion of positive outcomes...
2024-07-09 13:51:42 - INFO - Ratio of 1s to 0s in the outcome variable: 0.88 : 0.12
2024-07-09 13:51:42 - INFO - Dynamic threshold set to: 0.876
2024-07-09 13:51:42 - INFO - Model trained and saved successfully for subset 3.
2024-07-09 13:51:42 - INFO - ---------------------------
2024-07-09 13:51:42 - INFO - TRAIN MODEL STAGE COMPLETED FOR SUBSET 3
2024-07-09 13:51:42 - INFO - ---------------------------
2024-07-09 13:51:42 - INFO - --------------------------------
2024-07-09 13:51:42 - INFO - EVALUATE MODEL STAGE STARTING FOR SUBSET 3...
2024-07-09 13:51:42 - INFO - --------------------------------
2024-07-09 13:51:42 - INFO - ROC AUC Score: 0.6697599057298571
2024-07-09 13:51:42 - INFO - Confusion Matrix: 
[[ 17  14]
 [ 64 155]]
2024-07-09 13:51:42 - INFO - Precision: 0.9171597633136095
2024-07-09 13:51:42 - INFO - Recall: 0.7077625570776256
2024-07-09 13:51:42 - INFO - Model evaluated successfully for subset 3.
2024-07-09 13:51:42 - INFO - ------------------------------
2024-07-09 13:51:42 - INFO - EVALUATE MODEL STAGE COMPLETED FOR SUBSET 3
2024-07-09 13:51:42 - INFO - ------------------------------
2024-07-09 13:51:42 - INFO - Subset 4 demographic makeup: 650 1, 166 3, 119 2, 65 4
2024-07-09 13:51:42 - INFO - Processing subset 4...
2024-07-09 13:51:42 - INFO - -----------------------------
2024-07-09 13:51:42 - INFO - TRAIN MODEL STAGE STARTING FOR SUBSET 4...
2024-07-09 13:51:42 - INFO - -----------------------------
2024-07-09 13:51:42 - INFO - Scaling features and applying LASSO for feature selection...
2024-07-09 13:51:45 - INFO - Selected features (including required): ['who', 'RaceEth', 'age', 'is_female', 'is_hispanic', 'unemployed', 'unstableliving', 'education', 'marital', 'UDS_Amphetamine_Count', 'UDS_Benzodiazepine_Count', 'UDS_Buprenorphine_Count', 'UDS_Cocaine_Count', 'UDS_Methadone_Count', 'UDS_Opioid_Count', 'UDS_Sedatives_Count', 'UDS_Thc_Count', 'pain', 'has_schizophrenia', 'has_major_dep', 'has_bipolar', 'has_anx_pan', 'has_brain_damage', 'has_epilepsy', 'has_alcol_dx', 'has_amphetamines_dx', 'has_cannabis_dx', 'has_cocaine_dx', 'has_sedatives_dx', 'ftnd', 'XTRT', 'shared', 'rbsivheroin', 'TLFB_Alcohol_Count', 'TLFB_Amphetamine_Count', 'TLFB_Benzodiazepine_Count', 'TLFB_Buprenorphine_Count', 'TLFB_Cocaine_Count', 'TLFB_Heroin_Count', 'TLFB_Methadone_Count', 'TLFB_Opioid_Count', 'TLFB_THC_Count', 'TLFB_Other', 'Homosexual_Behavior', 'Non_monogamous_Relationships']
2024-07-09 13:51:45 - INFO - Fitting logistic regression model with the selected features...
2024-07-09 13:51:46 - INFO - Model training completed successfully.
2024-07-09 13:51:46 - INFO - Calculating the dynamic threshold based on the proportion of positive outcomes...
2024-07-09 13:51:46 - INFO - Ratio of 1s to 0s in the outcome variable: 0.88 : 0.12
2024-07-09 13:51:46 - INFO - Dynamic threshold set to: 0.876
2024-07-09 13:51:46 - INFO - Model trained and saved successfully for subset 4.
2024-07-09 13:51:46 - INFO - ---------------------------
2024-07-09 13:51:46 - INFO - TRAIN MODEL STAGE COMPLETED FOR SUBSET 4
2024-07-09 13:51:46 - INFO - ---------------------------
2024-07-09 13:51:46 - INFO - --------------------------------
2024-07-09 13:51:46 - INFO - EVALUATE MODEL STAGE STARTING FOR SUBSET 4...
2024-07-09 13:51:46 - INFO - --------------------------------
2024-07-09 13:51:46 - INFO - ROC AUC Score: 0.7484165561938428
2024-07-09 13:51:46 - INFO - Confusion Matrix: 
[[ 18  13]
 [ 54 165]]
2024-07-09 13:51:46 - INFO - Precision: 0.9269662921348315
2024-07-09 13:51:46 - INFO - Recall: 0.7534246575342466
2024-07-09 13:51:46 - INFO - Model evaluated successfully for subset 4.
2024-07-09 13:51:46 - INFO - ------------------------------
2024-07-09 13:51:46 - INFO - EVALUATE MODEL STAGE COMPLETED FOR SUBSET 4
2024-07-09 13:51:46 - INFO - ------------------------------
2024-07-09 13:51:46 - INFO - Subset 5 demographic makeup: 700 1, 142 3, 100 2, 58 4
2024-07-09 13:51:46 - INFO - Processing subset 5...
2024-07-09 13:51:46 - INFO - -----------------------------
2024-07-09 13:51:46 - INFO - TRAIN MODEL STAGE STARTING FOR SUBSET 5...
2024-07-09 13:51:46 - INFO - -----------------------------
2024-07-09 13:51:46 - INFO - Scaling features and applying LASSO for feature selection...
2024-07-09 13:51:48 - INFO - Selected features (including required): ['who', 'RaceEth', 'age', 'is_female', 'is_hispanic', 'unemployed', 'unstableliving', 'education', 'marital', 'UDS_Amphetamine_Count', 'UDS_Benzodiazepine_Count', 'UDS_Buprenorphine_Count', 'UDS_Cocaine_Count', 'UDS_Methadone_Count', 'UDS_Opioid_Count', 'UDS_Sedatives_Count', 'UDS_Thc_Count', 'pain', 'has_schizophrenia', 'has_major_dep', 'has_bipolar', 'has_anx_pan', 'has_brain_damage', 'has_epilepsy', 'has_alcol_dx', 'has_amphetamines_dx', 'has_cannabis_dx', 'has_cocaine_dx', 'has_sedatives_dx', 'ftnd', 'XTRT', 'shared', 'rbsivheroin', 'TLFB_Alcohol_Count', 'TLFB_Amphetamine_Count', 'TLFB_Benzodiazepine_Count', 'TLFB_Buprenorphine_Count', 'TLFB_Cocaine_Count', 'TLFB_Heroin_Count', 'TLFB_Methadone_Count', 'TLFB_Opioid_Count', 'TLFB_THC_Count', 'TLFB_Other', 'Homosexual_Behavior', 'Non_monogamous_Relationships']
2024-07-09 13:51:48 - INFO - Fitting logistic regression model with the selected features...
2024-07-09 13:51:49 - INFO - Model training completed successfully.
2024-07-09 13:51:49 - INFO - Calculating the dynamic threshold based on the proportion of positive outcomes...
2024-07-09 13:51:49 - INFO - Ratio of 1s to 0s in the outcome variable: 0.88 : 0.12
2024-07-09 13:51:49 - INFO - Dynamic threshold set to: 0.876
2024-07-09 13:51:49 - INFO - Model trained and saved successfully for subset 5.
2024-07-09 13:51:49 - INFO - ---------------------------
2024-07-09 13:51:49 - INFO - TRAIN MODEL STAGE COMPLETED FOR SUBSET 5
2024-07-09 13:51:49 - INFO - ---------------------------
2024-07-09 13:51:49 - INFO - --------------------------------
2024-07-09 13:51:49 - INFO - EVALUATE MODEL STAGE STARTING FOR SUBSET 5...
2024-07-09 13:51:49 - INFO - --------------------------------
2024-07-09 13:51:49 - INFO - ROC AUC Score: 0.6924436588599204
2024-07-09 13:51:49 - INFO - Confusion Matrix: 
[[ 17  14]
 [ 62 157]]
2024-07-09 13:51:49 - INFO - Precision: 0.9181286549707602
2024-07-09 13:51:49 - INFO - Recall: 0.7168949771689498
2024-07-09 13:51:49 - INFO - Model evaluated successfully for subset 5.
2024-07-09 13:51:49 - INFO - ------------------------------
2024-07-09 13:51:49 - INFO - EVALUATE MODEL STAGE COMPLETED FOR SUBSET 5
2024-07-09 13:51:49 - INFO - ------------------------------
2024-07-09 13:51:49 - INFO - Subset 6 demographic makeup: 750 1, 119 3, 83 2, 48 4
2024-07-09 13:51:49 - INFO - Processing subset 6...
2024-07-09 13:51:49 - INFO - -----------------------------
2024-07-09 13:51:49 - INFO - TRAIN MODEL STAGE STARTING FOR SUBSET 6...
2024-07-09 13:51:49 - INFO - -----------------------------
2024-07-09 13:51:49 - INFO - Scaling features and applying LASSO for feature selection...
2024-07-09 13:51:52 - INFO - Selected features (including required): ['who', 'RaceEth', 'age', 'is_female', 'is_hispanic', 'unemployed', 'unstableliving', 'education', 'marital', 'UDS_Amphetamine_Count', 'UDS_Benzodiazepine_Count', 'UDS_Buprenorphine_Count', 'UDS_Cocaine_Count', 'UDS_Methadone_Count', 'UDS_Opioid_Count', 'UDS_Sedatives_Count', 'UDS_Thc_Count', 'pain', 'has_schizophrenia', 'has_major_dep', 'has_bipolar', 'has_anx_pan', 'has_brain_damage', 'has_epilepsy', 'has_alcol_dx', 'has_amphetamines_dx', 'has_cannabis_dx', 'has_cocaine_dx', 'has_sedatives_dx', 'ftnd', 'XTRT', 'shared', 'rbsivheroin', 'TLFB_Alcohol_Count', 'TLFB_Amphetamine_Count', 'TLFB_Benzodiazepine_Count', 'TLFB_Buprenorphine_Count', 'TLFB_Cocaine_Count', 'TLFB_Heroin_Count', 'TLFB_Methadone_Count', 'TLFB_Opioid_Count', 'TLFB_THC_Count', 'TLFB_Other', 'Homosexual_Behavior', 'Non_monogamous_Relationships']
2024-07-09 13:51:52 - INFO - Fitting logistic regression model with the selected features...
2024-07-09 13:51:53 - INFO - Model training completed successfully.
2024-07-09 13:51:53 - INFO - Calculating the dynamic threshold based on the proportion of positive outcomes...
2024-07-09 13:51:53 - INFO - Ratio of 1s to 0s in the outcome variable: 0.90 : 0.10
2024-07-09 13:51:53 - INFO - Dynamic threshold set to: 0.896
2024-07-09 13:51:53 - INFO - Model trained and saved successfully for subset 6.
2024-07-09 13:51:53 - INFO - ---------------------------
2024-07-09 13:51:53 - INFO - TRAIN MODEL STAGE COMPLETED FOR SUBSET 6
2024-07-09 13:51:53 - INFO - ---------------------------
2024-07-09 13:51:53 - INFO - --------------------------------
2024-07-09 13:51:53 - INFO - EVALUATE MODEL STAGE STARTING FOR SUBSET 6...
2024-07-09 13:51:53 - INFO - --------------------------------
2024-07-09 13:51:53 - INFO - ROC AUC Score: 0.6996909340659341
2024-07-09 13:51:53 - INFO - Confusion Matrix: 
[[ 16  10]
 [ 73 151]]
2024-07-09 13:51:53 - INFO - Precision: 0.937888198757764
2024-07-09 13:51:53 - INFO - Recall: 0.6741071428571429
2024-07-09 13:51:53 - INFO - Model evaluated successfully for subset 6.
2024-07-09 13:51:53 - INFO - ------------------------------
2024-07-09 13:51:53 - INFO - EVALUATE MODEL STAGE COMPLETED FOR SUBSET 6
2024-07-09 13:51:53 - INFO - ------------------------------
2024-07-09 13:51:53 - INFO - Subset 7 demographic makeup: 800 1, 90 3, 70 2, 40 4
2024-07-09 13:51:53 - INFO - Processing subset 7...
2024-07-09 13:51:53 - INFO - -----------------------------
2024-07-09 13:51:53 - INFO - TRAIN MODEL STAGE STARTING FOR SUBSET 7...
2024-07-09 13:51:53 - INFO - -----------------------------
2024-07-09 13:51:53 - INFO - Scaling features and applying LASSO for feature selection...
2024-07-09 13:51:56 - INFO - Selected features (including required): ['who', 'RaceEth', 'age', 'is_female', 'is_hispanic', 'unemployed', 'unstableliving', 'education', 'marital', 'UDS_Amphetamine_Count', 'UDS_Benzodiazepine_Count', 'UDS_Buprenorphine_Count', 'UDS_Cocaine_Count', 'UDS_Methadone_Count', 'UDS_Opioid_Count', 'UDS_Sedatives_Count', 'UDS_Thc_Count', 'pain', 'has_schizophrenia', 'has_major_dep', 'has_bipolar', 'has_anx_pan', 'has_brain_damage', 'has_epilepsy', 'has_alcol_dx', 'has_amphetamines_dx', 'has_cannabis_dx', 'has_cocaine_dx', 'has_sedatives_dx', 'ftnd', 'XTRT', 'shared', 'rbsivheroin', 'TLFB_Alcohol_Count', 'TLFB_Amphetamine_Count', 'TLFB_Benzodiazepine_Count', 'TLFB_Buprenorphine_Count', 'TLFB_Cocaine_Count', 'TLFB_Heroin_Count', 'TLFB_Methadone_Count', 'TLFB_Opioid_Count', 'TLFB_THC_Count', 'TLFB_Other', 'Homosexual_Behavior', 'Non_monogamous_Relationships']
2024-07-09 13:51:56 - INFO - Fitting logistic regression model with the selected features...
2024-07-09 13:51:57 - INFO - Model training completed successfully.
2024-07-09 13:51:57 - INFO - Calculating the dynamic threshold based on the proportion of positive outcomes...
2024-07-09 13:51:57 - INFO - Ratio of 1s to 0s in the outcome variable: 0.87 : 0.13
2024-07-09 13:51:57 - INFO - Dynamic threshold set to: 0.872
2024-07-09 13:51:57 - INFO - Model trained and saved successfully for subset 7.
2024-07-09 13:51:57 - INFO - ---------------------------
2024-07-09 13:51:57 - INFO - TRAIN MODEL STAGE COMPLETED FOR SUBSET 7
2024-07-09 13:51:57 - INFO - ---------------------------
2024-07-09 13:51:57 - INFO - --------------------------------
2024-07-09 13:51:57 - INFO - EVALUATE MODEL STAGE STARTING FOR SUBSET 7...
2024-07-09 13:51:57 - INFO - --------------------------------
2024-07-09 13:51:57 - INFO - ROC AUC Score: 0.7154529816513762
2024-07-09 13:51:57 - INFO - Confusion Matrix: 
[[ 15  17]
 [ 53 165]]
2024-07-09 13:51:57 - INFO - Precision: 0.9065934065934066
2024-07-09 13:51:57 - INFO - Recall: 0.7568807339449541
2024-07-09 13:51:57 - INFO - Model evaluated successfully for subset 7.
2024-07-09 13:51:57 - INFO - ------------------------------
2024-07-09 13:51:57 - INFO - EVALUATE MODEL STAGE COMPLETED FOR SUBSET 7
2024-07-09 13:51:57 - INFO - ------------------------------
2024-07-09 13:51:57 - INFO - Subset 8 demographic makeup: 850 1, 66 3, 56 2, 28 4
2024-07-09 13:51:57 - INFO - Processing subset 8...
2024-07-09 13:51:57 - INFO - -----------------------------
2024-07-09 13:51:57 - INFO - TRAIN MODEL STAGE STARTING FOR SUBSET 8...
2024-07-09 13:51:57 - INFO - -----------------------------
2024-07-09 13:51:57 - INFO - Scaling features and applying LASSO for feature selection...
2024-07-09 13:52:01 - INFO - Selected features (including required): ['who', 'RaceEth', 'age', 'is_female', 'is_hispanic', 'unemployed', 'unstableliving', 'education', 'marital', 'UDS_Amphetamine_Count', 'UDS_Benzodiazepine_Count', 'UDS_Buprenorphine_Count', 'UDS_Cocaine_Count', 'UDS_Methadone_Count', 'UDS_Opioid_Count', 'UDS_Sedatives_Count', 'UDS_Thc_Count', 'pain', 'has_schizophrenia', 'has_major_dep', 'has_bipolar', 'has_anx_pan', 'has_brain_damage', 'has_epilepsy', 'has_alcol_dx', 'has_amphetamines_dx', 'has_cannabis_dx', 'has_cocaine_dx', 'has_sedatives_dx', 'ftnd', 'XTRT', 'shared', 'rbsivheroin', 'TLFB_Alcohol_Count', 'TLFB_Amphetamine_Count', 'TLFB_Benzodiazepine_Count', 'TLFB_Buprenorphine_Count', 'TLFB_Cocaine_Count', 'TLFB_Heroin_Count', 'TLFB_Methadone_Count', 'TLFB_Opioid_Count', 'TLFB_THC_Count', 'TLFB_Other', 'Homosexual_Behavior', 'Non_monogamous_Relationships']
2024-07-09 13:52:01 - INFO - Fitting logistic regression model with the selected features...
2024-07-09 13:52:02 - INFO - Model training completed successfully.
2024-07-09 13:52:02 - INFO - Calculating the dynamic threshold based on the proportion of positive outcomes...
2024-07-09 13:52:02 - INFO - Ratio of 1s to 0s in the outcome variable: 0.88 : 0.12
2024-07-09 13:52:02 - INFO - Dynamic threshold set to: 0.88
2024-07-09 13:52:02 - INFO - Model trained and saved successfully for subset 8.
2024-07-09 13:52:02 - INFO - ---------------------------
2024-07-09 13:52:02 - INFO - TRAIN MODEL STAGE COMPLETED FOR SUBSET 8
2024-07-09 13:52:02 - INFO - ---------------------------
2024-07-09 13:52:02 - INFO - --------------------------------
2024-07-09 13:52:02 - INFO - EVALUATE MODEL STAGE STARTING FOR SUBSET 8...
2024-07-09 13:52:02 - INFO - --------------------------------
2024-07-09 13:52:02 - INFO - ROC AUC Score: 0.7307575757575759
2024-07-09 13:52:02 - INFO - Confusion Matrix: 
[[ 16  14]
 [ 60 160]]
2024-07-09 13:52:02 - INFO - Precision: 0.9195402298850575
2024-07-09 13:52:02 - INFO - Recall: 0.7272727272727273
2024-07-09 13:52:02 - INFO - Model evaluated successfully for subset 8.
2024-07-09 13:52:02 - INFO - ------------------------------
2024-07-09 13:52:02 - INFO - EVALUATE MODEL STAGE COMPLETED FOR SUBSET 8
2024-07-09 13:52:02 - INFO - ------------------------------
2024-07-09 13:52:02 - INFO - Subset 9 demographic makeup: 900 1, 47 3, 36 2, 17 4
2024-07-09 13:52:02 - INFO - Processing subset 9...
2024-07-09 13:52:02 - INFO - -----------------------------
2024-07-09 13:52:02 - INFO - TRAIN MODEL STAGE STARTING FOR SUBSET 9...
2024-07-09 13:52:02 - INFO - -----------------------------
2024-07-09 13:52:02 - INFO - Scaling features and applying LASSO for feature selection...
2024-07-09 13:52:06 - INFO - Selected features (including required): ['who', 'RaceEth', 'age', 'is_female', 'is_hispanic', 'unemployed', 'unstableliving', 'education', 'marital', 'UDS_Amphetamine_Count', 'UDS_Benzodiazepine_Count', 'UDS_Buprenorphine_Count', 'UDS_Cocaine_Count', 'UDS_Methadone_Count', 'UDS_Opioid_Count', 'UDS_Sedatives_Count', 'UDS_Thc_Count', 'pain', 'has_schizophrenia', 'has_major_dep', 'has_bipolar', 'has_anx_pan', 'has_brain_damage', 'has_epilepsy', 'has_alcol_dx', 'has_amphetamines_dx', 'has_cannabis_dx', 'has_cocaine_dx', 'has_sedatives_dx', 'ftnd', 'XTRT', 'shared', 'rbsivheroin', 'TLFB_Alcohol_Count', 'TLFB_Amphetamine_Count', 'TLFB_Benzodiazepine_Count', 'TLFB_Buprenorphine_Count', 'TLFB_Cocaine_Count', 'TLFB_Heroin_Count', 'TLFB_Methadone_Count', 'TLFB_Opioid_Count', 'TLFB_THC_Count', 'TLFB_Other', 'Homosexual_Behavior', 'Non_monogamous_Relationships']
2024-07-09 13:52:06 - INFO - Fitting logistic regression model with the selected features...
2024-07-09 13:52:07 - INFO - Model training completed successfully.
2024-07-09 13:52:07 - INFO - Calculating the dynamic threshold based on the proportion of positive outcomes...
2024-07-09 13:52:07 - INFO - Ratio of 1s to 0s in the outcome variable: 0.89 : 0.11
2024-07-09 13:52:07 - INFO - Dynamic threshold set to: 0.892
2024-07-09 13:52:07 - INFO - Model trained and saved successfully for subset 9.
2024-07-09 13:52:07 - INFO - ---------------------------
2024-07-09 13:52:07 - INFO - TRAIN MODEL STAGE COMPLETED FOR SUBSET 9
2024-07-09 13:52:07 - INFO - ---------------------------
2024-07-09 13:52:07 - INFO - --------------------------------
2024-07-09 13:52:07 - INFO - EVALUATE MODEL STAGE STARTING FOR SUBSET 9...
2024-07-09 13:52:07 - INFO - --------------------------------
2024-07-09 13:52:07 - INFO - ROC AUC Score: 0.7211426673310081
2024-07-09 13:52:07 - INFO - Confusion Matrix: 
[[ 14  13]
 [ 68 155]]
2024-07-09 13:52:07 - INFO - Precision: 0.9226190476190477
2024-07-09 13:52:07 - INFO - Recall: 0.695067264573991
2024-07-09 13:52:07 - INFO - Model evaluated successfully for subset 9.
2024-07-09 13:52:07 - INFO - ------------------------------
2024-07-09 13:52:07 - INFO - EVALUATE MODEL STAGE COMPLETED FOR SUBSET 9
2024-07-09 13:52:07 - INFO - ------------------------------
2024-07-09 13:52:07 - INFO - Subset 10 demographic makeup: 950 1, 24 3, 17 2, 9 4
2024-07-09 13:52:07 - INFO - Processing subset 10...
2024-07-09 13:52:07 - INFO - -----------------------------
2024-07-09 13:52:07 - INFO - TRAIN MODEL STAGE STARTING FOR SUBSET 10...
2024-07-09 13:52:07 - INFO - -----------------------------
2024-07-09 13:52:07 - INFO - Scaling features and applying LASSO for feature selection...
2024-07-09 13:52:10 - INFO - Selected features (including required): ['who', 'RaceEth', 'age', 'is_female', 'is_hispanic', 'unemployed', 'unstableliving', 'education', 'marital', 'UDS_Amphetamine_Count', 'UDS_Benzodiazepine_Count', 'UDS_Buprenorphine_Count', 'UDS_Cocaine_Count', 'UDS_Methadone_Count', 'UDS_Opioid_Count', 'UDS_Sedatives_Count', 'UDS_Thc_Count', 'pain', 'has_schizophrenia', 'has_major_dep', 'has_bipolar', 'has_anx_pan', 'has_brain_damage', 'has_epilepsy', 'has_alcol_dx', 'has_amphetamines_dx', 'has_cannabis_dx', 'has_cocaine_dx', 'has_sedatives_dx', 'ftnd', 'XTRT', 'shared', 'rbsivheroin', 'TLFB_Alcohol_Count', 'TLFB_Amphetamine_Count', 'TLFB_Benzodiazepine_Count', 'TLFB_Buprenorphine_Count', 'TLFB_Cocaine_Count', 'TLFB_Heroin_Count', 'TLFB_Methadone_Count', 'TLFB_Opioid_Count', 'TLFB_THC_Count', 'TLFB_Other', 'Homosexual_Behavior', 'Non_monogamous_Relationships']
2024-07-09 13:52:10 - INFO - Fitting logistic regression model with the selected features...
2024-07-09 13:52:11 - INFO - Model training completed successfully.
2024-07-09 13:52:11 - INFO - Calculating the dynamic threshold based on the proportion of positive outcomes...
2024-07-09 13:52:11 - INFO - Ratio of 1s to 0s in the outcome variable: 0.90 : 0.10
2024-07-09 13:52:11 - INFO - Dynamic threshold set to: 0.9
2024-07-09 13:52:11 - INFO - Model trained and saved successfully for subset 10.
2024-07-09 13:52:11 - INFO - ---------------------------
2024-07-09 13:52:11 - INFO - TRAIN MODEL STAGE COMPLETED FOR SUBSET 10
2024-07-09 13:52:11 - INFO - ---------------------------
2024-07-09 13:52:11 - INFO - --------------------------------
2024-07-09 13:52:11 - INFO - EVALUATE MODEL STAGE STARTING FOR SUBSET 10...
2024-07-09 13:52:11 - INFO - --------------------------------
2024-07-09 13:52:11 - INFO - ROC AUC Score: 0.7322666666666666
2024-07-09 13:52:11 - INFO - Confusion Matrix: 
[[ 17   8]
 [ 67 158]]
2024-07-09 13:52:11 - INFO - Precision: 0.9518072289156626
2024-07-09 13:52:11 - INFO - Recall: 0.7022222222222222
2024-07-09 13:52:11 - INFO - Model evaluated successfully for subset 10.
2024-07-09 13:52:11 - INFO - ------------------------------
2024-07-09 13:52:11 - INFO - EVALUATE MODEL STAGE COMPLETED FOR SUBSET 10
2024-07-09 13:52:11 - INFO - ------------------------------
2024-07-09 13:52:11 - INFO - Subset 11 demographic makeup: 1000 1
2024-07-09 13:52:11 - INFO - Processing subset 11...
2024-07-09 13:52:11 - INFO - -----------------------------
2024-07-09 13:52:11 - INFO - TRAIN MODEL STAGE STARTING FOR SUBSET 11...
2024-07-09 13:52:11 - INFO - -----------------------------
2024-07-09 13:52:11 - INFO - Scaling features and applying LASSO for feature selection...
2024-07-09 13:52:12 - INFO - Selected features (including required): ['who', 'age', 'is_female', 'unemployed', 'unstableliving', 'education', 'marital', 'UDS_Amphetamine_Count', 'UDS_Benzodiazepine_Count', 'UDS_Buprenorphine_Count', 'UDS_Cocaine_Count', 'UDS_Methadone_Count', 'UDS_Opioid_Count', 'UDS_Sedatives_Count', 'UDS_Thc_Count', 'pain', 'has_schizophrenia', 'has_major_dep', 'has_bipolar', 'has_anx_pan', 'has_brain_damage', 'has_epilepsy', 'has_alcol_dx', 'has_amphetamines_dx', 'has_cannabis_dx', 'has_cocaine_dx', 'has_sedatives_dx', 'ftnd', 'XTRT', 'shared', 'rbsivheroin', 'TLFB_Alcohol_Count', 'TLFB_Amphetamine_Count', 'TLFB_Benzodiazepine_Count', 'TLFB_Buprenorphine_Count', 'TLFB_Cocaine_Count', 'TLFB_Heroin_Count', 'TLFB_Methadone_Count', 'TLFB_Opioid_Count', 'TLFB_THC_Count', 'TLFB_Other', 'Homosexual_Behavior', 'Non_monogamous_Relationships']
2024-07-09 13:52:12 - INFO - Fitting logistic regression model with the selected features...
2024-07-09 13:52:13 - INFO - Model training completed successfully.
2024-07-09 13:52:13 - INFO - Calculating the dynamic threshold based on the proportion of positive outcomes...
2024-07-09 13:52:13 - INFO - Ratio of 1s to 0s in the outcome variable: 0.89 : 0.11
2024-07-09 13:52:13 - INFO - Dynamic threshold set to: 0.892
2024-07-09 13:52:13 - INFO - Model trained and saved successfully for subset 11.
2024-07-09 13:52:13 - INFO - ---------------------------
2024-07-09 13:52:13 - INFO - TRAIN MODEL STAGE COMPLETED FOR SUBSET 11
2024-07-09 13:52:13 - INFO - ---------------------------
2024-07-09 13:52:13 - INFO - --------------------------------
2024-07-09 13:52:13 - INFO - EVALUATE MODEL STAGE STARTING FOR SUBSET 11...
2024-07-09 13:52:13 - INFO - --------------------------------
2024-07-09 13:52:13 - INFO - ROC AUC Score: 0.7161601062946353
2024-07-09 13:52:13 - INFO - Confusion Matrix: 
[[ 19   8]
 [ 71 152]]
2024-07-09 13:52:13 - INFO - Precision: 0.95
2024-07-09 13:52:13 - INFO - Recall: 0.6816143497757847
2024-07-09 13:52:13 - INFO - Model evaluated successfully for subset 11.
2024-07-09 13:52:13 - INFO - ------------------------------
2024-07-09 13:52:13 - INFO - EVALUATE MODEL STAGE COMPLETED FOR SUBSET 11
2024-07-09 13:52:13 - INFO - ------------------------------
2024-07-09 13:52:13 - INFO - ------------------
2024-07-09 13:52:13 - INFO - PIPELINE COMPLETED
2024-07-09 13:52:13 - INFO - ------------------
