2024-07-31 16:02:22 - INFO - -------------------------------------------
2024-07-31 16:02:22 - INFO - Logging setup complete - starting pipeline.
2024-07-31 16:02:22 - INFO - -------------------------------------------
2024-07-31 16:02:22 - INFO - Global Seed set to: 1722456142
2024-07-31 16:02:28 - INFO - Datasets loaded successfully.
2024-07-31 16:02:28 - INFO - Starting preprocessing of the merged dataset...
2024-07-31 16:02:28 - INFO - ---------------------------------
2024-07-31 16:02:28 - INFO - PRE-PROCESSING STAGE STARTING...
2024-07-31 16:02:28 - INFO - ---------------------------------
2024-07-31 16:02:29 - INFO - Dropped initial columns: ['pain_when', 'is_smoker', 'per_day', 'max', 'amount', 'depression', 'anxiety', 'schizophrenia', 'max', 'amount', 'cocaine_inject_days', 'speedball_inject_days', 'opioid_inject_days', 'speed_inject_days', 'UDS_Alcohol_Count', 'UDS_Mdma/Hallucinogen_Count']
2024-07-31 16:02:29 - INFO - Converted Yes/No to binary.
2024-07-31 16:02:29 - INFO - Processed TLFB columns with specified columns: ['TLFB_Alcohol_Count', 'TLFB_Amphetamine_Count', 'TLFB_Cocaine_Count', 'TLFB_Heroin_Count', 'TLFB_Benzodiazepine_Count', 'TLFB_Opioid_Count', 'TLFB_THC_Count', 'TLFB_Methadone_Count', 'TLFB_Buprenorphine_Count']
2024-07-31 16:02:29 - INFO - Calculated behavioral columns.
2024-07-31 16:02:29 - INFO - Moved 'Rd_kostenB_1993' column to the end.
2024-07-31 16:02:30 - INFO - Dropped initial columns: ['msm_npt', 'msm_frq', 'txx_prt']
2024-07-31 16:02:30 - INFO - transform_data_with_nan_handling success
2024-07-31 16:02:30 - INFO - Renamed columns according to the mapping.
2024-07-31 16:02:30 - INFO - Transformed NaN to 0 for binary columns.
2024-07-31 16:02:30 - INFO - Transformed and renamed 'heroin_inject_days' column to 'rbsivheroin'.
2024-07-31 16:02:30 - INFO - Filled NaN with 0 for 'ftnd' column.
2024-07-31 16:02:31 - INFO - Dropped additional columns: ['rbs_iv_days', 'race', 'RBS_cocaine_Days', 'RBS_heroin_Days', 'RBS_opioid_Days', 'RBS_speed_Days', 'RBS_speedball_Days']
2024-07-31 16:02:31 - INFO - Converted UDS drug counts to binary.
2024-07-31 16:02:31 - INFO - ------------------------------
2024-07-31 16:02:31 - INFO - PRE-PROCESSING STAGE COMPLETED
2024-07-31 16:02:31 - INFO - ------------------------------
2024-07-31 16:02:31 - INFO - Merged dataset preprocessed successfully.
2024-07-31 16:02:31 - INFO - Creating demographic subsets from preprocessed data...
2024-07-31 16:02:46 - INFO - Created 11 subsets successfully.
2024-07-31 16:02:46 - INFO - Creating merged subsets from create_demographics_dfs function
2024-07-31 16:02:46 - INFO - Created 11 merged subsets successfully.
2024-07-31 16:02:46 - INFO - Subset 1 demographic makeup: 500 1, 246 3, 159 2, 95 4
2024-07-31 16:02:46 - INFO - Processing subset 1...
2024-07-31 16:02:46 - INFO - -----------------------------
2024-07-31 16:02:46 - INFO - TRAIN MODEL STAGE STARTING FOR SUBSET 1...
2024-07-31 16:02:46 - INFO - -----------------------------
2024-07-31 16:02:46 - INFO - Scaling features and applying LASSO for feature selection...
2024-07-31 16:02:49 - INFO - Selected features (including required): ['who', 'RaceEth', 'age', 'is_female', 'is_hispanic', 'unemployed', 'unstableliving', 'education', 'marital', 'UDS_Amphetamine_Count', 'UDS_Benzodiazepine_Count', 'UDS_Buprenorphine_Count', 'UDS_Cocaine_Count', 'UDS_Methadone_Count', 'UDS_Opioid_Count', 'UDS_Sedatives_Count', 'UDS_Thc_Count', 'pain', 'has_schizophrenia', 'has_major_dep', 'has_bipolar', 'has_anx_pan', 'has_brain_damage', 'has_epilepsy', 'has_opiates_dx', 'has_alcol_dx', 'has_amphetamines_dx', 'has_cannabis_dx', 'has_cocaine_dx', 'has_sedatives_dx', 'ftnd', 'XTRT', 'shared', 'rbsivheroin', 'TLFB_Alcohol_Count', 'TLFB_Amphetamine_Count', 'TLFB_Benzodiazepine_Count', 'TLFB_Buprenorphine_Count', 'TLFB_Cocaine_Count', 'TLFB_Heroin_Count', 'TLFB_Methadone_Count', 'TLFB_Opioid_Count', 'TLFB_THC_Count', 'TLFB_Other', 'Homosexual_Behavior', 'Non_monogamous_Relationships']
2024-07-31 16:02:49 - INFO - Fitting logistic regression model with the selected features...
2024-07-31 16:02:49 - INFO - Model training completed successfully.
2024-07-31 16:02:49 - INFO - Calculating the dynamic threshold based on the proportion of positive outcomes...
2024-07-31 16:02:49 - INFO - Ratio of 1s to 0s in the outcome variable: 0.50 : 0.50
2024-07-31 16:02:49 - INFO - Dynamic threshold set to: 0.496
2024-07-31 16:02:49 - INFO - Model trained and saved successfully for subset 1.
2024-07-31 16:02:49 - INFO - ---------------------------
2024-07-31 16:02:49 - INFO - TRAIN MODEL STAGE COMPLETED FOR SUBSET 1
2024-07-31 16:02:49 - INFO - ---------------------------
2024-07-31 16:02:49 - INFO - --------------------------------
2024-07-31 16:02:49 - INFO - EVALUATE MODEL STAGE STARTING FOR SUBSET 1...
2024-07-31 16:02:49 - INFO - --------------------------------
2024-07-31 16:02:49 - INFO - ROC AUC Score: 0.6362647209421404
2024-07-31 16:02:49 - INFO - Confusion Matrix: 
[[77 49]
 [43 81]]
2024-07-31 16:02:49 - INFO - Precision: 0.6230769230769231
2024-07-31 16:02:49 - INFO - Recall: 0.6532258064516129
2024-07-31 16:02:49 - INFO - Model evaluated successfully for subset 1.
2024-07-31 16:02:49 - INFO - ------------------------------
2024-07-31 16:02:49 - INFO - EVALUATE MODEL STAGE COMPLETED FOR SUBSET 1
2024-07-31 16:02:49 - INFO - ------------------------------
2024-07-31 16:02:49 - INFO - Subset 2 demographic makeup: 550 1, 218 3, 147 2, 85 4
2024-07-31 16:02:49 - INFO - Processing subset 2...
2024-07-31 16:02:49 - INFO - -----------------------------
2024-07-31 16:02:49 - INFO - TRAIN MODEL STAGE STARTING FOR SUBSET 2...
2024-07-31 16:02:49 - INFO - -----------------------------
2024-07-31 16:02:49 - INFO - Scaling features and applying LASSO for feature selection...
2024-07-31 16:02:54 - INFO - Selected features (including required): ['who', 'RaceEth', 'age', 'is_female', 'is_hispanic', 'unemployed', 'unstableliving', 'education', 'marital', 'UDS_Amphetamine_Count', 'UDS_Benzodiazepine_Count', 'UDS_Buprenorphine_Count', 'UDS_Cocaine_Count', 'UDS_Methadone_Count', 'UDS_Opioid_Count', 'UDS_Sedatives_Count', 'UDS_Thc_Count', 'pain', 'has_schizophrenia', 'has_major_dep', 'has_bipolar', 'has_anx_pan', 'has_brain_damage', 'has_epilepsy', 'has_opiates_dx', 'has_alcol_dx', 'has_amphetamines_dx', 'has_cannabis_dx', 'has_cocaine_dx', 'has_sedatives_dx', 'ftnd', 'XTRT', 'shared', 'rbsivheroin', 'TLFB_Alcohol_Count', 'TLFB_Amphetamine_Count', 'TLFB_Benzodiazepine_Count', 'TLFB_Buprenorphine_Count', 'TLFB_Cocaine_Count', 'TLFB_Heroin_Count', 'TLFB_Methadone_Count', 'TLFB_Opioid_Count', 'TLFB_THC_Count', 'TLFB_Other', 'Homosexual_Behavior', 'Non_monogamous_Relationships']
2024-07-31 16:02:54 - INFO - Fitting logistic regression model with the selected features...
2024-07-31 16:02:57 - INFO - Model training completed successfully.
2024-07-31 16:02:57 - INFO - Calculating the dynamic threshold based on the proportion of positive outcomes...
2024-07-31 16:02:57 - INFO - Ratio of 1s to 0s in the outcome variable: 0.54 : 0.46
2024-07-31 16:02:57 - INFO - Dynamic threshold set to: 0.536
2024-07-31 16:02:57 - INFO - Model trained and saved successfully for subset 2.
2024-07-31 16:02:57 - INFO - ---------------------------
2024-07-31 16:02:57 - INFO - TRAIN MODEL STAGE COMPLETED FOR SUBSET 2
2024-07-31 16:02:57 - INFO - ---------------------------
2024-07-31 16:02:57 - INFO - --------------------------------
2024-07-31 16:02:57 - INFO - EVALUATE MODEL STAGE STARTING FOR SUBSET 2...
2024-07-31 16:02:57 - INFO - --------------------------------
2024-07-31 16:02:57 - INFO - ROC AUC Score: 0.6089166237776634
2024-07-31 16:02:57 - INFO - Confusion Matrix: 
[[73 43]
 [62 72]]
2024-07-31 16:02:57 - INFO - Precision: 0.6260869565217392
2024-07-31 16:02:57 - INFO - Recall: 0.5373134328358209
2024-07-31 16:02:57 - INFO - Model evaluated successfully for subset 2.
2024-07-31 16:02:57 - INFO - ------------------------------
2024-07-31 16:02:57 - INFO - EVALUATE MODEL STAGE COMPLETED FOR SUBSET 2
2024-07-31 16:02:57 - INFO - ------------------------------
2024-07-31 16:02:57 - INFO - Subset 3 demographic makeup: 600 1, 197 3, 124 2, 79 4
2024-07-31 16:02:57 - INFO - Processing subset 3...
2024-07-31 16:02:57 - INFO - -----------------------------
2024-07-31 16:02:57 - INFO - TRAIN MODEL STAGE STARTING FOR SUBSET 3...
2024-07-31 16:02:57 - INFO - -----------------------------
2024-07-31 16:02:57 - INFO - Scaling features and applying LASSO for feature selection...
2024-07-31 16:03:02 - INFO - Selected features (including required): ['who', 'RaceEth', 'age', 'is_female', 'is_hispanic', 'unemployed', 'unstableliving', 'education', 'marital', 'UDS_Amphetamine_Count', 'UDS_Benzodiazepine_Count', 'UDS_Buprenorphine_Count', 'UDS_Cocaine_Count', 'UDS_Methadone_Count', 'UDS_Opioid_Count', 'UDS_Sedatives_Count', 'UDS_Thc_Count', 'pain', 'has_schizophrenia', 'has_major_dep', 'has_bipolar', 'has_anx_pan', 'has_brain_damage', 'has_epilepsy', 'has_opiates_dx', 'has_alcol_dx', 'has_amphetamines_dx', 'has_cannabis_dx', 'has_cocaine_dx', 'has_sedatives_dx', 'ftnd', 'XTRT', 'shared', 'rbsivheroin', 'TLFB_Alcohol_Count', 'TLFB_Amphetamine_Count', 'TLFB_Benzodiazepine_Count', 'TLFB_Buprenorphine_Count', 'TLFB_Cocaine_Count', 'TLFB_Heroin_Count', 'TLFB_Methadone_Count', 'TLFB_Opioid_Count', 'TLFB_THC_Count', 'TLFB_Other', 'Homosexual_Behavior', 'Non_monogamous_Relationships']
2024-07-31 16:03:02 - INFO - Fitting logistic regression model with the selected features...
2024-07-31 16:03:06 - INFO - Model training completed successfully.
2024-07-31 16:03:06 - INFO - Calculating the dynamic threshold based on the proportion of positive outcomes...
2024-07-31 16:03:06 - INFO - Ratio of 1s to 0s in the outcome variable: 0.49 : 0.51
2024-07-31 16:03:06 - INFO - Dynamic threshold set to: 0.492
2024-07-31 16:03:06 - INFO - Model trained and saved successfully for subset 3.
2024-07-31 16:03:06 - INFO - ---------------------------
2024-07-31 16:03:06 - INFO - TRAIN MODEL STAGE COMPLETED FOR SUBSET 3
2024-07-31 16:03:06 - INFO - ---------------------------
2024-07-31 16:03:06 - INFO - --------------------------------
2024-07-31 16:03:06 - INFO - EVALUATE MODEL STAGE STARTING FOR SUBSET 3...
2024-07-31 16:03:06 - INFO - --------------------------------
2024-07-31 16:03:06 - INFO - ROC AUC Score: 0.6676269124895973
2024-07-31 16:03:06 - INFO - Confusion Matrix: 
[[69 58]
 [39 84]]
2024-07-31 16:03:06 - INFO - Precision: 0.5915492957746479
2024-07-31 16:03:06 - INFO - Recall: 0.6829268292682927
2024-07-31 16:03:06 - INFO - Model evaluated successfully for subset 3.
2024-07-31 16:03:06 - INFO - ------------------------------
2024-07-31 16:03:06 - INFO - EVALUATE MODEL STAGE COMPLETED FOR SUBSET 3
2024-07-31 16:03:06 - INFO - ------------------------------
2024-07-31 16:03:06 - INFO - Subset 4 demographic makeup: 650 1, 172 3, 105 2, 73 4
2024-07-31 16:03:06 - INFO - Processing subset 4...
2024-07-31 16:03:06 - INFO - -----------------------------
2024-07-31 16:03:06 - INFO - TRAIN MODEL STAGE STARTING FOR SUBSET 4...
2024-07-31 16:03:06 - INFO - -----------------------------
2024-07-31 16:03:06 - INFO - Scaling features and applying LASSO for feature selection...
2024-07-31 16:03:10 - INFO - Selected features (including required): ['who', 'RaceEth', 'age', 'is_female', 'is_hispanic', 'unemployed', 'unstableliving', 'education', 'marital', 'UDS_Amphetamine_Count', 'UDS_Benzodiazepine_Count', 'UDS_Buprenorphine_Count', 'UDS_Cocaine_Count', 'UDS_Methadone_Count', 'UDS_Opioid_Count', 'UDS_Sedatives_Count', 'UDS_Thc_Count', 'pain', 'has_schizophrenia', 'has_major_dep', 'has_bipolar', 'has_anx_pan', 'has_brain_damage', 'has_epilepsy', 'has_opiates_dx', 'has_alcol_dx', 'has_amphetamines_dx', 'has_cannabis_dx', 'has_cocaine_dx', 'has_sedatives_dx', 'ftnd', 'XTRT', 'shared', 'rbsivheroin', 'TLFB_Alcohol_Count', 'TLFB_Amphetamine_Count', 'TLFB_Benzodiazepine_Count', 'TLFB_Buprenorphine_Count', 'TLFB_Cocaine_Count', 'TLFB_Heroin_Count', 'TLFB_Methadone_Count', 'TLFB_Opioid_Count', 'TLFB_THC_Count', 'TLFB_Other', 'Homosexual_Behavior', 'Non_monogamous_Relationships']
2024-07-31 16:03:11 - INFO - Fitting logistic regression model with the selected features...
2024-07-31 16:03:14 - INFO - Model training completed successfully.
2024-07-31 16:03:14 - INFO - Calculating the dynamic threshold based on the proportion of positive outcomes...
2024-07-31 16:03:14 - INFO - Ratio of 1s to 0s in the outcome variable: 0.50 : 0.50
2024-07-31 16:03:14 - INFO - Dynamic threshold set to: 0.496
2024-07-31 16:03:14 - INFO - Model trained and saved successfully for subset 4.
2024-07-31 16:03:14 - INFO - ---------------------------
2024-07-31 16:03:14 - INFO - TRAIN MODEL STAGE COMPLETED FOR SUBSET 4
2024-07-31 16:03:14 - INFO - ---------------------------
2024-07-31 16:03:14 - INFO - --------------------------------
2024-07-31 16:03:14 - INFO - EVALUATE MODEL STAGE STARTING FOR SUBSET 4...
2024-07-31 16:03:14 - INFO - --------------------------------
2024-07-31 16:03:14 - INFO - ROC AUC Score: 0.6649385560675882
2024-07-31 16:03:14 - INFO - Confusion Matrix: 
[[64 62]
 [31 93]]
2024-07-31 16:03:14 - INFO - Precision: 0.6
2024-07-31 16:03:14 - INFO - Recall: 0.75
2024-07-31 16:03:14 - INFO - Model evaluated successfully for subset 4.
2024-07-31 16:03:14 - INFO - ------------------------------
2024-07-31 16:03:14 - INFO - EVALUATE MODEL STAGE COMPLETED FOR SUBSET 4
2024-07-31 16:03:14 - INFO - ------------------------------
2024-07-31 16:03:14 - INFO - Subset 5 demographic makeup: 700 1, 152 3, 88 2, 60 4
2024-07-31 16:03:14 - INFO - Processing subset 5...
2024-07-31 16:03:14 - INFO - -----------------------------
2024-07-31 16:03:14 - INFO - TRAIN MODEL STAGE STARTING FOR SUBSET 5...
2024-07-31 16:03:14 - INFO - -----------------------------
2024-07-31 16:03:14 - INFO - Scaling features and applying LASSO for feature selection...
2024-07-31 16:03:19 - INFO - Selected features (including required): ['who', 'RaceEth', 'age', 'is_female', 'is_hispanic', 'unemployed', 'unstableliving', 'education', 'marital', 'UDS_Amphetamine_Count', 'UDS_Benzodiazepine_Count', 'UDS_Buprenorphine_Count', 'UDS_Cocaine_Count', 'UDS_Methadone_Count', 'UDS_Opioid_Count', 'UDS_Sedatives_Count', 'UDS_Thc_Count', 'pain', 'has_schizophrenia', 'has_major_dep', 'has_bipolar', 'has_anx_pan', 'has_brain_damage', 'has_epilepsy', 'has_opiates_dx', 'has_alcol_dx', 'has_amphetamines_dx', 'has_cannabis_dx', 'has_cocaine_dx', 'has_sedatives_dx', 'ftnd', 'XTRT', 'shared', 'rbsivheroin', 'TLFB_Alcohol_Count', 'TLFB_Amphetamine_Count', 'TLFB_Benzodiazepine_Count', 'TLFB_Buprenorphine_Count', 'TLFB_Cocaine_Count', 'TLFB_Heroin_Count', 'TLFB_Methadone_Count', 'TLFB_Opioid_Count', 'TLFB_THC_Count', 'TLFB_Other', 'Homosexual_Behavior', 'Non_monogamous_Relationships']
2024-07-31 16:03:19 - INFO - Fitting logistic regression model with the selected features...
2024-07-31 16:03:24 - INFO - Model training completed successfully.
2024-07-31 16:03:24 - INFO - Calculating the dynamic threshold based on the proportion of positive outcomes...
2024-07-31 16:03:24 - INFO - Ratio of 1s to 0s in the outcome variable: 0.52 : 0.48
2024-07-31 16:03:24 - INFO - Dynamic threshold set to: 0.524
2024-07-31 16:03:24 - INFO - Model trained and saved successfully for subset 5.
2024-07-31 16:03:24 - INFO - ---------------------------
2024-07-31 16:03:24 - INFO - TRAIN MODEL STAGE COMPLETED FOR SUBSET 5
2024-07-31 16:03:24 - INFO - ---------------------------
2024-07-31 16:03:24 - INFO - --------------------------------
2024-07-31 16:03:24 - INFO - EVALUATE MODEL STAGE STARTING FOR SUBSET 5...
2024-07-31 16:03:24 - INFO - --------------------------------
2024-07-31 16:03:24 - INFO - ROC AUC Score: 0.6042080954519212
2024-07-31 16:03:24 - INFO - Confusion Matrix: 
[[72 47]
 [59 72]]
2024-07-31 16:03:24 - INFO - Precision: 0.6050420168067226
2024-07-31 16:03:24 - INFO - Recall: 0.549618320610687
2024-07-31 16:03:24 - INFO - Model evaluated successfully for subset 5.
2024-07-31 16:03:24 - INFO - ------------------------------
2024-07-31 16:03:24 - INFO - EVALUATE MODEL STAGE COMPLETED FOR SUBSET 5
2024-07-31 16:03:24 - INFO - ------------------------------
2024-07-31 16:03:24 - INFO - Subset 6 demographic makeup: 750 1, 130 3, 71 2, 49 4
2024-07-31 16:03:24 - INFO - Processing subset 6...
2024-07-31 16:03:24 - INFO - -----------------------------
2024-07-31 16:03:24 - INFO - TRAIN MODEL STAGE STARTING FOR SUBSET 6...
2024-07-31 16:03:24 - INFO - -----------------------------
2024-07-31 16:03:24 - INFO - Scaling features and applying LASSO for feature selection...
2024-07-31 16:03:29 - INFO - Selected features (including required): ['who', 'RaceEth', 'age', 'is_female', 'is_hispanic', 'unemployed', 'unstableliving', 'education', 'marital', 'UDS_Amphetamine_Count', 'UDS_Benzodiazepine_Count', 'UDS_Buprenorphine_Count', 'UDS_Cocaine_Count', 'UDS_Methadone_Count', 'UDS_Opioid_Count', 'UDS_Sedatives_Count', 'UDS_Thc_Count', 'pain', 'has_schizophrenia', 'has_major_dep', 'has_bipolar', 'has_anx_pan', 'has_brain_damage', 'has_epilepsy', 'has_opiates_dx', 'has_alcol_dx', 'has_amphetamines_dx', 'has_cannabis_dx', 'has_cocaine_dx', 'has_sedatives_dx', 'ftnd', 'XTRT', 'shared', 'rbsivheroin', 'TLFB_Alcohol_Count', 'TLFB_Amphetamine_Count', 'TLFB_Benzodiazepine_Count', 'TLFB_Buprenorphine_Count', 'TLFB_Cocaine_Count', 'TLFB_Heroin_Count', 'TLFB_Methadone_Count', 'TLFB_Opioid_Count', 'TLFB_THC_Count', 'TLFB_Other', 'Homosexual_Behavior', 'Non_monogamous_Relationships']
2024-07-31 16:03:29 - INFO - Fitting logistic regression model with the selected features...
2024-07-31 16:03:33 - INFO - Model training completed successfully.
2024-07-31 16:03:33 - INFO - Calculating the dynamic threshold based on the proportion of positive outcomes...
2024-07-31 16:03:33 - INFO - Ratio of 1s to 0s in the outcome variable: 0.58 : 0.42
2024-07-31 16:03:33 - INFO - Dynamic threshold set to: 0.58
2024-07-31 16:03:33 - INFO - Model trained and saved successfully for subset 6.
2024-07-31 16:03:33 - INFO - ---------------------------
2024-07-31 16:03:33 - INFO - TRAIN MODEL STAGE COMPLETED FOR SUBSET 6
2024-07-31 16:03:33 - INFO - ---------------------------
2024-07-31 16:03:33 - INFO - --------------------------------
2024-07-31 16:03:33 - INFO - EVALUATE MODEL STAGE STARTING FOR SUBSET 6...
2024-07-31 16:03:33 - INFO - --------------------------------
2024-07-31 16:03:33 - INFO - ROC AUC Score: 0.6582594417077176
2024-07-31 16:03:33 - INFO - Confusion Matrix: 
[[71 34]
 [59 86]]
2024-07-31 16:03:33 - INFO - Precision: 0.7166666666666667
2024-07-31 16:03:33 - INFO - Recall: 0.593103448275862
2024-07-31 16:03:33 - INFO - Model evaluated successfully for subset 6.
2024-07-31 16:03:33 - INFO - ------------------------------
2024-07-31 16:03:33 - INFO - EVALUATE MODEL STAGE COMPLETED FOR SUBSET 6
2024-07-31 16:03:33 - INFO - ------------------------------
2024-07-31 16:03:33 - INFO - Subset 7 demographic makeup: 800 1, 107 3, 57 2, 36 4
2024-07-31 16:03:33 - INFO - Processing subset 7...
2024-07-31 16:03:33 - INFO - -----------------------------
2024-07-31 16:03:33 - INFO - TRAIN MODEL STAGE STARTING FOR SUBSET 7...
2024-07-31 16:03:33 - INFO - -----------------------------
2024-07-31 16:03:33 - INFO - Scaling features and applying LASSO for feature selection...
2024-07-31 16:03:42 - INFO - Selected features (including required): ['who', 'RaceEth', 'age', 'is_female', 'is_hispanic', 'unemployed', 'unstableliving', 'education', 'marital', 'UDS_Amphetamine_Count', 'UDS_Benzodiazepine_Count', 'UDS_Buprenorphine_Count', 'UDS_Cocaine_Count', 'UDS_Methadone_Count', 'UDS_Opioid_Count', 'UDS_Sedatives_Count', 'UDS_Thc_Count', 'pain', 'has_schizophrenia', 'has_major_dep', 'has_bipolar', 'has_anx_pan', 'has_brain_damage', 'has_epilepsy', 'has_opiates_dx', 'has_alcol_dx', 'has_amphetamines_dx', 'has_cannabis_dx', 'has_cocaine_dx', 'has_sedatives_dx', 'ftnd', 'XTRT', 'shared', 'rbsivheroin', 'TLFB_Alcohol_Count', 'TLFB_Amphetamine_Count', 'TLFB_Benzodiazepine_Count', 'TLFB_Buprenorphine_Count', 'TLFB_Cocaine_Count', 'TLFB_Heroin_Count', 'TLFB_Methadone_Count', 'TLFB_Opioid_Count', 'TLFB_THC_Count', 'TLFB_Other', 'Homosexual_Behavior', 'Non_monogamous_Relationships']
2024-07-31 16:03:42 - INFO - Fitting logistic regression model with the selected features...
2024-07-31 16:03:50 - INFO - Model training completed successfully.
2024-07-31 16:03:50 - INFO - Calculating the dynamic threshold based on the proportion of positive outcomes...
2024-07-31 16:03:50 - INFO - Ratio of 1s to 0s in the outcome variable: 0.57 : 0.43
2024-07-31 16:03:50 - INFO - Dynamic threshold set to: 0.568
2024-07-31 16:03:50 - INFO - Model trained and saved successfully for subset 7.
2024-07-31 16:03:50 - INFO - ---------------------------
2024-07-31 16:03:50 - INFO - TRAIN MODEL STAGE COMPLETED FOR SUBSET 7
2024-07-31 16:03:50 - INFO - ---------------------------
2024-07-31 16:03:50 - INFO - --------------------------------
2024-07-31 16:03:50 - INFO - EVALUATE MODEL STAGE STARTING FOR SUBSET 7...
2024-07-31 16:03:50 - INFO - --------------------------------
2024-07-31 16:03:51 - INFO - ROC AUC Score: 0.624282733437663
2024-07-31 16:03:51 - INFO - Confusion Matrix: 
[[72 36]
 [65 77]]
2024-07-31 16:03:51 - INFO - Precision: 0.6814159292035398
2024-07-31 16:03:51 - INFO - Recall: 0.5422535211267606
2024-07-31 16:03:51 - INFO - Model evaluated successfully for subset 7.
2024-07-31 16:03:51 - INFO - ------------------------------
2024-07-31 16:03:51 - INFO - EVALUATE MODEL STAGE COMPLETED FOR SUBSET 7
2024-07-31 16:03:51 - INFO - ------------------------------
2024-07-31 16:03:51 - INFO - Subset 8 demographic makeup: 850 1, 82 3, 40 2, 28 4
2024-07-31 16:03:51 - INFO - Processing subset 8...
2024-07-31 16:03:51 - INFO - -----------------------------
2024-07-31 16:03:51 - INFO - TRAIN MODEL STAGE STARTING FOR SUBSET 8...
2024-07-31 16:03:51 - INFO - -----------------------------
2024-07-31 16:03:51 - INFO - Scaling features and applying LASSO for feature selection...
2024-07-31 16:03:58 - INFO - Selected features (including required): ['who', 'RaceEth', 'age', 'is_female', 'is_hispanic', 'unemployed', 'unstableliving', 'education', 'marital', 'UDS_Amphetamine_Count', 'UDS_Benzodiazepine_Count', 'UDS_Buprenorphine_Count', 'UDS_Cocaine_Count', 'UDS_Methadone_Count', 'UDS_Opioid_Count', 'UDS_Sedatives_Count', 'UDS_Thc_Count', 'pain', 'has_schizophrenia', 'has_major_dep', 'has_bipolar', 'has_anx_pan', 'has_brain_damage', 'has_epilepsy', 'has_opiates_dx', 'has_alcol_dx', 'has_amphetamines_dx', 'has_cannabis_dx', 'has_cocaine_dx', 'has_sedatives_dx', 'ftnd', 'XTRT', 'shared', 'rbsivheroin', 'TLFB_Alcohol_Count', 'TLFB_Amphetamine_Count', 'TLFB_Benzodiazepine_Count', 'TLFB_Buprenorphine_Count', 'TLFB_Cocaine_Count', 'TLFB_Heroin_Count', 'TLFB_Methadone_Count', 'TLFB_Opioid_Count', 'TLFB_THC_Count', 'TLFB_Other', 'Homosexual_Behavior', 'Non_monogamous_Relationships']
2024-07-31 16:03:59 - INFO - Fitting logistic regression model with the selected features...
2024-07-31 16:04:12 - INFO - Model training completed successfully.
2024-07-31 16:04:12 - INFO - Calculating the dynamic threshold based on the proportion of positive outcomes...
2024-07-31 16:04:12 - INFO - Ratio of 1s to 0s in the outcome variable: 0.57 : 0.43
2024-07-31 16:04:12 - INFO - Dynamic threshold set to: 0.572
2024-07-31 16:04:12 - INFO - Model trained and saved successfully for subset 8.
2024-07-31 16:04:12 - INFO - ---------------------------
2024-07-31 16:04:12 - INFO - TRAIN MODEL STAGE COMPLETED FOR SUBSET 8
2024-07-31 16:04:12 - INFO - ---------------------------
2024-07-31 16:04:12 - INFO - --------------------------------
2024-07-31 16:04:12 - INFO - EVALUATE MODEL STAGE STARTING FOR SUBSET 8...
2024-07-31 16:04:12 - INFO - --------------------------------
2024-07-31 16:04:12 - INFO - ROC AUC Score: 0.6691065943402391
2024-07-31 16:04:12 - INFO - Confusion Matrix: 
[[71 36]
 [57 86]]
2024-07-31 16:04:12 - INFO - Precision: 0.7049180327868853
2024-07-31 16:04:12 - INFO - Recall: 0.6013986013986014
2024-07-31 16:04:12 - INFO - Model evaluated successfully for subset 8.
2024-07-31 16:04:12 - INFO - ------------------------------
2024-07-31 16:04:12 - INFO - EVALUATE MODEL STAGE COMPLETED FOR SUBSET 8
2024-07-31 16:04:12 - INFO - ------------------------------
2024-07-31 16:04:12 - INFO - Subset 9 demographic makeup: 900 1, 53 3, 26 2, 21 4
2024-07-31 16:04:12 - INFO - Processing subset 9...
2024-07-31 16:04:12 - INFO - -----------------------------
2024-07-31 16:04:12 - INFO - TRAIN MODEL STAGE STARTING FOR SUBSET 9...
2024-07-31 16:04:12 - INFO - -----------------------------
2024-07-31 16:04:13 - INFO - Scaling features and applying LASSO for feature selection...
2024-07-31 16:04:18 - INFO - Selected features (including required): ['who', 'RaceEth', 'age', 'is_female', 'is_hispanic', 'unemployed', 'unstableliving', 'education', 'marital', 'UDS_Amphetamine_Count', 'UDS_Benzodiazepine_Count', 'UDS_Buprenorphine_Count', 'UDS_Cocaine_Count', 'UDS_Methadone_Count', 'UDS_Opioid_Count', 'UDS_Sedatives_Count', 'UDS_Thc_Count', 'pain', 'has_schizophrenia', 'has_major_dep', 'has_bipolar', 'has_anx_pan', 'has_brain_damage', 'has_epilepsy', 'has_opiates_dx', 'has_alcol_dx', 'has_amphetamines_dx', 'has_cannabis_dx', 'has_cocaine_dx', 'has_sedatives_dx', 'ftnd', 'XTRT', 'shared', 'rbsivheroin', 'TLFB_Alcohol_Count', 'TLFB_Amphetamine_Count', 'TLFB_Benzodiazepine_Count', 'TLFB_Buprenorphine_Count', 'TLFB_Cocaine_Count', 'TLFB_Heroin_Count', 'TLFB_Methadone_Count', 'TLFB_Opioid_Count', 'TLFB_THC_Count', 'TLFB_Other', 'Homosexual_Behavior', 'Non_monogamous_Relationships']
2024-07-31 16:04:18 - INFO - Fitting logistic regression model with the selected features...
2024-07-31 16:04:20 - INFO - Model training completed successfully.
2024-07-31 16:04:20 - INFO - Calculating the dynamic threshold based on the proportion of positive outcomes...
2024-07-31 16:04:20 - INFO - Ratio of 1s to 0s in the outcome variable: 0.54 : 0.46
2024-07-31 16:04:20 - INFO - Dynamic threshold set to: 0.54
2024-07-31 16:04:20 - INFO - Model trained and saved successfully for subset 9.
2024-07-31 16:04:20 - INFO - ---------------------------
2024-07-31 16:04:20 - INFO - TRAIN MODEL STAGE COMPLETED FOR SUBSET 9
2024-07-31 16:04:20 - INFO - ---------------------------
2024-07-31 16:04:20 - INFO - --------------------------------
2024-07-31 16:04:20 - INFO - EVALUATE MODEL STAGE STARTING FOR SUBSET 9...
2024-07-31 16:04:20 - INFO - --------------------------------
2024-07-31 16:04:20 - INFO - ROC AUC Score: 0.6298228663446055
2024-07-31 16:04:20 - INFO - Confusion Matrix: 
[[65 50]
 [52 83]]
2024-07-31 16:04:20 - INFO - Precision: 0.6240601503759399
2024-07-31 16:04:20 - INFO - Recall: 0.6148148148148148
2024-07-31 16:04:20 - INFO - Model evaluated successfully for subset 9.
2024-07-31 16:04:20 - INFO - ------------------------------
2024-07-31 16:04:20 - INFO - EVALUATE MODEL STAGE COMPLETED FOR SUBSET 9
2024-07-31 16:04:20 - INFO - ------------------------------
2024-07-31 16:04:20 - INFO - Subset 10 demographic makeup: 950 1, 24 3, 14 4, 12 2
2024-07-31 16:04:20 - INFO - Processing subset 10...
2024-07-31 16:04:20 - INFO - -----------------------------
2024-07-31 16:04:20 - INFO - TRAIN MODEL STAGE STARTING FOR SUBSET 10...
2024-07-31 16:04:20 - INFO - -----------------------------
2024-07-31 16:04:20 - INFO - Scaling features and applying LASSO for feature selection...
2024-07-31 16:04:24 - INFO - Selected features (including required): ['who', 'RaceEth', 'age', 'is_female', 'is_hispanic', 'unemployed', 'unstableliving', 'education', 'marital', 'UDS_Amphetamine_Count', 'UDS_Benzodiazepine_Count', 'UDS_Buprenorphine_Count', 'UDS_Cocaine_Count', 'UDS_Methadone_Count', 'UDS_Opioid_Count', 'UDS_Sedatives_Count', 'UDS_Thc_Count', 'pain', 'has_schizophrenia', 'has_major_dep', 'has_bipolar', 'has_anx_pan', 'has_brain_damage', 'has_epilepsy', 'has_opiates_dx', 'has_alcol_dx', 'has_amphetamines_dx', 'has_cannabis_dx', 'has_cocaine_dx', 'has_sedatives_dx', 'ftnd', 'XTRT', 'shared', 'rbsivheroin', 'TLFB_Alcohol_Count', 'TLFB_Amphetamine_Count', 'TLFB_Benzodiazepine_Count', 'TLFB_Buprenorphine_Count', 'TLFB_Cocaine_Count', 'TLFB_Heroin_Count', 'TLFB_Methadone_Count', 'TLFB_Opioid_Count', 'TLFB_THC_Count', 'TLFB_Other', 'Homosexual_Behavior', 'Non_monogamous_Relationships']
2024-07-31 16:04:24 - INFO - Fitting logistic regression model with the selected features...
2024-07-31 16:04:25 - INFO - Model training completed successfully.
2024-07-31 16:04:25 - INFO - Calculating the dynamic threshold based on the proportion of positive outcomes...
2024-07-31 16:04:25 - INFO - Ratio of 1s to 0s in the outcome variable: 0.53 : 0.47
2024-07-31 16:04:25 - INFO - Dynamic threshold set to: 0.528
2024-07-31 16:04:25 - INFO - Model trained and saved successfully for subset 10.
2024-07-31 16:04:25 - INFO - ---------------------------
2024-07-31 16:04:25 - INFO - TRAIN MODEL STAGE COMPLETED FOR SUBSET 10
2024-07-31 16:04:25 - INFO - ---------------------------
2024-07-31 16:04:25 - INFO - --------------------------------
2024-07-31 16:04:25 - INFO - EVALUATE MODEL STAGE STARTING FOR SUBSET 10...
2024-07-31 16:04:25 - INFO - --------------------------------
2024-07-31 16:04:25 - INFO - ROC AUC Score: 0.610362095531587
2024-07-31 16:04:25 - INFO - Confusion Matrix: 
[[69 49]
 [51 81]]
2024-07-31 16:04:25 - INFO - Precision: 0.6230769230769231
2024-07-31 16:04:25 - INFO - Recall: 0.6136363636363636
2024-07-31 16:04:25 - INFO - Model evaluated successfully for subset 10.
2024-07-31 16:04:25 - INFO - ------------------------------
2024-07-31 16:04:25 - INFO - EVALUATE MODEL STAGE COMPLETED FOR SUBSET 10
2024-07-31 16:04:25 - INFO - ------------------------------
2024-07-31 16:04:25 - INFO - Subset 11 demographic makeup: 1000 1
2024-07-31 16:04:25 - INFO - Processing subset 11...
2024-07-31 16:04:25 - INFO - -----------------------------
2024-07-31 16:04:25 - INFO - TRAIN MODEL STAGE STARTING FOR SUBSET 11...
2024-07-31 16:04:25 - INFO - -----------------------------
2024-07-31 16:04:25 - INFO - Scaling features and applying LASSO for feature selection...
2024-07-31 16:04:28 - INFO - Selected features (including required): ['who', 'age', 'is_female', 'unemployed', 'unstableliving', 'education', 'marital', 'UDS_Amphetamine_Count', 'UDS_Benzodiazepine_Count', 'UDS_Buprenorphine_Count', 'UDS_Cocaine_Count', 'UDS_Methadone_Count', 'UDS_Opioid_Count', 'UDS_Sedatives_Count', 'UDS_Thc_Count', 'pain', 'has_schizophrenia', 'has_major_dep', 'has_bipolar', 'has_anx_pan', 'has_brain_damage', 'has_epilepsy', 'has_opiates_dx', 'has_alcol_dx', 'has_amphetamines_dx', 'has_cannabis_dx', 'has_cocaine_dx', 'has_sedatives_dx', 'ftnd', 'XTRT', 'shared', 'rbsivheroin', 'TLFB_Alcohol_Count', 'TLFB_Amphetamine_Count', 'TLFB_Benzodiazepine_Count', 'TLFB_Buprenorphine_Count', 'TLFB_Cocaine_Count', 'TLFB_Heroin_Count', 'TLFB_Methadone_Count', 'TLFB_Opioid_Count', 'TLFB_THC_Count', 'TLFB_Other', 'Homosexual_Behavior', 'Non_monogamous_Relationships']
2024-07-31 16:04:28 - INFO - Fitting logistic regression model with the selected features...
2024-07-31 16:04:28 - INFO - Model training completed successfully.
2024-07-31 16:04:28 - INFO - Calculating the dynamic threshold based on the proportion of positive outcomes...
2024-07-31 16:04:28 - INFO - Ratio of 1s to 0s in the outcome variable: 0.54 : 0.46
2024-07-31 16:04:28 - INFO - Dynamic threshold set to: 0.54
2024-07-31 16:04:28 - INFO - Model trained and saved successfully for subset 11.
2024-07-31 16:04:28 - INFO - ---------------------------
2024-07-31 16:04:28 - INFO - TRAIN MODEL STAGE COMPLETED FOR SUBSET 11
2024-07-31 16:04:28 - INFO - ---------------------------
2024-07-31 16:04:28 - INFO - --------------------------------
2024-07-31 16:04:28 - INFO - EVALUATE MODEL STAGE STARTING FOR SUBSET 11...
2024-07-31 16:04:28 - INFO - --------------------------------
2024-07-31 16:04:28 - INFO - ROC AUC Score: 0.6410950080515299
2024-07-31 16:04:28 - INFO - Confusion Matrix: 
[[63 52]
 [40 95]]
2024-07-31 16:04:28 - INFO - Precision: 0.6462585034013606
2024-07-31 16:04:28 - INFO - Recall: 0.7037037037037037
2024-07-31 16:04:28 - INFO - Model evaluated successfully for subset 11.
2024-07-31 16:04:28 - INFO - ------------------------------
2024-07-31 16:04:28 - INFO - EVALUATE MODEL STAGE COMPLETED FOR SUBSET 11
2024-07-31 16:04:28 - INFO - ------------------------------
2024-07-31 16:04:28 - INFO - ------------------
2024-07-31 16:04:28 - INFO - PIPELINE COMPLETED
2024-07-31 16:04:28 - INFO - ------------------
