2024-08-27 14:11:47,589 - INFO - Global Seed set to: 2
2024-08-27 14:11:47,589 - INFO - Outcome Name: Rd_kostenB_1993
2024-08-27 14:11:47,634 - INFO - Datasets loaded successfully.
2024-08-27 14:11:47,642 - INFO - Starting preprocessing of the merged dataset...
2024-08-27 14:11:47,642 - INFO - ---------------------------------
2024-08-27 14:11:47,642 - INFO - PRE-PROCESSING STAGE STARTING...
2024-08-27 14:11:47,642 - INFO - ---------------------------------
2024-08-27 14:11:47,747 - INFO - Dropped initial columns: ['pain_when', 'is_smoker', 'per_day', 'max', 'amount', 'depression', 'anxiety', 'schizophrenia', 'max', 'amount', 'cocaine_inject_days', 'speedball_inject_days', 'opioid_inject_days', 'speed_inject_days', 'UDS_Alcohol_Count', 'UDS_Mdma/Hallucinogen_Count']
2024-08-27 14:11:47,813 - INFO - Converted Yes/No to binary.
2024-08-27 14:11:47,822 - INFO - Processed TLFB columns with specified columns: ['TLFB_Alcohol_Count', 'TLFB_Amphetamine_Count', 'TLFB_Cocaine_Count', 'TLFB_Heroin_Count', 'TLFB_Benzodiazepine_Count', 'TLFB_Opioid_Count', 'TLFB_THC_Count', 'TLFB_Methadone_Count', 'TLFB_Buprenorphine_Count']
2024-08-27 14:11:47,824 - INFO - Calculated behavioral columns.
2024-08-27 14:11:47,826 - INFO - Moved 'Rd_kostenB_1993' column to the end.
2024-08-27 14:11:47,920 - INFO - Dropped initial columns: ['msm_npt', 'msm_frq', 'txx_prt']
2024-08-27 14:11:47,938 - INFO - transform_data_with_nan_handling success
2024-08-27 14:11:47,940 - INFO - Renamed columns according to the mapping.
2024-08-27 14:11:48,051 - INFO - Transformed NaN to 0 for binary columns.
2024-08-27 14:11:48,069 - INFO - Transformed and renamed 'heroin_inject_days' column to 'rbsivheroin'.
2024-08-27 14:11:48,071 - INFO - Filled NaN with 0 for 'ftnd' column.
2024-08-27 14:11:48,227 - INFO - Dropped additional columns: ['rbs_iv_days', 'race', 'RBS_cocaine_Days', 'RBS_heroin_Days', 'RBS_opioid_Days', 'RBS_speed_Days', 'RBS_speedball_Days']
2024-08-27 14:11:48,240 - INFO - Converted UDS drug counts to binary.
2024-08-27 14:11:48,315 - INFO - ------------------------------
2024-08-27 14:11:48,315 - INFO - PRE-PROCESSING STAGE COMPLETED
2024-08-27 14:11:48,315 - INFO - ------------------------------
2024-08-27 14:11:48,315 - INFO - Merged dataset preprocessed successfully.
2024-08-27 14:11:48,315 - INFO - Creating demographic subsets from preprocessed data...
2024-08-27 14:11:48,464 - INFO - Created 11 subsets successfully.
2024-08-27 14:11:48,464 - INFO - Creating merged subsets from create_demographics_dfs function
2024-08-27 14:11:48,545 - INFO - Created 11 merged subsets successfully.
2024-08-27 14:11:48,546 - INFO - Subset 1 demographic makeup: 500 1, 242 3, 158 2, 100 4
2024-08-27 14:11:48,546 - INFO - Processing subset 1...
2024-08-27 14:11:48,546 - INFO - -----------------------------
2024-08-27 14:11:48,546 - INFO - TRAIN MODEL STAGE STARTING FOR SUBSET 1...
2024-08-27 14:11:48,546 - INFO - -----------------------------
2024-08-27 14:11:48,551 - INFO - Scaling features and applying LASSO for feature selection...
2024-08-27 14:11:49,099 - INFO - Selected features (including required): ['who', 'RaceEth', 'age', 'is_female', 'is_hispanic', 'unemployed', 'unstableliving', 'education', 'marital', 'UDS_Amphetamine_Count', 'UDS_Benzodiazepine_Count', 'UDS_Buprenorphine_Count', 'UDS_Cocaine_Count', 'UDS_Methadone_Count', 'UDS_Opioid_Count', 'UDS_Sedatives_Count', 'UDS_Thc_Count', 'pain', 'has_schizophrenia', 'has_major_dep', 'has_bipolar', 'has_anx_pan', 'has_brain_damage', 'has_epilepsy', 'has_alcol_dx', 'has_amphetamines_dx', 'has_cannabis_dx', 'has_cocaine_dx', 'has_sedatives_dx', 'ftnd', 'XTRT', 'shared', 'rbsivheroin', 'TLFB_Alcohol_Count', 'TLFB_Amphetamine_Count', 'TLFB_Benzodiazepine_Count', 'TLFB_Buprenorphine_Count', 'TLFB_Cocaine_Count', 'TLFB_Heroin_Count', 'TLFB_Methadone_Count', 'TLFB_Opioid_Count', 'TLFB_THC_Count', 'TLFB_Other', 'Homosexual_Behavior', 'Non_monogamous_Relationships']
2024-08-27 14:11:49,112 - INFO - Fitting logistic regression model with the selected features...
2024-08-27 14:11:49,812 - INFO - Model training completed successfully.
2024-08-27 14:11:49,812 - INFO - Calculating the dynamic threshold based on the proportion of positive outcomes...
2024-08-27 14:11:49,813 - INFO - Ratio of 1s to 0s in the outcome variable: 0.54 : 0.46
2024-08-27 14:11:49,813 - INFO - Dynamic threshold set to: 0.536
2024-08-27 14:11:49,814 - INFO - Model trained and saved successfully for subset 1.
2024-08-27 14:11:49,815 - INFO - ---------------------------
2024-08-27 14:11:49,817 - INFO - TRAIN MODEL STAGE COMPLETED FOR SUBSET 1
2024-08-27 14:11:49,817 - INFO - ---------------------------
2024-08-27 14:11:49,819 - INFO - --------------------------------
2024-08-27 14:11:49,819 - INFO - EVALUATE MODEL STAGE STARTING FOR SUBSET 1...
2024-08-27 14:11:49,819 - INFO - --------------------------------
2024-08-27 14:11:49,837 - INFO - ROC AUC Score: 0.6560087493566649
2024-08-27 14:11:49,839 - INFO - Confusion Matrix: 
[[75 41]
 [52 82]]
2024-08-27 14:11:49,840 - INFO - Precision: 0.6666666666666666
2024-08-27 14:11:49,842 - INFO - Recall: 0.6119402985074627
2024-08-27 14:11:49,843 - INFO - Model evaluated successfully for subset 1.
2024-08-27 14:11:49,844 - INFO - ------------------------------
2024-08-27 14:11:49,846 - INFO - EVALUATE MODEL STAGE COMPLETED FOR SUBSET 1
2024-08-27 14:11:49,846 - INFO - ------------------------------
2024-08-27 14:11:49,848 - INFO - Subset 2 demographic makeup: 550 1, 213 3, 147 2, 90 4
2024-08-27 14:11:49,848 - INFO - Processing subset 2...
2024-08-27 14:11:49,848 - INFO - -----------------------------
2024-08-27 14:11:49,848 - INFO - TRAIN MODEL STAGE STARTING FOR SUBSET 2...
2024-08-27 14:11:49,850 - INFO - -----------------------------
2024-08-27 14:11:49,858 - INFO - Scaling features and applying LASSO for feature selection...
2024-08-27 14:11:50,091 - INFO - Selected features (including required): ['who', 'RaceEth', 'age', 'is_female', 'is_hispanic', 'unemployed', 'unstableliving', 'education', 'marital', 'UDS_Amphetamine_Count', 'UDS_Benzodiazepine_Count', 'UDS_Buprenorphine_Count', 'UDS_Cocaine_Count', 'UDS_Methadone_Count', 'UDS_Opioid_Count', 'UDS_Sedatives_Count', 'UDS_Thc_Count', 'pain', 'has_schizophrenia', 'has_major_dep', 'has_bipolar', 'has_anx_pan', 'has_brain_damage', 'has_epilepsy', 'has_alcol_dx', 'has_amphetamines_dx', 'has_cannabis_dx', 'has_cocaine_dx', 'has_sedatives_dx', 'ftnd', 'XTRT', 'shared', 'rbsivheroin', 'TLFB_Alcohol_Count', 'TLFB_Amphetamine_Count', 'TLFB_Benzodiazepine_Count', 'TLFB_Buprenorphine_Count', 'TLFB_Cocaine_Count', 'TLFB_Heroin_Count', 'TLFB_Methadone_Count', 'TLFB_Opioid_Count', 'TLFB_THC_Count', 'TLFB_Other', 'Homosexual_Behavior', 'Non_monogamous_Relationships']
2024-08-27 14:11:50,098 - INFO - Fitting logistic regression model with the selected features...
2024-08-27 14:11:51,201 - INFO - Model training completed successfully.
2024-08-27 14:11:51,202 - INFO - Calculating the dynamic threshold based on the proportion of positive outcomes...
2024-08-27 14:11:51,202 - INFO - Ratio of 1s to 0s in the outcome variable: 0.55 : 0.45
2024-08-27 14:11:51,202 - INFO - Dynamic threshold set to: 0.552
2024-08-27 14:11:51,202 - INFO - Model trained and saved successfully for subset 2.
2024-08-27 14:11:51,202 - INFO - ---------------------------
2024-08-27 14:11:51,202 - INFO - TRAIN MODEL STAGE COMPLETED FOR SUBSET 2
2024-08-27 14:11:51,202 - INFO - ---------------------------
2024-08-27 14:11:51,202 - INFO - --------------------------------
2024-08-27 14:11:51,202 - INFO - EVALUATE MODEL STAGE STARTING FOR SUBSET 2...
2024-08-27 14:11:51,203 - INFO - --------------------------------
2024-08-27 14:11:51,214 - INFO - ROC AUC Score: 0.5967261904761905
2024-08-27 14:11:51,215 - INFO - Confusion Matrix: 
[[72 40]
 [77 61]]
2024-08-27 14:11:51,215 - INFO - Precision: 0.6039603960396039
2024-08-27 14:11:51,215 - INFO - Recall: 0.4420289855072464
2024-08-27 14:11:51,215 - INFO - Model evaluated successfully for subset 2.
2024-08-27 14:11:51,215 - INFO - ------------------------------
2024-08-27 14:11:51,215 - INFO - EVALUATE MODEL STAGE COMPLETED FOR SUBSET 2
2024-08-27 14:11:51,215 - INFO - ------------------------------
2024-08-27 14:11:51,216 - INFO - Subset 3 demographic makeup: 600 1, 188 3, 136 2, 76 4
2024-08-27 14:11:51,216 - INFO - Processing subset 3...
2024-08-27 14:11:51,216 - INFO - -----------------------------
2024-08-27 14:11:51,216 - INFO - TRAIN MODEL STAGE STARTING FOR SUBSET 3...
2024-08-27 14:11:51,217 - INFO - -----------------------------
2024-08-27 14:11:51,227 - INFO - Scaling features and applying LASSO for feature selection...
2024-08-27 14:11:51,446 - INFO - Selected features (including required): ['who', 'RaceEth', 'age', 'is_female', 'is_hispanic', 'unemployed', 'unstableliving', 'education', 'marital', 'UDS_Amphetamine_Count', 'UDS_Benzodiazepine_Count', 'UDS_Buprenorphine_Count', 'UDS_Cocaine_Count', 'UDS_Methadone_Count', 'UDS_Opioid_Count', 'UDS_Sedatives_Count', 'UDS_Thc_Count', 'pain', 'has_schizophrenia', 'has_major_dep', 'has_bipolar', 'has_anx_pan', 'has_brain_damage', 'has_epilepsy', 'has_alcol_dx', 'has_amphetamines_dx', 'has_cannabis_dx', 'has_cocaine_dx', 'has_sedatives_dx', 'ftnd', 'XTRT', 'shared', 'rbsivheroin', 'TLFB_Alcohol_Count', 'TLFB_Amphetamine_Count', 'TLFB_Benzodiazepine_Count', 'TLFB_Buprenorphine_Count', 'TLFB_Cocaine_Count', 'TLFB_Heroin_Count', 'TLFB_Methadone_Count', 'TLFB_Opioid_Count', 'TLFB_THC_Count', 'TLFB_Other', 'Homosexual_Behavior', 'Non_monogamous_Relationships']
2024-08-27 14:11:51,451 - INFO - Fitting logistic regression model with the selected features...
2024-08-27 14:11:51,878 - INFO - Model training completed successfully.
2024-08-27 14:11:51,879 - INFO - Calculating the dynamic threshold based on the proportion of positive outcomes...
2024-08-27 14:11:51,879 - INFO - Ratio of 1s to 0s in the outcome variable: 0.51 : 0.49
2024-08-27 14:11:51,879 - INFO - Dynamic threshold set to: 0.508
2024-08-27 14:11:51,879 - INFO - Model trained and saved successfully for subset 3.
2024-08-27 14:11:51,879 - INFO - ---------------------------
2024-08-27 14:11:51,879 - INFO - TRAIN MODEL STAGE COMPLETED FOR SUBSET 3
2024-08-27 14:11:51,879 - INFO - ---------------------------
2024-08-27 14:11:51,879 - INFO - --------------------------------
2024-08-27 14:11:51,879 - INFO - EVALUATE MODEL STAGE STARTING FOR SUBSET 3...
2024-08-27 14:11:51,879 - INFO - --------------------------------
2024-08-27 14:11:51,892 - INFO - ROC AUC Score: 0.6383714230843096
2024-08-27 14:11:51,892 - INFO - Confusion Matrix: 
[[81 42]
 [60 67]]
2024-08-27 14:11:51,892 - INFO - Precision: 0.6146788990825688
2024-08-27 14:11:51,892 - INFO - Recall: 0.5275590551181102
2024-08-27 14:11:51,893 - INFO - Model evaluated successfully for subset 3.
2024-08-27 14:11:51,893 - INFO - ------------------------------
2024-08-27 14:11:51,893 - INFO - EVALUATE MODEL STAGE COMPLETED FOR SUBSET 3
2024-08-27 14:11:51,893 - INFO - ------------------------------
2024-08-27 14:11:51,893 - INFO - Subset 4 demographic makeup: 650 1, 164 3, 120 2, 66 4
2024-08-27 14:11:51,894 - INFO - Processing subset 4...
2024-08-27 14:11:51,894 - INFO - -----------------------------
2024-08-27 14:11:51,894 - INFO - TRAIN MODEL STAGE STARTING FOR SUBSET 4...
2024-08-27 14:11:51,894 - INFO - -----------------------------
2024-08-27 14:11:51,900 - INFO - Scaling features and applying LASSO for feature selection...
2024-08-27 14:11:52,181 - INFO - Selected features (including required): ['who', 'RaceEth', 'age', 'is_female', 'is_hispanic', 'unemployed', 'unstableliving', 'education', 'marital', 'UDS_Amphetamine_Count', 'UDS_Benzodiazepine_Count', 'UDS_Buprenorphine_Count', 'UDS_Cocaine_Count', 'UDS_Methadone_Count', 'UDS_Opioid_Count', 'UDS_Sedatives_Count', 'UDS_Thc_Count', 'pain', 'has_schizophrenia', 'has_major_dep', 'has_bipolar', 'has_anx_pan', 'has_brain_damage', 'has_epilepsy', 'has_alcol_dx', 'has_amphetamines_dx', 'has_cannabis_dx', 'has_cocaine_dx', 'has_sedatives_dx', 'ftnd', 'XTRT', 'shared', 'rbsivheroin', 'TLFB_Alcohol_Count', 'TLFB_Amphetamine_Count', 'TLFB_Benzodiazepine_Count', 'TLFB_Buprenorphine_Count', 'TLFB_Cocaine_Count', 'TLFB_Heroin_Count', 'TLFB_Methadone_Count', 'TLFB_Opioid_Count', 'TLFB_THC_Count', 'TLFB_Other', 'Homosexual_Behavior', 'Non_monogamous_Relationships']
2024-08-27 14:11:52,186 - INFO - Fitting logistic regression model with the selected features...
2024-08-27 14:11:54,045 - INFO - Model training completed successfully.
2024-08-27 14:11:54,045 - INFO - Calculating the dynamic threshold based on the proportion of positive outcomes...
2024-08-27 14:11:54,046 - INFO - Ratio of 1s to 0s in the outcome variable: 0.48 : 0.52
2024-08-27 14:11:54,047 - INFO - Dynamic threshold set to: 0.476
2024-08-27 14:11:54,051 - INFO - Model trained and saved successfully for subset 4.
2024-08-27 14:11:54,052 - INFO - ---------------------------
2024-08-27 14:11:54,053 - INFO - TRAIN MODEL STAGE COMPLETED FOR SUBSET 4
2024-08-27 14:11:54,053 - INFO - ---------------------------
2024-08-27 14:11:54,054 - INFO - --------------------------------
2024-08-27 14:11:54,055 - INFO - EVALUATE MODEL STAGE STARTING FOR SUBSET 4...
2024-08-27 14:11:54,056 - INFO - --------------------------------
2024-08-27 14:11:54,100 - INFO - ROC AUC Score: 0.6332670472769261
2024-08-27 14:11:54,113 - INFO - Confusion Matrix: 
[[72 59]
 [49 70]]
2024-08-27 14:11:54,114 - INFO - Precision: 0.5426356589147286
2024-08-27 14:11:54,114 - INFO - Recall: 0.5882352941176471
2024-08-27 14:11:54,116 - INFO - Model evaluated successfully for subset 4.
2024-08-27 14:11:54,116 - INFO - ------------------------------
2024-08-27 14:11:54,117 - INFO - EVALUATE MODEL STAGE COMPLETED FOR SUBSET 4
2024-08-27 14:11:54,117 - INFO - ------------------------------
2024-08-27 14:11:54,121 - INFO - Subset 5 demographic makeup: 700 1, 142 3, 104 2, 54 4
2024-08-27 14:11:54,122 - INFO - Processing subset 5...
2024-08-27 14:11:54,124 - INFO - -----------------------------
2024-08-27 14:11:54,127 - INFO - TRAIN MODEL STAGE STARTING FOR SUBSET 5...
2024-08-27 14:11:54,128 - INFO - -----------------------------
2024-08-27 14:11:54,153 - INFO - Scaling features and applying LASSO for feature selection...
2024-08-27 14:11:54,477 - INFO - Selected features (including required): ['who', 'RaceEth', 'age', 'is_female', 'is_hispanic', 'unemployed', 'unstableliving', 'education', 'marital', 'UDS_Amphetamine_Count', 'UDS_Benzodiazepine_Count', 'UDS_Buprenorphine_Count', 'UDS_Cocaine_Count', 'UDS_Methadone_Count', 'UDS_Opioid_Count', 'UDS_Sedatives_Count', 'UDS_Thc_Count', 'pain', 'has_schizophrenia', 'has_major_dep', 'has_bipolar', 'has_anx_pan', 'has_brain_damage', 'has_epilepsy', 'has_alcol_dx', 'has_amphetamines_dx', 'has_cannabis_dx', 'has_cocaine_dx', 'has_sedatives_dx', 'ftnd', 'XTRT', 'shared', 'rbsivheroin', 'TLFB_Alcohol_Count', 'TLFB_Amphetamine_Count', 'TLFB_Benzodiazepine_Count', 'TLFB_Buprenorphine_Count', 'TLFB_Cocaine_Count', 'TLFB_Heroin_Count', 'TLFB_Methadone_Count', 'TLFB_Opioid_Count', 'TLFB_THC_Count', 'TLFB_Other', 'Homosexual_Behavior', 'Non_monogamous_Relationships']
2024-08-27 14:11:54,482 - INFO - Fitting logistic regression model with the selected features...
2024-08-27 14:11:55,049 - INFO - Model training completed successfully.
2024-08-27 14:11:55,049 - INFO - Calculating the dynamic threshold based on the proportion of positive outcomes...
2024-08-27 14:11:55,050 - INFO - Ratio of 1s to 0s in the outcome variable: 0.46 : 0.54
2024-08-27 14:11:55,050 - INFO - Dynamic threshold set to: 0.464
2024-08-27 14:11:55,050 - INFO - Model trained and saved successfully for subset 5.
2024-08-27 14:11:55,050 - INFO - ---------------------------
2024-08-27 14:11:55,050 - INFO - TRAIN MODEL STAGE COMPLETED FOR SUBSET 5
2024-08-27 14:11:55,050 - INFO - ---------------------------
2024-08-27 14:11:55,050 - INFO - --------------------------------
2024-08-27 14:11:55,050 - INFO - EVALUATE MODEL STAGE STARTING FOR SUBSET 5...
2024-08-27 14:11:55,050 - INFO - --------------------------------
2024-08-27 14:11:55,063 - INFO - ROC AUC Score: 0.6401827071538857
2024-08-27 14:11:55,063 - INFO - Confusion Matrix: 
[[64 70]
 [40 76]]
2024-08-27 14:11:55,063 - INFO - Precision: 0.5205479452054794
2024-08-27 14:11:55,063 - INFO - Recall: 0.6551724137931034
2024-08-27 14:11:55,063 - INFO - Model evaluated successfully for subset 5.
2024-08-27 14:11:55,063 - INFO - ------------------------------
2024-08-27 14:11:55,064 - INFO - EVALUATE MODEL STAGE COMPLETED FOR SUBSET 5
2024-08-27 14:11:55,064 - INFO - ------------------------------
2024-08-27 14:11:55,065 - INFO - Subset 6 demographic makeup: 750 1, 114 3, 88 2, 48 4
2024-08-27 14:11:55,065 - INFO - Processing subset 6...
2024-08-27 14:11:55,065 - INFO - -----------------------------
2024-08-27 14:11:55,065 - INFO - TRAIN MODEL STAGE STARTING FOR SUBSET 6...
2024-08-27 14:11:55,065 - INFO - -----------------------------
2024-08-27 14:11:55,070 - INFO - Scaling features and applying LASSO for feature selection...
2024-08-27 14:11:55,334 - INFO - Selected features (including required): ['who', 'RaceEth', 'age', 'is_female', 'is_hispanic', 'unemployed', 'unstableliving', 'education', 'marital', 'UDS_Amphetamine_Count', 'UDS_Benzodiazepine_Count', 'UDS_Buprenorphine_Count', 'UDS_Cocaine_Count', 'UDS_Methadone_Count', 'UDS_Opioid_Count', 'UDS_Sedatives_Count', 'UDS_Thc_Count', 'pain', 'has_schizophrenia', 'has_major_dep', 'has_bipolar', 'has_anx_pan', 'has_brain_damage', 'has_epilepsy', 'has_alcol_dx', 'has_amphetamines_dx', 'has_cannabis_dx', 'has_cocaine_dx', 'has_sedatives_dx', 'ftnd', 'XTRT', 'shared', 'rbsivheroin', 'TLFB_Alcohol_Count', 'TLFB_Amphetamine_Count', 'TLFB_Benzodiazepine_Count', 'TLFB_Buprenorphine_Count', 'TLFB_Cocaine_Count', 'TLFB_Heroin_Count', 'TLFB_Methadone_Count', 'TLFB_Opioid_Count', 'TLFB_THC_Count', 'TLFB_Other', 'Homosexual_Behavior', 'Non_monogamous_Relationships']
2024-08-27 14:11:55,340 - INFO - Fitting logistic regression model with the selected features...
2024-08-27 14:11:56,067 - INFO - Model training completed successfully.
2024-08-27 14:11:56,067 - INFO - Calculating the dynamic threshold based on the proportion of positive outcomes...
2024-08-27 14:11:56,067 - INFO - Ratio of 1s to 0s in the outcome variable: 0.49 : 0.51
2024-08-27 14:11:56,067 - INFO - Dynamic threshold set to: 0.492
2024-08-27 14:11:56,067 - INFO - Model trained and saved successfully for subset 6.
2024-08-27 14:11:56,068 - INFO - ---------------------------
2024-08-27 14:11:56,068 - INFO - TRAIN MODEL STAGE COMPLETED FOR SUBSET 6
2024-08-27 14:11:56,068 - INFO - ---------------------------
2024-08-27 14:11:56,068 - INFO - --------------------------------
2024-08-27 14:11:56,068 - INFO - EVALUATE MODEL STAGE STARTING FOR SUBSET 6...
2024-08-27 14:11:56,068 - INFO - --------------------------------
2024-08-27 14:11:56,080 - INFO - ROC AUC Score: 0.6340823250752192
2024-08-27 14:11:56,081 - INFO - Confusion Matrix: 
[[72 55]
 [51 72]]
2024-08-27 14:11:56,081 - INFO - Precision: 0.5669291338582677
2024-08-27 14:11:56,081 - INFO - Recall: 0.5853658536585366
2024-08-27 14:11:56,081 - INFO - Model evaluated successfully for subset 6.
2024-08-27 14:11:56,081 - INFO - ------------------------------
2024-08-27 14:11:56,082 - INFO - EVALUATE MODEL STAGE COMPLETED FOR SUBSET 6
2024-08-27 14:11:56,083 - INFO - ------------------------------
2024-08-27 14:11:56,084 - INFO - Subset 7 demographic makeup: 800 1, 87 3, 71 2, 42 4
2024-08-27 14:11:56,084 - INFO - Processing subset 7...
2024-08-27 14:11:56,084 - INFO - -----------------------------
2024-08-27 14:11:56,084 - INFO - TRAIN MODEL STAGE STARTING FOR SUBSET 7...
2024-08-27 14:11:56,084 - INFO - -----------------------------
2024-08-27 14:11:56,090 - INFO - Scaling features and applying LASSO for feature selection...
2024-08-27 14:11:57,890 - INFO - Selected features (including required): ['who', 'RaceEth', 'age', 'is_female', 'is_hispanic', 'unemployed', 'unstableliving', 'education', 'marital', 'UDS_Amphetamine_Count', 'UDS_Benzodiazepine_Count', 'UDS_Buprenorphine_Count', 'UDS_Cocaine_Count', 'UDS_Methadone_Count', 'UDS_Opioid_Count', 'UDS_Sedatives_Count', 'UDS_Thc_Count', 'pain', 'has_schizophrenia', 'has_major_dep', 'has_bipolar', 'has_anx_pan', 'has_brain_damage', 'has_epilepsy', 'has_alcol_dx', 'has_amphetamines_dx', 'has_cannabis_dx', 'has_cocaine_dx', 'has_sedatives_dx', 'ftnd', 'XTRT', 'shared', 'rbsivheroin', 'TLFB_Alcohol_Count', 'TLFB_Amphetamine_Count', 'TLFB_Benzodiazepine_Count', 'TLFB_Buprenorphine_Count', 'TLFB_Cocaine_Count', 'TLFB_Heroin_Count', 'TLFB_Methadone_Count', 'TLFB_Opioid_Count', 'TLFB_THC_Count', 'TLFB_Other', 'Homosexual_Behavior', 'Non_monogamous_Relationships']
2024-08-27 14:11:57,896 - INFO - Fitting logistic regression model with the selected features...
2024-08-27 14:11:58,660 - INFO - Model training completed successfully.
2024-08-27 14:11:58,660 - INFO - Calculating the dynamic threshold based on the proportion of positive outcomes...
2024-08-27 14:11:58,661 - INFO - Ratio of 1s to 0s in the outcome variable: 0.54 : 0.46
2024-08-27 14:11:58,661 - INFO - Dynamic threshold set to: 0.544
2024-08-27 14:11:58,661 - INFO - Model trained and saved successfully for subset 7.
2024-08-27 14:11:58,661 - INFO - ---------------------------
2024-08-27 14:11:58,661 - INFO - TRAIN MODEL STAGE COMPLETED FOR SUBSET 7
2024-08-27 14:11:58,661 - INFO - ---------------------------
2024-08-27 14:11:58,661 - INFO - --------------------------------
2024-08-27 14:11:58,661 - INFO - EVALUATE MODEL STAGE STARTING FOR SUBSET 7...
2024-08-27 14:11:58,661 - INFO - --------------------------------
2024-08-27 14:11:58,676 - INFO - ROC AUC Score: 0.5988132094943242
2024-08-27 14:11:58,676 - INFO - Confusion Matrix: 
[[80 34]
 [78 58]]
2024-08-27 14:11:58,676 - INFO - Precision: 0.6304347826086957
2024-08-27 14:11:58,676 - INFO - Recall: 0.4264705882352941
2024-08-27 14:11:58,677 - INFO - Model evaluated successfully for subset 7.
2024-08-27 14:11:58,677 - INFO - ------------------------------
2024-08-27 14:11:58,677 - INFO - EVALUATE MODEL STAGE COMPLETED FOR SUBSET 7
2024-08-27 14:11:58,677 - INFO - ------------------------------
2024-08-27 14:11:58,677 - INFO - Subset 8 demographic makeup: 850 1, 66 3, 53 2, 31 4
2024-08-27 14:11:58,678 - INFO - Processing subset 8...
2024-08-27 14:11:58,678 - INFO - -----------------------------
2024-08-27 14:11:58,678 - INFO - TRAIN MODEL STAGE STARTING FOR SUBSET 8...
2024-08-27 14:11:58,678 - INFO - -----------------------------
2024-08-27 14:11:58,683 - INFO - Scaling features and applying LASSO for feature selection...
2024-08-27 14:11:58,957 - INFO - Selected features (including required): ['who', 'RaceEth', 'age', 'is_female', 'is_hispanic', 'unemployed', 'unstableliving', 'education', 'marital', 'UDS_Amphetamine_Count', 'UDS_Benzodiazepine_Count', 'UDS_Buprenorphine_Count', 'UDS_Cocaine_Count', 'UDS_Methadone_Count', 'UDS_Opioid_Count', 'UDS_Sedatives_Count', 'UDS_Thc_Count', 'pain', 'has_schizophrenia', 'has_major_dep', 'has_bipolar', 'has_anx_pan', 'has_brain_damage', 'has_epilepsy', 'has_alcol_dx', 'has_amphetamines_dx', 'has_cannabis_dx', 'has_cocaine_dx', 'has_sedatives_dx', 'ftnd', 'XTRT', 'shared', 'rbsivheroin', 'TLFB_Alcohol_Count', 'TLFB_Amphetamine_Count', 'TLFB_Benzodiazepine_Count', 'TLFB_Buprenorphine_Count', 'TLFB_Cocaine_Count', 'TLFB_Heroin_Count', 'TLFB_Methadone_Count', 'TLFB_Opioid_Count', 'TLFB_THC_Count', 'TLFB_Other', 'Homosexual_Behavior', 'Non_monogamous_Relationships']
2024-08-27 14:11:58,962 - INFO - Fitting logistic regression model with the selected features...
2024-08-27 14:11:59,883 - INFO - Model training completed successfully.
2024-08-27 14:11:59,883 - INFO - Calculating the dynamic threshold based on the proportion of positive outcomes...
2024-08-27 14:11:59,883 - INFO - Ratio of 1s to 0s in the outcome variable: 0.53 : 0.47
2024-08-27 14:11:59,884 - INFO - Dynamic threshold set to: 0.532
2024-08-27 14:11:59,884 - INFO - Model trained and saved successfully for subset 8.
2024-08-27 14:11:59,884 - INFO - ---------------------------
2024-08-27 14:11:59,884 - INFO - TRAIN MODEL STAGE COMPLETED FOR SUBSET 8
2024-08-27 14:11:59,884 - INFO - ---------------------------
2024-08-27 14:11:59,884 - INFO - --------------------------------
2024-08-27 14:11:59,884 - INFO - EVALUATE MODEL STAGE STARTING FOR SUBSET 8...
2024-08-27 14:11:59,884 - INFO - --------------------------------
2024-08-27 14:11:59,896 - INFO - ROC AUC Score: 0.6294582610372084
2024-08-27 14:11:59,897 - INFO - Confusion Matrix: 
[[82 35]
 [65 68]]
2024-08-27 14:11:59,897 - INFO - Precision: 0.6601941747572816
2024-08-27 14:11:59,897 - INFO - Recall: 0.5112781954887218
2024-08-27 14:11:59,897 - INFO - Model evaluated successfully for subset 8.
2024-08-27 14:11:59,897 - INFO - ------------------------------
2024-08-27 14:11:59,897 - INFO - EVALUATE MODEL STAGE COMPLETED FOR SUBSET 8
2024-08-27 14:11:59,897 - INFO - ------------------------------
2024-08-27 14:11:59,898 - INFO - Subset 9 demographic makeup: 900 1, 45 3, 34 2, 21 4
2024-08-27 14:11:59,898 - INFO - Processing subset 9...
2024-08-27 14:11:59,898 - INFO - -----------------------------
2024-08-27 14:11:59,898 - INFO - TRAIN MODEL STAGE STARTING FOR SUBSET 9...
2024-08-27 14:11:59,898 - INFO - -----------------------------
2024-08-27 14:11:59,906 - INFO - Scaling features and applying LASSO for feature selection...
2024-08-27 14:12:00,210 - INFO - Selected features (including required): ['who', 'RaceEth', 'age', 'is_female', 'is_hispanic', 'unemployed', 'unstableliving', 'education', 'marital', 'UDS_Amphetamine_Count', 'UDS_Benzodiazepine_Count', 'UDS_Buprenorphine_Count', 'UDS_Cocaine_Count', 'UDS_Methadone_Count', 'UDS_Opioid_Count', 'UDS_Sedatives_Count', 'UDS_Thc_Count', 'pain', 'has_schizophrenia', 'has_major_dep', 'has_bipolar', 'has_anx_pan', 'has_brain_damage', 'has_epilepsy', 'has_alcol_dx', 'has_amphetamines_dx', 'has_cannabis_dx', 'has_cocaine_dx', 'has_sedatives_dx', 'ftnd', 'XTRT', 'shared', 'rbsivheroin', 'TLFB_Alcohol_Count', 'TLFB_Amphetamine_Count', 'TLFB_Benzodiazepine_Count', 'TLFB_Buprenorphine_Count', 'TLFB_Cocaine_Count', 'TLFB_Heroin_Count', 'TLFB_Methadone_Count', 'TLFB_Opioid_Count', 'TLFB_THC_Count', 'TLFB_Other', 'Homosexual_Behavior', 'Non_monogamous_Relationships']
2024-08-27 14:12:00,218 - INFO - Fitting logistic regression model with the selected features...
2024-08-27 14:12:01,095 - INFO - Model training completed successfully.
2024-08-27 14:12:01,095 - INFO - Calculating the dynamic threshold based on the proportion of positive outcomes...
2024-08-27 14:12:01,097 - INFO - Ratio of 1s to 0s in the outcome variable: 0.49 : 0.51
2024-08-27 14:12:01,098 - INFO - Dynamic threshold set to: 0.488
2024-08-27 14:12:01,100 - INFO - Model trained and saved successfully for subset 9.
2024-08-27 14:12:01,102 - INFO - ---------------------------
2024-08-27 14:12:01,102 - INFO - TRAIN MODEL STAGE COMPLETED FOR SUBSET 9
2024-08-27 14:12:01,103 - INFO - ---------------------------
2024-08-27 14:12:01,103 - INFO - --------------------------------
2024-08-27 14:12:01,104 - INFO - EVALUATE MODEL STAGE STARTING FOR SUBSET 9...
2024-08-27 14:12:01,104 - INFO - --------------------------------
2024-08-27 14:12:01,126 - INFO - ROC AUC Score: 0.6572745901639343
2024-08-27 14:12:01,128 - INFO - Confusion Matrix: 
[[65 63]
 [39 83]]
2024-08-27 14:12:01,131 - INFO - Precision: 0.5684931506849316
2024-08-27 14:12:01,131 - INFO - Recall: 0.680327868852459
2024-08-27 14:12:01,132 - INFO - Model evaluated successfully for subset 9.
2024-08-27 14:12:01,132 - INFO - ------------------------------
2024-08-27 14:12:01,133 - INFO - EVALUATE MODEL STAGE COMPLETED FOR SUBSET 9
2024-08-27 14:12:01,133 - INFO - ------------------------------
2024-08-27 14:12:01,135 - INFO - Subset 10 demographic makeup: 950 1, 24 3, 13 2, 13 4
2024-08-27 14:12:01,137 - INFO - Processing subset 10...
2024-08-27 14:12:01,137 - INFO - -----------------------------
2024-08-27 14:12:01,138 - INFO - TRAIN MODEL STAGE STARTING FOR SUBSET 10...
2024-08-27 14:12:01,138 - INFO - -----------------------------
2024-08-27 14:12:01,153 - INFO - Scaling features and applying LASSO for feature selection...
2024-08-27 14:12:01,489 - INFO - Selected features (including required): ['who', 'RaceEth', 'age', 'is_female', 'is_hispanic', 'unemployed', 'unstableliving', 'education', 'marital', 'UDS_Amphetamine_Count', 'UDS_Benzodiazepine_Count', 'UDS_Buprenorphine_Count', 'UDS_Cocaine_Count', 'UDS_Methadone_Count', 'UDS_Opioid_Count', 'UDS_Sedatives_Count', 'UDS_Thc_Count', 'pain', 'has_schizophrenia', 'has_major_dep', 'has_bipolar', 'has_anx_pan', 'has_brain_damage', 'has_epilepsy', 'has_alcol_dx', 'has_amphetamines_dx', 'has_cannabis_dx', 'has_cocaine_dx', 'has_sedatives_dx', 'ftnd', 'XTRT', 'shared', 'rbsivheroin', 'TLFB_Alcohol_Count', 'TLFB_Amphetamine_Count', 'TLFB_Benzodiazepine_Count', 'TLFB_Buprenorphine_Count', 'TLFB_Cocaine_Count', 'TLFB_Heroin_Count', 'TLFB_Methadone_Count', 'TLFB_Opioid_Count', 'TLFB_THC_Count', 'TLFB_Other', 'Homosexual_Behavior', 'Non_monogamous_Relationships']
2024-08-27 14:12:01,495 - INFO - Fitting logistic regression model with the selected features...
2024-08-27 14:12:02,308 - INFO - Model training completed successfully.
2024-08-27 14:12:02,308 - INFO - Calculating the dynamic threshold based on the proportion of positive outcomes...
2024-08-27 14:12:02,308 - INFO - Ratio of 1s to 0s in the outcome variable: 0.47 : 0.53
2024-08-27 14:12:02,308 - INFO - Dynamic threshold set to: 0.472
2024-08-27 14:12:02,309 - INFO - Model trained and saved successfully for subset 10.
2024-08-27 14:12:02,309 - INFO - ---------------------------
2024-08-27 14:12:02,309 - INFO - TRAIN MODEL STAGE COMPLETED FOR SUBSET 10
2024-08-27 14:12:02,309 - INFO - ---------------------------
2024-08-27 14:12:02,309 - INFO - --------------------------------
2024-08-27 14:12:02,309 - INFO - EVALUATE MODEL STAGE STARTING FOR SUBSET 10...
2024-08-27 14:12:02,309 - INFO - --------------------------------
2024-08-27 14:12:02,321 - INFO - ROC AUC Score: 0.6357858243451464
2024-08-27 14:12:02,321 - INFO - Confusion Matrix: 
[[63 69]
 [37 81]]
2024-08-27 14:12:02,321 - INFO - Precision: 0.54
2024-08-27 14:12:02,321 - INFO - Recall: 0.6864406779661016
2024-08-27 14:12:02,323 - INFO - Model evaluated successfully for subset 10.
2024-08-27 14:12:02,323 - INFO - ------------------------------
2024-08-27 14:12:02,323 - INFO - EVALUATE MODEL STAGE COMPLETED FOR SUBSET 10
2024-08-27 14:12:02,323 - INFO - ------------------------------
2024-08-27 14:12:02,324 - INFO - Subset 11 demographic makeup: 1000 1
2024-08-27 14:12:02,325 - INFO - Processing subset 11...
2024-08-27 14:12:02,325 - INFO - -----------------------------
2024-08-27 14:12:02,326 - INFO - TRAIN MODEL STAGE STARTING FOR SUBSET 11...
2024-08-27 14:12:02,326 - INFO - -----------------------------
2024-08-27 14:12:02,332 - INFO - Scaling features and applying LASSO for feature selection...
2024-08-27 14:12:02,672 - INFO - Selected features (including required): ['who', 'age', 'is_female', 'unemployed', 'unstableliving', 'education', 'marital', 'UDS_Amphetamine_Count', 'UDS_Benzodiazepine_Count', 'UDS_Buprenorphine_Count', 'UDS_Cocaine_Count', 'UDS_Methadone_Count', 'UDS_Opioid_Count', 'UDS_Sedatives_Count', 'UDS_Thc_Count', 'pain', 'has_schizophrenia', 'has_major_dep', 'has_bipolar', 'has_anx_pan', 'has_brain_damage', 'has_epilepsy', 'has_alcol_dx', 'has_amphetamines_dx', 'has_cannabis_dx', 'has_cocaine_dx', 'has_sedatives_dx', 'ftnd', 'XTRT', 'shared', 'rbsivheroin', 'TLFB_Alcohol_Count', 'TLFB_Amphetamine_Count', 'TLFB_Benzodiazepine_Count', 'TLFB_Buprenorphine_Count', 'TLFB_Cocaine_Count', 'TLFB_Heroin_Count', 'TLFB_Methadone_Count', 'TLFB_Opioid_Count', 'TLFB_THC_Count', 'TLFB_Other', 'Homosexual_Behavior', 'Non_monogamous_Relationships']
2024-08-27 14:12:02,678 - INFO - Fitting logistic regression model with the selected features...
2024-08-27 14:12:03,655 - INFO - Model training completed successfully.
2024-08-27 14:12:03,656 - INFO - Calculating the dynamic threshold based on the proportion of positive outcomes...
2024-08-27 14:12:03,656 - INFO - Ratio of 1s to 0s in the outcome variable: 0.54 : 0.46
2024-08-27 14:12:03,656 - INFO - Dynamic threshold set to: 0.54
2024-08-27 14:12:03,656 - INFO - Model trained and saved successfully for subset 11.
2024-08-27 14:12:03,656 - INFO - ---------------------------
2024-08-27 14:12:03,656 - INFO - TRAIN MODEL STAGE COMPLETED FOR SUBSET 11
2024-08-27 14:12:03,656 - INFO - ---------------------------
2024-08-27 14:12:03,657 - INFO - --------------------------------
2024-08-27 14:12:03,657 - INFO - EVALUATE MODEL STAGE STARTING FOR SUBSET 11...
2024-08-27 14:12:03,657 - INFO - --------------------------------
2024-08-27 14:12:03,669 - INFO - ROC AUC Score: 0.6318196457326892
2024-08-27 14:12:03,669 - INFO - Confusion Matrix: 
[[85 30]
 [63 72]]
2024-08-27 14:12:03,669 - INFO - Precision: 0.7058823529411765
2024-08-27 14:12:03,670 - INFO - Recall: 0.5333333333333333
2024-08-27 14:12:03,670 - INFO - Model evaluated successfully for subset 11.
2024-08-27 14:12:03,670 - INFO - ------------------------------
2024-08-27 14:12:03,670 - INFO - EVALUATE MODEL STAGE COMPLETED FOR SUBSET 11
2024-08-27 14:12:03,670 - INFO - ------------------------------
2024-08-27 14:12:03,677 - INFO - Model predictions saved to csv successfully.
2024-08-27 14:12:03,677 - INFO - ------------------
2024-08-27 14:12:03,677 - INFO - PIPELINE COMPLETED
2024-08-27 14:12:03,677 - INFO - ------------------
