2024-08-07 12:04:23,824 - INFO - Global Seed set to: 4
2024-08-07 12:04:23,824 - INFO - Outcome Name: Rd_kostenB_1993
2024-08-07 12:04:23,869 - INFO - Datasets loaded successfully.
2024-08-07 12:04:23,873 - INFO - Starting preprocessing of the merged dataset...
2024-08-07 12:04:23,874 - INFO - ---------------------------------
2024-08-07 12:04:23,874 - INFO - PRE-PROCESSING STAGE STARTING...
2024-08-07 12:04:23,874 - INFO - ---------------------------------
2024-08-07 12:04:23,992 - INFO - Dropped initial columns: ['pain_when', 'is_smoker', 'per_day', 'max', 'amount', 'depression', 'anxiety', 'schizophrenia', 'max', 'amount', 'cocaine_inject_days', 'speedball_inject_days', 'opioid_inject_days', 'speed_inject_days', 'UDS_Alcohol_Count', 'UDS_Mdma/Hallucinogen_Count']
2024-08-07 12:04:24,035 - INFO - Converted Yes/No to binary.
2024-08-07 12:04:24,042 - INFO - Processed TLFB columns with specified columns: ['TLFB_Alcohol_Count', 'TLFB_Amphetamine_Count', 'TLFB_Cocaine_Count', 'TLFB_Heroin_Count', 'TLFB_Benzodiazepine_Count', 'TLFB_Opioid_Count', 'TLFB_THC_Count', 'TLFB_Methadone_Count', 'TLFB_Buprenorphine_Count']
2024-08-07 12:04:24,044 - INFO - Calculated behavioral columns.
2024-08-07 12:04:24,046 - INFO - Moved 'Rd_kostenB_1993' column to the end.
2024-08-07 12:04:24,133 - INFO - Dropped initial columns: ['msm_npt', 'msm_frq', 'txx_prt']
2024-08-07 12:04:24,156 - INFO - transform_data_with_nan_handling success
2024-08-07 12:04:24,157 - INFO - Renamed columns according to the mapping.
2024-08-07 12:04:24,193 - INFO - Transformed NaN to 0 for binary columns.
2024-08-07 12:04:24,196 - INFO - Transformed and renamed 'heroin_inject_days' column to 'rbsivheroin'.
2024-08-07 12:04:24,197 - INFO - Filled NaN with 0 for 'ftnd' column.
2024-08-07 12:04:24,280 - INFO - Dropped additional columns: ['rbs_iv_days', 'race', 'RBS_cocaine_Days', 'RBS_heroin_Days', 'RBS_opioid_Days', 'RBS_speed_Days', 'RBS_speedball_Days']
2024-08-07 12:04:24,295 - INFO - Converted UDS drug counts to binary.
2024-08-07 12:04:24,387 - INFO - ------------------------------
2024-08-07 12:04:24,388 - INFO - PRE-PROCESSING STAGE COMPLETED
2024-08-07 12:04:24,388 - INFO - ------------------------------
2024-08-07 12:04:24,388 - INFO - Merged dataset preprocessed successfully.
2024-08-07 12:04:24,388 - INFO - Creating demographic subsets from preprocessed data...
2024-08-07 12:04:32,732 - INFO - Created 11 subsets successfully.
2024-08-07 12:04:32,734 - INFO - Creating merged subsets from create_demographics_dfs function
2024-08-07 12:04:32,843 - INFO - Created 11 merged subsets successfully.
2024-08-07 12:04:32,844 - INFO - Subset 1 demographic makeup: 500 1, 248 3, 153 2, 99 4
2024-08-07 12:04:32,845 - INFO - Processing subset 1...
2024-08-07 12:04:32,846 - INFO - -----------------------------
2024-08-07 12:04:32,847 - INFO - TRAIN MODEL STAGE STARTING FOR SUBSET 1...
2024-08-07 12:04:32,848 - INFO - -----------------------------
2024-08-07 12:04:32,855 - INFO - Scaling features and applying LASSO for feature selection...
2024-08-07 12:04:34,711 - INFO - Selected features (including required): ['who', 'RaceEth', 'age', 'is_female', 'is_hispanic', 'unemployed', 'unstableliving', 'education', 'marital', 'UDS_Amphetamine_Count', 'UDS_Benzodiazepine_Count', 'UDS_Buprenorphine_Count', 'UDS_Cocaine_Count', 'UDS_Methadone_Count', 'UDS_Opioid_Count', 'UDS_Sedatives_Count', 'UDS_Thc_Count', 'pain', 'has_schizophrenia', 'has_major_dep', 'has_bipolar', 'has_anx_pan', 'has_brain_damage', 'has_epilepsy', 'has_opiates_dx', 'has_alcol_dx', 'has_amphetamines_dx', 'has_cannabis_dx', 'has_cocaine_dx', 'has_sedatives_dx', 'ftnd', 'XTRT', 'shared', 'rbsivheroin', 'TLFB_Alcohol_Count', 'TLFB_Amphetamine_Count', 'TLFB_Benzodiazepine_Count', 'TLFB_Buprenorphine_Count', 'TLFB_Cocaine_Count', 'TLFB_Heroin_Count', 'TLFB_Methadone_Count', 'TLFB_Opioid_Count', 'TLFB_THC_Count', 'TLFB_Other', 'Homosexual_Behavior', 'Non_monogamous_Relationships']
2024-08-07 12:04:34,716 - INFO - Fitting logistic regression model with the selected features...
2024-08-07 12:04:35,151 - INFO - Model training completed successfully.
2024-08-07 12:04:35,151 - INFO - Calculating the dynamic threshold based on the proportion of positive outcomes...
2024-08-07 12:04:35,151 - INFO - Ratio of 1s to 0s in the outcome variable: 0.43 : 0.57
2024-08-07 12:04:35,151 - INFO - Dynamic threshold set to: 0.428
2024-08-07 12:04:35,152 - INFO - Model trained and saved successfully for subset 1.
2024-08-07 12:04:35,152 - INFO - ---------------------------
2024-08-07 12:04:35,152 - INFO - TRAIN MODEL STAGE COMPLETED FOR SUBSET 1
2024-08-07 12:04:35,152 - INFO - ---------------------------
2024-08-07 12:04:35,152 - INFO - --------------------------------
2024-08-07 12:04:35,152 - INFO - EVALUATE MODEL STAGE STARTING FOR SUBSET 1...
2024-08-07 12:04:35,152 - INFO - --------------------------------
2024-08-07 12:04:35,165 - INFO - ROC AUC Score: 0.6540095418600089
2024-08-07 12:04:35,166 - INFO - Confusion Matrix: 
[[75 68]
 [25 82]]
2024-08-07 12:04:35,166 - INFO - Precision: 0.5466666666666666
2024-08-07 12:04:35,166 - INFO - Recall: 0.7663551401869159
2024-08-07 12:04:35,166 - INFO - Model evaluated successfully for subset 1.
2024-08-07 12:04:35,166 - INFO - ------------------------------
2024-08-07 12:04:35,166 - INFO - EVALUATE MODEL STAGE COMPLETED FOR SUBSET 1
2024-08-07 12:04:35,166 - INFO - ------------------------------
2024-08-07 12:04:35,167 - INFO - Subset 2 demographic makeup: 550 1, 221 3, 140 2, 89 4
2024-08-07 12:04:35,167 - INFO - Processing subset 2...
2024-08-07 12:04:35,167 - INFO - -----------------------------
2024-08-07 12:04:35,167 - INFO - TRAIN MODEL STAGE STARTING FOR SUBSET 2...
2024-08-07 12:04:35,168 - INFO - -----------------------------
2024-08-07 12:04:35,183 - INFO - Scaling features and applying LASSO for feature selection...
2024-08-07 12:04:37,163 - INFO - Selected features (including required): ['who', 'RaceEth', 'age', 'is_female', 'is_hispanic', 'unemployed', 'unstableliving', 'education', 'marital', 'UDS_Amphetamine_Count', 'UDS_Benzodiazepine_Count', 'UDS_Buprenorphine_Count', 'UDS_Cocaine_Count', 'UDS_Methadone_Count', 'UDS_Opioid_Count', 'UDS_Sedatives_Count', 'UDS_Thc_Count', 'pain', 'has_schizophrenia', 'has_major_dep', 'has_bipolar', 'has_anx_pan', 'has_brain_damage', 'has_epilepsy', 'has_opiates_dx', 'has_alcol_dx', 'has_amphetamines_dx', 'has_cannabis_dx', 'has_cocaine_dx', 'has_sedatives_dx', 'ftnd', 'XTRT', 'shared', 'rbsivheroin', 'TLFB_Alcohol_Count', 'TLFB_Amphetamine_Count', 'TLFB_Benzodiazepine_Count', 'TLFB_Buprenorphine_Count', 'TLFB_Cocaine_Count', 'TLFB_Heroin_Count', 'TLFB_Methadone_Count', 'TLFB_Opioid_Count', 'TLFB_THC_Count', 'TLFB_Other', 'Homosexual_Behavior', 'Non_monogamous_Relationships']
2024-08-07 12:04:37,169 - INFO - Fitting logistic regression model with the selected features...
2024-08-07 12:04:37,659 - INFO - Model training completed successfully.
2024-08-07 12:04:37,659 - INFO - Calculating the dynamic threshold based on the proportion of positive outcomes...
2024-08-07 12:04:37,659 - INFO - Ratio of 1s to 0s in the outcome variable: 0.48 : 0.52
2024-08-07 12:04:37,659 - INFO - Dynamic threshold set to: 0.48
2024-08-07 12:04:37,660 - INFO - Model trained and saved successfully for subset 2.
2024-08-07 12:04:37,660 - INFO - ---------------------------
2024-08-07 12:04:37,660 - INFO - TRAIN MODEL STAGE COMPLETED FOR SUBSET 2
2024-08-07 12:04:37,660 - INFO - ---------------------------
2024-08-07 12:04:37,660 - INFO - --------------------------------
2024-08-07 12:04:37,660 - INFO - EVALUATE MODEL STAGE STARTING FOR SUBSET 2...
2024-08-07 12:04:37,660 - INFO - --------------------------------
2024-08-07 12:04:37,673 - INFO - ROC AUC Score: 0.6501282051282051
2024-08-07 12:04:37,673 - INFO - Confusion Matrix: 
[[66 64]
 [34 86]]
2024-08-07 12:04:37,673 - INFO - Precision: 0.5733333333333334
2024-08-07 12:04:37,673 - INFO - Recall: 0.7166666666666667
2024-08-07 12:04:37,673 - INFO - Model evaluated successfully for subset 2.
2024-08-07 12:04:37,673 - INFO - ------------------------------
2024-08-07 12:04:37,673 - INFO - EVALUATE MODEL STAGE COMPLETED FOR SUBSET 2
2024-08-07 12:04:37,673 - INFO - ------------------------------
2024-08-07 12:04:37,674 - INFO - Subset 3 demographic makeup: 600 1, 195 3, 123 2, 82 4
2024-08-07 12:04:37,674 - INFO - Processing subset 3...
2024-08-07 12:04:37,674 - INFO - -----------------------------
2024-08-07 12:04:37,674 - INFO - TRAIN MODEL STAGE STARTING FOR SUBSET 3...
2024-08-07 12:04:37,675 - INFO - -----------------------------
2024-08-07 12:04:37,680 - INFO - Scaling features and applying LASSO for feature selection...
2024-08-07 12:04:39,637 - INFO - Selected features (including required): ['who', 'RaceEth', 'age', 'is_female', 'is_hispanic', 'unemployed', 'unstableliving', 'education', 'marital', 'UDS_Amphetamine_Count', 'UDS_Benzodiazepine_Count', 'UDS_Buprenorphine_Count', 'UDS_Cocaine_Count', 'UDS_Methadone_Count', 'UDS_Opioid_Count', 'UDS_Sedatives_Count', 'UDS_Thc_Count', 'pain', 'has_schizophrenia', 'has_major_dep', 'has_bipolar', 'has_anx_pan', 'has_brain_damage', 'has_epilepsy', 'has_opiates_dx', 'has_alcol_dx', 'has_amphetamines_dx', 'has_cannabis_dx', 'has_cocaine_dx', 'has_sedatives_dx', 'ftnd', 'XTRT', 'shared', 'rbsivheroin', 'TLFB_Alcohol_Count', 'TLFB_Amphetamine_Count', 'TLFB_Benzodiazepine_Count', 'TLFB_Buprenorphine_Count', 'TLFB_Cocaine_Count', 'TLFB_Heroin_Count', 'TLFB_Methadone_Count', 'TLFB_Opioid_Count', 'TLFB_THC_Count', 'TLFB_Other', 'Homosexual_Behavior', 'Non_monogamous_Relationships']
2024-08-07 12:04:39,642 - INFO - Fitting logistic regression model with the selected features...
2024-08-07 12:04:40,289 - INFO - Model training completed successfully.
2024-08-07 12:04:40,289 - INFO - Calculating the dynamic threshold based on the proportion of positive outcomes...
2024-08-07 12:04:40,290 - INFO - Ratio of 1s to 0s in the outcome variable: 0.54 : 0.46
2024-08-07 12:04:40,290 - INFO - Dynamic threshold set to: 0.536
2024-08-07 12:04:40,290 - INFO - Model trained and saved successfully for subset 3.
2024-08-07 12:04:40,290 - INFO - ---------------------------
2024-08-07 12:04:40,290 - INFO - TRAIN MODEL STAGE COMPLETED FOR SUBSET 3
2024-08-07 12:04:40,290 - INFO - ---------------------------
2024-08-07 12:04:40,290 - INFO - --------------------------------
2024-08-07 12:04:40,290 - INFO - EVALUATE MODEL STAGE STARTING FOR SUBSET 3...
2024-08-07 12:04:40,290 - INFO - --------------------------------
2024-08-07 12:04:40,304 - INFO - ROC AUC Score: 0.6744724652599073
2024-08-07 12:04:40,305 - INFO - Confusion Matrix: 
[[81 35]
 [59 75]]
2024-08-07 12:04:40,306 - INFO - Precision: 0.6818181818181818
2024-08-07 12:04:40,306 - INFO - Recall: 0.5597014925373134
2024-08-07 12:04:40,306 - INFO - Model evaluated successfully for subset 3.
2024-08-07 12:04:40,306 - INFO - ------------------------------
2024-08-07 12:04:40,306 - INFO - EVALUATE MODEL STAGE COMPLETED FOR SUBSET 3
2024-08-07 12:04:40,306 - INFO - ------------------------------
2024-08-07 12:04:40,307 - INFO - Subset 4 demographic makeup: 650 1, 169 3, 108 2, 73 4
2024-08-07 12:04:40,307 - INFO - Processing subset 4...
2024-08-07 12:04:40,307 - INFO - -----------------------------
2024-08-07 12:04:40,307 - INFO - TRAIN MODEL STAGE STARTING FOR SUBSET 4...
2024-08-07 12:04:40,307 - INFO - -----------------------------
2024-08-07 12:04:40,313 - INFO - Scaling features and applying LASSO for feature selection...
2024-08-07 12:04:42,119 - INFO - Selected features (including required): ['who', 'RaceEth', 'age', 'is_female', 'is_hispanic', 'unemployed', 'unstableliving', 'education', 'marital', 'UDS_Amphetamine_Count', 'UDS_Benzodiazepine_Count', 'UDS_Buprenorphine_Count', 'UDS_Cocaine_Count', 'UDS_Methadone_Count', 'UDS_Opioid_Count', 'UDS_Sedatives_Count', 'UDS_Thc_Count', 'pain', 'has_schizophrenia', 'has_major_dep', 'has_bipolar', 'has_anx_pan', 'has_brain_damage', 'has_epilepsy', 'has_opiates_dx', 'has_alcol_dx', 'has_amphetamines_dx', 'has_cannabis_dx', 'has_cocaine_dx', 'has_sedatives_dx', 'ftnd', 'XTRT', 'shared', 'rbsivheroin', 'TLFB_Alcohol_Count', 'TLFB_Amphetamine_Count', 'TLFB_Benzodiazepine_Count', 'TLFB_Buprenorphine_Count', 'TLFB_Cocaine_Count', 'TLFB_Heroin_Count', 'TLFB_Methadone_Count', 'TLFB_Opioid_Count', 'TLFB_THC_Count', 'TLFB_Other', 'Homosexual_Behavior', 'Non_monogamous_Relationships']
2024-08-07 12:04:42,125 - INFO - Fitting logistic regression model with the selected features...
2024-08-07 12:04:42,560 - INFO - Model training completed successfully.
2024-08-07 12:04:42,560 - INFO - Calculating the dynamic threshold based on the proportion of positive outcomes...
2024-08-07 12:04:42,560 - INFO - Ratio of 1s to 0s in the outcome variable: 0.56 : 0.44
2024-08-07 12:04:42,560 - INFO - Dynamic threshold set to: 0.556
2024-08-07 12:04:42,560 - INFO - Model trained and saved successfully for subset 4.
2024-08-07 12:04:42,560 - INFO - ---------------------------
2024-08-07 12:04:42,560 - INFO - TRAIN MODEL STAGE COMPLETED FOR SUBSET 4
2024-08-07 12:04:42,560 - INFO - ---------------------------
2024-08-07 12:04:42,561 - INFO - --------------------------------
2024-08-07 12:04:42,561 - INFO - EVALUATE MODEL STAGE STARTING FOR SUBSET 4...
2024-08-07 12:04:42,561 - INFO - --------------------------------
2024-08-07 12:04:42,575 - INFO - ROC AUC Score: 0.6677684879123728
2024-08-07 12:04:42,575 - INFO - Confusion Matrix: 
[[78 33]
 [74 65]]
2024-08-07 12:04:42,576 - INFO - Precision: 0.6632653061224489
2024-08-07 12:04:42,576 - INFO - Recall: 0.4676258992805755
2024-08-07 12:04:42,576 - INFO - Model evaluated successfully for subset 4.
2024-08-07 12:04:42,576 - INFO - ------------------------------
2024-08-07 12:04:42,576 - INFO - EVALUATE MODEL STAGE COMPLETED FOR SUBSET 4
2024-08-07 12:04:42,576 - INFO - ------------------------------
2024-08-07 12:04:42,578 - INFO - Subset 5 demographic makeup: 700 1, 145 3, 93 2, 62 4
2024-08-07 12:04:42,578 - INFO - Processing subset 5...
2024-08-07 12:04:42,578 - INFO - -----------------------------
2024-08-07 12:04:42,578 - INFO - TRAIN MODEL STAGE STARTING FOR SUBSET 5...
2024-08-07 12:04:42,578 - INFO - -----------------------------
2024-08-07 12:04:42,585 - INFO - Scaling features and applying LASSO for feature selection...
2024-08-07 12:04:44,673 - INFO - Selected features (including required): ['who', 'RaceEth', 'age', 'is_female', 'is_hispanic', 'unemployed', 'unstableliving', 'education', 'marital', 'UDS_Amphetamine_Count', 'UDS_Benzodiazepine_Count', 'UDS_Buprenorphine_Count', 'UDS_Cocaine_Count', 'UDS_Methadone_Count', 'UDS_Opioid_Count', 'UDS_Sedatives_Count', 'UDS_Thc_Count', 'pain', 'has_schizophrenia', 'has_major_dep', 'has_bipolar', 'has_anx_pan', 'has_brain_damage', 'has_epilepsy', 'has_opiates_dx', 'has_alcol_dx', 'has_amphetamines_dx', 'has_cannabis_dx', 'has_cocaine_dx', 'has_sedatives_dx', 'ftnd', 'XTRT', 'shared', 'rbsivheroin', 'TLFB_Alcohol_Count', 'TLFB_Amphetamine_Count', 'TLFB_Benzodiazepine_Count', 'TLFB_Buprenorphine_Count', 'TLFB_Cocaine_Count', 'TLFB_Heroin_Count', 'TLFB_Methadone_Count', 'TLFB_Opioid_Count', 'TLFB_THC_Count', 'TLFB_Other', 'Homosexual_Behavior', 'Non_monogamous_Relationships']
2024-08-07 12:04:44,678 - INFO - Fitting logistic regression model with the selected features...
2024-08-07 12:04:45,146 - INFO - Model training completed successfully.
2024-08-07 12:04:45,146 - INFO - Calculating the dynamic threshold based on the proportion of positive outcomes...
2024-08-07 12:04:45,147 - INFO - Ratio of 1s to 0s in the outcome variable: 0.48 : 0.52
2024-08-07 12:04:45,147 - INFO - Dynamic threshold set to: 0.48
2024-08-07 12:04:45,148 - INFO - Model trained and saved successfully for subset 5.
2024-08-07 12:04:45,149 - INFO - ---------------------------
2024-08-07 12:04:45,150 - INFO - TRAIN MODEL STAGE COMPLETED FOR SUBSET 5
2024-08-07 12:04:45,153 - INFO - ---------------------------
2024-08-07 12:04:45,154 - INFO - --------------------------------
2024-08-07 12:04:45,154 - INFO - EVALUATE MODEL STAGE STARTING FOR SUBSET 5...
2024-08-07 12:04:45,154 - INFO - --------------------------------
2024-08-07 12:04:45,176 - INFO - ROC AUC Score: 0.6412179487179487
2024-08-07 12:04:45,176 - INFO - Confusion Matrix: 
[[56 74]
 [30 90]]
2024-08-07 12:04:45,177 - INFO - Precision: 0.5487804878048781
2024-08-07 12:04:45,177 - INFO - Recall: 0.75
2024-08-07 12:04:45,178 - INFO - Model evaluated successfully for subset 5.
2024-08-07 12:04:45,178 - INFO - ------------------------------
2024-08-07 12:04:45,178 - INFO - EVALUATE MODEL STAGE COMPLETED FOR SUBSET 5
2024-08-07 12:04:45,179 - INFO - ------------------------------
2024-08-07 12:04:45,182 - INFO - Subset 6 demographic makeup: 750 1, 126 3, 73 2, 51 4
2024-08-07 12:04:45,183 - INFO - Processing subset 6...
2024-08-07 12:04:45,186 - INFO - -----------------------------
2024-08-07 12:04:45,186 - INFO - TRAIN MODEL STAGE STARTING FOR SUBSET 6...
2024-08-07 12:04:45,187 - INFO - -----------------------------
2024-08-07 12:04:45,195 - INFO - Scaling features and applying LASSO for feature selection...
2024-08-07 12:04:47,177 - INFO - Selected features (including required): ['who', 'RaceEth', 'age', 'is_female', 'is_hispanic', 'unemployed', 'unstableliving', 'education', 'marital', 'UDS_Amphetamine_Count', 'UDS_Benzodiazepine_Count', 'UDS_Buprenorphine_Count', 'UDS_Cocaine_Count', 'UDS_Methadone_Count', 'UDS_Opioid_Count', 'UDS_Sedatives_Count', 'UDS_Thc_Count', 'pain', 'has_schizophrenia', 'has_major_dep', 'has_bipolar', 'has_anx_pan', 'has_brain_damage', 'has_epilepsy', 'has_opiates_dx', 'has_alcol_dx', 'has_amphetamines_dx', 'has_cannabis_dx', 'has_cocaine_dx', 'has_sedatives_dx', 'ftnd', 'XTRT', 'shared', 'rbsivheroin', 'TLFB_Alcohol_Count', 'TLFB_Amphetamine_Count', 'TLFB_Benzodiazepine_Count', 'TLFB_Buprenorphine_Count', 'TLFB_Cocaine_Count', 'TLFB_Heroin_Count', 'TLFB_Methadone_Count', 'TLFB_Opioid_Count', 'TLFB_THC_Count', 'TLFB_Other', 'Homosexual_Behavior', 'Non_monogamous_Relationships']
2024-08-07 12:04:47,182 - INFO - Fitting logistic regression model with the selected features...
2024-08-07 12:04:47,738 - INFO - Model training completed successfully.
2024-08-07 12:04:47,738 - INFO - Calculating the dynamic threshold based on the proportion of positive outcomes...
2024-08-07 12:04:47,738 - INFO - Ratio of 1s to 0s in the outcome variable: 0.50 : 0.50
2024-08-07 12:04:47,738 - INFO - Dynamic threshold set to: 0.504
2024-08-07 12:04:47,738 - INFO - Model trained and saved successfully for subset 6.
2024-08-07 12:04:47,738 - INFO - ---------------------------
2024-08-07 12:04:47,739 - INFO - TRAIN MODEL STAGE COMPLETED FOR SUBSET 6
2024-08-07 12:04:47,739 - INFO - ---------------------------
2024-08-07 12:04:47,739 - INFO - --------------------------------
2024-08-07 12:04:47,739 - INFO - EVALUATE MODEL STAGE STARTING FOR SUBSET 6...
2024-08-07 12:04:47,739 - INFO - --------------------------------
2024-08-07 12:04:47,751 - INFO - ROC AUC Score: 0.6296082949308756
2024-08-07 12:04:47,751 - INFO - Confusion Matrix: 
[[61 63]
 [47 79]]
2024-08-07 12:04:47,751 - INFO - Precision: 0.5563380281690141
2024-08-07 12:04:47,751 - INFO - Recall: 0.626984126984127
2024-08-07 12:04:47,751 - INFO - Model evaluated successfully for subset 6.
2024-08-07 12:04:47,752 - INFO - ------------------------------
2024-08-07 12:04:47,752 - INFO - EVALUATE MODEL STAGE COMPLETED FOR SUBSET 6
2024-08-07 12:04:47,752 - INFO - ------------------------------
2024-08-07 12:04:47,754 - INFO - Subset 7 demographic makeup: 800 1, 104 3, 59 2, 37 4
2024-08-07 12:04:47,754 - INFO - Processing subset 7...
2024-08-07 12:04:47,754 - INFO - -----------------------------
2024-08-07 12:04:47,754 - INFO - TRAIN MODEL STAGE STARTING FOR SUBSET 7...
2024-08-07 12:04:47,754 - INFO - -----------------------------
2024-08-07 12:04:47,761 - INFO - Scaling features and applying LASSO for feature selection...
2024-08-07 12:04:51,079 - INFO - Selected features (including required): ['who', 'RaceEth', 'age', 'is_female', 'is_hispanic', 'unemployed', 'unstableliving', 'education', 'marital', 'UDS_Amphetamine_Count', 'UDS_Benzodiazepine_Count', 'UDS_Buprenorphine_Count', 'UDS_Cocaine_Count', 'UDS_Methadone_Count', 'UDS_Opioid_Count', 'UDS_Sedatives_Count', 'UDS_Thc_Count', 'pain', 'has_schizophrenia', 'has_major_dep', 'has_bipolar', 'has_anx_pan', 'has_brain_damage', 'has_epilepsy', 'has_opiates_dx', 'has_alcol_dx', 'has_amphetamines_dx', 'has_cannabis_dx', 'has_cocaine_dx', 'has_sedatives_dx', 'ftnd', 'XTRT', 'shared', 'rbsivheroin', 'TLFB_Alcohol_Count', 'TLFB_Amphetamine_Count', 'TLFB_Benzodiazepine_Count', 'TLFB_Buprenorphine_Count', 'TLFB_Cocaine_Count', 'TLFB_Heroin_Count', 'TLFB_Methadone_Count', 'TLFB_Opioid_Count', 'TLFB_THC_Count', 'TLFB_Other', 'Homosexual_Behavior', 'Non_monogamous_Relationships']
2024-08-07 12:04:51,085 - INFO - Fitting logistic regression model with the selected features...
2024-08-07 12:04:51,618 - INFO - Model training completed successfully.
2024-08-07 12:04:51,618 - INFO - Calculating the dynamic threshold based on the proportion of positive outcomes...
2024-08-07 12:04:51,618 - INFO - Ratio of 1s to 0s in the outcome variable: 0.47 : 0.53
2024-08-07 12:04:51,618 - INFO - Dynamic threshold set to: 0.472
2024-08-07 12:04:51,618 - INFO - Model trained and saved successfully for subset 7.
2024-08-07 12:04:51,619 - INFO - ---------------------------
2024-08-07 12:04:51,619 - INFO - TRAIN MODEL STAGE COMPLETED FOR SUBSET 7
2024-08-07 12:04:51,619 - INFO - ---------------------------
2024-08-07 12:04:51,619 - INFO - --------------------------------
2024-08-07 12:04:51,619 - INFO - EVALUATE MODEL STAGE STARTING FOR SUBSET 7...
2024-08-07 12:04:51,619 - INFO - --------------------------------
2024-08-07 12:04:51,631 - INFO - ROC AUC Score: 0.6438751926040062
2024-08-07 12:04:51,631 - INFO - Confusion Matrix: 
[[57 75]
 [27 91]]
2024-08-07 12:04:51,631 - INFO - Precision: 0.5481927710843374
2024-08-07 12:04:51,631 - INFO - Recall: 0.7711864406779662
2024-08-07 12:04:51,631 - INFO - Model evaluated successfully for subset 7.
2024-08-07 12:04:51,631 - INFO - ------------------------------
2024-08-07 12:04:51,632 - INFO - EVALUATE MODEL STAGE COMPLETED FOR SUBSET 7
2024-08-07 12:04:51,632 - INFO - ------------------------------
2024-08-07 12:04:51,632 - INFO - Subset 8 demographic makeup: 850 1, 77 3, 46 2, 27 4
2024-08-07 12:04:51,633 - INFO - Processing subset 8...
2024-08-07 12:04:51,633 - INFO - -----------------------------
2024-08-07 12:04:51,633 - INFO - TRAIN MODEL STAGE STARTING FOR SUBSET 8...
2024-08-07 12:04:51,633 - INFO - -----------------------------
2024-08-07 12:04:51,641 - INFO - Scaling features and applying LASSO for feature selection...
2024-08-07 12:04:53,689 - INFO - Selected features (including required): ['who', 'RaceEth', 'age', 'is_female', 'is_hispanic', 'unemployed', 'unstableliving', 'education', 'marital', 'UDS_Amphetamine_Count', 'UDS_Benzodiazepine_Count', 'UDS_Buprenorphine_Count', 'UDS_Cocaine_Count', 'UDS_Methadone_Count', 'UDS_Opioid_Count', 'UDS_Sedatives_Count', 'UDS_Thc_Count', 'pain', 'has_schizophrenia', 'has_major_dep', 'has_bipolar', 'has_anx_pan', 'has_brain_damage', 'has_epilepsy', 'has_opiates_dx', 'has_alcol_dx', 'has_amphetamines_dx', 'has_cannabis_dx', 'has_cocaine_dx', 'has_sedatives_dx', 'ftnd', 'XTRT', 'shared', 'rbsivheroin', 'TLFB_Alcohol_Count', 'TLFB_Amphetamine_Count', 'TLFB_Benzodiazepine_Count', 'TLFB_Buprenorphine_Count', 'TLFB_Cocaine_Count', 'TLFB_Heroin_Count', 'TLFB_Methadone_Count', 'TLFB_Opioid_Count', 'TLFB_THC_Count', 'TLFB_Other', 'Homosexual_Behavior', 'Non_monogamous_Relationships']
2024-08-07 12:04:53,694 - INFO - Fitting logistic regression model with the selected features...
2024-08-07 12:04:54,139 - INFO - Model training completed successfully.
2024-08-07 12:04:54,140 - INFO - Calculating the dynamic threshold based on the proportion of positive outcomes...
2024-08-07 12:04:54,140 - INFO - Ratio of 1s to 0s in the outcome variable: 0.55 : 0.45
2024-08-07 12:04:54,140 - INFO - Dynamic threshold set to: 0.552
2024-08-07 12:04:54,140 - INFO - Model trained and saved successfully for subset 8.
2024-08-07 12:04:54,140 - INFO - ---------------------------
2024-08-07 12:04:54,140 - INFO - TRAIN MODEL STAGE COMPLETED FOR SUBSET 8
2024-08-07 12:04:54,140 - INFO - ---------------------------
2024-08-07 12:04:54,140 - INFO - --------------------------------
2024-08-07 12:04:54,140 - INFO - EVALUATE MODEL STAGE STARTING FOR SUBSET 8...
2024-08-07 12:04:54,140 - INFO - --------------------------------
2024-08-07 12:04:54,153 - INFO - ROC AUC Score: 0.6554089026915113
2024-08-07 12:04:54,155 - INFO - Confusion Matrix: 
[[71 41]
 [53 85]]
2024-08-07 12:04:54,156 - INFO - Precision: 0.6746031746031746
2024-08-07 12:04:54,156 - INFO - Recall: 0.6159420289855072
2024-08-07 12:04:54,156 - INFO - Model evaluated successfully for subset 8.
2024-08-07 12:04:54,156 - INFO - ------------------------------
2024-08-07 12:04:54,156 - INFO - EVALUATE MODEL STAGE COMPLETED FOR SUBSET 8
2024-08-07 12:04:54,156 - INFO - ------------------------------
2024-08-07 12:04:54,157 - INFO - Subset 9 demographic makeup: 900 1, 50 3, 32 2, 18 4
2024-08-07 12:04:54,158 - INFO - Processing subset 9...
2024-08-07 12:04:54,158 - INFO - -----------------------------
2024-08-07 12:04:54,158 - INFO - TRAIN MODEL STAGE STARTING FOR SUBSET 9...
2024-08-07 12:04:54,158 - INFO - -----------------------------
2024-08-07 12:04:54,164 - INFO - Scaling features and applying LASSO for feature selection...
2024-08-07 12:04:56,289 - INFO - Selected features (including required): ['who', 'RaceEth', 'age', 'is_female', 'is_hispanic', 'unemployed', 'unstableliving', 'education', 'marital', 'UDS_Amphetamine_Count', 'UDS_Benzodiazepine_Count', 'UDS_Buprenorphine_Count', 'UDS_Cocaine_Count', 'UDS_Methadone_Count', 'UDS_Opioid_Count', 'UDS_Sedatives_Count', 'UDS_Thc_Count', 'pain', 'has_schizophrenia', 'has_major_dep', 'has_bipolar', 'has_anx_pan', 'has_brain_damage', 'has_epilepsy', 'has_opiates_dx', 'has_alcol_dx', 'has_amphetamines_dx', 'has_cannabis_dx', 'has_cocaine_dx', 'has_sedatives_dx', 'ftnd', 'XTRT', 'shared', 'rbsivheroin', 'TLFB_Alcohol_Count', 'TLFB_Amphetamine_Count', 'TLFB_Benzodiazepine_Count', 'TLFB_Buprenorphine_Count', 'TLFB_Cocaine_Count', 'TLFB_Heroin_Count', 'TLFB_Methadone_Count', 'TLFB_Opioid_Count', 'TLFB_THC_Count', 'TLFB_Other', 'Homosexual_Behavior', 'Non_monogamous_Relationships']
2024-08-07 12:04:56,294 - INFO - Fitting logistic regression model with the selected features...
2024-08-07 12:04:56,799 - INFO - Model training completed successfully.
2024-08-07 12:04:56,799 - INFO - Calculating the dynamic threshold based on the proportion of positive outcomes...
2024-08-07 12:04:56,800 - INFO - Ratio of 1s to 0s in the outcome variable: 0.52 : 0.48
2024-08-07 12:04:56,800 - INFO - Dynamic threshold set to: 0.524
2024-08-07 12:04:56,800 - INFO - Model trained and saved successfully for subset 9.
2024-08-07 12:04:56,800 - INFO - ---------------------------
2024-08-07 12:04:56,800 - INFO - TRAIN MODEL STAGE COMPLETED FOR SUBSET 9
2024-08-07 12:04:56,800 - INFO - ---------------------------
2024-08-07 12:04:56,800 - INFO - --------------------------------
2024-08-07 12:04:56,800 - INFO - EVALUATE MODEL STAGE STARTING FOR SUBSET 9...
2024-08-07 12:04:56,800 - INFO - --------------------------------
2024-08-07 12:04:56,816 - INFO - ROC AUC Score: 0.6583488357174931
2024-08-07 12:04:56,816 - INFO - Confusion Matrix: 
[[71 48]
 [49 82]]
2024-08-07 12:04:56,816 - INFO - Precision: 0.6307692307692307
2024-08-07 12:04:56,816 - INFO - Recall: 0.6259541984732825
2024-08-07 12:04:56,817 - INFO - Model evaluated successfully for subset 9.
2024-08-07 12:04:56,817 - INFO - ------------------------------
2024-08-07 12:04:56,817 - INFO - EVALUATE MODEL STAGE COMPLETED FOR SUBSET 9
2024-08-07 12:04:56,817 - INFO - ------------------------------
2024-08-07 12:04:56,818 - INFO - Subset 10 demographic makeup: 950 1, 25 3, 16 2, 9 4
2024-08-07 12:04:56,818 - INFO - Processing subset 10...
2024-08-07 12:04:56,818 - INFO - -----------------------------
2024-08-07 12:04:56,818 - INFO - TRAIN MODEL STAGE STARTING FOR SUBSET 10...
2024-08-07 12:04:56,819 - INFO - -----------------------------
2024-08-07 12:04:56,825 - INFO - Scaling features and applying LASSO for feature selection...
2024-08-07 12:04:58,999 - INFO - Selected features (including required): ['who', 'RaceEth', 'age', 'is_female', 'is_hispanic', 'unemployed', 'unstableliving', 'education', 'marital', 'UDS_Amphetamine_Count', 'UDS_Benzodiazepine_Count', 'UDS_Buprenorphine_Count', 'UDS_Cocaine_Count', 'UDS_Methadone_Count', 'UDS_Opioid_Count', 'UDS_Sedatives_Count', 'UDS_Thc_Count', 'pain', 'has_schizophrenia', 'has_major_dep', 'has_bipolar', 'has_anx_pan', 'has_brain_damage', 'has_epilepsy', 'has_opiates_dx', 'has_alcol_dx', 'has_amphetamines_dx', 'has_cannabis_dx', 'has_cocaine_dx', 'has_sedatives_dx', 'ftnd', 'XTRT', 'shared', 'rbsivheroin', 'TLFB_Alcohol_Count', 'TLFB_Amphetamine_Count', 'TLFB_Benzodiazepine_Count', 'TLFB_Buprenorphine_Count', 'TLFB_Cocaine_Count', 'TLFB_Heroin_Count', 'TLFB_Methadone_Count', 'TLFB_Opioid_Count', 'TLFB_THC_Count', 'TLFB_Other', 'Homosexual_Behavior', 'Non_monogamous_Relationships']
2024-08-07 12:04:59,008 - INFO - Fitting logistic regression model with the selected features...
2024-08-07 12:04:59,437 - INFO - Model training completed successfully.
2024-08-07 12:04:59,437 - INFO - Calculating the dynamic threshold based on the proportion of positive outcomes...
2024-08-07 12:04:59,438 - INFO - Ratio of 1s to 0s in the outcome variable: 0.52 : 0.48
2024-08-07 12:04:59,439 - INFO - Dynamic threshold set to: 0.524
2024-08-07 12:04:59,439 - INFO - Model trained and saved successfully for subset 10.
2024-08-07 12:04:59,440 - INFO - ---------------------------
2024-08-07 12:04:59,441 - INFO - TRAIN MODEL STAGE COMPLETED FOR SUBSET 10
2024-08-07 12:04:59,443 - INFO - ---------------------------
2024-08-07 12:04:59,444 - INFO - --------------------------------
2024-08-07 12:04:59,445 - INFO - EVALUATE MODEL STAGE STARTING FOR SUBSET 10...
2024-08-07 12:04:59,445 - INFO - --------------------------------
2024-08-07 12:04:59,468 - INFO - ROC AUC Score: 0.6199243056001026
2024-08-07 12:04:59,469 - INFO - Confusion Matrix: 
[[59 60]
 [49 82]]
2024-08-07 12:04:59,469 - INFO - Precision: 0.5774647887323944
2024-08-07 12:04:59,469 - INFO - Recall: 0.6259541984732825
2024-08-07 12:04:59,470 - INFO - Model evaluated successfully for subset 10.
2024-08-07 12:04:59,470 - INFO - ------------------------------
2024-08-07 12:04:59,471 - INFO - EVALUATE MODEL STAGE COMPLETED FOR SUBSET 10
2024-08-07 12:04:59,471 - INFO - ------------------------------
2024-08-07 12:04:59,477 - INFO - Subset 11 demographic makeup: 1000 1
2024-08-07 12:04:59,479 - INFO - Processing subset 11...
2024-08-07 12:04:59,479 - INFO - -----------------------------
2024-08-07 12:04:59,480 - INFO - TRAIN MODEL STAGE STARTING FOR SUBSET 11...
2024-08-07 12:04:59,480 - INFO - -----------------------------
2024-08-07 12:04:59,489 - INFO - Scaling features and applying LASSO for feature selection...
2024-08-07 12:05:01,930 - INFO - Selected features (including required): ['who', 'age', 'is_female', 'unemployed', 'unstableliving', 'education', 'marital', 'UDS_Amphetamine_Count', 'UDS_Benzodiazepine_Count', 'UDS_Buprenorphine_Count', 'UDS_Cocaine_Count', 'UDS_Methadone_Count', 'UDS_Opioid_Count', 'UDS_Sedatives_Count', 'UDS_Thc_Count', 'pain', 'has_schizophrenia', 'has_major_dep', 'has_bipolar', 'has_anx_pan', 'has_brain_damage', 'has_epilepsy', 'has_opiates_dx', 'has_alcol_dx', 'has_amphetamines_dx', 'has_cannabis_dx', 'has_cocaine_dx', 'has_sedatives_dx', 'ftnd', 'XTRT', 'shared', 'rbsivheroin', 'TLFB_Alcohol_Count', 'TLFB_Amphetamine_Count', 'TLFB_Benzodiazepine_Count', 'TLFB_Buprenorphine_Count', 'TLFB_Cocaine_Count', 'TLFB_Heroin_Count', 'TLFB_Methadone_Count', 'TLFB_Opioid_Count', 'TLFB_THC_Count', 'TLFB_Other', 'Homosexual_Behavior', 'Non_monogamous_Relationships']
2024-08-07 12:05:01,934 - INFO - Fitting logistic regression model with the selected features...
2024-08-07 12:05:03,538 - INFO - Model training completed successfully.
2024-08-07 12:05:03,539 - INFO - Calculating the dynamic threshold based on the proportion of positive outcomes...
2024-08-07 12:05:03,539 - INFO - Ratio of 1s to 0s in the outcome variable: 0.54 : 0.46
2024-08-07 12:05:03,539 - INFO - Dynamic threshold set to: 0.544
2024-08-07 12:05:03,539 - INFO - Model trained and saved successfully for subset 11.
2024-08-07 12:05:03,539 - INFO - ---------------------------
2024-08-07 12:05:03,539 - INFO - TRAIN MODEL STAGE COMPLETED FOR SUBSET 11
2024-08-07 12:05:03,540 - INFO - ---------------------------
2024-08-07 12:05:03,540 - INFO - --------------------------------
2024-08-07 12:05:03,540 - INFO - EVALUATE MODEL STAGE STARTING FOR SUBSET 11...
2024-08-07 12:05:03,540 - INFO - --------------------------------
2024-08-07 12:05:03,552 - INFO - ROC AUC Score: 0.6741486068111455
2024-08-07 12:05:03,553 - INFO - Confusion Matrix: 
[[67 47]
 [50 86]]
2024-08-07 12:05:03,553 - INFO - Precision: 0.6466165413533834
2024-08-07 12:05:03,553 - INFO - Recall: 0.6323529411764706
2024-08-07 12:05:03,553 - INFO - Model evaluated successfully for subset 11.
2024-08-07 12:05:03,553 - INFO - ------------------------------
2024-08-07 12:05:03,553 - INFO - EVALUATE MODEL STAGE COMPLETED FOR SUBSET 11
2024-08-07 12:05:03,553 - INFO - ------------------------------
2024-08-07 12:05:03,554 - INFO - ------------------
2024-08-07 12:05:03,554 - INFO - PIPELINE COMPLETED
2024-08-07 12:05:03,554 - INFO - ------------------
