2024-08-02 17:59:14 - INFO - -------------------------------------------
2024-08-02 17:59:14 - INFO - Logging setup complete - starting pipeline.
2024-08-02 17:59:14 - INFO - -------------------------------------------
2024-08-02 17:59:14 - INFO - Global Seed set to: 1722635954
2024-08-02 17:59:20 - INFO - Outcome Name: Rd_kostenB_1993
2024-08-02 17:59:20 - INFO - Datasets loaded successfully.
2024-08-02 17:59:20 - INFO - Starting preprocessing of the merged dataset...
2024-08-02 17:59:20 - INFO - ---------------------------------
2024-08-02 17:59:20 - INFO - PRE-PROCESSING STAGE STARTING...
2024-08-02 17:59:20 - INFO - ---------------------------------
2024-08-02 17:59:20 - INFO - Dropped initial columns: ['pain_when', 'is_smoker', 'per_day', 'max', 'amount', 'depression', 'anxiety', 'schizophrenia', 'max', 'amount', 'cocaine_inject_days', 'speedball_inject_days', 'opioid_inject_days', 'speed_inject_days', 'UDS_Alcohol_Count', 'UDS_Mdma/Hallucinogen_Count']
2024-08-02 17:59:20 - INFO - Converted Yes/No to binary.
2024-08-02 17:59:20 - INFO - Processed TLFB columns with specified columns: ['TLFB_Alcohol_Count', 'TLFB_Amphetamine_Count', 'TLFB_Cocaine_Count', 'TLFB_Heroin_Count', 'TLFB_Benzodiazepine_Count', 'TLFB_Opioid_Count', 'TLFB_THC_Count', 'TLFB_Methadone_Count', 'TLFB_Buprenorphine_Count']
2024-08-02 17:59:20 - INFO - Calculated behavioral columns.
2024-08-02 17:59:20 - INFO - Moved 'Rd_kostenB_1993' column to the end.
2024-08-02 17:59:20 - INFO - Dropped initial columns: ['msm_npt', 'msm_frq', 'txx_prt']
2024-08-02 17:59:20 - INFO - transform_data_with_nan_handling success
2024-08-02 17:59:20 - INFO - Renamed columns according to the mapping.
2024-08-02 17:59:20 - INFO - Transformed NaN to 0 for binary columns.
2024-08-02 17:59:20 - INFO - Transformed and renamed 'heroin_inject_days' column to 'rbsivheroin'.
2024-08-02 17:59:20 - INFO - Filled NaN with 0 for 'ftnd' column.
2024-08-02 17:59:20 - INFO - Dropped additional columns: ['rbs_iv_days', 'race', 'RBS_cocaine_Days', 'RBS_heroin_Days', 'RBS_opioid_Days', 'RBS_speed_Days', 'RBS_speedball_Days']
2024-08-02 17:59:20 - INFO - Converted UDS drug counts to binary.
2024-08-02 17:59:20 - INFO - ------------------------------
2024-08-02 17:59:20 - INFO - PRE-PROCESSING STAGE COMPLETED
2024-08-02 17:59:20 - INFO - ------------------------------
2024-08-02 17:59:20 - INFO - Merged dataset preprocessed successfully.
2024-08-02 17:59:20 - INFO - Creating demographic subsets from preprocessed data...
2024-08-02 17:59:28 - INFO - Created 11 subsets successfully.
2024-08-02 17:59:28 - INFO - Creating merged subsets from create_demographics_dfs function
2024-08-02 17:59:28 - INFO - Created 11 merged subsets successfully.
2024-08-02 17:59:28 - INFO - Subset 1 demographic makeup: 500 1, 252 3, 151 2, 97 4
2024-08-02 17:59:28 - INFO - Processing subset 1...
2024-08-02 17:59:28 - INFO - -----------------------------
2024-08-02 17:59:28 - INFO - TRAIN MODEL STAGE STARTING FOR SUBSET 1...
2024-08-02 17:59:28 - INFO - -----------------------------
2024-08-02 17:59:28 - INFO - Scaling features and applying LASSO for feature selection...
2024-08-02 17:59:30 - INFO - Selected features (including required): ['who', 'RaceEth', 'age', 'is_female', 'is_hispanic', 'unemployed', 'unstableliving', 'education', 'marital', 'UDS_Amphetamine_Count', 'UDS_Benzodiazepine_Count', 'UDS_Buprenorphine_Count', 'UDS_Cocaine_Count', 'UDS_Methadone_Count', 'UDS_Opioid_Count', 'UDS_Sedatives_Count', 'UDS_Thc_Count', 'pain', 'has_schizophrenia', 'has_major_dep', 'has_bipolar', 'has_anx_pan', 'has_brain_damage', 'has_epilepsy', 'has_opiates_dx', 'has_alcol_dx', 'has_amphetamines_dx', 'has_cannabis_dx', 'has_cocaine_dx', 'has_sedatives_dx', 'ftnd', 'XTRT', 'shared', 'rbsivheroin', 'TLFB_Alcohol_Count', 'TLFB_Amphetamine_Count', 'TLFB_Benzodiazepine_Count', 'TLFB_Buprenorphine_Count', 'TLFB_Cocaine_Count', 'TLFB_Heroin_Count', 'TLFB_Methadone_Count', 'TLFB_Opioid_Count', 'TLFB_THC_Count', 'TLFB_Other', 'Homosexual_Behavior', 'Non_monogamous_Relationships']
2024-08-02 17:59:30 - INFO - Fitting logistic regression model with the selected features...
2024-08-02 17:59:30 - INFO - Model training completed successfully.
2024-08-02 17:59:30 - INFO - Calculating the dynamic threshold based on the proportion of positive outcomes...
2024-08-02 17:59:30 - INFO - Ratio of 1s to 0s in the outcome variable: 0.53 : 0.47
2024-08-02 17:59:30 - INFO - Dynamic threshold set to: 0.532
2024-08-02 17:59:30 - INFO - Model trained and saved successfully for subset 1.
2024-08-02 17:59:30 - INFO - ---------------------------
2024-08-02 17:59:30 - INFO - TRAIN MODEL STAGE COMPLETED FOR SUBSET 1
2024-08-02 17:59:30 - INFO - ---------------------------
2024-08-02 17:59:30 - INFO - --------------------------------
2024-08-02 17:59:30 - INFO - EVALUATE MODEL STAGE STARTING FOR SUBSET 1...
2024-08-02 17:59:30 - INFO - --------------------------------
2024-08-02 17:59:30 - INFO - ROC AUC Score: 0.6534927061242851
2024-08-02 17:59:30 - INFO - Confusion Matrix: 
[[78 39]
 [57 76]]
2024-08-02 17:59:30 - INFO - Precision: 0.6608695652173913
2024-08-02 17:59:30 - INFO - Recall: 0.5714285714285714
2024-08-02 17:59:30 - INFO - Model evaluated successfully for subset 1.
2024-08-02 17:59:30 - INFO - ------------------------------
2024-08-02 17:59:30 - INFO - EVALUATE MODEL STAGE COMPLETED FOR SUBSET 1
2024-08-02 17:59:30 - INFO - ------------------------------
2024-08-02 17:59:30 - INFO - Subset 2 demographic makeup: 550 1, 232 3, 134 2, 84 4
2024-08-02 17:59:30 - INFO - Processing subset 2...
2024-08-02 17:59:30 - INFO - -----------------------------
2024-08-02 17:59:30 - INFO - TRAIN MODEL STAGE STARTING FOR SUBSET 2...
2024-08-02 17:59:30 - INFO - -----------------------------
2024-08-02 17:59:30 - INFO - Scaling features and applying LASSO for feature selection...
2024-08-02 17:59:32 - INFO - Selected features (including required): ['who', 'RaceEth', 'age', 'is_female', 'is_hispanic', 'unemployed', 'unstableliving', 'education', 'marital', 'UDS_Amphetamine_Count', 'UDS_Benzodiazepine_Count', 'UDS_Buprenorphine_Count', 'UDS_Cocaine_Count', 'UDS_Methadone_Count', 'UDS_Opioid_Count', 'UDS_Sedatives_Count', 'UDS_Thc_Count', 'pain', 'has_schizophrenia', 'has_major_dep', 'has_bipolar', 'has_anx_pan', 'has_brain_damage', 'has_epilepsy', 'has_opiates_dx', 'has_alcol_dx', 'has_amphetamines_dx', 'has_cannabis_dx', 'has_cocaine_dx', 'has_sedatives_dx', 'ftnd', 'XTRT', 'shared', 'rbsivheroin', 'TLFB_Alcohol_Count', 'TLFB_Amphetamine_Count', 'TLFB_Benzodiazepine_Count', 'TLFB_Buprenorphine_Count', 'TLFB_Cocaine_Count', 'TLFB_Heroin_Count', 'TLFB_Methadone_Count', 'TLFB_Opioid_Count', 'TLFB_THC_Count', 'TLFB_Other', 'Homosexual_Behavior', 'Non_monogamous_Relationships']
2024-08-02 17:59:32 - INFO - Fitting logistic regression model with the selected features...
2024-08-02 17:59:33 - INFO - Model training completed successfully.
2024-08-02 17:59:33 - INFO - Calculating the dynamic threshold based on the proportion of positive outcomes...
2024-08-02 17:59:33 - INFO - Ratio of 1s to 0s in the outcome variable: 0.60 : 0.40
2024-08-02 17:59:33 - INFO - Dynamic threshold set to: 0.596
2024-08-02 17:59:33 - INFO - Model trained and saved successfully for subset 2.
2024-08-02 17:59:33 - INFO - ---------------------------
2024-08-02 17:59:33 - INFO - TRAIN MODEL STAGE COMPLETED FOR SUBSET 2
2024-08-02 17:59:33 - INFO - ---------------------------
2024-08-02 17:59:33 - INFO - --------------------------------
2024-08-02 17:59:33 - INFO - EVALUATE MODEL STAGE STARTING FOR SUBSET 2...
2024-08-02 17:59:33 - INFO - --------------------------------
2024-08-02 17:59:33 - INFO - ROC AUC Score: 0.6191773539770085
2024-08-02 17:59:33 - INFO - Confusion Matrix: 
[[ 80  21]
 [107  42]]
2024-08-02 17:59:33 - INFO - Precision: 0.6666666666666666
2024-08-02 17:59:33 - INFO - Recall: 0.28187919463087246
2024-08-02 17:59:33 - INFO - Model evaluated successfully for subset 2.
2024-08-02 17:59:33 - INFO - ------------------------------
2024-08-02 17:59:33 - INFO - EVALUATE MODEL STAGE COMPLETED FOR SUBSET 2
2024-08-02 17:59:33 - INFO - ------------------------------
2024-08-02 17:59:33 - INFO - Subset 3 demographic makeup: 600 1, 204 3, 123 2, 73 4
2024-08-02 17:59:33 - INFO - Processing subset 3...
2024-08-02 17:59:33 - INFO - -----------------------------
2024-08-02 17:59:33 - INFO - TRAIN MODEL STAGE STARTING FOR SUBSET 3...
2024-08-02 17:59:33 - INFO - -----------------------------
2024-08-02 17:59:33 - INFO - Scaling features and applying LASSO for feature selection...
2024-08-02 17:59:35 - INFO - Selected features (including required): ['who', 'RaceEth', 'age', 'is_female', 'is_hispanic', 'unemployed', 'unstableliving', 'education', 'marital', 'UDS_Amphetamine_Count', 'UDS_Benzodiazepine_Count', 'UDS_Buprenorphine_Count', 'UDS_Cocaine_Count', 'UDS_Methadone_Count', 'UDS_Opioid_Count', 'UDS_Sedatives_Count', 'UDS_Thc_Count', 'pain', 'has_schizophrenia', 'has_major_dep', 'has_bipolar', 'has_anx_pan', 'has_brain_damage', 'has_epilepsy', 'has_opiates_dx', 'has_alcol_dx', 'has_amphetamines_dx', 'has_cannabis_dx', 'has_cocaine_dx', 'has_sedatives_dx', 'ftnd', 'XTRT', 'shared', 'rbsivheroin', 'TLFB_Alcohol_Count', 'TLFB_Amphetamine_Count', 'TLFB_Benzodiazepine_Count', 'TLFB_Buprenorphine_Count', 'TLFB_Cocaine_Count', 'TLFB_Heroin_Count', 'TLFB_Methadone_Count', 'TLFB_Opioid_Count', 'TLFB_THC_Count', 'TLFB_Other', 'Homosexual_Behavior', 'Non_monogamous_Relationships']
2024-08-02 17:59:35 - INFO - Fitting logistic regression model with the selected features...
2024-08-02 17:59:35 - INFO - Model training completed successfully.
2024-08-02 17:59:35 - INFO - Calculating the dynamic threshold based on the proportion of positive outcomes...
2024-08-02 17:59:35 - INFO - Ratio of 1s to 0s in the outcome variable: 0.52 : 0.48
2024-08-02 17:59:35 - INFO - Dynamic threshold set to: 0.516
2024-08-02 17:59:35 - INFO - Model trained and saved successfully for subset 3.
2024-08-02 17:59:35 - INFO - ---------------------------
2024-08-02 17:59:35 - INFO - TRAIN MODEL STAGE COMPLETED FOR SUBSET 3
2024-08-02 17:59:35 - INFO - ---------------------------
2024-08-02 17:59:35 - INFO - --------------------------------
2024-08-02 17:59:35 - INFO - EVALUATE MODEL STAGE STARTING FOR SUBSET 3...
2024-08-02 17:59:35 - INFO - --------------------------------
2024-08-02 17:59:35 - INFO - ROC AUC Score: 0.6061887372669614
2024-08-02 17:59:35 - INFO - Confusion Matrix: 
[[70 51]
 [55 74]]
2024-08-02 17:59:35 - INFO - Precision: 0.592
2024-08-02 17:59:35 - INFO - Recall: 0.5736434108527132
2024-08-02 17:59:35 - INFO - Model evaluated successfully for subset 3.
2024-08-02 17:59:35 - INFO - ------------------------------
2024-08-02 17:59:35 - INFO - EVALUATE MODEL STAGE COMPLETED FOR SUBSET 3
2024-08-02 17:59:35 - INFO - ------------------------------
2024-08-02 17:59:35 - INFO - Subset 4 demographic makeup: 650 1, 179 3, 109 2, 62 4
2024-08-02 17:59:35 - INFO - Processing subset 4...
2024-08-02 17:59:35 - INFO - -----------------------------
2024-08-02 17:59:35 - INFO - TRAIN MODEL STAGE STARTING FOR SUBSET 4...
2024-08-02 17:59:35 - INFO - -----------------------------
2024-08-02 17:59:35 - INFO - Scaling features and applying LASSO for feature selection...
2024-08-02 17:59:38 - INFO - Selected features (including required): ['who', 'RaceEth', 'age', 'is_female', 'is_hispanic', 'unemployed', 'unstableliving', 'education', 'marital', 'UDS_Amphetamine_Count', 'UDS_Benzodiazepine_Count', 'UDS_Buprenorphine_Count', 'UDS_Cocaine_Count', 'UDS_Methadone_Count', 'UDS_Opioid_Count', 'UDS_Sedatives_Count', 'UDS_Thc_Count', 'pain', 'has_schizophrenia', 'has_major_dep', 'has_bipolar', 'has_anx_pan', 'has_brain_damage', 'has_epilepsy', 'has_opiates_dx', 'has_alcol_dx', 'has_amphetamines_dx', 'has_cannabis_dx', 'has_cocaine_dx', 'has_sedatives_dx', 'ftnd', 'XTRT', 'shared', 'rbsivheroin', 'TLFB_Alcohol_Count', 'TLFB_Amphetamine_Count', 'TLFB_Benzodiazepine_Count', 'TLFB_Buprenorphine_Count', 'TLFB_Cocaine_Count', 'TLFB_Heroin_Count', 'TLFB_Methadone_Count', 'TLFB_Opioid_Count', 'TLFB_THC_Count', 'TLFB_Other', 'Homosexual_Behavior', 'Non_monogamous_Relationships']
2024-08-02 17:59:38 - INFO - Fitting logistic regression model with the selected features...
2024-08-02 17:59:38 - INFO - Model training completed successfully.
2024-08-02 17:59:38 - INFO - Calculating the dynamic threshold based on the proportion of positive outcomes...
2024-08-02 17:59:38 - INFO - Ratio of 1s to 0s in the outcome variable: 0.54 : 0.46
2024-08-02 17:59:38 - INFO - Dynamic threshold set to: 0.544
2024-08-02 17:59:38 - INFO - Model trained and saved successfully for subset 4.
2024-08-02 17:59:38 - INFO - ---------------------------
2024-08-02 17:59:38 - INFO - TRAIN MODEL STAGE COMPLETED FOR SUBSET 4
2024-08-02 17:59:38 - INFO - ---------------------------
2024-08-02 17:59:38 - INFO - --------------------------------
2024-08-02 17:59:38 - INFO - EVALUATE MODEL STAGE STARTING FOR SUBSET 4...
2024-08-02 17:59:38 - INFO - --------------------------------
2024-08-02 17:59:38 - INFO - ROC AUC Score: 0.6333849329205367
2024-08-02 17:59:38 - INFO - Confusion Matrix: 
[[70 44]
 [58 78]]
2024-08-02 17:59:38 - INFO - Precision: 0.639344262295082
2024-08-02 17:59:38 - INFO - Recall: 0.5735294117647058
2024-08-02 17:59:38 - INFO - Model evaluated successfully for subset 4.
2024-08-02 17:59:38 - INFO - ------------------------------
2024-08-02 17:59:38 - INFO - EVALUATE MODEL STAGE COMPLETED FOR SUBSET 4
2024-08-02 17:59:38 - INFO - ------------------------------
2024-08-02 17:59:38 - INFO - Subset 5 demographic makeup: 700 1, 155 3, 90 2, 55 4
2024-08-02 17:59:38 - INFO - Processing subset 5...
2024-08-02 17:59:38 - INFO - -----------------------------
2024-08-02 17:59:38 - INFO - TRAIN MODEL STAGE STARTING FOR SUBSET 5...
2024-08-02 17:59:38 - INFO - -----------------------------
2024-08-02 17:59:38 - INFO - Scaling features and applying LASSO for feature selection...
2024-08-02 17:59:40 - INFO - Selected features (including required): ['who', 'RaceEth', 'age', 'is_female', 'is_hispanic', 'unemployed', 'unstableliving', 'education', 'marital', 'UDS_Amphetamine_Count', 'UDS_Benzodiazepine_Count', 'UDS_Buprenorphine_Count', 'UDS_Cocaine_Count', 'UDS_Methadone_Count', 'UDS_Opioid_Count', 'UDS_Sedatives_Count', 'UDS_Thc_Count', 'pain', 'has_schizophrenia', 'has_major_dep', 'has_bipolar', 'has_anx_pan', 'has_brain_damage', 'has_epilepsy', 'has_opiates_dx', 'has_alcol_dx', 'has_amphetamines_dx', 'has_cannabis_dx', 'has_cocaine_dx', 'has_sedatives_dx', 'ftnd', 'XTRT', 'shared', 'rbsivheroin', 'TLFB_Alcohol_Count', 'TLFB_Amphetamine_Count', 'TLFB_Benzodiazepine_Count', 'TLFB_Buprenorphine_Count', 'TLFB_Cocaine_Count', 'TLFB_Heroin_Count', 'TLFB_Methadone_Count', 'TLFB_Opioid_Count', 'TLFB_THC_Count', 'TLFB_Other', 'Homosexual_Behavior', 'Non_monogamous_Relationships']
2024-08-02 17:59:40 - INFO - Fitting logistic regression model with the selected features...
2024-08-02 17:59:41 - INFO - Model training completed successfully.
2024-08-02 17:59:41 - INFO - Calculating the dynamic threshold based on the proportion of positive outcomes...
2024-08-02 17:59:41 - INFO - Ratio of 1s to 0s in the outcome variable: 0.55 : 0.45
2024-08-02 17:59:41 - INFO - Dynamic threshold set to: 0.552
2024-08-02 17:59:41 - INFO - Model trained and saved successfully for subset 5.
2024-08-02 17:59:41 - INFO - ---------------------------
2024-08-02 17:59:41 - INFO - TRAIN MODEL STAGE COMPLETED FOR SUBSET 5
2024-08-02 17:59:41 - INFO - ---------------------------
2024-08-02 17:59:41 - INFO - --------------------------------
2024-08-02 17:59:41 - INFO - EVALUATE MODEL STAGE STARTING FOR SUBSET 5...
2024-08-02 17:59:41 - INFO - --------------------------------
2024-08-02 17:59:41 - INFO - ROC AUC Score: 0.6149068322981366
2024-08-02 17:59:41 - INFO - Confusion Matrix: 
[[73 39]
 [70 68]]
2024-08-02 17:59:41 - INFO - Precision: 0.6355140186915887
2024-08-02 17:59:41 - INFO - Recall: 0.4927536231884058
2024-08-02 17:59:41 - INFO - Model evaluated successfully for subset 5.
2024-08-02 17:59:41 - INFO - ------------------------------
2024-08-02 17:59:41 - INFO - EVALUATE MODEL STAGE COMPLETED FOR SUBSET 5
2024-08-02 17:59:41 - INFO - ------------------------------
2024-08-02 17:59:41 - INFO - Subset 6 demographic makeup: 750 1, 131 3, 73 2, 46 4
2024-08-02 17:59:41 - INFO - Processing subset 6...
2024-08-02 17:59:41 - INFO - -----------------------------
2024-08-02 17:59:41 - INFO - TRAIN MODEL STAGE STARTING FOR SUBSET 6...
2024-08-02 17:59:41 - INFO - -----------------------------
2024-08-02 17:59:41 - INFO - Scaling features and applying LASSO for feature selection...
2024-08-02 17:59:43 - INFO - Selected features (including required): ['who', 'RaceEth', 'age', 'is_female', 'is_hispanic', 'unemployed', 'unstableliving', 'education', 'marital', 'UDS_Amphetamine_Count', 'UDS_Benzodiazepine_Count', 'UDS_Buprenorphine_Count', 'UDS_Cocaine_Count', 'UDS_Methadone_Count', 'UDS_Opioid_Count', 'UDS_Sedatives_Count', 'UDS_Thc_Count', 'pain', 'has_schizophrenia', 'has_major_dep', 'has_bipolar', 'has_anx_pan', 'has_brain_damage', 'has_epilepsy', 'has_opiates_dx', 'has_alcol_dx', 'has_amphetamines_dx', 'has_cannabis_dx', 'has_cocaine_dx', 'has_sedatives_dx', 'ftnd', 'XTRT', 'shared', 'rbsivheroin', 'TLFB_Alcohol_Count', 'TLFB_Amphetamine_Count', 'TLFB_Benzodiazepine_Count', 'TLFB_Buprenorphine_Count', 'TLFB_Cocaine_Count', 'TLFB_Heroin_Count', 'TLFB_Methadone_Count', 'TLFB_Opioid_Count', 'TLFB_THC_Count', 'TLFB_Other', 'Homosexual_Behavior', 'Non_monogamous_Relationships']
2024-08-02 17:59:43 - INFO - Fitting logistic regression model with the selected features...
2024-08-02 17:59:43 - INFO - Model training completed successfully.
2024-08-02 17:59:43 - INFO - Calculating the dynamic threshold based on the proportion of positive outcomes...
2024-08-02 17:59:43 - INFO - Ratio of 1s to 0s in the outcome variable: 0.58 : 0.42
2024-08-02 17:59:43 - INFO - Dynamic threshold set to: 0.584
2024-08-02 17:59:43 - INFO - Model trained and saved successfully for subset 6.
2024-08-02 17:59:43 - INFO - ---------------------------
2024-08-02 17:59:43 - INFO - TRAIN MODEL STAGE COMPLETED FOR SUBSET 6
2024-08-02 17:59:43 - INFO - ---------------------------
2024-08-02 17:59:43 - INFO - --------------------------------
2024-08-02 17:59:43 - INFO - EVALUATE MODEL STAGE STARTING FOR SUBSET 6...
2024-08-02 17:59:43 - INFO - --------------------------------
2024-08-02 17:59:43 - INFO - ROC AUC Score: 0.6412012644889358
2024-08-02 17:59:43 - INFO - Confusion Matrix: 
[[76 28]
 [80 66]]
2024-08-02 17:59:43 - INFO - Precision: 0.7021276595744681
2024-08-02 17:59:43 - INFO - Recall: 0.4520547945205479
2024-08-02 17:59:43 - INFO - Model evaluated successfully for subset 6.
2024-08-02 17:59:43 - INFO - ------------------------------
2024-08-02 17:59:43 - INFO - EVALUATE MODEL STAGE COMPLETED FOR SUBSET 6
2024-08-02 17:59:43 - INFO - ------------------------------
2024-08-02 17:59:43 - INFO - Subset 7 demographic makeup: 800 1, 108 3, 54 2, 38 4
2024-08-02 17:59:43 - INFO - Processing subset 7...
2024-08-02 17:59:43 - INFO - -----------------------------
2024-08-02 17:59:43 - INFO - TRAIN MODEL STAGE STARTING FOR SUBSET 7...
2024-08-02 17:59:43 - INFO - -----------------------------
2024-08-02 17:59:43 - INFO - Scaling features and applying LASSO for feature selection...
2024-08-02 17:59:47 - INFO - Selected features (including required): ['who', 'RaceEth', 'age', 'is_female', 'is_hispanic', 'unemployed', 'unstableliving', 'education', 'marital', 'UDS_Amphetamine_Count', 'UDS_Benzodiazepine_Count', 'UDS_Buprenorphine_Count', 'UDS_Cocaine_Count', 'UDS_Methadone_Count', 'UDS_Opioid_Count', 'UDS_Sedatives_Count', 'UDS_Thc_Count', 'pain', 'has_schizophrenia', 'has_major_dep', 'has_bipolar', 'has_anx_pan', 'has_brain_damage', 'has_epilepsy', 'has_opiates_dx', 'has_alcol_dx', 'has_amphetamines_dx', 'has_cannabis_dx', 'has_cocaine_dx', 'has_sedatives_dx', 'ftnd', 'XTRT', 'shared', 'rbsivheroin', 'TLFB_Alcohol_Count', 'TLFB_Amphetamine_Count', 'TLFB_Benzodiazepine_Count', 'TLFB_Buprenorphine_Count', 'TLFB_Cocaine_Count', 'TLFB_Heroin_Count', 'TLFB_Methadone_Count', 'TLFB_Opioid_Count', 'TLFB_THC_Count', 'TLFB_Other', 'Homosexual_Behavior', 'Non_monogamous_Relationships']
2024-08-02 17:59:47 - INFO - Fitting logistic regression model with the selected features...
2024-08-02 17:59:47 - INFO - Model training completed successfully.
2024-08-02 17:59:47 - INFO - Calculating the dynamic threshold based on the proportion of positive outcomes...
2024-08-02 17:59:47 - INFO - Ratio of 1s to 0s in the outcome variable: 0.43 : 0.57
2024-08-02 17:59:47 - INFO - Dynamic threshold set to: 0.428
2024-08-02 17:59:47 - INFO - Model trained and saved successfully for subset 7.
2024-08-02 17:59:47 - INFO - ---------------------------
2024-08-02 17:59:47 - INFO - TRAIN MODEL STAGE COMPLETED FOR SUBSET 7
2024-08-02 17:59:47 - INFO - ---------------------------
2024-08-02 17:59:47 - INFO - --------------------------------
2024-08-02 17:59:47 - INFO - EVALUATE MODEL STAGE STARTING FOR SUBSET 7...
2024-08-02 17:59:47 - INFO - --------------------------------
2024-08-02 17:59:47 - INFO - ROC AUC Score: 0.6442062610286909
2024-08-02 17:59:47 - INFO - Confusion Matrix: 
[[46 97]
 [18 89]]
2024-08-02 17:59:47 - INFO - Precision: 0.478494623655914
2024-08-02 17:59:47 - INFO - Recall: 0.8317757009345794
2024-08-02 17:59:47 - INFO - Model evaluated successfully for subset 7.
2024-08-02 17:59:47 - INFO - ------------------------------
2024-08-02 17:59:47 - INFO - EVALUATE MODEL STAGE COMPLETED FOR SUBSET 7
2024-08-02 17:59:47 - INFO - ------------------------------
2024-08-02 17:59:47 - INFO - Subset 8 demographic makeup: 850 1, 80 3, 41 2, 29 4
2024-08-02 17:59:47 - INFO - Processing subset 8...
2024-08-02 17:59:47 - INFO - -----------------------------
2024-08-02 17:59:47 - INFO - TRAIN MODEL STAGE STARTING FOR SUBSET 8...
2024-08-02 17:59:47 - INFO - -----------------------------
2024-08-02 17:59:47 - INFO - Scaling features and applying LASSO for feature selection...
2024-08-02 17:59:49 - INFO - Selected features (including required): ['who', 'RaceEth', 'age', 'is_female', 'is_hispanic', 'unemployed', 'unstableliving', 'education', 'marital', 'UDS_Amphetamine_Count', 'UDS_Benzodiazepine_Count', 'UDS_Buprenorphine_Count', 'UDS_Cocaine_Count', 'UDS_Methadone_Count', 'UDS_Opioid_Count', 'UDS_Sedatives_Count', 'UDS_Thc_Count', 'pain', 'has_schizophrenia', 'has_major_dep', 'has_bipolar', 'has_anx_pan', 'has_brain_damage', 'has_epilepsy', 'has_opiates_dx', 'has_alcol_dx', 'has_amphetamines_dx', 'has_cannabis_dx', 'has_cocaine_dx', 'has_sedatives_dx', 'ftnd', 'XTRT', 'shared', 'rbsivheroin', 'TLFB_Alcohol_Count', 'TLFB_Amphetamine_Count', 'TLFB_Benzodiazepine_Count', 'TLFB_Buprenorphine_Count', 'TLFB_Cocaine_Count', 'TLFB_Heroin_Count', 'TLFB_Methadone_Count', 'TLFB_Opioid_Count', 'TLFB_THC_Count', 'TLFB_Other', 'Homosexual_Behavior', 'Non_monogamous_Relationships']
2024-08-02 17:59:49 - INFO - Fitting logistic regression model with the selected features...
2024-08-02 17:59:49 - INFO - Model training completed successfully.
2024-08-02 17:59:49 - INFO - Calculating the dynamic threshold based on the proportion of positive outcomes...
2024-08-02 17:59:49 - INFO - Ratio of 1s to 0s in the outcome variable: 0.48 : 0.52
2024-08-02 17:59:49 - INFO - Dynamic threshold set to: 0.484
2024-08-02 17:59:49 - INFO - Model trained and saved successfully for subset 8.
2024-08-02 17:59:49 - INFO - ---------------------------
2024-08-02 17:59:49 - INFO - TRAIN MODEL STAGE COMPLETED FOR SUBSET 8
2024-08-02 17:59:49 - INFO - ---------------------------
2024-08-02 17:59:49 - INFO - --------------------------------
2024-08-02 17:59:49 - INFO - EVALUATE MODEL STAGE STARTING FOR SUBSET 8...
2024-08-02 17:59:49 - INFO - --------------------------------
2024-08-02 17:59:49 - INFO - ROC AUC Score: 0.6223973348709079
2024-08-02 17:59:49 - INFO - Confusion Matrix: 
[[65 64]
 [36 85]]
2024-08-02 17:59:49 - INFO - Precision: 0.5704697986577181
2024-08-02 17:59:49 - INFO - Recall: 0.7024793388429752
2024-08-02 17:59:49 - INFO - Model evaluated successfully for subset 8.
2024-08-02 17:59:49 - INFO - ------------------------------
2024-08-02 17:59:49 - INFO - EVALUATE MODEL STAGE COMPLETED FOR SUBSET 8
2024-08-02 17:59:49 - INFO - ------------------------------
2024-08-02 17:59:49 - INFO - Subset 9 demographic makeup: 900 1, 60 3, 24 2, 16 4
2024-08-02 17:59:49 - INFO - Processing subset 9...
2024-08-02 17:59:49 - INFO - -----------------------------
2024-08-02 17:59:49 - INFO - TRAIN MODEL STAGE STARTING FOR SUBSET 9...
2024-08-02 17:59:49 - INFO - -----------------------------
2024-08-02 17:59:49 - INFO - Scaling features and applying LASSO for feature selection...
2024-08-02 17:59:52 - INFO - Selected features (including required): ['who', 'RaceEth', 'age', 'is_female', 'is_hispanic', 'unemployed', 'unstableliving', 'education', 'marital', 'UDS_Amphetamine_Count', 'UDS_Benzodiazepine_Count', 'UDS_Buprenorphine_Count', 'UDS_Cocaine_Count', 'UDS_Methadone_Count', 'UDS_Opioid_Count', 'UDS_Sedatives_Count', 'UDS_Thc_Count', 'pain', 'has_schizophrenia', 'has_major_dep', 'has_bipolar', 'has_anx_pan', 'has_brain_damage', 'has_epilepsy', 'has_opiates_dx', 'has_alcol_dx', 'has_amphetamines_dx', 'has_cannabis_dx', 'has_cocaine_dx', 'has_sedatives_dx', 'ftnd', 'XTRT', 'shared', 'rbsivheroin', 'TLFB_Alcohol_Count', 'TLFB_Amphetamine_Count', 'TLFB_Benzodiazepine_Count', 'TLFB_Buprenorphine_Count', 'TLFB_Cocaine_Count', 'TLFB_Heroin_Count', 'TLFB_Methadone_Count', 'TLFB_Opioid_Count', 'TLFB_THC_Count', 'TLFB_Other', 'Homosexual_Behavior', 'Non_monogamous_Relationships']
2024-08-02 17:59:52 - INFO - Fitting logistic regression model with the selected features...
2024-08-02 17:59:52 - INFO - Model training completed successfully.
2024-08-02 17:59:52 - INFO - Calculating the dynamic threshold based on the proportion of positive outcomes...
2024-08-02 17:59:52 - INFO - Ratio of 1s to 0s in the outcome variable: 0.54 : 0.46
2024-08-02 17:59:52 - INFO - Dynamic threshold set to: 0.536
2024-08-02 17:59:52 - INFO - Model trained and saved successfully for subset 9.
2024-08-02 17:59:52 - INFO - ---------------------------
2024-08-02 17:59:52 - INFO - TRAIN MODEL STAGE COMPLETED FOR SUBSET 9
2024-08-02 17:59:52 - INFO - ---------------------------
2024-08-02 17:59:52 - INFO - --------------------------------
2024-08-02 17:59:52 - INFO - EVALUATE MODEL STAGE STARTING FOR SUBSET 9...
2024-08-02 17:59:52 - INFO - --------------------------------
2024-08-02 17:59:52 - INFO - ROC AUC Score: 0.5866572310859496
2024-08-02 17:59:52 - INFO - Confusion Matrix: 
[[71 45]
 [64 70]]
2024-08-02 17:59:52 - INFO - Precision: 0.6086956521739131
2024-08-02 17:59:52 - INFO - Recall: 0.5223880597014925
2024-08-02 17:59:52 - INFO - Model evaluated successfully for subset 9.
2024-08-02 17:59:52 - INFO - ------------------------------
2024-08-02 17:59:52 - INFO - EVALUATE MODEL STAGE COMPLETED FOR SUBSET 9
2024-08-02 17:59:52 - INFO - ------------------------------
2024-08-02 17:59:52 - INFO - Subset 10 demographic makeup: 950 1, 28 3, 12 2, 10 4
2024-08-02 17:59:52 - INFO - Processing subset 10...
2024-08-02 17:59:52 - INFO - -----------------------------
2024-08-02 17:59:52 - INFO - TRAIN MODEL STAGE STARTING FOR SUBSET 10...
2024-08-02 17:59:52 - INFO - -----------------------------
2024-08-02 17:59:52 - INFO - Scaling features and applying LASSO for feature selection...
2024-08-02 17:59:54 - INFO - Selected features (including required): ['who', 'RaceEth', 'age', 'is_female', 'is_hispanic', 'unemployed', 'unstableliving', 'education', 'marital', 'UDS_Amphetamine_Count', 'UDS_Benzodiazepine_Count', 'UDS_Buprenorphine_Count', 'UDS_Cocaine_Count', 'UDS_Methadone_Count', 'UDS_Opioid_Count', 'UDS_Sedatives_Count', 'UDS_Thc_Count', 'pain', 'has_schizophrenia', 'has_major_dep', 'has_bipolar', 'has_anx_pan', 'has_brain_damage', 'has_epilepsy', 'has_opiates_dx', 'has_alcol_dx', 'has_amphetamines_dx', 'has_cannabis_dx', 'has_cocaine_dx', 'has_sedatives_dx', 'ftnd', 'XTRT', 'shared', 'rbsivheroin', 'TLFB_Alcohol_Count', 'TLFB_Amphetamine_Count', 'TLFB_Benzodiazepine_Count', 'TLFB_Buprenorphine_Count', 'TLFB_Cocaine_Count', 'TLFB_Heroin_Count', 'TLFB_Methadone_Count', 'TLFB_Opioid_Count', 'TLFB_THC_Count', 'TLFB_Other', 'Homosexual_Behavior', 'Non_monogamous_Relationships']
2024-08-02 17:59:54 - INFO - Fitting logistic regression model with the selected features...
2024-08-02 17:59:55 - INFO - Model training completed successfully.
2024-08-02 17:59:55 - INFO - Calculating the dynamic threshold based on the proportion of positive outcomes...
2024-08-02 17:59:55 - INFO - Ratio of 1s to 0s in the outcome variable: 0.54 : 0.46
2024-08-02 17:59:55 - INFO - Dynamic threshold set to: 0.54
2024-08-02 17:59:55 - INFO - Model trained and saved successfully for subset 10.
2024-08-02 17:59:55 - INFO - ---------------------------
2024-08-02 17:59:55 - INFO - TRAIN MODEL STAGE COMPLETED FOR SUBSET 10
2024-08-02 17:59:55 - INFO - ---------------------------
2024-08-02 17:59:55 - INFO - --------------------------------
2024-08-02 17:59:55 - INFO - EVALUATE MODEL STAGE STARTING FOR SUBSET 10...
2024-08-02 17:59:55 - INFO - --------------------------------
2024-08-02 17:59:55 - INFO - ROC AUC Score: 0.6906280193236715
2024-08-02 17:59:55 - INFO - Confusion Matrix: 
[[77 38]
 [44 91]]
2024-08-02 17:59:55 - INFO - Precision: 0.7054263565891473
2024-08-02 17:59:55 - INFO - Recall: 0.674074074074074
2024-08-02 17:59:55 - INFO - Model evaluated successfully for subset 10.
2024-08-02 17:59:55 - INFO - ------------------------------
2024-08-02 17:59:55 - INFO - EVALUATE MODEL STAGE COMPLETED FOR SUBSET 10
2024-08-02 17:59:55 - INFO - ------------------------------
2024-08-02 17:59:55 - INFO - Subset 11 demographic makeup: 1000 1
2024-08-02 17:59:55 - INFO - Processing subset 11...
2024-08-02 17:59:55 - INFO - -----------------------------
2024-08-02 17:59:55 - INFO - TRAIN MODEL STAGE STARTING FOR SUBSET 11...
2024-08-02 17:59:55 - INFO - -----------------------------
2024-08-02 17:59:55 - INFO - Scaling features and applying LASSO for feature selection...
2024-08-02 17:59:57 - INFO - Selected features (including required): ['who', 'age', 'is_female', 'unemployed', 'unstableliving', 'education', 'marital', 'UDS_Amphetamine_Count', 'UDS_Benzodiazepine_Count', 'UDS_Buprenorphine_Count', 'UDS_Cocaine_Count', 'UDS_Methadone_Count', 'UDS_Opioid_Count', 'UDS_Sedatives_Count', 'UDS_Thc_Count', 'pain', 'has_schizophrenia', 'has_major_dep', 'has_bipolar', 'has_anx_pan', 'has_brain_damage', 'has_epilepsy', 'has_opiates_dx', 'has_alcol_dx', 'has_amphetamines_dx', 'has_cannabis_dx', 'has_cocaine_dx', 'has_sedatives_dx', 'ftnd', 'XTRT', 'shared', 'rbsivheroin', 'TLFB_Alcohol_Count', 'TLFB_Amphetamine_Count', 'TLFB_Benzodiazepine_Count', 'TLFB_Buprenorphine_Count', 'TLFB_Cocaine_Count', 'TLFB_Heroin_Count', 'TLFB_Methadone_Count', 'TLFB_Opioid_Count', 'TLFB_THC_Count', 'TLFB_Other', 'Homosexual_Behavior', 'Non_monogamous_Relationships']
2024-08-02 17:59:57 - INFO - Fitting logistic regression model with the selected features...
2024-08-02 17:59:58 - INFO - Model training completed successfully.
2024-08-02 17:59:58 - INFO - Calculating the dynamic threshold based on the proportion of positive outcomes...
2024-08-02 17:59:58 - INFO - Ratio of 1s to 0s in the outcome variable: 0.66 : 0.34
2024-08-02 17:59:58 - INFO - Dynamic threshold set to: 0.66
2024-08-02 17:59:58 - INFO - Model trained and saved successfully for subset 11.
2024-08-02 17:59:58 - INFO - ---------------------------
2024-08-02 17:59:58 - INFO - TRAIN MODEL STAGE COMPLETED FOR SUBSET 11
2024-08-02 17:59:58 - INFO - ---------------------------
2024-08-02 17:59:58 - INFO - --------------------------------
2024-08-02 17:59:58 - INFO - EVALUATE MODEL STAGE STARTING FOR SUBSET 11...
2024-08-02 17:59:58 - INFO - --------------------------------
2024-08-02 17:59:58 - INFO - ROC AUC Score: 0.6194652406417113
2024-08-02 17:59:58 - INFO - Confusion Matrix: 
[[ 68  17]
 [108  57]]
2024-08-02 17:59:58 - INFO - Precision: 0.7702702702702703
2024-08-02 17:59:58 - INFO - Recall: 0.34545454545454546
2024-08-02 17:59:58 - INFO - Model evaluated successfully for subset 11.
2024-08-02 17:59:58 - INFO - ------------------------------
2024-08-02 17:59:58 - INFO - EVALUATE MODEL STAGE COMPLETED FOR SUBSET 11
2024-08-02 17:59:58 - INFO - ------------------------------
2024-08-02 17:59:58 - INFO - ------------------
2024-08-02 17:59:58 - INFO - PIPELINE COMPLETED
2024-08-02 17:59:58 - INFO - ------------------
