2024-08-14 11:50:44,941 - INFO - Global Seed set to: 2
2024-08-14 11:50:44,941 - INFO - Outcome Name: Ab_ling_1998
2024-08-14 11:50:44,992 - INFO - Datasets loaded successfully.
2024-08-14 11:50:44,998 - INFO - Starting preprocessing of the merged dataset...
2024-08-14 11:50:44,998 - INFO - ---------------------------------
2024-08-14 11:50:44,998 - INFO - PRE-PROCESSING STAGE STARTING...
2024-08-14 11:50:44,998 - INFO - ---------------------------------
2024-08-14 11:50:45,187 - INFO - Dropped initial columns: ['pain_when', 'is_smoker', 'per_day', 'max', 'amount', 'depression', 'anxiety', 'schizophrenia', 'max', 'amount', 'cocaine_inject_days', 'speedball_inject_days', 'opioid_inject_days', 'speed_inject_days', 'UDS_Alcohol_Count', 'UDS_Mdma/Hallucinogen_Count']
2024-08-14 11:50:45,423 - INFO - Converted Yes/No to binary.
2024-08-14 11:50:45,479 - INFO - Processed TLFB columns with specified columns: ['TLFB_Alcohol_Count', 'TLFB_Amphetamine_Count', 'TLFB_Cocaine_Count', 'TLFB_Heroin_Count', 'TLFB_Benzodiazepine_Count', 'TLFB_Opioid_Count', 'TLFB_THC_Count', 'TLFB_Methadone_Count', 'TLFB_Buprenorphine_Count']
2024-08-14 11:50:45,503 - INFO - Calculated behavioral columns.
2024-08-14 11:50:45,661 - INFO - Moved 'Ab_ling_1998' column to the end.
2024-08-14 11:50:45,896 - INFO - Dropped initial columns: ['msm_npt', 'msm_frq', 'txx_prt']
2024-08-14 11:50:45,996 - INFO - transform_data_with_nan_handling success
2024-08-14 11:50:45,999 - INFO - Renamed columns according to the mapping.
2024-08-14 11:50:46,050 - INFO - Transformed NaN to 0 for binary columns.
2024-08-14 11:50:46,050 - INFO - Transformed and renamed 'heroin_inject_days' column to 'rbsivheroin'.
2024-08-14 11:50:46,051 - INFO - Filled NaN with 0 for 'ftnd' column.
2024-08-14 11:50:46,122 - INFO - Dropped additional columns: ['rbs_iv_days', 'race', 'RBS_cocaine_Days', 'RBS_heroin_Days', 'RBS_opioid_Days', 'RBS_speed_Days', 'RBS_speedball_Days']
2024-08-14 11:50:46,136 - INFO - Converted UDS drug counts to binary.
2024-08-14 11:50:46,383 - INFO - ------------------------------
2024-08-14 11:50:46,389 - INFO - PRE-PROCESSING STAGE COMPLETED
2024-08-14 11:50:46,400 - INFO - ------------------------------
2024-08-14 11:50:46,409 - INFO - Merged dataset preprocessed successfully.
2024-08-14 11:50:46,410 - INFO - Creating demographic subsets from preprocessed data...
2024-08-14 11:51:01,387 - INFO - Created 11 subsets successfully.
2024-08-14 11:51:01,388 - INFO - Creating merged subsets from create_demographics_dfs function
2024-08-14 11:51:01,533 - INFO - Created 11 merged subsets successfully.
2024-08-14 11:51:01,534 - INFO - Subset 1 demographic makeup: 500 1, 242 3, 158 2, 100 4
2024-08-14 11:51:01,534 - INFO - Processing subset 1...
2024-08-14 11:51:01,534 - INFO - -----------------------------
2024-08-14 11:51:01,534 - INFO - TRAIN MODEL STAGE STARTING FOR SUBSET 1...
2024-08-14 11:51:01,536 - INFO - -----------------------------
2024-08-14 11:51:01,544 - INFO - Scaling features and applying LASSO for feature selection...
2024-08-14 11:51:02,124 - INFO - Selected features (including required): ['who', 'RaceEth', 'age', 'is_female', 'is_hispanic', 'unemployed', 'unstableliving', 'education', 'marital', 'UDS_Amphetamine_Count', 'UDS_Benzodiazepine_Count', 'UDS_Buprenorphine_Count', 'UDS_Cocaine_Count', 'UDS_Methadone_Count', 'UDS_Opioid_Count', 'UDS_Sedatives_Count', 'UDS_Thc_Count', 'pain', 'has_schizophrenia', 'has_major_dep', 'has_bipolar', 'has_anx_pan', 'has_brain_damage', 'has_epilepsy', 'has_alcol_dx', 'has_amphetamines_dx', 'has_cannabis_dx', 'has_cocaine_dx', 'has_sedatives_dx', 'ftnd', 'XTRT', 'shared', 'rbsivheroin', 'TLFB_Alcohol_Count', 'TLFB_Amphetamine_Count', 'TLFB_Benzodiazepine_Count', 'TLFB_Buprenorphine_Count', 'TLFB_Cocaine_Count', 'TLFB_Heroin_Count', 'TLFB_Methadone_Count', 'TLFB_Opioid_Count', 'TLFB_THC_Count', 'TLFB_Other', 'Homosexual_Behavior', 'Non_monogamous_Relationships']
2024-08-14 11:51:02,154 - INFO - Fitting logistic regression model with the selected features...
2024-08-14 11:51:05,947 - INFO - Model training completed successfully.
2024-08-14 11:51:05,947 - INFO - Calculating the dynamic threshold based on the proportion of positive outcomes...
2024-08-14 11:51:05,949 - INFO - Ratio of 1s to 0s in the outcome variable: 0.47 : 0.53
2024-08-14 11:51:05,949 - INFO - Dynamic threshold set to: 0.472
2024-08-14 11:51:05,949 - INFO - Model trained and saved successfully for subset 1.
2024-08-14 11:51:05,950 - INFO - ---------------------------
2024-08-14 11:51:05,964 - INFO - TRAIN MODEL STAGE COMPLETED FOR SUBSET 1
2024-08-14 11:51:05,966 - INFO - ---------------------------
2024-08-14 11:51:05,971 - INFO - --------------------------------
2024-08-14 11:51:05,972 - INFO - EVALUATE MODEL STAGE STARTING FOR SUBSET 1...
2024-08-14 11:51:05,973 - INFO - --------------------------------
2024-08-14 11:51:06,019 - INFO - ROC AUC Score: 0.5902028762198254
2024-08-14 11:51:06,023 - INFO - Confusion Matrix: 
[[82 50]
 [53 65]]
2024-08-14 11:51:06,027 - INFO - Precision: 0.5652173913043478
2024-08-14 11:51:06,029 - INFO - Recall: 0.5508474576271186
2024-08-14 11:51:06,030 - INFO - Model evaluated successfully for subset 1.
2024-08-14 11:51:06,030 - INFO - ------------------------------
2024-08-14 11:51:06,031 - INFO - EVALUATE MODEL STAGE COMPLETED FOR SUBSET 1
2024-08-14 11:51:06,031 - INFO - ------------------------------
2024-08-14 11:51:06,032 - INFO - Subset 2 demographic makeup: 550 1, 213 3, 147 2, 90 4
2024-08-14 11:51:06,033 - INFO - Processing subset 2...
2024-08-14 11:51:06,033 - INFO - -----------------------------
2024-08-14 11:51:06,034 - INFO - TRAIN MODEL STAGE STARTING FOR SUBSET 2...
2024-08-14 11:51:06,036 - INFO - -----------------------------
2024-08-14 11:51:06,049 - INFO - Scaling features and applying LASSO for feature selection...
2024-08-14 11:51:06,548 - INFO - Selected features (including required): ['who', 'RaceEth', 'age', 'is_female', 'is_hispanic', 'unemployed', 'unstableliving', 'education', 'marital', 'UDS_Amphetamine_Count', 'UDS_Benzodiazepine_Count', 'UDS_Buprenorphine_Count', 'UDS_Cocaine_Count', 'UDS_Methadone_Count', 'UDS_Opioid_Count', 'UDS_Sedatives_Count', 'UDS_Thc_Count', 'pain', 'has_schizophrenia', 'has_major_dep', 'has_bipolar', 'has_anx_pan', 'has_brain_damage', 'has_epilepsy', 'has_alcol_dx', 'has_amphetamines_dx', 'has_cannabis_dx', 'has_cocaine_dx', 'has_sedatives_dx', 'ftnd', 'XTRT', 'shared', 'rbsivheroin', 'TLFB_Alcohol_Count', 'TLFB_Amphetamine_Count', 'TLFB_Benzodiazepine_Count', 'TLFB_Buprenorphine_Count', 'TLFB_Cocaine_Count', 'TLFB_Heroin_Count', 'TLFB_Methadone_Count', 'TLFB_Opioid_Count', 'TLFB_THC_Count', 'TLFB_Other', 'Homosexual_Behavior', 'Non_monogamous_Relationships']
2024-08-14 11:51:06,554 - INFO - Fitting logistic regression model with the selected features...
2024-08-14 11:51:08,813 - INFO - Model training completed successfully.
2024-08-14 11:51:08,813 - INFO - Calculating the dynamic threshold based on the proportion of positive outcomes...
2024-08-14 11:51:08,814 - INFO - Ratio of 1s to 0s in the outcome variable: 0.44 : 0.56
2024-08-14 11:51:08,814 - INFO - Dynamic threshold set to: 0.436
2024-08-14 11:51:08,814 - INFO - Model trained and saved successfully for subset 2.
2024-08-14 11:51:08,814 - INFO - ---------------------------
2024-08-14 11:51:08,815 - INFO - TRAIN MODEL STAGE COMPLETED FOR SUBSET 2
2024-08-14 11:51:08,815 - INFO - ---------------------------
2024-08-14 11:51:08,815 - INFO - --------------------------------
2024-08-14 11:51:08,815 - INFO - EVALUATE MODEL STAGE STARTING FOR SUBSET 2...
2024-08-14 11:51:08,815 - INFO - --------------------------------
2024-08-14 11:51:08,858 - INFO - ROC AUC Score: 0.6504652222005336
2024-08-14 11:51:08,860 - INFO - Confusion Matrix: 
[[64 77]
 [31 78]]
2024-08-14 11:51:08,865 - INFO - Precision: 0.5032258064516129
2024-08-14 11:51:08,884 - INFO - Recall: 0.7155963302752294
2024-08-14 11:51:08,890 - INFO - Model evaluated successfully for subset 2.
2024-08-14 11:51:08,894 - INFO - ------------------------------
2024-08-14 11:51:08,895 - INFO - EVALUATE MODEL STAGE COMPLETED FOR SUBSET 2
2024-08-14 11:51:08,896 - INFO - ------------------------------
2024-08-14 11:51:08,916 - INFO - Subset 3 demographic makeup: 600 1, 188 3, 136 2, 76 4
2024-08-14 11:51:08,917 - INFO - Processing subset 3...
2024-08-14 11:51:08,921 - INFO - -----------------------------
2024-08-14 11:51:08,930 - INFO - TRAIN MODEL STAGE STARTING FOR SUBSET 3...
2024-08-14 11:51:08,932 - INFO - -----------------------------
2024-08-14 11:51:08,962 - INFO - Scaling features and applying LASSO for feature selection...
2024-08-14 11:51:09,385 - INFO - Selected features (including required): ['who', 'RaceEth', 'age', 'is_female', 'is_hispanic', 'unemployed', 'unstableliving', 'education', 'marital', 'UDS_Amphetamine_Count', 'UDS_Benzodiazepine_Count', 'UDS_Buprenorphine_Count', 'UDS_Cocaine_Count', 'UDS_Methadone_Count', 'UDS_Opioid_Count', 'UDS_Sedatives_Count', 'UDS_Thc_Count', 'pain', 'has_schizophrenia', 'has_major_dep', 'has_bipolar', 'has_anx_pan', 'has_brain_damage', 'has_epilepsy', 'has_alcol_dx', 'has_amphetamines_dx', 'has_cannabis_dx', 'has_cocaine_dx', 'has_sedatives_dx', 'ftnd', 'XTRT', 'shared', 'rbsivheroin', 'TLFB_Alcohol_Count', 'TLFB_Amphetamine_Count', 'TLFB_Benzodiazepine_Count', 'TLFB_Buprenorphine_Count', 'TLFB_Cocaine_Count', 'TLFB_Heroin_Count', 'TLFB_Methadone_Count', 'TLFB_Opioid_Count', 'TLFB_THC_Count', 'TLFB_Other', 'Homosexual_Behavior', 'Non_monogamous_Relationships']
2024-08-14 11:51:09,425 - INFO - Fitting logistic regression model with the selected features...
2024-08-14 11:51:10,317 - INFO - Model training completed successfully.
2024-08-14 11:51:10,317 - INFO - Calculating the dynamic threshold based on the proportion of positive outcomes...
2024-08-14 11:51:10,318 - INFO - Ratio of 1s to 0s in the outcome variable: 0.48 : 0.52
2024-08-14 11:51:10,318 - INFO - Dynamic threshold set to: 0.48
2024-08-14 11:51:10,319 - INFO - Model trained and saved successfully for subset 3.
2024-08-14 11:51:10,339 - INFO - ---------------------------
2024-08-14 11:51:10,341 - INFO - TRAIN MODEL STAGE COMPLETED FOR SUBSET 3
2024-08-14 11:51:10,342 - INFO - ---------------------------
2024-08-14 11:51:10,346 - INFO - --------------------------------
2024-08-14 11:51:10,353 - INFO - EVALUATE MODEL STAGE STARTING FOR SUBSET 3...
2024-08-14 11:51:10,354 - INFO - --------------------------------
2024-08-14 11:51:10,398 - INFO - ROC AUC Score: 0.5773717948717949
2024-08-14 11:51:10,399 - INFO - Confusion Matrix: 
[[75 55]
 [55 65]]
2024-08-14 11:51:10,400 - INFO - Precision: 0.5416666666666666
2024-08-14 11:51:10,400 - INFO - Recall: 0.5416666666666666
2024-08-14 11:51:10,409 - INFO - Model evaluated successfully for subset 3.
2024-08-14 11:51:10,411 - INFO - ------------------------------
2024-08-14 11:51:10,411 - INFO - EVALUATE MODEL STAGE COMPLETED FOR SUBSET 3
2024-08-14 11:51:10,412 - INFO - ------------------------------
2024-08-14 11:51:10,413 - INFO - Subset 4 demographic makeup: 650 1, 164 3, 120 2, 66 4
2024-08-14 11:51:10,413 - INFO - Processing subset 4...
2024-08-14 11:51:10,413 - INFO - -----------------------------
2024-08-14 11:51:10,414 - INFO - TRAIN MODEL STAGE STARTING FOR SUBSET 4...
2024-08-14 11:51:10,414 - INFO - -----------------------------
2024-08-14 11:51:10,436 - INFO - Scaling features and applying LASSO for feature selection...
2024-08-14 11:51:12,271 - INFO - Selected features (including required): ['who', 'RaceEth', 'age', 'is_female', 'is_hispanic', 'unemployed', 'unstableliving', 'education', 'marital', 'UDS_Amphetamine_Count', 'UDS_Benzodiazepine_Count', 'UDS_Buprenorphine_Count', 'UDS_Cocaine_Count', 'UDS_Methadone_Count', 'UDS_Opioid_Count', 'UDS_Sedatives_Count', 'UDS_Thc_Count', 'pain', 'has_schizophrenia', 'has_major_dep', 'has_bipolar', 'has_anx_pan', 'has_brain_damage', 'has_epilepsy', 'has_alcol_dx', 'has_amphetamines_dx', 'has_cannabis_dx', 'has_cocaine_dx', 'has_sedatives_dx', 'ftnd', 'XTRT', 'shared', 'rbsivheroin', 'TLFB_Alcohol_Count', 'TLFB_Amphetamine_Count', 'TLFB_Benzodiazepine_Count', 'TLFB_Buprenorphine_Count', 'TLFB_Cocaine_Count', 'TLFB_Heroin_Count', 'TLFB_Methadone_Count', 'TLFB_Opioid_Count', 'TLFB_THC_Count', 'TLFB_Other', 'Homosexual_Behavior', 'Non_monogamous_Relationships']
2024-08-14 11:51:12,276 - INFO - Fitting logistic regression model with the selected features...
2024-08-14 11:51:13,610 - INFO - Model training completed successfully.
2024-08-14 11:51:13,612 - INFO - Calculating the dynamic threshold based on the proportion of positive outcomes...
2024-08-14 11:51:13,620 - INFO - Ratio of 1s to 0s in the outcome variable: 0.50 : 0.50
2024-08-14 11:51:13,657 - INFO - Dynamic threshold set to: 0.5
2024-08-14 11:51:13,663 - INFO - Model trained and saved successfully for subset 4.
2024-08-14 11:51:13,682 - INFO - ---------------------------
2024-08-14 11:51:13,686 - INFO - TRAIN MODEL STAGE COMPLETED FOR SUBSET 4
2024-08-14 11:51:13,695 - INFO - ---------------------------
2024-08-14 11:51:13,696 - INFO - --------------------------------
2024-08-14 11:51:13,702 - INFO - EVALUATE MODEL STAGE STARTING FOR SUBSET 4...
2024-08-14 11:51:13,703 - INFO - --------------------------------
2024-08-14 11:51:13,767 - INFO - ROC AUC Score: 0.551744
2024-08-14 11:51:13,768 - INFO - Confusion Matrix: 
[[84 41]
 [78 47]]
2024-08-14 11:51:13,770 - INFO - Precision: 0.5340909090909091
2024-08-14 11:51:13,776 - INFO - Recall: 0.376
2024-08-14 11:51:13,777 - INFO - Model evaluated successfully for subset 4.
2024-08-14 11:51:13,778 - INFO - ------------------------------
2024-08-14 11:51:13,779 - INFO - EVALUATE MODEL STAGE COMPLETED FOR SUBSET 4
2024-08-14 11:51:13,786 - INFO - ------------------------------
2024-08-14 11:51:13,796 - INFO - Subset 5 demographic makeup: 700 1, 142 3, 104 2, 54 4
2024-08-14 11:51:13,798 - INFO - Processing subset 5...
2024-08-14 11:51:13,798 - INFO - -----------------------------
2024-08-14 11:51:13,799 - INFO - TRAIN MODEL STAGE STARTING FOR SUBSET 5...
2024-08-14 11:51:13,808 - INFO - -----------------------------
2024-08-14 11:51:13,843 - INFO - Scaling features and applying LASSO for feature selection...
2024-08-14 11:51:15,491 - INFO - Selected features (including required): ['who', 'RaceEth', 'age', 'is_female', 'is_hispanic', 'unemployed', 'unstableliving', 'education', 'marital', 'UDS_Amphetamine_Count', 'UDS_Benzodiazepine_Count', 'UDS_Buprenorphine_Count', 'UDS_Cocaine_Count', 'UDS_Methadone_Count', 'UDS_Opioid_Count', 'UDS_Sedatives_Count', 'UDS_Thc_Count', 'pain', 'has_schizophrenia', 'has_major_dep', 'has_bipolar', 'has_anx_pan', 'has_brain_damage', 'has_epilepsy', 'has_alcol_dx', 'has_amphetamines_dx', 'has_cannabis_dx', 'has_cocaine_dx', 'has_sedatives_dx', 'ftnd', 'XTRT', 'shared', 'rbsivheroin', 'TLFB_Alcohol_Count', 'TLFB_Amphetamine_Count', 'TLFB_Benzodiazepine_Count', 'TLFB_Buprenorphine_Count', 'TLFB_Cocaine_Count', 'TLFB_Heroin_Count', 'TLFB_Methadone_Count', 'TLFB_Opioid_Count', 'TLFB_THC_Count', 'TLFB_Other', 'Homosexual_Behavior', 'Non_monogamous_Relationships']
2024-08-14 11:51:15,502 - INFO - Fitting logistic regression model with the selected features...
2024-08-14 11:51:16,066 - INFO - Model training completed successfully.
2024-08-14 11:51:16,067 - INFO - Calculating the dynamic threshold based on the proportion of positive outcomes...
2024-08-14 11:51:16,067 - INFO - Ratio of 1s to 0s in the outcome variable: 0.45 : 0.55
2024-08-14 11:51:16,067 - INFO - Dynamic threshold set to: 0.452
2024-08-14 11:51:16,067 - INFO - Model trained and saved successfully for subset 5.
2024-08-14 11:51:16,068 - INFO - ---------------------------
2024-08-14 11:51:16,068 - INFO - TRAIN MODEL STAGE COMPLETED FOR SUBSET 5
2024-08-14 11:51:16,068 - INFO - ---------------------------
2024-08-14 11:51:16,068 - INFO - --------------------------------
2024-08-14 11:51:16,068 - INFO - EVALUATE MODEL STAGE STARTING FOR SUBSET 5...
2024-08-14 11:51:16,068 - INFO - --------------------------------
2024-08-14 11:51:16,085 - INFO - ROC AUC Score: 0.5230928234610167
2024-08-14 11:51:16,086 - INFO - Confusion Matrix: 
[[51 86]
 [43 70]]
2024-08-14 11:51:16,086 - INFO - Precision: 0.44871794871794873
2024-08-14 11:51:16,086 - INFO - Recall: 0.6194690265486725
2024-08-14 11:51:16,086 - INFO - Model evaluated successfully for subset 5.
2024-08-14 11:51:16,086 - INFO - ------------------------------
2024-08-14 11:51:16,086 - INFO - EVALUATE MODEL STAGE COMPLETED FOR SUBSET 5
2024-08-14 11:51:16,086 - INFO - ------------------------------
2024-08-14 11:51:16,088 - INFO - Subset 6 demographic makeup: 750 1, 114 3, 88 2, 48 4
2024-08-14 11:51:16,088 - INFO - Processing subset 6...
2024-08-14 11:51:16,088 - INFO - -----------------------------
2024-08-14 11:51:16,088 - INFO - TRAIN MODEL STAGE STARTING FOR SUBSET 6...
2024-08-14 11:51:16,088 - INFO - -----------------------------
2024-08-14 11:51:16,094 - INFO - Scaling features and applying LASSO for feature selection...
2024-08-14 11:51:17,181 - INFO - Selected features (including required): ['who', 'RaceEth', 'age', 'is_female', 'is_hispanic', 'unemployed', 'unstableliving', 'education', 'marital', 'UDS_Amphetamine_Count', 'UDS_Benzodiazepine_Count', 'UDS_Buprenorphine_Count', 'UDS_Cocaine_Count', 'UDS_Methadone_Count', 'UDS_Opioid_Count', 'UDS_Sedatives_Count', 'UDS_Thc_Count', 'pain', 'has_schizophrenia', 'has_major_dep', 'has_bipolar', 'has_anx_pan', 'has_brain_damage', 'has_epilepsy', 'has_alcol_dx', 'has_amphetamines_dx', 'has_cannabis_dx', 'has_cocaine_dx', 'has_sedatives_dx', 'ftnd', 'XTRT', 'shared', 'rbsivheroin', 'TLFB_Alcohol_Count', 'TLFB_Amphetamine_Count', 'TLFB_Benzodiazepine_Count', 'TLFB_Buprenorphine_Count', 'TLFB_Cocaine_Count', 'TLFB_Heroin_Count', 'TLFB_Methadone_Count', 'TLFB_Opioid_Count', 'TLFB_THC_Count', 'TLFB_Other', 'Homosexual_Behavior', 'Non_monogamous_Relationships']
2024-08-14 11:51:17,189 - INFO - Fitting logistic regression model with the selected features...
2024-08-14 11:51:17,799 - INFO - Model training completed successfully.
2024-08-14 11:51:17,799 - INFO - Calculating the dynamic threshold based on the proportion of positive outcomes...
2024-08-14 11:51:17,799 - INFO - Ratio of 1s to 0s in the outcome variable: 0.52 : 0.48
2024-08-14 11:51:17,799 - INFO - Dynamic threshold set to: 0.516
2024-08-14 11:51:17,799 - INFO - Model trained and saved successfully for subset 6.
2024-08-14 11:51:17,800 - INFO - ---------------------------
2024-08-14 11:51:17,800 - INFO - TRAIN MODEL STAGE COMPLETED FOR SUBSET 6
2024-08-14 11:51:17,800 - INFO - ---------------------------
2024-08-14 11:51:17,800 - INFO - --------------------------------
2024-08-14 11:51:17,800 - INFO - EVALUATE MODEL STAGE STARTING FOR SUBSET 6...
2024-08-14 11:51:17,800 - INFO - --------------------------------
2024-08-14 11:51:17,812 - INFO - ROC AUC Score: 0.5799859055673009
2024-08-14 11:51:17,813 - INFO - Confusion Matrix: 
[[85 36]
 [73 56]]
2024-08-14 11:51:17,813 - INFO - Precision: 0.6086956521739131
2024-08-14 11:51:17,813 - INFO - Recall: 0.43410852713178294
2024-08-14 11:51:17,814 - INFO - Model evaluated successfully for subset 6.
2024-08-14 11:51:17,815 - INFO - ------------------------------
2024-08-14 11:51:17,815 - INFO - EVALUATE MODEL STAGE COMPLETED FOR SUBSET 6
2024-08-14 11:51:17,815 - INFO - ------------------------------
2024-08-14 11:51:17,816 - INFO - Subset 7 demographic makeup: 800 1, 87 3, 71 2, 42 4
2024-08-14 11:51:17,817 - INFO - Processing subset 7...
2024-08-14 11:51:17,817 - INFO - -----------------------------
2024-08-14 11:51:17,817 - INFO - TRAIN MODEL STAGE STARTING FOR SUBSET 7...
2024-08-14 11:51:17,817 - INFO - -----------------------------
2024-08-14 11:51:17,825 - INFO - Scaling features and applying LASSO for feature selection...
2024-08-14 11:51:19,670 - INFO - Selected features (including required): ['who', 'RaceEth', 'age', 'is_female', 'is_hispanic', 'unemployed', 'unstableliving', 'education', 'marital', 'UDS_Amphetamine_Count', 'UDS_Benzodiazepine_Count', 'UDS_Buprenorphine_Count', 'UDS_Cocaine_Count', 'UDS_Methadone_Count', 'UDS_Opioid_Count', 'UDS_Sedatives_Count', 'UDS_Thc_Count', 'pain', 'has_schizophrenia', 'has_major_dep', 'has_bipolar', 'has_anx_pan', 'has_brain_damage', 'has_epilepsy', 'has_alcol_dx', 'has_amphetamines_dx', 'has_cannabis_dx', 'has_cocaine_dx', 'has_sedatives_dx', 'ftnd', 'XTRT', 'shared', 'rbsivheroin', 'TLFB_Alcohol_Count', 'TLFB_Amphetamine_Count', 'TLFB_Benzodiazepine_Count', 'TLFB_Buprenorphine_Count', 'TLFB_Cocaine_Count', 'TLFB_Heroin_Count', 'TLFB_Methadone_Count', 'TLFB_Opioid_Count', 'TLFB_THC_Count', 'TLFB_Other', 'Homosexual_Behavior', 'Non_monogamous_Relationships']
2024-08-14 11:51:19,677 - INFO - Fitting logistic regression model with the selected features...
2024-08-14 11:51:20,188 - INFO - Model training completed successfully.
2024-08-14 11:51:20,188 - INFO - Calculating the dynamic threshold based on the proportion of positive outcomes...
2024-08-14 11:51:20,188 - INFO - Ratio of 1s to 0s in the outcome variable: 0.50 : 0.50
2024-08-14 11:51:20,188 - INFO - Dynamic threshold set to: 0.496
2024-08-14 11:51:20,188 - INFO - Model trained and saved successfully for subset 7.
2024-08-14 11:51:20,188 - INFO - ---------------------------
2024-08-14 11:51:20,188 - INFO - TRAIN MODEL STAGE COMPLETED FOR SUBSET 7
2024-08-14 11:51:20,189 - INFO - ---------------------------
2024-08-14 11:51:20,189 - INFO - --------------------------------
2024-08-14 11:51:20,189 - INFO - EVALUATE MODEL STAGE STARTING FOR SUBSET 7...
2024-08-14 11:51:20,189 - INFO - --------------------------------
2024-08-14 11:51:20,205 - INFO - ROC AUC Score: 0.5873655913978495
2024-08-14 11:51:20,206 - INFO - Confusion Matrix: 
[[62 64]
 [46 78]]
2024-08-14 11:51:20,206 - INFO - Precision: 0.5492957746478874
2024-08-14 11:51:20,206 - INFO - Recall: 0.6290322580645161
2024-08-14 11:51:20,206 - INFO - Model evaluated successfully for subset 7.
2024-08-14 11:51:20,206 - INFO - ------------------------------
2024-08-14 11:51:20,206 - INFO - EVALUATE MODEL STAGE COMPLETED FOR SUBSET 7
2024-08-14 11:51:20,206 - INFO - ------------------------------
2024-08-14 11:51:20,207 - INFO - Subset 8 demographic makeup: 850 1, 66 3, 53 2, 31 4
2024-08-14 11:51:20,207 - INFO - Processing subset 8...
2024-08-14 11:51:20,207 - INFO - -----------------------------
2024-08-14 11:51:20,207 - INFO - TRAIN MODEL STAGE STARTING FOR SUBSET 8...
2024-08-14 11:51:20,207 - INFO - -----------------------------
2024-08-14 11:51:20,214 - INFO - Scaling features and applying LASSO for feature selection...
2024-08-14 11:51:25,807 - INFO - Selected features (including required): ['who', 'RaceEth', 'age', 'is_female', 'is_hispanic', 'unemployed', 'unstableliving', 'education', 'marital', 'UDS_Amphetamine_Count', 'UDS_Benzodiazepine_Count', 'UDS_Buprenorphine_Count', 'UDS_Cocaine_Count', 'UDS_Methadone_Count', 'UDS_Opioid_Count', 'UDS_Sedatives_Count', 'UDS_Thc_Count', 'pain', 'has_schizophrenia', 'has_major_dep', 'has_bipolar', 'has_anx_pan', 'has_brain_damage', 'has_epilepsy', 'has_alcol_dx', 'has_amphetamines_dx', 'has_cannabis_dx', 'has_cocaine_dx', 'has_sedatives_dx', 'ftnd', 'XTRT', 'shared', 'rbsivheroin', 'TLFB_Alcohol_Count', 'TLFB_Amphetamine_Count', 'TLFB_Benzodiazepine_Count', 'TLFB_Buprenorphine_Count', 'TLFB_Cocaine_Count', 'TLFB_Heroin_Count', 'TLFB_Methadone_Count', 'TLFB_Opioid_Count', 'TLFB_THC_Count', 'TLFB_Other', 'Homosexual_Behavior', 'Non_monogamous_Relationships']
2024-08-14 11:51:25,812 - INFO - Fitting logistic regression model with the selected features...
2024-08-14 11:51:26,294 - INFO - Model training completed successfully.
2024-08-14 11:51:26,294 - INFO - Calculating the dynamic threshold based on the proportion of positive outcomes...
2024-08-14 11:51:26,294 - INFO - Ratio of 1s to 0s in the outcome variable: 0.51 : 0.49
2024-08-14 11:51:26,295 - INFO - Dynamic threshold set to: 0.508
2024-08-14 11:51:26,295 - INFO - Model trained and saved successfully for subset 8.
2024-08-14 11:51:26,295 - INFO - ---------------------------
2024-08-14 11:51:26,295 - INFO - TRAIN MODEL STAGE COMPLETED FOR SUBSET 8
2024-08-14 11:51:26,295 - INFO - ---------------------------
2024-08-14 11:51:26,295 - INFO - --------------------------------
2024-08-14 11:51:26,295 - INFO - EVALUATE MODEL STAGE STARTING FOR SUBSET 8...
2024-08-14 11:51:26,295 - INFO - --------------------------------
2024-08-14 11:51:26,308 - INFO - ROC AUC Score: 0.6004097048844503
2024-08-14 11:51:26,309 - INFO - Confusion Matrix: 
[[70 53]
 [58 69]]
2024-08-14 11:51:26,309 - INFO - Precision: 0.5655737704918032
2024-08-14 11:51:26,309 - INFO - Recall: 0.5433070866141733
2024-08-14 11:51:26,309 - INFO - Model evaluated successfully for subset 8.
2024-08-14 11:51:26,309 - INFO - ------------------------------
2024-08-14 11:51:26,309 - INFO - EVALUATE MODEL STAGE COMPLETED FOR SUBSET 8
2024-08-14 11:51:26,309 - INFO - ------------------------------
2024-08-14 11:51:26,310 - INFO - Subset 9 demographic makeup: 900 1, 45 3, 34 2, 21 4
2024-08-14 11:51:26,310 - INFO - Processing subset 9...
2024-08-14 11:51:26,310 - INFO - -----------------------------
2024-08-14 11:51:26,310 - INFO - TRAIN MODEL STAGE STARTING FOR SUBSET 9...
2024-08-14 11:51:26,310 - INFO - -----------------------------
2024-08-14 11:51:26,318 - INFO - Scaling features and applying LASSO for feature selection...
2024-08-14 11:51:30,569 - INFO - Selected features (including required): ['who', 'RaceEth', 'age', 'is_female', 'is_hispanic', 'unemployed', 'unstableliving', 'education', 'marital', 'UDS_Amphetamine_Count', 'UDS_Benzodiazepine_Count', 'UDS_Buprenorphine_Count', 'UDS_Cocaine_Count', 'UDS_Methadone_Count', 'UDS_Opioid_Count', 'UDS_Sedatives_Count', 'UDS_Thc_Count', 'pain', 'has_schizophrenia', 'has_major_dep', 'has_bipolar', 'has_anx_pan', 'has_brain_damage', 'has_epilepsy', 'has_alcol_dx', 'has_amphetamines_dx', 'has_cannabis_dx', 'has_cocaine_dx', 'has_sedatives_dx', 'ftnd', 'XTRT', 'shared', 'rbsivheroin', 'TLFB_Alcohol_Count', 'TLFB_Amphetamine_Count', 'TLFB_Benzodiazepine_Count', 'TLFB_Buprenorphine_Count', 'TLFB_Cocaine_Count', 'TLFB_Heroin_Count', 'TLFB_Methadone_Count', 'TLFB_Opioid_Count', 'TLFB_THC_Count', 'TLFB_Other', 'Homosexual_Behavior', 'Non_monogamous_Relationships']
2024-08-14 11:51:30,597 - INFO - Fitting logistic regression model with the selected features...
2024-08-14 11:51:31,613 - INFO - Model training completed successfully.
2024-08-14 11:51:31,613 - INFO - Calculating the dynamic threshold based on the proportion of positive outcomes...
2024-08-14 11:51:31,614 - INFO - Ratio of 1s to 0s in the outcome variable: 0.48 : 0.52
2024-08-14 11:51:31,615 - INFO - Dynamic threshold set to: 0.476
2024-08-14 11:51:31,615 - INFO - Model trained and saved successfully for subset 9.
2024-08-14 11:51:31,620 - INFO - ---------------------------
2024-08-14 11:51:31,621 - INFO - TRAIN MODEL STAGE COMPLETED FOR SUBSET 9
2024-08-14 11:51:31,622 - INFO - ---------------------------
2024-08-14 11:51:31,623 - INFO - --------------------------------
2024-08-14 11:51:31,630 - INFO - EVALUATE MODEL STAGE STARTING FOR SUBSET 9...
2024-08-14 11:51:31,640 - INFO - --------------------------------
2024-08-14 11:51:31,711 - INFO - ROC AUC Score: 0.5882994419141703
2024-08-14 11:51:31,712 - INFO - Confusion Matrix: 
[[61 70]
 [36 83]]
2024-08-14 11:51:31,720 - INFO - Precision: 0.5424836601307189
2024-08-14 11:51:31,727 - INFO - Recall: 0.6974789915966386
2024-08-14 11:51:31,728 - INFO - Model evaluated successfully for subset 9.
2024-08-14 11:51:31,729 - INFO - ------------------------------
2024-08-14 11:51:31,729 - INFO - EVALUATE MODEL STAGE COMPLETED FOR SUBSET 9
2024-08-14 11:51:31,729 - INFO - ------------------------------
2024-08-14 11:51:31,730 - INFO - Subset 10 demographic makeup: 950 1, 24 3, 13 2, 13 4
2024-08-14 11:51:31,730 - INFO - Processing subset 10...
2024-08-14 11:51:31,731 - INFO - -----------------------------
2024-08-14 11:51:31,731 - INFO - TRAIN MODEL STAGE STARTING FOR SUBSET 10...
2024-08-14 11:51:31,732 - INFO - -----------------------------
2024-08-14 11:51:31,761 - INFO - Scaling features and applying LASSO for feature selection...
2024-08-14 11:51:36,720 - INFO - Selected features (including required): ['who', 'RaceEth', 'age', 'is_female', 'is_hispanic', 'unemployed', 'unstableliving', 'education', 'marital', 'UDS_Amphetamine_Count', 'UDS_Benzodiazepine_Count', 'UDS_Buprenorphine_Count', 'UDS_Cocaine_Count', 'UDS_Methadone_Count', 'UDS_Opioid_Count', 'UDS_Sedatives_Count', 'UDS_Thc_Count', 'pain', 'has_schizophrenia', 'has_major_dep', 'has_bipolar', 'has_anx_pan', 'has_brain_damage', 'has_epilepsy', 'has_alcol_dx', 'has_amphetamines_dx', 'has_cannabis_dx', 'has_cocaine_dx', 'has_sedatives_dx', 'ftnd', 'XTRT', 'shared', 'rbsivheroin', 'TLFB_Alcohol_Count', 'TLFB_Amphetamine_Count', 'TLFB_Benzodiazepine_Count', 'TLFB_Buprenorphine_Count', 'TLFB_Cocaine_Count', 'TLFB_Heroin_Count', 'TLFB_Methadone_Count', 'TLFB_Opioid_Count', 'TLFB_THC_Count', 'TLFB_Other', 'Homosexual_Behavior', 'Non_monogamous_Relationships']
2024-08-14 11:51:36,726 - INFO - Fitting logistic regression model with the selected features...
2024-08-14 11:51:37,130 - INFO - Model training completed successfully.
2024-08-14 11:51:37,132 - INFO - Calculating the dynamic threshold based on the proportion of positive outcomes...
2024-08-14 11:51:37,132 - INFO - Ratio of 1s to 0s in the outcome variable: 0.50 : 0.50
2024-08-14 11:51:37,132 - INFO - Dynamic threshold set to: 0.504
2024-08-14 11:51:37,132 - INFO - Model trained and saved successfully for subset 10.
2024-08-14 11:51:37,132 - INFO - ---------------------------
2024-08-14 11:51:37,132 - INFO - TRAIN MODEL STAGE COMPLETED FOR SUBSET 10
2024-08-14 11:51:37,132 - INFO - ---------------------------
2024-08-14 11:51:37,133 - INFO - --------------------------------
2024-08-14 11:51:37,133 - INFO - EVALUATE MODEL STAGE STARTING FOR SUBSET 10...
2024-08-14 11:51:37,133 - INFO - --------------------------------
2024-08-14 11:51:37,146 - INFO - ROC AUC Score: 0.5644521249359958
2024-08-14 11:51:37,148 - INFO - Confusion Matrix: 
[[71 53]
 [57 69]]
2024-08-14 11:51:37,148 - INFO - Precision: 0.5655737704918032
2024-08-14 11:51:37,149 - INFO - Recall: 0.5476190476190477
2024-08-14 11:51:37,149 - INFO - Model evaluated successfully for subset 10.
2024-08-14 11:51:37,149 - INFO - ------------------------------
2024-08-14 11:51:37,149 - INFO - EVALUATE MODEL STAGE COMPLETED FOR SUBSET 10
2024-08-14 11:51:37,149 - INFO - ------------------------------
2024-08-14 11:51:37,151 - INFO - Subset 11 demographic makeup: 1000 1
2024-08-14 11:51:37,152 - INFO - Processing subset 11...
2024-08-14 11:51:37,152 - INFO - -----------------------------
2024-08-14 11:51:37,152 - INFO - TRAIN MODEL STAGE STARTING FOR SUBSET 11...
2024-08-14 11:51:37,152 - INFO - -----------------------------
2024-08-14 11:51:37,161 - INFO - Scaling features and applying LASSO for feature selection...
2024-08-14 11:51:40,995 - INFO - Selected features (including required): ['who', 'age', 'is_female', 'unemployed', 'unstableliving', 'education', 'marital', 'UDS_Amphetamine_Count', 'UDS_Benzodiazepine_Count', 'UDS_Buprenorphine_Count', 'UDS_Cocaine_Count', 'UDS_Methadone_Count', 'UDS_Opioid_Count', 'UDS_Sedatives_Count', 'UDS_Thc_Count', 'pain', 'has_schizophrenia', 'has_major_dep', 'has_bipolar', 'has_anx_pan', 'has_brain_damage', 'has_epilepsy', 'has_alcol_dx', 'has_amphetamines_dx', 'has_cannabis_dx', 'has_cocaine_dx', 'has_sedatives_dx', 'ftnd', 'XTRT', 'shared', 'rbsivheroin', 'TLFB_Alcohol_Count', 'TLFB_Amphetamine_Count', 'TLFB_Benzodiazepine_Count', 'TLFB_Buprenorphine_Count', 'TLFB_Cocaine_Count', 'TLFB_Heroin_Count', 'TLFB_Methadone_Count', 'TLFB_Opioid_Count', 'TLFB_THC_Count', 'TLFB_Other', 'Homosexual_Behavior', 'Non_monogamous_Relationships']
2024-08-14 11:51:41,031 - INFO - Fitting logistic regression model with the selected features...
2024-08-14 11:51:41,506 - INFO - Model training completed successfully.
2024-08-14 11:51:41,507 - INFO - Calculating the dynamic threshold based on the proportion of positive outcomes...
2024-08-14 11:51:41,507 - INFO - Ratio of 1s to 0s in the outcome variable: 0.53 : 0.47
2024-08-14 11:51:41,507 - INFO - Dynamic threshold set to: 0.528
2024-08-14 11:51:41,507 - INFO - Model trained and saved successfully for subset 11.
2024-08-14 11:51:41,507 - INFO - ---------------------------
2024-08-14 11:51:41,507 - INFO - TRAIN MODEL STAGE COMPLETED FOR SUBSET 11
2024-08-14 11:51:41,508 - INFO - ---------------------------
2024-08-14 11:51:41,508 - INFO - --------------------------------
2024-08-14 11:51:41,508 - INFO - EVALUATE MODEL STAGE STARTING FOR SUBSET 11...
2024-08-14 11:51:41,508 - INFO - --------------------------------
2024-08-14 11:51:41,526 - INFO - ROC AUC Score: 0.5020544427324088
2024-08-14 11:51:41,526 - INFO - Confusion Matrix: 
[[78 40]
 [82 50]]
2024-08-14 11:51:41,526 - INFO - Precision: 0.5555555555555556
2024-08-14 11:51:41,527 - INFO - Recall: 0.3787878787878788
2024-08-14 11:51:41,527 - INFO - Model evaluated successfully for subset 11.
2024-08-14 11:51:41,527 - INFO - ------------------------------
2024-08-14 11:51:41,527 - INFO - EVALUATE MODEL STAGE COMPLETED FOR SUBSET 11
2024-08-14 11:51:41,527 - INFO - ------------------------------
2024-08-14 11:51:41,527 - INFO - ------------------
2024-08-14 11:51:41,527 - INFO - PIPELINE COMPLETED
2024-08-14 11:51:41,528 - INFO - ------------------
