2024-08-14 12:47:19,465 - INFO - Global Seed set to: 23
2024-08-14 12:47:19,465 - INFO - Outcome Name: Rd_kostenB_1993
2024-08-14 12:47:19,503 - INFO - Datasets loaded successfully.
2024-08-14 12:47:19,508 - INFO - Starting preprocessing of the merged dataset...
2024-08-14 12:47:19,508 - INFO - ---------------------------------
2024-08-14 12:47:19,508 - INFO - PRE-PROCESSING STAGE STARTING...
2024-08-14 12:47:19,508 - INFO - ---------------------------------
2024-08-14 12:47:19,603 - INFO - Dropped initial columns: ['pain_when', 'is_smoker', 'per_day', 'max', 'amount', 'depression', 'anxiety', 'schizophrenia', 'max', 'amount', 'cocaine_inject_days', 'speedball_inject_days', 'opioid_inject_days', 'speed_inject_days', 'UDS_Alcohol_Count', 'UDS_Mdma/Hallucinogen_Count']
2024-08-14 12:47:19,653 - INFO - Converted Yes/No to binary.
2024-08-14 12:47:19,665 - INFO - Processed TLFB columns with specified columns: ['TLFB_Alcohol_Count', 'TLFB_Amphetamine_Count', 'TLFB_Cocaine_Count', 'TLFB_Heroin_Count', 'TLFB_Benzodiazepine_Count', 'TLFB_Opioid_Count', 'TLFB_THC_Count', 'TLFB_Methadone_Count', 'TLFB_Buprenorphine_Count']
2024-08-14 12:47:19,668 - INFO - Calculated behavioral columns.
2024-08-14 12:47:19,675 - INFO - Moved 'Rd_kostenB_1993' column to the end.
2024-08-14 12:47:19,759 - INFO - Dropped initial columns: ['msm_npt', 'msm_frq', 'txx_prt']
2024-08-14 12:47:19,774 - INFO - transform_data_with_nan_handling success
2024-08-14 12:47:19,775 - INFO - Renamed columns according to the mapping.
2024-08-14 12:47:19,801 - INFO - Transformed NaN to 0 for binary columns.
2024-08-14 12:47:19,802 - INFO - Transformed and renamed 'heroin_inject_days' column to 'rbsivheroin'.
2024-08-14 12:47:19,803 - INFO - Filled NaN with 0 for 'ftnd' column.
2024-08-14 12:47:19,883 - INFO - Dropped additional columns: ['rbs_iv_days', 'race', 'RBS_cocaine_Days', 'RBS_heroin_Days', 'RBS_opioid_Days', 'RBS_speed_Days', 'RBS_speedball_Days']
2024-08-14 12:47:19,915 - INFO - Converted UDS drug counts to binary.
2024-08-14 12:47:19,980 - INFO - ------------------------------
2024-08-14 12:47:19,981 - INFO - PRE-PROCESSING STAGE COMPLETED
2024-08-14 12:47:19,981 - INFO - ------------------------------
2024-08-14 12:47:19,981 - INFO - Merged dataset preprocessed successfully.
2024-08-14 12:47:19,981 - INFO - Creating demographic subsets from preprocessed data...
2024-08-14 12:47:27,623 - INFO - Created 11 subsets successfully.
2024-08-14 12:47:27,623 - INFO - Creating merged subsets from create_demographics_dfs function
2024-08-14 12:47:27,711 - INFO - Created 11 merged subsets successfully.
2024-08-14 12:47:27,711 - INFO - Subset 1 demographic makeup: 500 1, 249 3, 153 2, 98 4
2024-08-14 12:47:27,712 - INFO - Processing subset 1...
2024-08-14 12:47:27,712 - INFO - -----------------------------
2024-08-14 12:47:27,712 - INFO - TRAIN MODEL STAGE STARTING FOR SUBSET 1...
2024-08-14 12:47:27,712 - INFO - -----------------------------
2024-08-14 12:47:27,717 - INFO - Scaling features and applying LASSO for feature selection...
2024-08-14 12:47:27,911 - INFO - Selected features (including required): ['who', 'RaceEth', 'age', 'is_female', 'is_hispanic', 'unemployed', 'unstableliving', 'education', 'marital', 'UDS_Amphetamine_Count', 'UDS_Benzodiazepine_Count', 'UDS_Buprenorphine_Count', 'UDS_Cocaine_Count', 'UDS_Methadone_Count', 'UDS_Opioid_Count', 'UDS_Sedatives_Count', 'UDS_Thc_Count', 'pain', 'has_schizophrenia', 'has_major_dep', 'has_bipolar', 'has_anx_pan', 'has_brain_damage', 'has_epilepsy', 'has_alcol_dx', 'has_amphetamines_dx', 'has_cannabis_dx', 'has_cocaine_dx', 'has_sedatives_dx', 'ftnd', 'XTRT', 'shared', 'rbsivheroin', 'TLFB_Alcohol_Count', 'TLFB_Amphetamine_Count', 'TLFB_Benzodiazepine_Count', 'TLFB_Buprenorphine_Count', 'TLFB_Cocaine_Count', 'TLFB_Heroin_Count', 'TLFB_Methadone_Count', 'TLFB_Opioid_Count', 'TLFB_THC_Count', 'TLFB_Other', 'Homosexual_Behavior', 'Non_monogamous_Relationships']
2024-08-14 12:47:27,916 - INFO - Fitting logistic regression model with the selected features...
2024-08-14 12:47:28,401 - INFO - Model training completed successfully.
2024-08-14 12:47:28,401 - INFO - Calculating the dynamic threshold based on the proportion of positive outcomes...
2024-08-14 12:47:28,401 - INFO - Ratio of 1s to 0s in the outcome variable: 0.49 : 0.51
2024-08-14 12:47:28,401 - INFO - Dynamic threshold set to: 0.488
2024-08-14 12:47:28,401 - INFO - Model trained and saved successfully for subset 1.
2024-08-14 12:47:28,401 - INFO - ---------------------------
2024-08-14 12:47:28,402 - INFO - TRAIN MODEL STAGE COMPLETED FOR SUBSET 1
2024-08-14 12:47:28,402 - INFO - ---------------------------
2024-08-14 12:47:28,402 - INFO - --------------------------------
2024-08-14 12:47:28,402 - INFO - EVALUATE MODEL STAGE STARTING FOR SUBSET 1...
2024-08-14 12:47:28,402 - INFO - --------------------------------
2024-08-14 12:47:28,426 - INFO - ROC AUC Score: 0.6296746926229507
2024-08-14 12:47:28,427 - INFO - Confusion Matrix: 
[[75 53]
 [49 73]]
2024-08-14 12:47:28,428 - INFO - Precision: 0.5793650793650794
2024-08-14 12:47:28,428 - INFO - Recall: 0.5983606557377049
2024-08-14 12:47:28,428 - INFO - Model evaluated successfully for subset 1.
2024-08-14 12:47:28,429 - INFO - ------------------------------
2024-08-14 12:47:28,429 - INFO - EVALUATE MODEL STAGE COMPLETED FOR SUBSET 1
2024-08-14 12:47:28,430 - INFO - ------------------------------
2024-08-14 12:47:28,431 - INFO - Subset 2 demographic makeup: 550 1, 226 3, 133 2, 91 4
2024-08-14 12:47:28,432 - INFO - Processing subset 2...
2024-08-14 12:47:28,436 - INFO - -----------------------------
2024-08-14 12:47:28,438 - INFO - TRAIN MODEL STAGE STARTING FOR SUBSET 2...
2024-08-14 12:47:28,438 - INFO - -----------------------------
2024-08-14 12:47:28,447 - INFO - Scaling features and applying LASSO for feature selection...
2024-08-14 12:47:28,639 - INFO - Selected features (including required): ['who', 'RaceEth', 'age', 'is_female', 'is_hispanic', 'unemployed', 'unstableliving', 'education', 'marital', 'UDS_Amphetamine_Count', 'UDS_Benzodiazepine_Count', 'UDS_Buprenorphine_Count', 'UDS_Cocaine_Count', 'UDS_Methadone_Count', 'UDS_Opioid_Count', 'UDS_Sedatives_Count', 'UDS_Thc_Count', 'pain', 'has_schizophrenia', 'has_major_dep', 'has_bipolar', 'has_anx_pan', 'has_brain_damage', 'has_epilepsy', 'has_alcol_dx', 'has_amphetamines_dx', 'has_cannabis_dx', 'has_cocaine_dx', 'has_sedatives_dx', 'ftnd', 'XTRT', 'shared', 'rbsivheroin', 'TLFB_Alcohol_Count', 'TLFB_Amphetamine_Count', 'TLFB_Benzodiazepine_Count', 'TLFB_Buprenorphine_Count', 'TLFB_Cocaine_Count', 'TLFB_Heroin_Count', 'TLFB_Methadone_Count', 'TLFB_Opioid_Count', 'TLFB_THC_Count', 'TLFB_Other', 'Homosexual_Behavior', 'Non_monogamous_Relationships']
2024-08-14 12:47:28,645 - INFO - Fitting logistic regression model with the selected features...
2024-08-14 12:47:29,083 - INFO - Model training completed successfully.
2024-08-14 12:47:29,083 - INFO - Calculating the dynamic threshold based on the proportion of positive outcomes...
2024-08-14 12:47:29,083 - INFO - Ratio of 1s to 0s in the outcome variable: 0.53 : 0.47
2024-08-14 12:47:29,083 - INFO - Dynamic threshold set to: 0.528
2024-08-14 12:47:29,084 - INFO - Model trained and saved successfully for subset 2.
2024-08-14 12:47:29,084 - INFO - ---------------------------
2024-08-14 12:47:29,084 - INFO - TRAIN MODEL STAGE COMPLETED FOR SUBSET 2
2024-08-14 12:47:29,084 - INFO - ---------------------------
2024-08-14 12:47:29,084 - INFO - --------------------------------
2024-08-14 12:47:29,084 - INFO - EVALUATE MODEL STAGE STARTING FOR SUBSET 2...
2024-08-14 12:47:29,084 - INFO - --------------------------------
2024-08-14 12:47:29,097 - INFO - ROC AUC Score: 0.6363636363636364
2024-08-14 12:47:29,098 - INFO - Confusion Matrix: 
[[88 30]
 [64 68]]
2024-08-14 12:47:29,098 - INFO - Precision: 0.6938775510204082
2024-08-14 12:47:29,098 - INFO - Recall: 0.5151515151515151
2024-08-14 12:47:29,098 - INFO - Model evaluated successfully for subset 2.
2024-08-14 12:47:29,098 - INFO - ------------------------------
2024-08-14 12:47:29,098 - INFO - EVALUATE MODEL STAGE COMPLETED FOR SUBSET 2
2024-08-14 12:47:29,098 - INFO - ------------------------------
2024-08-14 12:47:29,099 - INFO - Subset 3 demographic makeup: 600 1, 201 3, 121 2, 78 4
2024-08-14 12:47:29,099 - INFO - Processing subset 3...
2024-08-14 12:47:29,099 - INFO - -----------------------------
2024-08-14 12:47:29,099 - INFO - TRAIN MODEL STAGE STARTING FOR SUBSET 3...
2024-08-14 12:47:29,099 - INFO - -----------------------------
2024-08-14 12:47:29,108 - INFO - Scaling features and applying LASSO for feature selection...
2024-08-14 12:47:29,312 - INFO - Selected features (including required): ['who', 'RaceEth', 'age', 'is_female', 'is_hispanic', 'unemployed', 'unstableliving', 'education', 'marital', 'UDS_Amphetamine_Count', 'UDS_Benzodiazepine_Count', 'UDS_Buprenorphine_Count', 'UDS_Cocaine_Count', 'UDS_Methadone_Count', 'UDS_Opioid_Count', 'UDS_Sedatives_Count', 'UDS_Thc_Count', 'pain', 'has_schizophrenia', 'has_major_dep', 'has_bipolar', 'has_anx_pan', 'has_brain_damage', 'has_epilepsy', 'has_alcol_dx', 'has_amphetamines_dx', 'has_cannabis_dx', 'has_cocaine_dx', 'has_sedatives_dx', 'ftnd', 'XTRT', 'shared', 'rbsivheroin', 'TLFB_Alcohol_Count', 'TLFB_Amphetamine_Count', 'TLFB_Benzodiazepine_Count', 'TLFB_Buprenorphine_Count', 'TLFB_Cocaine_Count', 'TLFB_Heroin_Count', 'TLFB_Methadone_Count', 'TLFB_Opioid_Count', 'TLFB_THC_Count', 'TLFB_Other', 'Homosexual_Behavior', 'Non_monogamous_Relationships']
2024-08-14 12:47:29,317 - INFO - Fitting logistic regression model with the selected features...
2024-08-14 12:47:29,842 - INFO - Model training completed successfully.
2024-08-14 12:47:29,842 - INFO - Calculating the dynamic threshold based on the proportion of positive outcomes...
2024-08-14 12:47:29,842 - INFO - Ratio of 1s to 0s in the outcome variable: 0.56 : 0.44
2024-08-14 12:47:29,843 - INFO - Dynamic threshold set to: 0.56
2024-08-14 12:47:29,843 - INFO - Model trained and saved successfully for subset 3.
2024-08-14 12:47:29,843 - INFO - ---------------------------
2024-08-14 12:47:29,843 - INFO - TRAIN MODEL STAGE COMPLETED FOR SUBSET 3
2024-08-14 12:47:29,843 - INFO - ---------------------------
2024-08-14 12:47:29,843 - INFO - --------------------------------
2024-08-14 12:47:29,843 - INFO - EVALUATE MODEL STAGE STARTING FOR SUBSET 3...
2024-08-14 12:47:29,843 - INFO - --------------------------------
2024-08-14 12:47:29,858 - INFO - ROC AUC Score: 0.6501948051948051
2024-08-14 12:47:29,859 - INFO - Confusion Matrix: 
[[77 33]
 [61 79]]
2024-08-14 12:47:29,859 - INFO - Precision: 0.7053571428571429
2024-08-14 12:47:29,859 - INFO - Recall: 0.5642857142857143
2024-08-14 12:47:29,859 - INFO - Model evaluated successfully for subset 3.
2024-08-14 12:47:29,859 - INFO - ------------------------------
2024-08-14 12:47:29,859 - INFO - EVALUATE MODEL STAGE COMPLETED FOR SUBSET 3
2024-08-14 12:47:29,859 - INFO - ------------------------------
2024-08-14 12:47:29,860 - INFO - Subset 4 demographic makeup: 650 1, 174 3, 106 2, 70 4
2024-08-14 12:47:29,860 - INFO - Processing subset 4...
2024-08-14 12:47:29,860 - INFO - -----------------------------
2024-08-14 12:47:29,860 - INFO - TRAIN MODEL STAGE STARTING FOR SUBSET 4...
2024-08-14 12:47:29,860 - INFO - -----------------------------
2024-08-14 12:47:29,868 - INFO - Scaling features and applying LASSO for feature selection...
2024-08-14 12:47:30,052 - INFO - Selected features (including required): ['who', 'RaceEth', 'age', 'is_female', 'is_hispanic', 'unemployed', 'unstableliving', 'education', 'marital', 'UDS_Amphetamine_Count', 'UDS_Benzodiazepine_Count', 'UDS_Buprenorphine_Count', 'UDS_Cocaine_Count', 'UDS_Methadone_Count', 'UDS_Opioid_Count', 'UDS_Sedatives_Count', 'UDS_Thc_Count', 'pain', 'has_schizophrenia', 'has_major_dep', 'has_bipolar', 'has_anx_pan', 'has_brain_damage', 'has_epilepsy', 'has_alcol_dx', 'has_amphetamines_dx', 'has_cannabis_dx', 'has_cocaine_dx', 'has_sedatives_dx', 'ftnd', 'XTRT', 'shared', 'rbsivheroin', 'TLFB_Alcohol_Count', 'TLFB_Amphetamine_Count', 'TLFB_Benzodiazepine_Count', 'TLFB_Buprenorphine_Count', 'TLFB_Cocaine_Count', 'TLFB_Heroin_Count', 'TLFB_Methadone_Count', 'TLFB_Opioid_Count', 'TLFB_THC_Count', 'TLFB_Other', 'Homosexual_Behavior', 'Non_monogamous_Relationships']
2024-08-14 12:47:30,058 - INFO - Fitting logistic regression model with the selected features...
2024-08-14 12:47:30,872 - INFO - Model training completed successfully.
2024-08-14 12:47:30,872 - INFO - Calculating the dynamic threshold based on the proportion of positive outcomes...
2024-08-14 12:47:30,873 - INFO - Ratio of 1s to 0s in the outcome variable: 0.47 : 0.53
2024-08-14 12:47:30,873 - INFO - Dynamic threshold set to: 0.472
2024-08-14 12:47:30,873 - INFO - Model trained and saved successfully for subset 4.
2024-08-14 12:47:30,873 - INFO - ---------------------------
2024-08-14 12:47:30,873 - INFO - TRAIN MODEL STAGE COMPLETED FOR SUBSET 4
2024-08-14 12:47:30,873 - INFO - ---------------------------
2024-08-14 12:47:30,873 - INFO - --------------------------------
2024-08-14 12:47:30,873 - INFO - EVALUATE MODEL STAGE STARTING FOR SUBSET 4...
2024-08-14 12:47:30,873 - INFO - --------------------------------
2024-08-14 12:47:30,892 - INFO - ROC AUC Score: 0.6142783769902413
2024-08-14 12:47:30,892 - INFO - Confusion Matrix: 
[[65 67]
 [38 80]]
2024-08-14 12:47:30,892 - INFO - Precision: 0.54421768707483
2024-08-14 12:47:30,892 - INFO - Recall: 0.6779661016949152
2024-08-14 12:47:30,892 - INFO - Model evaluated successfully for subset 4.
2024-08-14 12:47:30,892 - INFO - ------------------------------
2024-08-14 12:47:30,892 - INFO - EVALUATE MODEL STAGE COMPLETED FOR SUBSET 4
2024-08-14 12:47:30,892 - INFO - ------------------------------
2024-08-14 12:47:30,894 - INFO - Subset 5 demographic makeup: 700 1, 152 3, 91 2, 57 4
2024-08-14 12:47:30,894 - INFO - Processing subset 5...
2024-08-14 12:47:30,894 - INFO - -----------------------------
2024-08-14 12:47:30,894 - INFO - TRAIN MODEL STAGE STARTING FOR SUBSET 5...
2024-08-14 12:47:30,894 - INFO - -----------------------------
2024-08-14 12:47:30,903 - INFO - Scaling features and applying LASSO for feature selection...
2024-08-14 12:47:31,136 - INFO - Selected features (including required): ['who', 'RaceEth', 'age', 'is_female', 'is_hispanic', 'unemployed', 'unstableliving', 'education', 'marital', 'UDS_Amphetamine_Count', 'UDS_Benzodiazepine_Count', 'UDS_Buprenorphine_Count', 'UDS_Cocaine_Count', 'UDS_Methadone_Count', 'UDS_Opioid_Count', 'UDS_Sedatives_Count', 'UDS_Thc_Count', 'pain', 'has_schizophrenia', 'has_major_dep', 'has_bipolar', 'has_anx_pan', 'has_brain_damage', 'has_epilepsy', 'has_alcol_dx', 'has_amphetamines_dx', 'has_cannabis_dx', 'has_cocaine_dx', 'has_sedatives_dx', 'ftnd', 'XTRT', 'shared', 'rbsivheroin', 'TLFB_Alcohol_Count', 'TLFB_Amphetamine_Count', 'TLFB_Benzodiazepine_Count', 'TLFB_Buprenorphine_Count', 'TLFB_Cocaine_Count', 'TLFB_Heroin_Count', 'TLFB_Methadone_Count', 'TLFB_Opioid_Count', 'TLFB_THC_Count', 'TLFB_Other', 'Homosexual_Behavior', 'Non_monogamous_Relationships']
2024-08-14 12:47:31,141 - INFO - Fitting logistic regression model with the selected features...
2024-08-14 12:47:31,783 - INFO - Model training completed successfully.
2024-08-14 12:47:31,783 - INFO - Calculating the dynamic threshold based on the proportion of positive outcomes...
2024-08-14 12:47:31,783 - INFO - Ratio of 1s to 0s in the outcome variable: 0.50 : 0.50
2024-08-14 12:47:31,783 - INFO - Dynamic threshold set to: 0.5
2024-08-14 12:47:31,783 - INFO - Model trained and saved successfully for subset 5.
2024-08-14 12:47:31,783 - INFO - ---------------------------
2024-08-14 12:47:31,784 - INFO - TRAIN MODEL STAGE COMPLETED FOR SUBSET 5
2024-08-14 12:47:31,784 - INFO - ---------------------------
2024-08-14 12:47:31,784 - INFO - --------------------------------
2024-08-14 12:47:31,784 - INFO - EVALUATE MODEL STAGE STARTING FOR SUBSET 5...
2024-08-14 12:47:31,784 - INFO - --------------------------------
2024-08-14 12:47:31,800 - INFO - ROC AUC Score: 0.6723199999999999
2024-08-14 12:47:31,800 - INFO - Confusion Matrix: 
[[70 55]
 [39 86]]
2024-08-14 12:47:31,800 - INFO - Precision: 0.6099290780141844
2024-08-14 12:47:31,800 - INFO - Recall: 0.688
2024-08-14 12:47:31,801 - INFO - Model evaluated successfully for subset 5.
2024-08-14 12:47:31,801 - INFO - ------------------------------
2024-08-14 12:47:31,801 - INFO - EVALUATE MODEL STAGE COMPLETED FOR SUBSET 5
2024-08-14 12:47:31,801 - INFO - ------------------------------
2024-08-14 12:47:31,802 - INFO - Subset 6 demographic makeup: 750 1, 131 3, 72 2, 47 4
2024-08-14 12:47:31,802 - INFO - Processing subset 6...
2024-08-14 12:47:31,802 - INFO - -----------------------------
2024-08-14 12:47:31,802 - INFO - TRAIN MODEL STAGE STARTING FOR SUBSET 6...
2024-08-14 12:47:31,802 - INFO - -----------------------------
2024-08-14 12:47:31,808 - INFO - Scaling features and applying LASSO for feature selection...
2024-08-14 12:47:32,055 - INFO - Selected features (including required): ['who', 'RaceEth', 'age', 'is_female', 'is_hispanic', 'unemployed', 'unstableliving', 'education', 'marital', 'UDS_Amphetamine_Count', 'UDS_Benzodiazepine_Count', 'UDS_Buprenorphine_Count', 'UDS_Cocaine_Count', 'UDS_Methadone_Count', 'UDS_Opioid_Count', 'UDS_Sedatives_Count', 'UDS_Thc_Count', 'pain', 'has_schizophrenia', 'has_major_dep', 'has_bipolar', 'has_anx_pan', 'has_brain_damage', 'has_epilepsy', 'has_alcol_dx', 'has_amphetamines_dx', 'has_cannabis_dx', 'has_cocaine_dx', 'has_sedatives_dx', 'ftnd', 'XTRT', 'shared', 'rbsivheroin', 'TLFB_Alcohol_Count', 'TLFB_Amphetamine_Count', 'TLFB_Benzodiazepine_Count', 'TLFB_Buprenorphine_Count', 'TLFB_Cocaine_Count', 'TLFB_Heroin_Count', 'TLFB_Methadone_Count', 'TLFB_Opioid_Count', 'TLFB_THC_Count', 'TLFB_Other', 'Homosexual_Behavior', 'Non_monogamous_Relationships']
2024-08-14 12:47:32,060 - INFO - Fitting logistic regression model with the selected features...
2024-08-14 12:47:32,741 - INFO - Model training completed successfully.
2024-08-14 12:47:32,742 - INFO - Calculating the dynamic threshold based on the proportion of positive outcomes...
2024-08-14 12:47:32,743 - INFO - Ratio of 1s to 0s in the outcome variable: 0.51 : 0.49
2024-08-14 12:47:32,743 - INFO - Dynamic threshold set to: 0.512
2024-08-14 12:47:32,743 - INFO - Model trained and saved successfully for subset 6.
2024-08-14 12:47:32,744 - INFO - ---------------------------
2024-08-14 12:47:32,746 - INFO - TRAIN MODEL STAGE COMPLETED FOR SUBSET 6
2024-08-14 12:47:32,747 - INFO - ---------------------------
2024-08-14 12:47:32,748 - INFO - --------------------------------
2024-08-14 12:47:32,748 - INFO - EVALUATE MODEL STAGE STARTING FOR SUBSET 6...
2024-08-14 12:47:32,748 - INFO - --------------------------------
2024-08-14 12:47:32,774 - INFO - ROC AUC Score: 0.6451716188524591
2024-08-14 12:47:32,776 - INFO - Confusion Matrix: 
[[53 69]
 [38 90]]
2024-08-14 12:47:32,778 - INFO - Precision: 0.5660377358490566
2024-08-14 12:47:32,779 - INFO - Recall: 0.703125
2024-08-14 12:47:32,779 - INFO - Model evaluated successfully for subset 6.
2024-08-14 12:47:32,780 - INFO - ------------------------------
2024-08-14 12:47:32,780 - INFO - EVALUATE MODEL STAGE COMPLETED FOR SUBSET 6
2024-08-14 12:47:32,780 - INFO - ------------------------------
2024-08-14 12:47:32,781 - INFO - Subset 7 demographic makeup: 800 1, 105 3, 56 2, 39 4
2024-08-14 12:47:32,781 - INFO - Processing subset 7...
2024-08-14 12:47:32,782 - INFO - -----------------------------
2024-08-14 12:47:32,782 - INFO - TRAIN MODEL STAGE STARTING FOR SUBSET 7...
2024-08-14 12:47:32,783 - INFO - -----------------------------
2024-08-14 12:47:32,795 - INFO - Scaling features and applying LASSO for feature selection...
2024-08-14 12:47:34,325 - INFO - Selected features (including required): ['who', 'RaceEth', 'age', 'is_female', 'is_hispanic', 'unemployed', 'unstableliving', 'education', 'marital', 'UDS_Amphetamine_Count', 'UDS_Benzodiazepine_Count', 'UDS_Buprenorphine_Count', 'UDS_Cocaine_Count', 'UDS_Methadone_Count', 'UDS_Opioid_Count', 'UDS_Sedatives_Count', 'UDS_Thc_Count', 'pain', 'has_schizophrenia', 'has_major_dep', 'has_bipolar', 'has_anx_pan', 'has_brain_damage', 'has_epilepsy', 'has_alcol_dx', 'has_amphetamines_dx', 'has_cannabis_dx', 'has_cocaine_dx', 'has_sedatives_dx', 'ftnd', 'XTRT', 'shared', 'rbsivheroin', 'TLFB_Alcohol_Count', 'TLFB_Amphetamine_Count', 'TLFB_Benzodiazepine_Count', 'TLFB_Buprenorphine_Count', 'TLFB_Cocaine_Count', 'TLFB_Heroin_Count', 'TLFB_Methadone_Count', 'TLFB_Opioid_Count', 'TLFB_THC_Count', 'TLFB_Other', 'Homosexual_Behavior', 'Non_monogamous_Relationships']
2024-08-14 12:47:34,331 - INFO - Fitting logistic regression model with the selected features...
2024-08-14 12:47:34,909 - INFO - Model training completed successfully.
2024-08-14 12:47:34,909 - INFO - Calculating the dynamic threshold based on the proportion of positive outcomes...
2024-08-14 12:47:34,909 - INFO - Ratio of 1s to 0s in the outcome variable: 0.58 : 0.42
2024-08-14 12:47:34,909 - INFO - Dynamic threshold set to: 0.576
2024-08-14 12:47:34,909 - INFO - Model trained and saved successfully for subset 7.
2024-08-14 12:47:34,909 - INFO - ---------------------------
2024-08-14 12:47:34,909 - INFO - TRAIN MODEL STAGE COMPLETED FOR SUBSET 7
2024-08-14 12:47:34,910 - INFO - ---------------------------
2024-08-14 12:47:34,910 - INFO - --------------------------------
2024-08-14 12:47:34,910 - INFO - EVALUATE MODEL STAGE STARTING FOR SUBSET 7...
2024-08-14 12:47:34,910 - INFO - --------------------------------
2024-08-14 12:47:34,923 - INFO - ROC AUC Score: 0.6243448637316562
2024-08-14 12:47:34,923 - INFO - Confusion Matrix: 
[[73 33]
 [69 75]]
2024-08-14 12:47:34,923 - INFO - Precision: 0.6944444444444444
2024-08-14 12:47:34,923 - INFO - Recall: 0.5208333333333334
2024-08-14 12:47:34,924 - INFO - Model evaluated successfully for subset 7.
2024-08-14 12:47:34,924 - INFO - ------------------------------
2024-08-14 12:47:34,924 - INFO - EVALUATE MODEL STAGE COMPLETED FOR SUBSET 7
2024-08-14 12:47:34,924 - INFO - ------------------------------
2024-08-14 12:47:34,925 - INFO - Subset 8 demographic makeup: 850 1, 80 3, 40 2, 30 4
2024-08-14 12:47:34,925 - INFO - Processing subset 8...
2024-08-14 12:47:34,925 - INFO - -----------------------------
2024-08-14 12:47:34,927 - INFO - TRAIN MODEL STAGE STARTING FOR SUBSET 8...
2024-08-14 12:47:34,927 - INFO - -----------------------------
2024-08-14 12:47:34,936 - INFO - Scaling features and applying LASSO for feature selection...
2024-08-14 12:47:35,181 - INFO - Selected features (including required): ['who', 'RaceEth', 'age', 'is_female', 'is_hispanic', 'unemployed', 'unstableliving', 'education', 'marital', 'UDS_Amphetamine_Count', 'UDS_Benzodiazepine_Count', 'UDS_Buprenorphine_Count', 'UDS_Cocaine_Count', 'UDS_Methadone_Count', 'UDS_Opioid_Count', 'UDS_Sedatives_Count', 'UDS_Thc_Count', 'pain', 'has_schizophrenia', 'has_major_dep', 'has_bipolar', 'has_anx_pan', 'has_brain_damage', 'has_epilepsy', 'has_alcol_dx', 'has_amphetamines_dx', 'has_cannabis_dx', 'has_cocaine_dx', 'has_sedatives_dx', 'ftnd', 'XTRT', 'shared', 'rbsivheroin', 'TLFB_Alcohol_Count', 'TLFB_Amphetamine_Count', 'TLFB_Benzodiazepine_Count', 'TLFB_Buprenorphine_Count', 'TLFB_Cocaine_Count', 'TLFB_Heroin_Count', 'TLFB_Methadone_Count', 'TLFB_Opioid_Count', 'TLFB_THC_Count', 'TLFB_Other', 'Homosexual_Behavior', 'Non_monogamous_Relationships']
2024-08-14 12:47:35,186 - INFO - Fitting logistic regression model with the selected features...
2024-08-14 12:47:35,740 - INFO - Model training completed successfully.
2024-08-14 12:47:35,740 - INFO - Calculating the dynamic threshold based on the proportion of positive outcomes...
2024-08-14 12:47:35,741 - INFO - Ratio of 1s to 0s in the outcome variable: 0.56 : 0.44
2024-08-14 12:47:35,741 - INFO - Dynamic threshold set to: 0.556
2024-08-14 12:47:35,741 - INFO - Model trained and saved successfully for subset 8.
2024-08-14 12:47:35,741 - INFO - ---------------------------
2024-08-14 12:47:35,741 - INFO - TRAIN MODEL STAGE COMPLETED FOR SUBSET 8
2024-08-14 12:47:35,741 - INFO - ---------------------------
2024-08-14 12:47:35,741 - INFO - --------------------------------
2024-08-14 12:47:35,741 - INFO - EVALUATE MODEL STAGE STARTING FOR SUBSET 8...
2024-08-14 12:47:35,741 - INFO - --------------------------------
2024-08-14 12:47:35,753 - INFO - ROC AUC Score: 0.6261585326333527
2024-08-14 12:47:35,753 - INFO - Confusion Matrix: 
[[75 36]
 [60 79]]
2024-08-14 12:47:35,753 - INFO - Precision: 0.6869565217391305
2024-08-14 12:47:35,754 - INFO - Recall: 0.5683453237410072
2024-08-14 12:47:35,754 - INFO - Model evaluated successfully for subset 8.
2024-08-14 12:47:35,754 - INFO - ------------------------------
2024-08-14 12:47:35,754 - INFO - EVALUATE MODEL STAGE COMPLETED FOR SUBSET 8
2024-08-14 12:47:35,754 - INFO - ------------------------------
2024-08-14 12:47:35,755 - INFO - Subset 9 demographic makeup: 900 1, 48 3, 32 2, 20 4
2024-08-14 12:47:35,755 - INFO - Processing subset 9...
2024-08-14 12:47:35,755 - INFO - -----------------------------
2024-08-14 12:47:35,755 - INFO - TRAIN MODEL STAGE STARTING FOR SUBSET 9...
2024-08-14 12:47:35,755 - INFO - -----------------------------
2024-08-14 12:47:35,761 - INFO - Scaling features and applying LASSO for feature selection...
2024-08-14 12:47:36,693 - INFO - Selected features (including required): ['who', 'RaceEth', 'age', 'is_female', 'is_hispanic', 'unemployed', 'unstableliving', 'education', 'marital', 'UDS_Amphetamine_Count', 'UDS_Benzodiazepine_Count', 'UDS_Buprenorphine_Count', 'UDS_Cocaine_Count', 'UDS_Methadone_Count', 'UDS_Opioid_Count', 'UDS_Sedatives_Count', 'UDS_Thc_Count', 'pain', 'has_schizophrenia', 'has_major_dep', 'has_bipolar', 'has_anx_pan', 'has_brain_damage', 'has_epilepsy', 'has_alcol_dx', 'has_amphetamines_dx', 'has_cannabis_dx', 'has_cocaine_dx', 'has_sedatives_dx', 'ftnd', 'XTRT', 'shared', 'rbsivheroin', 'TLFB_Alcohol_Count', 'TLFB_Amphetamine_Count', 'TLFB_Benzodiazepine_Count', 'TLFB_Buprenorphine_Count', 'TLFB_Cocaine_Count', 'TLFB_Heroin_Count', 'TLFB_Methadone_Count', 'TLFB_Opioid_Count', 'TLFB_THC_Count', 'TLFB_Other', 'Homosexual_Behavior', 'Non_monogamous_Relationships']
2024-08-14 12:47:36,698 - INFO - Fitting logistic regression model with the selected features...
2024-08-14 12:47:37,199 - INFO - Model training completed successfully.
2024-08-14 12:47:37,199 - INFO - Calculating the dynamic threshold based on the proportion of positive outcomes...
2024-08-14 12:47:37,199 - INFO - Ratio of 1s to 0s in the outcome variable: 0.62 : 0.38
2024-08-14 12:47:37,200 - INFO - Dynamic threshold set to: 0.62
2024-08-14 12:47:37,200 - INFO - Model trained and saved successfully for subset 9.
2024-08-14 12:47:37,200 - INFO - ---------------------------
2024-08-14 12:47:37,200 - INFO - TRAIN MODEL STAGE COMPLETED FOR SUBSET 9
2024-08-14 12:47:37,200 - INFO - ---------------------------
2024-08-14 12:47:37,200 - INFO - --------------------------------
2024-08-14 12:47:37,200 - INFO - EVALUATE MODEL STAGE STARTING FOR SUBSET 9...
2024-08-14 12:47:37,200 - INFO - --------------------------------
2024-08-14 12:47:37,212 - INFO - ROC AUC Score: 0.6889643463497453
2024-08-14 12:47:37,213 - INFO - Confusion Matrix: 
[[81 14]
 [85 70]]
2024-08-14 12:47:37,213 - INFO - Precision: 0.8333333333333334
2024-08-14 12:47:37,213 - INFO - Recall: 0.45161290322580644
2024-08-14 12:47:37,213 - INFO - Model evaluated successfully for subset 9.
2024-08-14 12:47:37,213 - INFO - ------------------------------
2024-08-14 12:47:37,213 - INFO - EVALUATE MODEL STAGE COMPLETED FOR SUBSET 9
2024-08-14 12:47:37,213 - INFO - ------------------------------
2024-08-14 12:47:37,214 - INFO - Subset 10 demographic makeup: 950 1, 25 3, 13 2, 12 4
2024-08-14 12:47:37,214 - INFO - Processing subset 10...
2024-08-14 12:47:37,214 - INFO - -----------------------------
2024-08-14 12:47:37,215 - INFO - TRAIN MODEL STAGE STARTING FOR SUBSET 10...
2024-08-14 12:47:37,215 - INFO - -----------------------------
2024-08-14 12:47:37,220 - INFO - Scaling features and applying LASSO for feature selection...
2024-08-14 12:47:38,162 - INFO - Selected features (including required): ['who', 'RaceEth', 'age', 'is_female', 'is_hispanic', 'unemployed', 'unstableliving', 'education', 'marital', 'UDS_Amphetamine_Count', 'UDS_Benzodiazepine_Count', 'UDS_Buprenorphine_Count', 'UDS_Cocaine_Count', 'UDS_Methadone_Count', 'UDS_Opioid_Count', 'UDS_Sedatives_Count', 'UDS_Thc_Count', 'pain', 'has_schizophrenia', 'has_major_dep', 'has_bipolar', 'has_anx_pan', 'has_brain_damage', 'has_epilepsy', 'has_alcol_dx', 'has_amphetamines_dx', 'has_cannabis_dx', 'has_cocaine_dx', 'has_sedatives_dx', 'ftnd', 'XTRT', 'shared', 'rbsivheroin', 'TLFB_Alcohol_Count', 'TLFB_Amphetamine_Count', 'TLFB_Benzodiazepine_Count', 'TLFB_Buprenorphine_Count', 'TLFB_Cocaine_Count', 'TLFB_Heroin_Count', 'TLFB_Methadone_Count', 'TLFB_Opioid_Count', 'TLFB_THC_Count', 'TLFB_Other', 'Homosexual_Behavior', 'Non_monogamous_Relationships']
2024-08-14 12:47:38,167 - INFO - Fitting logistic regression model with the selected features...
2024-08-14 12:47:39,219 - INFO - Model training completed successfully.
2024-08-14 12:47:39,220 - INFO - Calculating the dynamic threshold based on the proportion of positive outcomes...
2024-08-14 12:47:39,220 - INFO - Ratio of 1s to 0s in the outcome variable: 0.58 : 0.42
2024-08-14 12:47:39,220 - INFO - Dynamic threshold set to: 0.584
2024-08-14 12:47:39,220 - INFO - Model trained and saved successfully for subset 10.
2024-08-14 12:47:39,220 - INFO - ---------------------------
2024-08-14 12:47:39,220 - INFO - TRAIN MODEL STAGE COMPLETED FOR SUBSET 10
2024-08-14 12:47:39,220 - INFO - ---------------------------
2024-08-14 12:47:39,220 - INFO - --------------------------------
2024-08-14 12:47:39,220 - INFO - EVALUATE MODEL STAGE STARTING FOR SUBSET 10...
2024-08-14 12:47:39,220 - INFO - --------------------------------
2024-08-14 12:47:39,234 - INFO - ROC AUC Score: 0.6151870389884089
2024-08-14 12:47:39,234 - INFO - Confusion Matrix: 
[[70 34]
 [65 81]]
2024-08-14 12:47:39,234 - INFO - Precision: 0.7043478260869566
2024-08-14 12:47:39,235 - INFO - Recall: 0.5547945205479452
2024-08-14 12:47:39,235 - INFO - Model evaluated successfully for subset 10.
2024-08-14 12:47:39,235 - INFO - ------------------------------
2024-08-14 12:47:39,235 - INFO - EVALUATE MODEL STAGE COMPLETED FOR SUBSET 10
2024-08-14 12:47:39,235 - INFO - ------------------------------
2024-08-14 12:47:39,236 - INFO - Subset 11 demographic makeup: 1000 1
2024-08-14 12:47:39,236 - INFO - Processing subset 11...
2024-08-14 12:47:39,236 - INFO - -----------------------------
2024-08-14 12:47:39,236 - INFO - TRAIN MODEL STAGE STARTING FOR SUBSET 11...
2024-08-14 12:47:39,236 - INFO - -----------------------------
2024-08-14 12:47:39,241 - INFO - Scaling features and applying LASSO for feature selection...
2024-08-14 12:47:40,198 - INFO - Selected features (including required): ['who', 'age', 'is_female', 'unemployed', 'unstableliving', 'education', 'marital', 'UDS_Amphetamine_Count', 'UDS_Benzodiazepine_Count', 'UDS_Buprenorphine_Count', 'UDS_Cocaine_Count', 'UDS_Methadone_Count', 'UDS_Opioid_Count', 'UDS_Sedatives_Count', 'UDS_Thc_Count', 'pain', 'has_schizophrenia', 'has_major_dep', 'has_bipolar', 'has_anx_pan', 'has_brain_damage', 'has_epilepsy', 'has_alcol_dx', 'has_amphetamines_dx', 'has_cannabis_dx', 'has_cocaine_dx', 'has_sedatives_dx', 'ftnd', 'XTRT', 'shared', 'rbsivheroin', 'TLFB_Alcohol_Count', 'TLFB_Amphetamine_Count', 'TLFB_Benzodiazepine_Count', 'TLFB_Buprenorphine_Count', 'TLFB_Cocaine_Count', 'TLFB_Heroin_Count', 'TLFB_Methadone_Count', 'TLFB_Opioid_Count', 'TLFB_THC_Count', 'TLFB_Other', 'Homosexual_Behavior', 'Non_monogamous_Relationships']
2024-08-14 12:47:40,206 - INFO - Fitting logistic regression model with the selected features...
2024-08-14 12:47:41,710 - INFO - Model training completed successfully.
2024-08-14 12:47:41,711 - INFO - Calculating the dynamic threshold based on the proportion of positive outcomes...
2024-08-14 12:47:41,711 - INFO - Ratio of 1s to 0s in the outcome variable: 0.60 : 0.40
2024-08-14 12:47:41,711 - INFO - Dynamic threshold set to: 0.6
2024-08-14 12:47:41,711 - INFO - Model trained and saved successfully for subset 11.
2024-08-14 12:47:41,711 - INFO - ---------------------------
2024-08-14 12:47:41,711 - INFO - TRAIN MODEL STAGE COMPLETED FOR SUBSET 11
2024-08-14 12:47:41,712 - INFO - ---------------------------
2024-08-14 12:47:41,712 - INFO - --------------------------------
2024-08-14 12:47:41,712 - INFO - EVALUATE MODEL STAGE STARTING FOR SUBSET 11...
2024-08-14 12:47:41,712 - INFO - --------------------------------
2024-08-14 12:47:41,724 - INFO - ROC AUC Score: 0.6333333333333333
2024-08-14 12:47:41,724 - INFO - Confusion Matrix: 
[[73 27]
 [83 67]]
2024-08-14 12:47:41,724 - INFO - Precision: 0.7127659574468085
2024-08-14 12:47:41,724 - INFO - Recall: 0.44666666666666666
2024-08-14 12:47:41,724 - INFO - Model evaluated successfully for subset 11.
2024-08-14 12:47:41,724 - INFO - ------------------------------
2024-08-14 12:47:41,725 - INFO - EVALUATE MODEL STAGE COMPLETED FOR SUBSET 11
2024-08-14 12:47:41,725 - INFO - ------------------------------
2024-08-14 12:47:41,726 - INFO - ------------------
2024-08-14 12:47:41,726 - INFO - PIPELINE COMPLETED
2024-08-14 12:47:41,726 - INFO - ------------------
