2024-08-27 13:17:40,436 - INFO - Global Seed set to: 42
2024-08-27 13:17:40,436 - INFO - Outcome Name: ctn0094_relapse_event
2024-08-27 13:17:40,555 - INFO - Datasets loaded successfully.
2024-08-27 13:17:40,607 - INFO - Starting preprocessing of the merged dataset...
2024-08-27 13:17:40,609 - INFO - ---------------------------------
2024-08-27 13:17:40,610 - INFO - PRE-PROCESSING STAGE STARTING...
2024-08-27 13:17:40,610 - INFO - ---------------------------------
2024-08-27 13:17:41,060 - INFO - Dropped initial columns: ['pain_when', 'is_smoker', 'per_day', 'max', 'amount', 'depression', 'anxiety', 'schizophrenia', 'max', 'amount', 'cocaine_inject_days', 'speedball_inject_days', 'opioid_inject_days', 'speed_inject_days', 'UDS_Alcohol_Count', 'UDS_Mdma/Hallucinogen_Count']
2024-08-27 13:17:41,277 - INFO - Converted Yes/No to binary.
2024-08-27 13:17:41,293 - INFO - Processed TLFB columns with specified columns: ['TLFB_Alcohol_Count', 'TLFB_Amphetamine_Count', 'TLFB_Cocaine_Count', 'TLFB_Heroin_Count', 'TLFB_Benzodiazepine_Count', 'TLFB_Opioid_Count', 'TLFB_THC_Count', 'TLFB_Methadone_Count', 'TLFB_Buprenorphine_Count']
2024-08-27 13:17:41,302 - INFO - Calculated behavioral columns.
2024-08-27 13:17:41,305 - INFO - Moved 'ctn0094_relapse_event' column to the end.
2024-08-27 13:17:41,545 - INFO - Dropped initial columns: ['msm_npt', 'msm_frq', 'txx_prt']
2024-08-27 13:17:41,564 - INFO - transform_data_with_nan_handling success
2024-08-27 13:17:41,564 - INFO - Renamed columns according to the mapping.
2024-08-27 13:17:41,597 - INFO - Transformed NaN to 0 for binary columns.
2024-08-27 13:17:41,598 - INFO - Transformed and renamed 'heroin_inject_days' column to 'rbsivheroin'.
2024-08-27 13:17:41,599 - INFO - Filled NaN with 0 for 'ftnd' column.
2024-08-27 13:17:41,704 - INFO - Dropped additional columns: ['rbs_iv_days', 'race', 'RBS_cocaine_Days', 'RBS_heroin_Days', 'RBS_opioid_Days', 'RBS_speed_Days', 'RBS_speedball_Days']
2024-08-27 13:17:41,759 - INFO - Converted UDS drug counts to binary.
2024-08-27 13:17:41,866 - INFO - ------------------------------
2024-08-27 13:17:41,867 - INFO - PRE-PROCESSING STAGE COMPLETED
2024-08-27 13:17:41,867 - INFO - ------------------------------
2024-08-27 13:17:41,867 - INFO - Merged dataset preprocessed successfully.
2024-08-27 13:17:41,868 - INFO - Creating demographic subsets from preprocessed data...
2024-08-27 13:17:42,050 - INFO - Created 11 subsets successfully.
2024-08-27 13:17:42,051 - INFO - Creating merged subsets from create_demographics_dfs function
2024-08-27 13:17:42,155 - INFO - Created 11 merged subsets successfully.
2024-08-27 13:17:42,158 - INFO - Subset 1 demographic makeup: 500 1, 248 3, 150 2, 102 4
2024-08-27 13:17:42,158 - INFO - Processing subset 1...
2024-08-27 13:17:42,158 - INFO - -----------------------------
2024-08-27 13:17:42,158 - INFO - TRAIN MODEL STAGE STARTING FOR SUBSET 1...
2024-08-27 13:17:42,158 - INFO - -----------------------------
2024-08-27 13:17:42,166 - INFO - Scaling features and applying LASSO for feature selection...
2024-08-27 13:17:45,473 - INFO - Selected features (including required): ['who', 'RaceEth', 'age', 'is_female', 'is_hispanic', 'unemployed', 'unstableliving', 'education', 'marital', 'UDS_Amphetamine_Count', 'UDS_Benzodiazepine_Count', 'UDS_Buprenorphine_Count', 'UDS_Cocaine_Count', 'UDS_Methadone_Count', 'UDS_Opioid_Count', 'UDS_Sedatives_Count', 'UDS_Thc_Count', 'pain', 'has_schizophrenia', 'has_major_dep', 'has_bipolar', 'has_anx_pan', 'has_brain_damage', 'has_epilepsy', 'has_alcol_dx', 'has_amphetamines_dx', 'has_cannabis_dx', 'has_cocaine_dx', 'has_sedatives_dx', 'ftnd', 'XTRT', 'shared', 'rbsivheroin', 'TLFB_Alcohol_Count', 'TLFB_Amphetamine_Count', 'TLFB_Benzodiazepine_Count', 'TLFB_Buprenorphine_Count', 'TLFB_Cocaine_Count', 'TLFB_Heroin_Count', 'TLFB_Methadone_Count', 'TLFB_Opioid_Count', 'TLFB_THC_Count', 'TLFB_Other', 'Homosexual_Behavior', 'Non_monogamous_Relationships']
2024-08-27 13:17:45,481 - INFO - Fitting logistic regression model with the selected features...
2024-08-27 13:17:46,375 - INFO - Model training completed successfully.
2024-08-27 13:17:46,375 - INFO - Calculating the dynamic threshold based on the proportion of positive outcomes...
2024-08-27 13:17:46,376 - INFO - Ratio of 1s to 0s in the outcome variable: 0.72 : 0.28
2024-08-27 13:17:46,376 - INFO - Dynamic threshold set to: 0.72
2024-08-27 13:17:46,376 - INFO - Model trained and saved successfully for subset 1.
2024-08-27 13:17:46,376 - INFO - ---------------------------
2024-08-27 13:17:46,376 - INFO - TRAIN MODEL STAGE COMPLETED FOR SUBSET 1
2024-08-27 13:17:46,376 - INFO - ---------------------------
2024-08-27 13:17:46,376 - INFO - --------------------------------
2024-08-27 13:17:46,376 - INFO - EVALUATE MODEL STAGE STARTING FOR SUBSET 1...
2024-08-27 13:17:46,376 - INFO - --------------------------------
2024-08-27 13:17:46,400 - INFO - ROC AUC Score: 0.6533333333333333
2024-08-27 13:17:46,400 - INFO - Confusion Matrix: 
[[ 29  41]
 [ 36 144]]
2024-08-27 13:17:46,400 - INFO - Precision: 0.7783783783783784
2024-08-27 13:17:46,401 - INFO - Recall: 0.8
2024-08-27 13:17:46,401 - INFO - Model evaluated successfully for subset 1.
2024-08-27 13:17:46,401 - INFO - ------------------------------
2024-08-27 13:17:46,401 - INFO - EVALUATE MODEL STAGE COMPLETED FOR SUBSET 1
2024-08-27 13:17:46,401 - INFO - ------------------------------
2024-08-27 13:17:46,402 - INFO - Subset 2 demographic makeup: 550 1, 222 3, 133 2, 95 4
2024-08-27 13:17:46,402 - INFO - Processing subset 2...
2024-08-27 13:17:46,402 - INFO - -----------------------------
2024-08-27 13:17:46,402 - INFO - TRAIN MODEL STAGE STARTING FOR SUBSET 2...
2024-08-27 13:17:46,402 - INFO - -----------------------------
2024-08-27 13:17:46,409 - INFO - Scaling features and applying LASSO for feature selection...
2024-08-27 13:17:49,192 - INFO - Selected features (including required): ['who', 'RaceEth', 'age', 'is_female', 'is_hispanic', 'unemployed', 'unstableliving', 'education', 'marital', 'UDS_Amphetamine_Count', 'UDS_Benzodiazepine_Count', 'UDS_Buprenorphine_Count', 'UDS_Cocaine_Count', 'UDS_Methadone_Count', 'UDS_Opioid_Count', 'UDS_Sedatives_Count', 'UDS_Thc_Count', 'pain', 'has_schizophrenia', 'has_major_dep', 'has_bipolar', 'has_anx_pan', 'has_brain_damage', 'has_epilepsy', 'has_alcol_dx', 'has_amphetamines_dx', 'has_cannabis_dx', 'has_cocaine_dx', 'has_sedatives_dx', 'ftnd', 'XTRT', 'shared', 'rbsivheroin', 'TLFB_Alcohol_Count', 'TLFB_Amphetamine_Count', 'TLFB_Benzodiazepine_Count', 'TLFB_Buprenorphine_Count', 'TLFB_Cocaine_Count', 'TLFB_Heroin_Count', 'TLFB_Methadone_Count', 'TLFB_Opioid_Count', 'TLFB_THC_Count', 'TLFB_Other', 'Homosexual_Behavior', 'Non_monogamous_Relationships']
2024-08-27 13:17:49,198 - INFO - Fitting logistic regression model with the selected features...
2024-08-27 13:17:49,620 - INFO - Model training completed successfully.
2024-08-27 13:17:49,620 - INFO - Calculating the dynamic threshold based on the proportion of positive outcomes...
2024-08-27 13:17:49,621 - INFO - Ratio of 1s to 0s in the outcome variable: 0.79 : 0.21
2024-08-27 13:17:49,621 - INFO - Dynamic threshold set to: 0.792
2024-08-27 13:17:49,621 - INFO - Model trained and saved successfully for subset 2.
2024-08-27 13:17:49,622 - INFO - ---------------------------
2024-08-27 13:17:49,623 - INFO - TRAIN MODEL STAGE COMPLETED FOR SUBSET 2
2024-08-27 13:17:49,624 - INFO - ---------------------------
2024-08-27 13:17:49,625 - INFO - --------------------------------
2024-08-27 13:17:49,625 - INFO - EVALUATE MODEL STAGE STARTING FOR SUBSET 2...
2024-08-27 13:17:49,626 - INFO - --------------------------------
2024-08-27 13:17:49,652 - INFO - ROC AUC Score: 0.5952797202797202
2024-08-27 13:17:49,652 - INFO - Confusion Matrix: 
[[ 33  19]
 [ 95 103]]
2024-08-27 13:17:49,655 - INFO - Precision: 0.8442622950819673
2024-08-27 13:17:49,655 - INFO - Recall: 0.5202020202020202
2024-08-27 13:17:49,656 - INFO - Model evaluated successfully for subset 2.
2024-08-27 13:17:49,656 - INFO - ------------------------------
2024-08-27 13:17:49,656 - INFO - EVALUATE MODEL STAGE COMPLETED FOR SUBSET 2
2024-08-27 13:17:49,657 - INFO - ------------------------------
2024-08-27 13:17:49,662 - INFO - Subset 3 demographic makeup: 600 1, 199 3, 117 2, 84 4
2024-08-27 13:17:49,664 - INFO - Processing subset 3...
2024-08-27 13:17:49,665 - INFO - -----------------------------
2024-08-27 13:17:49,665 - INFO - TRAIN MODEL STAGE STARTING FOR SUBSET 3...
2024-08-27 13:17:49,667 - INFO - -----------------------------
2024-08-27 13:17:49,677 - INFO - Scaling features and applying LASSO for feature selection...
2024-08-27 13:17:52,057 - INFO - Selected features (including required): ['who', 'RaceEth', 'age', 'is_female', 'is_hispanic', 'unemployed', 'unstableliving', 'education', 'marital', 'UDS_Amphetamine_Count', 'UDS_Benzodiazepine_Count', 'UDS_Buprenorphine_Count', 'UDS_Cocaine_Count', 'UDS_Methadone_Count', 'UDS_Opioid_Count', 'UDS_Sedatives_Count', 'UDS_Thc_Count', 'pain', 'has_schizophrenia', 'has_major_dep', 'has_bipolar', 'has_anx_pan', 'has_brain_damage', 'has_epilepsy', 'has_alcol_dx', 'has_amphetamines_dx', 'has_cannabis_dx', 'has_cocaine_dx', 'has_sedatives_dx', 'ftnd', 'XTRT', 'shared', 'rbsivheroin', 'TLFB_Alcohol_Count', 'TLFB_Amphetamine_Count', 'TLFB_Benzodiazepine_Count', 'TLFB_Buprenorphine_Count', 'TLFB_Cocaine_Count', 'TLFB_Heroin_Count', 'TLFB_Methadone_Count', 'TLFB_Opioid_Count', 'TLFB_THC_Count', 'TLFB_Other', 'Homosexual_Behavior', 'Non_monogamous_Relationships']
2024-08-27 13:17:52,074 - INFO - Fitting logistic regression model with the selected features...
2024-08-27 13:17:52,532 - INFO - Model training completed successfully.
2024-08-27 13:17:52,532 - INFO - Calculating the dynamic threshold based on the proportion of positive outcomes...
2024-08-27 13:17:52,532 - INFO - Ratio of 1s to 0s in the outcome variable: 0.80 : 0.20
2024-08-27 13:17:52,533 - INFO - Dynamic threshold set to: 0.796
2024-08-27 13:17:52,533 - INFO - Model trained and saved successfully for subset 3.
2024-08-27 13:17:52,533 - INFO - ---------------------------
2024-08-27 13:17:52,533 - INFO - TRAIN MODEL STAGE COMPLETED FOR SUBSET 3
2024-08-27 13:17:52,533 - INFO - ---------------------------
2024-08-27 13:17:52,533 - INFO - --------------------------------
2024-08-27 13:17:52,533 - INFO - EVALUATE MODEL STAGE STARTING FOR SUBSET 3...
2024-08-27 13:17:52,533 - INFO - --------------------------------
2024-08-27 13:17:52,546 - INFO - ROC AUC Score: 0.6622327322888955
2024-08-27 13:17:52,546 - INFO - Confusion Matrix: 
[[ 29  22]
 [ 75 124]]
2024-08-27 13:17:52,546 - INFO - Precision: 0.8493150684931506
2024-08-27 13:17:52,546 - INFO - Recall: 0.6231155778894473
2024-08-27 13:17:52,548 - INFO - Model evaluated successfully for subset 3.
2024-08-27 13:17:52,548 - INFO - ------------------------------
2024-08-27 13:17:52,548 - INFO - EVALUATE MODEL STAGE COMPLETED FOR SUBSET 3
2024-08-27 13:17:52,548 - INFO - ------------------------------
2024-08-27 13:17:52,549 - INFO - Subset 4 demographic makeup: 650 1, 174 3, 102 2, 74 4
2024-08-27 13:17:52,549 - INFO - Processing subset 4...
2024-08-27 13:17:52,549 - INFO - -----------------------------
2024-08-27 13:17:52,549 - INFO - TRAIN MODEL STAGE STARTING FOR SUBSET 4...
2024-08-27 13:17:52,549 - INFO - -----------------------------
2024-08-27 13:17:52,555 - INFO - Scaling features and applying LASSO for feature selection...
2024-08-27 13:17:53,231 - INFO - Selected features (including required): ['who', 'RaceEth', 'age', 'is_female', 'is_hispanic', 'unemployed', 'unstableliving', 'education', 'marital', 'UDS_Amphetamine_Count', 'UDS_Benzodiazepine_Count', 'UDS_Buprenorphine_Count', 'UDS_Cocaine_Count', 'UDS_Methadone_Count', 'UDS_Opioid_Count', 'UDS_Sedatives_Count', 'UDS_Thc_Count', 'pain', 'has_schizophrenia', 'has_major_dep', 'has_bipolar', 'has_anx_pan', 'has_brain_damage', 'has_epilepsy', 'has_alcol_dx', 'has_amphetamines_dx', 'has_cannabis_dx', 'has_cocaine_dx', 'has_sedatives_dx', 'ftnd', 'XTRT', 'shared', 'rbsivheroin', 'TLFB_Alcohol_Count', 'TLFB_Amphetamine_Count', 'TLFB_Benzodiazepine_Count', 'TLFB_Buprenorphine_Count', 'TLFB_Cocaine_Count', 'TLFB_Heroin_Count', 'TLFB_Methadone_Count', 'TLFB_Opioid_Count', 'TLFB_THC_Count', 'TLFB_Other', 'Homosexual_Behavior', 'Non_monogamous_Relationships']
2024-08-27 13:17:53,237 - INFO - Fitting logistic regression model with the selected features...
2024-08-27 13:17:53,786 - INFO - Model training completed successfully.
2024-08-27 13:17:53,786 - INFO - Calculating the dynamic threshold based on the proportion of positive outcomes...
2024-08-27 13:17:53,786 - INFO - Ratio of 1s to 0s in the outcome variable: 0.78 : 0.22
2024-08-27 13:17:53,787 - INFO - Dynamic threshold set to: 0.78
2024-08-27 13:17:53,787 - INFO - Model trained and saved successfully for subset 4.
2024-08-27 13:17:53,787 - INFO - ---------------------------
2024-08-27 13:17:53,787 - INFO - TRAIN MODEL STAGE COMPLETED FOR SUBSET 4
2024-08-27 13:17:53,787 - INFO - ---------------------------
2024-08-27 13:17:53,787 - INFO - --------------------------------
2024-08-27 13:17:53,787 - INFO - EVALUATE MODEL STAGE STARTING FOR SUBSET 4...
2024-08-27 13:17:53,787 - INFO - --------------------------------
2024-08-27 13:17:53,799 - INFO - ROC AUC Score: 0.587132867132867
2024-08-27 13:17:53,800 - INFO - Confusion Matrix: 
[[ 31  24]
 [ 72 123]]
2024-08-27 13:17:53,801 - INFO - Precision: 0.8367346938775511
2024-08-27 13:17:53,801 - INFO - Recall: 0.6307692307692307
2024-08-27 13:17:53,801 - INFO - Model evaluated successfully for subset 4.
2024-08-27 13:17:53,801 - INFO - ------------------------------
2024-08-27 13:17:53,801 - INFO - EVALUATE MODEL STAGE COMPLETED FOR SUBSET 4
2024-08-27 13:17:53,801 - INFO - ------------------------------
2024-08-27 13:17:53,803 - INFO - Subset 5 demographic makeup: 700 1, 148 3, 86 2, 66 4
2024-08-27 13:17:53,803 - INFO - Processing subset 5...
2024-08-27 13:17:53,803 - INFO - -----------------------------
2024-08-27 13:17:53,803 - INFO - TRAIN MODEL STAGE STARTING FOR SUBSET 5...
2024-08-27 13:17:53,803 - INFO - -----------------------------
2024-08-27 13:17:53,809 - INFO - Scaling features and applying LASSO for feature selection...
2024-08-27 13:17:54,818 - INFO - Selected features (including required): ['who', 'RaceEth', 'age', 'is_female', 'is_hispanic', 'unemployed', 'unstableliving', 'education', 'marital', 'UDS_Amphetamine_Count', 'UDS_Benzodiazepine_Count', 'UDS_Buprenorphine_Count', 'UDS_Cocaine_Count', 'UDS_Methadone_Count', 'UDS_Opioid_Count', 'UDS_Sedatives_Count', 'UDS_Thc_Count', 'pain', 'has_schizophrenia', 'has_major_dep', 'has_bipolar', 'has_anx_pan', 'has_brain_damage', 'has_epilepsy', 'has_alcol_dx', 'has_amphetamines_dx', 'has_cannabis_dx', 'has_cocaine_dx', 'has_sedatives_dx', 'ftnd', 'XTRT', 'shared', 'rbsivheroin', 'TLFB_Alcohol_Count', 'TLFB_Amphetamine_Count', 'TLFB_Benzodiazepine_Count', 'TLFB_Buprenorphine_Count', 'TLFB_Cocaine_Count', 'TLFB_Heroin_Count', 'TLFB_Methadone_Count', 'TLFB_Opioid_Count', 'TLFB_THC_Count', 'TLFB_Other', 'Homosexual_Behavior', 'Non_monogamous_Relationships']
2024-08-27 13:17:54,825 - INFO - Fitting logistic regression model with the selected features...
2024-08-27 13:17:55,338 - INFO - Model training completed successfully.
2024-08-27 13:17:55,339 - INFO - Calculating the dynamic threshold based on the proportion of positive outcomes...
2024-08-27 13:17:55,339 - INFO - Ratio of 1s to 0s in the outcome variable: 0.80 : 0.20
2024-08-27 13:17:55,339 - INFO - Dynamic threshold set to: 0.804
2024-08-27 13:17:55,339 - INFO - Model trained and saved successfully for subset 5.
2024-08-27 13:17:55,339 - INFO - ---------------------------
2024-08-27 13:17:55,339 - INFO - TRAIN MODEL STAGE COMPLETED FOR SUBSET 5
2024-08-27 13:17:55,339 - INFO - ---------------------------
2024-08-27 13:17:55,339 - INFO - --------------------------------
2024-08-27 13:17:55,339 - INFO - EVALUATE MODEL STAGE STARTING FOR SUBSET 5...
2024-08-27 13:17:55,339 - INFO - --------------------------------
2024-08-27 13:17:55,351 - INFO - ROC AUC Score: 0.5504112092598233
2024-08-27 13:17:55,351 - INFO - Confusion Matrix: 
[[ 26  23]
 [ 90 111]]
2024-08-27 13:17:55,352 - INFO - Precision: 0.8283582089552238
2024-08-27 13:17:55,352 - INFO - Recall: 0.5522388059701493
2024-08-27 13:17:55,352 - INFO - Model evaluated successfully for subset 5.
2024-08-27 13:17:55,352 - INFO - ------------------------------
2024-08-27 13:17:55,352 - INFO - EVALUATE MODEL STAGE COMPLETED FOR SUBSET 5
2024-08-27 13:17:55,353 - INFO - ------------------------------
2024-08-27 13:17:55,354 - INFO - Subset 6 demographic makeup: 750 1, 122 3, 72 2, 56 4
2024-08-27 13:17:55,354 - INFO - Processing subset 6...
2024-08-27 13:17:55,354 - INFO - -----------------------------
2024-08-27 13:17:55,354 - INFO - TRAIN MODEL STAGE STARTING FOR SUBSET 6...
2024-08-27 13:17:55,354 - INFO - -----------------------------
2024-08-27 13:17:55,360 - INFO - Scaling features and applying LASSO for feature selection...
2024-08-27 13:17:56,440 - INFO - Selected features (including required): ['who', 'RaceEth', 'age', 'is_female', 'is_hispanic', 'unemployed', 'unstableliving', 'education', 'marital', 'UDS_Amphetamine_Count', 'UDS_Benzodiazepine_Count', 'UDS_Buprenorphine_Count', 'UDS_Cocaine_Count', 'UDS_Methadone_Count', 'UDS_Opioid_Count', 'UDS_Sedatives_Count', 'UDS_Thc_Count', 'pain', 'has_schizophrenia', 'has_major_dep', 'has_bipolar', 'has_anx_pan', 'has_brain_damage', 'has_epilepsy', 'has_alcol_dx', 'has_amphetamines_dx', 'has_cannabis_dx', 'has_cocaine_dx', 'has_sedatives_dx', 'ftnd', 'XTRT', 'shared', 'rbsivheroin', 'TLFB_Alcohol_Count', 'TLFB_Amphetamine_Count', 'TLFB_Benzodiazepine_Count', 'TLFB_Buprenorphine_Count', 'TLFB_Cocaine_Count', 'TLFB_Heroin_Count', 'TLFB_Methadone_Count', 'TLFB_Opioid_Count', 'TLFB_THC_Count', 'TLFB_Other', 'Homosexual_Behavior', 'Non_monogamous_Relationships']
2024-08-27 13:17:56,447 - INFO - Fitting logistic regression model with the selected features...
2024-08-27 13:17:57,112 - INFO - Model training completed successfully.
2024-08-27 13:17:57,115 - INFO - Calculating the dynamic threshold based on the proportion of positive outcomes...
2024-08-27 13:17:57,116 - INFO - Ratio of 1s to 0s in the outcome variable: 0.78 : 0.22
2024-08-27 13:17:57,116 - INFO - Dynamic threshold set to: 0.776
2024-08-27 13:17:57,118 - INFO - Model trained and saved successfully for subset 6.
2024-08-27 13:17:57,120 - INFO - ---------------------------
2024-08-27 13:17:57,120 - INFO - TRAIN MODEL STAGE COMPLETED FOR SUBSET 6
2024-08-27 13:17:57,121 - INFO - ---------------------------
2024-08-27 13:17:57,121 - INFO - --------------------------------
2024-08-27 13:17:57,122 - INFO - EVALUATE MODEL STAGE STARTING FOR SUBSET 6...
2024-08-27 13:17:57,122 - INFO - --------------------------------
2024-08-27 13:17:57,143 - INFO - ROC AUC Score: 0.682437407952872
2024-08-27 13:17:57,145 - INFO - Confusion Matrix: 
[[ 33  23]
 [ 58 136]]
2024-08-27 13:17:57,148 - INFO - Precision: 0.8553459119496856
2024-08-27 13:17:57,149 - INFO - Recall: 0.7010309278350515
2024-08-27 13:17:57,151 - INFO - Model evaluated successfully for subset 6.
2024-08-27 13:17:57,152 - INFO - ------------------------------
2024-08-27 13:17:57,154 - INFO - EVALUATE MODEL STAGE COMPLETED FOR SUBSET 6
2024-08-27 13:17:57,155 - INFO - ------------------------------
2024-08-27 13:17:57,156 - INFO - Subset 7 demographic makeup: 800 1, 96 3, 59 2, 45 4
2024-08-27 13:17:57,157 - INFO - Processing subset 7...
2024-08-27 13:17:57,157 - INFO - -----------------------------
2024-08-27 13:17:57,157 - INFO - TRAIN MODEL STAGE STARTING FOR SUBSET 7...
2024-08-27 13:17:57,159 - INFO - -----------------------------
2024-08-27 13:17:57,170 - INFO - Scaling features and applying LASSO for feature selection...
2024-08-27 13:18:00,777 - INFO - Selected features (including required): ['who', 'RaceEth', 'age', 'is_female', 'is_hispanic', 'unemployed', 'unstableliving', 'education', 'marital', 'UDS_Amphetamine_Count', 'UDS_Benzodiazepine_Count', 'UDS_Buprenorphine_Count', 'UDS_Cocaine_Count', 'UDS_Methadone_Count', 'UDS_Opioid_Count', 'UDS_Sedatives_Count', 'UDS_Thc_Count', 'pain', 'has_schizophrenia', 'has_major_dep', 'has_bipolar', 'has_anx_pan', 'has_brain_damage', 'has_epilepsy', 'has_alcol_dx', 'has_amphetamines_dx', 'has_cannabis_dx', 'has_cocaine_dx', 'has_sedatives_dx', 'ftnd', 'XTRT', 'shared', 'rbsivheroin', 'TLFB_Alcohol_Count', 'TLFB_Amphetamine_Count', 'TLFB_Benzodiazepine_Count', 'TLFB_Buprenorphine_Count', 'TLFB_Cocaine_Count', 'TLFB_Heroin_Count', 'TLFB_Methadone_Count', 'TLFB_Opioid_Count', 'TLFB_THC_Count', 'TLFB_Other', 'Homosexual_Behavior', 'Non_monogamous_Relationships']
2024-08-27 13:18:00,784 - INFO - Fitting logistic regression model with the selected features...
2024-08-27 13:18:01,477 - INFO - Model training completed successfully.
2024-08-27 13:18:01,477 - INFO - Calculating the dynamic threshold based on the proportion of positive outcomes...
2024-08-27 13:18:01,477 - INFO - Ratio of 1s to 0s in the outcome variable: 0.76 : 0.24
2024-08-27 13:18:01,477 - INFO - Dynamic threshold set to: 0.764
2024-08-27 13:18:01,477 - INFO - Model trained and saved successfully for subset 7.
2024-08-27 13:18:01,478 - INFO - ---------------------------
2024-08-27 13:18:01,478 - INFO - TRAIN MODEL STAGE COMPLETED FOR SUBSET 7
2024-08-27 13:18:01,478 - INFO - ---------------------------
2024-08-27 13:18:01,478 - INFO - --------------------------------
2024-08-27 13:18:01,478 - INFO - EVALUATE MODEL STAGE STARTING FOR SUBSET 7...
2024-08-27 13:18:01,478 - INFO - --------------------------------
2024-08-27 13:18:01,489 - INFO - ROC AUC Score: 0.6684710267104448
2024-08-27 13:18:01,490 - INFO - Confusion Matrix: 
[[ 32  27]
 [ 61 130]]
2024-08-27 13:18:01,490 - INFO - Precision: 0.8280254777070064
2024-08-27 13:18:01,490 - INFO - Recall: 0.680628272251309
2024-08-27 13:18:01,490 - INFO - Model evaluated successfully for subset 7.
2024-08-27 13:18:01,490 - INFO - ------------------------------
2024-08-27 13:18:01,490 - INFO - EVALUATE MODEL STAGE COMPLETED FOR SUBSET 7
2024-08-27 13:18:01,490 - INFO - ------------------------------
2024-08-27 13:18:01,491 - INFO - Subset 8 demographic makeup: 850 1, 69 3, 44 2, 37 4
2024-08-27 13:18:01,491 - INFO - Processing subset 8...
2024-08-27 13:18:01,491 - INFO - -----------------------------
2024-08-27 13:18:01,492 - INFO - TRAIN MODEL STAGE STARTING FOR SUBSET 8...
2024-08-27 13:18:01,492 - INFO - -----------------------------
2024-08-27 13:18:01,498 - INFO - Scaling features and applying LASSO for feature selection...
2024-08-27 13:18:02,516 - INFO - Selected features (including required): ['who', 'RaceEth', 'age', 'is_female', 'is_hispanic', 'unemployed', 'unstableliving', 'education', 'marital', 'UDS_Amphetamine_Count', 'UDS_Benzodiazepine_Count', 'UDS_Buprenorphine_Count', 'UDS_Cocaine_Count', 'UDS_Methadone_Count', 'UDS_Opioid_Count', 'UDS_Sedatives_Count', 'UDS_Thc_Count', 'pain', 'has_schizophrenia', 'has_major_dep', 'has_bipolar', 'has_anx_pan', 'has_brain_damage', 'has_epilepsy', 'has_alcol_dx', 'has_amphetamines_dx', 'has_cannabis_dx', 'has_cocaine_dx', 'has_sedatives_dx', 'ftnd', 'XTRT', 'shared', 'rbsivheroin', 'TLFB_Alcohol_Count', 'TLFB_Amphetamine_Count', 'TLFB_Benzodiazepine_Count', 'TLFB_Buprenorphine_Count', 'TLFB_Cocaine_Count', 'TLFB_Heroin_Count', 'TLFB_Methadone_Count', 'TLFB_Opioid_Count', 'TLFB_THC_Count', 'TLFB_Other', 'Homosexual_Behavior', 'Non_monogamous_Relationships']
2024-08-27 13:18:02,522 - INFO - Fitting logistic regression model with the selected features...
2024-08-27 13:18:06,267 - INFO - Model training completed successfully.
2024-08-27 13:18:06,270 - INFO - Calculating the dynamic threshold based on the proportion of positive outcomes...
2024-08-27 13:18:06,270 - INFO - Ratio of 1s to 0s in the outcome variable: 0.79 : 0.21
2024-08-27 13:18:06,270 - INFO - Dynamic threshold set to: 0.792
2024-08-27 13:18:06,272 - INFO - Model trained and saved successfully for subset 8.
2024-08-27 13:18:06,272 - INFO - ---------------------------
2024-08-27 13:18:06,273 - INFO - TRAIN MODEL STAGE COMPLETED FOR SUBSET 8
2024-08-27 13:18:06,273 - INFO - ---------------------------
2024-08-27 13:18:06,274 - INFO - --------------------------------
2024-08-27 13:18:06,278 - INFO - EVALUATE MODEL STAGE STARTING FOR SUBSET 8...
2024-08-27 13:18:06,278 - INFO - --------------------------------
2024-08-27 13:18:06,355 - INFO - ROC AUC Score: 0.656080031080031
2024-08-27 13:18:06,356 - INFO - Confusion Matrix: 
[[ 31  21]
 [ 87 111]]
2024-08-27 13:18:06,356 - INFO - Precision: 0.8409090909090909
2024-08-27 13:18:06,356 - INFO - Recall: 0.5606060606060606
2024-08-27 13:18:06,357 - INFO - Model evaluated successfully for subset 8.
2024-08-27 13:18:06,358 - INFO - ------------------------------
2024-08-27 13:18:06,358 - INFO - EVALUATE MODEL STAGE COMPLETED FOR SUBSET 8
2024-08-27 13:18:06,358 - INFO - ------------------------------
2024-08-27 13:18:06,366 - INFO - Subset 9 demographic makeup: 900 1, 47 3, 30 2, 23 4
2024-08-27 13:18:06,366 - INFO - Processing subset 9...
2024-08-27 13:18:06,366 - INFO - -----------------------------
2024-08-27 13:18:06,367 - INFO - TRAIN MODEL STAGE STARTING FOR SUBSET 9...
2024-08-27 13:18:06,367 - INFO - -----------------------------
2024-08-27 13:18:06,379 - INFO - Scaling features and applying LASSO for feature selection...
2024-08-27 13:18:06,780 - INFO - Selected features (including required): ['who', 'RaceEth', 'age', 'is_female', 'is_hispanic', 'unemployed', 'unstableliving', 'education', 'marital', 'UDS_Amphetamine_Count', 'UDS_Benzodiazepine_Count', 'UDS_Buprenorphine_Count', 'UDS_Cocaine_Count', 'UDS_Methadone_Count', 'UDS_Opioid_Count', 'UDS_Sedatives_Count', 'UDS_Thc_Count', 'pain', 'has_schizophrenia', 'has_major_dep', 'has_bipolar', 'has_anx_pan', 'has_brain_damage', 'has_epilepsy', 'has_alcol_dx', 'has_amphetamines_dx', 'has_cannabis_dx', 'has_cocaine_dx', 'has_sedatives_dx', 'ftnd', 'XTRT', 'shared', 'rbsivheroin', 'TLFB_Alcohol_Count', 'TLFB_Amphetamine_Count', 'TLFB_Benzodiazepine_Count', 'TLFB_Buprenorphine_Count', 'TLFB_Cocaine_Count', 'TLFB_Heroin_Count', 'TLFB_Methadone_Count', 'TLFB_Opioid_Count', 'TLFB_THC_Count', 'TLFB_Other', 'Homosexual_Behavior', 'Non_monogamous_Relationships']
2024-08-27 13:18:06,786 - INFO - Fitting logistic regression model with the selected features...
2024-08-27 13:18:07,979 - INFO - Model training completed successfully.
2024-08-27 13:18:07,980 - INFO - Calculating the dynamic threshold based on the proportion of positive outcomes...
2024-08-27 13:18:07,980 - INFO - Ratio of 1s to 0s in the outcome variable: 0.80 : 0.20
2024-08-27 13:18:07,980 - INFO - Dynamic threshold set to: 0.804
2024-08-27 13:18:07,982 - INFO - Model trained and saved successfully for subset 9.
2024-08-27 13:18:07,984 - INFO - ---------------------------
2024-08-27 13:18:07,986 - INFO - TRAIN MODEL STAGE COMPLETED FOR SUBSET 9
2024-08-27 13:18:07,986 - INFO - ---------------------------
2024-08-27 13:18:07,987 - INFO - --------------------------------
2024-08-27 13:18:07,988 - INFO - EVALUATE MODEL STAGE STARTING FOR SUBSET 9...
2024-08-27 13:18:07,988 - INFO - --------------------------------
2024-08-27 13:18:08,010 - INFO - ROC AUC Score: 0.667478931871256
2024-08-27 13:18:08,010 - INFO - Confusion Matrix: 
[[ 34  15]
 [ 93 108]]
2024-08-27 13:18:08,013 - INFO - Precision: 0.8780487804878049
2024-08-27 13:18:08,018 - INFO - Recall: 0.5373134328358209
2024-08-27 13:18:08,020 - INFO - Model evaluated successfully for subset 9.
2024-08-27 13:18:08,020 - INFO - ------------------------------
2024-08-27 13:18:08,020 - INFO - EVALUATE MODEL STAGE COMPLETED FOR SUBSET 9
2024-08-27 13:18:08,021 - INFO - ------------------------------
2024-08-27 13:18:08,022 - INFO - Subset 10 demographic makeup: 950 1, 24 3, 16 2, 10 4
2024-08-27 13:18:08,023 - INFO - Processing subset 10...
2024-08-27 13:18:08,023 - INFO - -----------------------------
2024-08-27 13:18:08,023 - INFO - TRAIN MODEL STAGE STARTING FOR SUBSET 10...
2024-08-27 13:18:08,024 - INFO - -----------------------------
2024-08-27 13:18:08,042 - INFO - Scaling features and applying LASSO for feature selection...
2024-08-27 13:18:09,178 - INFO - Selected features (including required): ['who', 'RaceEth', 'age', 'is_female', 'is_hispanic', 'unemployed', 'unstableliving', 'education', 'marital', 'UDS_Amphetamine_Count', 'UDS_Benzodiazepine_Count', 'UDS_Buprenorphine_Count', 'UDS_Cocaine_Count', 'UDS_Methadone_Count', 'UDS_Opioid_Count', 'UDS_Sedatives_Count', 'UDS_Thc_Count', 'pain', 'has_schizophrenia', 'has_major_dep', 'has_bipolar', 'has_anx_pan', 'has_brain_damage', 'has_epilepsy', 'has_alcol_dx', 'has_amphetamines_dx', 'has_cannabis_dx', 'has_cocaine_dx', 'has_sedatives_dx', 'ftnd', 'XTRT', 'shared', 'rbsivheroin', 'TLFB_Alcohol_Count', 'TLFB_Amphetamine_Count', 'TLFB_Benzodiazepine_Count', 'TLFB_Buprenorphine_Count', 'TLFB_Cocaine_Count', 'TLFB_Heroin_Count', 'TLFB_Methadone_Count', 'TLFB_Opioid_Count', 'TLFB_THC_Count', 'TLFB_Other', 'Homosexual_Behavior', 'Non_monogamous_Relationships']
2024-08-27 13:18:09,184 - INFO - Fitting logistic regression model with the selected features...
2024-08-27 13:18:10,026 - INFO - Model training completed successfully.
2024-08-27 13:18:10,026 - INFO - Calculating the dynamic threshold based on the proportion of positive outcomes...
2024-08-27 13:18:10,027 - INFO - Ratio of 1s to 0s in the outcome variable: 0.82 : 0.18
2024-08-27 13:18:10,027 - INFO - Dynamic threshold set to: 0.82
2024-08-27 13:18:10,028 - INFO - Model trained and saved successfully for subset 10.
2024-08-27 13:18:10,029 - INFO - ---------------------------
2024-08-27 13:18:10,031 - INFO - TRAIN MODEL STAGE COMPLETED FOR SUBSET 10
2024-08-27 13:18:10,033 - INFO - ---------------------------
2024-08-27 13:18:10,033 - INFO - --------------------------------
2024-08-27 13:18:10,034 - INFO - EVALUATE MODEL STAGE STARTING FOR SUBSET 10...
2024-08-27 13:18:10,035 - INFO - --------------------------------
2024-08-27 13:18:10,056 - INFO - ROC AUC Score: 0.5686720867208672
2024-08-27 13:18:10,057 - INFO - Confusion Matrix: 
[[ 29  16]
 [114  91]]
2024-08-27 13:18:10,057 - INFO - Precision: 0.8504672897196262
2024-08-27 13:18:10,057 - INFO - Recall: 0.44390243902439025
2024-08-27 13:18:10,058 - INFO - Model evaluated successfully for subset 10.
2024-08-27 13:18:10,058 - INFO - ------------------------------
2024-08-27 13:18:10,059 - INFO - EVALUATE MODEL STAGE COMPLETED FOR SUBSET 10
2024-08-27 13:18:10,060 - INFO - ------------------------------
2024-08-27 13:18:10,061 - INFO - Subset 11 demographic makeup: 1000 1
2024-08-27 13:18:10,061 - INFO - Processing subset 11...
2024-08-27 13:18:10,062 - INFO - -----------------------------
2024-08-27 13:18:10,062 - INFO - TRAIN MODEL STAGE STARTING FOR SUBSET 11...
2024-08-27 13:18:10,067 - INFO - -----------------------------
2024-08-27 13:18:10,078 - INFO - Scaling features and applying LASSO for feature selection...
2024-08-27 13:18:10,519 - INFO - Selected features (including required): ['who', 'age', 'is_female', 'unemployed', 'unstableliving', 'education', 'marital', 'UDS_Amphetamine_Count', 'UDS_Benzodiazepine_Count', 'UDS_Buprenorphine_Count', 'UDS_Cocaine_Count', 'UDS_Methadone_Count', 'UDS_Opioid_Count', 'UDS_Sedatives_Count', 'UDS_Thc_Count', 'pain', 'has_schizophrenia', 'has_major_dep', 'has_bipolar', 'has_anx_pan', 'has_brain_damage', 'has_epilepsy', 'has_alcol_dx', 'has_amphetamines_dx', 'has_cannabis_dx', 'has_cocaine_dx', 'has_sedatives_dx', 'ftnd', 'XTRT', 'shared', 'rbsivheroin', 'TLFB_Alcohol_Count', 'TLFB_Amphetamine_Count', 'TLFB_Benzodiazepine_Count', 'TLFB_Buprenorphine_Count', 'TLFB_Cocaine_Count', 'TLFB_Heroin_Count', 'TLFB_Methadone_Count', 'TLFB_Opioid_Count', 'TLFB_THC_Count', 'TLFB_Other', 'Homosexual_Behavior', 'Non_monogamous_Relationships']
2024-08-27 13:18:10,525 - INFO - Fitting logistic regression model with the selected features...
2024-08-27 13:18:11,225 - INFO - Model training completed successfully.
2024-08-27 13:18:11,226 - INFO - Calculating the dynamic threshold based on the proportion of positive outcomes...
2024-08-27 13:18:11,228 - INFO - Ratio of 1s to 0s in the outcome variable: 0.71 : 0.29
2024-08-27 13:18:11,229 - INFO - Dynamic threshold set to: 0.712
2024-08-27 13:18:11,232 - INFO - Model trained and saved successfully for subset 11.
2024-08-27 13:18:11,233 - INFO - ---------------------------
2024-08-27 13:18:11,234 - INFO - TRAIN MODEL STAGE COMPLETED FOR SUBSET 11
2024-08-27 13:18:11,234 - INFO - ---------------------------
2024-08-27 13:18:11,235 - INFO - --------------------------------
2024-08-27 13:18:11,235 - INFO - EVALUATE MODEL STAGE STARTING FOR SUBSET 11...
2024-08-27 13:18:11,235 - INFO - --------------------------------
2024-08-27 13:18:11,260 - INFO - ROC AUC Score: 0.6426342072409488
2024-08-27 13:18:11,261 - INFO - Confusion Matrix: 
[[ 33  39]
 [ 41 137]]
2024-08-27 13:18:11,261 - INFO - Precision: 0.7784090909090909
2024-08-27 13:18:11,265 - INFO - Recall: 0.7696629213483146
2024-08-27 13:18:11,266 - INFO - Model evaluated successfully for subset 11.
2024-08-27 13:18:11,267 - INFO - ------------------------------
2024-08-27 13:18:11,267 - INFO - EVALUATE MODEL STAGE COMPLETED FOR SUBSET 11
2024-08-27 13:18:11,268 - INFO - ------------------------------
2024-08-27 13:18:11,275 - INFO - Model predictions saved to csv successfully.
2024-08-27 13:18:11,276 - INFO - ------------------
2024-08-27 13:18:11,276 - INFO - PIPELINE COMPLETED
2024-08-27 13:18:11,277 - INFO - ------------------
