2024-08-27 14:06:11,699 - INFO - Global Seed set to: 42
2024-08-27 14:06:11,699 - INFO - Outcome Name: Rd_kostenB_1993
2024-08-27 14:06:11,734 - INFO - Datasets loaded successfully.
2024-08-27 14:06:11,740 - INFO - Starting preprocessing of the merged dataset...
2024-08-27 14:06:11,740 - INFO - ---------------------------------
2024-08-27 14:06:11,740 - INFO - PRE-PROCESSING STAGE STARTING...
2024-08-27 14:06:11,740 - INFO - ---------------------------------
2024-08-27 14:06:11,862 - INFO - Dropped initial columns: ['pain_when', 'is_smoker', 'per_day', 'max', 'amount', 'depression', 'anxiety', 'schizophrenia', 'max', 'amount', 'cocaine_inject_days', 'speedball_inject_days', 'opioid_inject_days', 'speed_inject_days', 'UDS_Alcohol_Count', 'UDS_Mdma/Hallucinogen_Count']
2024-08-27 14:06:11,912 - INFO - Converted Yes/No to binary.
2024-08-27 14:06:11,919 - INFO - Processed TLFB columns with specified columns: ['TLFB_Alcohol_Count', 'TLFB_Amphetamine_Count', 'TLFB_Cocaine_Count', 'TLFB_Heroin_Count', 'TLFB_Benzodiazepine_Count', 'TLFB_Opioid_Count', 'TLFB_THC_Count', 'TLFB_Methadone_Count', 'TLFB_Buprenorphine_Count']
2024-08-27 14:06:11,931 - INFO - Calculated behavioral columns.
2024-08-27 14:06:11,933 - INFO - Moved 'Rd_kostenB_1993' column to the end.
2024-08-27 14:06:12,048 - INFO - Dropped initial columns: ['msm_npt', 'msm_frq', 'txx_prt']
2024-08-27 14:06:12,063 - INFO - transform_data_with_nan_handling success
2024-08-27 14:06:12,064 - INFO - Renamed columns according to the mapping.
2024-08-27 14:06:12,085 - INFO - Transformed NaN to 0 for binary columns.
2024-08-27 14:06:12,086 - INFO - Transformed and renamed 'heroin_inject_days' column to 'rbsivheroin'.
2024-08-27 14:06:12,087 - INFO - Filled NaN with 0 for 'ftnd' column.
2024-08-27 14:06:12,165 - INFO - Dropped additional columns: ['rbs_iv_days', 'race', 'RBS_cocaine_Days', 'RBS_heroin_Days', 'RBS_opioid_Days', 'RBS_speed_Days', 'RBS_speedball_Days']
2024-08-27 14:06:12,180 - INFO - Converted UDS drug counts to binary.
2024-08-27 14:06:12,249 - INFO - ------------------------------
2024-08-27 14:06:12,249 - INFO - PRE-PROCESSING STAGE COMPLETED
2024-08-27 14:06:12,249 - INFO - ------------------------------
2024-08-27 14:06:12,249 - INFO - Merged dataset preprocessed successfully.
2024-08-27 14:06:12,249 - INFO - Creating demographic subsets from preprocessed data...
2024-08-27 14:06:12,445 - INFO - Created 11 subsets successfully.
2024-08-27 14:06:12,445 - INFO - Creating merged subsets from create_demographics_dfs function
2024-08-27 14:06:12,549 - INFO - Created 11 merged subsets successfully.
2024-08-27 14:06:12,551 - INFO - Subset 1 demographic makeup: 500 1, 248 3, 150 2, 102 4
2024-08-27 14:06:12,551 - INFO - Processing subset 1...
2024-08-27 14:06:12,553 - INFO - -----------------------------
2024-08-27 14:06:12,554 - INFO - TRAIN MODEL STAGE STARTING FOR SUBSET 1...
2024-08-27 14:06:12,555 - INFO - -----------------------------
2024-08-27 14:06:12,569 - INFO - Scaling features and applying LASSO for feature selection...
2024-08-27 14:06:12,828 - INFO - Selected features (including required): ['who', 'RaceEth', 'age', 'is_female', 'is_hispanic', 'unemployed', 'unstableliving', 'education', 'marital', 'UDS_Amphetamine_Count', 'UDS_Benzodiazepine_Count', 'UDS_Buprenorphine_Count', 'UDS_Cocaine_Count', 'UDS_Methadone_Count', 'UDS_Opioid_Count', 'UDS_Sedatives_Count', 'UDS_Thc_Count', 'pain', 'has_schizophrenia', 'has_major_dep', 'has_bipolar', 'has_anx_pan', 'has_brain_damage', 'has_epilepsy', 'has_alcol_dx', 'has_amphetamines_dx', 'has_cannabis_dx', 'has_cocaine_dx', 'has_sedatives_dx', 'ftnd', 'XTRT', 'shared', 'rbsivheroin', 'TLFB_Alcohol_Count', 'TLFB_Amphetamine_Count', 'TLFB_Benzodiazepine_Count', 'TLFB_Buprenorphine_Count', 'TLFB_Cocaine_Count', 'TLFB_Heroin_Count', 'TLFB_Methadone_Count', 'TLFB_Opioid_Count', 'TLFB_THC_Count', 'TLFB_Other', 'Homosexual_Behavior', 'Non_monogamous_Relationships']
2024-08-27 14:06:12,836 - INFO - Fitting logistic regression model with the selected features...
2024-08-27 14:06:13,668 - INFO - Model training completed successfully.
2024-08-27 14:06:13,668 - INFO - Calculating the dynamic threshold based on the proportion of positive outcomes...
2024-08-27 14:06:13,669 - INFO - Ratio of 1s to 0s in the outcome variable: 0.59 : 0.41
2024-08-27 14:06:13,670 - INFO - Dynamic threshold set to: 0.588
2024-08-27 14:06:13,670 - INFO - Model trained and saved successfully for subset 1.
2024-08-27 14:06:13,670 - INFO - ---------------------------
2024-08-27 14:06:13,671 - INFO - TRAIN MODEL STAGE COMPLETED FOR SUBSET 1
2024-08-27 14:06:13,671 - INFO - ---------------------------
2024-08-27 14:06:13,672 - INFO - --------------------------------
2024-08-27 14:06:13,672 - INFO - EVALUATE MODEL STAGE STARTING FOR SUBSET 1...
2024-08-27 14:06:13,673 - INFO - --------------------------------
2024-08-27 14:06:13,690 - INFO - ROC AUC Score: 0.6867446007529225
2024-08-27 14:06:13,691 - INFO - Confusion Matrix: 
[[79 24]
 [74 73]]
2024-08-27 14:06:13,691 - INFO - Precision: 0.7525773195876289
2024-08-27 14:06:13,691 - INFO - Recall: 0.4965986394557823
2024-08-27 14:06:13,691 - INFO - Model evaluated successfully for subset 1.
2024-08-27 14:06:13,691 - INFO - ------------------------------
2024-08-27 14:06:13,691 - INFO - EVALUATE MODEL STAGE COMPLETED FOR SUBSET 1
2024-08-27 14:06:13,691 - INFO - ------------------------------
2024-08-27 14:06:13,692 - INFO - Subset 2 demographic makeup: 550 1, 222 3, 133 2, 95 4
2024-08-27 14:06:13,692 - INFO - Processing subset 2...
2024-08-27 14:06:13,692 - INFO - -----------------------------
2024-08-27 14:06:13,692 - INFO - TRAIN MODEL STAGE STARTING FOR SUBSET 2...
2024-08-27 14:06:13,693 - INFO - -----------------------------
2024-08-27 14:06:13,699 - INFO - Scaling features and applying LASSO for feature selection...
2024-08-27 14:06:13,915 - INFO - Selected features (including required): ['who', 'RaceEth', 'age', 'is_female', 'is_hispanic', 'unemployed', 'unstableliving', 'education', 'marital', 'UDS_Amphetamine_Count', 'UDS_Benzodiazepine_Count', 'UDS_Buprenorphine_Count', 'UDS_Cocaine_Count', 'UDS_Methadone_Count', 'UDS_Opioid_Count', 'UDS_Sedatives_Count', 'UDS_Thc_Count', 'pain', 'has_schizophrenia', 'has_major_dep', 'has_bipolar', 'has_anx_pan', 'has_brain_damage', 'has_epilepsy', 'has_alcol_dx', 'has_amphetamines_dx', 'has_cannabis_dx', 'has_cocaine_dx', 'has_sedatives_dx', 'ftnd', 'XTRT', 'shared', 'rbsivheroin', 'TLFB_Alcohol_Count', 'TLFB_Amphetamine_Count', 'TLFB_Benzodiazepine_Count', 'TLFB_Buprenorphine_Count', 'TLFB_Cocaine_Count', 'TLFB_Heroin_Count', 'TLFB_Methadone_Count', 'TLFB_Opioid_Count', 'TLFB_THC_Count', 'TLFB_Other', 'Homosexual_Behavior', 'Non_monogamous_Relationships']
2024-08-27 14:06:13,921 - INFO - Fitting logistic regression model with the selected features...
2024-08-27 14:06:14,355 - INFO - Model training completed successfully.
2024-08-27 14:06:14,355 - INFO - Calculating the dynamic threshold based on the proportion of positive outcomes...
2024-08-27 14:06:14,355 - INFO - Ratio of 1s to 0s in the outcome variable: 0.53 : 0.47
2024-08-27 14:06:14,355 - INFO - Dynamic threshold set to: 0.532
2024-08-27 14:06:14,355 - INFO - Model trained and saved successfully for subset 2.
2024-08-27 14:06:14,355 - INFO - ---------------------------
2024-08-27 14:06:14,356 - INFO - TRAIN MODEL STAGE COMPLETED FOR SUBSET 2
2024-08-27 14:06:14,356 - INFO - ---------------------------
2024-08-27 14:06:14,356 - INFO - --------------------------------
2024-08-27 14:06:14,356 - INFO - EVALUATE MODEL STAGE STARTING FOR SUBSET 2...
2024-08-27 14:06:14,356 - INFO - --------------------------------
2024-08-27 14:06:14,370 - INFO - ROC AUC Score: 0.644367328577855
2024-08-27 14:06:14,370 - INFO - Confusion Matrix: 
[[71 46]
 [47 86]]
2024-08-27 14:06:14,370 - INFO - Precision: 0.6515151515151515
2024-08-27 14:06:14,370 - INFO - Recall: 0.6466165413533834
2024-08-27 14:06:14,371 - INFO - Model evaluated successfully for subset 2.
2024-08-27 14:06:14,371 - INFO - ------------------------------
2024-08-27 14:06:14,371 - INFO - EVALUATE MODEL STAGE COMPLETED FOR SUBSET 2
2024-08-27 14:06:14,371 - INFO - ------------------------------
2024-08-27 14:06:14,371 - INFO - Subset 3 demographic makeup: 600 1, 199 3, 117 2, 84 4
2024-08-27 14:06:14,372 - INFO - Processing subset 3...
2024-08-27 14:06:14,372 - INFO - -----------------------------
2024-08-27 14:06:14,372 - INFO - TRAIN MODEL STAGE STARTING FOR SUBSET 3...
2024-08-27 14:06:14,372 - INFO - -----------------------------
2024-08-27 14:06:14,378 - INFO - Scaling features and applying LASSO for feature selection...
2024-08-27 14:06:14,604 - INFO - Selected features (including required): ['who', 'RaceEth', 'age', 'is_female', 'is_hispanic', 'unemployed', 'unstableliving', 'education', 'marital', 'UDS_Amphetamine_Count', 'UDS_Benzodiazepine_Count', 'UDS_Buprenorphine_Count', 'UDS_Cocaine_Count', 'UDS_Methadone_Count', 'UDS_Opioid_Count', 'UDS_Sedatives_Count', 'UDS_Thc_Count', 'pain', 'has_schizophrenia', 'has_major_dep', 'has_bipolar', 'has_anx_pan', 'has_brain_damage', 'has_epilepsy', 'has_alcol_dx', 'has_amphetamines_dx', 'has_cannabis_dx', 'has_cocaine_dx', 'has_sedatives_dx', 'ftnd', 'XTRT', 'shared', 'rbsivheroin', 'TLFB_Alcohol_Count', 'TLFB_Amphetamine_Count', 'TLFB_Benzodiazepine_Count', 'TLFB_Buprenorphine_Count', 'TLFB_Cocaine_Count', 'TLFB_Heroin_Count', 'TLFB_Methadone_Count', 'TLFB_Opioid_Count', 'TLFB_THC_Count', 'TLFB_Other', 'Homosexual_Behavior', 'Non_monogamous_Relationships']
2024-08-27 14:06:14,609 - INFO - Fitting logistic regression model with the selected features...
2024-08-27 14:06:15,202 - INFO - Model training completed successfully.
2024-08-27 14:06:15,202 - INFO - Calculating the dynamic threshold based on the proportion of positive outcomes...
2024-08-27 14:06:15,202 - INFO - Ratio of 1s to 0s in the outcome variable: 0.54 : 0.46
2024-08-27 14:06:15,202 - INFO - Dynamic threshold set to: 0.544
2024-08-27 14:06:15,203 - INFO - Model trained and saved successfully for subset 3.
2024-08-27 14:06:15,203 - INFO - ---------------------------
2024-08-27 14:06:15,203 - INFO - TRAIN MODEL STAGE COMPLETED FOR SUBSET 3
2024-08-27 14:06:15,203 - INFO - ---------------------------
2024-08-27 14:06:15,203 - INFO - --------------------------------
2024-08-27 14:06:15,203 - INFO - EVALUATE MODEL STAGE STARTING FOR SUBSET 3...
2024-08-27 14:06:15,203 - INFO - --------------------------------
2024-08-27 14:06:15,216 - INFO - ROC AUC Score: 0.7028508771929826
2024-08-27 14:06:15,216 - INFO - Confusion Matrix: 
[[88 26]
 [61 75]]
2024-08-27 14:06:15,216 - INFO - Precision: 0.7425742574257426
2024-08-27 14:06:15,216 - INFO - Recall: 0.5514705882352942
2024-08-27 14:06:15,216 - INFO - Model evaluated successfully for subset 3.
2024-08-27 14:06:15,217 - INFO - ------------------------------
2024-08-27 14:06:15,217 - INFO - EVALUATE MODEL STAGE COMPLETED FOR SUBSET 3
2024-08-27 14:06:15,217 - INFO - ------------------------------
2024-08-27 14:06:15,217 - INFO - Subset 4 demographic makeup: 650 1, 174 3, 102 2, 74 4
2024-08-27 14:06:15,218 - INFO - Processing subset 4...
2024-08-27 14:06:15,218 - INFO - -----------------------------
2024-08-27 14:06:15,219 - INFO - TRAIN MODEL STAGE STARTING FOR SUBSET 4...
2024-08-27 14:06:15,219 - INFO - -----------------------------
2024-08-27 14:06:15,225 - INFO - Scaling features and applying LASSO for feature selection...
2024-08-27 14:06:15,622 - INFO - Selected features (including required): ['who', 'RaceEth', 'age', 'is_female', 'is_hispanic', 'unemployed', 'unstableliving', 'education', 'marital', 'UDS_Amphetamine_Count', 'UDS_Benzodiazepine_Count', 'UDS_Buprenorphine_Count', 'UDS_Cocaine_Count', 'UDS_Methadone_Count', 'UDS_Opioid_Count', 'UDS_Sedatives_Count', 'UDS_Thc_Count', 'pain', 'has_schizophrenia', 'has_major_dep', 'has_bipolar', 'has_anx_pan', 'has_brain_damage', 'has_epilepsy', 'has_alcol_dx', 'has_amphetamines_dx', 'has_cannabis_dx', 'has_cocaine_dx', 'has_sedatives_dx', 'ftnd', 'XTRT', 'shared', 'rbsivheroin', 'TLFB_Alcohol_Count', 'TLFB_Amphetamine_Count', 'TLFB_Benzodiazepine_Count', 'TLFB_Buprenorphine_Count', 'TLFB_Cocaine_Count', 'TLFB_Heroin_Count', 'TLFB_Methadone_Count', 'TLFB_Opioid_Count', 'TLFB_THC_Count', 'TLFB_Other', 'Homosexual_Behavior', 'Non_monogamous_Relationships']
2024-08-27 14:06:15,628 - INFO - Fitting logistic regression model with the selected features...
2024-08-27 14:06:16,361 - INFO - Model training completed successfully.
2024-08-27 14:06:16,361 - INFO - Calculating the dynamic threshold based on the proportion of positive outcomes...
2024-08-27 14:06:16,362 - INFO - Ratio of 1s to 0s in the outcome variable: 0.50 : 0.50
2024-08-27 14:06:16,362 - INFO - Dynamic threshold set to: 0.496
2024-08-27 14:06:16,363 - INFO - Model trained and saved successfully for subset 4.
2024-08-27 14:06:16,364 - INFO - ---------------------------
2024-08-27 14:06:16,365 - INFO - TRAIN MODEL STAGE COMPLETED FOR SUBSET 4
2024-08-27 14:06:16,367 - INFO - ---------------------------
2024-08-27 14:06:16,367 - INFO - --------------------------------
2024-08-27 14:06:16,368 - INFO - EVALUATE MODEL STAGE STARTING FOR SUBSET 4...
2024-08-27 14:06:16,368 - INFO - --------------------------------
2024-08-27 14:06:16,390 - INFO - ROC AUC Score: 0.6571940604198669
2024-08-27 14:06:16,393 - INFO - Confusion Matrix: 
[[66 60]
 [39 85]]
2024-08-27 14:06:16,395 - INFO - Precision: 0.5862068965517241
2024-08-27 14:06:16,395 - INFO - Recall: 0.6854838709677419
2024-08-27 14:06:16,396 - INFO - Model evaluated successfully for subset 4.
2024-08-27 14:06:16,396 - INFO - ------------------------------
2024-08-27 14:06:16,399 - INFO - EVALUATE MODEL STAGE COMPLETED FOR SUBSET 4
2024-08-27 14:06:16,399 - INFO - ------------------------------
2024-08-27 14:06:16,401 - INFO - Subset 5 demographic makeup: 700 1, 148 3, 86 2, 66 4
2024-08-27 14:06:16,401 - INFO - Processing subset 5...
2024-08-27 14:06:16,402 - INFO - -----------------------------
2024-08-27 14:06:16,402 - INFO - TRAIN MODEL STAGE STARTING FOR SUBSET 5...
2024-08-27 14:06:16,403 - INFO - -----------------------------
2024-08-27 14:06:16,412 - INFO - Scaling features and applying LASSO for feature selection...
2024-08-27 14:06:17,284 - INFO - Selected features (including required): ['who', 'RaceEth', 'age', 'is_female', 'is_hispanic', 'unemployed', 'unstableliving', 'education', 'marital', 'UDS_Amphetamine_Count', 'UDS_Benzodiazepine_Count', 'UDS_Buprenorphine_Count', 'UDS_Cocaine_Count', 'UDS_Methadone_Count', 'UDS_Opioid_Count', 'UDS_Sedatives_Count', 'UDS_Thc_Count', 'pain', 'has_schizophrenia', 'has_major_dep', 'has_bipolar', 'has_anx_pan', 'has_brain_damage', 'has_epilepsy', 'has_alcol_dx', 'has_amphetamines_dx', 'has_cannabis_dx', 'has_cocaine_dx', 'has_sedatives_dx', 'ftnd', 'XTRT', 'shared', 'rbsivheroin', 'TLFB_Alcohol_Count', 'TLFB_Amphetamine_Count', 'TLFB_Benzodiazepine_Count', 'TLFB_Buprenorphine_Count', 'TLFB_Cocaine_Count', 'TLFB_Heroin_Count', 'TLFB_Methadone_Count', 'TLFB_Opioid_Count', 'TLFB_THC_Count', 'TLFB_Other', 'Homosexual_Behavior', 'Non_monogamous_Relationships']
2024-08-27 14:06:17,290 - INFO - Fitting logistic regression model with the selected features...
2024-08-27 14:06:18,214 - INFO - Model training completed successfully.
2024-08-27 14:06:18,214 - INFO - Calculating the dynamic threshold based on the proportion of positive outcomes...
2024-08-27 14:06:18,214 - INFO - Ratio of 1s to 0s in the outcome variable: 0.50 : 0.50
2024-08-27 14:06:18,214 - INFO - Dynamic threshold set to: 0.504
2024-08-27 14:06:18,215 - INFO - Model trained and saved successfully for subset 5.
2024-08-27 14:06:18,215 - INFO - ---------------------------
2024-08-27 14:06:18,215 - INFO - TRAIN MODEL STAGE COMPLETED FOR SUBSET 5
2024-08-27 14:06:18,215 - INFO - ---------------------------
2024-08-27 14:06:18,215 - INFO - --------------------------------
2024-08-27 14:06:18,215 - INFO - EVALUATE MODEL STAGE STARTING FOR SUBSET 5...
2024-08-27 14:06:18,215 - INFO - --------------------------------
2024-08-27 14:06:18,227 - INFO - ROC AUC Score: 0.6385048643113159
2024-08-27 14:06:18,230 - INFO - Confusion Matrix: 
[[70 54]
 [47 79]]
2024-08-27 14:06:18,230 - INFO - Precision: 0.5939849624060151
2024-08-27 14:06:18,231 - INFO - Recall: 0.626984126984127
2024-08-27 14:06:18,231 - INFO - Model evaluated successfully for subset 5.
2024-08-27 14:06:18,232 - INFO - ------------------------------
2024-08-27 14:06:18,232 - INFO - EVALUATE MODEL STAGE COMPLETED FOR SUBSET 5
2024-08-27 14:06:18,233 - INFO - ------------------------------
2024-08-27 14:06:18,234 - INFO - Subset 6 demographic makeup: 750 1, 122 3, 72 2, 56 4
2024-08-27 14:06:18,234 - INFO - Processing subset 6...
2024-08-27 14:06:18,235 - INFO - -----------------------------
2024-08-27 14:06:18,235 - INFO - TRAIN MODEL STAGE STARTING FOR SUBSET 6...
2024-08-27 14:06:18,235 - INFO - -----------------------------
2024-08-27 14:06:18,244 - INFO - Scaling features and applying LASSO for feature selection...
2024-08-27 14:06:18,534 - INFO - Selected features (including required): ['who', 'RaceEth', 'age', 'is_female', 'is_hispanic', 'unemployed', 'unstableliving', 'education', 'marital', 'UDS_Amphetamine_Count', 'UDS_Benzodiazepine_Count', 'UDS_Buprenorphine_Count', 'UDS_Cocaine_Count', 'UDS_Methadone_Count', 'UDS_Opioid_Count', 'UDS_Sedatives_Count', 'UDS_Thc_Count', 'pain', 'has_schizophrenia', 'has_major_dep', 'has_bipolar', 'has_anx_pan', 'has_brain_damage', 'has_epilepsy', 'has_alcol_dx', 'has_amphetamines_dx', 'has_cannabis_dx', 'has_cocaine_dx', 'has_sedatives_dx', 'ftnd', 'XTRT', 'shared', 'rbsivheroin', 'TLFB_Alcohol_Count', 'TLFB_Amphetamine_Count', 'TLFB_Benzodiazepine_Count', 'TLFB_Buprenorphine_Count', 'TLFB_Cocaine_Count', 'TLFB_Heroin_Count', 'TLFB_Methadone_Count', 'TLFB_Opioid_Count', 'TLFB_THC_Count', 'TLFB_Other', 'Homosexual_Behavior', 'Non_monogamous_Relationships']
2024-08-27 14:06:18,540 - INFO - Fitting logistic regression model with the selected features...
2024-08-27 14:06:19,051 - INFO - Model training completed successfully.
2024-08-27 14:06:19,051 - INFO - Calculating the dynamic threshold based on the proportion of positive outcomes...
2024-08-27 14:06:19,051 - INFO - Ratio of 1s to 0s in the outcome variable: 0.51 : 0.49
2024-08-27 14:06:19,051 - INFO - Dynamic threshold set to: 0.512
2024-08-27 14:06:19,051 - INFO - Model trained and saved successfully for subset 6.
2024-08-27 14:06:19,051 - INFO - ---------------------------
2024-08-27 14:06:19,051 - INFO - TRAIN MODEL STAGE COMPLETED FOR SUBSET 6
2024-08-27 14:06:19,052 - INFO - ---------------------------
2024-08-27 14:06:19,052 - INFO - --------------------------------
2024-08-27 14:06:19,052 - INFO - EVALUATE MODEL STAGE STARTING FOR SUBSET 6...
2024-08-27 14:06:19,052 - INFO - --------------------------------
2024-08-27 14:06:19,065 - INFO - ROC AUC Score: 0.7013319672131146
2024-08-27 14:06:19,066 - INFO - Confusion Matrix: 
[[80 42]
 [42 86]]
2024-08-27 14:06:19,066 - INFO - Precision: 0.671875
2024-08-27 14:06:19,066 - INFO - Recall: 0.671875
2024-08-27 14:06:19,066 - INFO - Model evaluated successfully for subset 6.
2024-08-27 14:06:19,066 - INFO - ------------------------------
2024-08-27 14:06:19,066 - INFO - EVALUATE MODEL STAGE COMPLETED FOR SUBSET 6
2024-08-27 14:06:19,066 - INFO - ------------------------------
2024-08-27 14:06:19,067 - INFO - Subset 7 demographic makeup: 800 1, 96 3, 59 2, 45 4
2024-08-27 14:06:19,067 - INFO - Processing subset 7...
2024-08-27 14:06:19,067 - INFO - -----------------------------
2024-08-27 14:06:19,067 - INFO - TRAIN MODEL STAGE STARTING FOR SUBSET 7...
2024-08-27 14:06:19,067 - INFO - -----------------------------
2024-08-27 14:06:19,074 - INFO - Scaling features and applying LASSO for feature selection...
2024-08-27 14:06:20,530 - INFO - Selected features (including required): ['who', 'RaceEth', 'age', 'is_female', 'is_hispanic', 'unemployed', 'unstableliving', 'education', 'marital', 'UDS_Amphetamine_Count', 'UDS_Benzodiazepine_Count', 'UDS_Buprenorphine_Count', 'UDS_Cocaine_Count', 'UDS_Methadone_Count', 'UDS_Opioid_Count', 'UDS_Sedatives_Count', 'UDS_Thc_Count', 'pain', 'has_schizophrenia', 'has_major_dep', 'has_bipolar', 'has_anx_pan', 'has_brain_damage', 'has_epilepsy', 'has_alcol_dx', 'has_amphetamines_dx', 'has_cannabis_dx', 'has_cocaine_dx', 'has_sedatives_dx', 'ftnd', 'XTRT', 'shared', 'rbsivheroin', 'TLFB_Alcohol_Count', 'TLFB_Amphetamine_Count', 'TLFB_Benzodiazepine_Count', 'TLFB_Buprenorphine_Count', 'TLFB_Cocaine_Count', 'TLFB_Heroin_Count', 'TLFB_Methadone_Count', 'TLFB_Opioid_Count', 'TLFB_THC_Count', 'TLFB_Other', 'Homosexual_Behavior', 'Non_monogamous_Relationships']
2024-08-27 14:06:20,535 - INFO - Fitting logistic regression model with the selected features...
2024-08-27 14:06:21,345 - INFO - Model training completed successfully.
2024-08-27 14:06:21,345 - INFO - Calculating the dynamic threshold based on the proportion of positive outcomes...
2024-08-27 14:06:21,345 - INFO - Ratio of 1s to 0s in the outcome variable: 0.52 : 0.48
2024-08-27 14:06:21,345 - INFO - Dynamic threshold set to: 0.516
2024-08-27 14:06:21,345 - INFO - Model trained and saved successfully for subset 7.
2024-08-27 14:06:21,346 - INFO - ---------------------------
2024-08-27 14:06:21,346 - INFO - TRAIN MODEL STAGE COMPLETED FOR SUBSET 7
2024-08-27 14:06:21,346 - INFO - ---------------------------
2024-08-27 14:06:21,346 - INFO - --------------------------------
2024-08-27 14:06:21,346 - INFO - EVALUATE MODEL STAGE STARTING FOR SUBSET 7...
2024-08-27 14:06:21,346 - INFO - --------------------------------
2024-08-27 14:06:21,358 - INFO - ROC AUC Score: 0.645140623998975
2024-08-27 14:06:21,359 - INFO - Confusion Matrix: 
[[77 44]
 [51 78]]
2024-08-27 14:06:21,361 - INFO - Precision: 0.639344262295082
2024-08-27 14:06:21,361 - INFO - Recall: 0.6046511627906976
2024-08-27 14:06:21,361 - INFO - Model evaluated successfully for subset 7.
2024-08-27 14:06:21,361 - INFO - ------------------------------
2024-08-27 14:06:21,361 - INFO - EVALUATE MODEL STAGE COMPLETED FOR SUBSET 7
2024-08-27 14:06:21,362 - INFO - ------------------------------
2024-08-27 14:06:21,362 - INFO - Subset 8 demographic makeup: 850 1, 69 3, 44 2, 37 4
2024-08-27 14:06:21,362 - INFO - Processing subset 8...
2024-08-27 14:06:21,362 - INFO - -----------------------------
2024-08-27 14:06:21,363 - INFO - TRAIN MODEL STAGE STARTING FOR SUBSET 8...
2024-08-27 14:06:21,363 - INFO - -----------------------------
2024-08-27 14:06:21,368 - INFO - Scaling features and applying LASSO for feature selection...
2024-08-27 14:06:22,294 - INFO - Selected features (including required): ['who', 'RaceEth', 'age', 'is_female', 'is_hispanic', 'unemployed', 'unstableliving', 'education', 'marital', 'UDS_Amphetamine_Count', 'UDS_Benzodiazepine_Count', 'UDS_Buprenorphine_Count', 'UDS_Cocaine_Count', 'UDS_Methadone_Count', 'UDS_Opioid_Count', 'UDS_Sedatives_Count', 'UDS_Thc_Count', 'pain', 'has_schizophrenia', 'has_major_dep', 'has_bipolar', 'has_anx_pan', 'has_brain_damage', 'has_epilepsy', 'has_alcol_dx', 'has_amphetamines_dx', 'has_cannabis_dx', 'has_cocaine_dx', 'has_sedatives_dx', 'ftnd', 'XTRT', 'shared', 'rbsivheroin', 'TLFB_Alcohol_Count', 'TLFB_Amphetamine_Count', 'TLFB_Benzodiazepine_Count', 'TLFB_Buprenorphine_Count', 'TLFB_Cocaine_Count', 'TLFB_Heroin_Count', 'TLFB_Methadone_Count', 'TLFB_Opioid_Count', 'TLFB_THC_Count', 'TLFB_Other', 'Homosexual_Behavior', 'Non_monogamous_Relationships']
2024-08-27 14:06:22,299 - INFO - Fitting logistic regression model with the selected features...
2024-08-27 14:06:22,891 - INFO - Model training completed successfully.
2024-08-27 14:06:22,891 - INFO - Calculating the dynamic threshold based on the proportion of positive outcomes...
2024-08-27 14:06:22,891 - INFO - Ratio of 1s to 0s in the outcome variable: 0.52 : 0.48
2024-08-27 14:06:22,891 - INFO - Dynamic threshold set to: 0.52
2024-08-27 14:06:22,891 - INFO - Model trained and saved successfully for subset 8.
2024-08-27 14:06:22,891 - INFO - ---------------------------
2024-08-27 14:06:22,891 - INFO - TRAIN MODEL STAGE COMPLETED FOR SUBSET 8
2024-08-27 14:06:22,891 - INFO - ---------------------------
2024-08-27 14:06:22,892 - INFO - --------------------------------
2024-08-27 14:06:22,892 - INFO - EVALUATE MODEL STAGE STARTING FOR SUBSET 8...
2024-08-27 14:06:22,892 - INFO - --------------------------------
2024-08-27 14:06:22,904 - INFO - ROC AUC Score: 0.6386538461538461
2024-08-27 14:06:22,904 - INFO - Confusion Matrix: 
[[71 49]
 [50 80]]
2024-08-27 14:06:22,904 - INFO - Precision: 0.6201550387596899
2024-08-27 14:06:22,904 - INFO - Recall: 0.6153846153846154
2024-08-27 14:06:22,906 - INFO - Model evaluated successfully for subset 8.
2024-08-27 14:06:22,907 - INFO - ------------------------------
2024-08-27 14:06:22,907 - INFO - EVALUATE MODEL STAGE COMPLETED FOR SUBSET 8
2024-08-27 14:06:22,909 - INFO - ------------------------------
2024-08-27 14:06:22,912 - INFO - Subset 9 demographic makeup: 900 1, 47 3, 30 2, 23 4
2024-08-27 14:06:22,912 - INFO - Processing subset 9...
2024-08-27 14:06:22,914 - INFO - -----------------------------
2024-08-27 14:06:22,915 - INFO - TRAIN MODEL STAGE STARTING FOR SUBSET 9...
2024-08-27 14:06:22,916 - INFO - -----------------------------
2024-08-27 14:06:22,924 - INFO - Scaling features and applying LASSO for feature selection...
2024-08-27 14:06:23,254 - INFO - Selected features (including required): ['who', 'RaceEth', 'age', 'is_female', 'is_hispanic', 'unemployed', 'unstableliving', 'education', 'marital', 'UDS_Amphetamine_Count', 'UDS_Benzodiazepine_Count', 'UDS_Buprenorphine_Count', 'UDS_Cocaine_Count', 'UDS_Methadone_Count', 'UDS_Opioid_Count', 'UDS_Sedatives_Count', 'UDS_Thc_Count', 'pain', 'has_schizophrenia', 'has_major_dep', 'has_bipolar', 'has_anx_pan', 'has_brain_damage', 'has_epilepsy', 'has_alcol_dx', 'has_amphetamines_dx', 'has_cannabis_dx', 'has_cocaine_dx', 'has_sedatives_dx', 'ftnd', 'XTRT', 'shared', 'rbsivheroin', 'TLFB_Alcohol_Count', 'TLFB_Amphetamine_Count', 'TLFB_Benzodiazepine_Count', 'TLFB_Buprenorphine_Count', 'TLFB_Cocaine_Count', 'TLFB_Heroin_Count', 'TLFB_Methadone_Count', 'TLFB_Opioid_Count', 'TLFB_THC_Count', 'TLFB_Other', 'Homosexual_Behavior', 'Non_monogamous_Relationships']
2024-08-27 14:06:23,259 - INFO - Fitting logistic regression model with the selected features...
2024-08-27 14:06:24,130 - INFO - Model training completed successfully.
2024-08-27 14:06:24,130 - INFO - Calculating the dynamic threshold based on the proportion of positive outcomes...
2024-08-27 14:06:24,131 - INFO - Ratio of 1s to 0s in the outcome variable: 0.47 : 0.53
2024-08-27 14:06:24,131 - INFO - Dynamic threshold set to: 0.472
2024-08-27 14:06:24,131 - INFO - Model trained and saved successfully for subset 9.
2024-08-27 14:06:24,131 - INFO - ---------------------------
2024-08-27 14:06:24,131 - INFO - TRAIN MODEL STAGE COMPLETED FOR SUBSET 9
2024-08-27 14:06:24,131 - INFO - ---------------------------
2024-08-27 14:06:24,131 - INFO - --------------------------------
2024-08-27 14:06:24,131 - INFO - EVALUATE MODEL STAGE STARTING FOR SUBSET 9...
2024-08-27 14:06:24,131 - INFO - --------------------------------
2024-08-27 14:06:24,143 - INFO - ROC AUC Score: 0.6154340010272213
2024-08-27 14:06:24,143 - INFO - Confusion Matrix: 
[[59 73]
 [36 82]]
2024-08-27 14:06:24,143 - INFO - Precision: 0.5290322580645161
2024-08-27 14:06:24,143 - INFO - Recall: 0.6949152542372882
2024-08-27 14:06:24,143 - INFO - Model evaluated successfully for subset 9.
2024-08-27 14:06:24,143 - INFO - ------------------------------
2024-08-27 14:06:24,143 - INFO - EVALUATE MODEL STAGE COMPLETED FOR SUBSET 9
2024-08-27 14:06:24,144 - INFO - ------------------------------
2024-08-27 14:06:24,144 - INFO - Subset 10 demographic makeup: 950 1, 24 3, 16 2, 10 4
2024-08-27 14:06:24,145 - INFO - Processing subset 10...
2024-08-27 14:06:24,145 - INFO - -----------------------------
2024-08-27 14:06:24,145 - INFO - TRAIN MODEL STAGE STARTING FOR SUBSET 10...
2024-08-27 14:06:24,145 - INFO - -----------------------------
2024-08-27 14:06:24,153 - INFO - Scaling features and applying LASSO for feature selection...
2024-08-27 14:06:24,441 - INFO - Selected features (including required): ['who', 'RaceEth', 'age', 'is_female', 'is_hispanic', 'unemployed', 'unstableliving', 'education', 'marital', 'UDS_Amphetamine_Count', 'UDS_Benzodiazepine_Count', 'UDS_Buprenorphine_Count', 'UDS_Cocaine_Count', 'UDS_Methadone_Count', 'UDS_Opioid_Count', 'UDS_Sedatives_Count', 'UDS_Thc_Count', 'pain', 'has_schizophrenia', 'has_major_dep', 'has_bipolar', 'has_anx_pan', 'has_brain_damage', 'has_epilepsy', 'has_alcol_dx', 'has_amphetamines_dx', 'has_cannabis_dx', 'has_cocaine_dx', 'has_sedatives_dx', 'ftnd', 'XTRT', 'shared', 'rbsivheroin', 'TLFB_Alcohol_Count', 'TLFB_Amphetamine_Count', 'TLFB_Benzodiazepine_Count', 'TLFB_Buprenorphine_Count', 'TLFB_Cocaine_Count', 'TLFB_Heroin_Count', 'TLFB_Methadone_Count', 'TLFB_Opioid_Count', 'TLFB_THC_Count', 'TLFB_Other', 'Homosexual_Behavior', 'Non_monogamous_Relationships']
2024-08-27 14:06:24,446 - INFO - Fitting logistic regression model with the selected features...
2024-08-27 14:06:24,927 - INFO - Model training completed successfully.
2024-08-27 14:06:24,927 - INFO - Calculating the dynamic threshold based on the proportion of positive outcomes...
2024-08-27 14:06:24,927 - INFO - Ratio of 1s to 0s in the outcome variable: 0.48 : 0.52
2024-08-27 14:06:24,927 - INFO - Dynamic threshold set to: 0.48
2024-08-27 14:06:24,928 - INFO - Model trained and saved successfully for subset 10.
2024-08-27 14:06:24,928 - INFO - ---------------------------
2024-08-27 14:06:24,928 - INFO - TRAIN MODEL STAGE COMPLETED FOR SUBSET 10
2024-08-27 14:06:24,928 - INFO - ---------------------------
2024-08-27 14:06:24,928 - INFO - --------------------------------
2024-08-27 14:06:24,928 - INFO - EVALUATE MODEL STAGE STARTING FOR SUBSET 10...
2024-08-27 14:06:24,928 - INFO - --------------------------------
2024-08-27 14:06:24,941 - INFO - ROC AUC Score: 0.6242307692307693
2024-08-27 14:06:24,942 - INFO - Confusion Matrix: 
[[55 75]
 [28 92]]
2024-08-27 14:06:24,942 - INFO - Precision: 0.5508982035928144
2024-08-27 14:06:24,942 - INFO - Recall: 0.7666666666666667
2024-08-27 14:06:24,942 - INFO - Model evaluated successfully for subset 10.
2024-08-27 14:06:24,942 - INFO - ------------------------------
2024-08-27 14:06:24,943 - INFO - EVALUATE MODEL STAGE COMPLETED FOR SUBSET 10
2024-08-27 14:06:24,943 - INFO - ------------------------------
2024-08-27 14:06:24,943 - INFO - Subset 11 demographic makeup: 1000 1
2024-08-27 14:06:24,943 - INFO - Processing subset 11...
2024-08-27 14:06:24,944 - INFO - -----------------------------
2024-08-27 14:06:24,944 - INFO - TRAIN MODEL STAGE STARTING FOR SUBSET 11...
2024-08-27 14:06:24,944 - INFO - -----------------------------
2024-08-27 14:06:24,949 - INFO - Scaling features and applying LASSO for feature selection...
2024-08-27 14:06:25,221 - INFO - Selected features (including required): ['who', 'age', 'is_female', 'unemployed', 'unstableliving', 'education', 'marital', 'UDS_Amphetamine_Count', 'UDS_Benzodiazepine_Count', 'UDS_Buprenorphine_Count', 'UDS_Cocaine_Count', 'UDS_Methadone_Count', 'UDS_Opioid_Count', 'UDS_Sedatives_Count', 'UDS_Thc_Count', 'pain', 'has_schizophrenia', 'has_major_dep', 'has_bipolar', 'has_anx_pan', 'has_brain_damage', 'has_epilepsy', 'has_alcol_dx', 'has_amphetamines_dx', 'has_cannabis_dx', 'has_cocaine_dx', 'has_sedatives_dx', 'ftnd', 'XTRT', 'shared', 'rbsivheroin', 'TLFB_Alcohol_Count', 'TLFB_Amphetamine_Count', 'TLFB_Benzodiazepine_Count', 'TLFB_Buprenorphine_Count', 'TLFB_Cocaine_Count', 'TLFB_Heroin_Count', 'TLFB_Methadone_Count', 'TLFB_Opioid_Count', 'TLFB_THC_Count', 'TLFB_Other', 'Homosexual_Behavior', 'Non_monogamous_Relationships']
2024-08-27 14:06:25,226 - INFO - Fitting logistic regression model with the selected features...
2024-08-27 14:06:25,701 - INFO - Model training completed successfully.
2024-08-27 14:06:25,701 - INFO - Calculating the dynamic threshold based on the proportion of positive outcomes...
2024-08-27 14:06:25,702 - INFO - Ratio of 1s to 0s in the outcome variable: 0.56 : 0.44
2024-08-27 14:06:25,702 - INFO - Dynamic threshold set to: 0.556
2024-08-27 14:06:25,702 - INFO - Model trained and saved successfully for subset 11.
2024-08-27 14:06:25,702 - INFO - ---------------------------
2024-08-27 14:06:25,702 - INFO - TRAIN MODEL STAGE COMPLETED FOR SUBSET 11
2024-08-27 14:06:25,702 - INFO - ---------------------------
2024-08-27 14:06:25,702 - INFO - --------------------------------
2024-08-27 14:06:25,702 - INFO - EVALUATE MODEL STAGE STARTING FOR SUBSET 11...
2024-08-27 14:06:25,702 - INFO - --------------------------------
2024-08-27 14:06:25,715 - INFO - ROC AUC Score: 0.668222179013546
2024-08-27 14:06:25,715 - INFO - Confusion Matrix: 
[[73 38]
 [56 83]]
2024-08-27 14:06:25,715 - INFO - Precision: 0.6859504132231405
2024-08-27 14:06:25,715 - INFO - Recall: 0.5971223021582733
2024-08-27 14:06:25,716 - INFO - Model evaluated successfully for subset 11.
2024-08-27 14:06:25,716 - INFO - ------------------------------
2024-08-27 14:06:25,716 - INFO - EVALUATE MODEL STAGE COMPLETED FOR SUBSET 11
2024-08-27 14:06:25,716 - INFO - ------------------------------
2024-08-27 14:06:25,724 - INFO - Model predictions saved to csv successfully.
2024-08-27 14:06:25,724 - INFO - ------------------
2024-08-27 14:06:25,724 - INFO - PIPELINE COMPLETED
2024-08-27 14:06:25,724 - INFO - ------------------
