2024-08-07 12:53:59,931 - INFO - Global Seed set to: 4
2024-08-07 12:53:59,932 - INFO - Outcome Name: Rd_kostenB_1993
2024-08-07 12:53:59,980 - INFO - Datasets loaded successfully.
2024-08-07 12:53:59,989 - INFO - Starting preprocessing of the merged dataset...
2024-08-07 12:53:59,989 - INFO - ---------------------------------
2024-08-07 12:53:59,990 - INFO - PRE-PROCESSING STAGE STARTING...
2024-08-07 12:53:59,990 - INFO - ---------------------------------
2024-08-07 12:54:00,102 - INFO - Dropped initial columns: ['pain_when', 'is_smoker', 'per_day', 'max', 'amount', 'depression', 'anxiety', 'schizophrenia', 'max', 'amount', 'cocaine_inject_days', 'speedball_inject_days', 'opioid_inject_days', 'speed_inject_days', 'UDS_Alcohol_Count', 'UDS_Mdma/Hallucinogen_Count']
2024-08-07 12:54:00,140 - INFO - Converted Yes/No to binary.
2024-08-07 12:54:00,146 - INFO - Processed TLFB columns with specified columns: ['TLFB_Alcohol_Count', 'TLFB_Amphetamine_Count', 'TLFB_Cocaine_Count', 'TLFB_Heroin_Count', 'TLFB_Benzodiazepine_Count', 'TLFB_Opioid_Count', 'TLFB_THC_Count', 'TLFB_Methadone_Count', 'TLFB_Buprenorphine_Count']
2024-08-07 12:54:00,150 - INFO - Calculated behavioral columns.
2024-08-07 12:54:00,152 - INFO - Moved 'Rd_kostenB_1993' column to the end.
2024-08-07 12:54:00,247 - INFO - Dropped initial columns: ['msm_npt', 'msm_frq', 'txx_prt']
2024-08-07 12:54:00,270 - INFO - transform_data_with_nan_handling success
2024-08-07 12:54:00,272 - INFO - Renamed columns according to the mapping.
2024-08-07 12:54:00,303 - INFO - Transformed NaN to 0 for binary columns.
2024-08-07 12:54:00,303 - INFO - Transformed and renamed 'heroin_inject_days' column to 'rbsivheroin'.
2024-08-07 12:54:00,304 - INFO - Filled NaN with 0 for 'ftnd' column.
2024-08-07 12:54:00,380 - INFO - Dropped additional columns: ['rbs_iv_days', 'race', 'RBS_cocaine_Days', 'RBS_heroin_Days', 'RBS_opioid_Days', 'RBS_speed_Days', 'RBS_speedball_Days']
2024-08-07 12:54:00,404 - INFO - Converted UDS drug counts to binary.
2024-08-07 12:54:00,538 - INFO - ------------------------------
2024-08-07 12:54:00,560 - INFO - PRE-PROCESSING STAGE COMPLETED
2024-08-07 12:54:00,562 - INFO - ------------------------------
2024-08-07 12:54:00,564 - INFO - Merged dataset preprocessed successfully.
2024-08-07 12:54:00,564 - INFO - Creating demographic subsets from preprocessed data...
2024-08-07 12:54:08,373 - INFO - Created 11 subsets successfully.
2024-08-07 12:54:08,373 - INFO - Creating merged subsets from create_demographics_dfs function
2024-08-07 12:54:08,457 - INFO - Created 11 merged subsets successfully.
2024-08-07 12:54:08,458 - INFO - Subset 1 demographic makeup: 500 1, 248 3, 153 2, 99 4
2024-08-07 12:54:08,458 - INFO - Processing subset 1...
2024-08-07 12:54:08,459 - INFO - -----------------------------
2024-08-07 12:54:08,459 - INFO - TRAIN MODEL STAGE STARTING FOR SUBSET 1...
2024-08-07 12:54:08,459 - INFO - -----------------------------
2024-08-07 12:54:08,464 - INFO - Scaling features and applying LASSO for feature selection...
2024-08-07 12:54:10,219 - INFO - Selected features (including required): ['who', 'RaceEth', 'age', 'is_female', 'is_hispanic', 'unemployed', 'unstableliving', 'education', 'marital', 'UDS_Amphetamine_Count', 'UDS_Benzodiazepine_Count', 'UDS_Buprenorphine_Count', 'UDS_Cocaine_Count', 'UDS_Methadone_Count', 'UDS_Opioid_Count', 'UDS_Sedatives_Count', 'UDS_Thc_Count', 'pain', 'has_schizophrenia', 'has_major_dep', 'has_bipolar', 'has_anx_pan', 'has_brain_damage', 'has_epilepsy', 'has_opiates_dx', 'has_alcol_dx', 'has_amphetamines_dx', 'has_cannabis_dx', 'has_cocaine_dx', 'has_sedatives_dx', 'ftnd', 'XTRT', 'shared', 'rbsivheroin', 'TLFB_Alcohol_Count', 'TLFB_Amphetamine_Count', 'TLFB_Benzodiazepine_Count', 'TLFB_Buprenorphine_Count', 'TLFB_Cocaine_Count', 'TLFB_Heroin_Count', 'TLFB_Methadone_Count', 'TLFB_Opioid_Count', 'TLFB_THC_Count', 'TLFB_Other', 'Homosexual_Behavior', 'Non_monogamous_Relationships']
2024-08-07 12:54:10,224 - INFO - Fitting logistic regression model with the selected features...
2024-08-07 12:54:10,674 - INFO - Model training completed successfully.
2024-08-07 12:54:10,674 - INFO - Calculating the dynamic threshold based on the proportion of positive outcomes...
2024-08-07 12:54:10,674 - INFO - Ratio of 1s to 0s in the outcome variable: 0.43 : 0.57
2024-08-07 12:54:10,674 - INFO - Dynamic threshold set to: 0.428
2024-08-07 12:54:10,675 - INFO - Model trained and saved successfully for subset 1.
2024-08-07 12:54:10,675 - INFO - ---------------------------
2024-08-07 12:54:10,675 - INFO - TRAIN MODEL STAGE COMPLETED FOR SUBSET 1
2024-08-07 12:54:10,675 - INFO - ---------------------------
2024-08-07 12:54:10,675 - INFO - --------------------------------
2024-08-07 12:54:10,675 - INFO - EVALUATE MODEL STAGE STARTING FOR SUBSET 1...
2024-08-07 12:54:10,675 - INFO - --------------------------------
2024-08-07 12:54:10,687 - INFO - ROC AUC Score: 0.6540095418600089
2024-08-07 12:54:10,687 - INFO - Confusion Matrix: 
[[75 68]
 [25 82]]
2024-08-07 12:54:10,687 - INFO - Precision: 0.5466666666666666
2024-08-07 12:54:10,687 - INFO - Recall: 0.7663551401869159
2024-08-07 12:54:10,687 - INFO - Model evaluated successfully for subset 1.
2024-08-07 12:54:10,687 - INFO - ------------------------------
2024-08-07 12:54:10,688 - INFO - EVALUATE MODEL STAGE COMPLETED FOR SUBSET 1
2024-08-07 12:54:10,688 - INFO - ------------------------------
2024-08-07 12:54:10,689 - INFO - Subset 2 demographic makeup: 550 1, 221 3, 140 2, 89 4
2024-08-07 12:54:10,689 - INFO - Processing subset 2...
2024-08-07 12:54:10,689 - INFO - -----------------------------
2024-08-07 12:54:10,689 - INFO - TRAIN MODEL STAGE STARTING FOR SUBSET 2...
2024-08-07 12:54:10,690 - INFO - -----------------------------
2024-08-07 12:54:10,699 - INFO - Scaling features and applying LASSO for feature selection...
2024-08-07 12:54:12,592 - INFO - Selected features (including required): ['who', 'RaceEth', 'age', 'is_female', 'is_hispanic', 'unemployed', 'unstableliving', 'education', 'marital', 'UDS_Amphetamine_Count', 'UDS_Benzodiazepine_Count', 'UDS_Buprenorphine_Count', 'UDS_Cocaine_Count', 'UDS_Methadone_Count', 'UDS_Opioid_Count', 'UDS_Sedatives_Count', 'UDS_Thc_Count', 'pain', 'has_schizophrenia', 'has_major_dep', 'has_bipolar', 'has_anx_pan', 'has_brain_damage', 'has_epilepsy', 'has_opiates_dx', 'has_alcol_dx', 'has_amphetamines_dx', 'has_cannabis_dx', 'has_cocaine_dx', 'has_sedatives_dx', 'ftnd', 'XTRT', 'shared', 'rbsivheroin', 'TLFB_Alcohol_Count', 'TLFB_Amphetamine_Count', 'TLFB_Benzodiazepine_Count', 'TLFB_Buprenorphine_Count', 'TLFB_Cocaine_Count', 'TLFB_Heroin_Count', 'TLFB_Methadone_Count', 'TLFB_Opioid_Count', 'TLFB_THC_Count', 'TLFB_Other', 'Homosexual_Behavior', 'Non_monogamous_Relationships']
2024-08-07 12:54:12,597 - INFO - Fitting logistic regression model with the selected features...
2024-08-07 12:54:13,090 - INFO - Model training completed successfully.
2024-08-07 12:54:13,090 - INFO - Calculating the dynamic threshold based on the proportion of positive outcomes...
2024-08-07 12:54:13,090 - INFO - Ratio of 1s to 0s in the outcome variable: 0.48 : 0.52
2024-08-07 12:54:13,090 - INFO - Dynamic threshold set to: 0.48
2024-08-07 12:54:13,090 - INFO - Model trained and saved successfully for subset 2.
2024-08-07 12:54:13,090 - INFO - ---------------------------
2024-08-07 12:54:13,090 - INFO - TRAIN MODEL STAGE COMPLETED FOR SUBSET 2
2024-08-07 12:54:13,090 - INFO - ---------------------------
2024-08-07 12:54:13,091 - INFO - --------------------------------
2024-08-07 12:54:13,091 - INFO - EVALUATE MODEL STAGE STARTING FOR SUBSET 2...
2024-08-07 12:54:13,091 - INFO - --------------------------------
2024-08-07 12:54:13,105 - INFO - ROC AUC Score: 0.6501282051282051
2024-08-07 12:54:13,105 - INFO - Confusion Matrix: 
[[66 64]
 [34 86]]
2024-08-07 12:54:13,105 - INFO - Precision: 0.5733333333333334
2024-08-07 12:54:13,105 - INFO - Recall: 0.7166666666666667
2024-08-07 12:54:13,105 - INFO - Model evaluated successfully for subset 2.
2024-08-07 12:54:13,105 - INFO - ------------------------------
2024-08-07 12:54:13,105 - INFO - EVALUATE MODEL STAGE COMPLETED FOR SUBSET 2
2024-08-07 12:54:13,106 - INFO - ------------------------------
2024-08-07 12:54:13,106 - INFO - Subset 3 demographic makeup: 600 1, 195 3, 123 2, 82 4
2024-08-07 12:54:13,107 - INFO - Processing subset 3...
2024-08-07 12:54:13,107 - INFO - -----------------------------
2024-08-07 12:54:13,107 - INFO - TRAIN MODEL STAGE STARTING FOR SUBSET 3...
2024-08-07 12:54:13,107 - INFO - -----------------------------
2024-08-07 12:54:13,115 - INFO - Scaling features and applying LASSO for feature selection...
2024-08-07 12:54:15,120 - INFO - Selected features (including required): ['who', 'RaceEth', 'age', 'is_female', 'is_hispanic', 'unemployed', 'unstableliving', 'education', 'marital', 'UDS_Amphetamine_Count', 'UDS_Benzodiazepine_Count', 'UDS_Buprenorphine_Count', 'UDS_Cocaine_Count', 'UDS_Methadone_Count', 'UDS_Opioid_Count', 'UDS_Sedatives_Count', 'UDS_Thc_Count', 'pain', 'has_schizophrenia', 'has_major_dep', 'has_bipolar', 'has_anx_pan', 'has_brain_damage', 'has_epilepsy', 'has_opiates_dx', 'has_alcol_dx', 'has_amphetamines_dx', 'has_cannabis_dx', 'has_cocaine_dx', 'has_sedatives_dx', 'ftnd', 'XTRT', 'shared', 'rbsivheroin', 'TLFB_Alcohol_Count', 'TLFB_Amphetamine_Count', 'TLFB_Benzodiazepine_Count', 'TLFB_Buprenorphine_Count', 'TLFB_Cocaine_Count', 'TLFB_Heroin_Count', 'TLFB_Methadone_Count', 'TLFB_Opioid_Count', 'TLFB_THC_Count', 'TLFB_Other', 'Homosexual_Behavior', 'Non_monogamous_Relationships']
2024-08-07 12:54:15,125 - INFO - Fitting logistic regression model with the selected features...
2024-08-07 12:54:15,705 - INFO - Model training completed successfully.
2024-08-07 12:54:15,705 - INFO - Calculating the dynamic threshold based on the proportion of positive outcomes...
2024-08-07 12:54:15,706 - INFO - Ratio of 1s to 0s in the outcome variable: 0.54 : 0.46
2024-08-07 12:54:15,706 - INFO - Dynamic threshold set to: 0.536
2024-08-07 12:54:15,706 - INFO - Model trained and saved successfully for subset 3.
2024-08-07 12:54:15,706 - INFO - ---------------------------
2024-08-07 12:54:15,706 - INFO - TRAIN MODEL STAGE COMPLETED FOR SUBSET 3
2024-08-07 12:54:15,706 - INFO - ---------------------------
2024-08-07 12:54:15,706 - INFO - --------------------------------
2024-08-07 12:54:15,706 - INFO - EVALUATE MODEL STAGE STARTING FOR SUBSET 3...
2024-08-07 12:54:15,706 - INFO - --------------------------------
2024-08-07 12:54:15,718 - INFO - ROC AUC Score: 0.6744724652599073
2024-08-07 12:54:15,718 - INFO - Confusion Matrix: 
[[81 35]
 [59 75]]
2024-08-07 12:54:15,718 - INFO - Precision: 0.6818181818181818
2024-08-07 12:54:15,718 - INFO - Recall: 0.5597014925373134
2024-08-07 12:54:15,719 - INFO - Model evaluated successfully for subset 3.
2024-08-07 12:54:15,719 - INFO - ------------------------------
2024-08-07 12:54:15,719 - INFO - EVALUATE MODEL STAGE COMPLETED FOR SUBSET 3
2024-08-07 12:54:15,719 - INFO - ------------------------------
2024-08-07 12:54:15,720 - INFO - Subset 4 demographic makeup: 650 1, 169 3, 108 2, 73 4
2024-08-07 12:54:15,720 - INFO - Processing subset 4...
2024-08-07 12:54:15,720 - INFO - -----------------------------
2024-08-07 12:54:15,721 - INFO - TRAIN MODEL STAGE STARTING FOR SUBSET 4...
2024-08-07 12:54:15,722 - INFO - -----------------------------
2024-08-07 12:54:15,730 - INFO - Scaling features and applying LASSO for feature selection...
2024-08-07 12:54:17,415 - INFO - Selected features (including required): ['who', 'RaceEth', 'age', 'is_female', 'is_hispanic', 'unemployed', 'unstableliving', 'education', 'marital', 'UDS_Amphetamine_Count', 'UDS_Benzodiazepine_Count', 'UDS_Buprenorphine_Count', 'UDS_Cocaine_Count', 'UDS_Methadone_Count', 'UDS_Opioid_Count', 'UDS_Sedatives_Count', 'UDS_Thc_Count', 'pain', 'has_schizophrenia', 'has_major_dep', 'has_bipolar', 'has_anx_pan', 'has_brain_damage', 'has_epilepsy', 'has_opiates_dx', 'has_alcol_dx', 'has_amphetamines_dx', 'has_cannabis_dx', 'has_cocaine_dx', 'has_sedatives_dx', 'ftnd', 'XTRT', 'shared', 'rbsivheroin', 'TLFB_Alcohol_Count', 'TLFB_Amphetamine_Count', 'TLFB_Benzodiazepine_Count', 'TLFB_Buprenorphine_Count', 'TLFB_Cocaine_Count', 'TLFB_Heroin_Count', 'TLFB_Methadone_Count', 'TLFB_Opioid_Count', 'TLFB_THC_Count', 'TLFB_Other', 'Homosexual_Behavior', 'Non_monogamous_Relationships']
2024-08-07 12:54:17,419 - INFO - Fitting logistic regression model with the selected features...
2024-08-07 12:54:17,866 - INFO - Model training completed successfully.
2024-08-07 12:54:17,866 - INFO - Calculating the dynamic threshold based on the proportion of positive outcomes...
2024-08-07 12:54:17,867 - INFO - Ratio of 1s to 0s in the outcome variable: 0.56 : 0.44
2024-08-07 12:54:17,867 - INFO - Dynamic threshold set to: 0.556
2024-08-07 12:54:17,868 - INFO - Model trained and saved successfully for subset 4.
2024-08-07 12:54:17,869 - INFO - ---------------------------
2024-08-07 12:54:17,871 - INFO - TRAIN MODEL STAGE COMPLETED FOR SUBSET 4
2024-08-07 12:54:17,872 - INFO - ---------------------------
2024-08-07 12:54:17,873 - INFO - --------------------------------
2024-08-07 12:54:17,873 - INFO - EVALUATE MODEL STAGE STARTING FOR SUBSET 4...
2024-08-07 12:54:17,873 - INFO - --------------------------------
2024-08-07 12:54:17,897 - INFO - ROC AUC Score: 0.6677684879123728
2024-08-07 12:54:17,897 - INFO - Confusion Matrix: 
[[78 33]
 [74 65]]
2024-08-07 12:54:17,900 - INFO - Precision: 0.6632653061224489
2024-08-07 12:54:17,902 - INFO - Recall: 0.4676258992805755
2024-08-07 12:54:17,904 - INFO - Model evaluated successfully for subset 4.
2024-08-07 12:54:17,904 - INFO - ------------------------------
2024-08-07 12:54:17,905 - INFO - EVALUATE MODEL STAGE COMPLETED FOR SUBSET 4
2024-08-07 12:54:17,906 - INFO - ------------------------------
2024-08-07 12:54:17,907 - INFO - Subset 5 demographic makeup: 700 1, 145 3, 93 2, 62 4
2024-08-07 12:54:17,908 - INFO - Processing subset 5...
2024-08-07 12:54:17,910 - INFO - -----------------------------
2024-08-07 12:54:17,911 - INFO - TRAIN MODEL STAGE STARTING FOR SUBSET 5...
2024-08-07 12:54:17,911 - INFO - -----------------------------
2024-08-07 12:54:17,921 - INFO - Scaling features and applying LASSO for feature selection...
2024-08-07 12:54:19,908 - INFO - Selected features (including required): ['who', 'RaceEth', 'age', 'is_female', 'is_hispanic', 'unemployed', 'unstableliving', 'education', 'marital', 'UDS_Amphetamine_Count', 'UDS_Benzodiazepine_Count', 'UDS_Buprenorphine_Count', 'UDS_Cocaine_Count', 'UDS_Methadone_Count', 'UDS_Opioid_Count', 'UDS_Sedatives_Count', 'UDS_Thc_Count', 'pain', 'has_schizophrenia', 'has_major_dep', 'has_bipolar', 'has_anx_pan', 'has_brain_damage', 'has_epilepsy', 'has_opiates_dx', 'has_alcol_dx', 'has_amphetamines_dx', 'has_cannabis_dx', 'has_cocaine_dx', 'has_sedatives_dx', 'ftnd', 'XTRT', 'shared', 'rbsivheroin', 'TLFB_Alcohol_Count', 'TLFB_Amphetamine_Count', 'TLFB_Benzodiazepine_Count', 'TLFB_Buprenorphine_Count', 'TLFB_Cocaine_Count', 'TLFB_Heroin_Count', 'TLFB_Methadone_Count', 'TLFB_Opioid_Count', 'TLFB_THC_Count', 'TLFB_Other', 'Homosexual_Behavior', 'Non_monogamous_Relationships']
2024-08-07 12:54:19,913 - INFO - Fitting logistic regression model with the selected features...
2024-08-07 12:54:20,373 - INFO - Model training completed successfully.
2024-08-07 12:54:20,373 - INFO - Calculating the dynamic threshold based on the proportion of positive outcomes...
2024-08-07 12:54:20,373 - INFO - Ratio of 1s to 0s in the outcome variable: 0.48 : 0.52
2024-08-07 12:54:20,373 - INFO - Dynamic threshold set to: 0.48
2024-08-07 12:54:20,373 - INFO - Model trained and saved successfully for subset 5.
2024-08-07 12:54:20,374 - INFO - ---------------------------
2024-08-07 12:54:20,374 - INFO - TRAIN MODEL STAGE COMPLETED FOR SUBSET 5
2024-08-07 12:54:20,374 - INFO - ---------------------------
2024-08-07 12:54:20,374 - INFO - --------------------------------
2024-08-07 12:54:20,374 - INFO - EVALUATE MODEL STAGE STARTING FOR SUBSET 5...
2024-08-07 12:54:20,374 - INFO - --------------------------------
2024-08-07 12:54:20,388 - INFO - ROC AUC Score: 0.6412179487179487
2024-08-07 12:54:20,388 - INFO - Confusion Matrix: 
[[56 74]
 [30 90]]
2024-08-07 12:54:20,388 - INFO - Precision: 0.5487804878048781
2024-08-07 12:54:20,388 - INFO - Recall: 0.75
2024-08-07 12:54:20,388 - INFO - Model evaluated successfully for subset 5.
2024-08-07 12:54:20,388 - INFO - ------------------------------
2024-08-07 12:54:20,388 - INFO - EVALUATE MODEL STAGE COMPLETED FOR SUBSET 5
2024-08-07 12:54:20,388 - INFO - ------------------------------
2024-08-07 12:54:20,389 - INFO - Subset 6 demographic makeup: 750 1, 126 3, 73 2, 51 4
2024-08-07 12:54:20,390 - INFO - Processing subset 6...
2024-08-07 12:54:20,391 - INFO - -----------------------------
2024-08-07 12:54:20,391 - INFO - TRAIN MODEL STAGE STARTING FOR SUBSET 6...
2024-08-07 12:54:20,391 - INFO - -----------------------------
2024-08-07 12:54:20,399 - INFO - Scaling features and applying LASSO for feature selection...
2024-08-07 12:54:22,317 - INFO - Selected features (including required): ['who', 'RaceEth', 'age', 'is_female', 'is_hispanic', 'unemployed', 'unstableliving', 'education', 'marital', 'UDS_Amphetamine_Count', 'UDS_Benzodiazepine_Count', 'UDS_Buprenorphine_Count', 'UDS_Cocaine_Count', 'UDS_Methadone_Count', 'UDS_Opioid_Count', 'UDS_Sedatives_Count', 'UDS_Thc_Count', 'pain', 'has_schizophrenia', 'has_major_dep', 'has_bipolar', 'has_anx_pan', 'has_brain_damage', 'has_epilepsy', 'has_opiates_dx', 'has_alcol_dx', 'has_amphetamines_dx', 'has_cannabis_dx', 'has_cocaine_dx', 'has_sedatives_dx', 'ftnd', 'XTRT', 'shared', 'rbsivheroin', 'TLFB_Alcohol_Count', 'TLFB_Amphetamine_Count', 'TLFB_Benzodiazepine_Count', 'TLFB_Buprenorphine_Count', 'TLFB_Cocaine_Count', 'TLFB_Heroin_Count', 'TLFB_Methadone_Count', 'TLFB_Opioid_Count', 'TLFB_THC_Count', 'TLFB_Other', 'Homosexual_Behavior', 'Non_monogamous_Relationships']
2024-08-07 12:54:22,324 - INFO - Fitting logistic regression model with the selected features...
2024-08-07 12:54:23,040 - INFO - Model training completed successfully.
2024-08-07 12:54:23,040 - INFO - Calculating the dynamic threshold based on the proportion of positive outcomes...
2024-08-07 12:54:23,041 - INFO - Ratio of 1s to 0s in the outcome variable: 0.50 : 0.50
2024-08-07 12:54:23,041 - INFO - Dynamic threshold set to: 0.504
2024-08-07 12:54:23,041 - INFO - Model trained and saved successfully for subset 6.
2024-08-07 12:54:23,041 - INFO - ---------------------------
2024-08-07 12:54:23,041 - INFO - TRAIN MODEL STAGE COMPLETED FOR SUBSET 6
2024-08-07 12:54:23,041 - INFO - ---------------------------
2024-08-07 12:54:23,041 - INFO - --------------------------------
2024-08-07 12:54:23,041 - INFO - EVALUATE MODEL STAGE STARTING FOR SUBSET 6...
2024-08-07 12:54:23,041 - INFO - --------------------------------
2024-08-07 12:54:23,056 - INFO - ROC AUC Score: 0.6296082949308756
2024-08-07 12:54:23,057 - INFO - Confusion Matrix: 
[[61 63]
 [47 79]]
2024-08-07 12:54:23,057 - INFO - Precision: 0.5563380281690141
2024-08-07 12:54:23,058 - INFO - Recall: 0.626984126984127
2024-08-07 12:54:23,058 - INFO - Model evaluated successfully for subset 6.
2024-08-07 12:54:23,058 - INFO - ------------------------------
2024-08-07 12:54:23,058 - INFO - EVALUATE MODEL STAGE COMPLETED FOR SUBSET 6
2024-08-07 12:54:23,059 - INFO - ------------------------------
2024-08-07 12:54:23,060 - INFO - Subset 7 demographic makeup: 800 1, 104 3, 59 2, 37 4
2024-08-07 12:54:23,060 - INFO - Processing subset 7...
2024-08-07 12:54:23,060 - INFO - -----------------------------
2024-08-07 12:54:23,060 - INFO - TRAIN MODEL STAGE STARTING FOR SUBSET 7...
2024-08-07 12:54:23,060 - INFO - -----------------------------
2024-08-07 12:54:23,068 - INFO - Scaling features and applying LASSO for feature selection...
2024-08-07 12:54:26,221 - INFO - Selected features (including required): ['who', 'RaceEth', 'age', 'is_female', 'is_hispanic', 'unemployed', 'unstableliving', 'education', 'marital', 'UDS_Amphetamine_Count', 'UDS_Benzodiazepine_Count', 'UDS_Buprenorphine_Count', 'UDS_Cocaine_Count', 'UDS_Methadone_Count', 'UDS_Opioid_Count', 'UDS_Sedatives_Count', 'UDS_Thc_Count', 'pain', 'has_schizophrenia', 'has_major_dep', 'has_bipolar', 'has_anx_pan', 'has_brain_damage', 'has_epilepsy', 'has_opiates_dx', 'has_alcol_dx', 'has_amphetamines_dx', 'has_cannabis_dx', 'has_cocaine_dx', 'has_sedatives_dx', 'ftnd', 'XTRT', 'shared', 'rbsivheroin', 'TLFB_Alcohol_Count', 'TLFB_Amphetamine_Count', 'TLFB_Benzodiazepine_Count', 'TLFB_Buprenorphine_Count', 'TLFB_Cocaine_Count', 'TLFB_Heroin_Count', 'TLFB_Methadone_Count', 'TLFB_Opioid_Count', 'TLFB_THC_Count', 'TLFB_Other', 'Homosexual_Behavior', 'Non_monogamous_Relationships']
2024-08-07 12:54:26,232 - INFO - Fitting logistic regression model with the selected features...
2024-08-07 12:54:26,750 - INFO - Model training completed successfully.
2024-08-07 12:54:26,750 - INFO - Calculating the dynamic threshold based on the proportion of positive outcomes...
2024-08-07 12:54:26,751 - INFO - Ratio of 1s to 0s in the outcome variable: 0.47 : 0.53
2024-08-07 12:54:26,751 - INFO - Dynamic threshold set to: 0.472
2024-08-07 12:54:26,751 - INFO - Model trained and saved successfully for subset 7.
2024-08-07 12:54:26,751 - INFO - ---------------------------
2024-08-07 12:54:26,751 - INFO - TRAIN MODEL STAGE COMPLETED FOR SUBSET 7
2024-08-07 12:54:26,751 - INFO - ---------------------------
2024-08-07 12:54:26,751 - INFO - --------------------------------
2024-08-07 12:54:26,751 - INFO - EVALUATE MODEL STAGE STARTING FOR SUBSET 7...
2024-08-07 12:54:26,751 - INFO - --------------------------------
2024-08-07 12:54:26,769 - INFO - ROC AUC Score: 0.6438751926040062
2024-08-07 12:54:26,769 - INFO - Confusion Matrix: 
[[57 75]
 [27 91]]
2024-08-07 12:54:26,769 - INFO - Precision: 0.5481927710843374
2024-08-07 12:54:26,769 - INFO - Recall: 0.7711864406779662
2024-08-07 12:54:26,770 - INFO - Model evaluated successfully for subset 7.
2024-08-07 12:54:26,770 - INFO - ------------------------------
2024-08-07 12:54:26,770 - INFO - EVALUATE MODEL STAGE COMPLETED FOR SUBSET 7
2024-08-07 12:54:26,770 - INFO - ------------------------------
2024-08-07 12:54:26,771 - INFO - Subset 8 demographic makeup: 850 1, 77 3, 46 2, 27 4
2024-08-07 12:54:26,771 - INFO - Processing subset 8...
2024-08-07 12:54:26,771 - INFO - -----------------------------
2024-08-07 12:54:26,771 - INFO - TRAIN MODEL STAGE STARTING FOR SUBSET 8...
2024-08-07 12:54:26,771 - INFO - -----------------------------
2024-08-07 12:54:26,779 - INFO - Scaling features and applying LASSO for feature selection...
2024-08-07 12:54:28,752 - INFO - Selected features (including required): ['who', 'RaceEth', 'age', 'is_female', 'is_hispanic', 'unemployed', 'unstableliving', 'education', 'marital', 'UDS_Amphetamine_Count', 'UDS_Benzodiazepine_Count', 'UDS_Buprenorphine_Count', 'UDS_Cocaine_Count', 'UDS_Methadone_Count', 'UDS_Opioid_Count', 'UDS_Sedatives_Count', 'UDS_Thc_Count', 'pain', 'has_schizophrenia', 'has_major_dep', 'has_bipolar', 'has_anx_pan', 'has_brain_damage', 'has_epilepsy', 'has_opiates_dx', 'has_alcol_dx', 'has_amphetamines_dx', 'has_cannabis_dx', 'has_cocaine_dx', 'has_sedatives_dx', 'ftnd', 'XTRT', 'shared', 'rbsivheroin', 'TLFB_Alcohol_Count', 'TLFB_Amphetamine_Count', 'TLFB_Benzodiazepine_Count', 'TLFB_Buprenorphine_Count', 'TLFB_Cocaine_Count', 'TLFB_Heroin_Count', 'TLFB_Methadone_Count', 'TLFB_Opioid_Count', 'TLFB_THC_Count', 'TLFB_Other', 'Homosexual_Behavior', 'Non_monogamous_Relationships']
2024-08-07 12:54:28,757 - INFO - Fitting logistic regression model with the selected features...
2024-08-07 12:54:29,168 - INFO - Model training completed successfully.
2024-08-07 12:54:29,168 - INFO - Calculating the dynamic threshold based on the proportion of positive outcomes...
2024-08-07 12:54:29,168 - INFO - Ratio of 1s to 0s in the outcome variable: 0.55 : 0.45
2024-08-07 12:54:29,169 - INFO - Dynamic threshold set to: 0.552
2024-08-07 12:54:29,169 - INFO - Model trained and saved successfully for subset 8.
2024-08-07 12:54:29,169 - INFO - ---------------------------
2024-08-07 12:54:29,169 - INFO - TRAIN MODEL STAGE COMPLETED FOR SUBSET 8
2024-08-07 12:54:29,169 - INFO - ---------------------------
2024-08-07 12:54:29,169 - INFO - --------------------------------
2024-08-07 12:54:29,169 - INFO - EVALUATE MODEL STAGE STARTING FOR SUBSET 8...
2024-08-07 12:54:29,169 - INFO - --------------------------------
2024-08-07 12:54:29,181 - INFO - ROC AUC Score: 0.6554089026915113
2024-08-07 12:54:29,181 - INFO - Confusion Matrix: 
[[71 41]
 [53 85]]
2024-08-07 12:54:29,182 - INFO - Precision: 0.6746031746031746
2024-08-07 12:54:29,182 - INFO - Recall: 0.6159420289855072
2024-08-07 12:54:29,182 - INFO - Model evaluated successfully for subset 8.
2024-08-07 12:54:29,182 - INFO - ------------------------------
2024-08-07 12:54:29,182 - INFO - EVALUATE MODEL STAGE COMPLETED FOR SUBSET 8
2024-08-07 12:54:29,182 - INFO - ------------------------------
2024-08-07 12:54:29,185 - INFO - Subset 9 demographic makeup: 900 1, 50 3, 32 2, 18 4
2024-08-07 12:54:29,185 - INFO - Processing subset 9...
2024-08-07 12:54:29,185 - INFO - -----------------------------
2024-08-07 12:54:29,185 - INFO - TRAIN MODEL STAGE STARTING FOR SUBSET 9...
2024-08-07 12:54:29,185 - INFO - -----------------------------
2024-08-07 12:54:29,192 - INFO - Scaling features and applying LASSO for feature selection...
2024-08-07 12:54:31,281 - INFO - Selected features (including required): ['who', 'RaceEth', 'age', 'is_female', 'is_hispanic', 'unemployed', 'unstableliving', 'education', 'marital', 'UDS_Amphetamine_Count', 'UDS_Benzodiazepine_Count', 'UDS_Buprenorphine_Count', 'UDS_Cocaine_Count', 'UDS_Methadone_Count', 'UDS_Opioid_Count', 'UDS_Sedatives_Count', 'UDS_Thc_Count', 'pain', 'has_schizophrenia', 'has_major_dep', 'has_bipolar', 'has_anx_pan', 'has_brain_damage', 'has_epilepsy', 'has_opiates_dx', 'has_alcol_dx', 'has_amphetamines_dx', 'has_cannabis_dx', 'has_cocaine_dx', 'has_sedatives_dx', 'ftnd', 'XTRT', 'shared', 'rbsivheroin', 'TLFB_Alcohol_Count', 'TLFB_Amphetamine_Count', 'TLFB_Benzodiazepine_Count', 'TLFB_Buprenorphine_Count', 'TLFB_Cocaine_Count', 'TLFB_Heroin_Count', 'TLFB_Methadone_Count', 'TLFB_Opioid_Count', 'TLFB_THC_Count', 'TLFB_Other', 'Homosexual_Behavior', 'Non_monogamous_Relationships']
2024-08-07 12:54:31,286 - INFO - Fitting logistic regression model with the selected features...
2024-08-07 12:54:31,917 - INFO - Model training completed successfully.
2024-08-07 12:54:31,917 - INFO - Calculating the dynamic threshold based on the proportion of positive outcomes...
2024-08-07 12:54:31,918 - INFO - Ratio of 1s to 0s in the outcome variable: 0.52 : 0.48
2024-08-07 12:54:31,918 - INFO - Dynamic threshold set to: 0.524
2024-08-07 12:54:31,918 - INFO - Model trained and saved successfully for subset 9.
2024-08-07 12:54:31,918 - INFO - ---------------------------
2024-08-07 12:54:31,918 - INFO - TRAIN MODEL STAGE COMPLETED FOR SUBSET 9
2024-08-07 12:54:31,918 - INFO - ---------------------------
2024-08-07 12:54:31,918 - INFO - --------------------------------
2024-08-07 12:54:31,918 - INFO - EVALUATE MODEL STAGE STARTING FOR SUBSET 9...
2024-08-07 12:54:31,918 - INFO - --------------------------------
2024-08-07 12:54:31,930 - INFO - ROC AUC Score: 0.6583488357174931
2024-08-07 12:54:31,931 - INFO - Confusion Matrix: 
[[71 48]
 [49 82]]
2024-08-07 12:54:31,931 - INFO - Precision: 0.6307692307692307
2024-08-07 12:54:31,931 - INFO - Recall: 0.6259541984732825
2024-08-07 12:54:31,931 - INFO - Model evaluated successfully for subset 9.
2024-08-07 12:54:31,931 - INFO - ------------------------------
2024-08-07 12:54:31,931 - INFO - EVALUATE MODEL STAGE COMPLETED FOR SUBSET 9
2024-08-07 12:54:31,932 - INFO - ------------------------------
2024-08-07 12:54:31,934 - INFO - Subset 10 demographic makeup: 950 1, 25 3, 16 2, 9 4
2024-08-07 12:54:31,934 - INFO - Processing subset 10...
2024-08-07 12:54:31,935 - INFO - -----------------------------
2024-08-07 12:54:31,935 - INFO - TRAIN MODEL STAGE STARTING FOR SUBSET 10...
2024-08-07 12:54:31,935 - INFO - -----------------------------
2024-08-07 12:54:31,942 - INFO - Scaling features and applying LASSO for feature selection...
2024-08-07 12:54:34,051 - INFO - Selected features (including required): ['who', 'RaceEth', 'age', 'is_female', 'is_hispanic', 'unemployed', 'unstableliving', 'education', 'marital', 'UDS_Amphetamine_Count', 'UDS_Benzodiazepine_Count', 'UDS_Buprenorphine_Count', 'UDS_Cocaine_Count', 'UDS_Methadone_Count', 'UDS_Opioid_Count', 'UDS_Sedatives_Count', 'UDS_Thc_Count', 'pain', 'has_schizophrenia', 'has_major_dep', 'has_bipolar', 'has_anx_pan', 'has_brain_damage', 'has_epilepsy', 'has_opiates_dx', 'has_alcol_dx', 'has_amphetamines_dx', 'has_cannabis_dx', 'has_cocaine_dx', 'has_sedatives_dx', 'ftnd', 'XTRT', 'shared', 'rbsivheroin', 'TLFB_Alcohol_Count', 'TLFB_Amphetamine_Count', 'TLFB_Benzodiazepine_Count', 'TLFB_Buprenorphine_Count', 'TLFB_Cocaine_Count', 'TLFB_Heroin_Count', 'TLFB_Methadone_Count', 'TLFB_Opioid_Count', 'TLFB_THC_Count', 'TLFB_Other', 'Homosexual_Behavior', 'Non_monogamous_Relationships']
2024-08-07 12:54:34,056 - INFO - Fitting logistic regression model with the selected features...
2024-08-07 12:54:34,500 - INFO - Model training completed successfully.
2024-08-07 12:54:34,500 - INFO - Calculating the dynamic threshold based on the proportion of positive outcomes...
2024-08-07 12:54:34,500 - INFO - Ratio of 1s to 0s in the outcome variable: 0.52 : 0.48
2024-08-07 12:54:34,501 - INFO - Dynamic threshold set to: 0.524
2024-08-07 12:54:34,501 - INFO - Model trained and saved successfully for subset 10.
2024-08-07 12:54:34,501 - INFO - ---------------------------
2024-08-07 12:54:34,501 - INFO - TRAIN MODEL STAGE COMPLETED FOR SUBSET 10
2024-08-07 12:54:34,501 - INFO - ---------------------------
2024-08-07 12:54:34,501 - INFO - --------------------------------
2024-08-07 12:54:34,501 - INFO - EVALUATE MODEL STAGE STARTING FOR SUBSET 10...
2024-08-07 12:54:34,501 - INFO - --------------------------------
2024-08-07 12:54:34,519 - INFO - ROC AUC Score: 0.6199243056001026
2024-08-07 12:54:34,520 - INFO - Confusion Matrix: 
[[59 60]
 [49 82]]
2024-08-07 12:54:34,520 - INFO - Precision: 0.5774647887323944
2024-08-07 12:54:34,520 - INFO - Recall: 0.6259541984732825
2024-08-07 12:54:34,520 - INFO - Model evaluated successfully for subset 10.
2024-08-07 12:54:34,520 - INFO - ------------------------------
2024-08-07 12:54:34,520 - INFO - EVALUATE MODEL STAGE COMPLETED FOR SUBSET 10
2024-08-07 12:54:34,521 - INFO - ------------------------------
2024-08-07 12:54:34,522 - INFO - Subset 11 demographic makeup: 1000 1
2024-08-07 12:54:34,522 - INFO - Processing subset 11...
2024-08-07 12:54:34,522 - INFO - -----------------------------
2024-08-07 12:54:34,522 - INFO - TRAIN MODEL STAGE STARTING FOR SUBSET 11...
2024-08-07 12:54:34,522 - INFO - -----------------------------
2024-08-07 12:54:34,530 - INFO - Scaling features and applying LASSO for feature selection...
2024-08-07 12:54:36,820 - INFO - Selected features (including required): ['who', 'age', 'is_female', 'unemployed', 'unstableliving', 'education', 'marital', 'UDS_Amphetamine_Count', 'UDS_Benzodiazepine_Count', 'UDS_Buprenorphine_Count', 'UDS_Cocaine_Count', 'UDS_Methadone_Count', 'UDS_Opioid_Count', 'UDS_Sedatives_Count', 'UDS_Thc_Count', 'pain', 'has_schizophrenia', 'has_major_dep', 'has_bipolar', 'has_anx_pan', 'has_brain_damage', 'has_epilepsy', 'has_opiates_dx', 'has_alcol_dx', 'has_amphetamines_dx', 'has_cannabis_dx', 'has_cocaine_dx', 'has_sedatives_dx', 'ftnd', 'XTRT', 'shared', 'rbsivheroin', 'TLFB_Alcohol_Count', 'TLFB_Amphetamine_Count', 'TLFB_Benzodiazepine_Count', 'TLFB_Buprenorphine_Count', 'TLFB_Cocaine_Count', 'TLFB_Heroin_Count', 'TLFB_Methadone_Count', 'TLFB_Opioid_Count', 'TLFB_THC_Count', 'TLFB_Other', 'Homosexual_Behavior', 'Non_monogamous_Relationships']
2024-08-07 12:54:36,825 - INFO - Fitting logistic regression model with the selected features...
2024-08-07 12:54:37,250 - INFO - Model training completed successfully.
2024-08-07 12:54:37,250 - INFO - Calculating the dynamic threshold based on the proportion of positive outcomes...
2024-08-07 12:54:37,251 - INFO - Ratio of 1s to 0s in the outcome variable: 0.54 : 0.46
2024-08-07 12:54:37,252 - INFO - Dynamic threshold set to: 0.544
2024-08-07 12:54:37,253 - INFO - Model trained and saved successfully for subset 11.
2024-08-07 12:54:37,254 - INFO - ---------------------------
2024-08-07 12:54:37,255 - INFO - TRAIN MODEL STAGE COMPLETED FOR SUBSET 11
2024-08-07 12:54:37,257 - INFO - ---------------------------
2024-08-07 12:54:37,257 - INFO - --------------------------------
2024-08-07 12:54:37,257 - INFO - EVALUATE MODEL STAGE STARTING FOR SUBSET 11...
2024-08-07 12:54:37,258 - INFO - --------------------------------
2024-08-07 12:54:37,280 - INFO - ROC AUC Score: 0.6741486068111455
2024-08-07 12:54:37,282 - INFO - Confusion Matrix: 
[[67 47]
 [50 86]]
2024-08-07 12:54:37,283 - INFO - Precision: 0.6466165413533834
2024-08-07 12:54:37,288 - INFO - Recall: 0.6323529411764706
2024-08-07 12:54:37,291 - INFO - Model evaluated successfully for subset 11.
2024-08-07 12:54:37,293 - INFO - ------------------------------
2024-08-07 12:54:37,295 - INFO - EVALUATE MODEL STAGE COMPLETED FOR SUBSET 11
2024-08-07 12:54:37,295 - INFO - ------------------------------
2024-08-07 12:54:37,296 - INFO - ------------------
2024-08-07 12:54:37,296 - INFO - PIPELINE COMPLETED
2024-08-07 12:54:37,297 - INFO - ------------------
