2024-09-11 13:21:09,652 - INFO - Global Seed set to: 42
2024-09-11 13:21:09,653 - INFO - Outcome Name: Rd_kostenB_1993
2024-09-11 13:21:09,718 - INFO - Datasets loaded successfully.
2024-09-11 13:21:09,728 - INFO - Starting preprocessing of the merged dataset...
2024-09-11 13:21:09,728 - INFO - ---------------------------------
2024-09-11 13:21:09,729 - INFO - PRE-PROCESSING STAGE STARTING...
2024-09-11 13:21:09,729 - INFO - ---------------------------------
2024-09-11 13:21:09,979 - INFO - Dropped initial columns: ['pain_when', 'is_smoker', 'per_day', 'max', 'amount', 'depression', 'anxiety', 'schizophrenia', 'max', 'amount', 'cocaine_inject_days', 'speedball_inject_days', 'opioid_inject_days', 'speed_inject_days', 'UDS_Alcohol_Count', 'UDS_Mdma/Hallucinogen_Count']
2024-09-11 13:21:10,106 - INFO - Converted Yes/No to binary.
2024-09-11 13:21:10,122 - INFO - Processed TLFB columns with specified columns: ['TLFB_Alcohol_Count', 'TLFB_Amphetamine_Count', 'TLFB_Cocaine_Count', 'TLFB_Heroin_Count', 'TLFB_Benzodiazepine_Count', 'TLFB_Opioid_Count', 'TLFB_THC_Count', 'TLFB_Methadone_Count', 'TLFB_Buprenorphine_Count']
2024-09-11 13:21:10,139 - INFO - Calculated behavioral columns.
2024-09-11 13:21:10,144 - INFO - Moved 'Rd_kostenB_1993' column to the end.
2024-09-11 13:21:10,344 - INFO - Dropped initial columns: ['msm_npt', 'msm_frq', 'txx_prt']
2024-09-11 13:21:10,374 - INFO - transform_data_with_nan_handling success
2024-09-11 13:21:10,376 - INFO - Renamed columns according to the mapping.
2024-09-11 13:21:10,423 - INFO - Transformed NaN to 0 for binary columns.
2024-09-11 13:21:10,424 - INFO - Transformed and renamed 'heroin_inject_days' column to 'rbsivheroin'.
2024-09-11 13:21:10,427 - INFO - Filled NaN with 0 for 'ftnd' column.
2024-09-11 13:21:10,559 - INFO - Dropped additional columns: ['rbs_iv_days', 'race', 'RBS_cocaine_Days', 'RBS_heroin_Days', 'RBS_opioid_Days', 'RBS_speed_Days', 'RBS_speedball_Days']
2024-09-11 13:21:10,582 - INFO - Converted UDS drug counts to binary.
2024-09-11 13:21:10,694 - INFO - ------------------------------
2024-09-11 13:21:10,694 - INFO - PRE-PROCESSING STAGE COMPLETED
2024-09-11 13:21:10,695 - INFO - ------------------------------
2024-09-11 13:21:10,696 - INFO - Merged dataset preprocessed successfully.
2024-09-11 13:21:10,696 - INFO - Creating demographic subsets from preprocessed data...
2024-09-11 13:21:10,974 - INFO - Created 11 subsets successfully.
2024-09-11 13:21:10,975 - INFO - Creating merged subsets from create_demographics_dfs function
2024-09-11 13:21:11,358 - INFO - Created 11 merged subsets successfully.
2024-09-11 13:21:11,359 - INFO - Subset 1 demographic makeup: 500 1, 248 3, 150 2, 102 4
2024-09-11 13:21:11,359 - INFO - Processing subset 1...
2024-09-11 13:21:11,360 - INFO - -----------------------------
2024-09-11 13:21:11,360 - INFO - TRAIN MODEL STAGE STARTING FOR SUBSET 1...
2024-09-11 13:21:11,360 - INFO - -----------------------------
2024-09-11 13:21:11,368 - INFO - Scaling features and applying LASSO for feature selection...
2024-09-11 13:21:11,631 - INFO - Selected features (including required): ['who', 'RaceEth', 'age', 'is_female', 'is_hispanic', 'unemployed', 'unstableliving', 'education', 'marital', 'UDS_Amphetamine_Count', 'UDS_Benzodiazepine_Count', 'UDS_Buprenorphine_Count', 'UDS_Cocaine_Count', 'UDS_Methadone_Count', 'UDS_Opioid_Count', 'UDS_Sedatives_Count', 'UDS_Thc_Count', 'pain', 'has_schizophrenia', 'has_major_dep', 'has_bipolar', 'has_anx_pan', 'has_brain_damage', 'has_epilepsy', 'has_alcol_dx', 'has_amphetamines_dx', 'has_cannabis_dx', 'has_cocaine_dx', 'has_sedatives_dx', 'ftnd', 'XTRT', 'shared', 'rbsivheroin', 'TLFB_Alcohol_Count', 'TLFB_Amphetamine_Count', 'TLFB_Benzodiazepine_Count', 'TLFB_Buprenorphine_Count', 'TLFB_Cocaine_Count', 'TLFB_Heroin_Count', 'TLFB_Methadone_Count', 'TLFB_Opioid_Count', 'TLFB_THC_Count', 'TLFB_Other', 'Homosexual_Behavior', 'Non_monogamous_Relationships']
2024-09-11 13:21:11,639 - INFO - Fitting logistic regression model with the selected features...
2024-09-11 13:21:12,422 - INFO - Model training completed successfully.
2024-09-11 13:21:12,423 - INFO - Calculating the dynamic threshold based on the proportion of positive outcomes...
2024-09-11 13:21:12,426 - INFO - Ratio of 1s to 0s in the outcome variable: 0.59 : 0.41
2024-09-11 13:21:12,439 - INFO - Dynamic threshold set to: 0.588
2024-09-11 13:21:12,442 - INFO - Model trained and saved successfully for subset 1.
2024-09-11 13:21:12,443 - INFO - ---------------------------
2024-09-11 13:21:12,444 - INFO - TRAIN MODEL STAGE COMPLETED FOR SUBSET 1
2024-09-11 13:21:12,444 - INFO - ---------------------------
2024-09-11 13:21:12,446 - INFO - --------------------------------
2024-09-11 13:21:12,450 - INFO - EVALUATE MODEL STAGE STARTING FOR SUBSET 1...
2024-09-11 13:21:12,453 - INFO - --------------------------------
2024-09-11 13:21:12,490 - INFO - ROC AUC Score: 0.6867446007529225
2024-09-11 13:21:12,491 - INFO - Confusion Matrix: 
[[79 24]
 [74 73]]
2024-09-11 13:21:12,491 - INFO - Precision: 0.7525773195876289
2024-09-11 13:21:12,493 - INFO - Recall: 0.4965986394557823
2024-09-11 13:21:12,494 - INFO - Model evaluated successfully for subset 1.
2024-09-11 13:21:12,494 - INFO - ------------------------------
2024-09-11 13:21:12,495 - INFO - EVALUATE MODEL STAGE COMPLETED FOR SUBSET 1
2024-09-11 13:21:12,495 - INFO - ------------------------------
2024-09-11 13:21:12,506 - INFO - Subset 2 demographic makeup: 550 1, 222 3, 133 2, 95 4
2024-09-11 13:21:12,506 - INFO - Processing subset 2...
2024-09-11 13:21:12,507 - INFO - -----------------------------
2024-09-11 13:21:12,511 - INFO - TRAIN MODEL STAGE STARTING FOR SUBSET 2...
2024-09-11 13:21:12,512 - INFO - -----------------------------
2024-09-11 13:21:12,529 - INFO - Scaling features and applying LASSO for feature selection...
2024-09-11 13:21:12,782 - INFO - Selected features (including required): ['who', 'RaceEth', 'age', 'is_female', 'is_hispanic', 'unemployed', 'unstableliving', 'education', 'marital', 'UDS_Amphetamine_Count', 'UDS_Benzodiazepine_Count', 'UDS_Buprenorphine_Count', 'UDS_Cocaine_Count', 'UDS_Methadone_Count', 'UDS_Opioid_Count', 'UDS_Sedatives_Count', 'UDS_Thc_Count', 'pain', 'has_schizophrenia', 'has_major_dep', 'has_bipolar', 'has_anx_pan', 'has_brain_damage', 'has_epilepsy', 'has_alcol_dx', 'has_amphetamines_dx', 'has_cannabis_dx', 'has_cocaine_dx', 'has_sedatives_dx', 'ftnd', 'XTRT', 'shared', 'rbsivheroin', 'TLFB_Alcohol_Count', 'TLFB_Amphetamine_Count', 'TLFB_Benzodiazepine_Count', 'TLFB_Buprenorphine_Count', 'TLFB_Cocaine_Count', 'TLFB_Heroin_Count', 'TLFB_Methadone_Count', 'TLFB_Opioid_Count', 'TLFB_THC_Count', 'TLFB_Other', 'Homosexual_Behavior', 'Non_monogamous_Relationships']
2024-09-11 13:21:12,791 - INFO - Fitting logistic regression model with the selected features...
2024-09-11 13:21:13,611 - INFO - Model training completed successfully.
2024-09-11 13:21:13,611 - INFO - Calculating the dynamic threshold based on the proportion of positive outcomes...
2024-09-11 13:21:13,611 - INFO - Ratio of 1s to 0s in the outcome variable: 0.53 : 0.47
2024-09-11 13:21:13,612 - INFO - Dynamic threshold set to: 0.532
2024-09-11 13:21:13,612 - INFO - Model trained and saved successfully for subset 2.
2024-09-11 13:21:13,612 - INFO - ---------------------------
2024-09-11 13:21:13,612 - INFO - TRAIN MODEL STAGE COMPLETED FOR SUBSET 2
2024-09-11 13:21:13,612 - INFO - ---------------------------
2024-09-11 13:21:13,613 - INFO - --------------------------------
2024-09-11 13:21:13,613 - INFO - EVALUATE MODEL STAGE STARTING FOR SUBSET 2...
2024-09-11 13:21:13,613 - INFO - --------------------------------
2024-09-11 13:21:13,637 - INFO - ROC AUC Score: 0.644367328577855
2024-09-11 13:21:13,638 - INFO - Confusion Matrix: 
[[71 46]
 [47 86]]
2024-09-11 13:21:13,638 - INFO - Precision: 0.6515151515151515
2024-09-11 13:21:13,638 - INFO - Recall: 0.6466165413533834
2024-09-11 13:21:13,639 - INFO - Model evaluated successfully for subset 2.
2024-09-11 13:21:13,639 - INFO - ------------------------------
2024-09-11 13:21:13,639 - INFO - EVALUATE MODEL STAGE COMPLETED FOR SUBSET 2
2024-09-11 13:21:13,639 - INFO - ------------------------------
2024-09-11 13:21:13,640 - INFO - Subset 3 demographic makeup: 600 1, 199 3, 117 2, 84 4
2024-09-11 13:21:13,640 - INFO - Processing subset 3...
2024-09-11 13:21:13,640 - INFO - -----------------------------
2024-09-11 13:21:13,640 - INFO - TRAIN MODEL STAGE STARTING FOR SUBSET 3...
2024-09-11 13:21:13,641 - INFO - -----------------------------
2024-09-11 13:21:13,653 - INFO - Scaling features and applying LASSO for feature selection...
2024-09-11 13:21:13,913 - INFO - Selected features (including required): ['who', 'RaceEth', 'age', 'is_female', 'is_hispanic', 'unemployed', 'unstableliving', 'education', 'marital', 'UDS_Amphetamine_Count', 'UDS_Benzodiazepine_Count', 'UDS_Buprenorphine_Count', 'UDS_Cocaine_Count', 'UDS_Methadone_Count', 'UDS_Opioid_Count', 'UDS_Sedatives_Count', 'UDS_Thc_Count', 'pain', 'has_schizophrenia', 'has_major_dep', 'has_bipolar', 'has_anx_pan', 'has_brain_damage', 'has_epilepsy', 'has_alcol_dx', 'has_amphetamines_dx', 'has_cannabis_dx', 'has_cocaine_dx', 'has_sedatives_dx', 'ftnd', 'XTRT', 'shared', 'rbsivheroin', 'TLFB_Alcohol_Count', 'TLFB_Amphetamine_Count', 'TLFB_Benzodiazepine_Count', 'TLFB_Buprenorphine_Count', 'TLFB_Cocaine_Count', 'TLFB_Heroin_Count', 'TLFB_Methadone_Count', 'TLFB_Opioid_Count', 'TLFB_THC_Count', 'TLFB_Other', 'Homosexual_Behavior', 'Non_monogamous_Relationships']
2024-09-11 13:21:13,922 - INFO - Fitting logistic regression model with the selected features...
2024-09-11 13:21:14,594 - INFO - Model training completed successfully.
2024-09-11 13:21:14,595 - INFO - Calculating the dynamic threshold based on the proportion of positive outcomes...
2024-09-11 13:21:14,596 - INFO - Ratio of 1s to 0s in the outcome variable: 0.54 : 0.46
2024-09-11 13:21:14,596 - INFO - Dynamic threshold set to: 0.544
2024-09-11 13:21:14,598 - INFO - Model trained and saved successfully for subset 3.
2024-09-11 13:21:14,599 - INFO - ---------------------------
2024-09-11 13:21:14,600 - INFO - TRAIN MODEL STAGE COMPLETED FOR SUBSET 3
2024-09-11 13:21:14,602 - INFO - ---------------------------
2024-09-11 13:21:14,603 - INFO - --------------------------------
2024-09-11 13:21:14,603 - INFO - EVALUATE MODEL STAGE STARTING FOR SUBSET 3...
2024-09-11 13:21:14,604 - INFO - --------------------------------
2024-09-11 13:21:14,632 - INFO - ROC AUC Score: 0.7028508771929826
2024-09-11 13:21:14,642 - INFO - Confusion Matrix: 
[[88 26]
 [61 75]]
2024-09-11 13:21:14,642 - INFO - Precision: 0.7425742574257426
2024-09-11 13:21:14,643 - INFO - Recall: 0.5514705882352942
2024-09-11 13:21:14,646 - INFO - Model evaluated successfully for subset 3.
2024-09-11 13:21:14,646 - INFO - ------------------------------
2024-09-11 13:21:14,647 - INFO - EVALUATE MODEL STAGE COMPLETED FOR SUBSET 3
2024-09-11 13:21:14,653 - INFO - ------------------------------
2024-09-11 13:21:14,657 - INFO - Subset 4 demographic makeup: 650 1, 174 3, 102 2, 74 4
2024-09-11 13:21:14,658 - INFO - Processing subset 4...
2024-09-11 13:21:14,658 - INFO - -----------------------------
2024-09-11 13:21:14,659 - INFO - TRAIN MODEL STAGE STARTING FOR SUBSET 4...
2024-09-11 13:21:14,660 - INFO - -----------------------------
2024-09-11 13:21:14,678 - INFO - Scaling features and applying LASSO for feature selection...
2024-09-11 13:21:15,077 - INFO - Selected features (including required): ['who', 'RaceEth', 'age', 'is_female', 'is_hispanic', 'unemployed', 'unstableliving', 'education', 'marital', 'UDS_Amphetamine_Count', 'UDS_Benzodiazepine_Count', 'UDS_Buprenorphine_Count', 'UDS_Cocaine_Count', 'UDS_Methadone_Count', 'UDS_Opioid_Count', 'UDS_Sedatives_Count', 'UDS_Thc_Count', 'pain', 'has_schizophrenia', 'has_major_dep', 'has_bipolar', 'has_anx_pan', 'has_brain_damage', 'has_epilepsy', 'has_alcol_dx', 'has_amphetamines_dx', 'has_cannabis_dx', 'has_cocaine_dx', 'has_sedatives_dx', 'ftnd', 'XTRT', 'shared', 'rbsivheroin', 'TLFB_Alcohol_Count', 'TLFB_Amphetamine_Count', 'TLFB_Benzodiazepine_Count', 'TLFB_Buprenorphine_Count', 'TLFB_Cocaine_Count', 'TLFB_Heroin_Count', 'TLFB_Methadone_Count', 'TLFB_Opioid_Count', 'TLFB_THC_Count', 'TLFB_Other', 'Homosexual_Behavior', 'Non_monogamous_Relationships']
2024-09-11 13:21:15,085 - INFO - Fitting logistic regression model with the selected features...
2024-09-11 13:21:17,707 - INFO - Model training completed successfully.
2024-09-11 13:21:17,710 - INFO - Calculating the dynamic threshold based on the proportion of positive outcomes...
2024-09-11 13:21:17,710 - INFO - Ratio of 1s to 0s in the outcome variable: 0.50 : 0.50
2024-09-11 13:21:17,710 - INFO - Dynamic threshold set to: 0.496
2024-09-11 13:21:17,710 - INFO - Model trained and saved successfully for subset 4.
2024-09-11 13:21:17,710 - INFO - ---------------------------
2024-09-11 13:21:17,711 - INFO - TRAIN MODEL STAGE COMPLETED FOR SUBSET 4
2024-09-11 13:21:17,711 - INFO - ---------------------------
2024-09-11 13:21:17,711 - INFO - --------------------------------
2024-09-11 13:21:17,711 - INFO - EVALUATE MODEL STAGE STARTING FOR SUBSET 4...
2024-09-11 13:21:17,711 - INFO - --------------------------------
2024-09-11 13:21:17,734 - INFO - ROC AUC Score: 0.6571940604198669
2024-09-11 13:21:17,735 - INFO - Confusion Matrix: 
[[66 60]
 [39 85]]
2024-09-11 13:21:17,735 - INFO - Precision: 0.5862068965517241
2024-09-11 13:21:17,735 - INFO - Recall: 0.6854838709677419
2024-09-11 13:21:17,735 - INFO - Model evaluated successfully for subset 4.
2024-09-11 13:21:17,736 - INFO - ------------------------------
2024-09-11 13:21:17,738 - INFO - EVALUATE MODEL STAGE COMPLETED FOR SUBSET 4
2024-09-11 13:21:17,739 - INFO - ------------------------------
2024-09-11 13:21:17,742 - INFO - Subset 5 demographic makeup: 700 1, 148 3, 86 2, 66 4
2024-09-11 13:21:17,743 - INFO - Processing subset 5...
2024-09-11 13:21:17,743 - INFO - -----------------------------
2024-09-11 13:21:17,743 - INFO - TRAIN MODEL STAGE STARTING FOR SUBSET 5...
2024-09-11 13:21:17,743 - INFO - -----------------------------
2024-09-11 13:21:17,755 - INFO - Scaling features and applying LASSO for feature selection...
2024-09-11 13:21:18,684 - INFO - Selected features (including required): ['who', 'RaceEth', 'age', 'is_female', 'is_hispanic', 'unemployed', 'unstableliving', 'education', 'marital', 'UDS_Amphetamine_Count', 'UDS_Benzodiazepine_Count', 'UDS_Buprenorphine_Count', 'UDS_Cocaine_Count', 'UDS_Methadone_Count', 'UDS_Opioid_Count', 'UDS_Sedatives_Count', 'UDS_Thc_Count', 'pain', 'has_schizophrenia', 'has_major_dep', 'has_bipolar', 'has_anx_pan', 'has_brain_damage', 'has_epilepsy', 'has_alcol_dx', 'has_amphetamines_dx', 'has_cannabis_dx', 'has_cocaine_dx', 'has_sedatives_dx', 'ftnd', 'XTRT', 'shared', 'rbsivheroin', 'TLFB_Alcohol_Count', 'TLFB_Amphetamine_Count', 'TLFB_Benzodiazepine_Count', 'TLFB_Buprenorphine_Count', 'TLFB_Cocaine_Count', 'TLFB_Heroin_Count', 'TLFB_Methadone_Count', 'TLFB_Opioid_Count', 'TLFB_THC_Count', 'TLFB_Other', 'Homosexual_Behavior', 'Non_monogamous_Relationships']
2024-09-11 13:21:18,701 - INFO - Fitting logistic regression model with the selected features...
2024-09-11 13:21:19,986 - INFO - Model training completed successfully.
2024-09-11 13:21:19,986 - INFO - Calculating the dynamic threshold based on the proportion of positive outcomes...
2024-09-11 13:21:19,987 - INFO - Ratio of 1s to 0s in the outcome variable: 0.50 : 0.50
2024-09-11 13:21:19,987 - INFO - Dynamic threshold set to: 0.504
2024-09-11 13:21:19,987 - INFO - Model trained and saved successfully for subset 5.
2024-09-11 13:21:19,987 - INFO - ---------------------------
2024-09-11 13:21:19,987 - INFO - TRAIN MODEL STAGE COMPLETED FOR SUBSET 5
2024-09-11 13:21:19,987 - INFO - ---------------------------
2024-09-11 13:21:19,987 - INFO - --------------------------------
2024-09-11 13:21:19,988 - INFO - EVALUATE MODEL STAGE STARTING FOR SUBSET 5...
2024-09-11 13:21:19,988 - INFO - --------------------------------
2024-09-11 13:21:20,025 - INFO - ROC AUC Score: 0.6385048643113159
2024-09-11 13:21:20,028 - INFO - Confusion Matrix: 
[[70 54]
 [47 79]]
2024-09-11 13:21:20,029 - INFO - Precision: 0.5939849624060151
2024-09-11 13:21:20,029 - INFO - Recall: 0.626984126984127
2024-09-11 13:21:20,029 - INFO - Model evaluated successfully for subset 5.
2024-09-11 13:21:20,029 - INFO - ------------------------------
2024-09-11 13:21:20,030 - INFO - EVALUATE MODEL STAGE COMPLETED FOR SUBSET 5
2024-09-11 13:21:20,030 - INFO - ------------------------------
2024-09-11 13:21:20,031 - INFO - Subset 6 demographic makeup: 750 1, 122 3, 72 2, 56 4
2024-09-11 13:21:20,031 - INFO - Processing subset 6...
2024-09-11 13:21:20,031 - INFO - -----------------------------
2024-09-11 13:21:20,031 - INFO - TRAIN MODEL STAGE STARTING FOR SUBSET 6...
2024-09-11 13:21:20,031 - INFO - -----------------------------
2024-09-11 13:21:20,048 - INFO - Scaling features and applying LASSO for feature selection...
2024-09-11 13:21:20,400 - INFO - Selected features (including required): ['who', 'RaceEth', 'age', 'is_female', 'is_hispanic', 'unemployed', 'unstableliving', 'education', 'marital', 'UDS_Amphetamine_Count', 'UDS_Benzodiazepine_Count', 'UDS_Buprenorphine_Count', 'UDS_Cocaine_Count', 'UDS_Methadone_Count', 'UDS_Opioid_Count', 'UDS_Sedatives_Count', 'UDS_Thc_Count', 'pain', 'has_schizophrenia', 'has_major_dep', 'has_bipolar', 'has_anx_pan', 'has_brain_damage', 'has_epilepsy', 'has_alcol_dx', 'has_amphetamines_dx', 'has_cannabis_dx', 'has_cocaine_dx', 'has_sedatives_dx', 'ftnd', 'XTRT', 'shared', 'rbsivheroin', 'TLFB_Alcohol_Count', 'TLFB_Amphetamine_Count', 'TLFB_Benzodiazepine_Count', 'TLFB_Buprenorphine_Count', 'TLFB_Cocaine_Count', 'TLFB_Heroin_Count', 'TLFB_Methadone_Count', 'TLFB_Opioid_Count', 'TLFB_THC_Count', 'TLFB_Other', 'Homosexual_Behavior', 'Non_monogamous_Relationships']
2024-09-11 13:21:20,410 - INFO - Fitting logistic regression model with the selected features...
2024-09-11 13:21:21,330 - INFO - Model training completed successfully.
2024-09-11 13:21:21,350 - INFO - Calculating the dynamic threshold based on the proportion of positive outcomes...
2024-09-11 13:21:21,363 - INFO - Ratio of 1s to 0s in the outcome variable: 0.51 : 0.49
2024-09-11 13:21:21,364 - INFO - Dynamic threshold set to: 0.512
2024-09-11 13:21:21,366 - INFO - Model trained and saved successfully for subset 6.
2024-09-11 13:21:21,368 - INFO - ---------------------------
2024-09-11 13:21:21,380 - INFO - TRAIN MODEL STAGE COMPLETED FOR SUBSET 6
2024-09-11 13:21:21,382 - INFO - ---------------------------
2024-09-11 13:21:21,383 - INFO - --------------------------------
2024-09-11 13:21:21,416 - INFO - EVALUATE MODEL STAGE STARTING FOR SUBSET 6...
2024-09-11 13:21:21,423 - INFO - --------------------------------
2024-09-11 13:21:21,481 - INFO - ROC AUC Score: 0.7013319672131146
2024-09-11 13:21:21,482 - INFO - Confusion Matrix: 
[[80 42]
 [42 86]]
2024-09-11 13:21:21,482 - INFO - Precision: 0.671875
2024-09-11 13:21:21,482 - INFO - Recall: 0.671875
2024-09-11 13:21:21,484 - INFO - Model evaluated successfully for subset 6.
2024-09-11 13:21:21,484 - INFO - ------------------------------
2024-09-11 13:21:21,485 - INFO - EVALUATE MODEL STAGE COMPLETED FOR SUBSET 6
2024-09-11 13:21:21,486 - INFO - ------------------------------
2024-09-11 13:21:21,491 - INFO - Subset 7 demographic makeup: 800 1, 96 3, 59 2, 45 4
2024-09-11 13:21:21,491 - INFO - Processing subset 7...
2024-09-11 13:21:21,491 - INFO - -----------------------------
2024-09-11 13:21:21,492 - INFO - TRAIN MODEL STAGE STARTING FOR SUBSET 7...
2024-09-11 13:21:21,493 - INFO - -----------------------------
2024-09-11 13:21:21,506 - INFO - Scaling features and applying LASSO for feature selection...
2024-09-11 13:21:25,264 - INFO - Selected features (including required): ['who', 'RaceEth', 'age', 'is_female', 'is_hispanic', 'unemployed', 'unstableliving', 'education', 'marital', 'UDS_Amphetamine_Count', 'UDS_Benzodiazepine_Count', 'UDS_Buprenorphine_Count', 'UDS_Cocaine_Count', 'UDS_Methadone_Count', 'UDS_Opioid_Count', 'UDS_Sedatives_Count', 'UDS_Thc_Count', 'pain', 'has_schizophrenia', 'has_major_dep', 'has_bipolar', 'has_anx_pan', 'has_brain_damage', 'has_epilepsy', 'has_alcol_dx', 'has_amphetamines_dx', 'has_cannabis_dx', 'has_cocaine_dx', 'has_sedatives_dx', 'ftnd', 'XTRT', 'shared', 'rbsivheroin', 'TLFB_Alcohol_Count', 'TLFB_Amphetamine_Count', 'TLFB_Benzodiazepine_Count', 'TLFB_Buprenorphine_Count', 'TLFB_Cocaine_Count', 'TLFB_Heroin_Count', 'TLFB_Methadone_Count', 'TLFB_Opioid_Count', 'TLFB_THC_Count', 'TLFB_Other', 'Homosexual_Behavior', 'Non_monogamous_Relationships']
2024-09-11 13:21:25,302 - INFO - Fitting logistic regression model with the selected features...
2024-09-11 13:21:26,471 - INFO - Model training completed successfully.
2024-09-11 13:21:26,471 - INFO - Calculating the dynamic threshold based on the proportion of positive outcomes...
2024-09-11 13:21:26,472 - INFO - Ratio of 1s to 0s in the outcome variable: 0.52 : 0.48
2024-09-11 13:21:26,472 - INFO - Dynamic threshold set to: 0.516
2024-09-11 13:21:26,472 - INFO - Model trained and saved successfully for subset 7.
2024-09-11 13:21:26,472 - INFO - ---------------------------
2024-09-11 13:21:26,472 - INFO - TRAIN MODEL STAGE COMPLETED FOR SUBSET 7
2024-09-11 13:21:26,472 - INFO - ---------------------------
2024-09-11 13:21:26,473 - INFO - --------------------------------
2024-09-11 13:21:26,473 - INFO - EVALUATE MODEL STAGE STARTING FOR SUBSET 7...
2024-09-11 13:21:26,473 - INFO - --------------------------------
2024-09-11 13:21:26,501 - INFO - ROC AUC Score: 0.645140623998975
2024-09-11 13:21:26,501 - INFO - Confusion Matrix: 
[[77 44]
 [51 78]]
2024-09-11 13:21:26,501 - INFO - Precision: 0.639344262295082
2024-09-11 13:21:26,501 - INFO - Recall: 0.6046511627906976
2024-09-11 13:21:26,502 - INFO - Model evaluated successfully for subset 7.
2024-09-11 13:21:26,502 - INFO - ------------------------------
2024-09-11 13:21:26,503 - INFO - EVALUATE MODEL STAGE COMPLETED FOR SUBSET 7
2024-09-11 13:21:26,503 - INFO - ------------------------------
2024-09-11 13:21:26,504 - INFO - Subset 8 demographic makeup: 850 1, 69 3, 44 2, 37 4
2024-09-11 13:21:26,504 - INFO - Processing subset 8...
2024-09-11 13:21:26,505 - INFO - -----------------------------
2024-09-11 13:21:26,505 - INFO - TRAIN MODEL STAGE STARTING FOR SUBSET 8...
2024-09-11 13:21:26,505 - INFO - -----------------------------
2024-09-11 13:21:26,521 - INFO - Scaling features and applying LASSO for feature selection...
2024-09-11 13:21:27,918 - INFO - Selected features (including required): ['who', 'RaceEth', 'age', 'is_female', 'is_hispanic', 'unemployed', 'unstableliving', 'education', 'marital', 'UDS_Amphetamine_Count', 'UDS_Benzodiazepine_Count', 'UDS_Buprenorphine_Count', 'UDS_Cocaine_Count', 'UDS_Methadone_Count', 'UDS_Opioid_Count', 'UDS_Sedatives_Count', 'UDS_Thc_Count', 'pain', 'has_schizophrenia', 'has_major_dep', 'has_bipolar', 'has_anx_pan', 'has_brain_damage', 'has_epilepsy', 'has_alcol_dx', 'has_amphetamines_dx', 'has_cannabis_dx', 'has_cocaine_dx', 'has_sedatives_dx', 'ftnd', 'XTRT', 'shared', 'rbsivheroin', 'TLFB_Alcohol_Count', 'TLFB_Amphetamine_Count', 'TLFB_Benzodiazepine_Count', 'TLFB_Buprenorphine_Count', 'TLFB_Cocaine_Count', 'TLFB_Heroin_Count', 'TLFB_Methadone_Count', 'TLFB_Opioid_Count', 'TLFB_THC_Count', 'TLFB_Other', 'Homosexual_Behavior', 'Non_monogamous_Relationships']
2024-09-11 13:21:27,951 - INFO - Fitting logistic regression model with the selected features...
2024-09-11 13:21:35,399 - INFO - Model training completed successfully.
2024-09-11 13:21:35,402 - INFO - Calculating the dynamic threshold based on the proportion of positive outcomes...
2024-09-11 13:21:35,402 - INFO - Ratio of 1s to 0s in the outcome variable: 0.52 : 0.48
2024-09-11 13:21:35,402 - INFO - Dynamic threshold set to: 0.52
2024-09-11 13:21:35,402 - INFO - Model trained and saved successfully for subset 8.
2024-09-11 13:21:35,402 - INFO - ---------------------------
2024-09-11 13:21:35,403 - INFO - TRAIN MODEL STAGE COMPLETED FOR SUBSET 8
2024-09-11 13:21:35,403 - INFO - ---------------------------
2024-09-11 13:21:35,403 - INFO - --------------------------------
2024-09-11 13:21:35,403 - INFO - EVALUATE MODEL STAGE STARTING FOR SUBSET 8...
2024-09-11 13:21:35,403 - INFO - --------------------------------
2024-09-11 13:21:35,427 - INFO - ROC AUC Score: 0.6386538461538461
2024-09-11 13:21:35,427 - INFO - Confusion Matrix: 
[[71 49]
 [50 80]]
2024-09-11 13:21:35,427 - INFO - Precision: 0.6201550387596899
2024-09-11 13:21:35,429 - INFO - Recall: 0.6153846153846154
2024-09-11 13:21:35,430 - INFO - Model evaluated successfully for subset 8.
2024-09-11 13:21:35,430 - INFO - ------------------------------
2024-09-11 13:21:35,431 - INFO - EVALUATE MODEL STAGE COMPLETED FOR SUBSET 8
2024-09-11 13:21:35,431 - INFO - ------------------------------
2024-09-11 13:21:35,433 - INFO - Subset 9 demographic makeup: 900 1, 47 3, 30 2, 23 4
2024-09-11 13:21:35,433 - INFO - Processing subset 9...
2024-09-11 13:21:35,434 - INFO - -----------------------------
2024-09-11 13:21:35,434 - INFO - TRAIN MODEL STAGE STARTING FOR SUBSET 9...
2024-09-11 13:21:35,434 - INFO - -----------------------------
2024-09-11 13:21:35,445 - INFO - Scaling features and applying LASSO for feature selection...
2024-09-11 13:21:35,783 - INFO - Selected features (including required): ['who', 'RaceEth', 'age', 'is_female', 'is_hispanic', 'unemployed', 'unstableliving', 'education', 'marital', 'UDS_Amphetamine_Count', 'UDS_Benzodiazepine_Count', 'UDS_Buprenorphine_Count', 'UDS_Cocaine_Count', 'UDS_Methadone_Count', 'UDS_Opioid_Count', 'UDS_Sedatives_Count', 'UDS_Thc_Count', 'pain', 'has_schizophrenia', 'has_major_dep', 'has_bipolar', 'has_anx_pan', 'has_brain_damage', 'has_epilepsy', 'has_alcol_dx', 'has_amphetamines_dx', 'has_cannabis_dx', 'has_cocaine_dx', 'has_sedatives_dx', 'ftnd', 'XTRT', 'shared', 'rbsivheroin', 'TLFB_Alcohol_Count', 'TLFB_Amphetamine_Count', 'TLFB_Benzodiazepine_Count', 'TLFB_Buprenorphine_Count', 'TLFB_Cocaine_Count', 'TLFB_Heroin_Count', 'TLFB_Methadone_Count', 'TLFB_Opioid_Count', 'TLFB_THC_Count', 'TLFB_Other', 'Homosexual_Behavior', 'Non_monogamous_Relationships']
2024-09-11 13:21:35,791 - INFO - Fitting logistic regression model with the selected features...
2024-09-11 13:21:38,119 - INFO - Model training completed successfully.
2024-09-11 13:21:38,126 - INFO - Calculating the dynamic threshold based on the proportion of positive outcomes...
2024-09-11 13:21:38,139 - INFO - Ratio of 1s to 0s in the outcome variable: 0.47 : 0.53
2024-09-11 13:21:38,140 - INFO - Dynamic threshold set to: 0.472
2024-09-11 13:21:38,141 - INFO - Model trained and saved successfully for subset 9.
2024-09-11 13:21:38,149 - INFO - ---------------------------
2024-09-11 13:21:38,151 - INFO - TRAIN MODEL STAGE COMPLETED FOR SUBSET 9
2024-09-11 13:21:38,152 - INFO - ---------------------------
2024-09-11 13:21:38,152 - INFO - --------------------------------
2024-09-11 13:21:38,153 - INFO - EVALUATE MODEL STAGE STARTING FOR SUBSET 9...
2024-09-11 13:21:38,154 - INFO - --------------------------------
2024-09-11 13:21:38,319 - INFO - ROC AUC Score: 0.6154340010272213
2024-09-11 13:21:38,320 - INFO - Confusion Matrix: 
[[59 73]
 [36 82]]
2024-09-11 13:21:38,330 - INFO - Precision: 0.5290322580645161
2024-09-11 13:21:38,331 - INFO - Recall: 0.6949152542372882
2024-09-11 13:21:38,333 - INFO - Model evaluated successfully for subset 9.
2024-09-11 13:21:38,334 - INFO - ------------------------------
2024-09-11 13:21:38,335 - INFO - EVALUATE MODEL STAGE COMPLETED FOR SUBSET 9
2024-09-11 13:21:38,336 - INFO - ------------------------------
2024-09-11 13:21:38,339 - INFO - Subset 10 demographic makeup: 950 1, 24 3, 16 2, 10 4
2024-09-11 13:21:38,340 - INFO - Processing subset 10...
2024-09-11 13:21:38,341 - INFO - -----------------------------
2024-09-11 13:21:38,341 - INFO - TRAIN MODEL STAGE STARTING FOR SUBSET 10...
2024-09-11 13:21:38,347 - INFO - -----------------------------
2024-09-11 13:21:38,385 - INFO - Scaling features and applying LASSO for feature selection...
2024-09-11 13:21:39,372 - INFO - Selected features (including required): ['who', 'RaceEth', 'age', 'is_female', 'is_hispanic', 'unemployed', 'unstableliving', 'education', 'marital', 'UDS_Amphetamine_Count', 'UDS_Benzodiazepine_Count', 'UDS_Buprenorphine_Count', 'UDS_Cocaine_Count', 'UDS_Methadone_Count', 'UDS_Opioid_Count', 'UDS_Sedatives_Count', 'UDS_Thc_Count', 'pain', 'has_schizophrenia', 'has_major_dep', 'has_bipolar', 'has_anx_pan', 'has_brain_damage', 'has_epilepsy', 'has_alcol_dx', 'has_amphetamines_dx', 'has_cannabis_dx', 'has_cocaine_dx', 'has_sedatives_dx', 'ftnd', 'XTRT', 'shared', 'rbsivheroin', 'TLFB_Alcohol_Count', 'TLFB_Amphetamine_Count', 'TLFB_Benzodiazepine_Count', 'TLFB_Buprenorphine_Count', 'TLFB_Cocaine_Count', 'TLFB_Heroin_Count', 'TLFB_Methadone_Count', 'TLFB_Opioid_Count', 'TLFB_THC_Count', 'TLFB_Other', 'Homosexual_Behavior', 'Non_monogamous_Relationships']
2024-09-11 13:21:39,440 - INFO - Fitting logistic regression model with the selected features...
2024-09-11 13:21:41,150 - INFO - Model training completed successfully.
2024-09-11 13:21:41,152 - INFO - Calculating the dynamic threshold based on the proportion of positive outcomes...
2024-09-11 13:21:41,153 - INFO - Ratio of 1s to 0s in the outcome variable: 0.48 : 0.52
2024-09-11 13:21:41,153 - INFO - Dynamic threshold set to: 0.48
2024-09-11 13:21:41,153 - INFO - Model trained and saved successfully for subset 10.
2024-09-11 13:21:41,153 - INFO - ---------------------------
2024-09-11 13:21:41,153 - INFO - TRAIN MODEL STAGE COMPLETED FOR SUBSET 10
2024-09-11 13:21:41,153 - INFO - ---------------------------
2024-09-11 13:21:41,154 - INFO - --------------------------------
2024-09-11 13:21:41,154 - INFO - EVALUATE MODEL STAGE STARTING FOR SUBSET 10...
2024-09-11 13:21:41,154 - INFO - --------------------------------
2024-09-11 13:21:41,176 - INFO - ROC AUC Score: 0.6242307692307693
2024-09-11 13:21:41,177 - INFO - Confusion Matrix: 
[[55 75]
 [28 92]]
2024-09-11 13:21:41,177 - INFO - Precision: 0.5508982035928144
2024-09-11 13:21:41,177 - INFO - Recall: 0.7666666666666667
2024-09-11 13:21:41,178 - INFO - Model evaluated successfully for subset 10.
2024-09-11 13:21:41,178 - INFO - ------------------------------
2024-09-11 13:21:41,178 - INFO - EVALUATE MODEL STAGE COMPLETED FOR SUBSET 10
2024-09-11 13:21:41,178 - INFO - ------------------------------
2024-09-11 13:21:41,179 - INFO - Subset 11 demographic makeup: 1000 1
2024-09-11 13:21:41,180 - INFO - Processing subset 11...
2024-09-11 13:21:41,181 - INFO - -----------------------------
2024-09-11 13:21:41,181 - INFO - TRAIN MODEL STAGE STARTING FOR SUBSET 11...
2024-09-11 13:21:41,181 - INFO - -----------------------------
2024-09-11 13:21:41,199 - INFO - Scaling features and applying LASSO for feature selection...
2024-09-11 13:21:41,535 - INFO - Selected features (including required): ['who', 'age', 'is_female', 'unemployed', 'unstableliving', 'education', 'marital', 'UDS_Amphetamine_Count', 'UDS_Benzodiazepine_Count', 'UDS_Buprenorphine_Count', 'UDS_Cocaine_Count', 'UDS_Methadone_Count', 'UDS_Opioid_Count', 'UDS_Sedatives_Count', 'UDS_Thc_Count', 'pain', 'has_schizophrenia', 'has_major_dep', 'has_bipolar', 'has_anx_pan', 'has_brain_damage', 'has_epilepsy', 'has_alcol_dx', 'has_amphetamines_dx', 'has_cannabis_dx', 'has_cocaine_dx', 'has_sedatives_dx', 'ftnd', 'XTRT', 'shared', 'rbsivheroin', 'TLFB_Alcohol_Count', 'TLFB_Amphetamine_Count', 'TLFB_Benzodiazepine_Count', 'TLFB_Buprenorphine_Count', 'TLFB_Cocaine_Count', 'TLFB_Heroin_Count', 'TLFB_Methadone_Count', 'TLFB_Opioid_Count', 'TLFB_THC_Count', 'TLFB_Other', 'Homosexual_Behavior', 'Non_monogamous_Relationships']
2024-09-11 13:21:41,544 - INFO - Fitting logistic regression model with the selected features...
2024-09-11 13:21:51,125 - INFO - Model training completed successfully.
2024-09-11 13:21:51,126 - INFO - Calculating the dynamic threshold based on the proportion of positive outcomes...
2024-09-11 13:21:51,127 - INFO - Ratio of 1s to 0s in the outcome variable: 0.56 : 0.44
2024-09-11 13:21:51,127 - INFO - Dynamic threshold set to: 0.556
2024-09-11 13:21:51,127 - INFO - Model trained and saved successfully for subset 11.
2024-09-11 13:21:51,127 - INFO - ---------------------------
2024-09-11 13:21:51,128 - INFO - TRAIN MODEL STAGE COMPLETED FOR SUBSET 11
2024-09-11 13:21:51,128 - INFO - ---------------------------
2024-09-11 13:21:51,128 - INFO - --------------------------------
2024-09-11 13:21:51,128 - INFO - EVALUATE MODEL STAGE STARTING FOR SUBSET 11...
2024-09-11 13:21:51,128 - INFO - --------------------------------
2024-09-11 13:21:51,156 - INFO - ROC AUC Score: 0.668222179013546
2024-09-11 13:21:51,160 - INFO - Confusion Matrix: 
[[73 38]
 [56 83]]
2024-09-11 13:21:51,161 - INFO - Precision: 0.6859504132231405
2024-09-11 13:21:51,161 - INFO - Recall: 0.5971223021582733
2024-09-11 13:21:51,162 - INFO - Model evaluated successfully for subset 11.
2024-09-11 13:21:51,162 - INFO - ------------------------------
2024-09-11 13:21:51,162 - INFO - EVALUATE MODEL STAGE COMPLETED FOR SUBSET 11
2024-09-11 13:21:51,162 - INFO - ------------------------------
2024-09-11 13:21:51,170 - INFO - Model predictions saved to csv successfully.
2024-09-11 13:21:51,171 - INFO - ------------------
2024-09-11 13:21:51,171 - INFO - PIPELINE COMPLETED
2024-09-11 13:21:51,171 - INFO - ------------------
