2024-08-14 12:31:17,921 - INFO - Global Seed set to: 2
2024-08-14 12:31:17,922 - INFO - Outcome Name: Rs_johnson_1992
2024-08-14 12:31:18,014 - INFO - Datasets loaded successfully.
2024-08-14 12:31:18,034 - INFO - Starting preprocessing of the merged dataset...
2024-08-14 12:31:18,034 - INFO - ---------------------------------
2024-08-14 12:31:18,036 - INFO - PRE-PROCESSING STAGE STARTING...
2024-08-14 12:31:18,036 - INFO - ---------------------------------
2024-08-14 12:31:18,232 - INFO - Dropped initial columns: ['pain_when', 'is_smoker', 'per_day', 'max', 'amount', 'depression', 'anxiety', 'schizophrenia', 'max', 'amount', 'cocaine_inject_days', 'speedball_inject_days', 'opioid_inject_days', 'speed_inject_days', 'UDS_Alcohol_Count', 'UDS_Mdma/Hallucinogen_Count']
2024-08-14 12:31:18,272 - INFO - Converted Yes/No to binary.
2024-08-14 12:31:18,279 - INFO - Processed TLFB columns with specified columns: ['TLFB_Alcohol_Count', 'TLFB_Amphetamine_Count', 'TLFB_Cocaine_Count', 'TLFB_Heroin_Count', 'TLFB_Benzodiazepine_Count', 'TLFB_Opioid_Count', 'TLFB_THC_Count', 'TLFB_Methadone_Count', 'TLFB_Buprenorphine_Count']
2024-08-14 12:31:18,282 - INFO - Calculated behavioral columns.
2024-08-14 12:31:18,285 - INFO - Moved 'Rs_johnson_1992' column to the end.
2024-08-14 12:31:18,482 - INFO - Dropped initial columns: ['msm_npt', 'msm_frq', 'txx_prt']
2024-08-14 12:31:18,507 - INFO - transform_data_with_nan_handling success
2024-08-14 12:31:18,507 - INFO - Renamed columns according to the mapping.
2024-08-14 12:31:18,649 - INFO - Transformed NaN to 0 for binary columns.
2024-08-14 12:31:18,684 - INFO - Transformed and renamed 'heroin_inject_days' column to 'rbsivheroin'.
2024-08-14 12:31:18,688 - INFO - Filled NaN with 0 for 'ftnd' column.
2024-08-14 12:31:18,803 - INFO - Dropped additional columns: ['rbs_iv_days', 'race', 'RBS_cocaine_Days', 'RBS_heroin_Days', 'RBS_opioid_Days', 'RBS_speed_Days', 'RBS_speedball_Days']
2024-08-14 12:31:18,816 - INFO - Converted UDS drug counts to binary.
2024-08-14 12:31:18,974 - INFO - ------------------------------
2024-08-14 12:31:18,975 - INFO - PRE-PROCESSING STAGE COMPLETED
2024-08-14 12:31:18,976 - INFO - ------------------------------
2024-08-14 12:31:18,977 - INFO - Merged dataset preprocessed successfully.
2024-08-14 12:31:18,977 - INFO - Creating demographic subsets from preprocessed data...
2024-08-14 12:31:27,660 - INFO - Created 11 subsets successfully.
2024-08-14 12:31:27,660 - INFO - Creating merged subsets from create_demographics_dfs function
2024-08-14 12:31:27,739 - INFO - Created 11 merged subsets successfully.
2024-08-14 12:31:27,740 - INFO - Subset 1 demographic makeup: 500 1, 242 3, 158 2, 100 4
2024-08-14 12:31:27,740 - INFO - Processing subset 1...
2024-08-14 12:31:27,740 - INFO - -----------------------------
2024-08-14 12:31:27,740 - INFO - TRAIN MODEL STAGE STARTING FOR SUBSET 1...
2024-08-14 12:31:27,740 - INFO - -----------------------------
2024-08-14 12:31:27,745 - INFO - Scaling features and applying LASSO for feature selection...
2024-08-14 12:31:29,103 - INFO - Selected features (including required): ['who', 'RaceEth', 'age', 'is_female', 'is_hispanic', 'unemployed', 'unstableliving', 'education', 'marital', 'UDS_Amphetamine_Count', 'UDS_Benzodiazepine_Count', 'UDS_Buprenorphine_Count', 'UDS_Cocaine_Count', 'UDS_Methadone_Count', 'UDS_Opioid_Count', 'UDS_Sedatives_Count', 'UDS_Thc_Count', 'pain', 'has_schizophrenia', 'has_major_dep', 'has_bipolar', 'has_anx_pan', 'has_brain_damage', 'has_epilepsy', 'has_alcol_dx', 'has_amphetamines_dx', 'has_cannabis_dx', 'has_cocaine_dx', 'has_sedatives_dx', 'ftnd', 'XTRT', 'shared', 'rbsivheroin', 'TLFB_Alcohol_Count', 'TLFB_Amphetamine_Count', 'TLFB_Benzodiazepine_Count', 'TLFB_Buprenorphine_Count', 'TLFB_Cocaine_Count', 'TLFB_Heroin_Count', 'TLFB_Methadone_Count', 'TLFB_Opioid_Count', 'TLFB_THC_Count', 'TLFB_Other', 'Homosexual_Behavior', 'Non_monogamous_Relationships']
2024-08-14 12:31:29,108 - INFO - Fitting logistic regression model with the selected features...
2024-08-14 12:31:30,213 - INFO - Model training completed successfully.
2024-08-14 12:31:30,213 - INFO - Calculating the dynamic threshold based on the proportion of positive outcomes...
2024-08-14 12:31:30,213 - INFO - Ratio of 1s to 0s in the outcome variable: 0.87 : 0.13
2024-08-14 12:31:30,213 - INFO - Dynamic threshold set to: 0.868
2024-08-14 12:31:30,213 - INFO - Model trained and saved successfully for subset 1.
2024-08-14 12:31:30,213 - INFO - ---------------------------
2024-08-14 12:31:30,213 - INFO - TRAIN MODEL STAGE COMPLETED FOR SUBSET 1
2024-08-14 12:31:30,214 - INFO - ---------------------------
2024-08-14 12:31:30,214 - INFO - --------------------------------
2024-08-14 12:31:30,214 - INFO - EVALUATE MODEL STAGE STARTING FOR SUBSET 1...
2024-08-14 12:31:30,214 - INFO - --------------------------------
2024-08-14 12:31:30,226 - INFO - ROC AUC Score: 0.6296606619187264
2024-08-14 12:31:30,226 - INFO - Confusion Matrix: 
[[ 12  21]
 [ 55 162]]
2024-08-14 12:31:30,226 - INFO - Precision: 0.8852459016393442
2024-08-14 12:31:30,226 - INFO - Recall: 0.7465437788018433
2024-08-14 12:31:30,227 - INFO - Model evaluated successfully for subset 1.
2024-08-14 12:31:30,227 - INFO - ------------------------------
2024-08-14 12:31:30,227 - INFO - EVALUATE MODEL STAGE COMPLETED FOR SUBSET 1
2024-08-14 12:31:30,227 - INFO - ------------------------------
2024-08-14 12:31:30,227 - INFO - Subset 2 demographic makeup: 550 1, 213 3, 147 2, 90 4
2024-08-14 12:31:30,228 - INFO - Processing subset 2...
2024-08-14 12:31:30,228 - INFO - -----------------------------
2024-08-14 12:31:30,228 - INFO - TRAIN MODEL STAGE STARTING FOR SUBSET 2...
2024-08-14 12:31:30,228 - INFO - -----------------------------
2024-08-14 12:31:30,240 - INFO - Scaling features and applying LASSO for feature selection...
2024-08-14 12:31:31,849 - INFO - Selected features (including required): ['who', 'RaceEth', 'age', 'is_female', 'is_hispanic', 'unemployed', 'unstableliving', 'education', 'marital', 'UDS_Amphetamine_Count', 'UDS_Benzodiazepine_Count', 'UDS_Buprenorphine_Count', 'UDS_Cocaine_Count', 'UDS_Methadone_Count', 'UDS_Opioid_Count', 'UDS_Sedatives_Count', 'UDS_Thc_Count', 'pain', 'has_schizophrenia', 'has_major_dep', 'has_bipolar', 'has_anx_pan', 'has_brain_damage', 'has_epilepsy', 'has_alcol_dx', 'has_amphetamines_dx', 'has_cannabis_dx', 'has_cocaine_dx', 'has_sedatives_dx', 'ftnd', 'XTRT', 'shared', 'rbsivheroin', 'TLFB_Alcohol_Count', 'TLFB_Amphetamine_Count', 'TLFB_Benzodiazepine_Count', 'TLFB_Buprenorphine_Count', 'TLFB_Cocaine_Count', 'TLFB_Heroin_Count', 'TLFB_Methadone_Count', 'TLFB_Opioid_Count', 'TLFB_THC_Count', 'TLFB_Other', 'Homosexual_Behavior', 'Non_monogamous_Relationships']
2024-08-14 12:31:31,854 - INFO - Fitting logistic regression model with the selected features...
2024-08-14 12:31:34,004 - INFO - Model training completed successfully.
2024-08-14 12:31:34,004 - INFO - Calculating the dynamic threshold based on the proportion of positive outcomes...
2024-08-14 12:31:34,005 - INFO - Ratio of 1s to 0s in the outcome variable: 0.89 : 0.11
2024-08-14 12:31:34,005 - INFO - Dynamic threshold set to: 0.892
2024-08-14 12:31:34,005 - INFO - Model trained and saved successfully for subset 2.
2024-08-14 12:31:34,005 - INFO - ---------------------------
2024-08-14 12:31:34,005 - INFO - TRAIN MODEL STAGE COMPLETED FOR SUBSET 2
2024-08-14 12:31:34,005 - INFO - ---------------------------
2024-08-14 12:31:34,005 - INFO - --------------------------------
2024-08-14 12:31:34,005 - INFO - EVALUATE MODEL STAGE STARTING FOR SUBSET 2...
2024-08-14 12:31:34,005 - INFO - --------------------------------
2024-08-14 12:31:34,023 - INFO - ROC AUC Score: 0.6570337153296795
2024-08-14 12:31:34,024 - INFO - Confusion Matrix: 
[[ 16  11]
 [ 90 133]]
2024-08-14 12:31:34,024 - INFO - Precision: 0.9236111111111112
2024-08-14 12:31:34,024 - INFO - Recall: 0.5964125560538116
2024-08-14 12:31:34,024 - INFO - Model evaluated successfully for subset 2.
2024-08-14 12:31:34,024 - INFO - ------------------------------
2024-08-14 12:31:34,024 - INFO - EVALUATE MODEL STAGE COMPLETED FOR SUBSET 2
2024-08-14 12:31:34,024 - INFO - ------------------------------
2024-08-14 12:31:34,025 - INFO - Subset 3 demographic makeup: 600 1, 188 3, 136 2, 76 4
2024-08-14 12:31:34,025 - INFO - Processing subset 3...
2024-08-14 12:31:34,025 - INFO - -----------------------------
2024-08-14 12:31:34,025 - INFO - TRAIN MODEL STAGE STARTING FOR SUBSET 3...
2024-08-14 12:31:34,025 - INFO - -----------------------------
2024-08-14 12:31:34,031 - INFO - Scaling features and applying LASSO for feature selection...
2024-08-14 12:31:35,577 - INFO - Selected features (including required): ['who', 'RaceEth', 'age', 'is_female', 'is_hispanic', 'unemployed', 'unstableliving', 'education', 'marital', 'UDS_Amphetamine_Count', 'UDS_Benzodiazepine_Count', 'UDS_Buprenorphine_Count', 'UDS_Cocaine_Count', 'UDS_Methadone_Count', 'UDS_Opioid_Count', 'UDS_Sedatives_Count', 'UDS_Thc_Count', 'pain', 'has_schizophrenia', 'has_major_dep', 'has_bipolar', 'has_anx_pan', 'has_brain_damage', 'has_epilepsy', 'has_alcol_dx', 'has_amphetamines_dx', 'has_cannabis_dx', 'has_cocaine_dx', 'has_sedatives_dx', 'ftnd', 'XTRT', 'shared', 'rbsivheroin', 'TLFB_Alcohol_Count', 'TLFB_Amphetamine_Count', 'TLFB_Benzodiazepine_Count', 'TLFB_Buprenorphine_Count', 'TLFB_Cocaine_Count', 'TLFB_Heroin_Count', 'TLFB_Methadone_Count', 'TLFB_Opioid_Count', 'TLFB_THC_Count', 'TLFB_Other', 'Homosexual_Behavior', 'Non_monogamous_Relationships']
2024-08-14 12:31:35,582 - INFO - Fitting logistic regression model with the selected features...
2024-08-14 12:31:36,372 - INFO - Model training completed successfully.
2024-08-14 12:31:36,372 - INFO - Calculating the dynamic threshold based on the proportion of positive outcomes...
2024-08-14 12:31:36,373 - INFO - Ratio of 1s to 0s in the outcome variable: 0.90 : 0.10
2024-08-14 12:31:36,373 - INFO - Dynamic threshold set to: 0.896
2024-08-14 12:31:36,374 - INFO - Model trained and saved successfully for subset 3.
2024-08-14 12:31:36,375 - INFO - ---------------------------
2024-08-14 12:31:36,378 - INFO - TRAIN MODEL STAGE COMPLETED FOR SUBSET 3
2024-08-14 12:31:36,379 - INFO - ---------------------------
2024-08-14 12:31:36,379 - INFO - --------------------------------
2024-08-14 12:31:36,379 - INFO - EVALUATE MODEL STAGE STARTING FOR SUBSET 3...
2024-08-14 12:31:36,380 - INFO - --------------------------------
2024-08-14 12:31:36,402 - INFO - ROC AUC Score: 0.7039835164835165
2024-08-14 12:31:36,403 - INFO - Confusion Matrix: 
[[ 16  10]
 [ 77 147]]
2024-08-14 12:31:36,403 - INFO - Precision: 0.9363057324840764
2024-08-14 12:31:36,404 - INFO - Recall: 0.65625
2024-08-14 12:31:36,404 - INFO - Model evaluated successfully for subset 3.
2024-08-14 12:31:36,405 - INFO - ------------------------------
2024-08-14 12:31:36,405 - INFO - EVALUATE MODEL STAGE COMPLETED FOR SUBSET 3
2024-08-14 12:31:36,405 - INFO - ------------------------------
2024-08-14 12:31:36,409 - INFO - Subset 4 demographic makeup: 650 1, 164 3, 120 2, 66 4
2024-08-14 12:31:36,409 - INFO - Processing subset 4...
2024-08-14 12:31:36,410 - INFO - -----------------------------
2024-08-14 12:31:36,410 - INFO - TRAIN MODEL STAGE STARTING FOR SUBSET 4...
2024-08-14 12:31:36,410 - INFO - -----------------------------
2024-08-14 12:31:36,436 - INFO - Scaling features and applying LASSO for feature selection...
2024-08-14 12:31:39,416 - INFO - Selected features (including required): ['who', 'RaceEth', 'age', 'is_female', 'is_hispanic', 'unemployed', 'unstableliving', 'education', 'marital', 'UDS_Amphetamine_Count', 'UDS_Benzodiazepine_Count', 'UDS_Buprenorphine_Count', 'UDS_Cocaine_Count', 'UDS_Methadone_Count', 'UDS_Opioid_Count', 'UDS_Sedatives_Count', 'UDS_Thc_Count', 'pain', 'has_schizophrenia', 'has_major_dep', 'has_bipolar', 'has_anx_pan', 'has_brain_damage', 'has_epilepsy', 'has_alcol_dx', 'has_amphetamines_dx', 'has_cannabis_dx', 'has_cocaine_dx', 'has_sedatives_dx', 'ftnd', 'XTRT', 'shared', 'rbsivheroin', 'TLFB_Alcohol_Count', 'TLFB_Amphetamine_Count', 'TLFB_Benzodiazepine_Count', 'TLFB_Buprenorphine_Count', 'TLFB_Cocaine_Count', 'TLFB_Heroin_Count', 'TLFB_Methadone_Count', 'TLFB_Opioid_Count', 'TLFB_THC_Count', 'TLFB_Other', 'Homosexual_Behavior', 'Non_monogamous_Relationships']
2024-08-14 12:31:39,435 - INFO - Fitting logistic regression model with the selected features...
2024-08-14 12:31:40,762 - INFO - Model training completed successfully.
2024-08-14 12:31:40,762 - INFO - Calculating the dynamic threshold based on the proportion of positive outcomes...
2024-08-14 12:31:40,762 - INFO - Ratio of 1s to 0s in the outcome variable: 0.88 : 0.12
2024-08-14 12:31:40,762 - INFO - Dynamic threshold set to: 0.884
2024-08-14 12:31:40,762 - INFO - Model trained and saved successfully for subset 4.
2024-08-14 12:31:40,762 - INFO - ---------------------------
2024-08-14 12:31:40,763 - INFO - TRAIN MODEL STAGE COMPLETED FOR SUBSET 4
2024-08-14 12:31:40,763 - INFO - ---------------------------
2024-08-14 12:31:40,763 - INFO - --------------------------------
2024-08-14 12:31:40,763 - INFO - EVALUATE MODEL STAGE STARTING FOR SUBSET 4...
2024-08-14 12:31:40,763 - INFO - --------------------------------
2024-08-14 12:31:40,778 - INFO - ROC AUC Score: 0.6910594476517398
2024-08-14 12:31:40,790 - INFO - Confusion Matrix: 
[[ 12  17]
 [ 46 175]]
2024-08-14 12:31:40,791 - INFO - Precision: 0.9114583333333334
2024-08-14 12:31:40,791 - INFO - Recall: 0.7918552036199095
2024-08-14 12:31:40,792 - INFO - Model evaluated successfully for subset 4.
2024-08-14 12:31:40,792 - INFO - ------------------------------
2024-08-14 12:31:40,792 - INFO - EVALUATE MODEL STAGE COMPLETED FOR SUBSET 4
2024-08-14 12:31:40,793 - INFO - ------------------------------
2024-08-14 12:31:40,794 - INFO - Subset 5 demographic makeup: 700 1, 142 3, 104 2, 54 4
2024-08-14 12:31:40,794 - INFO - Processing subset 5...
2024-08-14 12:31:40,794 - INFO - -----------------------------
2024-08-14 12:31:40,795 - INFO - TRAIN MODEL STAGE STARTING FOR SUBSET 5...
2024-08-14 12:31:40,795 - INFO - -----------------------------
2024-08-14 12:31:40,816 - INFO - Scaling features and applying LASSO for feature selection...
2024-08-14 12:31:44,326 - INFO - Selected features (including required): ['who', 'RaceEth', 'age', 'is_female', 'is_hispanic', 'unemployed', 'unstableliving', 'education', 'marital', 'UDS_Amphetamine_Count', 'UDS_Benzodiazepine_Count', 'UDS_Buprenorphine_Count', 'UDS_Cocaine_Count', 'UDS_Methadone_Count', 'UDS_Opioid_Count', 'UDS_Sedatives_Count', 'UDS_Thc_Count', 'pain', 'has_schizophrenia', 'has_major_dep', 'has_bipolar', 'has_anx_pan', 'has_brain_damage', 'has_epilepsy', 'has_alcol_dx', 'has_amphetamines_dx', 'has_cannabis_dx', 'has_cocaine_dx', 'has_sedatives_dx', 'ftnd', 'XTRT', 'shared', 'rbsivheroin', 'TLFB_Alcohol_Count', 'TLFB_Amphetamine_Count', 'TLFB_Benzodiazepine_Count', 'TLFB_Buprenorphine_Count', 'TLFB_Cocaine_Count', 'TLFB_Heroin_Count', 'TLFB_Methadone_Count', 'TLFB_Opioid_Count', 'TLFB_THC_Count', 'TLFB_Other', 'Homosexual_Behavior', 'Non_monogamous_Relationships']
2024-08-14 12:31:44,332 - INFO - Fitting logistic regression model with the selected features...
2024-08-14 12:31:45,540 - INFO - Model training completed successfully.
2024-08-14 12:31:45,541 - INFO - Calculating the dynamic threshold based on the proportion of positive outcomes...
2024-08-14 12:31:45,541 - INFO - Ratio of 1s to 0s in the outcome variable: 0.92 : 0.08
2024-08-14 12:31:45,541 - INFO - Dynamic threshold set to: 0.924
2024-08-14 12:31:45,541 - INFO - Model trained and saved successfully for subset 5.
2024-08-14 12:31:45,541 - INFO - ---------------------------
2024-08-14 12:31:45,541 - INFO - TRAIN MODEL STAGE COMPLETED FOR SUBSET 5
2024-08-14 12:31:45,541 - INFO - ---------------------------
2024-08-14 12:31:45,541 - INFO - --------------------------------
2024-08-14 12:31:45,541 - INFO - EVALUATE MODEL STAGE STARTING FOR SUBSET 5...
2024-08-14 12:31:45,541 - INFO - --------------------------------
2024-08-14 12:31:45,555 - INFO - ROC AUC Score: 0.6397812713602188
2024-08-14 12:31:45,556 - INFO - Confusion Matrix: 
[[  9  10]
 [ 95 136]]
2024-08-14 12:31:45,556 - INFO - Precision: 0.9315068493150684
2024-08-14 12:31:45,556 - INFO - Recall: 0.5887445887445888
2024-08-14 12:31:45,556 - INFO - Model evaluated successfully for subset 5.
2024-08-14 12:31:45,556 - INFO - ------------------------------
2024-08-14 12:31:45,556 - INFO - EVALUATE MODEL STAGE COMPLETED FOR SUBSET 5
2024-08-14 12:31:45,556 - INFO - ------------------------------
2024-08-14 12:31:45,557 - INFO - Subset 6 demographic makeup: 750 1, 114 3, 88 2, 48 4
2024-08-14 12:31:45,557 - INFO - Processing subset 6...
2024-08-14 12:31:45,557 - INFO - -----------------------------
2024-08-14 12:31:45,557 - INFO - TRAIN MODEL STAGE STARTING FOR SUBSET 6...
2024-08-14 12:31:45,557 - INFO - -----------------------------
2024-08-14 12:31:45,568 - INFO - Scaling features and applying LASSO for feature selection...
2024-08-14 12:31:47,932 - INFO - Selected features (including required): ['who', 'RaceEth', 'age', 'is_female', 'is_hispanic', 'unemployed', 'unstableliving', 'education', 'marital', 'UDS_Amphetamine_Count', 'UDS_Benzodiazepine_Count', 'UDS_Buprenorphine_Count', 'UDS_Cocaine_Count', 'UDS_Methadone_Count', 'UDS_Opioid_Count', 'UDS_Sedatives_Count', 'UDS_Thc_Count', 'pain', 'has_schizophrenia', 'has_major_dep', 'has_bipolar', 'has_anx_pan', 'has_brain_damage', 'has_epilepsy', 'has_alcol_dx', 'has_amphetamines_dx', 'has_cannabis_dx', 'has_cocaine_dx', 'has_sedatives_dx', 'ftnd', 'XTRT', 'shared', 'rbsivheroin', 'TLFB_Alcohol_Count', 'TLFB_Amphetamine_Count', 'TLFB_Benzodiazepine_Count', 'TLFB_Buprenorphine_Count', 'TLFB_Cocaine_Count', 'TLFB_Heroin_Count', 'TLFB_Methadone_Count', 'TLFB_Opioid_Count', 'TLFB_THC_Count', 'TLFB_Other', 'Homosexual_Behavior', 'Non_monogamous_Relationships']
2024-08-14 12:31:47,938 - INFO - Fitting logistic regression model with the selected features...
2024-08-14 12:31:49,443 - INFO - Model training completed successfully.
2024-08-14 12:31:49,443 - INFO - Calculating the dynamic threshold based on the proportion of positive outcomes...
2024-08-14 12:31:49,443 - INFO - Ratio of 1s to 0s in the outcome variable: 0.89 : 0.11
2024-08-14 12:31:49,443 - INFO - Dynamic threshold set to: 0.888
2024-08-14 12:31:49,443 - INFO - Model trained and saved successfully for subset 6.
2024-08-14 12:31:49,443 - INFO - ---------------------------
2024-08-14 12:31:49,443 - INFO - TRAIN MODEL STAGE COMPLETED FOR SUBSET 6
2024-08-14 12:31:49,444 - INFO - ---------------------------
2024-08-14 12:31:49,444 - INFO - --------------------------------
2024-08-14 12:31:49,444 - INFO - EVALUATE MODEL STAGE STARTING FOR SUBSET 6...
2024-08-14 12:31:49,444 - INFO - --------------------------------
2024-08-14 12:31:49,458 - INFO - ROC AUC Score: 0.7104247104247104
2024-08-14 12:31:49,458 - INFO - Confusion Matrix: 
[[ 11  17]
 [ 56 166]]
2024-08-14 12:31:49,458 - INFO - Precision: 0.907103825136612
2024-08-14 12:31:49,458 - INFO - Recall: 0.7477477477477478
2024-08-14 12:31:49,458 - INFO - Model evaluated successfully for subset 6.
2024-08-14 12:31:49,459 - INFO - ------------------------------
2024-08-14 12:31:49,459 - INFO - EVALUATE MODEL STAGE COMPLETED FOR SUBSET 6
2024-08-14 12:31:49,459 - INFO - ------------------------------
2024-08-14 12:31:49,460 - INFO - Subset 7 demographic makeup: 800 1, 87 3, 71 2, 42 4
2024-08-14 12:31:49,460 - INFO - Processing subset 7...
2024-08-14 12:31:49,460 - INFO - -----------------------------
2024-08-14 12:31:49,460 - INFO - TRAIN MODEL STAGE STARTING FOR SUBSET 7...
2024-08-14 12:31:49,460 - INFO - -----------------------------
2024-08-14 12:31:49,471 - INFO - Scaling features and applying LASSO for feature selection...
2024-08-14 12:31:54,360 - INFO - Selected features (including required): ['who', 'RaceEth', 'age', 'is_female', 'is_hispanic', 'unemployed', 'unstableliving', 'education', 'marital', 'UDS_Amphetamine_Count', 'UDS_Benzodiazepine_Count', 'UDS_Buprenorphine_Count', 'UDS_Cocaine_Count', 'UDS_Methadone_Count', 'UDS_Opioid_Count', 'UDS_Sedatives_Count', 'UDS_Thc_Count', 'pain', 'has_schizophrenia', 'has_major_dep', 'has_bipolar', 'has_anx_pan', 'has_brain_damage', 'has_epilepsy', 'has_alcol_dx', 'has_amphetamines_dx', 'has_cannabis_dx', 'has_cocaine_dx', 'has_sedatives_dx', 'ftnd', 'XTRT', 'shared', 'rbsivheroin', 'TLFB_Alcohol_Count', 'TLFB_Amphetamine_Count', 'TLFB_Benzodiazepine_Count', 'TLFB_Buprenorphine_Count', 'TLFB_Cocaine_Count', 'TLFB_Heroin_Count', 'TLFB_Methadone_Count', 'TLFB_Opioid_Count', 'TLFB_THC_Count', 'TLFB_Other', 'Homosexual_Behavior', 'Non_monogamous_Relationships']
2024-08-14 12:31:54,372 - INFO - Fitting logistic regression model with the selected features...
2024-08-14 12:32:02,511 - INFO - Model training completed successfully.
2024-08-14 12:32:02,511 - INFO - Calculating the dynamic threshold based on the proportion of positive outcomes...
2024-08-14 12:32:02,512 - INFO - Ratio of 1s to 0s in the outcome variable: 0.90 : 0.10
2024-08-14 12:32:02,512 - INFO - Dynamic threshold set to: 0.9
2024-08-14 12:32:02,512 - INFO - Model trained and saved successfully for subset 7.
2024-08-14 12:32:02,512 - INFO - ---------------------------
2024-08-14 12:32:02,512 - INFO - TRAIN MODEL STAGE COMPLETED FOR SUBSET 7
2024-08-14 12:32:02,512 - INFO - ---------------------------
2024-08-14 12:32:02,512 - INFO - --------------------------------
2024-08-14 12:32:02,512 - INFO - EVALUATE MODEL STAGE STARTING FOR SUBSET 7...
2024-08-14 12:32:02,512 - INFO - --------------------------------
2024-08-14 12:32:02,529 - INFO - ROC AUC Score: 0.8010666666666667
2024-08-14 12:32:02,529 - INFO - Confusion Matrix: 
[[ 16   9]
 [ 66 159]]
2024-08-14 12:32:02,529 - INFO - Precision: 0.9464285714285714
2024-08-14 12:32:02,529 - INFO - Recall: 0.7066666666666667
2024-08-14 12:32:02,544 - INFO - Model evaluated successfully for subset 7.
2024-08-14 12:32:02,545 - INFO - ------------------------------
2024-08-14 12:32:02,546 - INFO - EVALUATE MODEL STAGE COMPLETED FOR SUBSET 7
2024-08-14 12:32:02,547 - INFO - ------------------------------
2024-08-14 12:32:02,548 - INFO - Subset 8 demographic makeup: 850 1, 66 3, 53 2, 31 4
2024-08-14 12:32:02,548 - INFO - Processing subset 8...
2024-08-14 12:32:02,548 - INFO - -----------------------------
2024-08-14 12:32:02,549 - INFO - TRAIN MODEL STAGE STARTING FOR SUBSET 8...
2024-08-14 12:32:02,549 - INFO - -----------------------------
2024-08-14 12:32:02,570 - INFO - Scaling features and applying LASSO for feature selection...
2024-08-14 12:32:06,582 - INFO - Selected features (including required): ['who', 'RaceEth', 'age', 'is_female', 'is_hispanic', 'unemployed', 'unstableliving', 'education', 'marital', 'UDS_Amphetamine_Count', 'UDS_Benzodiazepine_Count', 'UDS_Buprenorphine_Count', 'UDS_Cocaine_Count', 'UDS_Methadone_Count', 'UDS_Opioid_Count', 'UDS_Sedatives_Count', 'UDS_Thc_Count', 'pain', 'has_schizophrenia', 'has_major_dep', 'has_bipolar', 'has_anx_pan', 'has_brain_damage', 'has_epilepsy', 'has_alcol_dx', 'has_amphetamines_dx', 'has_cannabis_dx', 'has_cocaine_dx', 'has_sedatives_dx', 'ftnd', 'XTRT', 'shared', 'rbsivheroin', 'TLFB_Alcohol_Count', 'TLFB_Amphetamine_Count', 'TLFB_Benzodiazepine_Count', 'TLFB_Buprenorphine_Count', 'TLFB_Cocaine_Count', 'TLFB_Heroin_Count', 'TLFB_Methadone_Count', 'TLFB_Opioid_Count', 'TLFB_THC_Count', 'TLFB_Other', 'Homosexual_Behavior', 'Non_monogamous_Relationships']
2024-08-14 12:32:06,591 - INFO - Fitting logistic regression model with the selected features...
2024-08-14 12:32:08,391 - INFO - Model training completed successfully.
2024-08-14 12:32:08,391 - INFO - Calculating the dynamic threshold based on the proportion of positive outcomes...
2024-08-14 12:32:08,392 - INFO - Ratio of 1s to 0s in the outcome variable: 0.90 : 0.10
2024-08-14 12:32:08,392 - INFO - Dynamic threshold set to: 0.9
2024-08-14 12:32:08,393 - INFO - Model trained and saved successfully for subset 8.
2024-08-14 12:32:08,394 - INFO - ---------------------------
2024-08-14 12:32:08,394 - INFO - TRAIN MODEL STAGE COMPLETED FOR SUBSET 8
2024-08-14 12:32:08,398 - INFO - ---------------------------
2024-08-14 12:32:08,399 - INFO - --------------------------------
2024-08-14 12:32:08,399 - INFO - EVALUATE MODEL STAGE STARTING FOR SUBSET 8...
2024-08-14 12:32:08,399 - INFO - --------------------------------
2024-08-14 12:32:08,430 - INFO - ROC AUC Score: 0.7358222222222222
2024-08-14 12:32:08,433 - INFO - Confusion Matrix: 
[[ 13  12]
 [ 68 157]]
2024-08-14 12:32:08,433 - INFO - Precision: 0.9289940828402367
2024-08-14 12:32:08,435 - INFO - Recall: 0.6977777777777778
2024-08-14 12:32:08,437 - INFO - Model evaluated successfully for subset 8.
2024-08-14 12:32:08,437 - INFO - ------------------------------
2024-08-14 12:32:08,437 - INFO - EVALUATE MODEL STAGE COMPLETED FOR SUBSET 8
2024-08-14 12:32:08,438 - INFO - ------------------------------
2024-08-14 12:32:08,439 - INFO - Subset 9 demographic makeup: 900 1, 45 3, 34 2, 21 4
2024-08-14 12:32:08,439 - INFO - Processing subset 9...
2024-08-14 12:32:08,440 - INFO - -----------------------------
2024-08-14 12:32:08,440 - INFO - TRAIN MODEL STAGE STARTING FOR SUBSET 9...
2024-08-14 12:32:08,441 - INFO - -----------------------------
2024-08-14 12:32:08,450 - INFO - Scaling features and applying LASSO for feature selection...
2024-08-14 12:32:10,480 - INFO - Selected features (including required): ['who', 'RaceEth', 'age', 'is_female', 'is_hispanic', 'unemployed', 'unstableliving', 'education', 'marital', 'UDS_Amphetamine_Count', 'UDS_Benzodiazepine_Count', 'UDS_Buprenorphine_Count', 'UDS_Cocaine_Count', 'UDS_Methadone_Count', 'UDS_Opioid_Count', 'UDS_Sedatives_Count', 'UDS_Thc_Count', 'pain', 'has_schizophrenia', 'has_major_dep', 'has_bipolar', 'has_anx_pan', 'has_brain_damage', 'has_epilepsy', 'has_alcol_dx', 'has_amphetamines_dx', 'has_cannabis_dx', 'has_cocaine_dx', 'has_sedatives_dx', 'ftnd', 'XTRT', 'shared', 'rbsivheroin', 'TLFB_Alcohol_Count', 'TLFB_Amphetamine_Count', 'TLFB_Benzodiazepine_Count', 'TLFB_Buprenorphine_Count', 'TLFB_Cocaine_Count', 'TLFB_Heroin_Count', 'TLFB_Methadone_Count', 'TLFB_Opioid_Count', 'TLFB_THC_Count', 'TLFB_Other', 'Homosexual_Behavior', 'Non_monogamous_Relationships']
2024-08-14 12:32:10,485 - INFO - Fitting logistic regression model with the selected features...
2024-08-14 12:32:13,012 - INFO - Model training completed successfully.
2024-08-14 12:32:13,013 - INFO - Calculating the dynamic threshold based on the proportion of positive outcomes...
2024-08-14 12:32:13,013 - INFO - Ratio of 1s to 0s in the outcome variable: 0.87 : 0.13
2024-08-14 12:32:13,014 - INFO - Dynamic threshold set to: 0.872
2024-08-14 12:32:13,014 - INFO - Model trained and saved successfully for subset 9.
2024-08-14 12:32:13,014 - INFO - ---------------------------
2024-08-14 12:32:13,022 - INFO - TRAIN MODEL STAGE COMPLETED FOR SUBSET 9
2024-08-14 12:32:13,022 - INFO - ---------------------------
2024-08-14 12:32:13,022 - INFO - --------------------------------
2024-08-14 12:32:13,022 - INFO - EVALUATE MODEL STAGE STARTING FOR SUBSET 9...
2024-08-14 12:32:13,022 - INFO - --------------------------------
2024-08-14 12:32:13,061 - INFO - ROC AUC Score: 0.7290711009174311
2024-08-14 12:32:13,061 - INFO - Confusion Matrix: 
[[ 15  17]
 [ 51 167]]
2024-08-14 12:32:13,061 - INFO - Precision: 0.907608695652174
2024-08-14 12:32:13,061 - INFO - Recall: 0.7660550458715596
2024-08-14 12:32:13,061 - INFO - Model evaluated successfully for subset 9.
2024-08-14 12:32:13,061 - INFO - ------------------------------
2024-08-14 12:32:13,061 - INFO - EVALUATE MODEL STAGE COMPLETED FOR SUBSET 9
2024-08-14 12:32:13,061 - INFO - ------------------------------
2024-08-14 12:32:13,063 - INFO - Subset 10 demographic makeup: 950 1, 24 3, 13 2, 13 4
2024-08-14 12:32:13,063 - INFO - Processing subset 10...
2024-08-14 12:32:13,063 - INFO - -----------------------------
2024-08-14 12:32:13,063 - INFO - TRAIN MODEL STAGE STARTING FOR SUBSET 10...
2024-08-14 12:32:13,063 - INFO - -----------------------------
2024-08-14 12:32:13,090 - INFO - Scaling features and applying LASSO for feature selection...
2024-08-14 12:32:15,123 - INFO - Selected features (including required): ['who', 'RaceEth', 'age', 'is_female', 'is_hispanic', 'unemployed', 'unstableliving', 'education', 'marital', 'UDS_Amphetamine_Count', 'UDS_Benzodiazepine_Count', 'UDS_Buprenorphine_Count', 'UDS_Cocaine_Count', 'UDS_Methadone_Count', 'UDS_Opioid_Count', 'UDS_Sedatives_Count', 'UDS_Thc_Count', 'pain', 'has_schizophrenia', 'has_major_dep', 'has_bipolar', 'has_anx_pan', 'has_brain_damage', 'has_epilepsy', 'has_alcol_dx', 'has_amphetamines_dx', 'has_cannabis_dx', 'has_cocaine_dx', 'has_sedatives_dx', 'ftnd', 'XTRT', 'shared', 'rbsivheroin', 'TLFB_Alcohol_Count', 'TLFB_Amphetamine_Count', 'TLFB_Benzodiazepine_Count', 'TLFB_Buprenorphine_Count', 'TLFB_Cocaine_Count', 'TLFB_Heroin_Count', 'TLFB_Methadone_Count', 'TLFB_Opioid_Count', 'TLFB_THC_Count', 'TLFB_Other', 'Homosexual_Behavior', 'Non_monogamous_Relationships']
2024-08-14 12:32:15,128 - INFO - Fitting logistic regression model with the selected features...
2024-08-14 12:32:16,286 - INFO - Model training completed successfully.
2024-08-14 12:32:16,286 - INFO - Calculating the dynamic threshold based on the proportion of positive outcomes...
2024-08-14 12:32:16,287 - INFO - Ratio of 1s to 0s in the outcome variable: 0.93 : 0.07
2024-08-14 12:32:16,287 - INFO - Dynamic threshold set to: 0.928
2024-08-14 12:32:16,287 - INFO - Model trained and saved successfully for subset 10.
2024-08-14 12:32:16,287 - INFO - ---------------------------
2024-08-14 12:32:16,287 - INFO - TRAIN MODEL STAGE COMPLETED FOR SUBSET 10
2024-08-14 12:32:16,287 - INFO - ---------------------------
2024-08-14 12:32:16,287 - INFO - --------------------------------
2024-08-14 12:32:16,287 - INFO - EVALUATE MODEL STAGE STARTING FOR SUBSET 10...
2024-08-14 12:32:16,287 - INFO - --------------------------------
2024-08-14 12:32:16,308 - INFO - ROC AUC Score: 0.7595785440613027
2024-08-14 12:32:16,309 - INFO - Confusion Matrix: 
[[ 13   5]
 [ 98 134]]
2024-08-14 12:32:16,309 - INFO - Precision: 0.9640287769784173
2024-08-14 12:32:16,309 - INFO - Recall: 0.5775862068965517
2024-08-14 12:32:16,309 - INFO - Model evaluated successfully for subset 10.
2024-08-14 12:32:16,309 - INFO - ------------------------------
2024-08-14 12:32:16,309 - INFO - EVALUATE MODEL STAGE COMPLETED FOR SUBSET 10
2024-08-14 12:32:16,309 - INFO - ------------------------------
2024-08-14 12:32:16,310 - INFO - Subset 11 demographic makeup: 1000 1
2024-08-14 12:32:16,310 - INFO - Processing subset 11...
2024-08-14 12:32:16,310 - INFO - -----------------------------
2024-08-14 12:32:16,310 - INFO - TRAIN MODEL STAGE STARTING FOR SUBSET 11...
2024-08-14 12:32:16,310 - INFO - -----------------------------
2024-08-14 12:32:16,323 - INFO - Scaling features and applying LASSO for feature selection...
2024-08-14 12:32:17,998 - INFO - Selected features (including required): ['who', 'age', 'is_female', 'unemployed', 'unstableliving', 'education', 'marital', 'UDS_Amphetamine_Count', 'UDS_Benzodiazepine_Count', 'UDS_Buprenorphine_Count', 'UDS_Cocaine_Count', 'UDS_Methadone_Count', 'UDS_Opioid_Count', 'UDS_Sedatives_Count', 'UDS_Thc_Count', 'pain', 'has_schizophrenia', 'has_major_dep', 'has_bipolar', 'has_anx_pan', 'has_brain_damage', 'has_epilepsy', 'has_alcol_dx', 'has_amphetamines_dx', 'has_cannabis_dx', 'has_cocaine_dx', 'has_sedatives_dx', 'ftnd', 'XTRT', 'shared', 'rbsivheroin', 'TLFB_Alcohol_Count', 'TLFB_Amphetamine_Count', 'TLFB_Benzodiazepine_Count', 'TLFB_Buprenorphine_Count', 'TLFB_Cocaine_Count', 'TLFB_Heroin_Count', 'TLFB_Methadone_Count', 'TLFB_Opioid_Count', 'TLFB_THC_Count', 'TLFB_Other', 'Homosexual_Behavior', 'Non_monogamous_Relationships']
2024-08-14 12:32:18,014 - INFO - Fitting logistic regression model with the selected features...
2024-08-14 12:32:19,248 - INFO - Model training completed successfully.
2024-08-14 12:32:19,248 - INFO - Calculating the dynamic threshold based on the proportion of positive outcomes...
2024-08-14 12:32:19,249 - INFO - Ratio of 1s to 0s in the outcome variable: 0.91 : 0.09
2024-08-14 12:32:19,249 - INFO - Dynamic threshold set to: 0.912
2024-08-14 12:32:19,249 - INFO - Model trained and saved successfully for subset 11.
2024-08-14 12:32:19,249 - INFO - ---------------------------
2024-08-14 12:32:19,249 - INFO - TRAIN MODEL STAGE COMPLETED FOR SUBSET 11
2024-08-14 12:32:19,249 - INFO - ---------------------------
2024-08-14 12:32:19,249 - INFO - --------------------------------
2024-08-14 12:32:19,249 - INFO - EVALUATE MODEL STAGE STARTING FOR SUBSET 11...
2024-08-14 12:32:19,249 - INFO - --------------------------------
2024-08-14 12:32:19,262 - INFO - ROC AUC Score: 0.7527910685805422
2024-08-14 12:32:19,262 - INFO - Confusion Matrix: 
[[ 17   5]
 [ 77 151]]
2024-08-14 12:32:19,262 - INFO - Precision: 0.967948717948718
2024-08-14 12:32:19,262 - INFO - Recall: 0.6622807017543859
2024-08-14 12:32:19,263 - INFO - Model evaluated successfully for subset 11.
2024-08-14 12:32:19,263 - INFO - ------------------------------
2024-08-14 12:32:19,263 - INFO - EVALUATE MODEL STAGE COMPLETED FOR SUBSET 11
2024-08-14 12:32:19,263 - INFO - ------------------------------
2024-08-14 12:32:19,263 - INFO - ------------------
2024-08-14 12:32:19,264 - INFO - PIPELINE COMPLETED
2024-08-14 12:32:19,264 - INFO - ------------------
