2024-08-14 11:50:00,969 - INFO - Global Seed set to: 23
2024-08-14 11:50:00,969 - INFO - Outcome Name: Ab_ling_1998
2024-08-14 11:50:01,145 - INFO - Datasets loaded successfully.
2024-08-14 11:50:01,152 - INFO - Starting preprocessing of the merged dataset...
2024-08-14 11:50:01,152 - INFO - ---------------------------------
2024-08-14 11:50:01,152 - INFO - PRE-PROCESSING STAGE STARTING...
2024-08-14 11:50:01,152 - INFO - ---------------------------------
2024-08-14 11:50:01,335 - INFO - Dropped initial columns: ['pain_when', 'is_smoker', 'per_day', 'max', 'amount', 'depression', 'anxiety', 'schizophrenia', 'max', 'amount', 'cocaine_inject_days', 'speedball_inject_days', 'opioid_inject_days', 'speed_inject_days', 'UDS_Alcohol_Count', 'UDS_Mdma/Hallucinogen_Count']
2024-08-14 11:50:01,378 - INFO - Converted Yes/No to binary.
2024-08-14 11:50:01,385 - INFO - Processed TLFB columns with specified columns: ['TLFB_Alcohol_Count', 'TLFB_Amphetamine_Count', 'TLFB_Cocaine_Count', 'TLFB_Heroin_Count', 'TLFB_Benzodiazepine_Count', 'TLFB_Opioid_Count', 'TLFB_THC_Count', 'TLFB_Methadone_Count', 'TLFB_Buprenorphine_Count']
2024-08-14 11:50:01,387 - INFO - Calculated behavioral columns.
2024-08-14 11:50:01,390 - INFO - Moved 'Ab_ling_1998' column to the end.
2024-08-14 11:50:01,562 - INFO - Dropped initial columns: ['msm_npt', 'msm_frq', 'txx_prt']
2024-08-14 11:50:01,581 - INFO - transform_data_with_nan_handling success
2024-08-14 11:50:01,582 - INFO - Renamed columns according to the mapping.
2024-08-14 11:50:01,617 - INFO - Transformed NaN to 0 for binary columns.
2024-08-14 11:50:01,618 - INFO - Transformed and renamed 'heroin_inject_days' column to 'rbsivheroin'.
2024-08-14 11:50:01,619 - INFO - Filled NaN with 0 for 'ftnd' column.
2024-08-14 11:50:01,894 - INFO - Dropped additional columns: ['rbs_iv_days', 'race', 'RBS_cocaine_Days', 'RBS_heroin_Days', 'RBS_opioid_Days', 'RBS_speed_Days', 'RBS_speedball_Days']
2024-08-14 11:50:01,984 - INFO - Converted UDS drug counts to binary.
2024-08-14 11:50:02,148 - INFO - ------------------------------
2024-08-14 11:50:02,149 - INFO - PRE-PROCESSING STAGE COMPLETED
2024-08-14 11:50:02,149 - INFO - ------------------------------
2024-08-14 11:50:02,149 - INFO - Merged dataset preprocessed successfully.
2024-08-14 11:50:02,162 - INFO - Creating demographic subsets from preprocessed data...
2024-08-14 11:50:15,661 - INFO - Created 11 subsets successfully.
2024-08-14 11:50:15,662 - INFO - Creating merged subsets from create_demographics_dfs function
2024-08-14 11:50:15,893 - INFO - Created 11 merged subsets successfully.
2024-08-14 11:50:15,896 - INFO - Subset 1 demographic makeup: 500 1, 249 3, 153 2, 98 4
2024-08-14 11:50:15,898 - INFO - Processing subset 1...
2024-08-14 11:50:15,908 - INFO - -----------------------------
2024-08-14 11:50:15,912 - INFO - TRAIN MODEL STAGE STARTING FOR SUBSET 1...
2024-08-14 11:50:15,912 - INFO - -----------------------------
2024-08-14 11:50:15,979 - INFO - Scaling features and applying LASSO for feature selection...
2024-08-14 11:50:16,334 - INFO - Selected features (including required): ['who', 'RaceEth', 'age', 'is_female', 'is_hispanic', 'unemployed', 'unstableliving', 'education', 'marital', 'UDS_Amphetamine_Count', 'UDS_Benzodiazepine_Count', 'UDS_Buprenorphine_Count', 'UDS_Cocaine_Count', 'UDS_Methadone_Count', 'UDS_Opioid_Count', 'UDS_Sedatives_Count', 'UDS_Thc_Count', 'pain', 'has_schizophrenia', 'has_major_dep', 'has_bipolar', 'has_anx_pan', 'has_brain_damage', 'has_epilepsy', 'has_alcol_dx', 'has_amphetamines_dx', 'has_cannabis_dx', 'has_cocaine_dx', 'has_sedatives_dx', 'ftnd', 'XTRT', 'shared', 'rbsivheroin', 'TLFB_Alcohol_Count', 'TLFB_Amphetamine_Count', 'TLFB_Benzodiazepine_Count', 'TLFB_Buprenorphine_Count', 'TLFB_Cocaine_Count', 'TLFB_Heroin_Count', 'TLFB_Methadone_Count', 'TLFB_Opioid_Count', 'TLFB_THC_Count', 'TLFB_Other', 'Homosexual_Behavior', 'Non_monogamous_Relationships']
2024-08-14 11:50:16,343 - INFO - Fitting logistic regression model with the selected features...
2024-08-14 11:50:19,155 - INFO - Model training completed successfully.
2024-08-14 11:50:19,156 - INFO - Calculating the dynamic threshold based on the proportion of positive outcomes...
2024-08-14 11:50:19,157 - INFO - Ratio of 1s to 0s in the outcome variable: 0.42 : 0.58
2024-08-14 11:50:19,157 - INFO - Dynamic threshold set to: 0.424
2024-08-14 11:50:19,157 - INFO - Model trained and saved successfully for subset 1.
2024-08-14 11:50:19,158 - INFO - ---------------------------
2024-08-14 11:50:19,159 - INFO - TRAIN MODEL STAGE COMPLETED FOR SUBSET 1
2024-08-14 11:50:19,160 - INFO - ---------------------------
2024-08-14 11:50:19,162 - INFO - --------------------------------
2024-08-14 11:50:19,164 - INFO - EVALUATE MODEL STAGE STARTING FOR SUBSET 1...
2024-08-14 11:50:19,165 - INFO - --------------------------------
2024-08-14 11:50:19,204 - INFO - ROC AUC Score: 0.562303459119497
2024-08-14 11:50:19,204 - INFO - Confusion Matrix: 
[[81 63]
 [48 58]]
2024-08-14 11:50:19,205 - INFO - Precision: 0.4793388429752066
2024-08-14 11:50:19,205 - INFO - Recall: 0.5471698113207547
2024-08-14 11:50:19,205 - INFO - Model evaluated successfully for subset 1.
2024-08-14 11:50:19,207 - INFO - ------------------------------
2024-08-14 11:50:19,207 - INFO - EVALUATE MODEL STAGE COMPLETED FOR SUBSET 1
2024-08-14 11:50:19,207 - INFO - ------------------------------
2024-08-14 11:50:19,208 - INFO - Subset 2 demographic makeup: 550 1, 226 3, 133 2, 91 4
2024-08-14 11:50:19,210 - INFO - Processing subset 2...
2024-08-14 11:50:19,211 - INFO - -----------------------------
2024-08-14 11:50:19,213 - INFO - TRAIN MODEL STAGE STARTING FOR SUBSET 2...
2024-08-14 11:50:19,214 - INFO - -----------------------------
2024-08-14 11:50:19,226 - INFO - Scaling features and applying LASSO for feature selection...
2024-08-14 11:50:19,446 - INFO - Selected features (including required): ['who', 'RaceEth', 'age', 'is_female', 'is_hispanic', 'unemployed', 'unstableliving', 'education', 'marital', 'UDS_Amphetamine_Count', 'UDS_Benzodiazepine_Count', 'UDS_Buprenorphine_Count', 'UDS_Cocaine_Count', 'UDS_Methadone_Count', 'UDS_Opioid_Count', 'UDS_Sedatives_Count', 'UDS_Thc_Count', 'pain', 'has_schizophrenia', 'has_major_dep', 'has_bipolar', 'has_anx_pan', 'has_brain_damage', 'has_epilepsy', 'has_alcol_dx', 'has_amphetamines_dx', 'has_cannabis_dx', 'has_cocaine_dx', 'has_sedatives_dx', 'ftnd', 'XTRT', 'shared', 'rbsivheroin', 'TLFB_Alcohol_Count', 'TLFB_Amphetamine_Count', 'TLFB_Benzodiazepine_Count', 'TLFB_Buprenorphine_Count', 'TLFB_Cocaine_Count', 'TLFB_Heroin_Count', 'TLFB_Methadone_Count', 'TLFB_Opioid_Count', 'TLFB_THC_Count', 'TLFB_Other', 'Homosexual_Behavior', 'Non_monogamous_Relationships']
2024-08-14 11:50:19,453 - INFO - Fitting logistic regression model with the selected features...
2024-08-14 11:50:20,784 - INFO - Model training completed successfully.
2024-08-14 11:50:20,785 - INFO - Calculating the dynamic threshold based on the proportion of positive outcomes...
2024-08-14 11:50:20,785 - INFO - Ratio of 1s to 0s in the outcome variable: 0.47 : 0.53
2024-08-14 11:50:20,785 - INFO - Dynamic threshold set to: 0.472
2024-08-14 11:50:20,785 - INFO - Model trained and saved successfully for subset 2.
2024-08-14 11:50:20,785 - INFO - ---------------------------
2024-08-14 11:50:20,786 - INFO - TRAIN MODEL STAGE COMPLETED FOR SUBSET 2
2024-08-14 11:50:20,786 - INFO - ---------------------------
2024-08-14 11:50:20,786 - INFO - --------------------------------
2024-08-14 11:50:20,786 - INFO - EVALUATE MODEL STAGE STARTING FOR SUBSET 2...
2024-08-14 11:50:20,786 - INFO - --------------------------------
2024-08-14 11:50:20,825 - INFO - ROC AUC Score: 0.5835901386748845
2024-08-14 11:50:20,826 - INFO - Confusion Matrix: 
[[85 47]
 [63 55]]
2024-08-14 11:50:20,826 - INFO - Precision: 0.5392156862745098
2024-08-14 11:50:20,827 - INFO - Recall: 0.4661016949152542
2024-08-14 11:50:20,827 - INFO - Model evaluated successfully for subset 2.
2024-08-14 11:50:20,827 - INFO - ------------------------------
2024-08-14 11:50:20,827 - INFO - EVALUATE MODEL STAGE COMPLETED FOR SUBSET 2
2024-08-14 11:50:20,827 - INFO - ------------------------------
2024-08-14 11:50:20,829 - INFO - Subset 3 demographic makeup: 600 1, 201 3, 121 2, 78 4
2024-08-14 11:50:20,829 - INFO - Processing subset 3...
2024-08-14 11:50:20,829 - INFO - -----------------------------
2024-08-14 11:50:20,830 - INFO - TRAIN MODEL STAGE STARTING FOR SUBSET 3...
2024-08-14 11:50:20,830 - INFO - -----------------------------
2024-08-14 11:50:20,839 - INFO - Scaling features and applying LASSO for feature selection...
2024-08-14 11:50:21,058 - INFO - Selected features (including required): ['who', 'RaceEth', 'age', 'is_female', 'is_hispanic', 'unemployed', 'unstableliving', 'education', 'marital', 'UDS_Amphetamine_Count', 'UDS_Benzodiazepine_Count', 'UDS_Buprenorphine_Count', 'UDS_Cocaine_Count', 'UDS_Methadone_Count', 'UDS_Opioid_Count', 'UDS_Sedatives_Count', 'UDS_Thc_Count', 'pain', 'has_schizophrenia', 'has_major_dep', 'has_bipolar', 'has_anx_pan', 'has_brain_damage', 'has_epilepsy', 'has_alcol_dx', 'has_amphetamines_dx', 'has_cannabis_dx', 'has_cocaine_dx', 'has_sedatives_dx', 'ftnd', 'XTRT', 'shared', 'rbsivheroin', 'TLFB_Alcohol_Count', 'TLFB_Amphetamine_Count', 'TLFB_Benzodiazepine_Count', 'TLFB_Buprenorphine_Count', 'TLFB_Cocaine_Count', 'TLFB_Heroin_Count', 'TLFB_Methadone_Count', 'TLFB_Opioid_Count', 'TLFB_THC_Count', 'TLFB_Other', 'Homosexual_Behavior', 'Non_monogamous_Relationships']
2024-08-14 11:50:21,064 - INFO - Fitting logistic regression model with the selected features...
2024-08-14 11:50:24,057 - INFO - Model training completed successfully.
2024-08-14 11:50:24,057 - INFO - Calculating the dynamic threshold based on the proportion of positive outcomes...
2024-08-14 11:50:24,058 - INFO - Ratio of 1s to 0s in the outcome variable: 0.47 : 0.53
2024-08-14 11:50:24,058 - INFO - Dynamic threshold set to: 0.472
2024-08-14 11:50:24,058 - INFO - Model trained and saved successfully for subset 3.
2024-08-14 11:50:24,058 - INFO - ---------------------------
2024-08-14 11:50:24,058 - INFO - TRAIN MODEL STAGE COMPLETED FOR SUBSET 3
2024-08-14 11:50:24,058 - INFO - ---------------------------
2024-08-14 11:50:24,058 - INFO - --------------------------------
2024-08-14 11:50:24,058 - INFO - EVALUATE MODEL STAGE STARTING FOR SUBSET 3...
2024-08-14 11:50:24,058 - INFO - --------------------------------
2024-08-14 11:50:24,072 - INFO - ROC AUC Score: 0.5488572162300975
2024-08-14 11:50:24,072 - INFO - Confusion Matrix: 
[[73 59]
 [51 67]]
2024-08-14 11:50:24,073 - INFO - Precision: 0.5317460317460317
2024-08-14 11:50:24,073 - INFO - Recall: 0.5677966101694916
2024-08-14 11:50:24,073 - INFO - Model evaluated successfully for subset 3.
2024-08-14 11:50:24,073 - INFO - ------------------------------
2024-08-14 11:50:24,073 - INFO - EVALUATE MODEL STAGE COMPLETED FOR SUBSET 3
2024-08-14 11:50:24,073 - INFO - ------------------------------
2024-08-14 11:50:24,074 - INFO - Subset 4 demographic makeup: 650 1, 174 3, 106 2, 70 4
2024-08-14 11:50:24,074 - INFO - Processing subset 4...
2024-08-14 11:50:24,074 - INFO - -----------------------------
2024-08-14 11:50:24,074 - INFO - TRAIN MODEL STAGE STARTING FOR SUBSET 4...
2024-08-14 11:50:24,074 - INFO - -----------------------------
2024-08-14 11:50:24,082 - INFO - Scaling features and applying LASSO for feature selection...
2024-08-14 11:50:24,445 - INFO - Selected features (including required): ['who', 'RaceEth', 'age', 'is_female', 'is_hispanic', 'unemployed', 'unstableliving', 'education', 'marital', 'UDS_Amphetamine_Count', 'UDS_Benzodiazepine_Count', 'UDS_Buprenorphine_Count', 'UDS_Cocaine_Count', 'UDS_Methadone_Count', 'UDS_Opioid_Count', 'UDS_Sedatives_Count', 'UDS_Thc_Count', 'pain', 'has_schizophrenia', 'has_major_dep', 'has_bipolar', 'has_anx_pan', 'has_brain_damage', 'has_epilepsy', 'has_alcol_dx', 'has_amphetamines_dx', 'has_cannabis_dx', 'has_cocaine_dx', 'has_sedatives_dx', 'ftnd', 'XTRT', 'shared', 'rbsivheroin', 'TLFB_Alcohol_Count', 'TLFB_Amphetamine_Count', 'TLFB_Benzodiazepine_Count', 'TLFB_Buprenorphine_Count', 'TLFB_Cocaine_Count', 'TLFB_Heroin_Count', 'TLFB_Methadone_Count', 'TLFB_Opioid_Count', 'TLFB_THC_Count', 'TLFB_Other', 'Homosexual_Behavior', 'Non_monogamous_Relationships']
2024-08-14 11:50:24,468 - INFO - Fitting logistic regression model with the selected features...
2024-08-14 11:50:28,244 - INFO - Model training completed successfully.
2024-08-14 11:50:28,244 - INFO - Calculating the dynamic threshold based on the proportion of positive outcomes...
2024-08-14 11:50:28,245 - INFO - Ratio of 1s to 0s in the outcome variable: 0.44 : 0.56
2024-08-14 11:50:28,246 - INFO - Dynamic threshold set to: 0.444
2024-08-14 11:50:28,246 - INFO - Model trained and saved successfully for subset 4.
2024-08-14 11:50:28,246 - INFO - ---------------------------
2024-08-14 11:50:28,246 - INFO - TRAIN MODEL STAGE COMPLETED FOR SUBSET 4
2024-08-14 11:50:28,246 - INFO - ---------------------------
2024-08-14 11:50:28,246 - INFO - --------------------------------
2024-08-14 11:50:28,246 - INFO - EVALUATE MODEL STAGE STARTING FOR SUBSET 4...
2024-08-14 11:50:28,246 - INFO - --------------------------------
2024-08-14 11:50:28,282 - INFO - ROC AUC Score: 0.5575215503273057
2024-08-14 11:50:28,284 - INFO - Confusion Matrix: 
[[69 70]
 [50 61]]
2024-08-14 11:50:28,284 - INFO - Precision: 0.46564885496183206
2024-08-14 11:50:28,286 - INFO - Recall: 0.5495495495495496
2024-08-14 11:50:28,287 - INFO - Model evaluated successfully for subset 4.
2024-08-14 11:50:28,287 - INFO - ------------------------------
2024-08-14 11:50:28,287 - INFO - EVALUATE MODEL STAGE COMPLETED FOR SUBSET 4
2024-08-14 11:50:28,288 - INFO - ------------------------------
2024-08-14 11:50:28,289 - INFO - Subset 5 demographic makeup: 700 1, 152 3, 91 2, 57 4
2024-08-14 11:50:28,289 - INFO - Processing subset 5...
2024-08-14 11:50:28,291 - INFO - -----------------------------
2024-08-14 11:50:28,291 - INFO - TRAIN MODEL STAGE STARTING FOR SUBSET 5...
2024-08-14 11:50:28,291 - INFO - -----------------------------
2024-08-14 11:50:28,305 - INFO - Scaling features and applying LASSO for feature selection...
2024-08-14 11:50:28,618 - INFO - Selected features (including required): ['who', 'RaceEth', 'age', 'is_female', 'is_hispanic', 'unemployed', 'unstableliving', 'education', 'marital', 'UDS_Amphetamine_Count', 'UDS_Benzodiazepine_Count', 'UDS_Buprenorphine_Count', 'UDS_Cocaine_Count', 'UDS_Methadone_Count', 'UDS_Opioid_Count', 'UDS_Sedatives_Count', 'UDS_Thc_Count', 'pain', 'has_schizophrenia', 'has_major_dep', 'has_bipolar', 'has_anx_pan', 'has_brain_damage', 'has_epilepsy', 'has_alcol_dx', 'has_amphetamines_dx', 'has_cannabis_dx', 'has_cocaine_dx', 'has_sedatives_dx', 'ftnd', 'XTRT', 'shared', 'rbsivheroin', 'TLFB_Alcohol_Count', 'TLFB_Amphetamine_Count', 'TLFB_Benzodiazepine_Count', 'TLFB_Buprenorphine_Count', 'TLFB_Cocaine_Count', 'TLFB_Heroin_Count', 'TLFB_Methadone_Count', 'TLFB_Opioid_Count', 'TLFB_THC_Count', 'TLFB_Other', 'Homosexual_Behavior', 'Non_monogamous_Relationships']
2024-08-14 11:50:28,632 - INFO - Fitting logistic regression model with the selected features...
2024-08-14 11:50:29,669 - INFO - Model training completed successfully.
2024-08-14 11:50:29,671 - INFO - Calculating the dynamic threshold based on the proportion of positive outcomes...
2024-08-14 11:50:29,671 - INFO - Ratio of 1s to 0s in the outcome variable: 0.44 : 0.56
2024-08-14 11:50:29,671 - INFO - Dynamic threshold set to: 0.444
2024-08-14 11:50:29,672 - INFO - Model trained and saved successfully for subset 5.
2024-08-14 11:50:29,672 - INFO - ---------------------------
2024-08-14 11:50:29,672 - INFO - TRAIN MODEL STAGE COMPLETED FOR SUBSET 5
2024-08-14 11:50:29,672 - INFO - ---------------------------
2024-08-14 11:50:29,672 - INFO - --------------------------------
2024-08-14 11:50:29,672 - INFO - EVALUATE MODEL STAGE STARTING FOR SUBSET 5...
2024-08-14 11:50:29,672 - INFO - --------------------------------
2024-08-14 11:50:29,686 - INFO - ROC AUC Score: 0.5909002527707563
2024-08-14 11:50:29,687 - INFO - Confusion Matrix: 
[[75 64]
 [48 63]]
2024-08-14 11:50:29,687 - INFO - Precision: 0.49606299212598426
2024-08-14 11:50:29,687 - INFO - Recall: 0.5675675675675675
2024-08-14 11:50:29,687 - INFO - Model evaluated successfully for subset 5.
2024-08-14 11:50:29,687 - INFO - ------------------------------
2024-08-14 11:50:29,687 - INFO - EVALUATE MODEL STAGE COMPLETED FOR SUBSET 5
2024-08-14 11:50:29,687 - INFO - ------------------------------
2024-08-14 11:50:29,688 - INFO - Subset 6 demographic makeup: 750 1, 131 3, 72 2, 47 4
2024-08-14 11:50:29,688 - INFO - Processing subset 6...
2024-08-14 11:50:29,688 - INFO - -----------------------------
2024-08-14 11:50:29,688 - INFO - TRAIN MODEL STAGE STARTING FOR SUBSET 6...
2024-08-14 11:50:29,688 - INFO - -----------------------------
2024-08-14 11:50:29,699 - INFO - Scaling features and applying LASSO for feature selection...
2024-08-14 11:50:29,975 - INFO - Selected features (including required): ['who', 'RaceEth', 'age', 'is_female', 'is_hispanic', 'unemployed', 'unstableliving', 'education', 'marital', 'UDS_Amphetamine_Count', 'UDS_Benzodiazepine_Count', 'UDS_Buprenorphine_Count', 'UDS_Cocaine_Count', 'UDS_Methadone_Count', 'UDS_Opioid_Count', 'UDS_Sedatives_Count', 'UDS_Thc_Count', 'pain', 'has_schizophrenia', 'has_major_dep', 'has_bipolar', 'has_anx_pan', 'has_brain_damage', 'has_epilepsy', 'has_alcol_dx', 'has_amphetamines_dx', 'has_cannabis_dx', 'has_cocaine_dx', 'has_sedatives_dx', 'ftnd', 'XTRT', 'shared', 'rbsivheroin', 'TLFB_Alcohol_Count', 'TLFB_Amphetamine_Count', 'TLFB_Benzodiazepine_Count', 'TLFB_Buprenorphine_Count', 'TLFB_Cocaine_Count', 'TLFB_Heroin_Count', 'TLFB_Methadone_Count', 'TLFB_Opioid_Count', 'TLFB_THC_Count', 'TLFB_Other', 'Homosexual_Behavior', 'Non_monogamous_Relationships']
2024-08-14 11:50:29,985 - INFO - Fitting logistic regression model with the selected features...
2024-08-14 11:50:32,147 - INFO - Model training completed successfully.
2024-08-14 11:50:32,147 - INFO - Calculating the dynamic threshold based on the proportion of positive outcomes...
2024-08-14 11:50:32,147 - INFO - Ratio of 1s to 0s in the outcome variable: 0.45 : 0.55
2024-08-14 11:50:32,148 - INFO - Dynamic threshold set to: 0.452
2024-08-14 11:50:32,148 - INFO - Model trained and saved successfully for subset 6.
2024-08-14 11:50:32,148 - INFO - ---------------------------
2024-08-14 11:50:32,148 - INFO - TRAIN MODEL STAGE COMPLETED FOR SUBSET 6
2024-08-14 11:50:32,148 - INFO - ---------------------------
2024-08-14 11:50:32,148 - INFO - --------------------------------
2024-08-14 11:50:32,148 - INFO - EVALUATE MODEL STAGE STARTING FOR SUBSET 6...
2024-08-14 11:50:32,148 - INFO - --------------------------------
2024-08-14 11:50:32,169 - INFO - ROC AUC Score: 0.6266391060009042
2024-08-14 11:50:32,169 - INFO - Confusion Matrix: 
[[63 74]
 [35 78]]
2024-08-14 11:50:32,169 - INFO - Precision: 0.5131578947368421
2024-08-14 11:50:32,169 - INFO - Recall: 0.6902654867256637
2024-08-14 11:50:32,169 - INFO - Model evaluated successfully for subset 6.
2024-08-14 11:50:32,170 - INFO - ------------------------------
2024-08-14 11:50:32,170 - INFO - EVALUATE MODEL STAGE COMPLETED FOR SUBSET 6
2024-08-14 11:50:32,170 - INFO - ------------------------------
2024-08-14 11:50:32,172 - INFO - Subset 7 demographic makeup: 800 1, 105 3, 56 2, 39 4
2024-08-14 11:50:32,172 - INFO - Processing subset 7...
2024-08-14 11:50:32,172 - INFO - -----------------------------
2024-08-14 11:50:32,172 - INFO - TRAIN MODEL STAGE STARTING FOR SUBSET 7...
2024-08-14 11:50:32,172 - INFO - -----------------------------
2024-08-14 11:50:32,180 - INFO - Scaling features and applying LASSO for feature selection...
2024-08-14 11:50:34,330 - INFO - Selected features (including required): ['who', 'RaceEth', 'age', 'is_female', 'is_hispanic', 'unemployed', 'unstableliving', 'education', 'marital', 'UDS_Amphetamine_Count', 'UDS_Benzodiazepine_Count', 'UDS_Buprenorphine_Count', 'UDS_Cocaine_Count', 'UDS_Methadone_Count', 'UDS_Opioid_Count', 'UDS_Sedatives_Count', 'UDS_Thc_Count', 'pain', 'has_schizophrenia', 'has_major_dep', 'has_bipolar', 'has_anx_pan', 'has_brain_damage', 'has_epilepsy', 'has_alcol_dx', 'has_amphetamines_dx', 'has_cannabis_dx', 'has_cocaine_dx', 'has_sedatives_dx', 'ftnd', 'XTRT', 'shared', 'rbsivheroin', 'TLFB_Alcohol_Count', 'TLFB_Amphetamine_Count', 'TLFB_Benzodiazepine_Count', 'TLFB_Buprenorphine_Count', 'TLFB_Cocaine_Count', 'TLFB_Heroin_Count', 'TLFB_Methadone_Count', 'TLFB_Opioid_Count', 'TLFB_THC_Count', 'TLFB_Other', 'Homosexual_Behavior', 'Non_monogamous_Relationships']
2024-08-14 11:50:34,336 - INFO - Fitting logistic regression model with the selected features...
2024-08-14 11:50:35,945 - INFO - Model training completed successfully.
2024-08-14 11:50:35,947 - INFO - Calculating the dynamic threshold based on the proportion of positive outcomes...
2024-08-14 11:50:35,947 - INFO - Ratio of 1s to 0s in the outcome variable: 0.49 : 0.51
2024-08-14 11:50:35,947 - INFO - Dynamic threshold set to: 0.492
2024-08-14 11:50:35,947 - INFO - Model trained and saved successfully for subset 7.
2024-08-14 11:50:35,948 - INFO - ---------------------------
2024-08-14 11:50:35,948 - INFO - TRAIN MODEL STAGE COMPLETED FOR SUBSET 7
2024-08-14 11:50:35,948 - INFO - ---------------------------
2024-08-14 11:50:35,948 - INFO - --------------------------------
2024-08-14 11:50:35,948 - INFO - EVALUATE MODEL STAGE STARTING FOR SUBSET 7...
2024-08-14 11:50:35,948 - INFO - --------------------------------
2024-08-14 11:50:35,976 - INFO - ROC AUC Score: 0.5753152807118623
2024-08-14 11:50:35,976 - INFO - Confusion Matrix: 
[[67 60]
 [58 65]]
2024-08-14 11:50:35,976 - INFO - Precision: 0.52
2024-08-14 11:50:35,977 - INFO - Recall: 0.5284552845528455
2024-08-14 11:50:35,977 - INFO - Model evaluated successfully for subset 7.
2024-08-14 11:50:35,977 - INFO - ------------------------------
2024-08-14 11:50:35,977 - INFO - EVALUATE MODEL STAGE COMPLETED FOR SUBSET 7
2024-08-14 11:50:35,977 - INFO - ------------------------------
2024-08-14 11:50:35,980 - INFO - Subset 8 demographic makeup: 850 1, 80 3, 40 2, 30 4
2024-08-14 11:50:35,980 - INFO - Processing subset 8...
2024-08-14 11:50:35,980 - INFO - -----------------------------
2024-08-14 11:50:35,980 - INFO - TRAIN MODEL STAGE STARTING FOR SUBSET 8...
2024-08-14 11:50:35,981 - INFO - -----------------------------
2024-08-14 11:50:35,991 - INFO - Scaling features and applying LASSO for feature selection...
2024-08-14 11:50:36,348 - INFO - Selected features (including required): ['who', 'RaceEth', 'age', 'is_female', 'is_hispanic', 'unemployed', 'unstableliving', 'education', 'marital', 'UDS_Amphetamine_Count', 'UDS_Benzodiazepine_Count', 'UDS_Buprenorphine_Count', 'UDS_Cocaine_Count', 'UDS_Methadone_Count', 'UDS_Opioid_Count', 'UDS_Sedatives_Count', 'UDS_Thc_Count', 'pain', 'has_schizophrenia', 'has_major_dep', 'has_bipolar', 'has_anx_pan', 'has_brain_damage', 'has_epilepsy', 'has_alcol_dx', 'has_amphetamines_dx', 'has_cannabis_dx', 'has_cocaine_dx', 'has_sedatives_dx', 'ftnd', 'XTRT', 'shared', 'rbsivheroin', 'TLFB_Alcohol_Count', 'TLFB_Amphetamine_Count', 'TLFB_Benzodiazepine_Count', 'TLFB_Buprenorphine_Count', 'TLFB_Cocaine_Count', 'TLFB_Heroin_Count', 'TLFB_Methadone_Count', 'TLFB_Opioid_Count', 'TLFB_THC_Count', 'TLFB_Other', 'Homosexual_Behavior', 'Non_monogamous_Relationships']
2024-08-14 11:50:36,353 - INFO - Fitting logistic regression model with the selected features...
2024-08-14 11:50:37,706 - INFO - Model training completed successfully.
2024-08-14 11:50:37,707 - INFO - Calculating the dynamic threshold based on the proportion of positive outcomes...
2024-08-14 11:50:37,707 - INFO - Ratio of 1s to 0s in the outcome variable: 0.49 : 0.51
2024-08-14 11:50:37,707 - INFO - Dynamic threshold set to: 0.488
2024-08-14 11:50:37,707 - INFO - Model trained and saved successfully for subset 8.
2024-08-14 11:50:37,707 - INFO - ---------------------------
2024-08-14 11:50:37,707 - INFO - TRAIN MODEL STAGE COMPLETED FOR SUBSET 8
2024-08-14 11:50:37,707 - INFO - ---------------------------
2024-08-14 11:50:37,707 - INFO - --------------------------------
2024-08-14 11:50:37,708 - INFO - EVALUATE MODEL STAGE STARTING FOR SUBSET 8...
2024-08-14 11:50:37,708 - INFO - --------------------------------
2024-08-14 11:50:37,724 - INFO - ROC AUC Score: 0.6079661885245902
2024-08-14 11:50:37,725 - INFO - Confusion Matrix: 
[[83 45]
 [61 61]]
2024-08-14 11:50:37,725 - INFO - Precision: 0.5754716981132075
2024-08-14 11:50:37,725 - INFO - Recall: 0.5
2024-08-14 11:50:37,725 - INFO - Model evaluated successfully for subset 8.
2024-08-14 11:50:37,725 - INFO - ------------------------------
2024-08-14 11:50:37,725 - INFO - EVALUATE MODEL STAGE COMPLETED FOR SUBSET 8
2024-08-14 11:50:37,725 - INFO - ------------------------------
2024-08-14 11:50:37,730 - INFO - Subset 9 demographic makeup: 900 1, 48 3, 32 2, 20 4
2024-08-14 11:50:37,730 - INFO - Processing subset 9...
2024-08-14 11:50:37,730 - INFO - -----------------------------
2024-08-14 11:50:37,730 - INFO - TRAIN MODEL STAGE STARTING FOR SUBSET 9...
2024-08-14 11:50:37,730 - INFO - -----------------------------
2024-08-14 11:50:37,748 - INFO - Scaling features and applying LASSO for feature selection...
2024-08-14 11:50:39,119 - INFO - Selected features (including required): ['who', 'RaceEth', 'age', 'is_female', 'is_hispanic', 'unemployed', 'unstableliving', 'education', 'marital', 'UDS_Amphetamine_Count', 'UDS_Benzodiazepine_Count', 'UDS_Buprenorphine_Count', 'UDS_Cocaine_Count', 'UDS_Methadone_Count', 'UDS_Opioid_Count', 'UDS_Sedatives_Count', 'UDS_Thc_Count', 'pain', 'has_schizophrenia', 'has_major_dep', 'has_bipolar', 'has_anx_pan', 'has_brain_damage', 'has_epilepsy', 'has_alcol_dx', 'has_amphetamines_dx', 'has_cannabis_dx', 'has_cocaine_dx', 'has_sedatives_dx', 'ftnd', 'XTRT', 'shared', 'rbsivheroin', 'TLFB_Alcohol_Count', 'TLFB_Amphetamine_Count', 'TLFB_Benzodiazepine_Count', 'TLFB_Buprenorphine_Count', 'TLFB_Cocaine_Count', 'TLFB_Heroin_Count', 'TLFB_Methadone_Count', 'TLFB_Opioid_Count', 'TLFB_THC_Count', 'TLFB_Other', 'Homosexual_Behavior', 'Non_monogamous_Relationships']
2024-08-14 11:50:39,149 - INFO - Fitting logistic regression model with the selected features...
2024-08-14 11:50:40,667 - INFO - Model training completed successfully.
2024-08-14 11:50:40,667 - INFO - Calculating the dynamic threshold based on the proportion of positive outcomes...
2024-08-14 11:50:40,667 - INFO - Ratio of 1s to 0s in the outcome variable: 0.55 : 0.45
2024-08-14 11:50:40,667 - INFO - Dynamic threshold set to: 0.548
2024-08-14 11:50:40,668 - INFO - Model trained and saved successfully for subset 9.
2024-08-14 11:50:40,668 - INFO - ---------------------------
2024-08-14 11:50:40,668 - INFO - TRAIN MODEL STAGE COMPLETED FOR SUBSET 9
2024-08-14 11:50:40,668 - INFO - ---------------------------
2024-08-14 11:50:40,668 - INFO - --------------------------------
2024-08-14 11:50:40,668 - INFO - EVALUATE MODEL STAGE STARTING FOR SUBSET 9...
2024-08-14 11:50:40,668 - INFO - --------------------------------
2024-08-14 11:50:40,683 - INFO - ROC AUC Score: 0.6279310122085137
2024-08-14 11:50:40,684 - INFO - Confusion Matrix: 
[[90 23]
 [87 50]]
2024-08-14 11:50:40,684 - INFO - Precision: 0.684931506849315
2024-08-14 11:50:40,684 - INFO - Recall: 0.36496350364963503
2024-08-14 11:50:40,684 - INFO - Model evaluated successfully for subset 9.
2024-08-14 11:50:40,684 - INFO - ------------------------------
2024-08-14 11:50:40,684 - INFO - EVALUATE MODEL STAGE COMPLETED FOR SUBSET 9
2024-08-14 11:50:40,685 - INFO - ------------------------------
2024-08-14 11:50:40,685 - INFO - Subset 10 demographic makeup: 950 1, 25 3, 13 2, 12 4
2024-08-14 11:50:40,686 - INFO - Processing subset 10...
2024-08-14 11:50:40,686 - INFO - -----------------------------
2024-08-14 11:50:40,686 - INFO - TRAIN MODEL STAGE STARTING FOR SUBSET 10...
2024-08-14 11:50:40,686 - INFO - -----------------------------
2024-08-14 11:50:40,697 - INFO - Scaling features and applying LASSO for feature selection...
2024-08-14 11:50:42,049 - INFO - Selected features (including required): ['who', 'RaceEth', 'age', 'is_female', 'is_hispanic', 'unemployed', 'unstableliving', 'education', 'marital', 'UDS_Amphetamine_Count', 'UDS_Benzodiazepine_Count', 'UDS_Buprenorphine_Count', 'UDS_Cocaine_Count', 'UDS_Methadone_Count', 'UDS_Opioid_Count', 'UDS_Sedatives_Count', 'UDS_Thc_Count', 'pain', 'has_schizophrenia', 'has_major_dep', 'has_bipolar', 'has_anx_pan', 'has_brain_damage', 'has_epilepsy', 'has_alcol_dx', 'has_amphetamines_dx', 'has_cannabis_dx', 'has_cocaine_dx', 'has_sedatives_dx', 'ftnd', 'XTRT', 'shared', 'rbsivheroin', 'TLFB_Alcohol_Count', 'TLFB_Amphetamine_Count', 'TLFB_Benzodiazepine_Count', 'TLFB_Buprenorphine_Count', 'TLFB_Cocaine_Count', 'TLFB_Heroin_Count', 'TLFB_Methadone_Count', 'TLFB_Opioid_Count', 'TLFB_THC_Count', 'TLFB_Other', 'Homosexual_Behavior', 'Non_monogamous_Relationships']
2024-08-14 11:50:42,095 - INFO - Fitting logistic regression model with the selected features...
2024-08-14 11:50:43,173 - INFO - Model training completed successfully.
2024-08-14 11:50:43,175 - INFO - Calculating the dynamic threshold based on the proportion of positive outcomes...
2024-08-14 11:50:43,176 - INFO - Ratio of 1s to 0s in the outcome variable: 0.48 : 0.52
2024-08-14 11:50:43,176 - INFO - Dynamic threshold set to: 0.48
2024-08-14 11:50:43,176 - INFO - Model trained and saved successfully for subset 10.
2024-08-14 11:50:43,178 - INFO - ---------------------------
2024-08-14 11:50:43,180 - INFO - TRAIN MODEL STAGE COMPLETED FOR SUBSET 10
2024-08-14 11:50:43,182 - INFO - ---------------------------
2024-08-14 11:50:43,182 - INFO - --------------------------------
2024-08-14 11:50:43,183 - INFO - EVALUATE MODEL STAGE STARTING FOR SUBSET 10...
2024-08-14 11:50:43,184 - INFO - --------------------------------
2024-08-14 11:50:43,232 - INFO - ROC AUC Score: 0.5905128205128204
2024-08-14 11:50:43,232 - INFO - Confusion Matrix: 
[[71 59]
 [48 72]]
2024-08-14 11:50:43,233 - INFO - Precision: 0.549618320610687
2024-08-14 11:50:43,233 - INFO - Recall: 0.6
2024-08-14 11:50:43,236 - INFO - Model evaluated successfully for subset 10.
2024-08-14 11:50:43,238 - INFO - ------------------------------
2024-08-14 11:50:43,239 - INFO - EVALUATE MODEL STAGE COMPLETED FOR SUBSET 10
2024-08-14 11:50:43,239 - INFO - ------------------------------
2024-08-14 11:50:43,242 - INFO - Subset 11 demographic makeup: 1000 1
2024-08-14 11:50:43,242 - INFO - Processing subset 11...
2024-08-14 11:50:43,242 - INFO - -----------------------------
2024-08-14 11:50:43,242 - INFO - TRAIN MODEL STAGE STARTING FOR SUBSET 11...
2024-08-14 11:50:43,242 - INFO - -----------------------------
2024-08-14 11:50:43,282 - INFO - Scaling features and applying LASSO for feature selection...
2024-08-14 11:50:44,387 - INFO - Selected features (including required): ['who', 'age', 'is_female', 'unemployed', 'unstableliving', 'education', 'marital', 'UDS_Amphetamine_Count', 'UDS_Benzodiazepine_Count', 'UDS_Buprenorphine_Count', 'UDS_Cocaine_Count', 'UDS_Methadone_Count', 'UDS_Opioid_Count', 'UDS_Sedatives_Count', 'UDS_Thc_Count', 'pain', 'has_schizophrenia', 'has_major_dep', 'has_bipolar', 'has_anx_pan', 'has_brain_damage', 'has_epilepsy', 'has_alcol_dx', 'has_amphetamines_dx', 'has_cannabis_dx', 'has_cocaine_dx', 'has_sedatives_dx', 'ftnd', 'XTRT', 'shared', 'rbsivheroin', 'TLFB_Alcohol_Count', 'TLFB_Amphetamine_Count', 'TLFB_Benzodiazepine_Count', 'TLFB_Buprenorphine_Count', 'TLFB_Cocaine_Count', 'TLFB_Heroin_Count', 'TLFB_Methadone_Count', 'TLFB_Opioid_Count', 'TLFB_THC_Count', 'TLFB_Other', 'Homosexual_Behavior', 'Non_monogamous_Relationships']
2024-08-14 11:50:44,393 - INFO - Fitting logistic regression model with the selected features...
2024-08-14 11:50:44,917 - INFO - Model training completed successfully.
2024-08-14 11:50:44,917 - INFO - Calculating the dynamic threshold based on the proportion of positive outcomes...
2024-08-14 11:50:44,917 - INFO - Ratio of 1s to 0s in the outcome variable: 0.51 : 0.49
2024-08-14 11:50:44,918 - INFO - Dynamic threshold set to: 0.508
2024-08-14 11:50:44,918 - INFO - Model trained and saved successfully for subset 11.
2024-08-14 11:50:44,918 - INFO - ---------------------------
2024-08-14 11:50:44,918 - INFO - TRAIN MODEL STAGE COMPLETED FOR SUBSET 11
2024-08-14 11:50:44,918 - INFO - ---------------------------
2024-08-14 11:50:44,918 - INFO - --------------------------------
2024-08-14 11:50:44,918 - INFO - EVALUATE MODEL STAGE STARTING FOR SUBSET 11...
2024-08-14 11:50:44,918 - INFO - --------------------------------
2024-08-14 11:50:44,930 - INFO - ROC AUC Score: 0.5448434799308622
2024-08-14 11:50:44,931 - INFO - Confusion Matrix: 
[[86 37]
 [73 54]]
2024-08-14 11:50:44,931 - INFO - Precision: 0.5934065934065934
2024-08-14 11:50:44,931 - INFO - Recall: 0.4251968503937008
2024-08-14 11:50:44,931 - INFO - Model evaluated successfully for subset 11.
2024-08-14 11:50:44,931 - INFO - ------------------------------
2024-08-14 11:50:44,931 - INFO - EVALUATE MODEL STAGE COMPLETED FOR SUBSET 11
2024-08-14 11:50:44,931 - INFO - ------------------------------
2024-08-14 11:50:44,932 - INFO - ------------------
2024-08-14 11:50:44,932 - INFO - PIPELINE COMPLETED
2024-08-14 11:50:44,933 - INFO - ------------------
