2024-09-11 14:16:05,876 - INFO - Global Seed set to: 42
2024-09-11 14:16:05,876 - INFO - Outcome Name: Rd_kostenB_1993
2024-09-11 14:16:05,933 - INFO - Datasets loaded successfully.
2024-09-11 14:16:05,943 - INFO - Starting preprocessing of the merged dataset...
2024-09-11 14:16:05,943 - INFO - ---------------------------------
2024-09-11 14:16:05,944 - INFO - PRE-PROCESSING STAGE STARTING...
2024-09-11 14:16:05,944 - INFO - ---------------------------------
2024-09-11 14:16:06,196 - INFO - Dropped initial columns: ['pain_when', 'is_smoker', 'per_day', 'max', 'amount', 'depression', 'anxiety', 'schizophrenia', 'max', 'amount', 'cocaine_inject_days', 'speedball_inject_days', 'opioid_inject_days', 'speed_inject_days', 'UDS_Alcohol_Count', 'UDS_Mdma/Hallucinogen_Count']
2024-09-11 14:16:06,274 - INFO - Converted Yes/No to binary.
2024-09-11 14:16:06,284 - INFO - Processed TLFB columns with specified columns: ['TLFB_Alcohol_Count', 'TLFB_Amphetamine_Count', 'TLFB_Cocaine_Count', 'TLFB_Heroin_Count', 'TLFB_Benzodiazepine_Count', 'TLFB_Opioid_Count', 'TLFB_THC_Count', 'TLFB_Methadone_Count', 'TLFB_Buprenorphine_Count']
2024-09-11 14:16:06,291 - INFO - Calculated behavioral columns.
2024-09-11 14:16:06,297 - INFO - Moved 'Rd_kostenB_1993' column to the end.
2024-09-11 14:16:06,527 - INFO - Dropped initial columns: ['msm_npt', 'msm_frq', 'txx_prt']
2024-09-11 14:16:06,562 - INFO - transform_data_with_nan_handling success
2024-09-11 14:16:06,563 - INFO - Renamed columns according to the mapping.
2024-09-11 14:16:06,710 - INFO - Transformed NaN to 0 for binary columns.
2024-09-11 14:16:06,712 - INFO - Transformed and renamed 'heroin_inject_days' column to 'rbsivheroin'.
2024-09-11 14:16:06,713 - INFO - Filled NaN with 0 for 'ftnd' column.
2024-09-11 14:16:06,950 - INFO - Dropped additional columns: ['rbs_iv_days', 'race', 'RBS_cocaine_Days', 'RBS_heroin_Days', 'RBS_opioid_Days', 'RBS_speed_Days', 'RBS_speedball_Days']
2024-09-11 14:16:07,009 - INFO - Converted UDS drug counts to binary.
2024-09-11 14:16:07,201 - INFO - ------------------------------
2024-09-11 14:16:07,201 - INFO - PRE-PROCESSING STAGE COMPLETED
2024-09-11 14:16:07,202 - INFO - ------------------------------
2024-09-11 14:16:07,202 - INFO - Merged dataset preprocessed successfully.
2024-09-11 14:16:07,202 - INFO - Creating demographic subsets from preprocessed data...
2024-09-11 14:16:07,577 - INFO - Created 11 subsets successfully.
2024-09-11 14:16:07,577 - INFO - Creating merged subsets from create_demographics_dfs function
2024-09-11 14:16:07,747 - INFO - Created 11 merged subsets successfully.
2024-09-11 14:16:07,749 - INFO - Subset 1 demographic makeup: 500 1, 248 3, 150 2, 102 4
2024-09-11 14:16:07,749 - INFO - Processing subset 1...
2024-09-11 14:16:07,749 - INFO - -----------------------------
2024-09-11 14:16:07,750 - INFO - TRAIN MODEL STAGE STARTING FOR SUBSET 1...
2024-09-11 14:16:07,750 - INFO - -----------------------------
2024-09-11 14:16:07,762 - INFO - Scaling features and applying LASSO for feature selection...
2024-09-11 14:16:08,178 - INFO - Selected features (including required): ['who', 'RaceEth', 'age', 'is_female', 'is_hispanic', 'unemployed', 'unstableliving', 'education', 'marital', 'UDS_Amphetamine_Count', 'UDS_Benzodiazepine_Count', 'UDS_Buprenorphine_Count', 'UDS_Cocaine_Count', 'UDS_Methadone_Count', 'UDS_Opioid_Count', 'UDS_Sedatives_Count', 'UDS_Thc_Count', 'pain', 'has_schizophrenia', 'has_major_dep', 'has_bipolar', 'has_anx_pan', 'has_brain_damage', 'has_epilepsy', 'has_alcol_dx', 'has_amphetamines_dx', 'has_cannabis_dx', 'has_cocaine_dx', 'has_sedatives_dx', 'ftnd', 'XTRT', 'shared', 'rbsivheroin', 'TLFB_Alcohol_Count', 'TLFB_Amphetamine_Count', 'TLFB_Benzodiazepine_Count', 'TLFB_Buprenorphine_Count', 'TLFB_Cocaine_Count', 'TLFB_Heroin_Count', 'TLFB_Methadone_Count', 'TLFB_Opioid_Count', 'TLFB_THC_Count', 'TLFB_Other', 'Homosexual_Behavior', 'Non_monogamous_Relationships']
2024-09-11 14:16:08,196 - INFO - Fitting logistic regression model with the selected features...
2024-09-11 14:16:10,838 - INFO - Model training completed successfully.
2024-09-11 14:16:10,838 - INFO - Calculating the dynamic threshold based on the proportion of positive outcomes...
2024-09-11 14:16:10,840 - INFO - Ratio of 1s to 0s in the outcome variable: 0.59 : 0.41
2024-09-11 14:16:10,840 - INFO - Dynamic threshold set to: 0.588
2024-09-11 14:16:10,841 - INFO - Model trained and saved successfully for subset 1.
2024-09-11 14:16:10,843 - INFO - ---------------------------
2024-09-11 14:16:10,846 - INFO - TRAIN MODEL STAGE COMPLETED FOR SUBSET 1
2024-09-11 14:16:10,847 - INFO - ---------------------------
2024-09-11 14:16:10,848 - INFO - --------------------------------
2024-09-11 14:16:10,848 - INFO - EVALUATE MODEL STAGE STARTING FOR SUBSET 1...
2024-09-11 14:16:10,849 - INFO - --------------------------------
2024-09-11 14:16:10,884 - INFO - ROC AUC Score: 0.6867446007529225
2024-09-11 14:16:10,884 - INFO - Confusion Matrix: 
[[79 24]
 [74 73]]
2024-09-11 14:16:10,885 - INFO - Precision: 0.7525773195876289
2024-09-11 14:16:10,891 - INFO - Recall: 0.4965986394557823
2024-09-11 14:16:10,893 - INFO - Model evaluated successfully for subset 1.
2024-09-11 14:16:10,893 - INFO - ------------------------------
2024-09-11 14:16:10,896 - INFO - EVALUATE MODEL STAGE COMPLETED FOR SUBSET 1
2024-09-11 14:16:10,898 - INFO - ------------------------------
2024-09-11 14:16:10,900 - INFO - Subset 2 demographic makeup: 550 1, 222 3, 133 2, 95 4
2024-09-11 14:16:10,901 - INFO - Processing subset 2...
2024-09-11 14:16:10,903 - INFO - -----------------------------
2024-09-11 14:16:10,908 - INFO - TRAIN MODEL STAGE STARTING FOR SUBSET 2...
2024-09-11 14:16:10,909 - INFO - -----------------------------
2024-09-11 14:16:10,929 - INFO - Scaling features and applying LASSO for feature selection...
2024-09-11 14:16:11,210 - INFO - Selected features (including required): ['who', 'RaceEth', 'age', 'is_female', 'is_hispanic', 'unemployed', 'unstableliving', 'education', 'marital', 'UDS_Amphetamine_Count', 'UDS_Benzodiazepine_Count', 'UDS_Buprenorphine_Count', 'UDS_Cocaine_Count', 'UDS_Methadone_Count', 'UDS_Opioid_Count', 'UDS_Sedatives_Count', 'UDS_Thc_Count', 'pain', 'has_schizophrenia', 'has_major_dep', 'has_bipolar', 'has_anx_pan', 'has_brain_damage', 'has_epilepsy', 'has_alcol_dx', 'has_amphetamines_dx', 'has_cannabis_dx', 'has_cocaine_dx', 'has_sedatives_dx', 'ftnd', 'XTRT', 'shared', 'rbsivheroin', 'TLFB_Alcohol_Count', 'TLFB_Amphetamine_Count', 'TLFB_Benzodiazepine_Count', 'TLFB_Buprenorphine_Count', 'TLFB_Cocaine_Count', 'TLFB_Heroin_Count', 'TLFB_Methadone_Count', 'TLFB_Opioid_Count', 'TLFB_THC_Count', 'TLFB_Other', 'Homosexual_Behavior', 'Non_monogamous_Relationships']
2024-09-11 14:16:11,221 - INFO - Fitting logistic regression model with the selected features...
2024-09-11 14:16:12,652 - INFO - Model training completed successfully.
2024-09-11 14:16:12,653 - INFO - Calculating the dynamic threshold based on the proportion of positive outcomes...
2024-09-11 14:16:12,654 - INFO - Ratio of 1s to 0s in the outcome variable: 0.53 : 0.47
2024-09-11 14:16:12,656 - INFO - Dynamic threshold set to: 0.532
2024-09-11 14:16:12,660 - INFO - Model trained and saved successfully for subset 2.
2024-09-11 14:16:12,662 - INFO - ---------------------------
2024-09-11 14:16:12,664 - INFO - TRAIN MODEL STAGE COMPLETED FOR SUBSET 2
2024-09-11 14:16:12,665 - INFO - ---------------------------
2024-09-11 14:16:12,665 - INFO - --------------------------------
2024-09-11 14:16:12,667 - INFO - EVALUATE MODEL STAGE STARTING FOR SUBSET 2...
2024-09-11 14:16:12,667 - INFO - --------------------------------
2024-09-11 14:16:12,703 - INFO - ROC AUC Score: 0.644367328577855
2024-09-11 14:16:12,707 - INFO - Confusion Matrix: 
[[71 46]
 [47 86]]
2024-09-11 14:16:12,712 - INFO - Precision: 0.6515151515151515
2024-09-11 14:16:12,713 - INFO - Recall: 0.6466165413533834
2024-09-11 14:16:12,714 - INFO - Model evaluated successfully for subset 2.
2024-09-11 14:16:12,714 - INFO - ------------------------------
2024-09-11 14:16:12,715 - INFO - EVALUATE MODEL STAGE COMPLETED FOR SUBSET 2
2024-09-11 14:16:12,715 - INFO - ------------------------------
2024-09-11 14:16:12,717 - INFO - Subset 3 demographic makeup: 600 1, 199 3, 117 2, 84 4
2024-09-11 14:16:12,717 - INFO - Processing subset 3...
2024-09-11 14:16:12,718 - INFO - -----------------------------
2024-09-11 14:16:12,718 - INFO - TRAIN MODEL STAGE STARTING FOR SUBSET 3...
2024-09-11 14:16:12,719 - INFO - -----------------------------
2024-09-11 14:16:12,749 - INFO - Scaling features and applying LASSO for feature selection...
2024-09-11 14:16:13,063 - INFO - Selected features (including required): ['who', 'RaceEth', 'age', 'is_female', 'is_hispanic', 'unemployed', 'unstableliving', 'education', 'marital', 'UDS_Amphetamine_Count', 'UDS_Benzodiazepine_Count', 'UDS_Buprenorphine_Count', 'UDS_Cocaine_Count', 'UDS_Methadone_Count', 'UDS_Opioid_Count', 'UDS_Sedatives_Count', 'UDS_Thc_Count', 'pain', 'has_schizophrenia', 'has_major_dep', 'has_bipolar', 'has_anx_pan', 'has_brain_damage', 'has_epilepsy', 'has_alcol_dx', 'has_amphetamines_dx', 'has_cannabis_dx', 'has_cocaine_dx', 'has_sedatives_dx', 'ftnd', 'XTRT', 'shared', 'rbsivheroin', 'TLFB_Alcohol_Count', 'TLFB_Amphetamine_Count', 'TLFB_Benzodiazepine_Count', 'TLFB_Buprenorphine_Count', 'TLFB_Cocaine_Count', 'TLFB_Heroin_Count', 'TLFB_Methadone_Count', 'TLFB_Opioid_Count', 'TLFB_THC_Count', 'TLFB_Other', 'Homosexual_Behavior', 'Non_monogamous_Relationships']
2024-09-11 14:16:13,075 - INFO - Fitting logistic regression model with the selected features...
2024-09-11 14:16:13,970 - INFO - Model training completed successfully.
2024-09-11 14:16:13,970 - INFO - Calculating the dynamic threshold based on the proportion of positive outcomes...
2024-09-11 14:16:13,978 - INFO - Ratio of 1s to 0s in the outcome variable: 0.54 : 0.46
2024-09-11 14:16:13,980 - INFO - Dynamic threshold set to: 0.544
2024-09-11 14:16:13,982 - INFO - Model trained and saved successfully for subset 3.
2024-09-11 14:16:13,984 - INFO - ---------------------------
2024-09-11 14:16:13,984 - INFO - TRAIN MODEL STAGE COMPLETED FOR SUBSET 3
2024-09-11 14:16:13,985 - INFO - ---------------------------
2024-09-11 14:16:13,986 - INFO - --------------------------------
2024-09-11 14:16:13,987 - INFO - EVALUATE MODEL STAGE STARTING FOR SUBSET 3...
2024-09-11 14:16:13,987 - INFO - --------------------------------
2024-09-11 14:16:14,132 - INFO - ROC AUC Score: 0.7028508771929826
2024-09-11 14:16:14,149 - INFO - Confusion Matrix: 
[[88 26]
 [61 75]]
2024-09-11 14:16:14,153 - INFO - Precision: 0.7425742574257426
2024-09-11 14:16:14,166 - INFO - Recall: 0.5514705882352942
2024-09-11 14:16:14,168 - INFO - Model evaluated successfully for subset 3.
2024-09-11 14:16:14,168 - INFO - ------------------------------
2024-09-11 14:16:14,169 - INFO - EVALUATE MODEL STAGE COMPLETED FOR SUBSET 3
2024-09-11 14:16:14,169 - INFO - ------------------------------
2024-09-11 14:16:14,178 - INFO - Subset 4 demographic makeup: 650 1, 174 3, 102 2, 74 4
2024-09-11 14:16:14,179 - INFO - Processing subset 4...
2024-09-11 14:16:14,179 - INFO - -----------------------------
2024-09-11 14:16:14,180 - INFO - TRAIN MODEL STAGE STARTING FOR SUBSET 4...
2024-09-11 14:16:14,181 - INFO - -----------------------------
2024-09-11 14:16:14,201 - INFO - Scaling features and applying LASSO for feature selection...
2024-09-11 14:16:14,538 - INFO - Selected features (including required): ['who', 'RaceEth', 'age', 'is_female', 'is_hispanic', 'unemployed', 'unstableliving', 'education', 'marital', 'UDS_Amphetamine_Count', 'UDS_Benzodiazepine_Count', 'UDS_Buprenorphine_Count', 'UDS_Cocaine_Count', 'UDS_Methadone_Count', 'UDS_Opioid_Count', 'UDS_Sedatives_Count', 'UDS_Thc_Count', 'pain', 'has_schizophrenia', 'has_major_dep', 'has_bipolar', 'has_anx_pan', 'has_brain_damage', 'has_epilepsy', 'has_alcol_dx', 'has_amphetamines_dx', 'has_cannabis_dx', 'has_cocaine_dx', 'has_sedatives_dx', 'ftnd', 'XTRT', 'shared', 'rbsivheroin', 'TLFB_Alcohol_Count', 'TLFB_Amphetamine_Count', 'TLFB_Benzodiazepine_Count', 'TLFB_Buprenorphine_Count', 'TLFB_Cocaine_Count', 'TLFB_Heroin_Count', 'TLFB_Methadone_Count', 'TLFB_Opioid_Count', 'TLFB_THC_Count', 'TLFB_Other', 'Homosexual_Behavior', 'Non_monogamous_Relationships']
2024-09-11 14:16:14,557 - INFO - Fitting logistic regression model with the selected features...
2024-09-11 14:16:16,018 - INFO - Model training completed successfully.
2024-09-11 14:16:16,019 - INFO - Calculating the dynamic threshold based on the proportion of positive outcomes...
2024-09-11 14:16:16,020 - INFO - Ratio of 1s to 0s in the outcome variable: 0.50 : 0.50
2024-09-11 14:16:16,028 - INFO - Dynamic threshold set to: 0.496
2024-09-11 14:16:16,031 - INFO - Model trained and saved successfully for subset 4.
2024-09-11 14:16:16,034 - INFO - ---------------------------
2024-09-11 14:16:16,035 - INFO - TRAIN MODEL STAGE COMPLETED FOR SUBSET 4
2024-09-11 14:16:16,036 - INFO - ---------------------------
2024-09-11 14:16:16,036 - INFO - --------------------------------
2024-09-11 14:16:16,037 - INFO - EVALUATE MODEL STAGE STARTING FOR SUBSET 4...
2024-09-11 14:16:16,052 - INFO - --------------------------------
2024-09-11 14:16:16,118 - INFO - ROC AUC Score: 0.6571940604198669
2024-09-11 14:16:16,119 - INFO - Confusion Matrix: 
[[66 60]
 [39 85]]
2024-09-11 14:16:16,119 - INFO - Precision: 0.5862068965517241
2024-09-11 14:16:16,121 - INFO - Recall: 0.6854838709677419
2024-09-11 14:16:16,122 - INFO - Model evaluated successfully for subset 4.
2024-09-11 14:16:16,130 - INFO - ------------------------------
2024-09-11 14:16:16,131 - INFO - EVALUATE MODEL STAGE COMPLETED FOR SUBSET 4
2024-09-11 14:16:16,132 - INFO - ------------------------------
2024-09-11 14:16:16,136 - INFO - Subset 5 demographic makeup: 700 1, 148 3, 86 2, 66 4
2024-09-11 14:16:16,136 - INFO - Processing subset 5...
2024-09-11 14:16:16,137 - INFO - -----------------------------
2024-09-11 14:16:16,137 - INFO - TRAIN MODEL STAGE STARTING FOR SUBSET 5...
2024-09-11 14:16:16,138 - INFO - -----------------------------
2024-09-11 14:16:16,167 - INFO - Scaling features and applying LASSO for feature selection...
2024-09-11 14:16:17,384 - INFO - Selected features (including required): ['who', 'RaceEth', 'age', 'is_female', 'is_hispanic', 'unemployed', 'unstableliving', 'education', 'marital', 'UDS_Amphetamine_Count', 'UDS_Benzodiazepine_Count', 'UDS_Buprenorphine_Count', 'UDS_Cocaine_Count', 'UDS_Methadone_Count', 'UDS_Opioid_Count', 'UDS_Sedatives_Count', 'UDS_Thc_Count', 'pain', 'has_schizophrenia', 'has_major_dep', 'has_bipolar', 'has_anx_pan', 'has_brain_damage', 'has_epilepsy', 'has_alcol_dx', 'has_amphetamines_dx', 'has_cannabis_dx', 'has_cocaine_dx', 'has_sedatives_dx', 'ftnd', 'XTRT', 'shared', 'rbsivheroin', 'TLFB_Alcohol_Count', 'TLFB_Amphetamine_Count', 'TLFB_Benzodiazepine_Count', 'TLFB_Buprenorphine_Count', 'TLFB_Cocaine_Count', 'TLFB_Heroin_Count', 'TLFB_Methadone_Count', 'TLFB_Opioid_Count', 'TLFB_THC_Count', 'TLFB_Other', 'Homosexual_Behavior', 'Non_monogamous_Relationships']
2024-09-11 14:16:17,397 - INFO - Fitting logistic regression model with the selected features...
2024-09-11 14:16:20,453 - INFO - Model training completed successfully.
2024-09-11 14:16:20,454 - INFO - Calculating the dynamic threshold based on the proportion of positive outcomes...
2024-09-11 14:16:20,454 - INFO - Ratio of 1s to 0s in the outcome variable: 0.50 : 0.50
2024-09-11 14:16:20,454 - INFO - Dynamic threshold set to: 0.504
2024-09-11 14:16:20,454 - INFO - Model trained and saved successfully for subset 5.
2024-09-11 14:16:20,455 - INFO - ---------------------------
2024-09-11 14:16:20,455 - INFO - TRAIN MODEL STAGE COMPLETED FOR SUBSET 5
2024-09-11 14:16:20,455 - INFO - ---------------------------
2024-09-11 14:16:20,455 - INFO - --------------------------------
2024-09-11 14:16:20,455 - INFO - EVALUATE MODEL STAGE STARTING FOR SUBSET 5...
2024-09-11 14:16:20,456 - INFO - --------------------------------
2024-09-11 14:16:20,489 - INFO - ROC AUC Score: 0.6385048643113159
2024-09-11 14:16:20,490 - INFO - Confusion Matrix: 
[[70 54]
 [47 79]]
2024-09-11 14:16:20,494 - INFO - Precision: 0.5939849624060151
2024-09-11 14:16:20,500 - INFO - Recall: 0.626984126984127
2024-09-11 14:16:20,501 - INFO - Model evaluated successfully for subset 5.
2024-09-11 14:16:20,502 - INFO - ------------------------------
2024-09-11 14:16:20,503 - INFO - EVALUATE MODEL STAGE COMPLETED FOR SUBSET 5
2024-09-11 14:16:20,503 - INFO - ------------------------------
2024-09-11 14:16:20,505 - INFO - Subset 6 demographic makeup: 750 1, 122 3, 72 2, 56 4
2024-09-11 14:16:20,505 - INFO - Processing subset 6...
2024-09-11 14:16:20,506 - INFO - -----------------------------
2024-09-11 14:16:20,506 - INFO - TRAIN MODEL STAGE STARTING FOR SUBSET 6...
2024-09-11 14:16:20,507 - INFO - -----------------------------
2024-09-11 14:16:20,540 - INFO - Scaling features and applying LASSO for feature selection...
2024-09-11 14:16:21,141 - INFO - Selected features (including required): ['who', 'RaceEth', 'age', 'is_female', 'is_hispanic', 'unemployed', 'unstableliving', 'education', 'marital', 'UDS_Amphetamine_Count', 'UDS_Benzodiazepine_Count', 'UDS_Buprenorphine_Count', 'UDS_Cocaine_Count', 'UDS_Methadone_Count', 'UDS_Opioid_Count', 'UDS_Sedatives_Count', 'UDS_Thc_Count', 'pain', 'has_schizophrenia', 'has_major_dep', 'has_bipolar', 'has_anx_pan', 'has_brain_damage', 'has_epilepsy', 'has_alcol_dx', 'has_amphetamines_dx', 'has_cannabis_dx', 'has_cocaine_dx', 'has_sedatives_dx', 'ftnd', 'XTRT', 'shared', 'rbsivheroin', 'TLFB_Alcohol_Count', 'TLFB_Amphetamine_Count', 'TLFB_Benzodiazepine_Count', 'TLFB_Buprenorphine_Count', 'TLFB_Cocaine_Count', 'TLFB_Heroin_Count', 'TLFB_Methadone_Count', 'TLFB_Opioid_Count', 'TLFB_THC_Count', 'TLFB_Other', 'Homosexual_Behavior', 'Non_monogamous_Relationships']
2024-09-11 14:16:21,153 - INFO - Fitting logistic regression model with the selected features...
2024-09-11 14:16:22,320 - INFO - Model training completed successfully.
2024-09-11 14:16:22,320 - INFO - Calculating the dynamic threshold based on the proportion of positive outcomes...
2024-09-11 14:16:22,321 - INFO - Ratio of 1s to 0s in the outcome variable: 0.51 : 0.49
2024-09-11 14:16:22,321 - INFO - Dynamic threshold set to: 0.512
2024-09-11 14:16:22,321 - INFO - Model trained and saved successfully for subset 6.
2024-09-11 14:16:22,321 - INFO - ---------------------------
2024-09-11 14:16:22,322 - INFO - TRAIN MODEL STAGE COMPLETED FOR SUBSET 6
2024-09-11 14:16:22,322 - INFO - ---------------------------
2024-09-11 14:16:22,322 - INFO - --------------------------------
2024-09-11 14:16:22,322 - INFO - EVALUATE MODEL STAGE STARTING FOR SUBSET 6...
2024-09-11 14:16:22,322 - INFO - --------------------------------
2024-09-11 14:16:22,358 - INFO - ROC AUC Score: 0.7013319672131146
2024-09-11 14:16:22,364 - INFO - Confusion Matrix: 
[[80 42]
 [42 86]]
2024-09-11 14:16:22,366 - INFO - Precision: 0.671875
2024-09-11 14:16:22,367 - INFO - Recall: 0.671875
2024-09-11 14:16:22,368 - INFO - Model evaluated successfully for subset 6.
2024-09-11 14:16:22,368 - INFO - ------------------------------
2024-09-11 14:16:22,369 - INFO - EVALUATE MODEL STAGE COMPLETED FOR SUBSET 6
2024-09-11 14:16:22,369 - INFO - ------------------------------
2024-09-11 14:16:22,371 - INFO - Subset 7 demographic makeup: 800 1, 96 3, 59 2, 45 4
2024-09-11 14:16:22,371 - INFO - Processing subset 7...
2024-09-11 14:16:22,372 - INFO - -----------------------------
2024-09-11 14:16:22,372 - INFO - TRAIN MODEL STAGE STARTING FOR SUBSET 7...
2024-09-11 14:16:22,372 - INFO - -----------------------------
2024-09-11 14:16:22,390 - INFO - Scaling features and applying LASSO for feature selection...
2024-09-11 14:16:24,437 - INFO - Selected features (including required): ['who', 'RaceEth', 'age', 'is_female', 'is_hispanic', 'unemployed', 'unstableliving', 'education', 'marital', 'UDS_Amphetamine_Count', 'UDS_Benzodiazepine_Count', 'UDS_Buprenorphine_Count', 'UDS_Cocaine_Count', 'UDS_Methadone_Count', 'UDS_Opioid_Count', 'UDS_Sedatives_Count', 'UDS_Thc_Count', 'pain', 'has_schizophrenia', 'has_major_dep', 'has_bipolar', 'has_anx_pan', 'has_brain_damage', 'has_epilepsy', 'has_alcol_dx', 'has_amphetamines_dx', 'has_cannabis_dx', 'has_cocaine_dx', 'has_sedatives_dx', 'ftnd', 'XTRT', 'shared', 'rbsivheroin', 'TLFB_Alcohol_Count', 'TLFB_Amphetamine_Count', 'TLFB_Benzodiazepine_Count', 'TLFB_Buprenorphine_Count', 'TLFB_Cocaine_Count', 'TLFB_Heroin_Count', 'TLFB_Methadone_Count', 'TLFB_Opioid_Count', 'TLFB_THC_Count', 'TLFB_Other', 'Homosexual_Behavior', 'Non_monogamous_Relationships']
2024-09-11 14:16:24,458 - INFO - Fitting logistic regression model with the selected features...
2024-09-11 14:16:26,659 - INFO - Model training completed successfully.
2024-09-11 14:16:26,659 - INFO - Calculating the dynamic threshold based on the proportion of positive outcomes...
2024-09-11 14:16:26,659 - INFO - Ratio of 1s to 0s in the outcome variable: 0.52 : 0.48
2024-09-11 14:16:26,659 - INFO - Dynamic threshold set to: 0.516
2024-09-11 14:16:26,660 - INFO - Model trained and saved successfully for subset 7.
2024-09-11 14:16:26,660 - INFO - ---------------------------
2024-09-11 14:16:26,660 - INFO - TRAIN MODEL STAGE COMPLETED FOR SUBSET 7
2024-09-11 14:16:26,660 - INFO - ---------------------------
2024-09-11 14:16:26,662 - INFO - --------------------------------
2024-09-11 14:16:26,662 - INFO - EVALUATE MODEL STAGE STARTING FOR SUBSET 7...
2024-09-11 14:16:26,662 - INFO - --------------------------------
2024-09-11 14:16:26,694 - INFO - ROC AUC Score: 0.645140623998975
2024-09-11 14:16:26,694 - INFO - Confusion Matrix: 
[[77 44]
 [51 78]]
2024-09-11 14:16:26,694 - INFO - Precision: 0.639344262295082
2024-09-11 14:16:26,694 - INFO - Recall: 0.6046511627906976
2024-09-11 14:16:26,695 - INFO - Model evaluated successfully for subset 7.
2024-09-11 14:16:26,695 - INFO - ------------------------------
2024-09-11 14:16:26,695 - INFO - EVALUATE MODEL STAGE COMPLETED FOR SUBSET 7
2024-09-11 14:16:26,695 - INFO - ------------------------------
2024-09-11 14:16:26,698 - INFO - Subset 8 demographic makeup: 850 1, 69 3, 44 2, 37 4
2024-09-11 14:16:26,698 - INFO - Processing subset 8...
2024-09-11 14:16:26,699 - INFO - -----------------------------
2024-09-11 14:16:26,699 - INFO - TRAIN MODEL STAGE STARTING FOR SUBSET 8...
2024-09-11 14:16:26,699 - INFO - -----------------------------
2024-09-11 14:16:26,709 - INFO - Scaling features and applying LASSO for feature selection...
2024-09-11 14:16:29,269 - INFO - Selected features (including required): ['who', 'RaceEth', 'age', 'is_female', 'is_hispanic', 'unemployed', 'unstableliving', 'education', 'marital', 'UDS_Amphetamine_Count', 'UDS_Benzodiazepine_Count', 'UDS_Buprenorphine_Count', 'UDS_Cocaine_Count', 'UDS_Methadone_Count', 'UDS_Opioid_Count', 'UDS_Sedatives_Count', 'UDS_Thc_Count', 'pain', 'has_schizophrenia', 'has_major_dep', 'has_bipolar', 'has_anx_pan', 'has_brain_damage', 'has_epilepsy', 'has_alcol_dx', 'has_amphetamines_dx', 'has_cannabis_dx', 'has_cocaine_dx', 'has_sedatives_dx', 'ftnd', 'XTRT', 'shared', 'rbsivheroin', 'TLFB_Alcohol_Count', 'TLFB_Amphetamine_Count', 'TLFB_Benzodiazepine_Count', 'TLFB_Buprenorphine_Count', 'TLFB_Cocaine_Count', 'TLFB_Heroin_Count', 'TLFB_Methadone_Count', 'TLFB_Opioid_Count', 'TLFB_THC_Count', 'TLFB_Other', 'Homosexual_Behavior', 'Non_monogamous_Relationships']
2024-09-11 14:16:29,292 - INFO - Fitting logistic regression model with the selected features...
