2024-07-19 10:22:21 - INFO - -------------------------------------------
2024-07-19 10:22:21 - INFO - Logging setup complete - starting pipeline.
2024-07-19 10:22:21 - INFO - -------------------------------------------
2024-07-19 10:22:26 - INFO - Selected outcome: Ab_krupitskyA_2011
2024-07-19 10:22:26 - INFO - Datasets loaded successfully.
2024-07-19 10:22:26 - INFO - Starting preprocessing of the merged dataset...
2024-07-19 10:22:26 - INFO - ---------------------------------
2024-07-19 10:22:26 - INFO - PRE-PROCESSING STAGE STARTING...
2024-07-19 10:22:26 - INFO - ---------------------------------
2024-07-19 10:22:26 - INFO - Dropped initial columns: ['pain_when', 'is_smoker', 'per_day', 'max', 'amount', 'depression', 'anxiety', 'schizophrenia', 'max', 'amount', 'cocaine_inject_days', 'speedball_inject_days', 'opioid_inject_days', 'speed_inject_days', 'UDS_Alcohol_Count', 'UDS_Mdma/Hallucinogen_Count']
2024-07-19 10:22:26 - INFO - Converted Yes/No to binary.
2024-07-19 10:22:26 - INFO - Processed TLFB columns with specified columns: ['TLFB_Alcohol_Count', 'TLFB_Amphetamine_Count', 'TLFB_Cocaine_Count', 'TLFB_Heroin_Count', 'TLFB_Benzodiazepine_Count', 'TLFB_Opioid_Count', 'TLFB_THC_Count', 'TLFB_Methadone_Count', 'TLFB_Buprenorphine_Count']
2024-07-19 10:22:26 - INFO - Calculated behavioral columns.
2024-07-19 10:22:26 - INFO - Moved 'Ab_krupitskyA_2011' column to the end.
2024-07-19 10:22:26 - INFO - Dropped initial columns: ['msm_npt', 'msm_frq', 'txx_prt']
2024-07-19 10:22:27 - INFO - transform_data_with_nan_handling success
2024-07-19 10:22:27 - INFO - Renamed columns according to the mapping.
2024-07-19 10:22:27 - INFO - Transformed NaN to 0 for binary columns.
2024-07-19 10:22:27 - INFO - Transformed and renamed 'heroin_inject_days' column to 'rbsivheroin'.
2024-07-19 10:22:27 - INFO - Filled NaN with 0 for 'ftnd' column.
2024-07-19 10:22:27 - INFO - Dropped additional columns: ['rbs_iv_days', 'race', 'RBS_cocaine_Days', 'RBS_heroin_Days', 'RBS_opioid_Days', 'RBS_speed_Days', 'RBS_speedball_Days']
2024-07-19 10:22:27 - INFO - Converted UDS drug counts to binary.
2024-07-19 10:22:28 - INFO - ------------------------------
2024-07-19 10:22:28 - INFO - PRE-PROCESSING STAGE COMPLETED
2024-07-19 10:22:28 - INFO - ------------------------------
2024-07-19 10:22:28 - INFO - Merged dataset preprocessed successfully.
2024-07-19 10:22:28 - INFO - Creating demographic subsets from preprocessed data...
2024-07-19 10:22:40 - INFO - Created 11 subsets successfully.
2024-07-19 10:22:40 - INFO - Creating merged subsets from create_demographics_dfs function
2024-07-19 10:22:40 - INFO - Created 11 subsets successfully.
2024-07-19 10:22:40 - INFO - Subset 1 demographic makeup: 500 1, 242 3, 162 2, 96 4
2024-07-19 10:22:40 - INFO - Processing subset 1...
2024-07-19 10:22:40 - INFO - -----------------------------
2024-07-19 10:22:40 - INFO - TRAIN MODEL STAGE STARTING FOR SUBSET 1...
2024-07-19 10:22:40 - INFO - -----------------------------
2024-07-19 10:22:40 - INFO - Scaling features and applying LASSO for feature selection...
2024-07-19 10:22:47 - INFO - Selected features (including required): ['who', 'RaceEth', 'age', 'is_female', 'is_hispanic', 'unemployed', 'unstableliving', 'education', 'marital', 'UDS_Amphetamine_Count', 'UDS_Benzodiazepine_Count', 'UDS_Buprenorphine_Count', 'UDS_Cocaine_Count', 'UDS_Methadone_Count', 'UDS_Opioid_Count', 'UDS_Sedatives_Count', 'UDS_Thc_Count', 'pain', 'has_schizophrenia', 'has_major_dep', 'has_bipolar', 'has_anx_pan', 'has_brain_damage', 'has_epilepsy', 'has_alcol_dx', 'has_amphetamines_dx', 'has_cannabis_dx', 'has_cocaine_dx', 'has_sedatives_dx', 'ftnd', 'XTRT', 'shared', 'rbsivheroin', 'TLFB_Alcohol_Count', 'TLFB_Amphetamine_Count', 'TLFB_Benzodiazepine_Count', 'TLFB_Buprenorphine_Count', 'TLFB_Cocaine_Count', 'TLFB_Heroin_Count', 'TLFB_Methadone_Count', 'TLFB_Opioid_Count', 'TLFB_THC_Count', 'TLFB_Other', 'Homosexual_Behavior', 'Non_monogamous_Relationships']
2024-07-19 10:22:47 - INFO - Fitting logistic regression model with the selected features...
2024-07-19 10:22:49 - INFO - Model training completed successfully.
2024-07-19 10:22:49 - INFO - Calculating the dynamic threshold based on the proportion of positive outcomes...
2024-07-19 10:22:49 - INFO - Ratio of 1s to 0s in the outcome variable: 0.05 : 0.95
2024-07-19 10:22:49 - INFO - Dynamic threshold set to: 0.052
2024-07-19 10:22:49 - INFO - Model trained and saved successfully for subset 1.
2024-07-19 10:22:49 - INFO - ---------------------------
2024-07-19 10:22:49 - INFO - TRAIN MODEL STAGE COMPLETED FOR SUBSET 1
2024-07-19 10:22:49 - INFO - ---------------------------
2024-07-19 10:22:49 - INFO - --------------------------------
2024-07-19 10:22:49 - INFO - EVALUATE MODEL STAGE STARTING FOR SUBSET 1...
2024-07-19 10:22:49 - INFO - --------------------------------
2024-07-19 10:22:49 - INFO - ROC AUC Score: 0.5991561181434599
2024-07-19 10:22:49 - INFO - Confusion Matrix: 
[[158  79]
 [  8   5]]
2024-07-19 10:22:49 - INFO - Precision: 0.05952380952380952
2024-07-19 10:22:49 - INFO - Recall: 0.38461538461538464
2024-07-19 10:22:49 - INFO - Model evaluated successfully for subset 1.
2024-07-19 10:22:49 - INFO - ------------------------------
2024-07-19 10:22:49 - INFO - EVALUATE MODEL STAGE COMPLETED FOR SUBSET 1
2024-07-19 10:22:49 - INFO - ------------------------------
2024-07-19 10:22:49 - INFO - Subset 2 demographic makeup: 550 1, 216 3, 147 2, 87 4
2024-07-19 10:22:49 - INFO - Processing subset 2...
2024-07-19 10:22:49 - INFO - -----------------------------
2024-07-19 10:22:49 - INFO - TRAIN MODEL STAGE STARTING FOR SUBSET 2...
2024-07-19 10:22:49 - INFO - -----------------------------
2024-07-19 10:22:49 - INFO - Scaling features and applying LASSO for feature selection...
2024-07-19 10:22:56 - INFO - Selected features (including required): ['who', 'RaceEth', 'age', 'is_female', 'is_hispanic', 'unemployed', 'unstableliving', 'education', 'marital', 'UDS_Amphetamine_Count', 'UDS_Benzodiazepine_Count', 'UDS_Buprenorphine_Count', 'UDS_Cocaine_Count', 'UDS_Methadone_Count', 'UDS_Opioid_Count', 'UDS_Sedatives_Count', 'UDS_Thc_Count', 'pain', 'has_schizophrenia', 'has_major_dep', 'has_bipolar', 'has_anx_pan', 'has_brain_damage', 'has_epilepsy', 'has_alcol_dx', 'has_amphetamines_dx', 'has_cannabis_dx', 'has_cocaine_dx', 'has_sedatives_dx', 'ftnd', 'XTRT', 'shared', 'rbsivheroin', 'TLFB_Alcohol_Count', 'TLFB_Amphetamine_Count', 'TLFB_Benzodiazepine_Count', 'TLFB_Buprenorphine_Count', 'TLFB_Cocaine_Count', 'TLFB_Heroin_Count', 'TLFB_Methadone_Count', 'TLFB_Opioid_Count', 'TLFB_THC_Count', 'TLFB_Other', 'Homosexual_Behavior', 'Non_monogamous_Relationships']
2024-07-19 10:22:56 - INFO - Fitting logistic regression model with the selected features...
2024-07-19 10:23:00 - INFO - Model training completed successfully.
2024-07-19 10:23:00 - INFO - Calculating the dynamic threshold based on the proportion of positive outcomes...
2024-07-19 10:23:00 - INFO - Ratio of 1s to 0s in the outcome variable: 0.06 : 0.94
2024-07-19 10:23:00 - INFO - Dynamic threshold set to: 0.056
2024-07-19 10:23:00 - INFO - Model trained and saved successfully for subset 2.
2024-07-19 10:23:00 - INFO - ---------------------------
2024-07-19 10:23:00 - INFO - TRAIN MODEL STAGE COMPLETED FOR SUBSET 2
2024-07-19 10:23:00 - INFO - ---------------------------
2024-07-19 10:23:00 - INFO - --------------------------------
2024-07-19 10:23:00 - INFO - EVALUATE MODEL STAGE STARTING FOR SUBSET 2...
2024-07-19 10:23:00 - INFO - --------------------------------
2024-07-19 10:23:00 - INFO - ROC AUC Score: 0.5947336561743342
2024-07-19 10:23:00 - INFO - Confusion Matrix: 
[[188  48]
 [ 10   4]]
2024-07-19 10:23:00 - INFO - Precision: 0.07692307692307693
2024-07-19 10:23:00 - INFO - Recall: 0.2857142857142857
2024-07-19 10:23:00 - INFO - Model evaluated successfully for subset 2.
2024-07-19 10:23:00 - INFO - ------------------------------
2024-07-19 10:23:00 - INFO - EVALUATE MODEL STAGE COMPLETED FOR SUBSET 2
2024-07-19 10:23:00 - INFO - ------------------------------
2024-07-19 10:23:00 - INFO - Subset 3 demographic makeup: 600 1, 194 3, 131 2, 75 4
2024-07-19 10:23:00 - INFO - Processing subset 3...
2024-07-19 10:23:00 - INFO - -----------------------------
2024-07-19 10:23:00 - INFO - TRAIN MODEL STAGE STARTING FOR SUBSET 3...
2024-07-19 10:23:00 - INFO - -----------------------------
2024-07-19 10:23:00 - INFO - Scaling features and applying LASSO for feature selection...
2024-07-19 10:23:22 - INFO - Selected features (including required): ['who', 'RaceEth', 'age', 'is_female', 'is_hispanic', 'unemployed', 'unstableliving', 'education', 'marital', 'UDS_Amphetamine_Count', 'UDS_Benzodiazepine_Count', 'UDS_Buprenorphine_Count', 'UDS_Cocaine_Count', 'UDS_Methadone_Count', 'UDS_Opioid_Count', 'UDS_Sedatives_Count', 'UDS_Thc_Count', 'pain', 'has_schizophrenia', 'has_major_dep', 'has_bipolar', 'has_anx_pan', 'has_brain_damage', 'has_epilepsy', 'has_alcol_dx', 'has_amphetamines_dx', 'has_cannabis_dx', 'has_cocaine_dx', 'has_sedatives_dx', 'ftnd', 'XTRT', 'shared', 'rbsivheroin', 'TLFB_Alcohol_Count', 'TLFB_Amphetamine_Count', 'TLFB_Benzodiazepine_Count', 'TLFB_Buprenorphine_Count', 'TLFB_Cocaine_Count', 'TLFB_Heroin_Count', 'TLFB_Methadone_Count', 'TLFB_Opioid_Count', 'TLFB_THC_Count', 'TLFB_Other', 'Homosexual_Behavior', 'Non_monogamous_Relationships']
2024-07-19 10:23:22 - INFO - Fitting logistic regression model with the selected features...
2024-07-19 10:23:33 - INFO - Model training completed successfully.
2024-07-19 10:23:33 - INFO - Calculating the dynamic threshold based on the proportion of positive outcomes...
2024-07-19 10:23:33 - INFO - Ratio of 1s to 0s in the outcome variable: 0.05 : 0.95
2024-07-19 10:23:33 - INFO - Dynamic threshold set to: 0.048
2024-07-19 10:23:33 - INFO - Model trained and saved successfully for subset 3.
2024-07-19 10:23:33 - INFO - ---------------------------
2024-07-19 10:23:33 - INFO - TRAIN MODEL STAGE COMPLETED FOR SUBSET 3
2024-07-19 10:23:33 - INFO - ---------------------------
2024-07-19 10:23:33 - INFO - --------------------------------
2024-07-19 10:23:33 - INFO - EVALUATE MODEL STAGE STARTING FOR SUBSET 3...
2024-07-19 10:23:33 - INFO - --------------------------------
2024-07-19 10:23:33 - INFO - ROC AUC Score: 0.5591736694677871
2024-07-19 10:23:33 - INFO - Confusion Matrix: 
[[147  91]
 [  7   5]]
2024-07-19 10:23:33 - INFO - Precision: 0.052083333333333336
2024-07-19 10:23:33 - INFO - Recall: 0.4166666666666667
2024-07-19 10:23:33 - INFO - Model evaluated successfully for subset 3.
2024-07-19 10:23:33 - INFO - ------------------------------
2024-07-19 10:23:33 - INFO - EVALUATE MODEL STAGE COMPLETED FOR SUBSET 3
2024-07-19 10:23:33 - INFO - ------------------------------
2024-07-19 10:23:33 - INFO - Subset 4 demographic makeup: 650 1, 166 3, 119 2, 65 4
2024-07-19 10:23:33 - INFO - Processing subset 4...
2024-07-19 10:23:33 - INFO - -----------------------------
2024-07-19 10:23:33 - INFO - TRAIN MODEL STAGE STARTING FOR SUBSET 4...
2024-07-19 10:23:33 - INFO - -----------------------------
2024-07-19 10:23:33 - INFO - Scaling features and applying LASSO for feature selection...
2024-07-19 10:23:47 - INFO - Selected features (including required): ['who', 'RaceEth', 'age', 'is_female', 'is_hispanic', 'unemployed', 'unstableliving', 'education', 'marital', 'UDS_Amphetamine_Count', 'UDS_Benzodiazepine_Count', 'UDS_Buprenorphine_Count', 'UDS_Cocaine_Count', 'UDS_Methadone_Count', 'UDS_Opioid_Count', 'UDS_Sedatives_Count', 'UDS_Thc_Count', 'pain', 'has_schizophrenia', 'has_major_dep', 'has_bipolar', 'has_anx_pan', 'has_brain_damage', 'has_epilepsy', 'has_alcol_dx', 'has_amphetamines_dx', 'has_cannabis_dx', 'has_cocaine_dx', 'has_sedatives_dx', 'ftnd', 'XTRT', 'shared', 'rbsivheroin', 'TLFB_Alcohol_Count', 'TLFB_Amphetamine_Count', 'TLFB_Benzodiazepine_Count', 'TLFB_Buprenorphine_Count', 'TLFB_Cocaine_Count', 'TLFB_Heroin_Count', 'TLFB_Methadone_Count', 'TLFB_Opioid_Count', 'TLFB_THC_Count', 'TLFB_Other', 'Homosexual_Behavior', 'Non_monogamous_Relationships']
2024-07-19 10:23:47 - INFO - Fitting logistic regression model with the selected features...
2024-07-19 10:23:51 - INFO - Model training completed successfully.
2024-07-19 10:23:51 - INFO - Calculating the dynamic threshold based on the proportion of positive outcomes...
2024-07-19 10:23:51 - INFO - Ratio of 1s to 0s in the outcome variable: 0.05 : 0.95
2024-07-19 10:23:51 - INFO - Dynamic threshold set to: 0.052
2024-07-19 10:23:51 - INFO - Model trained and saved successfully for subset 4.
2024-07-19 10:23:51 - INFO - ---------------------------
2024-07-19 10:23:51 - INFO - TRAIN MODEL STAGE COMPLETED FOR SUBSET 4
2024-07-19 10:23:51 - INFO - ---------------------------
2024-07-19 10:23:51 - INFO - --------------------------------
2024-07-19 10:23:51 - INFO - EVALUATE MODEL STAGE STARTING FOR SUBSET 4...
2024-07-19 10:23:51 - INFO - --------------------------------
2024-07-19 10:23:51 - INFO - ROC AUC Score: 0.6179811749432003
2024-07-19 10:23:51 - INFO - Confusion Matrix: 
[[154  83]
 [  6   7]]
2024-07-19 10:23:51 - INFO - Precision: 0.07777777777777778
2024-07-19 10:23:51 - INFO - Recall: 0.5384615384615384
2024-07-19 10:23:51 - INFO - Model evaluated successfully for subset 4.
2024-07-19 10:23:51 - INFO - ------------------------------
2024-07-19 10:23:51 - INFO - EVALUATE MODEL STAGE COMPLETED FOR SUBSET 4
2024-07-19 10:23:51 - INFO - ------------------------------
2024-07-19 10:23:51 - INFO - Subset 5 demographic makeup: 700 1, 142 3, 100 2, 58 4
2024-07-19 10:23:51 - INFO - Processing subset 5...
2024-07-19 10:23:51 - INFO - -----------------------------
2024-07-19 10:23:51 - INFO - TRAIN MODEL STAGE STARTING FOR SUBSET 5...
2024-07-19 10:23:51 - INFO - -----------------------------
2024-07-19 10:23:51 - INFO - Scaling features and applying LASSO for feature selection...
2024-07-19 10:24:02 - INFO - Selected features (including required): ['who', 'RaceEth', 'age', 'is_female', 'is_hispanic', 'unemployed', 'unstableliving', 'education', 'marital', 'UDS_Amphetamine_Count', 'UDS_Benzodiazepine_Count', 'UDS_Buprenorphine_Count', 'UDS_Cocaine_Count', 'UDS_Methadone_Count', 'UDS_Opioid_Count', 'UDS_Sedatives_Count', 'UDS_Thc_Count', 'pain', 'has_schizophrenia', 'has_major_dep', 'has_bipolar', 'has_anx_pan', 'has_brain_damage', 'has_epilepsy', 'has_alcol_dx', 'has_amphetamines_dx', 'has_cannabis_dx', 'has_cocaine_dx', 'has_sedatives_dx', 'ftnd', 'XTRT', 'shared', 'rbsivheroin', 'TLFB_Alcohol_Count', 'TLFB_Amphetamine_Count', 'TLFB_Benzodiazepine_Count', 'TLFB_Buprenorphine_Count', 'TLFB_Cocaine_Count', 'TLFB_Heroin_Count', 'TLFB_Methadone_Count', 'TLFB_Opioid_Count', 'TLFB_THC_Count', 'TLFB_Other', 'Homosexual_Behavior', 'Non_monogamous_Relationships']
2024-07-19 10:24:02 - INFO - Fitting logistic regression model with the selected features...
2024-07-19 10:24:38 - INFO - Model training completed successfully.
2024-07-19 10:24:38 - INFO - Calculating the dynamic threshold based on the proportion of positive outcomes...
2024-07-19 10:24:38 - INFO - Ratio of 1s to 0s in the outcome variable: 0.06 : 0.94
2024-07-19 10:24:38 - INFO - Dynamic threshold set to: 0.056
2024-07-19 10:24:38 - INFO - Model trained and saved successfully for subset 5.
2024-07-19 10:24:38 - INFO - ---------------------------
2024-07-19 10:24:38 - INFO - TRAIN MODEL STAGE COMPLETED FOR SUBSET 5
2024-07-19 10:24:38 - INFO - ---------------------------
2024-07-19 10:24:38 - INFO - --------------------------------
2024-07-19 10:24:38 - INFO - EVALUATE MODEL STAGE STARTING FOR SUBSET 5...
2024-07-19 10:24:38 - INFO - --------------------------------
2024-07-19 10:24:38 - INFO - ROC AUC Score: 0.5971549636803875
2024-07-19 10:24:38 - INFO - Confusion Matrix: 
[[147  89]
 [  5   9]]
2024-07-19 10:24:38 - INFO - Precision: 0.09183673469387756
2024-07-19 10:24:38 - INFO - Recall: 0.6428571428571429
2024-07-19 10:24:38 - INFO - Model evaluated successfully for subset 5.
2024-07-19 10:24:38 - INFO - ------------------------------
2024-07-19 10:24:38 - INFO - EVALUATE MODEL STAGE COMPLETED FOR SUBSET 5
2024-07-19 10:24:38 - INFO - ------------------------------
2024-07-19 10:24:38 - INFO - Subset 6 demographic makeup: 750 1, 119 3, 83 2, 48 4
2024-07-19 10:24:38 - INFO - Processing subset 6...
2024-07-19 10:24:38 - INFO - -----------------------------
2024-07-19 10:24:38 - INFO - TRAIN MODEL STAGE STARTING FOR SUBSET 6...
2024-07-19 10:24:38 - INFO - -----------------------------
2024-07-19 10:24:38 - INFO - Scaling features and applying LASSO for feature selection...
2024-07-19 10:24:51 - INFO - Selected features (including required): ['who', 'RaceEth', 'age', 'is_female', 'is_hispanic', 'unemployed', 'unstableliving', 'education', 'marital', 'UDS_Amphetamine_Count', 'UDS_Benzodiazepine_Count', 'UDS_Buprenorphine_Count', 'UDS_Cocaine_Count', 'UDS_Methadone_Count', 'UDS_Opioid_Count', 'UDS_Sedatives_Count', 'UDS_Thc_Count', 'pain', 'has_schizophrenia', 'has_major_dep', 'has_bipolar', 'has_anx_pan', 'has_brain_damage', 'has_epilepsy', 'has_alcol_dx', 'has_amphetamines_dx', 'has_cannabis_dx', 'has_cocaine_dx', 'has_sedatives_dx', 'ftnd', 'XTRT', 'shared', 'rbsivheroin', 'TLFB_Alcohol_Count', 'TLFB_Amphetamine_Count', 'TLFB_Benzodiazepine_Count', 'TLFB_Buprenorphine_Count', 'TLFB_Cocaine_Count', 'TLFB_Heroin_Count', 'TLFB_Methadone_Count', 'TLFB_Opioid_Count', 'TLFB_THC_Count', 'TLFB_Other', 'Homosexual_Behavior', 'Non_monogamous_Relationships']
2024-07-19 10:24:51 - INFO - Fitting logistic regression model with the selected features...
2024-07-19 10:24:53 - INFO - Model training completed successfully.
2024-07-19 10:24:53 - INFO - Calculating the dynamic threshold based on the proportion of positive outcomes...
2024-07-19 10:24:53 - INFO - Ratio of 1s to 0s in the outcome variable: 0.05 : 0.95
2024-07-19 10:24:53 - INFO - Dynamic threshold set to: 0.052
2024-07-19 10:24:53 - INFO - Model trained and saved successfully for subset 6.
2024-07-19 10:24:53 - INFO - ---------------------------
2024-07-19 10:24:53 - INFO - TRAIN MODEL STAGE COMPLETED FOR SUBSET 6
2024-07-19 10:24:53 - INFO - ---------------------------
2024-07-19 10:24:53 - INFO - --------------------------------
2024-07-19 10:24:53 - INFO - EVALUATE MODEL STAGE STARTING FOR SUBSET 6...
2024-07-19 10:24:53 - INFO - --------------------------------
2024-07-19 10:24:53 - INFO - ROC AUC Score: 0.688737422914638
2024-07-19 10:24:53 - INFO - Confusion Matrix: 
[[154  83]
 [  4   9]]
2024-07-19 10:24:53 - INFO - Precision: 0.09782608695652174
2024-07-19 10:24:53 - INFO - Recall: 0.6923076923076923
2024-07-19 10:24:53 - INFO - Model evaluated successfully for subset 6.
2024-07-19 10:24:53 - INFO - ------------------------------
2024-07-19 10:24:53 - INFO - EVALUATE MODEL STAGE COMPLETED FOR SUBSET 6
2024-07-19 10:24:53 - INFO - ------------------------------
2024-07-19 10:24:53 - INFO - Subset 7 demographic makeup: 800 1, 90 3, 70 2, 40 4
2024-07-19 10:24:53 - INFO - Processing subset 7...
2024-07-19 10:24:53 - INFO - -----------------------------
2024-07-19 10:24:53 - INFO - TRAIN MODEL STAGE STARTING FOR SUBSET 7...
2024-07-19 10:24:53 - INFO - -----------------------------
2024-07-19 10:24:53 - INFO - Scaling features and applying LASSO for feature selection...
2024-07-19 10:25:00 - INFO - Selected features (including required): ['who', 'RaceEth', 'age', 'is_female', 'is_hispanic', 'unemployed', 'unstableliving', 'education', 'marital', 'UDS_Amphetamine_Count', 'UDS_Benzodiazepine_Count', 'UDS_Buprenorphine_Count', 'UDS_Cocaine_Count', 'UDS_Methadone_Count', 'UDS_Opioid_Count', 'UDS_Sedatives_Count', 'UDS_Thc_Count', 'pain', 'has_schizophrenia', 'has_major_dep', 'has_bipolar', 'has_anx_pan', 'has_brain_damage', 'has_epilepsy', 'has_alcol_dx', 'has_amphetamines_dx', 'has_cannabis_dx', 'has_cocaine_dx', 'has_sedatives_dx', 'ftnd', 'XTRT', 'shared', 'rbsivheroin', 'TLFB_Alcohol_Count', 'TLFB_Amphetamine_Count', 'TLFB_Benzodiazepine_Count', 'TLFB_Buprenorphine_Count', 'TLFB_Cocaine_Count', 'TLFB_Heroin_Count', 'TLFB_Methadone_Count', 'TLFB_Opioid_Count', 'TLFB_THC_Count', 'TLFB_Other', 'Homosexual_Behavior', 'Non_monogamous_Relationships']
2024-07-19 10:25:00 - INFO - Fitting logistic regression model with the selected features...
2024-07-19 10:25:01 - INFO - Model training completed successfully.
2024-07-19 10:25:01 - INFO - Calculating the dynamic threshold based on the proportion of positive outcomes...
2024-07-19 10:25:01 - INFO - Ratio of 1s to 0s in the outcome variable: 0.07 : 0.93
2024-07-19 10:25:01 - INFO - Dynamic threshold set to: 0.072
2024-07-19 10:25:01 - INFO - Model trained and saved successfully for subset 7.
2024-07-19 10:25:01 - INFO - ---------------------------
2024-07-19 10:25:01 - INFO - TRAIN MODEL STAGE COMPLETED FOR SUBSET 7
2024-07-19 10:25:01 - INFO - ---------------------------
2024-07-19 10:25:01 - INFO - --------------------------------
2024-07-19 10:25:01 - INFO - EVALUATE MODEL STAGE STARTING FOR SUBSET 7...
2024-07-19 10:25:01 - INFO - --------------------------------
2024-07-19 10:25:01 - INFO - ROC AUC Score: 0.6824712643678161
2024-07-19 10:25:01 - INFO - Confusion Matrix: 
[[184  48]
 [  6  12]]
2024-07-19 10:25:01 - INFO - Precision: 0.2
2024-07-19 10:25:01 - INFO - Recall: 0.6666666666666666
2024-07-19 10:25:01 - INFO - Model evaluated successfully for subset 7.
2024-07-19 10:25:01 - INFO - ------------------------------
2024-07-19 10:25:01 - INFO - EVALUATE MODEL STAGE COMPLETED FOR SUBSET 7
2024-07-19 10:25:01 - INFO - ------------------------------
2024-07-19 10:25:01 - INFO - Subset 8 demographic makeup: 850 1, 66 3, 56 2, 28 4
2024-07-19 10:25:01 - INFO - Processing subset 8...
2024-07-19 10:25:01 - INFO - -----------------------------
2024-07-19 10:25:01 - INFO - TRAIN MODEL STAGE STARTING FOR SUBSET 8...
2024-07-19 10:25:01 - INFO - -----------------------------
2024-07-19 10:25:01 - INFO - Scaling features and applying LASSO for feature selection...
2024-07-19 10:25:07 - INFO - Selected features (including required): ['who', 'RaceEth', 'age', 'is_female', 'is_hispanic', 'unemployed', 'unstableliving', 'education', 'marital', 'UDS_Amphetamine_Count', 'UDS_Benzodiazepine_Count', 'UDS_Buprenorphine_Count', 'UDS_Cocaine_Count', 'UDS_Methadone_Count', 'UDS_Opioid_Count', 'UDS_Sedatives_Count', 'UDS_Thc_Count', 'pain', 'has_schizophrenia', 'has_major_dep', 'has_bipolar', 'has_anx_pan', 'has_brain_damage', 'has_epilepsy', 'has_alcol_dx', 'has_amphetamines_dx', 'has_cannabis_dx', 'has_cocaine_dx', 'has_sedatives_dx', 'ftnd', 'XTRT', 'shared', 'rbsivheroin', 'TLFB_Alcohol_Count', 'TLFB_Amphetamine_Count', 'TLFB_Benzodiazepine_Count', 'TLFB_Buprenorphine_Count', 'TLFB_Cocaine_Count', 'TLFB_Heroin_Count', 'TLFB_Methadone_Count', 'TLFB_Opioid_Count', 'TLFB_THC_Count', 'TLFB_Other', 'Homosexual_Behavior', 'Non_monogamous_Relationships']
2024-07-19 10:25:07 - INFO - Fitting logistic regression model with the selected features...
2024-07-19 10:25:07 - INFO - Model training completed successfully.
2024-07-19 10:25:07 - INFO - Calculating the dynamic threshold based on the proportion of positive outcomes...
2024-07-19 10:25:07 - INFO - Ratio of 1s to 0s in the outcome variable: 0.06 : 0.94
2024-07-19 10:25:07 - INFO - Dynamic threshold set to: 0.064
2024-07-19 10:25:07 - INFO - Model trained and saved successfully for subset 8.
2024-07-19 10:25:07 - INFO - ---------------------------
2024-07-19 10:25:07 - INFO - TRAIN MODEL STAGE COMPLETED FOR SUBSET 8
2024-07-19 10:25:07 - INFO - ---------------------------
2024-07-19 10:25:07 - INFO - --------------------------------
2024-07-19 10:25:07 - INFO - EVALUATE MODEL STAGE STARTING FOR SUBSET 8...
2024-07-19 10:25:07 - INFO - --------------------------------
2024-07-19 10:25:07 - INFO - ROC AUC Score: 0.7291666666666667
2024-07-19 10:25:07 - INFO - Confusion Matrix: 
[[162  72]
 [  4  12]]
2024-07-19 10:25:07 - INFO - Precision: 0.14285714285714285
2024-07-19 10:25:07 - INFO - Recall: 0.75
2024-07-19 10:25:07 - INFO - Model evaluated successfully for subset 8.
2024-07-19 10:25:07 - INFO - ------------------------------
2024-07-19 10:25:07 - INFO - EVALUATE MODEL STAGE COMPLETED FOR SUBSET 8
2024-07-19 10:25:07 - INFO - ------------------------------
2024-07-19 10:25:07 - INFO - Subset 9 demographic makeup: 900 1, 47 3, 36 2, 17 4
2024-07-19 10:25:07 - INFO - Processing subset 9...
2024-07-19 10:25:07 - INFO - -----------------------------
2024-07-19 10:25:07 - INFO - TRAIN MODEL STAGE STARTING FOR SUBSET 9...
2024-07-19 10:25:07 - INFO - -----------------------------
2024-07-19 10:25:07 - INFO - Scaling features and applying LASSO for feature selection...
2024-07-19 10:25:11 - INFO - Selected features (including required): ['who', 'RaceEth', 'age', 'is_female', 'is_hispanic', 'unemployed', 'unstableliving', 'education', 'marital', 'UDS_Amphetamine_Count', 'UDS_Benzodiazepine_Count', 'UDS_Buprenorphine_Count', 'UDS_Cocaine_Count', 'UDS_Methadone_Count', 'UDS_Opioid_Count', 'UDS_Sedatives_Count', 'UDS_Thc_Count', 'pain', 'has_schizophrenia', 'has_major_dep', 'has_bipolar', 'has_anx_pan', 'has_brain_damage', 'has_epilepsy', 'has_alcol_dx', 'has_amphetamines_dx', 'has_cannabis_dx', 'has_cocaine_dx', 'has_sedatives_dx', 'ftnd', 'XTRT', 'shared', 'rbsivheroin', 'TLFB_Alcohol_Count', 'TLFB_Amphetamine_Count', 'TLFB_Benzodiazepine_Count', 'TLFB_Buprenorphine_Count', 'TLFB_Cocaine_Count', 'TLFB_Heroin_Count', 'TLFB_Methadone_Count', 'TLFB_Opioid_Count', 'TLFB_THC_Count', 'TLFB_Other', 'Homosexual_Behavior', 'Non_monogamous_Relationships']
2024-07-19 10:25:11 - INFO - Fitting logistic regression model with the selected features...
2024-07-19 10:25:14 - INFO - Model training completed successfully.
2024-07-19 10:25:14 - INFO - Calculating the dynamic threshold based on the proportion of positive outcomes...
2024-07-19 10:25:14 - INFO - Ratio of 1s to 0s in the outcome variable: 0.05 : 0.95
2024-07-19 10:25:14 - INFO - Dynamic threshold set to: 0.052
2024-07-19 10:25:14 - INFO - Model trained and saved successfully for subset 9.
2024-07-19 10:25:14 - INFO - ---------------------------
2024-07-19 10:25:14 - INFO - TRAIN MODEL STAGE COMPLETED FOR SUBSET 9
2024-07-19 10:25:14 - INFO - ---------------------------
2024-07-19 10:25:14 - INFO - --------------------------------
2024-07-19 10:25:14 - INFO - EVALUATE MODEL STAGE STARTING FOR SUBSET 9...
2024-07-19 10:25:14 - INFO - --------------------------------
2024-07-19 10:25:14 - INFO - ROC AUC Score: 0.7526777020447908
2024-07-19 10:25:14 - INFO - Confusion Matrix: 
[[161  76]
 [  3  10]]
2024-07-19 10:25:14 - INFO - Precision: 0.11627906976744186
2024-07-19 10:25:14 - INFO - Recall: 0.7692307692307693
2024-07-19 10:25:14 - INFO - Model evaluated successfully for subset 9.
2024-07-19 10:25:14 - INFO - ------------------------------
2024-07-19 10:25:14 - INFO - EVALUATE MODEL STAGE COMPLETED FOR SUBSET 9
2024-07-19 10:25:14 - INFO - ------------------------------
2024-07-19 10:25:14 - INFO - Subset 10 demographic makeup: 950 1, 24 3, 17 2, 9 4
2024-07-19 10:25:14 - INFO - Processing subset 10...
2024-07-19 10:25:14 - INFO - -----------------------------
2024-07-19 10:25:14 - INFO - TRAIN MODEL STAGE STARTING FOR SUBSET 10...
2024-07-19 10:25:14 - INFO - -----------------------------
2024-07-19 10:25:14 - INFO - Scaling features and applying LASSO for feature selection...
2024-07-19 10:25:22 - INFO - Selected features (including required): ['who', 'RaceEth', 'age', 'is_female', 'is_hispanic', 'unemployed', 'unstableliving', 'education', 'marital', 'UDS_Amphetamine_Count', 'UDS_Benzodiazepine_Count', 'UDS_Buprenorphine_Count', 'UDS_Cocaine_Count', 'UDS_Methadone_Count', 'UDS_Opioid_Count', 'UDS_Sedatives_Count', 'UDS_Thc_Count', 'pain', 'has_schizophrenia', 'has_major_dep', 'has_bipolar', 'has_anx_pan', 'has_brain_damage', 'has_epilepsy', 'has_alcol_dx', 'has_amphetamines_dx', 'has_cannabis_dx', 'has_cocaine_dx', 'has_sedatives_dx', 'ftnd', 'XTRT', 'shared', 'rbsivheroin', 'TLFB_Alcohol_Count', 'TLFB_Amphetamine_Count', 'TLFB_Benzodiazepine_Count', 'TLFB_Buprenorphine_Count', 'TLFB_Cocaine_Count', 'TLFB_Heroin_Count', 'TLFB_Methadone_Count', 'TLFB_Opioid_Count', 'TLFB_THC_Count', 'TLFB_Other', 'Homosexual_Behavior', 'Non_monogamous_Relationships']
2024-07-19 10:25:22 - INFO - Fitting logistic regression model with the selected features...
2024-07-19 10:25:24 - INFO - Model training completed successfully.
2024-07-19 10:25:24 - INFO - Calculating the dynamic threshold based on the proportion of positive outcomes...
2024-07-19 10:25:24 - INFO - Ratio of 1s to 0s in the outcome variable: 0.05 : 0.95
2024-07-19 10:25:24 - INFO - Dynamic threshold set to: 0.052
2024-07-19 10:25:24 - INFO - Model trained and saved successfully for subset 10.
2024-07-19 10:25:24 - INFO - ---------------------------
2024-07-19 10:25:24 - INFO - TRAIN MODEL STAGE COMPLETED FOR SUBSET 10
2024-07-19 10:25:24 - INFO - ---------------------------
2024-07-19 10:25:24 - INFO - --------------------------------
2024-07-19 10:25:24 - INFO - EVALUATE MODEL STAGE STARTING FOR SUBSET 10...
2024-07-19 10:25:24 - INFO - --------------------------------
2024-07-19 10:25:24 - INFO - ROC AUC Score: 0.7348263550795197
2024-07-19 10:25:24 - INFO - Confusion Matrix: 
[[161  76]
 [  4   9]]
2024-07-19 10:25:24 - INFO - Precision: 0.10588235294117647
2024-07-19 10:25:24 - INFO - Recall: 0.6923076923076923
2024-07-19 10:25:24 - INFO - Model evaluated successfully for subset 10.
2024-07-19 10:25:24 - INFO - ------------------------------
2024-07-19 10:25:24 - INFO - EVALUATE MODEL STAGE COMPLETED FOR SUBSET 10
2024-07-19 10:25:24 - INFO - ------------------------------
2024-07-19 10:25:24 - INFO - Subset 11 demographic makeup: 1000 1
2024-07-19 10:25:24 - INFO - Processing subset 11...
2024-07-19 10:25:24 - INFO - -----------------------------
2024-07-19 10:25:24 - INFO - TRAIN MODEL STAGE STARTING FOR SUBSET 11...
2024-07-19 10:25:24 - INFO - -----------------------------
2024-07-19 10:25:25 - INFO - Scaling features and applying LASSO for feature selection...
2024-07-19 10:25:32 - INFO - Selected features (including required): ['who', 'age', 'is_female', 'unemployed', 'unstableliving', 'education', 'marital', 'UDS_Amphetamine_Count', 'UDS_Benzodiazepine_Count', 'UDS_Buprenorphine_Count', 'UDS_Cocaine_Count', 'UDS_Methadone_Count', 'UDS_Opioid_Count', 'UDS_Sedatives_Count', 'UDS_Thc_Count', 'pain', 'has_schizophrenia', 'has_major_dep', 'has_bipolar', 'has_anx_pan', 'has_brain_damage', 'has_epilepsy', 'has_alcol_dx', 'has_amphetamines_dx', 'has_cannabis_dx', 'has_cocaine_dx', 'has_sedatives_dx', 'ftnd', 'XTRT', 'shared', 'rbsivheroin', 'TLFB_Alcohol_Count', 'TLFB_Amphetamine_Count', 'TLFB_Benzodiazepine_Count', 'TLFB_Buprenorphine_Count', 'TLFB_Cocaine_Count', 'TLFB_Heroin_Count', 'TLFB_Methadone_Count', 'TLFB_Opioid_Count', 'TLFB_THC_Count', 'TLFB_Other', 'Homosexual_Behavior', 'Non_monogamous_Relationships']
2024-07-19 10:25:32 - INFO - Fitting logistic regression model with the selected features...
2024-07-19 10:25:33 - INFO - Model training completed successfully.
2024-07-19 10:25:33 - INFO - Calculating the dynamic threshold based on the proportion of positive outcomes...
2024-07-19 10:25:33 - INFO - Ratio of 1s to 0s in the outcome variable: 0.04 : 0.96
2024-07-19 10:25:33 - INFO - Dynamic threshold set to: 0.036
2024-07-19 10:25:33 - INFO - Model trained and saved successfully for subset 11.
2024-07-19 10:25:33 - INFO - ---------------------------
2024-07-19 10:25:33 - INFO - TRAIN MODEL STAGE COMPLETED FOR SUBSET 11
2024-07-19 10:25:33 - INFO - ---------------------------
2024-07-19 10:25:33 - INFO - --------------------------------
2024-07-19 10:25:33 - INFO - EVALUATE MODEL STAGE STARTING FOR SUBSET 11...
2024-07-19 10:25:33 - INFO - --------------------------------
2024-07-19 10:25:33 - INFO - ROC AUC Score: 0.6749654218533886
2024-07-19 10:25:33 - INFO - Confusion Matrix: 
[[141 100]
 [  3   6]]
2024-07-19 10:25:33 - INFO - Precision: 0.05660377358490566
2024-07-19 10:25:33 - INFO - Recall: 0.6666666666666666
2024-07-19 10:25:33 - INFO - Model evaluated successfully for subset 11.
2024-07-19 10:25:33 - INFO - ------------------------------
2024-07-19 10:25:33 - INFO - EVALUATE MODEL STAGE COMPLETED FOR SUBSET 11
2024-07-19 10:25:33 - INFO - ------------------------------
2024-07-19 10:25:33 - INFO - ------------------
2024-07-19 10:25:33 - INFO - PIPELINE COMPLETED
2024-07-19 10:25:33 - INFO - ------------------
