2024-07-31 15:28:19 - INFO - -------------------------------------------
2024-07-31 15:28:19 - INFO - Logging setup complete - starting pipeline.
2024-07-31 15:28:19 - INFO - -------------------------------------------
2024-07-31 15:28:19 - INFO - Global Seed set to: 1722454099
2024-07-31 15:28:23 - INFO - Datasets loaded successfully.
2024-07-31 15:28:23 - INFO - Starting preprocessing of the merged dataset...
2024-07-31 15:28:23 - INFO - ---------------------------------
2024-07-31 15:28:23 - INFO - PRE-PROCESSING STAGE STARTING...
2024-07-31 15:28:23 - INFO - ---------------------------------
2024-07-31 15:28:23 - INFO - Dropped initial columns: ['pain_when', 'is_smoker', 'per_day', 'max', 'amount', 'depression', 'anxiety', 'schizophrenia', 'max', 'amount', 'cocaine_inject_days', 'speedball_inject_days', 'opioid_inject_days', 'speed_inject_days', 'UDS_Alcohol_Count', 'UDS_Mdma/Hallucinogen_Count']
2024-07-31 15:28:23 - INFO - Converted Yes/No to binary.
2024-07-31 15:28:23 - INFO - Processed TLFB columns with specified columns: ['TLFB_Alcohol_Count', 'TLFB_Amphetamine_Count', 'TLFB_Cocaine_Count', 'TLFB_Heroin_Count', 'TLFB_Benzodiazepine_Count', 'TLFB_Opioid_Count', 'TLFB_THC_Count', 'TLFB_Methadone_Count', 'TLFB_Buprenorphine_Count']
2024-07-31 15:28:23 - INFO - Calculated behavioral columns.
2024-07-31 15:28:23 - INFO - Moved 'Rd_kostenB_1993' column to the end.
2024-07-31 15:28:24 - INFO - Dropped initial columns: ['msm_npt', 'msm_frq', 'txx_prt']
2024-07-31 15:28:24 - INFO - transform_data_with_nan_handling success
2024-07-31 15:28:24 - INFO - Renamed columns according to the mapping.
2024-07-31 15:28:24 - INFO - Transformed NaN to 0 for binary columns.
2024-07-31 15:28:24 - INFO - Transformed and renamed 'heroin_inject_days' column to 'rbsivheroin'.
2024-07-31 15:28:24 - INFO - Filled NaN with 0 for 'ftnd' column.
2024-07-31 15:28:24 - INFO - Dropped additional columns: ['rbs_iv_days', 'race', 'RBS_cocaine_Days', 'RBS_heroin_Days', 'RBS_opioid_Days', 'RBS_speed_Days', 'RBS_speedball_Days']
2024-07-31 15:28:24 - INFO - Converted UDS drug counts to binary.
2024-07-31 15:28:24 - INFO - ------------------------------
2024-07-31 15:28:24 - INFO - PRE-PROCESSING STAGE COMPLETED
2024-07-31 15:28:24 - INFO - ------------------------------
2024-07-31 15:28:24 - INFO - Merged dataset preprocessed successfully.
2024-07-31 15:28:24 - INFO - Creating demographic subsets from preprocessed data...
2024-07-31 15:28:36 - INFO - Created 11 subsets successfully.
2024-07-31 15:28:36 - INFO - Creating merged subsets from create_demographics_dfs function
2024-07-31 15:28:36 - INFO - Created 11 merged subsets successfully.
2024-07-31 15:28:36 - INFO - Subset 1 demographic makeup: 500 1, 240 3, 160 2, 100 4
2024-07-31 15:28:36 - INFO - Processing subset 1...
2024-07-31 15:28:36 - INFO - -----------------------------
2024-07-31 15:28:36 - INFO - TRAIN MODEL STAGE STARTING FOR SUBSET 1...
2024-07-31 15:28:36 - INFO - -----------------------------
2024-07-31 15:28:36 - INFO - Scaling features and applying LASSO for feature selection...
2024-07-31 15:28:39 - INFO - Selected features (including required): ['who', 'RaceEth', 'age', 'is_female', 'is_hispanic', 'unemployed', 'unstableliving', 'education', 'marital', 'UDS_Amphetamine_Count', 'UDS_Benzodiazepine_Count', 'UDS_Buprenorphine_Count', 'UDS_Cocaine_Count', 'UDS_Methadone_Count', 'UDS_Opioid_Count', 'UDS_Sedatives_Count', 'UDS_Thc_Count', 'pain', 'has_schizophrenia', 'has_major_dep', 'has_bipolar', 'has_anx_pan', 'has_brain_damage', 'has_epilepsy', 'has_opiates_dx', 'has_alcol_dx', 'has_amphetamines_dx', 'has_cannabis_dx', 'has_cocaine_dx', 'has_sedatives_dx', 'ftnd', 'XTRT', 'shared', 'rbsivheroin', 'TLFB_Alcohol_Count', 'TLFB_Amphetamine_Count', 'TLFB_Benzodiazepine_Count', 'TLFB_Buprenorphine_Count', 'TLFB_Cocaine_Count', 'TLFB_Heroin_Count', 'TLFB_Methadone_Count', 'TLFB_Opioid_Count', 'TLFB_THC_Count', 'TLFB_Other', 'Homosexual_Behavior', 'Non_monogamous_Relationships']
2024-07-31 15:28:39 - INFO - Fitting logistic regression model with the selected features...
2024-07-31 15:28:40 - INFO - Model training completed successfully.
2024-07-31 15:28:40 - INFO - Calculating the dynamic threshold based on the proportion of positive outcomes...
2024-07-31 15:28:40 - INFO - Ratio of 1s to 0s in the outcome variable: 0.47 : 0.53
2024-07-31 15:28:40 - INFO - Dynamic threshold set to: 0.472
2024-07-31 15:28:40 - INFO - Model trained and saved successfully for subset 1.
2024-07-31 15:28:40 - INFO - ---------------------------
2024-07-31 15:28:40 - INFO - TRAIN MODEL STAGE COMPLETED FOR SUBSET 1
2024-07-31 15:28:40 - INFO - ---------------------------
2024-07-31 15:28:40 - INFO - --------------------------------
2024-07-31 15:28:40 - INFO - EVALUATE MODEL STAGE STARTING FOR SUBSET 1...
2024-07-31 15:28:40 - INFO - --------------------------------
2024-07-31 15:28:40 - INFO - ROC AUC Score: 0.6581920903954802
2024-07-31 15:28:40 - INFO - Confusion Matrix: 
[[69 63]
 [32 86]]
2024-07-31 15:28:40 - INFO - Precision: 0.5771812080536913
2024-07-31 15:28:40 - INFO - Recall: 0.7288135593220338
2024-07-31 15:28:40 - INFO - Model evaluated successfully for subset 1.
2024-07-31 15:28:40 - INFO - ------------------------------
2024-07-31 15:28:40 - INFO - EVALUATE MODEL STAGE COMPLETED FOR SUBSET 1
2024-07-31 15:28:40 - INFO - ------------------------------
2024-07-31 15:28:40 - INFO - Subset 2 demographic makeup: 550 1, 217 3, 141 2, 92 4
2024-07-31 15:28:40 - INFO - Processing subset 2...
2024-07-31 15:28:40 - INFO - -----------------------------
2024-07-31 15:28:40 - INFO - TRAIN MODEL STAGE STARTING FOR SUBSET 2...
2024-07-31 15:28:40 - INFO - -----------------------------
2024-07-31 15:28:40 - INFO - Scaling features and applying LASSO for feature selection...
2024-07-31 15:28:42 - INFO - Selected features (including required): ['who', 'RaceEth', 'age', 'is_female', 'is_hispanic', 'unemployed', 'unstableliving', 'education', 'marital', 'UDS_Amphetamine_Count', 'UDS_Benzodiazepine_Count', 'UDS_Buprenorphine_Count', 'UDS_Cocaine_Count', 'UDS_Methadone_Count', 'UDS_Opioid_Count', 'UDS_Sedatives_Count', 'UDS_Thc_Count', 'pain', 'has_schizophrenia', 'has_major_dep', 'has_bipolar', 'has_anx_pan', 'has_brain_damage', 'has_epilepsy', 'has_opiates_dx', 'has_alcol_dx', 'has_amphetamines_dx', 'has_cannabis_dx', 'has_cocaine_dx', 'has_sedatives_dx', 'ftnd', 'XTRT', 'shared', 'rbsivheroin', 'TLFB_Alcohol_Count', 'TLFB_Amphetamine_Count', 'TLFB_Benzodiazepine_Count', 'TLFB_Buprenorphine_Count', 'TLFB_Cocaine_Count', 'TLFB_Heroin_Count', 'TLFB_Methadone_Count', 'TLFB_Opioid_Count', 'TLFB_THC_Count', 'TLFB_Other', 'Homosexual_Behavior', 'Non_monogamous_Relationships']
2024-07-31 15:28:42 - INFO - Fitting logistic regression model with the selected features...
2024-07-31 15:28:43 - INFO - Model training completed successfully.
2024-07-31 15:28:43 - INFO - Calculating the dynamic threshold based on the proportion of positive outcomes...
2024-07-31 15:28:43 - INFO - Ratio of 1s to 0s in the outcome variable: 0.49 : 0.51
2024-07-31 15:28:43 - INFO - Dynamic threshold set to: 0.492
2024-07-31 15:28:43 - INFO - Model trained and saved successfully for subset 2.
2024-07-31 15:28:43 - INFO - ---------------------------
2024-07-31 15:28:43 - INFO - TRAIN MODEL STAGE COMPLETED FOR SUBSET 2
2024-07-31 15:28:43 - INFO - ---------------------------
2024-07-31 15:28:43 - INFO - --------------------------------
2024-07-31 15:28:43 - INFO - EVALUATE MODEL STAGE STARTING FOR SUBSET 2...
2024-07-31 15:28:43 - INFO - --------------------------------
2024-07-31 15:28:43 - INFO - ROC AUC Score: 0.6484860124191794
2024-07-31 15:28:43 - INFO - Confusion Matrix: 
[[68 59]
 [46 77]]
2024-07-31 15:28:43 - INFO - Precision: 0.5661764705882353
2024-07-31 15:28:43 - INFO - Recall: 0.6260162601626016
2024-07-31 15:28:43 - INFO - Model evaluated successfully for subset 2.
2024-07-31 15:28:43 - INFO - ------------------------------
2024-07-31 15:28:43 - INFO - EVALUATE MODEL STAGE COMPLETED FOR SUBSET 2
2024-07-31 15:28:43 - INFO - ------------------------------
2024-07-31 15:28:43 - INFO - Subset 3 demographic makeup: 600 1, 194 3, 127 2, 79 4
2024-07-31 15:28:43 - INFO - Processing subset 3...
2024-07-31 15:28:43 - INFO - -----------------------------
2024-07-31 15:28:43 - INFO - TRAIN MODEL STAGE STARTING FOR SUBSET 3...
2024-07-31 15:28:43 - INFO - -----------------------------
2024-07-31 15:28:43 - INFO - Scaling features and applying LASSO for feature selection...
2024-07-31 15:28:45 - INFO - Selected features (including required): ['who', 'RaceEth', 'age', 'is_female', 'is_hispanic', 'unemployed', 'unstableliving', 'education', 'marital', 'UDS_Amphetamine_Count', 'UDS_Benzodiazepine_Count', 'UDS_Buprenorphine_Count', 'UDS_Cocaine_Count', 'UDS_Methadone_Count', 'UDS_Opioid_Count', 'UDS_Sedatives_Count', 'UDS_Thc_Count', 'pain', 'has_schizophrenia', 'has_major_dep', 'has_bipolar', 'has_anx_pan', 'has_brain_damage', 'has_epilepsy', 'has_opiates_dx', 'has_alcol_dx', 'has_amphetamines_dx', 'has_cannabis_dx', 'has_cocaine_dx', 'has_sedatives_dx', 'ftnd', 'XTRT', 'shared', 'rbsivheroin', 'TLFB_Alcohol_Count', 'TLFB_Amphetamine_Count', 'TLFB_Benzodiazepine_Count', 'TLFB_Buprenorphine_Count', 'TLFB_Cocaine_Count', 'TLFB_Heroin_Count', 'TLFB_Methadone_Count', 'TLFB_Opioid_Count', 'TLFB_THC_Count', 'TLFB_Other', 'Homosexual_Behavior', 'Non_monogamous_Relationships']
2024-07-31 15:28:45 - INFO - Fitting logistic regression model with the selected features...
2024-07-31 15:28:46 - INFO - Model training completed successfully.
2024-07-31 15:28:46 - INFO - Calculating the dynamic threshold based on the proportion of positive outcomes...
2024-07-31 15:28:46 - INFO - Ratio of 1s to 0s in the outcome variable: 0.52 : 0.48
2024-07-31 15:28:46 - INFO - Dynamic threshold set to: 0.52
2024-07-31 15:28:46 - INFO - Model trained and saved successfully for subset 3.
2024-07-31 15:28:46 - INFO - ---------------------------
2024-07-31 15:28:46 - INFO - TRAIN MODEL STAGE COMPLETED FOR SUBSET 3
2024-07-31 15:28:46 - INFO - ---------------------------
2024-07-31 15:28:46 - INFO - --------------------------------
2024-07-31 15:28:46 - INFO - EVALUATE MODEL STAGE STARTING FOR SUBSET 3...
2024-07-31 15:28:46 - INFO - --------------------------------
2024-07-31 15:28:46 - INFO - ROC AUC Score: 0.6559615384615385
2024-07-31 15:28:46 - INFO - Confusion Matrix: 
[[77 43]
 [61 69]]
2024-07-31 15:28:46 - INFO - Precision: 0.6160714285714286
2024-07-31 15:28:46 - INFO - Recall: 0.5307692307692308
2024-07-31 15:28:46 - INFO - Model evaluated successfully for subset 3.
2024-07-31 15:28:46 - INFO - ------------------------------
2024-07-31 15:28:46 - INFO - EVALUATE MODEL STAGE COMPLETED FOR SUBSET 3
2024-07-31 15:28:46 - INFO - ------------------------------
2024-07-31 15:28:46 - INFO - Subset 4 demographic makeup: 650 1, 170 3, 113 2, 67 4
2024-07-31 15:28:46 - INFO - Processing subset 4...
2024-07-31 15:28:46 - INFO - -----------------------------
2024-07-31 15:28:46 - INFO - TRAIN MODEL STAGE STARTING FOR SUBSET 4...
2024-07-31 15:28:46 - INFO - -----------------------------
2024-07-31 15:28:46 - INFO - Scaling features and applying LASSO for feature selection...
2024-07-31 15:28:51 - INFO - Selected features (including required): ['who', 'RaceEth', 'age', 'is_female', 'is_hispanic', 'unemployed', 'unstableliving', 'education', 'marital', 'UDS_Amphetamine_Count', 'UDS_Benzodiazepine_Count', 'UDS_Buprenorphine_Count', 'UDS_Cocaine_Count', 'UDS_Methadone_Count', 'UDS_Opioid_Count', 'UDS_Sedatives_Count', 'UDS_Thc_Count', 'pain', 'has_schizophrenia', 'has_major_dep', 'has_bipolar', 'has_anx_pan', 'has_brain_damage', 'has_epilepsy', 'has_opiates_dx', 'has_alcol_dx', 'has_amphetamines_dx', 'has_cannabis_dx', 'has_cocaine_dx', 'has_sedatives_dx', 'ftnd', 'XTRT', 'shared', 'rbsivheroin', 'TLFB_Alcohol_Count', 'TLFB_Amphetamine_Count', 'TLFB_Benzodiazepine_Count', 'TLFB_Buprenorphine_Count', 'TLFB_Cocaine_Count', 'TLFB_Heroin_Count', 'TLFB_Methadone_Count', 'TLFB_Opioid_Count', 'TLFB_THC_Count', 'TLFB_Other', 'Homosexual_Behavior', 'Non_monogamous_Relationships']
2024-07-31 15:28:51 - INFO - Fitting logistic regression model with the selected features...
2024-07-31 15:28:53 - INFO - Model training completed successfully.
2024-07-31 15:28:53 - INFO - Calculating the dynamic threshold based on the proportion of positive outcomes...
2024-07-31 15:28:53 - INFO - Ratio of 1s to 0s in the outcome variable: 0.54 : 0.46
2024-07-31 15:28:53 - INFO - Dynamic threshold set to: 0.54
2024-07-31 15:28:53 - INFO - Model trained and saved successfully for subset 4.
2024-07-31 15:28:53 - INFO - ---------------------------
2024-07-31 15:28:53 - INFO - TRAIN MODEL STAGE COMPLETED FOR SUBSET 4
2024-07-31 15:28:53 - INFO - ---------------------------
2024-07-31 15:28:53 - INFO - --------------------------------
2024-07-31 15:28:53 - INFO - EVALUATE MODEL STAGE STARTING FOR SUBSET 4...
2024-07-31 15:28:53 - INFO - --------------------------------
2024-07-31 15:28:53 - INFO - ROC AUC Score: 0.6630595813204508
2024-07-31 15:28:53 - INFO - Confusion Matrix: 
[[73 42]
 [50 85]]
2024-07-31 15:28:53 - INFO - Precision: 0.6692913385826772
2024-07-31 15:28:53 - INFO - Recall: 0.6296296296296297
2024-07-31 15:28:53 - INFO - Model evaluated successfully for subset 4.
2024-07-31 15:28:54 - INFO - ------------------------------
2024-07-31 15:28:54 - INFO - EVALUATE MODEL STAGE COMPLETED FOR SUBSET 4
2024-07-31 15:28:54 - INFO - ------------------------------
2024-07-31 15:28:54 - INFO - Subset 5 demographic makeup: 700 1, 143 3, 99 2, 58 4
2024-07-31 15:28:54 - INFO - Processing subset 5...
2024-07-31 15:28:54 - INFO - -----------------------------
2024-07-31 15:28:54 - INFO - TRAIN MODEL STAGE STARTING FOR SUBSET 5...
2024-07-31 15:28:54 - INFO - -----------------------------
2024-07-31 15:28:54 - INFO - Scaling features and applying LASSO for feature selection...
2024-07-31 15:29:06 - INFO - Selected features (including required): ['who', 'RaceEth', 'age', 'is_female', 'is_hispanic', 'unemployed', 'unstableliving', 'education', 'marital', 'UDS_Amphetamine_Count', 'UDS_Benzodiazepine_Count', 'UDS_Buprenorphine_Count', 'UDS_Cocaine_Count', 'UDS_Methadone_Count', 'UDS_Opioid_Count', 'UDS_Sedatives_Count', 'UDS_Thc_Count', 'pain', 'has_schizophrenia', 'has_major_dep', 'has_bipolar', 'has_anx_pan', 'has_brain_damage', 'has_epilepsy', 'has_opiates_dx', 'has_alcol_dx', 'has_amphetamines_dx', 'has_cannabis_dx', 'has_cocaine_dx', 'has_sedatives_dx', 'ftnd', 'XTRT', 'shared', 'rbsivheroin', 'TLFB_Alcohol_Count', 'TLFB_Amphetamine_Count', 'TLFB_Benzodiazepine_Count', 'TLFB_Buprenorphine_Count', 'TLFB_Cocaine_Count', 'TLFB_Heroin_Count', 'TLFB_Methadone_Count', 'TLFB_Opioid_Count', 'TLFB_THC_Count', 'TLFB_Other', 'Homosexual_Behavior', 'Non_monogamous_Relationships']
2024-07-31 15:29:06 - INFO - Fitting logistic regression model with the selected features...
2024-07-31 15:29:15 - INFO - Model training completed successfully.
2024-07-31 15:29:15 - INFO - Calculating the dynamic threshold based on the proportion of positive outcomes...
2024-07-31 15:29:15 - INFO - Ratio of 1s to 0s in the outcome variable: 0.52 : 0.48
2024-07-31 15:29:15 - INFO - Dynamic threshold set to: 0.516
2024-07-31 15:29:15 - INFO - Model trained and saved successfully for subset 5.
2024-07-31 15:29:15 - INFO - ---------------------------
2024-07-31 15:29:15 - INFO - TRAIN MODEL STAGE COMPLETED FOR SUBSET 5
2024-07-31 15:29:15 - INFO - ---------------------------
2024-07-31 15:29:15 - INFO - --------------------------------
2024-07-31 15:29:15 - INFO - EVALUATE MODEL STAGE STARTING FOR SUBSET 5...
2024-07-31 15:29:15 - INFO - --------------------------------
2024-07-31 15:29:15 - INFO - ROC AUC Score: 0.6716637837145236
2024-07-31 15:29:15 - INFO - Confusion Matrix: 
[[82 39]
 [46 83]]
2024-07-31 15:29:15 - INFO - Precision: 0.680327868852459
2024-07-31 15:29:15 - INFO - Recall: 0.6434108527131783
2024-07-31 15:29:15 - INFO - Model evaluated successfully for subset 5.
2024-07-31 15:29:15 - INFO - ------------------------------
2024-07-31 15:29:15 - INFO - EVALUATE MODEL STAGE COMPLETED FOR SUBSET 5
2024-07-31 15:29:15 - INFO - ------------------------------
2024-07-31 15:29:15 - INFO - Subset 6 demographic makeup: 750 1, 120 3, 82 2, 48 4
2024-07-31 15:29:15 - INFO - Processing subset 6...
2024-07-31 15:29:15 - INFO - -----------------------------
2024-07-31 15:29:15 - INFO - TRAIN MODEL STAGE STARTING FOR SUBSET 6...
2024-07-31 15:29:15 - INFO - -----------------------------
2024-07-31 15:29:15 - INFO - Scaling features and applying LASSO for feature selection...
2024-07-31 15:29:21 - INFO - Selected features (including required): ['who', 'RaceEth', 'age', 'is_female', 'is_hispanic', 'unemployed', 'unstableliving', 'education', 'marital', 'UDS_Amphetamine_Count', 'UDS_Benzodiazepine_Count', 'UDS_Buprenorphine_Count', 'UDS_Cocaine_Count', 'UDS_Methadone_Count', 'UDS_Opioid_Count', 'UDS_Sedatives_Count', 'UDS_Thc_Count', 'pain', 'has_schizophrenia', 'has_major_dep', 'has_bipolar', 'has_anx_pan', 'has_brain_damage', 'has_epilepsy', 'has_opiates_dx', 'has_alcol_dx', 'has_amphetamines_dx', 'has_cannabis_dx', 'has_cocaine_dx', 'has_sedatives_dx', 'ftnd', 'XTRT', 'shared', 'rbsivheroin', 'TLFB_Alcohol_Count', 'TLFB_Amphetamine_Count', 'TLFB_Benzodiazepine_Count', 'TLFB_Buprenorphine_Count', 'TLFB_Cocaine_Count', 'TLFB_Heroin_Count', 'TLFB_Methadone_Count', 'TLFB_Opioid_Count', 'TLFB_THC_Count', 'TLFB_Other', 'Homosexual_Behavior', 'Non_monogamous_Relationships']
2024-07-31 15:29:21 - INFO - Fitting logistic regression model with the selected features...
2024-07-31 15:29:23 - INFO - Model training completed successfully.
2024-07-31 15:29:23 - INFO - Calculating the dynamic threshold based on the proportion of positive outcomes...
2024-07-31 15:29:23 - INFO - Ratio of 1s to 0s in the outcome variable: 0.58 : 0.42
2024-07-31 15:29:23 - INFO - Dynamic threshold set to: 0.576
2024-07-31 15:29:23 - INFO - Model trained and saved successfully for subset 6.
2024-07-31 15:29:23 - INFO - ---------------------------
2024-07-31 15:29:23 - INFO - TRAIN MODEL STAGE COMPLETED FOR SUBSET 6
2024-07-31 15:29:23 - INFO - ---------------------------
2024-07-31 15:29:23 - INFO - --------------------------------
2024-07-31 15:29:23 - INFO - EVALUATE MODEL STAGE STARTING FOR SUBSET 6...
2024-07-31 15:29:23 - INFO - --------------------------------
2024-07-31 15:29:23 - INFO - ROC AUC Score: 0.5963705450733753
2024-07-31 15:29:23 - INFO - Confusion Matrix: 
[[68 38]
 [68 76]]
2024-07-31 15:29:23 - INFO - Precision: 0.6666666666666666
2024-07-31 15:29:23 - INFO - Recall: 0.5277777777777778
2024-07-31 15:29:23 - INFO - Model evaluated successfully for subset 6.
2024-07-31 15:29:23 - INFO - ------------------------------
2024-07-31 15:29:23 - INFO - EVALUATE MODEL STAGE COMPLETED FOR SUBSET 6
2024-07-31 15:29:23 - INFO - ------------------------------
2024-07-31 15:29:23 - INFO - Subset 7 demographic makeup: 800 1, 96 3, 63 2, 41 4
2024-07-31 15:29:23 - INFO - Processing subset 7...
2024-07-31 15:29:23 - INFO - -----------------------------
2024-07-31 15:29:23 - INFO - TRAIN MODEL STAGE STARTING FOR SUBSET 7...
2024-07-31 15:29:23 - INFO - -----------------------------
2024-07-31 15:29:23 - INFO - Scaling features and applying LASSO for feature selection...
2024-07-31 15:29:28 - INFO - Selected features (including required): ['who', 'RaceEth', 'age', 'is_female', 'is_hispanic', 'unemployed', 'unstableliving', 'education', 'marital', 'UDS_Amphetamine_Count', 'UDS_Benzodiazepine_Count', 'UDS_Buprenorphine_Count', 'UDS_Cocaine_Count', 'UDS_Methadone_Count', 'UDS_Opioid_Count', 'UDS_Sedatives_Count', 'UDS_Thc_Count', 'pain', 'has_schizophrenia', 'has_major_dep', 'has_bipolar', 'has_anx_pan', 'has_brain_damage', 'has_epilepsy', 'has_opiates_dx', 'has_alcol_dx', 'has_amphetamines_dx', 'has_cannabis_dx', 'has_cocaine_dx', 'has_sedatives_dx', 'ftnd', 'XTRT', 'shared', 'rbsivheroin', 'TLFB_Alcohol_Count', 'TLFB_Amphetamine_Count', 'TLFB_Benzodiazepine_Count', 'TLFB_Buprenorphine_Count', 'TLFB_Cocaine_Count', 'TLFB_Heroin_Count', 'TLFB_Methadone_Count', 'TLFB_Opioid_Count', 'TLFB_THC_Count', 'TLFB_Other', 'Homosexual_Behavior', 'Non_monogamous_Relationships']
2024-07-31 15:29:28 - INFO - Fitting logistic regression model with the selected features...
2024-07-31 15:29:29 - INFO - Model training completed successfully.
2024-07-31 15:29:29 - INFO - Calculating the dynamic threshold based on the proportion of positive outcomes...
2024-07-31 15:29:29 - INFO - Ratio of 1s to 0s in the outcome variable: 0.59 : 0.41
2024-07-31 15:29:29 - INFO - Dynamic threshold set to: 0.588
2024-07-31 15:29:29 - INFO - Model trained and saved successfully for subset 7.
2024-07-31 15:29:29 - INFO - ---------------------------
2024-07-31 15:29:29 - INFO - TRAIN MODEL STAGE COMPLETED FOR SUBSET 7
2024-07-31 15:29:29 - INFO - ---------------------------
2024-07-31 15:29:29 - INFO - --------------------------------
2024-07-31 15:29:29 - INFO - EVALUATE MODEL STAGE STARTING FOR SUBSET 7...
2024-07-31 15:29:29 - INFO - --------------------------------
2024-07-31 15:29:29 - INFO - ROC AUC Score: 0.6815269797239284
2024-07-31 15:29:29 - INFO - Confusion Matrix: 
[[83 20]
 [76 71]]
2024-07-31 15:29:29 - INFO - Precision: 0.7802197802197802
2024-07-31 15:29:29 - INFO - Recall: 0.48299319727891155
2024-07-31 15:29:29 - INFO - Model evaluated successfully for subset 7.
2024-07-31 15:29:29 - INFO - ------------------------------
2024-07-31 15:29:29 - INFO - EVALUATE MODEL STAGE COMPLETED FOR SUBSET 7
2024-07-31 15:29:29 - INFO - ------------------------------
2024-07-31 15:29:29 - INFO - Subset 8 demographic makeup: 850 1, 68 3, 48 2, 34 4
2024-07-31 15:29:29 - INFO - Processing subset 8...
2024-07-31 15:29:29 - INFO - -----------------------------
2024-07-31 15:29:29 - INFO - TRAIN MODEL STAGE STARTING FOR SUBSET 8...
2024-07-31 15:29:29 - INFO - -----------------------------
2024-07-31 15:29:29 - INFO - Scaling features and applying LASSO for feature selection...
2024-07-31 15:29:32 - INFO - Selected features (including required): ['who', 'RaceEth', 'age', 'is_female', 'is_hispanic', 'unemployed', 'unstableliving', 'education', 'marital', 'UDS_Amphetamine_Count', 'UDS_Benzodiazepine_Count', 'UDS_Buprenorphine_Count', 'UDS_Cocaine_Count', 'UDS_Methadone_Count', 'UDS_Opioid_Count', 'UDS_Sedatives_Count', 'UDS_Thc_Count', 'pain', 'has_schizophrenia', 'has_major_dep', 'has_bipolar', 'has_anx_pan', 'has_brain_damage', 'has_epilepsy', 'has_opiates_dx', 'has_alcol_dx', 'has_amphetamines_dx', 'has_cannabis_dx', 'has_cocaine_dx', 'has_sedatives_dx', 'ftnd', 'XTRT', 'shared', 'rbsivheroin', 'TLFB_Alcohol_Count', 'TLFB_Amphetamine_Count', 'TLFB_Benzodiazepine_Count', 'TLFB_Buprenorphine_Count', 'TLFB_Cocaine_Count', 'TLFB_Heroin_Count', 'TLFB_Methadone_Count', 'TLFB_Opioid_Count', 'TLFB_THC_Count', 'TLFB_Other', 'Homosexual_Behavior', 'Non_monogamous_Relationships']
2024-07-31 15:29:32 - INFO - Fitting logistic regression model with the selected features...
2024-07-31 15:29:34 - INFO - Model training completed successfully.
2024-07-31 15:29:34 - INFO - Calculating the dynamic threshold based on the proportion of positive outcomes...
2024-07-31 15:29:34 - INFO - Ratio of 1s to 0s in the outcome variable: 0.55 : 0.45
2024-07-31 15:29:34 - INFO - Dynamic threshold set to: 0.548
2024-07-31 15:29:34 - INFO - Model trained and saved successfully for subset 8.
2024-07-31 15:29:34 - INFO - ---------------------------
2024-07-31 15:29:34 - INFO - TRAIN MODEL STAGE COMPLETED FOR SUBSET 8
2024-07-31 15:29:34 - INFO - ---------------------------
2024-07-31 15:29:34 - INFO - --------------------------------
2024-07-31 15:29:34 - INFO - EVALUATE MODEL STAGE STARTING FOR SUBSET 8...
2024-07-31 15:29:34 - INFO - --------------------------------
2024-07-31 15:29:34 - INFO - ROC AUC Score: 0.6659776500226083
2024-07-31 15:29:34 - INFO - Confusion Matrix: 
[[68 45]
 [59 78]]
2024-07-31 15:29:34 - INFO - Precision: 0.6341463414634146
2024-07-31 15:29:34 - INFO - Recall: 0.5693430656934306
2024-07-31 15:29:34 - INFO - Model evaluated successfully for subset 8.
2024-07-31 15:29:34 - INFO - ------------------------------
2024-07-31 15:29:34 - INFO - EVALUATE MODEL STAGE COMPLETED FOR SUBSET 8
2024-07-31 15:29:34 - INFO - ------------------------------
2024-07-31 15:29:34 - INFO - Subset 9 demographic makeup: 900 1, 47 3, 34 2, 19 4
2024-07-31 15:29:34 - INFO - Processing subset 9...
2024-07-31 15:29:34 - INFO - -----------------------------
2024-07-31 15:29:34 - INFO - TRAIN MODEL STAGE STARTING FOR SUBSET 9...
2024-07-31 15:29:34 - INFO - -----------------------------
2024-07-31 15:29:34 - INFO - Scaling features and applying LASSO for feature selection...
2024-07-31 15:29:36 - INFO - Selected features (including required): ['who', 'RaceEth', 'age', 'is_female', 'is_hispanic', 'unemployed', 'unstableliving', 'education', 'marital', 'UDS_Amphetamine_Count', 'UDS_Benzodiazepine_Count', 'UDS_Buprenorphine_Count', 'UDS_Cocaine_Count', 'UDS_Methadone_Count', 'UDS_Opioid_Count', 'UDS_Sedatives_Count', 'UDS_Thc_Count', 'pain', 'has_schizophrenia', 'has_major_dep', 'has_bipolar', 'has_anx_pan', 'has_brain_damage', 'has_epilepsy', 'has_opiates_dx', 'has_alcol_dx', 'has_amphetamines_dx', 'has_cannabis_dx', 'has_cocaine_dx', 'has_sedatives_dx', 'ftnd', 'XTRT', 'shared', 'rbsivheroin', 'TLFB_Alcohol_Count', 'TLFB_Amphetamine_Count', 'TLFB_Benzodiazepine_Count', 'TLFB_Buprenorphine_Count', 'TLFB_Cocaine_Count', 'TLFB_Heroin_Count', 'TLFB_Methadone_Count', 'TLFB_Opioid_Count', 'TLFB_THC_Count', 'TLFB_Other', 'Homosexual_Behavior', 'Non_monogamous_Relationships']
2024-07-31 15:29:36 - INFO - Fitting logistic regression model with the selected features...
2024-07-31 15:29:38 - INFO - Model training completed successfully.
2024-07-31 15:29:38 - INFO - Calculating the dynamic threshold based on the proportion of positive outcomes...
2024-07-31 15:29:38 - INFO - Ratio of 1s to 0s in the outcome variable: 0.56 : 0.44
2024-07-31 15:29:38 - INFO - Dynamic threshold set to: 0.56
2024-07-31 15:29:38 - INFO - Model trained and saved successfully for subset 9.
2024-07-31 15:29:38 - INFO - ---------------------------
2024-07-31 15:29:38 - INFO - TRAIN MODEL STAGE COMPLETED FOR SUBSET 9
2024-07-31 15:29:38 - INFO - ---------------------------
2024-07-31 15:29:38 - INFO - --------------------------------
2024-07-31 15:29:38 - INFO - EVALUATE MODEL STAGE STARTING FOR SUBSET 9...
2024-07-31 15:29:38 - INFO - --------------------------------
2024-07-31 15:29:38 - INFO - ROC AUC Score: 0.6837012987012987
2024-07-31 15:29:38 - INFO - Confusion Matrix: 
[[67 43]
 [54 86]]
2024-07-31 15:29:38 - INFO - Precision: 0.6666666666666666
2024-07-31 15:29:38 - INFO - Recall: 0.6142857142857143
2024-07-31 15:29:38 - INFO - Model evaluated successfully for subset 9.
2024-07-31 15:29:38 - INFO - ------------------------------
2024-07-31 15:29:38 - INFO - EVALUATE MODEL STAGE COMPLETED FOR SUBSET 9
2024-07-31 15:29:38 - INFO - ------------------------------
2024-07-31 15:29:38 - INFO - Subset 10 demographic makeup: 950 1, 27 3, 15 2, 8 4
2024-07-31 15:29:38 - INFO - Processing subset 10...
2024-07-31 15:29:38 - INFO - -----------------------------
2024-07-31 15:29:38 - INFO - TRAIN MODEL STAGE STARTING FOR SUBSET 10...
2024-07-31 15:29:38 - INFO - -----------------------------
2024-07-31 15:29:38 - INFO - Scaling features and applying LASSO for feature selection...
2024-07-31 15:29:40 - INFO - Selected features (including required): ['who', 'RaceEth', 'age', 'is_female', 'is_hispanic', 'unemployed', 'unstableliving', 'education', 'marital', 'UDS_Amphetamine_Count', 'UDS_Benzodiazepine_Count', 'UDS_Buprenorphine_Count', 'UDS_Cocaine_Count', 'UDS_Methadone_Count', 'UDS_Opioid_Count', 'UDS_Sedatives_Count', 'UDS_Thc_Count', 'pain', 'has_schizophrenia', 'has_major_dep', 'has_bipolar', 'has_anx_pan', 'has_brain_damage', 'has_epilepsy', 'has_opiates_dx', 'has_alcol_dx', 'has_amphetamines_dx', 'has_cannabis_dx', 'has_cocaine_dx', 'has_sedatives_dx', 'ftnd', 'XTRT', 'shared', 'rbsivheroin', 'TLFB_Alcohol_Count', 'TLFB_Amphetamine_Count', 'TLFB_Benzodiazepine_Count', 'TLFB_Buprenorphine_Count', 'TLFB_Cocaine_Count', 'TLFB_Heroin_Count', 'TLFB_Methadone_Count', 'TLFB_Opioid_Count', 'TLFB_THC_Count', 'TLFB_Other', 'Homosexual_Behavior', 'Non_monogamous_Relationships']
2024-07-31 15:29:40 - INFO - Fitting logistic regression model with the selected features...
2024-07-31 15:29:41 - INFO - Model training completed successfully.
2024-07-31 15:29:41 - INFO - Calculating the dynamic threshold based on the proportion of positive outcomes...
2024-07-31 15:29:41 - INFO - Ratio of 1s to 0s in the outcome variable: 0.54 : 0.46
2024-07-31 15:29:41 - INFO - Dynamic threshold set to: 0.536
2024-07-31 15:29:41 - INFO - Model trained and saved successfully for subset 10.
2024-07-31 15:29:41 - INFO - ---------------------------
2024-07-31 15:29:41 - INFO - TRAIN MODEL STAGE COMPLETED FOR SUBSET 10
2024-07-31 15:29:41 - INFO - ---------------------------
2024-07-31 15:29:41 - INFO - --------------------------------
2024-07-31 15:29:41 - INFO - EVALUATE MODEL STAGE STARTING FOR SUBSET 10...
2024-07-31 15:29:41 - INFO - --------------------------------
2024-07-31 15:29:41 - INFO - ROC AUC Score: 0.7373262995367987
2024-07-31 15:29:41 - INFO - Confusion Matrix: 
[[86 30]
 [47 87]]
2024-07-31 15:29:41 - INFO - Precision: 0.7435897435897436
2024-07-31 15:29:41 - INFO - Recall: 0.6492537313432836
2024-07-31 15:29:41 - INFO - Model evaluated successfully for subset 10.
2024-07-31 15:29:41 - INFO - ------------------------------
2024-07-31 15:29:41 - INFO - EVALUATE MODEL STAGE COMPLETED FOR SUBSET 10
2024-07-31 15:29:41 - INFO - ------------------------------
2024-07-31 15:29:41 - INFO - Subset 11 demographic makeup: 1000 1
2024-07-31 15:29:41 - INFO - Processing subset 11...
2024-07-31 15:29:41 - INFO - -----------------------------
2024-07-31 15:29:41 - INFO - TRAIN MODEL STAGE STARTING FOR SUBSET 11...
2024-07-31 15:29:41 - INFO - -----------------------------
2024-07-31 15:29:41 - INFO - Scaling features and applying LASSO for feature selection...
2024-07-31 15:29:45 - INFO - Selected features (including required): ['who', 'age', 'is_female', 'unemployed', 'unstableliving', 'education', 'marital', 'UDS_Amphetamine_Count', 'UDS_Benzodiazepine_Count', 'UDS_Buprenorphine_Count', 'UDS_Cocaine_Count', 'UDS_Methadone_Count', 'UDS_Opioid_Count', 'UDS_Sedatives_Count', 'UDS_Thc_Count', 'pain', 'has_schizophrenia', 'has_major_dep', 'has_bipolar', 'has_anx_pan', 'has_brain_damage', 'has_epilepsy', 'has_opiates_dx', 'has_alcol_dx', 'has_amphetamines_dx', 'has_cannabis_dx', 'has_cocaine_dx', 'has_sedatives_dx', 'ftnd', 'XTRT', 'shared', 'rbsivheroin', 'TLFB_Alcohol_Count', 'TLFB_Amphetamine_Count', 'TLFB_Benzodiazepine_Count', 'TLFB_Buprenorphine_Count', 'TLFB_Cocaine_Count', 'TLFB_Heroin_Count', 'TLFB_Methadone_Count', 'TLFB_Opioid_Count', 'TLFB_THC_Count', 'TLFB_Other', 'Homosexual_Behavior', 'Non_monogamous_Relationships']
2024-07-31 15:29:45 - INFO - Fitting logistic regression model with the selected features...
2024-07-31 15:29:47 - INFO - Model training completed successfully.
2024-07-31 15:29:47 - INFO - Calculating the dynamic threshold based on the proportion of positive outcomes...
2024-07-31 15:29:47 - INFO - Ratio of 1s to 0s in the outcome variable: 0.59 : 0.41
2024-07-31 15:29:47 - INFO - Dynamic threshold set to: 0.592
2024-07-31 15:29:47 - INFO - Model trained and saved successfully for subset 11.
2024-07-31 15:29:47 - INFO - ---------------------------
2024-07-31 15:29:47 - INFO - TRAIN MODEL STAGE COMPLETED FOR SUBSET 11
2024-07-31 15:29:47 - INFO - ---------------------------
2024-07-31 15:29:47 - INFO - --------------------------------
2024-07-31 15:29:47 - INFO - EVALUATE MODEL STAGE STARTING FOR SUBSET 11...
2024-07-31 15:29:47 - INFO - --------------------------------
2024-07-31 15:29:47 - INFO - ROC AUC Score: 0.6465288818229995
2024-07-31 15:29:47 - INFO - Confusion Matrix: 
[[68 34]
 [69 79]]
2024-07-31 15:29:47 - INFO - Precision: 0.6991150442477876
2024-07-31 15:29:47 - INFO - Recall: 0.5337837837837838
2024-07-31 15:29:47 - INFO - Model evaluated successfully for subset 11.
2024-07-31 15:29:47 - INFO - ------------------------------
2024-07-31 15:29:47 - INFO - EVALUATE MODEL STAGE COMPLETED FOR SUBSET 11
2024-07-31 15:29:47 - INFO - ------------------------------
2024-07-31 15:29:47 - INFO - ------------------
2024-07-31 15:29:47 - INFO - PIPELINE COMPLETED
2024-07-31 15:29:47 - INFO - ------------------
