2024-08-05 13:14:41,742 - INFO - Global Seed set to: 4
2024-08-05 13:14:41,742 - INFO - Outcome Name: Rs_krupitsky_2004
2024-08-05 13:14:41,781 - INFO - Datasets loaded successfully.
2024-08-05 13:14:41,784 - INFO - Starting preprocessing of the merged dataset...
2024-08-05 13:14:41,785 - INFO - ---------------------------------
2024-08-05 13:14:41,785 - INFO - PRE-PROCESSING STAGE STARTING...
2024-08-05 13:14:41,785 - INFO - ---------------------------------
2024-08-05 13:14:41,884 - INFO - Dropped initial columns: ['pain_when', 'is_smoker', 'per_day', 'max', 'amount', 'depression', 'anxiety', 'schizophrenia', 'max', 'amount', 'cocaine_inject_days', 'speedball_inject_days', 'opioid_inject_days', 'speed_inject_days', 'UDS_Alcohol_Count', 'UDS_Mdma/Hallucinogen_Count']
2024-08-05 13:14:42,046 - INFO - Converted Yes/No to binary.
2024-08-05 13:14:42,084 - INFO - Processed TLFB columns with specified columns: ['TLFB_Alcohol_Count', 'TLFB_Amphetamine_Count', 'TLFB_Cocaine_Count', 'TLFB_Heroin_Count', 'TLFB_Benzodiazepine_Count', 'TLFB_Opioid_Count', 'TLFB_THC_Count', 'TLFB_Methadone_Count', 'TLFB_Buprenorphine_Count']
2024-08-05 13:14:42,087 - INFO - Calculated behavioral columns.
2024-08-05 13:14:42,095 - INFO - Moved 'Rs_krupitsky_2004' column to the end.
2024-08-05 13:14:42,246 - INFO - Dropped initial columns: ['msm_npt', 'msm_frq', 'txx_prt']
2024-08-05 13:14:42,524 - INFO - transform_data_with_nan_handling success
2024-08-05 13:14:42,527 - INFO - Renamed columns according to the mapping.
2024-08-05 13:14:42,661 - INFO - Transformed NaN to 0 for binary columns.
2024-08-05 13:14:42,662 - INFO - Transformed and renamed 'heroin_inject_days' column to 'rbsivheroin'.
2024-08-05 13:14:42,663 - INFO - Filled NaN with 0 for 'ftnd' column.
2024-08-05 13:14:42,801 - INFO - Dropped additional columns: ['rbs_iv_days', 'race', 'RBS_cocaine_Days', 'RBS_heroin_Days', 'RBS_opioid_Days', 'RBS_speed_Days', 'RBS_speedball_Days']
2024-08-05 13:14:42,818 - INFO - Converted UDS drug counts to binary.
2024-08-05 13:14:42,884 - INFO - ------------------------------
2024-08-05 13:14:42,890 - INFO - PRE-PROCESSING STAGE COMPLETED
2024-08-05 13:14:42,890 - INFO - ------------------------------
2024-08-05 13:14:42,891 - INFO - Merged dataset preprocessed successfully.
2024-08-05 13:14:42,892 - INFO - Creating demographic subsets from preprocessed data...
2024-08-05 13:14:50,800 - INFO - Created 11 subsets successfully.
2024-08-05 13:14:50,800 - INFO - Creating merged subsets from create_demographics_dfs function
2024-08-05 13:14:50,878 - INFO - Created 11 merged subsets successfully.
2024-08-05 13:14:50,879 - INFO - Subset 1 demographic makeup: 500 1, 248 3, 153 2, 99 4
2024-08-05 13:14:50,879 - INFO - Processing subset 1...
2024-08-05 13:14:50,879 - INFO - -----------------------------
2024-08-05 13:14:50,880 - INFO - TRAIN MODEL STAGE STARTING FOR SUBSET 1...
2024-08-05 13:14:50,880 - INFO - -----------------------------
2024-08-05 13:14:50,885 - INFO - Scaling features and applying LASSO for feature selection...
2024-08-05 13:14:52,908 - INFO - Selected features (including required): ['who', 'RaceEth', 'age', 'is_female', 'is_hispanic', 'unemployed', 'unstableliving', 'education', 'marital', 'UDS_Amphetamine_Count', 'UDS_Benzodiazepine_Count', 'UDS_Buprenorphine_Count', 'UDS_Cocaine_Count', 'UDS_Methadone_Count', 'UDS_Opioid_Count', 'UDS_Sedatives_Count', 'UDS_Thc_Count', 'pain', 'has_schizophrenia', 'has_major_dep', 'has_bipolar', 'has_anx_pan', 'has_brain_damage', 'has_epilepsy', 'has_opiates_dx', 'has_alcol_dx', 'has_amphetamines_dx', 'has_cannabis_dx', 'has_cocaine_dx', 'has_sedatives_dx', 'ftnd', 'XTRT', 'shared', 'rbsivheroin', 'TLFB_Alcohol_Count', 'TLFB_Amphetamine_Count', 'TLFB_Benzodiazepine_Count', 'TLFB_Buprenorphine_Count', 'TLFB_Cocaine_Count', 'TLFB_Heroin_Count', 'TLFB_Methadone_Count', 'TLFB_Opioid_Count', 'TLFB_THC_Count', 'TLFB_Other', 'Homosexual_Behavior', 'Non_monogamous_Relationships']
2024-08-05 13:14:52,919 - INFO - Fitting logistic regression model with the selected features...
2024-08-05 13:14:53,568 - INFO - Model training completed successfully.
2024-08-05 13:14:53,568 - INFO - Calculating the dynamic threshold based on the proportion of positive outcomes...
2024-08-05 13:14:53,569 - INFO - Ratio of 1s to 0s in the outcome variable: 0.85 : 0.15
2024-08-05 13:14:53,569 - INFO - Dynamic threshold set to: 0.848
2024-08-05 13:14:53,570 - INFO - Model trained and saved successfully for subset 1.
2024-08-05 13:14:53,570 - INFO - ---------------------------
2024-08-05 13:14:53,571 - INFO - TRAIN MODEL STAGE COMPLETED FOR SUBSET 1
2024-08-05 13:14:53,573 - INFO - ---------------------------
2024-08-05 13:14:53,574 - INFO - --------------------------------
2024-08-05 13:14:53,575 - INFO - EVALUATE MODEL STAGE STARTING FOR SUBSET 1...
2024-08-05 13:14:53,575 - INFO - --------------------------------
2024-08-05 13:14:53,598 - INFO - ROC AUC Score: 0.599428997020854
2024-08-05 13:14:53,598 - INFO - Confusion Matrix: 
[[ 21  17]
 [ 87 125]]
2024-08-05 13:14:53,599 - INFO - Precision: 0.8802816901408451
2024-08-05 13:14:53,599 - INFO - Recall: 0.589622641509434
2024-08-05 13:14:53,599 - INFO - Model evaluated successfully for subset 1.
2024-08-05 13:14:53,600 - INFO - ------------------------------
2024-08-05 13:14:53,600 - INFO - EVALUATE MODEL STAGE COMPLETED FOR SUBSET 1
2024-08-05 13:14:53,601 - INFO - ------------------------------
2024-08-05 13:14:53,602 - INFO - Subset 2 demographic makeup: 550 1, 221 3, 140 2, 89 4
2024-08-05 13:14:53,607 - INFO - Processing subset 2...
2024-08-05 13:14:53,609 - INFO - -----------------------------
2024-08-05 13:14:53,609 - INFO - TRAIN MODEL STAGE STARTING FOR SUBSET 2...
2024-08-05 13:14:53,610 - INFO - -----------------------------
2024-08-05 13:14:53,618 - INFO - Scaling features and applying LASSO for feature selection...
2024-08-05 13:14:55,576 - INFO - Selected features (including required): ['who', 'RaceEth', 'age', 'is_female', 'is_hispanic', 'unemployed', 'unstableliving', 'education', 'marital', 'UDS_Amphetamine_Count', 'UDS_Benzodiazepine_Count', 'UDS_Buprenorphine_Count', 'UDS_Cocaine_Count', 'UDS_Methadone_Count', 'UDS_Opioid_Count', 'UDS_Sedatives_Count', 'UDS_Thc_Count', 'pain', 'has_schizophrenia', 'has_major_dep', 'has_bipolar', 'has_anx_pan', 'has_brain_damage', 'has_epilepsy', 'has_opiates_dx', 'has_alcol_dx', 'has_amphetamines_dx', 'has_cannabis_dx', 'has_cocaine_dx', 'has_sedatives_dx', 'ftnd', 'XTRT', 'shared', 'rbsivheroin', 'TLFB_Alcohol_Count', 'TLFB_Amphetamine_Count', 'TLFB_Benzodiazepine_Count', 'TLFB_Buprenorphine_Count', 'TLFB_Cocaine_Count', 'TLFB_Heroin_Count', 'TLFB_Methadone_Count', 'TLFB_Opioid_Count', 'TLFB_THC_Count', 'TLFB_Other', 'Homosexual_Behavior', 'Non_monogamous_Relationships']
2024-08-05 13:14:55,581 - INFO - Fitting logistic regression model with the selected features...
2024-08-05 13:14:56,194 - INFO - Model training completed successfully.
2024-08-05 13:14:56,195 - INFO - Calculating the dynamic threshold based on the proportion of positive outcomes...
2024-08-05 13:14:56,196 - INFO - Ratio of 1s to 0s in the outcome variable: 0.83 : 0.17
2024-08-05 13:14:56,196 - INFO - Dynamic threshold set to: 0.828
2024-08-05 13:14:56,196 - INFO - Model trained and saved successfully for subset 2.
2024-08-05 13:14:56,197 - INFO - ---------------------------
2024-08-05 13:14:56,199 - INFO - TRAIN MODEL STAGE COMPLETED FOR SUBSET 2
2024-08-05 13:14:56,201 - INFO - ---------------------------
2024-08-05 13:14:56,202 - INFO - --------------------------------
2024-08-05 13:14:56,203 - INFO - EVALUATE MODEL STAGE STARTING FOR SUBSET 2...
2024-08-05 13:14:56,204 - INFO - --------------------------------
2024-08-05 13:14:56,228 - INFO - ROC AUC Score: 0.6157735085945399
2024-08-05 13:14:56,228 - INFO - Confusion Matrix: 
[[ 22  21]
 [ 80 127]]
2024-08-05 13:14:56,229 - INFO - Precision: 0.8581081081081081
2024-08-05 13:14:56,229 - INFO - Recall: 0.6135265700483091
2024-08-05 13:14:56,230 - INFO - Model evaluated successfully for subset 2.
2024-08-05 13:14:56,230 - INFO - ------------------------------
2024-08-05 13:14:56,235 - INFO - EVALUATE MODEL STAGE COMPLETED FOR SUBSET 2
2024-08-05 13:14:56,236 - INFO - ------------------------------
2024-08-05 13:14:56,238 - INFO - Subset 3 demographic makeup: 600 1, 195 3, 123 2, 82 4
2024-08-05 13:14:56,238 - INFO - Processing subset 3...
2024-08-05 13:14:56,238 - INFO - -----------------------------
2024-08-05 13:14:56,238 - INFO - TRAIN MODEL STAGE STARTING FOR SUBSET 3...
2024-08-05 13:14:56,239 - INFO - -----------------------------
2024-08-05 13:14:56,249 - INFO - Scaling features and applying LASSO for feature selection...
2024-08-05 13:14:58,197 - INFO - Selected features (including required): ['who', 'RaceEth', 'age', 'is_female', 'is_hispanic', 'unemployed', 'unstableliving', 'education', 'marital', 'UDS_Amphetamine_Count', 'UDS_Benzodiazepine_Count', 'UDS_Buprenorphine_Count', 'UDS_Cocaine_Count', 'UDS_Methadone_Count', 'UDS_Opioid_Count', 'UDS_Sedatives_Count', 'UDS_Thc_Count', 'pain', 'has_schizophrenia', 'has_major_dep', 'has_bipolar', 'has_anx_pan', 'has_brain_damage', 'has_epilepsy', 'has_opiates_dx', 'has_alcol_dx', 'has_amphetamines_dx', 'has_cannabis_dx', 'has_cocaine_dx', 'has_sedatives_dx', 'ftnd', 'XTRT', 'shared', 'rbsivheroin', 'TLFB_Alcohol_Count', 'TLFB_Amphetamine_Count', 'TLFB_Benzodiazepine_Count', 'TLFB_Buprenorphine_Count', 'TLFB_Cocaine_Count', 'TLFB_Heroin_Count', 'TLFB_Methadone_Count', 'TLFB_Opioid_Count', 'TLFB_THC_Count', 'TLFB_Other', 'Homosexual_Behavior', 'Non_monogamous_Relationships']
2024-08-05 13:14:58,202 - INFO - Fitting logistic regression model with the selected features...
2024-08-05 13:14:58,745 - INFO - Model training completed successfully.
2024-08-05 13:14:58,745 - INFO - Calculating the dynamic threshold based on the proportion of positive outcomes...
2024-08-05 13:14:58,745 - INFO - Ratio of 1s to 0s in the outcome variable: 0.81 : 0.19
2024-08-05 13:14:58,745 - INFO - Dynamic threshold set to: 0.812
2024-08-05 13:14:58,745 - INFO - Model trained and saved successfully for subset 3.
2024-08-05 13:14:58,745 - INFO - ---------------------------
2024-08-05 13:14:58,745 - INFO - TRAIN MODEL STAGE COMPLETED FOR SUBSET 3
2024-08-05 13:14:58,746 - INFO - ---------------------------
2024-08-05 13:14:58,746 - INFO - --------------------------------
2024-08-05 13:14:58,746 - INFO - EVALUATE MODEL STAGE STARTING FOR SUBSET 3...
2024-08-05 13:14:58,746 - INFO - --------------------------------
2024-08-05 13:14:58,758 - INFO - ROC AUC Score: 0.5883031128812493
2024-08-05 13:14:58,758 - INFO - Confusion Matrix: 
[[ 20  27]
 [ 70 133]]
2024-08-05 13:14:58,758 - INFO - Precision: 0.83125
2024-08-05 13:14:58,758 - INFO - Recall: 0.6551724137931034
2024-08-05 13:14:58,759 - INFO - Model evaluated successfully for subset 3.
2024-08-05 13:14:58,759 - INFO - ------------------------------
2024-08-05 13:14:58,759 - INFO - EVALUATE MODEL STAGE COMPLETED FOR SUBSET 3
2024-08-05 13:14:58,759 - INFO - ------------------------------
2024-08-05 13:14:58,760 - INFO - Subset 4 demographic makeup: 650 1, 169 3, 108 2, 73 4
2024-08-05 13:14:58,760 - INFO - Processing subset 4...
2024-08-05 13:14:58,760 - INFO - -----------------------------
2024-08-05 13:14:58,760 - INFO - TRAIN MODEL STAGE STARTING FOR SUBSET 4...
2024-08-05 13:14:58,760 - INFO - -----------------------------
2024-08-05 13:14:58,770 - INFO - Scaling features and applying LASSO for feature selection...
2024-08-05 13:15:00,646 - INFO - Selected features (including required): ['who', 'RaceEth', 'age', 'is_female', 'is_hispanic', 'unemployed', 'unstableliving', 'education', 'marital', 'UDS_Amphetamine_Count', 'UDS_Benzodiazepine_Count', 'UDS_Buprenorphine_Count', 'UDS_Cocaine_Count', 'UDS_Methadone_Count', 'UDS_Opioid_Count', 'UDS_Sedatives_Count', 'UDS_Thc_Count', 'pain', 'has_schizophrenia', 'has_major_dep', 'has_bipolar', 'has_anx_pan', 'has_brain_damage', 'has_epilepsy', 'has_opiates_dx', 'has_alcol_dx', 'has_amphetamines_dx', 'has_cannabis_dx', 'has_cocaine_dx', 'has_sedatives_dx', 'ftnd', 'XTRT', 'shared', 'rbsivheroin', 'TLFB_Alcohol_Count', 'TLFB_Amphetamine_Count', 'TLFB_Benzodiazepine_Count', 'TLFB_Buprenorphine_Count', 'TLFB_Cocaine_Count', 'TLFB_Heroin_Count', 'TLFB_Methadone_Count', 'TLFB_Opioid_Count', 'TLFB_THC_Count', 'TLFB_Other', 'Homosexual_Behavior', 'Non_monogamous_Relationships']
2024-08-05 13:15:00,651 - INFO - Fitting logistic regression model with the selected features...
2024-08-05 13:15:01,102 - INFO - Model training completed successfully.
2024-08-05 13:15:01,102 - INFO - Calculating the dynamic threshold based on the proportion of positive outcomes...
2024-08-05 13:15:01,102 - INFO - Ratio of 1s to 0s in the outcome variable: 0.81 : 0.19
2024-08-05 13:15:01,102 - INFO - Dynamic threshold set to: 0.808
2024-08-05 13:15:01,103 - INFO - Model trained and saved successfully for subset 4.
2024-08-05 13:15:01,103 - INFO - ---------------------------
2024-08-05 13:15:01,103 - INFO - TRAIN MODEL STAGE COMPLETED FOR SUBSET 4
2024-08-05 13:15:01,103 - INFO - ---------------------------
2024-08-05 13:15:01,103 - INFO - --------------------------------
2024-08-05 13:15:01,103 - INFO - EVALUATE MODEL STAGE STARTING FOR SUBSET 4...
2024-08-05 13:15:01,103 - INFO - --------------------------------
2024-08-05 13:15:01,119 - INFO - ROC AUC Score: 0.647174092409241
2024-08-05 13:15:01,119 - INFO - Confusion Matrix: 
[[ 29  19]
 [ 74 128]]
2024-08-05 13:15:01,119 - INFO - Precision: 0.8707482993197279
2024-08-05 13:15:01,119 - INFO - Recall: 0.6336633663366337
2024-08-05 13:15:01,119 - INFO - Model evaluated successfully for subset 4.
2024-08-05 13:15:01,120 - INFO - ------------------------------
2024-08-05 13:15:01,120 - INFO - EVALUATE MODEL STAGE COMPLETED FOR SUBSET 4
2024-08-05 13:15:01,120 - INFO - ------------------------------
2024-08-05 13:15:01,120 - INFO - Subset 5 demographic makeup: 700 1, 145 3, 93 2, 62 4
2024-08-05 13:15:01,121 - INFO - Processing subset 5...
2024-08-05 13:15:01,121 - INFO - -----------------------------
2024-08-05 13:15:01,121 - INFO - TRAIN MODEL STAGE STARTING FOR SUBSET 5...
2024-08-05 13:15:01,121 - INFO - -----------------------------
2024-08-05 13:15:01,128 - INFO - Scaling features and applying LASSO for feature selection...
2024-08-05 13:15:03,032 - INFO - Selected features (including required): ['who', 'RaceEth', 'age', 'is_female', 'is_hispanic', 'unemployed', 'unstableliving', 'education', 'marital', 'UDS_Amphetamine_Count', 'UDS_Benzodiazepine_Count', 'UDS_Buprenorphine_Count', 'UDS_Cocaine_Count', 'UDS_Methadone_Count', 'UDS_Opioid_Count', 'UDS_Sedatives_Count', 'UDS_Thc_Count', 'pain', 'has_schizophrenia', 'has_major_dep', 'has_bipolar', 'has_anx_pan', 'has_brain_damage', 'has_epilepsy', 'has_opiates_dx', 'has_alcol_dx', 'has_amphetamines_dx', 'has_cannabis_dx', 'has_cocaine_dx', 'has_sedatives_dx', 'ftnd', 'XTRT', 'shared', 'rbsivheroin', 'TLFB_Alcohol_Count', 'TLFB_Amphetamine_Count', 'TLFB_Benzodiazepine_Count', 'TLFB_Buprenorphine_Count', 'TLFB_Cocaine_Count', 'TLFB_Heroin_Count', 'TLFB_Methadone_Count', 'TLFB_Opioid_Count', 'TLFB_THC_Count', 'TLFB_Other', 'Homosexual_Behavior', 'Non_monogamous_Relationships']
2024-08-05 13:15:03,040 - INFO - Fitting logistic regression model with the selected features...
2024-08-05 13:15:03,476 - INFO - Model training completed successfully.
2024-08-05 13:15:03,476 - INFO - Calculating the dynamic threshold based on the proportion of positive outcomes...
2024-08-05 13:15:03,477 - INFO - Ratio of 1s to 0s in the outcome variable: 0.86 : 0.14
2024-08-05 13:15:03,477 - INFO - Dynamic threshold set to: 0.86
2024-08-05 13:15:03,478 - INFO - Model trained and saved successfully for subset 5.
2024-08-05 13:15:03,479 - INFO - ---------------------------
2024-08-05 13:15:03,479 - INFO - TRAIN MODEL STAGE COMPLETED FOR SUBSET 5
2024-08-05 13:15:03,479 - INFO - ---------------------------
2024-08-05 13:15:03,480 - INFO - --------------------------------
2024-08-05 13:15:03,480 - INFO - EVALUATE MODEL STAGE STARTING FOR SUBSET 5...
2024-08-05 13:15:03,480 - INFO - --------------------------------
2024-08-05 13:15:03,500 - INFO - ROC AUC Score: 0.653421926910299
2024-08-05 13:15:03,502 - INFO - Confusion Matrix: 
[[ 28   7]
 [122  93]]
2024-08-05 13:15:03,505 - INFO - Precision: 0.93
2024-08-05 13:15:03,506 - INFO - Recall: 0.4325581395348837
2024-08-05 13:15:03,507 - INFO - Model evaluated successfully for subset 5.
2024-08-05 13:15:03,508 - INFO - ------------------------------
2024-08-05 13:15:03,508 - INFO - EVALUATE MODEL STAGE COMPLETED FOR SUBSET 5
2024-08-05 13:15:03,509 - INFO - ------------------------------
2024-08-05 13:15:03,510 - INFO - Subset 6 demographic makeup: 750 1, 126 3, 73 2, 51 4
2024-08-05 13:15:03,510 - INFO - Processing subset 6...
2024-08-05 13:15:03,510 - INFO - -----------------------------
2024-08-05 13:15:03,511 - INFO - TRAIN MODEL STAGE STARTING FOR SUBSET 6...
2024-08-05 13:15:03,511 - INFO - -----------------------------
2024-08-05 13:15:03,520 - INFO - Scaling features and applying LASSO for feature selection...
2024-08-05 13:15:05,172 - INFO - Selected features (including required): ['who', 'RaceEth', 'age', 'is_female', 'is_hispanic', 'unemployed', 'unstableliving', 'education', 'marital', 'UDS_Amphetamine_Count', 'UDS_Benzodiazepine_Count', 'UDS_Buprenorphine_Count', 'UDS_Cocaine_Count', 'UDS_Methadone_Count', 'UDS_Opioid_Count', 'UDS_Sedatives_Count', 'UDS_Thc_Count', 'pain', 'has_schizophrenia', 'has_major_dep', 'has_bipolar', 'has_anx_pan', 'has_brain_damage', 'has_epilepsy', 'has_opiates_dx', 'has_alcol_dx', 'has_amphetamines_dx', 'has_cannabis_dx', 'has_cocaine_dx', 'has_sedatives_dx', 'ftnd', 'XTRT', 'shared', 'rbsivheroin', 'TLFB_Alcohol_Count', 'TLFB_Amphetamine_Count', 'TLFB_Benzodiazepine_Count', 'TLFB_Buprenorphine_Count', 'TLFB_Cocaine_Count', 'TLFB_Heroin_Count', 'TLFB_Methadone_Count', 'TLFB_Opioid_Count', 'TLFB_THC_Count', 'TLFB_Other', 'Homosexual_Behavior', 'Non_monogamous_Relationships']
2024-08-05 13:15:05,177 - INFO - Fitting logistic regression model with the selected features...
2024-08-05 13:15:05,621 - INFO - Model training completed successfully.
2024-08-05 13:15:05,622 - INFO - Calculating the dynamic threshold based on the proportion of positive outcomes...
2024-08-05 13:15:05,622 - INFO - Ratio of 1s to 0s in the outcome variable: 0.82 : 0.18
2024-08-05 13:15:05,623 - INFO - Dynamic threshold set to: 0.824
2024-08-05 13:15:05,623 - INFO - Model trained and saved successfully for subset 6.
2024-08-05 13:15:05,624 - INFO - ---------------------------
2024-08-05 13:15:05,625 - INFO - TRAIN MODEL STAGE COMPLETED FOR SUBSET 6
2024-08-05 13:15:05,626 - INFO - ---------------------------
2024-08-05 13:15:05,628 - INFO - --------------------------------
2024-08-05 13:15:05,628 - INFO - EVALUATE MODEL STAGE STARTING FOR SUBSET 6...
2024-08-05 13:15:05,628 - INFO - --------------------------------
2024-08-05 13:15:05,651 - INFO - ROC AUC Score: 0.664055604589585
2024-08-05 13:15:05,651 - INFO - Confusion Matrix: 
[[ 28  16]
 [ 81 125]]
2024-08-05 13:15:05,652 - INFO - Precision: 0.8865248226950354
2024-08-05 13:15:05,652 - INFO - Recall: 0.6067961165048543
2024-08-05 13:15:05,653 - INFO - Model evaluated successfully for subset 6.
2024-08-05 13:15:05,657 - INFO - ------------------------------
2024-08-05 13:15:05,659 - INFO - EVALUATE MODEL STAGE COMPLETED FOR SUBSET 6
2024-08-05 13:15:05,659 - INFO - ------------------------------
2024-08-05 13:15:05,660 - INFO - Subset 7 demographic makeup: 800 1, 104 3, 59 2, 37 4
2024-08-05 13:15:05,661 - INFO - Processing subset 7...
2024-08-05 13:15:05,661 - INFO - -----------------------------
2024-08-05 13:15:05,661 - INFO - TRAIN MODEL STAGE STARTING FOR SUBSET 7...
2024-08-05 13:15:05,662 - INFO - -----------------------------
2024-08-05 13:15:05,670 - INFO - Scaling features and applying LASSO for feature selection...
2024-08-05 13:15:06,905 - INFO - Selected features (including required): ['who', 'RaceEth', 'age', 'is_female', 'is_hispanic', 'unemployed', 'unstableliving', 'education', 'marital', 'UDS_Amphetamine_Count', 'UDS_Benzodiazepine_Count', 'UDS_Buprenorphine_Count', 'UDS_Cocaine_Count', 'UDS_Methadone_Count', 'UDS_Opioid_Count', 'UDS_Sedatives_Count', 'UDS_Thc_Count', 'pain', 'has_schizophrenia', 'has_major_dep', 'has_bipolar', 'has_anx_pan', 'has_brain_damage', 'has_epilepsy', 'has_opiates_dx', 'has_alcol_dx', 'has_amphetamines_dx', 'has_cannabis_dx', 'has_cocaine_dx', 'has_sedatives_dx', 'ftnd', 'XTRT', 'shared', 'rbsivheroin', 'TLFB_Alcohol_Count', 'TLFB_Amphetamine_Count', 'TLFB_Benzodiazepine_Count', 'TLFB_Buprenorphine_Count', 'TLFB_Cocaine_Count', 'TLFB_Heroin_Count', 'TLFB_Methadone_Count', 'TLFB_Opioid_Count', 'TLFB_THC_Count', 'TLFB_Other', 'Homosexual_Behavior', 'Non_monogamous_Relationships']
2024-08-05 13:15:06,910 - INFO - Fitting logistic regression model with the selected features...
2024-08-05 13:15:07,385 - INFO - Model training completed successfully.
2024-08-05 13:15:07,385 - INFO - Calculating the dynamic threshold based on the proportion of positive outcomes...
2024-08-05 13:15:07,385 - INFO - Ratio of 1s to 0s in the outcome variable: 0.86 : 0.14
2024-08-05 13:15:07,385 - INFO - Dynamic threshold set to: 0.864
2024-08-05 13:15:07,386 - INFO - Model trained and saved successfully for subset 7.
2024-08-05 13:15:07,386 - INFO - ---------------------------
2024-08-05 13:15:07,386 - INFO - TRAIN MODEL STAGE COMPLETED FOR SUBSET 7
2024-08-05 13:15:07,386 - INFO - ---------------------------
2024-08-05 13:15:07,386 - INFO - --------------------------------
2024-08-05 13:15:07,386 - INFO - EVALUATE MODEL STAGE STARTING FOR SUBSET 7...
2024-08-05 13:15:07,386 - INFO - --------------------------------
2024-08-05 13:15:07,399 - INFO - ROC AUC Score: 0.7234477124183007
2024-08-05 13:15:07,399 - INFO - Confusion Matrix: 
[[ 26   8]
 [ 88 128]]
2024-08-05 13:15:07,399 - INFO - Precision: 0.9411764705882353
2024-08-05 13:15:07,399 - INFO - Recall: 0.5925925925925926
2024-08-05 13:15:07,399 - INFO - Model evaluated successfully for subset 7.
2024-08-05 13:15:07,399 - INFO - ------------------------------
2024-08-05 13:15:07,399 - INFO - EVALUATE MODEL STAGE COMPLETED FOR SUBSET 7
2024-08-05 13:15:07,399 - INFO - ------------------------------
2024-08-05 13:15:07,400 - INFO - Subset 8 demographic makeup: 850 1, 77 3, 46 2, 27 4
2024-08-05 13:15:07,400 - INFO - Processing subset 8...
2024-08-05 13:15:07,400 - INFO - -----------------------------
2024-08-05 13:15:07,400 - INFO - TRAIN MODEL STAGE STARTING FOR SUBSET 8...
2024-08-05 13:15:07,401 - INFO - -----------------------------
2024-08-05 13:15:07,417 - INFO - Scaling features and applying LASSO for feature selection...
2024-08-05 13:15:09,265 - INFO - Selected features (including required): ['who', 'RaceEth', 'age', 'is_female', 'is_hispanic', 'unemployed', 'unstableliving', 'education', 'marital', 'UDS_Amphetamine_Count', 'UDS_Benzodiazepine_Count', 'UDS_Buprenorphine_Count', 'UDS_Cocaine_Count', 'UDS_Methadone_Count', 'UDS_Opioid_Count', 'UDS_Sedatives_Count', 'UDS_Thc_Count', 'pain', 'has_schizophrenia', 'has_major_dep', 'has_bipolar', 'has_anx_pan', 'has_brain_damage', 'has_epilepsy', 'has_opiates_dx', 'has_alcol_dx', 'has_amphetamines_dx', 'has_cannabis_dx', 'has_cocaine_dx', 'has_sedatives_dx', 'ftnd', 'XTRT', 'shared', 'rbsivheroin', 'TLFB_Alcohol_Count', 'TLFB_Amphetamine_Count', 'TLFB_Benzodiazepine_Count', 'TLFB_Buprenorphine_Count', 'TLFB_Cocaine_Count', 'TLFB_Heroin_Count', 'TLFB_Methadone_Count', 'TLFB_Opioid_Count', 'TLFB_THC_Count', 'TLFB_Other', 'Homosexual_Behavior', 'Non_monogamous_Relationships']
2024-08-05 13:15:09,270 - INFO - Fitting logistic regression model with the selected features...
2024-08-05 13:15:09,857 - INFO - Model training completed successfully.
2024-08-05 13:15:09,858 - INFO - Calculating the dynamic threshold based on the proportion of positive outcomes...
2024-08-05 13:15:09,858 - INFO - Ratio of 1s to 0s in the outcome variable: 0.81 : 0.19
2024-08-05 13:15:09,858 - INFO - Dynamic threshold set to: 0.808
2024-08-05 13:15:09,858 - INFO - Model trained and saved successfully for subset 8.
2024-08-05 13:15:09,858 - INFO - ---------------------------
2024-08-05 13:15:09,858 - INFO - TRAIN MODEL STAGE COMPLETED FOR SUBSET 8
2024-08-05 13:15:09,858 - INFO - ---------------------------
2024-08-05 13:15:09,858 - INFO - --------------------------------
2024-08-05 13:15:09,859 - INFO - EVALUATE MODEL STAGE STARTING FOR SUBSET 8...
2024-08-05 13:15:09,859 - INFO - --------------------------------
2024-08-05 13:15:09,871 - INFO - ROC AUC Score: 0.6630569306930695
2024-08-05 13:15:09,871 - INFO - Confusion Matrix: 
[[ 26  22]
 [ 69 133]]
2024-08-05 13:15:09,872 - INFO - Precision: 0.8580645161290322
2024-08-05 13:15:09,872 - INFO - Recall: 0.6584158415841584
2024-08-05 13:15:09,872 - INFO - Model evaluated successfully for subset 8.
2024-08-05 13:15:09,872 - INFO - ------------------------------
2024-08-05 13:15:09,872 - INFO - EVALUATE MODEL STAGE COMPLETED FOR SUBSET 8
2024-08-05 13:15:09,872 - INFO - ------------------------------
2024-08-05 13:15:09,873 - INFO - Subset 9 demographic makeup: 900 1, 50 3, 32 2, 18 4
2024-08-05 13:15:09,873 - INFO - Processing subset 9...
2024-08-05 13:15:09,873 - INFO - -----------------------------
2024-08-05 13:15:09,873 - INFO - TRAIN MODEL STAGE STARTING FOR SUBSET 9...
2024-08-05 13:15:09,873 - INFO - -----------------------------
2024-08-05 13:15:09,884 - INFO - Scaling features and applying LASSO for feature selection...
2024-08-05 13:15:11,646 - INFO - Selected features (including required): ['who', 'RaceEth', 'age', 'is_female', 'is_hispanic', 'unemployed', 'unstableliving', 'education', 'marital', 'UDS_Amphetamine_Count', 'UDS_Benzodiazepine_Count', 'UDS_Buprenorphine_Count', 'UDS_Cocaine_Count', 'UDS_Methadone_Count', 'UDS_Opioid_Count', 'UDS_Sedatives_Count', 'UDS_Thc_Count', 'pain', 'has_schizophrenia', 'has_major_dep', 'has_bipolar', 'has_anx_pan', 'has_brain_damage', 'has_epilepsy', 'has_opiates_dx', 'has_alcol_dx', 'has_amphetamines_dx', 'has_cannabis_dx', 'has_cocaine_dx', 'has_sedatives_dx', 'ftnd', 'XTRT', 'shared', 'rbsivheroin', 'TLFB_Alcohol_Count', 'TLFB_Amphetamine_Count', 'TLFB_Benzodiazepine_Count', 'TLFB_Buprenorphine_Count', 'TLFB_Cocaine_Count', 'TLFB_Heroin_Count', 'TLFB_Methadone_Count', 'TLFB_Opioid_Count', 'TLFB_THC_Count', 'TLFB_Other', 'Homosexual_Behavior', 'Non_monogamous_Relationships']
2024-08-05 13:15:11,659 - INFO - Fitting logistic regression model with the selected features...
2024-08-05 13:15:12,226 - INFO - Model training completed successfully.
2024-08-05 13:15:12,226 - INFO - Calculating the dynamic threshold based on the proportion of positive outcomes...
2024-08-05 13:15:12,228 - INFO - Ratio of 1s to 0s in the outcome variable: 0.82 : 0.18
2024-08-05 13:15:12,228 - INFO - Dynamic threshold set to: 0.816
2024-08-05 13:15:12,229 - INFO - Model trained and saved successfully for subset 9.
2024-08-05 13:15:12,231 - INFO - ---------------------------
2024-08-05 13:15:12,233 - INFO - TRAIN MODEL STAGE COMPLETED FOR SUBSET 9
2024-08-05 13:15:12,234 - INFO - ---------------------------
2024-08-05 13:15:12,241 - INFO - --------------------------------
2024-08-05 13:15:12,241 - INFO - EVALUATE MODEL STAGE STARTING FOR SUBSET 9...
2024-08-05 13:15:12,243 - INFO - --------------------------------
2024-08-05 13:15:12,268 - INFO - ROC AUC Score: 0.6824381926683717
2024-08-05 13:15:12,268 - INFO - Confusion Matrix: 
[[ 25  21]
 [ 63 141]]
2024-08-05 13:15:12,269 - INFO - Precision: 0.8703703703703703
2024-08-05 13:15:12,269 - INFO - Recall: 0.6911764705882353
2024-08-05 13:15:12,269 - INFO - Model evaluated successfully for subset 9.
2024-08-05 13:15:12,270 - INFO - ------------------------------
2024-08-05 13:15:12,270 - INFO - EVALUATE MODEL STAGE COMPLETED FOR SUBSET 9
2024-08-05 13:15:12,271 - INFO - ------------------------------
2024-08-05 13:15:12,272 - INFO - Subset 10 demographic makeup: 950 1, 25 3, 16 2, 9 4
2024-08-05 13:15:12,272 - INFO - Processing subset 10...
2024-08-05 13:15:12,273 - INFO - -----------------------------
2024-08-05 13:15:12,277 - INFO - TRAIN MODEL STAGE STARTING FOR SUBSET 10...
2024-08-05 13:15:12,278 - INFO - -----------------------------
2024-08-05 13:15:12,288 - INFO - Scaling features and applying LASSO for feature selection...
2024-08-05 13:15:14,091 - INFO - Selected features (including required): ['who', 'RaceEth', 'age', 'is_female', 'is_hispanic', 'unemployed', 'unstableliving', 'education', 'marital', 'UDS_Amphetamine_Count', 'UDS_Benzodiazepine_Count', 'UDS_Buprenorphine_Count', 'UDS_Cocaine_Count', 'UDS_Methadone_Count', 'UDS_Opioid_Count', 'UDS_Sedatives_Count', 'UDS_Thc_Count', 'pain', 'has_schizophrenia', 'has_major_dep', 'has_bipolar', 'has_anx_pan', 'has_brain_damage', 'has_epilepsy', 'has_opiates_dx', 'has_alcol_dx', 'has_amphetamines_dx', 'has_cannabis_dx', 'has_cocaine_dx', 'has_sedatives_dx', 'ftnd', 'XTRT', 'shared', 'rbsivheroin', 'TLFB_Alcohol_Count', 'TLFB_Amphetamine_Count', 'TLFB_Benzodiazepine_Count', 'TLFB_Buprenorphine_Count', 'TLFB_Cocaine_Count', 'TLFB_Heroin_Count', 'TLFB_Methadone_Count', 'TLFB_Opioid_Count', 'TLFB_THC_Count', 'TLFB_Other', 'Homosexual_Behavior', 'Non_monogamous_Relationships']
2024-08-05 13:15:14,096 - INFO - Fitting logistic regression model with the selected features...
2024-08-05 13:15:14,339 - INFO - Model training completed successfully.
2024-08-05 13:15:14,339 - INFO - Calculating the dynamic threshold based on the proportion of positive outcomes...
2024-08-05 13:15:14,340 - INFO - Ratio of 1s to 0s in the outcome variable: 0.81 : 0.19
2024-08-05 13:15:14,340 - INFO - Dynamic threshold set to: 0.812
2024-08-05 13:15:14,341 - INFO - Model trained and saved successfully for subset 10.
2024-08-05 13:15:14,342 - INFO - ---------------------------
2024-08-05 13:15:14,342 - INFO - TRAIN MODEL STAGE COMPLETED FOR SUBSET 10
2024-08-05 13:15:14,344 - INFO - ---------------------------
2024-08-05 13:15:14,346 - INFO - --------------------------------
2024-08-05 13:15:14,346 - INFO - EVALUATE MODEL STAGE STARTING FOR SUBSET 10...
2024-08-05 13:15:14,347 - INFO - --------------------------------
2024-08-05 13:15:14,369 - INFO - ROC AUC Score: 0.6886070642490304
2024-08-05 13:15:14,369 - INFO - Confusion Matrix: 
[[ 27  20]
 [ 79 124]]
2024-08-05 13:15:14,370 - INFO - Precision: 0.8611111111111112
2024-08-05 13:15:14,370 - INFO - Recall: 0.6108374384236454
2024-08-05 13:15:14,371 - INFO - Model evaluated successfully for subset 10.
2024-08-05 13:15:14,372 - INFO - ------------------------------
2024-08-05 13:15:14,374 - INFO - EVALUATE MODEL STAGE COMPLETED FOR SUBSET 10
2024-08-05 13:15:14,376 - INFO - ------------------------------
2024-08-05 13:15:14,379 - INFO - Subset 11 demographic makeup: 1000 1
2024-08-05 13:15:14,380 - INFO - Processing subset 11...
2024-08-05 13:15:14,380 - INFO - -----------------------------
2024-08-05 13:15:14,380 - INFO - TRAIN MODEL STAGE STARTING FOR SUBSET 11...
2024-08-05 13:15:14,381 - INFO - -----------------------------
2024-08-05 13:15:14,390 - INFO - Scaling features and applying LASSO for feature selection...
2024-08-05 13:15:16,302 - INFO - Selected features (including required): ['who', 'age', 'is_female', 'unemployed', 'unstableliving', 'education', 'marital', 'UDS_Amphetamine_Count', 'UDS_Benzodiazepine_Count', 'UDS_Buprenorphine_Count', 'UDS_Cocaine_Count', 'UDS_Methadone_Count', 'UDS_Opioid_Count', 'UDS_Sedatives_Count', 'UDS_Thc_Count', 'pain', 'has_schizophrenia', 'has_major_dep', 'has_bipolar', 'has_anx_pan', 'has_brain_damage', 'has_epilepsy', 'has_opiates_dx', 'has_alcol_dx', 'has_amphetamines_dx', 'has_cannabis_dx', 'has_cocaine_dx', 'has_sedatives_dx', 'ftnd', 'XTRT', 'shared', 'rbsivheroin', 'TLFB_Alcohol_Count', 'TLFB_Amphetamine_Count', 'TLFB_Benzodiazepine_Count', 'TLFB_Buprenorphine_Count', 'TLFB_Cocaine_Count', 'TLFB_Heroin_Count', 'TLFB_Methadone_Count', 'TLFB_Opioid_Count', 'TLFB_THC_Count', 'TLFB_Other', 'Homosexual_Behavior', 'Non_monogamous_Relationships']
2024-08-05 13:15:16,307 - INFO - Fitting logistic regression model with the selected features...
2024-08-05 13:15:16,700 - INFO - Model training completed successfully.
2024-08-05 13:15:16,700 - INFO - Calculating the dynamic threshold based on the proportion of positive outcomes...
2024-08-05 13:15:16,701 - INFO - Ratio of 1s to 0s in the outcome variable: 0.82 : 0.18
2024-08-05 13:15:16,701 - INFO - Dynamic threshold set to: 0.824
2024-08-05 13:15:16,701 - INFO - Model trained and saved successfully for subset 11.
2024-08-05 13:15:16,701 - INFO - ---------------------------
2024-08-05 13:15:16,701 - INFO - TRAIN MODEL STAGE COMPLETED FOR SUBSET 11
2024-08-05 13:15:16,701 - INFO - ---------------------------
2024-08-05 13:15:16,701 - INFO - --------------------------------
2024-08-05 13:15:16,701 - INFO - EVALUATE MODEL STAGE STARTING FOR SUBSET 11...
2024-08-05 13:15:16,701 - INFO - --------------------------------
2024-08-05 13:15:16,713 - INFO - ROC AUC Score: 0.7366504854368932
2024-08-05 13:15:16,713 - INFO - Confusion Matrix: 
[[ 34  10]
 [ 69 137]]
2024-08-05 13:15:16,714 - INFO - Precision: 0.9319727891156463
2024-08-05 13:15:16,714 - INFO - Recall: 0.6650485436893204
2024-08-05 13:15:16,714 - INFO - Model evaluated successfully for subset 11.
2024-08-05 13:15:16,714 - INFO - ------------------------------
2024-08-05 13:15:16,714 - INFO - EVALUATE MODEL STAGE COMPLETED FOR SUBSET 11
2024-08-05 13:15:16,714 - INFO - ------------------------------
2024-08-05 13:15:16,714 - INFO - ------------------
2024-08-05 13:15:16,714 - INFO - PIPELINE COMPLETED
2024-08-05 13:15:16,714 - INFO - ------------------
