2024-08-02 17:56:20 - INFO - -------------------------------------------
2024-08-02 17:56:20 - INFO - Logging setup complete - starting pipeline.
2024-08-02 17:56:20 - INFO - -------------------------------------------
2024-08-02 17:56:20 - INFO - Global Seed set to: 1722635780
2024-08-02 17:56:42 - INFO - Datasets loaded successfully.
2024-08-02 17:56:42 - INFO - Starting preprocessing of the merged dataset...
2024-08-02 17:56:42 - INFO - ---------------------------------
2024-08-02 17:56:42 - INFO - PRE-PROCESSING STAGE STARTING...
2024-08-02 17:56:42 - INFO - ---------------------------------
2024-08-02 17:56:42 - INFO - Dropped initial columns: ['pain_when', 'is_smoker', 'per_day', 'max', 'amount', 'depression', 'anxiety', 'schizophrenia', 'max', 'amount', 'cocaine_inject_days', 'speedball_inject_days', 'opioid_inject_days', 'speed_inject_days', 'UDS_Alcohol_Count', 'UDS_Mdma/Hallucinogen_Count']
2024-08-02 17:56:42 - INFO - Converted Yes/No to binary.
2024-08-02 17:56:42 - INFO - Processed TLFB columns with specified columns: ['TLFB_Alcohol_Count', 'TLFB_Amphetamine_Count', 'TLFB_Cocaine_Count', 'TLFB_Heroin_Count', 'TLFB_Benzodiazepine_Count', 'TLFB_Opioid_Count', 'TLFB_THC_Count', 'TLFB_Methadone_Count', 'TLFB_Buprenorphine_Count']
2024-08-02 17:56:42 - INFO - Calculated behavioral columns.
2024-08-02 17:56:42 - INFO - Moved 'Rd_kostenB_1993' column to the end.
2024-08-02 17:56:42 - INFO - Dropped initial columns: ['msm_npt', 'msm_frq', 'txx_prt']
2024-08-02 17:56:42 - INFO - transform_data_with_nan_handling success
2024-08-02 17:56:42 - INFO - Renamed columns according to the mapping.
2024-08-02 17:56:42 - INFO - Transformed NaN to 0 for binary columns.
2024-08-02 17:56:42 - INFO - Transformed and renamed 'heroin_inject_days' column to 'rbsivheroin'.
2024-08-02 17:56:42 - INFO - Filled NaN with 0 for 'ftnd' column.
2024-08-02 17:56:42 - INFO - Dropped additional columns: ['rbs_iv_days', 'race', 'RBS_cocaine_Days', 'RBS_heroin_Days', 'RBS_opioid_Days', 'RBS_speed_Days', 'RBS_speedball_Days']
2024-08-02 17:56:42 - INFO - Converted UDS drug counts to binary.
2024-08-02 17:56:42 - INFO - ------------------------------
2024-08-02 17:56:42 - INFO - PRE-PROCESSING STAGE COMPLETED
2024-08-02 17:56:42 - INFO - ------------------------------
2024-08-02 17:56:42 - INFO - Merged dataset preprocessed successfully.
2024-08-02 17:56:42 - INFO - Creating demographic subsets from preprocessed data...
2024-08-02 17:56:51 - INFO - Created 11 subsets successfully.
2024-08-02 17:56:51 - INFO - Creating merged subsets from create_demographics_dfs function
2024-08-02 17:56:51 - INFO - Created 11 merged subsets successfully.
2024-08-02 17:56:51 - INFO - Subset 1 demographic makeup: 500 1, 238 3, 165 2, 97 4
2024-08-02 17:56:51 - INFO - Processing subset 1...
2024-08-02 17:56:51 - INFO - -----------------------------
2024-08-02 17:56:51 - INFO - TRAIN MODEL STAGE STARTING FOR SUBSET 1...
2024-08-02 17:56:51 - INFO - -----------------------------
2024-08-02 17:56:51 - INFO - Scaling features and applying LASSO for feature selection...
2024-08-02 17:56:53 - INFO - Selected features (including required): ['who', 'RaceEth', 'age', 'is_female', 'is_hispanic', 'unemployed', 'unstableliving', 'education', 'marital', 'UDS_Amphetamine_Count', 'UDS_Benzodiazepine_Count', 'UDS_Buprenorphine_Count', 'UDS_Cocaine_Count', 'UDS_Methadone_Count', 'UDS_Opioid_Count', 'UDS_Sedatives_Count', 'UDS_Thc_Count', 'pain', 'has_schizophrenia', 'has_major_dep', 'has_bipolar', 'has_anx_pan', 'has_brain_damage', 'has_epilepsy', 'has_opiates_dx', 'has_alcol_dx', 'has_amphetamines_dx', 'has_cannabis_dx', 'has_cocaine_dx', 'has_sedatives_dx', 'ftnd', 'XTRT', 'shared', 'rbsivheroin', 'TLFB_Alcohol_Count', 'TLFB_Amphetamine_Count', 'TLFB_Benzodiazepine_Count', 'TLFB_Buprenorphine_Count', 'TLFB_Cocaine_Count', 'TLFB_Heroin_Count', 'TLFB_Methadone_Count', 'TLFB_Opioid_Count', 'TLFB_THC_Count', 'TLFB_Other', 'Homosexual_Behavior', 'Non_monogamous_Relationships']
2024-08-02 17:56:53 - INFO - Fitting logistic regression model with the selected features...
2024-08-02 17:56:53 - INFO - Model training completed successfully.
2024-08-02 17:56:53 - INFO - Calculating the dynamic threshold based on the proportion of positive outcomes...
2024-08-02 17:56:53 - INFO - Ratio of 1s to 0s in the outcome variable: 0.50 : 0.50
2024-08-02 17:56:53 - INFO - Dynamic threshold set to: 0.496
2024-08-02 17:56:53 - INFO - Model trained and saved successfully for subset 1.
2024-08-02 17:56:53 - INFO - ---------------------------
2024-08-02 17:56:53 - INFO - TRAIN MODEL STAGE COMPLETED FOR SUBSET 1
2024-08-02 17:56:53 - INFO - ---------------------------
2024-08-02 17:56:53 - INFO - --------------------------------
2024-08-02 17:56:53 - INFO - EVALUATE MODEL STAGE STARTING FOR SUBSET 1...
2024-08-02 17:56:53 - INFO - --------------------------------
2024-08-02 17:56:53 - INFO - ROC AUC Score: 0.6205197132616487
2024-08-02 17:56:53 - INFO - Confusion Matrix: 
[[71 55]
 [51 73]]
2024-08-02 17:56:53 - INFO - Precision: 0.5703125
2024-08-02 17:56:53 - INFO - Recall: 0.5887096774193549
2024-08-02 17:56:53 - INFO - Model evaluated successfully for subset 1.
2024-08-02 17:56:53 - INFO - ------------------------------
2024-08-02 17:56:53 - INFO - EVALUATE MODEL STAGE COMPLETED FOR SUBSET 1
2024-08-02 17:56:53 - INFO - ------------------------------
2024-08-02 17:56:53 - INFO - Subset 2 demographic makeup: 550 1, 219 3, 143 2, 88 4
2024-08-02 17:56:53 - INFO - Processing subset 2...
2024-08-02 17:56:53 - INFO - -----------------------------
2024-08-02 17:56:53 - INFO - TRAIN MODEL STAGE STARTING FOR SUBSET 2...
2024-08-02 17:56:53 - INFO - -----------------------------
2024-08-02 17:56:53 - INFO - Scaling features and applying LASSO for feature selection...
2024-08-02 17:56:56 - INFO - Selected features (including required): ['who', 'RaceEth', 'age', 'is_female', 'is_hispanic', 'unemployed', 'unstableliving', 'education', 'marital', 'UDS_Amphetamine_Count', 'UDS_Benzodiazepine_Count', 'UDS_Buprenorphine_Count', 'UDS_Cocaine_Count', 'UDS_Methadone_Count', 'UDS_Opioid_Count', 'UDS_Sedatives_Count', 'UDS_Thc_Count', 'pain', 'has_schizophrenia', 'has_major_dep', 'has_bipolar', 'has_anx_pan', 'has_brain_damage', 'has_epilepsy', 'has_opiates_dx', 'has_alcol_dx', 'has_amphetamines_dx', 'has_cannabis_dx', 'has_cocaine_dx', 'has_sedatives_dx', 'ftnd', 'XTRT', 'shared', 'rbsivheroin', 'TLFB_Alcohol_Count', 'TLFB_Amphetamine_Count', 'TLFB_Benzodiazepine_Count', 'TLFB_Buprenorphine_Count', 'TLFB_Cocaine_Count', 'TLFB_Heroin_Count', 'TLFB_Methadone_Count', 'TLFB_Opioid_Count', 'TLFB_THC_Count', 'TLFB_Other', 'Homosexual_Behavior', 'Non_monogamous_Relationships']
2024-08-02 17:56:56 - INFO - Fitting logistic regression model with the selected features...
2024-08-02 17:56:56 - INFO - Model training completed successfully.
2024-08-02 17:56:56 - INFO - Calculating the dynamic threshold based on the proportion of positive outcomes...
2024-08-02 17:56:56 - INFO - Ratio of 1s to 0s in the outcome variable: 0.56 : 0.44
2024-08-02 17:56:56 - INFO - Dynamic threshold set to: 0.556
2024-08-02 17:56:56 - INFO - Model trained and saved successfully for subset 2.
2024-08-02 17:56:56 - INFO - ---------------------------
2024-08-02 17:56:56 - INFO - TRAIN MODEL STAGE COMPLETED FOR SUBSET 2
2024-08-02 17:56:56 - INFO - ---------------------------
2024-08-02 17:56:56 - INFO - --------------------------------
2024-08-02 17:56:56 - INFO - EVALUATE MODEL STAGE STARTING FOR SUBSET 2...
2024-08-02 17:56:56 - INFO - --------------------------------
2024-08-02 17:56:56 - INFO - ROC AUC Score: 0.6367878670036943
2024-08-02 17:56:56 - INFO - Confusion Matrix: 
[[84 27]
 [79 60]]
2024-08-02 17:56:56 - INFO - Precision: 0.6896551724137931
2024-08-02 17:56:56 - INFO - Recall: 0.4316546762589928
2024-08-02 17:56:56 - INFO - Model evaluated successfully for subset 2.
2024-08-02 17:56:56 - INFO - ------------------------------
2024-08-02 17:56:56 - INFO - EVALUATE MODEL STAGE COMPLETED FOR SUBSET 2
2024-08-02 17:56:56 - INFO - ------------------------------
2024-08-02 17:56:56 - INFO - Subset 3 demographic makeup: 600 1, 200 3, 125 2, 75 4
2024-08-02 17:56:56 - INFO - Processing subset 3...
2024-08-02 17:56:56 - INFO - -----------------------------
2024-08-02 17:56:56 - INFO - TRAIN MODEL STAGE STARTING FOR SUBSET 3...
2024-08-02 17:56:56 - INFO - -----------------------------
2024-08-02 17:56:56 - INFO - Scaling features and applying LASSO for feature selection...
2024-08-02 17:56:58 - INFO - Selected features (including required): ['who', 'RaceEth', 'age', 'is_female', 'is_hispanic', 'unemployed', 'unstableliving', 'education', 'marital', 'UDS_Amphetamine_Count', 'UDS_Benzodiazepine_Count', 'UDS_Buprenorphine_Count', 'UDS_Cocaine_Count', 'UDS_Methadone_Count', 'UDS_Opioid_Count', 'UDS_Sedatives_Count', 'UDS_Thc_Count', 'pain', 'has_schizophrenia', 'has_major_dep', 'has_bipolar', 'has_anx_pan', 'has_brain_damage', 'has_epilepsy', 'has_opiates_dx', 'has_alcol_dx', 'has_amphetamines_dx', 'has_cannabis_dx', 'has_cocaine_dx', 'has_sedatives_dx', 'ftnd', 'XTRT', 'shared', 'rbsivheroin', 'TLFB_Alcohol_Count', 'TLFB_Amphetamine_Count', 'TLFB_Benzodiazepine_Count', 'TLFB_Buprenorphine_Count', 'TLFB_Cocaine_Count', 'TLFB_Heroin_Count', 'TLFB_Methadone_Count', 'TLFB_Opioid_Count', 'TLFB_THC_Count', 'TLFB_Other', 'Homosexual_Behavior', 'Non_monogamous_Relationships']
2024-08-02 17:56:58 - INFO - Fitting logistic regression model with the selected features...
2024-08-02 17:56:59 - INFO - Model training completed successfully.
2024-08-02 17:56:59 - INFO - Calculating the dynamic threshold based on the proportion of positive outcomes...
2024-08-02 17:56:59 - INFO - Ratio of 1s to 0s in the outcome variable: 0.53 : 0.47
2024-08-02 17:56:59 - INFO - Dynamic threshold set to: 0.532
2024-08-02 17:56:59 - INFO - Model trained and saved successfully for subset 3.
2024-08-02 17:56:59 - INFO - ---------------------------
2024-08-02 17:56:59 - INFO - TRAIN MODEL STAGE COMPLETED FOR SUBSET 3
2024-08-02 17:56:59 - INFO - ---------------------------
2024-08-02 17:56:59 - INFO - --------------------------------
2024-08-02 17:56:59 - INFO - EVALUATE MODEL STAGE STARTING FOR SUBSET 3...
2024-08-02 17:56:59 - INFO - --------------------------------
2024-08-02 17:56:59 - INFO - ROC AUC Score: 0.6102435576119787
2024-08-02 17:56:59 - INFO - Confusion Matrix: 
[[75 42]
 [69 64]]
2024-08-02 17:56:59 - INFO - Precision: 0.6037735849056604
2024-08-02 17:56:59 - INFO - Recall: 0.48120300751879697
2024-08-02 17:56:59 - INFO - Model evaluated successfully for subset 3.
2024-08-02 17:56:59 - INFO - ------------------------------
2024-08-02 17:56:59 - INFO - EVALUATE MODEL STAGE COMPLETED FOR SUBSET 3
2024-08-02 17:56:59 - INFO - ------------------------------
2024-08-02 17:56:59 - INFO - Subset 4 demographic makeup: 650 1, 175 3, 109 2, 66 4
2024-08-02 17:56:59 - INFO - Processing subset 4...
2024-08-02 17:56:59 - INFO - -----------------------------
2024-08-02 17:56:59 - INFO - TRAIN MODEL STAGE STARTING FOR SUBSET 4...
2024-08-02 17:56:59 - INFO - -----------------------------
2024-08-02 17:56:59 - INFO - Scaling features and applying LASSO for feature selection...
2024-08-02 17:57:01 - INFO - Selected features (including required): ['who', 'RaceEth', 'age', 'is_female', 'is_hispanic', 'unemployed', 'unstableliving', 'education', 'marital', 'UDS_Amphetamine_Count', 'UDS_Benzodiazepine_Count', 'UDS_Buprenorphine_Count', 'UDS_Cocaine_Count', 'UDS_Methadone_Count', 'UDS_Opioid_Count', 'UDS_Sedatives_Count', 'UDS_Thc_Count', 'pain', 'has_schizophrenia', 'has_major_dep', 'has_bipolar', 'has_anx_pan', 'has_brain_damage', 'has_epilepsy', 'has_opiates_dx', 'has_alcol_dx', 'has_amphetamines_dx', 'has_cannabis_dx', 'has_cocaine_dx', 'has_sedatives_dx', 'ftnd', 'XTRT', 'shared', 'rbsivheroin', 'TLFB_Alcohol_Count', 'TLFB_Amphetamine_Count', 'TLFB_Benzodiazepine_Count', 'TLFB_Buprenorphine_Count', 'TLFB_Cocaine_Count', 'TLFB_Heroin_Count', 'TLFB_Methadone_Count', 'TLFB_Opioid_Count', 'TLFB_THC_Count', 'TLFB_Other', 'Homosexual_Behavior', 'Non_monogamous_Relationships']
2024-08-02 17:57:01 - INFO - Fitting logistic regression model with the selected features...
2024-08-02 17:57:01 - INFO - Model training completed successfully.
2024-08-02 17:57:01 - INFO - Calculating the dynamic threshold based on the proportion of positive outcomes...
2024-08-02 17:57:01 - INFO - Ratio of 1s to 0s in the outcome variable: 0.52 : 0.48
2024-08-02 17:57:01 - INFO - Dynamic threshold set to: 0.516
2024-08-02 17:57:01 - INFO - Model trained and saved successfully for subset 4.
2024-08-02 17:57:01 - INFO - ---------------------------
2024-08-02 17:57:01 - INFO - TRAIN MODEL STAGE COMPLETED FOR SUBSET 4
2024-08-02 17:57:01 - INFO - ---------------------------
2024-08-02 17:57:01 - INFO - --------------------------------
2024-08-02 17:57:01 - INFO - EVALUATE MODEL STAGE STARTING FOR SUBSET 4...
2024-08-02 17:57:01 - INFO - --------------------------------
2024-08-02 17:57:01 - INFO - ROC AUC Score: 0.6839003139214554
2024-08-02 17:57:01 - INFO - Confusion Matrix: 
[[73 48]
 [41 88]]
2024-08-02 17:57:01 - INFO - Precision: 0.6470588235294118
2024-08-02 17:57:01 - INFO - Recall: 0.6821705426356589
2024-08-02 17:57:01 - INFO - Model evaluated successfully for subset 4.
2024-08-02 17:57:01 - INFO - ------------------------------
2024-08-02 17:57:01 - INFO - EVALUATE MODEL STAGE COMPLETED FOR SUBSET 4
2024-08-02 17:57:01 - INFO - ------------------------------
2024-08-02 17:57:01 - INFO - Subset 5 demographic makeup: 700 1, 150 3, 94 2, 56 4
2024-08-02 17:57:01 - INFO - Processing subset 5...
2024-08-02 17:57:01 - INFO - -----------------------------
2024-08-02 17:57:01 - INFO - TRAIN MODEL STAGE STARTING FOR SUBSET 5...
2024-08-02 17:57:01 - INFO - -----------------------------
2024-08-02 17:57:01 - INFO - Scaling features and applying LASSO for feature selection...
2024-08-02 17:57:03 - INFO - Selected features (including required): ['who', 'RaceEth', 'age', 'is_female', 'is_hispanic', 'unemployed', 'unstableliving', 'education', 'marital', 'UDS_Amphetamine_Count', 'UDS_Benzodiazepine_Count', 'UDS_Buprenorphine_Count', 'UDS_Cocaine_Count', 'UDS_Methadone_Count', 'UDS_Opioid_Count', 'UDS_Sedatives_Count', 'UDS_Thc_Count', 'pain', 'has_schizophrenia', 'has_major_dep', 'has_bipolar', 'has_anx_pan', 'has_brain_damage', 'has_epilepsy', 'has_opiates_dx', 'has_alcol_dx', 'has_amphetamines_dx', 'has_cannabis_dx', 'has_cocaine_dx', 'has_sedatives_dx', 'ftnd', 'XTRT', 'shared', 'rbsivheroin', 'TLFB_Alcohol_Count', 'TLFB_Amphetamine_Count', 'TLFB_Benzodiazepine_Count', 'TLFB_Buprenorphine_Count', 'TLFB_Cocaine_Count', 'TLFB_Heroin_Count', 'TLFB_Methadone_Count', 'TLFB_Opioid_Count', 'TLFB_THC_Count', 'TLFB_Other', 'Homosexual_Behavior', 'Non_monogamous_Relationships']
2024-08-02 17:57:03 - INFO - Fitting logistic regression model with the selected features...
2024-08-02 17:57:04 - INFO - Model training completed successfully.
2024-08-02 17:57:04 - INFO - Calculating the dynamic threshold based on the proportion of positive outcomes...
2024-08-02 17:57:04 - INFO - Ratio of 1s to 0s in the outcome variable: 0.52 : 0.48
2024-08-02 17:57:04 - INFO - Dynamic threshold set to: 0.52
2024-08-02 17:57:04 - INFO - Model trained and saved successfully for subset 5.
2024-08-02 17:57:04 - INFO - ---------------------------
2024-08-02 17:57:04 - INFO - TRAIN MODEL STAGE COMPLETED FOR SUBSET 5
2024-08-02 17:57:04 - INFO - ---------------------------
2024-08-02 17:57:04 - INFO - --------------------------------
2024-08-02 17:57:04 - INFO - EVALUATE MODEL STAGE STARTING FOR SUBSET 5...
2024-08-02 17:57:04 - INFO - --------------------------------
2024-08-02 17:57:04 - INFO - ROC AUC Score: 0.6378205128205128
2024-08-02 17:57:04 - INFO - Confusion Matrix: 
[[61 59]
 [46 84]]
2024-08-02 17:57:04 - INFO - Precision: 0.5874125874125874
2024-08-02 17:57:04 - INFO - Recall: 0.6461538461538462
2024-08-02 17:57:04 - INFO - Model evaluated successfully for subset 5.
2024-08-02 17:57:04 - INFO - ------------------------------
2024-08-02 17:57:04 - INFO - EVALUATE MODEL STAGE COMPLETED FOR SUBSET 5
2024-08-02 17:57:04 - INFO - ------------------------------
2024-08-02 17:57:04 - INFO - Subset 6 demographic makeup: 750 1, 125 3, 81 2, 44 4
2024-08-02 17:57:04 - INFO - Processing subset 6...
2024-08-02 17:57:04 - INFO - -----------------------------
2024-08-02 17:57:04 - INFO - TRAIN MODEL STAGE STARTING FOR SUBSET 6...
2024-08-02 17:57:04 - INFO - -----------------------------
2024-08-02 17:57:04 - INFO - Scaling features and applying LASSO for feature selection...
2024-08-02 17:57:05 - INFO - Selected features (including required): ['who', 'RaceEth', 'age', 'is_female', 'is_hispanic', 'unemployed', 'unstableliving', 'education', 'marital', 'UDS_Amphetamine_Count', 'UDS_Benzodiazepine_Count', 'UDS_Buprenorphine_Count', 'UDS_Cocaine_Count', 'UDS_Methadone_Count', 'UDS_Opioid_Count', 'UDS_Sedatives_Count', 'UDS_Thc_Count', 'pain', 'has_schizophrenia', 'has_major_dep', 'has_bipolar', 'has_anx_pan', 'has_brain_damage', 'has_epilepsy', 'has_opiates_dx', 'has_alcol_dx', 'has_amphetamines_dx', 'has_cannabis_dx', 'has_cocaine_dx', 'has_sedatives_dx', 'ftnd', 'XTRT', 'shared', 'rbsivheroin', 'TLFB_Alcohol_Count', 'TLFB_Amphetamine_Count', 'TLFB_Benzodiazepine_Count', 'TLFB_Buprenorphine_Count', 'TLFB_Cocaine_Count', 'TLFB_Heroin_Count', 'TLFB_Methadone_Count', 'TLFB_Opioid_Count', 'TLFB_THC_Count', 'TLFB_Other', 'Homosexual_Behavior', 'Non_monogamous_Relationships']
2024-08-02 17:57:05 - INFO - Fitting logistic regression model with the selected features...
2024-08-02 17:57:06 - INFO - Model training completed successfully.
2024-08-02 17:57:06 - INFO - Calculating the dynamic threshold based on the proportion of positive outcomes...
2024-08-02 17:57:06 - INFO - Ratio of 1s to 0s in the outcome variable: 0.52 : 0.48
2024-08-02 17:57:06 - INFO - Dynamic threshold set to: 0.52
2024-08-02 17:57:06 - INFO - Model trained and saved successfully for subset 6.
2024-08-02 17:57:06 - INFO - ---------------------------
2024-08-02 17:57:06 - INFO - TRAIN MODEL STAGE COMPLETED FOR SUBSET 6
2024-08-02 17:57:06 - INFO - ---------------------------
2024-08-02 17:57:06 - INFO - --------------------------------
2024-08-02 17:57:06 - INFO - EVALUATE MODEL STAGE STARTING FOR SUBSET 6...
2024-08-02 17:57:06 - INFO - --------------------------------
2024-08-02 17:57:06 - INFO - ROC AUC Score: 0.6568589743589744
2024-08-02 17:57:06 - INFO - Confusion Matrix: 
[[73 47]
 [50 80]]
2024-08-02 17:57:06 - INFO - Precision: 0.6299212598425197
2024-08-02 17:57:06 - INFO - Recall: 0.6153846153846154
2024-08-02 17:57:06 - INFO - Model evaluated successfully for subset 6.
2024-08-02 17:57:06 - INFO - ------------------------------
2024-08-02 17:57:06 - INFO - EVALUATE MODEL STAGE COMPLETED FOR SUBSET 6
2024-08-02 17:57:06 - INFO - ------------------------------
2024-08-02 17:57:06 - INFO - Subset 7 demographic makeup: 800 1, 100 3, 64 2, 36 4
2024-08-02 17:57:06 - INFO - Processing subset 7...
2024-08-02 17:57:06 - INFO - -----------------------------
2024-08-02 17:57:06 - INFO - TRAIN MODEL STAGE STARTING FOR SUBSET 7...
2024-08-02 17:57:06 - INFO - -----------------------------
2024-08-02 17:57:06 - INFO - Scaling features and applying LASSO for feature selection...
2024-08-02 17:57:12 - INFO - Selected features (including required): ['who', 'RaceEth', 'age', 'is_female', 'is_hispanic', 'unemployed', 'unstableliving', 'education', 'marital', 'UDS_Amphetamine_Count', 'UDS_Benzodiazepine_Count', 'UDS_Buprenorphine_Count', 'UDS_Cocaine_Count', 'UDS_Methadone_Count', 'UDS_Opioid_Count', 'UDS_Sedatives_Count', 'UDS_Thc_Count', 'pain', 'has_schizophrenia', 'has_major_dep', 'has_bipolar', 'has_anx_pan', 'has_brain_damage', 'has_epilepsy', 'has_opiates_dx', 'has_alcol_dx', 'has_amphetamines_dx', 'has_cannabis_dx', 'has_cocaine_dx', 'has_sedatives_dx', 'ftnd', 'XTRT', 'shared', 'rbsivheroin', 'TLFB_Alcohol_Count', 'TLFB_Amphetamine_Count', 'TLFB_Benzodiazepine_Count', 'TLFB_Buprenorphine_Count', 'TLFB_Cocaine_Count', 'TLFB_Heroin_Count', 'TLFB_Methadone_Count', 'TLFB_Opioid_Count', 'TLFB_THC_Count', 'TLFB_Other', 'Homosexual_Behavior', 'Non_monogamous_Relationships']
2024-08-02 17:57:12 - INFO - Fitting logistic regression model with the selected features...
2024-08-02 17:57:13 - INFO - Model training completed successfully.
2024-08-02 17:57:13 - INFO - Calculating the dynamic threshold based on the proportion of positive outcomes...
2024-08-02 17:57:13 - INFO - Ratio of 1s to 0s in the outcome variable: 0.55 : 0.45
2024-08-02 17:57:13 - INFO - Dynamic threshold set to: 0.548
2024-08-02 17:57:13 - INFO - Model trained and saved successfully for subset 7.
2024-08-02 17:57:13 - INFO - ---------------------------
2024-08-02 17:57:13 - INFO - TRAIN MODEL STAGE COMPLETED FOR SUBSET 7
2024-08-02 17:57:13 - INFO - ---------------------------
2024-08-02 17:57:13 - INFO - --------------------------------
2024-08-02 17:57:13 - INFO - EVALUATE MODEL STAGE STARTING FOR SUBSET 7...
2024-08-02 17:57:13 - INFO - --------------------------------
2024-08-02 17:57:13 - INFO - ROC AUC Score: 0.6773464246495705
2024-08-02 17:57:13 - INFO - Confusion Matrix: 
[[76 37]
 [61 76]]
2024-08-02 17:57:13 - INFO - Precision: 0.672566371681416
2024-08-02 17:57:13 - INFO - Recall: 0.5547445255474452
2024-08-02 17:57:13 - INFO - Model evaluated successfully for subset 7.
2024-08-02 17:57:13 - INFO - ------------------------------
2024-08-02 17:57:13 - INFO - EVALUATE MODEL STAGE COMPLETED FOR SUBSET 7
2024-08-02 17:57:13 - INFO - ------------------------------
2024-08-02 17:57:13 - INFO - Subset 8 demographic makeup: 850 1, 72 3, 46 2, 32 4
2024-08-02 17:57:13 - INFO - Processing subset 8...
2024-08-02 17:57:13 - INFO - -----------------------------
2024-08-02 17:57:13 - INFO - TRAIN MODEL STAGE STARTING FOR SUBSET 8...
2024-08-02 17:57:13 - INFO - -----------------------------
2024-08-02 17:57:13 - INFO - Scaling features and applying LASSO for feature selection...
2024-08-02 17:57:15 - INFO - Selected features (including required): ['who', 'RaceEth', 'age', 'is_female', 'is_hispanic', 'unemployed', 'unstableliving', 'education', 'marital', 'UDS_Amphetamine_Count', 'UDS_Benzodiazepine_Count', 'UDS_Buprenorphine_Count', 'UDS_Cocaine_Count', 'UDS_Methadone_Count', 'UDS_Opioid_Count', 'UDS_Sedatives_Count', 'UDS_Thc_Count', 'pain', 'has_schizophrenia', 'has_major_dep', 'has_bipolar', 'has_anx_pan', 'has_brain_damage', 'has_epilepsy', 'has_opiates_dx', 'has_alcol_dx', 'has_amphetamines_dx', 'has_cannabis_dx', 'has_cocaine_dx', 'has_sedatives_dx', 'ftnd', 'XTRT', 'shared', 'rbsivheroin', 'TLFB_Alcohol_Count', 'TLFB_Amphetamine_Count', 'TLFB_Benzodiazepine_Count', 'TLFB_Buprenorphine_Count', 'TLFB_Cocaine_Count', 'TLFB_Heroin_Count', 'TLFB_Methadone_Count', 'TLFB_Opioid_Count', 'TLFB_THC_Count', 'TLFB_Other', 'Homosexual_Behavior', 'Non_monogamous_Relationships']
2024-08-02 17:57:15 - INFO - Fitting logistic regression model with the selected features...
2024-08-02 17:57:16 - INFO - Model training completed successfully.
2024-08-02 17:57:16 - INFO - Calculating the dynamic threshold based on the proportion of positive outcomes...
2024-08-02 17:57:16 - INFO - Ratio of 1s to 0s in the outcome variable: 0.52 : 0.48
2024-08-02 17:57:16 - INFO - Dynamic threshold set to: 0.516
2024-08-02 17:57:16 - INFO - Model trained and saved successfully for subset 8.
2024-08-02 17:57:16 - INFO - ---------------------------
2024-08-02 17:57:16 - INFO - TRAIN MODEL STAGE COMPLETED FOR SUBSET 8
2024-08-02 17:57:16 - INFO - ---------------------------
2024-08-02 17:57:16 - INFO - --------------------------------
2024-08-02 17:57:16 - INFO - EVALUATE MODEL STAGE STARTING FOR SUBSET 8...
2024-08-02 17:57:16 - INFO - --------------------------------
2024-08-02 17:57:16 - INFO - ROC AUC Score: 0.661797680825165
2024-08-02 17:57:16 - INFO - Confusion Matrix: 
[[62 59]
 [40 89]]
2024-08-02 17:57:16 - INFO - Precision: 0.6013513513513513
2024-08-02 17:57:16 - INFO - Recall: 0.689922480620155
2024-08-02 17:57:16 - INFO - Model evaluated successfully for subset 8.
2024-08-02 17:57:16 - INFO - ------------------------------
2024-08-02 17:57:16 - INFO - EVALUATE MODEL STAGE COMPLETED FOR SUBSET 8
2024-08-02 17:57:16 - INFO - ------------------------------
2024-08-02 17:57:16 - INFO - Subset 9 demographic makeup: 900 1, 49 3, 31 2, 20 4
2024-08-02 17:57:16 - INFO - Processing subset 9...
2024-08-02 17:57:16 - INFO - -----------------------------
2024-08-02 17:57:16 - INFO - TRAIN MODEL STAGE STARTING FOR SUBSET 9...
2024-08-02 17:57:16 - INFO - -----------------------------
2024-08-02 17:57:16 - INFO - Scaling features and applying LASSO for feature selection...
2024-08-02 17:57:18 - INFO - Selected features (including required): ['who', 'RaceEth', 'age', 'is_female', 'is_hispanic', 'unemployed', 'unstableliving', 'education', 'marital', 'UDS_Amphetamine_Count', 'UDS_Benzodiazepine_Count', 'UDS_Buprenorphine_Count', 'UDS_Cocaine_Count', 'UDS_Methadone_Count', 'UDS_Opioid_Count', 'UDS_Sedatives_Count', 'UDS_Thc_Count', 'pain', 'has_schizophrenia', 'has_major_dep', 'has_bipolar', 'has_anx_pan', 'has_brain_damage', 'has_epilepsy', 'has_opiates_dx', 'has_alcol_dx', 'has_amphetamines_dx', 'has_cannabis_dx', 'has_cocaine_dx', 'has_sedatives_dx', 'ftnd', 'XTRT', 'shared', 'rbsivheroin', 'TLFB_Alcohol_Count', 'TLFB_Amphetamine_Count', 'TLFB_Benzodiazepine_Count', 'TLFB_Buprenorphine_Count', 'TLFB_Cocaine_Count', 'TLFB_Heroin_Count', 'TLFB_Methadone_Count', 'TLFB_Opioid_Count', 'TLFB_THC_Count', 'TLFB_Other', 'Homosexual_Behavior', 'Non_monogamous_Relationships']
2024-08-02 17:57:18 - INFO - Fitting logistic regression model with the selected features...
2024-08-02 17:57:19 - INFO - Model training completed successfully.
2024-08-02 17:57:19 - INFO - Calculating the dynamic threshold based on the proportion of positive outcomes...
2024-08-02 17:57:19 - INFO - Ratio of 1s to 0s in the outcome variable: 0.51 : 0.49
2024-08-02 17:57:19 - INFO - Dynamic threshold set to: 0.512
2024-08-02 17:57:19 - INFO - Model trained and saved successfully for subset 9.
2024-08-02 17:57:19 - INFO - ---------------------------
2024-08-02 17:57:19 - INFO - TRAIN MODEL STAGE COMPLETED FOR SUBSET 9
2024-08-02 17:57:19 - INFO - ---------------------------
2024-08-02 17:57:19 - INFO - --------------------------------
2024-08-02 17:57:19 - INFO - EVALUATE MODEL STAGE STARTING FOR SUBSET 9...
2024-08-02 17:57:19 - INFO - --------------------------------
2024-08-02 17:57:19 - INFO - ROC AUC Score: 0.6677766393442623
2024-08-02 17:57:19 - INFO - Confusion Matrix: 
[[56 66]
 [37 91]]
2024-08-02 17:57:19 - INFO - Precision: 0.5796178343949044
2024-08-02 17:57:19 - INFO - Recall: 0.7109375
2024-08-02 17:57:19 - INFO - Model evaluated successfully for subset 9.
2024-08-02 17:57:19 - INFO - ------------------------------
2024-08-02 17:57:19 - INFO - EVALUATE MODEL STAGE COMPLETED FOR SUBSET 9
2024-08-02 17:57:19 - INFO - ------------------------------
2024-08-02 17:57:19 - INFO - Subset 10 demographic makeup: 950 1, 22 3, 17 2, 11 4
2024-08-02 17:57:19 - INFO - Processing subset 10...
2024-08-02 17:57:19 - INFO - -----------------------------
2024-08-02 17:57:19 - INFO - TRAIN MODEL STAGE STARTING FOR SUBSET 10...
2024-08-02 17:57:19 - INFO - -----------------------------
2024-08-02 17:57:19 - INFO - Scaling features and applying LASSO for feature selection...
2024-08-02 17:57:23 - INFO - Selected features (including required): ['who', 'RaceEth', 'age', 'is_female', 'is_hispanic', 'unemployed', 'unstableliving', 'education', 'marital', 'UDS_Amphetamine_Count', 'UDS_Benzodiazepine_Count', 'UDS_Buprenorphine_Count', 'UDS_Cocaine_Count', 'UDS_Methadone_Count', 'UDS_Opioid_Count', 'UDS_Sedatives_Count', 'UDS_Thc_Count', 'pain', 'has_schizophrenia', 'has_major_dep', 'has_bipolar', 'has_anx_pan', 'has_brain_damage', 'has_epilepsy', 'has_opiates_dx', 'has_alcol_dx', 'has_amphetamines_dx', 'has_cannabis_dx', 'has_cocaine_dx', 'has_sedatives_dx', 'ftnd', 'XTRT', 'shared', 'rbsivheroin', 'TLFB_Alcohol_Count', 'TLFB_Amphetamine_Count', 'TLFB_Benzodiazepine_Count', 'TLFB_Buprenorphine_Count', 'TLFB_Cocaine_Count', 'TLFB_Heroin_Count', 'TLFB_Methadone_Count', 'TLFB_Opioid_Count', 'TLFB_THC_Count', 'TLFB_Other', 'Homosexual_Behavior', 'Non_monogamous_Relationships']
2024-08-02 17:57:23 - INFO - Fitting logistic regression model with the selected features...
2024-08-02 17:57:24 - INFO - Model training completed successfully.
2024-08-02 17:57:24 - INFO - Calculating the dynamic threshold based on the proportion of positive outcomes...
2024-08-02 17:57:24 - INFO - Ratio of 1s to 0s in the outcome variable: 0.55 : 0.45
2024-08-02 17:57:24 - INFO - Dynamic threshold set to: 0.552
2024-08-02 17:57:24 - INFO - Model trained and saved successfully for subset 10.
2024-08-02 17:57:24 - INFO - ---------------------------
2024-08-02 17:57:24 - INFO - TRAIN MODEL STAGE COMPLETED FOR SUBSET 10
2024-08-02 17:57:24 - INFO - ---------------------------
2024-08-02 17:57:24 - INFO - --------------------------------
2024-08-02 17:57:24 - INFO - EVALUATE MODEL STAGE STARTING FOR SUBSET 10...
2024-08-02 17:57:24 - INFO - --------------------------------
2024-08-02 17:57:24 - INFO - ROC AUC Score: 0.6847826086956522
2024-08-02 17:57:24 - INFO - Confusion Matrix: 
[[72 40]
 [52 86]]
2024-08-02 17:57:24 - INFO - Precision: 0.6825396825396826
2024-08-02 17:57:24 - INFO - Recall: 0.6231884057971014
2024-08-02 17:57:24 - INFO - Model evaluated successfully for subset 10.
2024-08-02 17:57:24 - INFO - ------------------------------
2024-08-02 17:57:24 - INFO - EVALUATE MODEL STAGE COMPLETED FOR SUBSET 10
2024-08-02 17:57:24 - INFO - ------------------------------
2024-08-02 17:57:24 - INFO - Subset 11 demographic makeup: 1000 1
2024-08-02 17:57:24 - INFO - Processing subset 11...
2024-08-02 17:57:24 - INFO - -----------------------------
2024-08-02 17:57:24 - INFO - TRAIN MODEL STAGE STARTING FOR SUBSET 11...
2024-08-02 17:57:24 - INFO - -----------------------------
2024-08-02 17:57:24 - INFO - Scaling features and applying LASSO for feature selection...
2024-08-02 17:57:27 - INFO - Selected features (including required): ['who', 'age', 'is_female', 'unemployed', 'unstableliving', 'education', 'marital', 'UDS_Amphetamine_Count', 'UDS_Benzodiazepine_Count', 'UDS_Buprenorphine_Count', 'UDS_Cocaine_Count', 'UDS_Methadone_Count', 'UDS_Opioid_Count', 'UDS_Sedatives_Count', 'UDS_Thc_Count', 'pain', 'has_schizophrenia', 'has_major_dep', 'has_bipolar', 'has_anx_pan', 'has_brain_damage', 'has_epilepsy', 'has_opiates_dx', 'has_alcol_dx', 'has_amphetamines_dx', 'has_cannabis_dx', 'has_cocaine_dx', 'has_sedatives_dx', 'ftnd', 'XTRT', 'shared', 'rbsivheroin', 'TLFB_Alcohol_Count', 'TLFB_Amphetamine_Count', 'TLFB_Benzodiazepine_Count', 'TLFB_Buprenorphine_Count', 'TLFB_Cocaine_Count', 'TLFB_Heroin_Count', 'TLFB_Methadone_Count', 'TLFB_Opioid_Count', 'TLFB_THC_Count', 'TLFB_Other', 'Homosexual_Behavior', 'Non_monogamous_Relationships']
2024-08-02 17:57:27 - INFO - Fitting logistic regression model with the selected features...
2024-08-02 17:57:28 - INFO - Model training completed successfully.
2024-08-02 17:57:28 - INFO - Calculating the dynamic threshold based on the proportion of positive outcomes...
2024-08-02 17:57:28 - INFO - Ratio of 1s to 0s in the outcome variable: 0.59 : 0.41
2024-08-02 17:57:28 - INFO - Dynamic threshold set to: 0.588
2024-08-02 17:57:28 - INFO - Model trained and saved successfully for subset 11.
2024-08-02 17:57:28 - INFO - ---------------------------
2024-08-02 17:57:28 - INFO - TRAIN MODEL STAGE COMPLETED FOR SUBSET 11
2024-08-02 17:57:28 - INFO - ---------------------------
2024-08-02 17:57:28 - INFO - --------------------------------
2024-08-02 17:57:28 - INFO - EVALUATE MODEL STAGE STARTING FOR SUBSET 11...
2024-08-02 17:57:28 - INFO - --------------------------------
2024-08-02 17:57:28 - INFO - ROC AUC Score: 0.6677234000396274
2024-08-02 17:57:28 - INFO - Confusion Matrix: 
[[76 27]
 [72 75]]
2024-08-02 17:57:28 - INFO - Precision: 0.7352941176470589
2024-08-02 17:57:28 - INFO - Recall: 0.5102040816326531
2024-08-02 17:57:28 - INFO - Model evaluated successfully for subset 11.
2024-08-02 17:57:28 - INFO - ------------------------------
2024-08-02 17:57:28 - INFO - EVALUATE MODEL STAGE COMPLETED FOR SUBSET 11
2024-08-02 17:57:28 - INFO - ------------------------------
2024-08-02 17:57:28 - INFO - ------------------
2024-08-02 17:57:28 - INFO - PIPELINE COMPLETED
2024-08-02 17:57:28 - INFO - ------------------
