2024-08-14 12:32:19,266 - INFO - Global Seed set to: 1
2024-08-14 12:32:19,267 - INFO - Outcome Name: Rs_johnson_1992
2024-08-14 12:32:19,321 - INFO - Datasets loaded successfully.
2024-08-14 12:32:19,325 - INFO - Starting preprocessing of the merged dataset...
2024-08-14 12:32:19,325 - INFO - ---------------------------------
2024-08-14 12:32:19,325 - INFO - PRE-PROCESSING STAGE STARTING...
2024-08-14 12:32:19,325 - INFO - ---------------------------------
2024-08-14 12:32:19,415 - INFO - Dropped initial columns: ['pain_when', 'is_smoker', 'per_day', 'max', 'amount', 'depression', 'anxiety', 'schizophrenia', 'max', 'amount', 'cocaine_inject_days', 'speedball_inject_days', 'opioid_inject_days', 'speed_inject_days', 'UDS_Alcohol_Count', 'UDS_Mdma/Hallucinogen_Count']
2024-08-14 12:32:19,463 - INFO - Converted Yes/No to binary.
2024-08-14 12:32:19,473 - INFO - Processed TLFB columns with specified columns: ['TLFB_Alcohol_Count', 'TLFB_Amphetamine_Count', 'TLFB_Cocaine_Count', 'TLFB_Heroin_Count', 'TLFB_Benzodiazepine_Count', 'TLFB_Opioid_Count', 'TLFB_THC_Count', 'TLFB_Methadone_Count', 'TLFB_Buprenorphine_Count']
2024-08-14 12:32:19,475 - INFO - Calculated behavioral columns.
2024-08-14 12:32:19,477 - INFO - Moved 'Rs_johnson_1992' column to the end.
2024-08-14 12:32:19,557 - INFO - Dropped initial columns: ['msm_npt', 'msm_frq', 'txx_prt']
2024-08-14 12:32:19,571 - INFO - transform_data_with_nan_handling success
2024-08-14 12:32:19,572 - INFO - Renamed columns according to the mapping.
2024-08-14 12:32:19,599 - INFO - Transformed NaN to 0 for binary columns.
2024-08-14 12:32:19,601 - INFO - Transformed and renamed 'heroin_inject_days' column to 'rbsivheroin'.
2024-08-14 12:32:19,603 - INFO - Filled NaN with 0 for 'ftnd' column.
2024-08-14 12:32:19,680 - INFO - Dropped additional columns: ['rbs_iv_days', 'race', 'RBS_cocaine_Days', 'RBS_heroin_Days', 'RBS_opioid_Days', 'RBS_speed_Days', 'RBS_speedball_Days']
2024-08-14 12:32:19,697 - INFO - Converted UDS drug counts to binary.
2024-08-14 12:32:19,761 - INFO - ------------------------------
2024-08-14 12:32:19,761 - INFO - PRE-PROCESSING STAGE COMPLETED
2024-08-14 12:32:19,762 - INFO - ------------------------------
2024-08-14 12:32:19,762 - INFO - Merged dataset preprocessed successfully.
2024-08-14 12:32:19,762 - INFO - Creating demographic subsets from preprocessed data...
2024-08-14 12:32:27,101 - INFO - Created 11 subsets successfully.
2024-08-14 12:32:27,101 - INFO - Creating merged subsets from create_demographics_dfs function
2024-08-14 12:32:27,186 - INFO - Created 11 merged subsets successfully.
2024-08-14 12:32:27,187 - INFO - Subset 1 demographic makeup: 500 1, 239 3, 162 2, 99 4
2024-08-14 12:32:27,187 - INFO - Processing subset 1...
2024-08-14 12:32:27,187 - INFO - -----------------------------
2024-08-14 12:32:27,187 - INFO - TRAIN MODEL STAGE STARTING FOR SUBSET 1...
2024-08-14 12:32:27,187 - INFO - -----------------------------
2024-08-14 12:32:27,192 - INFO - Scaling features and applying LASSO for feature selection...
2024-08-14 12:32:29,039 - INFO - Selected features (including required): ['who', 'RaceEth', 'age', 'is_female', 'is_hispanic', 'unemployed', 'unstableliving', 'education', 'marital', 'UDS_Amphetamine_Count', 'UDS_Benzodiazepine_Count', 'UDS_Buprenorphine_Count', 'UDS_Cocaine_Count', 'UDS_Methadone_Count', 'UDS_Opioid_Count', 'UDS_Sedatives_Count', 'UDS_Thc_Count', 'pain', 'has_schizophrenia', 'has_major_dep', 'has_bipolar', 'has_anx_pan', 'has_brain_damage', 'has_epilepsy', 'has_alcol_dx', 'has_amphetamines_dx', 'has_cannabis_dx', 'has_cocaine_dx', 'has_sedatives_dx', 'ftnd', 'XTRT', 'shared', 'rbsivheroin', 'TLFB_Alcohol_Count', 'TLFB_Amphetamine_Count', 'TLFB_Benzodiazepine_Count', 'TLFB_Buprenorphine_Count', 'TLFB_Cocaine_Count', 'TLFB_Heroin_Count', 'TLFB_Methadone_Count', 'TLFB_Opioid_Count', 'TLFB_THC_Count', 'TLFB_Other', 'Homosexual_Behavior', 'Non_monogamous_Relationships']
2024-08-14 12:32:29,044 - INFO - Fitting logistic regression model with the selected features...
2024-08-14 12:32:29,479 - INFO - Model training completed successfully.
2024-08-14 12:32:29,479 - INFO - Calculating the dynamic threshold based on the proportion of positive outcomes...
2024-08-14 12:32:29,479 - INFO - Ratio of 1s to 0s in the outcome variable: 0.89 : 0.11
2024-08-14 12:32:29,479 - INFO - Dynamic threshold set to: 0.888
2024-08-14 12:32:29,480 - INFO - Model trained and saved successfully for subset 1.
2024-08-14 12:32:29,480 - INFO - ---------------------------
2024-08-14 12:32:29,480 - INFO - TRAIN MODEL STAGE COMPLETED FOR SUBSET 1
2024-08-14 12:32:29,480 - INFO - ---------------------------
2024-08-14 12:32:29,480 - INFO - --------------------------------
2024-08-14 12:32:29,480 - INFO - EVALUATE MODEL STAGE STARTING FOR SUBSET 1...
2024-08-14 12:32:29,480 - INFO - --------------------------------
2024-08-14 12:32:29,502 - INFO - ROC AUC Score: 0.6357786357786358
2024-08-14 12:32:29,502 - INFO - Confusion Matrix: 
[[ 15  13]
 [ 85 137]]
2024-08-14 12:32:29,503 - INFO - Precision: 0.9133333333333333
2024-08-14 12:32:29,503 - INFO - Recall: 0.6171171171171171
2024-08-14 12:32:29,503 - INFO - Model evaluated successfully for subset 1.
2024-08-14 12:32:29,503 - INFO - ------------------------------
2024-08-14 12:32:29,503 - INFO - EVALUATE MODEL STAGE COMPLETED FOR SUBSET 1
2024-08-14 12:32:29,503 - INFO - ------------------------------
2024-08-14 12:32:29,504 - INFO - Subset 2 demographic makeup: 550 1, 216 3, 146 2, 88 4
2024-08-14 12:32:29,504 - INFO - Processing subset 2...
2024-08-14 12:32:29,504 - INFO - -----------------------------
2024-08-14 12:32:29,505 - INFO - TRAIN MODEL STAGE STARTING FOR SUBSET 2...
2024-08-14 12:32:29,505 - INFO - -----------------------------
2024-08-14 12:32:29,511 - INFO - Scaling features and applying LASSO for feature selection...
2024-08-14 12:32:31,435 - INFO - Selected features (including required): ['who', 'RaceEth', 'age', 'is_female', 'is_hispanic', 'unemployed', 'unstableliving', 'education', 'marital', 'UDS_Amphetamine_Count', 'UDS_Benzodiazepine_Count', 'UDS_Buprenorphine_Count', 'UDS_Cocaine_Count', 'UDS_Methadone_Count', 'UDS_Opioid_Count', 'UDS_Sedatives_Count', 'UDS_Thc_Count', 'pain', 'has_schizophrenia', 'has_major_dep', 'has_bipolar', 'has_anx_pan', 'has_brain_damage', 'has_epilepsy', 'has_alcol_dx', 'has_amphetamines_dx', 'has_cannabis_dx', 'has_cocaine_dx', 'has_sedatives_dx', 'ftnd', 'XTRT', 'shared', 'rbsivheroin', 'TLFB_Alcohol_Count', 'TLFB_Amphetamine_Count', 'TLFB_Benzodiazepine_Count', 'TLFB_Buprenorphine_Count', 'TLFB_Cocaine_Count', 'TLFB_Heroin_Count', 'TLFB_Methadone_Count', 'TLFB_Opioid_Count', 'TLFB_THC_Count', 'TLFB_Other', 'Homosexual_Behavior', 'Non_monogamous_Relationships']
2024-08-14 12:32:31,441 - INFO - Fitting logistic regression model with the selected features...
2024-08-14 12:32:31,948 - INFO - Model training completed successfully.
2024-08-14 12:32:31,948 - INFO - Calculating the dynamic threshold based on the proportion of positive outcomes...
2024-08-14 12:32:31,948 - INFO - Ratio of 1s to 0s in the outcome variable: 0.90 : 0.10
2024-08-14 12:32:31,948 - INFO - Dynamic threshold set to: 0.904
2024-08-14 12:32:31,948 - INFO - Model trained and saved successfully for subset 2.
2024-08-14 12:32:31,948 - INFO - ---------------------------
2024-08-14 12:32:31,948 - INFO - TRAIN MODEL STAGE COMPLETED FOR SUBSET 2
2024-08-14 12:32:31,949 - INFO - ---------------------------
2024-08-14 12:32:31,949 - INFO - --------------------------------
2024-08-14 12:32:31,949 - INFO - EVALUATE MODEL STAGE STARTING FOR SUBSET 2...
2024-08-14 12:32:31,949 - INFO - --------------------------------
2024-08-14 12:32:31,961 - INFO - ROC AUC Score: 0.5831489675516224
2024-08-14 12:32:31,962 - INFO - Confusion Matrix: 
[[ 13  11]
 [109 117]]
2024-08-14 12:32:31,962 - INFO - Precision: 0.9140625
2024-08-14 12:32:31,963 - INFO - Recall: 0.5176991150442478
2024-08-14 12:32:31,963 - INFO - Model evaluated successfully for subset 2.
2024-08-14 12:32:31,963 - INFO - ------------------------------
2024-08-14 12:32:31,963 - INFO - EVALUATE MODEL STAGE COMPLETED FOR SUBSET 2
2024-08-14 12:32:31,963 - INFO - ------------------------------
2024-08-14 12:32:31,965 - INFO - Subset 3 demographic makeup: 600 1, 190 3, 137 2, 73 4
2024-08-14 12:32:31,965 - INFO - Processing subset 3...
2024-08-14 12:32:31,965 - INFO - -----------------------------
2024-08-14 12:32:31,966 - INFO - TRAIN MODEL STAGE STARTING FOR SUBSET 3...
2024-08-14 12:32:31,966 - INFO - -----------------------------
2024-08-14 12:32:31,972 - INFO - Scaling features and applying LASSO for feature selection...
2024-08-14 12:32:33,033 - INFO - Selected features (including required): ['who', 'RaceEth', 'age', 'is_female', 'is_hispanic', 'unemployed', 'unstableliving', 'education', 'marital', 'UDS_Amphetamine_Count', 'UDS_Benzodiazepine_Count', 'UDS_Buprenorphine_Count', 'UDS_Cocaine_Count', 'UDS_Methadone_Count', 'UDS_Opioid_Count', 'UDS_Sedatives_Count', 'UDS_Thc_Count', 'pain', 'has_schizophrenia', 'has_major_dep', 'has_bipolar', 'has_anx_pan', 'has_brain_damage', 'has_epilepsy', 'has_alcol_dx', 'has_amphetamines_dx', 'has_cannabis_dx', 'has_cocaine_dx', 'has_sedatives_dx', 'ftnd', 'XTRT', 'shared', 'rbsivheroin', 'TLFB_Alcohol_Count', 'TLFB_Amphetamine_Count', 'TLFB_Benzodiazepine_Count', 'TLFB_Buprenorphine_Count', 'TLFB_Cocaine_Count', 'TLFB_Heroin_Count', 'TLFB_Methadone_Count', 'TLFB_Opioid_Count', 'TLFB_THC_Count', 'TLFB_Other', 'Homosexual_Behavior', 'Non_monogamous_Relationships']
2024-08-14 12:32:33,039 - INFO - Fitting logistic regression model with the selected features...
2024-08-14 12:32:33,666 - INFO - Model training completed successfully.
2024-08-14 12:32:33,666 - INFO - Calculating the dynamic threshold based on the proportion of positive outcomes...
2024-08-14 12:32:33,666 - INFO - Ratio of 1s to 0s in the outcome variable: 0.89 : 0.11
2024-08-14 12:32:33,666 - INFO - Dynamic threshold set to: 0.888
2024-08-14 12:32:33,666 - INFO - Model trained and saved successfully for subset 3.
2024-08-14 12:32:33,667 - INFO - ---------------------------
2024-08-14 12:32:33,667 - INFO - TRAIN MODEL STAGE COMPLETED FOR SUBSET 3
2024-08-14 12:32:33,667 - INFO - ---------------------------
2024-08-14 12:32:33,667 - INFO - --------------------------------
2024-08-14 12:32:33,667 - INFO - EVALUATE MODEL STAGE STARTING FOR SUBSET 3...
2024-08-14 12:32:33,667 - INFO - --------------------------------
2024-08-14 12:32:33,679 - INFO - ROC AUC Score: 0.5995817245817247
2024-08-14 12:32:33,679 - INFO - Confusion Matrix: 
[[ 13  15]
 [ 80 142]]
2024-08-14 12:32:33,679 - INFO - Precision: 0.9044585987261147
2024-08-14 12:32:33,679 - INFO - Recall: 0.6396396396396397
2024-08-14 12:32:33,679 - INFO - Model evaluated successfully for subset 3.
2024-08-14 12:32:33,679 - INFO - ------------------------------
2024-08-14 12:32:33,679 - INFO - EVALUATE MODEL STAGE COMPLETED FOR SUBSET 3
2024-08-14 12:32:33,680 - INFO - ------------------------------
2024-08-14 12:32:33,681 - INFO - Subset 4 demographic makeup: 650 1, 169 3, 116 2, 65 4
2024-08-14 12:32:33,681 - INFO - Processing subset 4...
2024-08-14 12:32:33,681 - INFO - -----------------------------
2024-08-14 12:32:33,681 - INFO - TRAIN MODEL STAGE STARTING FOR SUBSET 4...
2024-08-14 12:32:33,683 - INFO - -----------------------------
2024-08-14 12:32:33,690 - INFO - Scaling features and applying LASSO for feature selection...
2024-08-14 12:32:35,463 - INFO - Selected features (including required): ['who', 'RaceEth', 'age', 'is_female', 'is_hispanic', 'unemployed', 'unstableliving', 'education', 'marital', 'UDS_Amphetamine_Count', 'UDS_Benzodiazepine_Count', 'UDS_Buprenorphine_Count', 'UDS_Cocaine_Count', 'UDS_Methadone_Count', 'UDS_Opioid_Count', 'UDS_Sedatives_Count', 'UDS_Thc_Count', 'pain', 'has_schizophrenia', 'has_major_dep', 'has_bipolar', 'has_anx_pan', 'has_brain_damage', 'has_epilepsy', 'has_alcol_dx', 'has_amphetamines_dx', 'has_cannabis_dx', 'has_cocaine_dx', 'has_sedatives_dx', 'ftnd', 'XTRT', 'shared', 'rbsivheroin', 'TLFB_Alcohol_Count', 'TLFB_Amphetamine_Count', 'TLFB_Benzodiazepine_Count', 'TLFB_Buprenorphine_Count', 'TLFB_Cocaine_Count', 'TLFB_Heroin_Count', 'TLFB_Methadone_Count', 'TLFB_Opioid_Count', 'TLFB_THC_Count', 'TLFB_Other', 'Homosexual_Behavior', 'Non_monogamous_Relationships']
2024-08-14 12:32:35,468 - INFO - Fitting logistic regression model with the selected features...
2024-08-14 12:32:36,325 - INFO - Model training completed successfully.
2024-08-14 12:32:36,325 - INFO - Calculating the dynamic threshold based on the proportion of positive outcomes...
2024-08-14 12:32:36,326 - INFO - Ratio of 1s to 0s in the outcome variable: 0.90 : 0.10
2024-08-14 12:32:36,326 - INFO - Dynamic threshold set to: 0.9
2024-08-14 12:32:36,326 - INFO - Model trained and saved successfully for subset 4.
2024-08-14 12:32:36,326 - INFO - ---------------------------
2024-08-14 12:32:36,326 - INFO - TRAIN MODEL STAGE COMPLETED FOR SUBSET 4
2024-08-14 12:32:36,326 - INFO - ---------------------------
2024-08-14 12:32:36,326 - INFO - --------------------------------
2024-08-14 12:32:36,326 - INFO - EVALUATE MODEL STAGE STARTING FOR SUBSET 4...
2024-08-14 12:32:36,326 - INFO - --------------------------------
2024-08-14 12:32:36,339 - INFO - ROC AUC Score: 0.7408
2024-08-14 12:32:36,339 - INFO - Confusion Matrix: 
[[ 15  10]
 [ 71 154]]
2024-08-14 12:32:36,339 - INFO - Precision: 0.9390243902439024
2024-08-14 12:32:36,339 - INFO - Recall: 0.6844444444444444
2024-08-14 12:32:36,339 - INFO - Model evaluated successfully for subset 4.
2024-08-14 12:32:36,340 - INFO - ------------------------------
2024-08-14 12:32:36,340 - INFO - EVALUATE MODEL STAGE COMPLETED FOR SUBSET 4
2024-08-14 12:32:36,340 - INFO - ------------------------------
2024-08-14 12:32:36,343 - INFO - Subset 5 demographic makeup: 700 1, 147 3, 97 2, 56 4
2024-08-14 12:32:36,343 - INFO - Processing subset 5...
2024-08-14 12:32:36,345 - INFO - -----------------------------
2024-08-14 12:32:36,345 - INFO - TRAIN MODEL STAGE STARTING FOR SUBSET 5...
2024-08-14 12:32:36,345 - INFO - -----------------------------
2024-08-14 12:32:36,352 - INFO - Scaling features and applying LASSO for feature selection...
2024-08-14 12:32:38,183 - INFO - Selected features (including required): ['who', 'RaceEth', 'age', 'is_female', 'is_hispanic', 'unemployed', 'unstableliving', 'education', 'marital', 'UDS_Amphetamine_Count', 'UDS_Benzodiazepine_Count', 'UDS_Buprenorphine_Count', 'UDS_Cocaine_Count', 'UDS_Methadone_Count', 'UDS_Opioid_Count', 'UDS_Sedatives_Count', 'UDS_Thc_Count', 'pain', 'has_schizophrenia', 'has_major_dep', 'has_bipolar', 'has_anx_pan', 'has_brain_damage', 'has_epilepsy', 'has_alcol_dx', 'has_amphetamines_dx', 'has_cannabis_dx', 'has_cocaine_dx', 'has_sedatives_dx', 'ftnd', 'XTRT', 'shared', 'rbsivheroin', 'TLFB_Alcohol_Count', 'TLFB_Amphetamine_Count', 'TLFB_Benzodiazepine_Count', 'TLFB_Buprenorphine_Count', 'TLFB_Cocaine_Count', 'TLFB_Heroin_Count', 'TLFB_Methadone_Count', 'TLFB_Opioid_Count', 'TLFB_THC_Count', 'TLFB_Other', 'Homosexual_Behavior', 'Non_monogamous_Relationships']
2024-08-14 12:32:38,188 - INFO - Fitting logistic regression model with the selected features...
2024-08-14 12:32:39,318 - INFO - Model training completed successfully.
2024-08-14 12:32:39,318 - INFO - Calculating the dynamic threshold based on the proportion of positive outcomes...
2024-08-14 12:32:39,318 - INFO - Ratio of 1s to 0s in the outcome variable: 0.88 : 0.12
2024-08-14 12:32:39,318 - INFO - Dynamic threshold set to: 0.88
2024-08-14 12:32:39,318 - INFO - Model trained and saved successfully for subset 5.
2024-08-14 12:32:39,318 - INFO - ---------------------------
2024-08-14 12:32:39,319 - INFO - TRAIN MODEL STAGE COMPLETED FOR SUBSET 5
2024-08-14 12:32:39,319 - INFO - ---------------------------
2024-08-14 12:32:39,319 - INFO - --------------------------------
2024-08-14 12:32:39,319 - INFO - EVALUATE MODEL STAGE STARTING FOR SUBSET 5...
2024-08-14 12:32:39,319 - INFO - --------------------------------
2024-08-14 12:32:39,340 - INFO - ROC AUC Score: 0.7533333333333332
2024-08-14 12:32:39,341 - INFO - Confusion Matrix: 
[[ 20  10]
 [ 59 161]]
2024-08-14 12:32:39,341 - INFO - Precision: 0.9415204678362573
2024-08-14 12:32:39,341 - INFO - Recall: 0.7318181818181818
2024-08-14 12:32:39,341 - INFO - Model evaluated successfully for subset 5.
2024-08-14 12:32:39,341 - INFO - ------------------------------
2024-08-14 12:32:39,341 - INFO - EVALUATE MODEL STAGE COMPLETED FOR SUBSET 5
2024-08-14 12:32:39,341 - INFO - ------------------------------
2024-08-14 12:32:39,342 - INFO - Subset 6 demographic makeup: 750 1, 125 3, 79 2, 46 4
2024-08-14 12:32:39,342 - INFO - Processing subset 6...
2024-08-14 12:32:39,342 - INFO - -----------------------------
2024-08-14 12:32:39,342 - INFO - TRAIN MODEL STAGE STARTING FOR SUBSET 6...
2024-08-14 12:32:39,342 - INFO - -----------------------------
2024-08-14 12:32:39,350 - INFO - Scaling features and applying LASSO for feature selection...
2024-08-14 12:32:41,392 - INFO - Selected features (including required): ['who', 'RaceEth', 'age', 'is_female', 'is_hispanic', 'unemployed', 'unstableliving', 'education', 'marital', 'UDS_Amphetamine_Count', 'UDS_Benzodiazepine_Count', 'UDS_Buprenorphine_Count', 'UDS_Cocaine_Count', 'UDS_Methadone_Count', 'UDS_Opioid_Count', 'UDS_Sedatives_Count', 'UDS_Thc_Count', 'pain', 'has_schizophrenia', 'has_major_dep', 'has_bipolar', 'has_anx_pan', 'has_brain_damage', 'has_epilepsy', 'has_alcol_dx', 'has_amphetamines_dx', 'has_cannabis_dx', 'has_cocaine_dx', 'has_sedatives_dx', 'ftnd', 'XTRT', 'shared', 'rbsivheroin', 'TLFB_Alcohol_Count', 'TLFB_Amphetamine_Count', 'TLFB_Benzodiazepine_Count', 'TLFB_Buprenorphine_Count', 'TLFB_Cocaine_Count', 'TLFB_Heroin_Count', 'TLFB_Methadone_Count', 'TLFB_Opioid_Count', 'TLFB_THC_Count', 'TLFB_Other', 'Homosexual_Behavior', 'Non_monogamous_Relationships']
2024-08-14 12:32:41,397 - INFO - Fitting logistic regression model with the selected features...
2024-08-14 12:32:43,516 - INFO - Model training completed successfully.
2024-08-14 12:32:43,516 - INFO - Calculating the dynamic threshold based on the proportion of positive outcomes...
2024-08-14 12:32:43,516 - INFO - Ratio of 1s to 0s in the outcome variable: 0.91 : 0.09
2024-08-14 12:32:43,516 - INFO - Dynamic threshold set to: 0.908
2024-08-14 12:32:43,516 - INFO - Model trained and saved successfully for subset 6.
2024-08-14 12:32:43,517 - INFO - ---------------------------
2024-08-14 12:32:43,517 - INFO - TRAIN MODEL STAGE COMPLETED FOR SUBSET 6
2024-08-14 12:32:43,517 - INFO - ---------------------------
2024-08-14 12:32:43,517 - INFO - --------------------------------
2024-08-14 12:32:43,517 - INFO - EVALUATE MODEL STAGE STARTING FOR SUBSET 6...
2024-08-14 12:32:43,517 - INFO - --------------------------------
2024-08-14 12:32:43,537 - INFO - ROC AUC Score: 0.6742003447615399
2024-08-14 12:32:43,538 - INFO - Confusion Matrix: 
[[ 13  10]
 [ 99 128]]
2024-08-14 12:32:43,538 - INFO - Precision: 0.927536231884058
2024-08-14 12:32:43,538 - INFO - Recall: 0.5638766519823789
2024-08-14 12:32:43,538 - INFO - Model evaluated successfully for subset 6.
2024-08-14 12:32:43,538 - INFO - ------------------------------
2024-08-14 12:32:43,538 - INFO - EVALUATE MODEL STAGE COMPLETED FOR SUBSET 6
2024-08-14 12:32:43,539 - INFO - ------------------------------
2024-08-14 12:32:43,540 - INFO - Subset 7 demographic makeup: 800 1, 101 3, 68 2, 31 4
2024-08-14 12:32:43,541 - INFO - Processing subset 7...
2024-08-14 12:32:43,541 - INFO - -----------------------------
2024-08-14 12:32:43,541 - INFO - TRAIN MODEL STAGE STARTING FOR SUBSET 7...
2024-08-14 12:32:43,541 - INFO - -----------------------------
2024-08-14 12:32:43,548 - INFO - Scaling features and applying LASSO for feature selection...
2024-08-14 12:32:46,103 - INFO - Selected features (including required): ['who', 'RaceEth', 'age', 'is_female', 'is_hispanic', 'unemployed', 'unstableliving', 'education', 'marital', 'UDS_Amphetamine_Count', 'UDS_Benzodiazepine_Count', 'UDS_Buprenorphine_Count', 'UDS_Cocaine_Count', 'UDS_Methadone_Count', 'UDS_Opioid_Count', 'UDS_Sedatives_Count', 'UDS_Thc_Count', 'pain', 'has_schizophrenia', 'has_major_dep', 'has_bipolar', 'has_anx_pan', 'has_brain_damage', 'has_epilepsy', 'has_alcol_dx', 'has_amphetamines_dx', 'has_cannabis_dx', 'has_cocaine_dx', 'has_sedatives_dx', 'ftnd', 'XTRT', 'shared', 'rbsivheroin', 'TLFB_Alcohol_Count', 'TLFB_Amphetamine_Count', 'TLFB_Benzodiazepine_Count', 'TLFB_Buprenorphine_Count', 'TLFB_Cocaine_Count', 'TLFB_Heroin_Count', 'TLFB_Methadone_Count', 'TLFB_Opioid_Count', 'TLFB_THC_Count', 'TLFB_Other', 'Homosexual_Behavior', 'Non_monogamous_Relationships']
2024-08-14 12:32:46,108 - INFO - Fitting logistic regression model with the selected features...
2024-08-14 12:32:47,116 - INFO - Model training completed successfully.
2024-08-14 12:32:47,117 - INFO - Calculating the dynamic threshold based on the proportion of positive outcomes...
2024-08-14 12:32:47,117 - INFO - Ratio of 1s to 0s in the outcome variable: 0.88 : 0.12
2024-08-14 12:32:47,117 - INFO - Dynamic threshold set to: 0.884
2024-08-14 12:32:47,117 - INFO - Model trained and saved successfully for subset 7.
2024-08-14 12:32:47,117 - INFO - ---------------------------
2024-08-14 12:32:47,117 - INFO - TRAIN MODEL STAGE COMPLETED FOR SUBSET 7
2024-08-14 12:32:47,117 - INFO - ---------------------------
2024-08-14 12:32:47,117 - INFO - --------------------------------
2024-08-14 12:32:47,118 - INFO - EVALUATE MODEL STAGE STARTING FOR SUBSET 7...
2024-08-14 12:32:47,118 - INFO - --------------------------------
2024-08-14 12:32:47,133 - INFO - ROC AUC Score: 0.7342799188640974
2024-08-14 12:32:47,133 - INFO - Confusion Matrix: 
[[ 17  12]
 [ 44 177]]
2024-08-14 12:32:47,133 - INFO - Precision: 0.9365079365079365
2024-08-14 12:32:47,133 - INFO - Recall: 0.8009049773755657
2024-08-14 12:32:47,133 - INFO - Model evaluated successfully for subset 7.
2024-08-14 12:32:47,133 - INFO - ------------------------------
2024-08-14 12:32:47,133 - INFO - EVALUATE MODEL STAGE COMPLETED FOR SUBSET 7
2024-08-14 12:32:47,133 - INFO - ------------------------------
2024-08-14 12:32:47,136 - INFO - Subset 8 demographic makeup: 850 1, 78 3, 49 2, 23 4
2024-08-14 12:32:47,136 - INFO - Processing subset 8...
2024-08-14 12:32:47,136 - INFO - -----------------------------
2024-08-14 12:32:47,136 - INFO - TRAIN MODEL STAGE STARTING FOR SUBSET 8...
2024-08-14 12:32:47,137 - INFO - -----------------------------
2024-08-14 12:32:47,143 - INFO - Scaling features and applying LASSO for feature selection...
2024-08-14 12:32:51,599 - INFO - Selected features (including required): ['who', 'RaceEth', 'age', 'is_female', 'is_hispanic', 'unemployed', 'unstableliving', 'education', 'marital', 'UDS_Amphetamine_Count', 'UDS_Benzodiazepine_Count', 'UDS_Buprenorphine_Count', 'UDS_Cocaine_Count', 'UDS_Methadone_Count', 'UDS_Opioid_Count', 'UDS_Sedatives_Count', 'UDS_Thc_Count', 'pain', 'has_schizophrenia', 'has_major_dep', 'has_bipolar', 'has_anx_pan', 'has_brain_damage', 'has_epilepsy', 'has_alcol_dx', 'has_amphetamines_dx', 'has_cannabis_dx', 'has_cocaine_dx', 'has_sedatives_dx', 'ftnd', 'XTRT', 'shared', 'rbsivheroin', 'TLFB_Alcohol_Count', 'TLFB_Amphetamine_Count', 'TLFB_Benzodiazepine_Count', 'TLFB_Buprenorphine_Count', 'TLFB_Cocaine_Count', 'TLFB_Heroin_Count', 'TLFB_Methadone_Count', 'TLFB_Opioid_Count', 'TLFB_THC_Count', 'TLFB_Other', 'Homosexual_Behavior', 'Non_monogamous_Relationships']
2024-08-14 12:32:51,616 - INFO - Fitting logistic regression model with the selected features...
2024-08-14 12:32:54,671 - INFO - Model training completed successfully.
2024-08-14 12:32:54,671 - INFO - Calculating the dynamic threshold based on the proportion of positive outcomes...
2024-08-14 12:32:54,671 - INFO - Ratio of 1s to 0s in the outcome variable: 0.87 : 0.13
2024-08-14 12:32:54,672 - INFO - Dynamic threshold set to: 0.872
2024-08-14 12:32:54,672 - INFO - Model trained and saved successfully for subset 8.
2024-08-14 12:32:54,672 - INFO - ---------------------------
2024-08-14 12:32:54,672 - INFO - TRAIN MODEL STAGE COMPLETED FOR SUBSET 8
2024-08-14 12:32:54,672 - INFO - ---------------------------
2024-08-14 12:32:54,672 - INFO - --------------------------------
2024-08-14 12:32:54,672 - INFO - EVALUATE MODEL STAGE STARTING FOR SUBSET 8...
2024-08-14 12:32:54,672 - INFO - --------------------------------
2024-08-14 12:32:54,687 - INFO - ROC AUC Score: 0.6950974770642202
2024-08-14 12:32:54,688 - INFO - Confusion Matrix: 
[[ 19  13]
 [ 58 160]]
2024-08-14 12:32:54,688 - INFO - Precision: 0.9248554913294798
2024-08-14 12:32:54,688 - INFO - Recall: 0.7339449541284404
2024-08-14 12:32:54,688 - INFO - Model evaluated successfully for subset 8.
2024-08-14 12:32:54,688 - INFO - ------------------------------
2024-08-14 12:32:54,688 - INFO - EVALUATE MODEL STAGE COMPLETED FOR SUBSET 8
2024-08-14 12:32:54,688 - INFO - ------------------------------
2024-08-14 12:32:54,690 - INFO - Subset 9 demographic makeup: 900 1, 55 3, 31 2, 14 4
2024-08-14 12:32:54,690 - INFO - Processing subset 9...
2024-08-14 12:32:54,690 - INFO - -----------------------------
2024-08-14 12:32:54,690 - INFO - TRAIN MODEL STAGE STARTING FOR SUBSET 9...
2024-08-14 12:32:54,690 - INFO - -----------------------------
2024-08-14 12:32:54,697 - INFO - Scaling features and applying LASSO for feature selection...
2024-08-14 12:32:58,204 - INFO - Selected features (including required): ['who', 'RaceEth', 'age', 'is_female', 'is_hispanic', 'unemployed', 'unstableliving', 'education', 'marital', 'UDS_Amphetamine_Count', 'UDS_Benzodiazepine_Count', 'UDS_Buprenorphine_Count', 'UDS_Cocaine_Count', 'UDS_Methadone_Count', 'UDS_Opioid_Count', 'UDS_Sedatives_Count', 'UDS_Thc_Count', 'pain', 'has_schizophrenia', 'has_major_dep', 'has_bipolar', 'has_anx_pan', 'has_brain_damage', 'has_epilepsy', 'has_alcol_dx', 'has_amphetamines_dx', 'has_cannabis_dx', 'has_cocaine_dx', 'has_sedatives_dx', 'ftnd', 'XTRT', 'shared', 'rbsivheroin', 'TLFB_Alcohol_Count', 'TLFB_Amphetamine_Count', 'TLFB_Benzodiazepine_Count', 'TLFB_Buprenorphine_Count', 'TLFB_Cocaine_Count', 'TLFB_Heroin_Count', 'TLFB_Methadone_Count', 'TLFB_Opioid_Count', 'TLFB_THC_Count', 'TLFB_Other', 'Homosexual_Behavior', 'Non_monogamous_Relationships']
2024-08-14 12:32:58,209 - INFO - Fitting logistic regression model with the selected features...
2024-08-14 12:32:58,929 - INFO - Model training completed successfully.
2024-08-14 12:32:58,930 - INFO - Calculating the dynamic threshold based on the proportion of positive outcomes...
2024-08-14 12:32:58,930 - INFO - Ratio of 1s to 0s in the outcome variable: 0.91 : 0.09
2024-08-14 12:32:58,930 - INFO - Dynamic threshold set to: 0.912
2024-08-14 12:32:58,930 - INFO - Model trained and saved successfully for subset 9.
2024-08-14 12:32:58,930 - INFO - ---------------------------
2024-08-14 12:32:58,930 - INFO - TRAIN MODEL STAGE COMPLETED FOR SUBSET 9
2024-08-14 12:32:58,930 - INFO - ---------------------------
2024-08-14 12:32:58,930 - INFO - --------------------------------
2024-08-14 12:32:58,931 - INFO - EVALUATE MODEL STAGE STARTING FOR SUBSET 9...
2024-08-14 12:32:58,931 - INFO - --------------------------------
2024-08-14 12:32:58,942 - INFO - ROC AUC Score: 0.7414274322169059
2024-08-14 12:32:58,943 - INFO - Confusion Matrix: 
[[ 15   7]
 [ 92 136]]
2024-08-14 12:32:58,943 - INFO - Precision: 0.951048951048951
2024-08-14 12:32:58,943 - INFO - Recall: 0.5964912280701754
2024-08-14 12:32:58,943 - INFO - Model evaluated successfully for subset 9.
2024-08-14 12:32:58,943 - INFO - ------------------------------
2024-08-14 12:32:58,943 - INFO - EVALUATE MODEL STAGE COMPLETED FOR SUBSET 9
2024-08-14 12:32:58,943 - INFO - ------------------------------
2024-08-14 12:32:58,944 - INFO - Subset 10 demographic makeup: 950 1, 28 3, 14 2, 8 4
2024-08-14 12:32:58,944 - INFO - Processing subset 10...
2024-08-14 12:32:58,945 - INFO - -----------------------------
2024-08-14 12:32:58,945 - INFO - TRAIN MODEL STAGE STARTING FOR SUBSET 10...
2024-08-14 12:32:58,945 - INFO - -----------------------------
2024-08-14 12:32:58,955 - INFO - Scaling features and applying LASSO for feature selection...
2024-08-14 12:33:02,139 - INFO - Selected features (including required): ['who', 'RaceEth', 'age', 'is_female', 'is_hispanic', 'unemployed', 'unstableliving', 'education', 'marital', 'UDS_Amphetamine_Count', 'UDS_Benzodiazepine_Count', 'UDS_Buprenorphine_Count', 'UDS_Cocaine_Count', 'UDS_Methadone_Count', 'UDS_Opioid_Count', 'UDS_Sedatives_Count', 'UDS_Thc_Count', 'pain', 'has_schizophrenia', 'has_major_dep', 'has_bipolar', 'has_anx_pan', 'has_brain_damage', 'has_epilepsy', 'has_alcol_dx', 'has_amphetamines_dx', 'has_cannabis_dx', 'has_cocaine_dx', 'has_sedatives_dx', 'ftnd', 'XTRT', 'shared', 'rbsivheroin', 'TLFB_Alcohol_Count', 'TLFB_Amphetamine_Count', 'TLFB_Benzodiazepine_Count', 'TLFB_Buprenorphine_Count', 'TLFB_Cocaine_Count', 'TLFB_Heroin_Count', 'TLFB_Methadone_Count', 'TLFB_Opioid_Count', 'TLFB_THC_Count', 'TLFB_Other', 'Homosexual_Behavior', 'Non_monogamous_Relationships']
2024-08-14 12:33:02,144 - INFO - Fitting logistic regression model with the selected features...
2024-08-14 12:33:02,988 - INFO - Model training completed successfully.
2024-08-14 12:33:02,988 - INFO - Calculating the dynamic threshold based on the proportion of positive outcomes...
2024-08-14 12:33:02,988 - INFO - Ratio of 1s to 0s in the outcome variable: 0.87 : 0.13
2024-08-14 12:33:02,988 - INFO - Dynamic threshold set to: 0.872
2024-08-14 12:33:02,989 - INFO - Model trained and saved successfully for subset 10.
2024-08-14 12:33:02,989 - INFO - ---------------------------
2024-08-14 12:33:02,989 - INFO - TRAIN MODEL STAGE COMPLETED FOR SUBSET 10
2024-08-14 12:33:02,989 - INFO - ---------------------------
2024-08-14 12:33:02,989 - INFO - --------------------------------
2024-08-14 12:33:02,989 - INFO - EVALUATE MODEL STAGE STARTING FOR SUBSET 10...
2024-08-14 12:33:02,989 - INFO - --------------------------------
2024-08-14 12:33:03,003 - INFO - ROC AUC Score: 0.7279243119266056
2024-08-14 12:33:03,003 - INFO - Confusion Matrix: 
[[ 18  14]
 [ 58 160]]
2024-08-14 12:33:03,003 - INFO - Precision: 0.9195402298850575
2024-08-14 12:33:03,004 - INFO - Recall: 0.7339449541284404
2024-08-14 12:33:03,004 - INFO - Model evaluated successfully for subset 10.
2024-08-14 12:33:03,004 - INFO - ------------------------------
2024-08-14 12:33:03,004 - INFO - EVALUATE MODEL STAGE COMPLETED FOR SUBSET 10
2024-08-14 12:33:03,004 - INFO - ------------------------------
2024-08-14 12:33:03,005 - INFO - Subset 11 demographic makeup: 1000 1
2024-08-14 12:33:03,005 - INFO - Processing subset 11...
2024-08-14 12:33:03,005 - INFO - -----------------------------
2024-08-14 12:33:03,005 - INFO - TRAIN MODEL STAGE STARTING FOR SUBSET 11...
2024-08-14 12:33:03,005 - INFO - -----------------------------
2024-08-14 12:33:03,022 - INFO - Scaling features and applying LASSO for feature selection...
2024-08-14 12:33:04,375 - INFO - Selected features (including required): ['who', 'age', 'is_female', 'unemployed', 'unstableliving', 'education', 'marital', 'UDS_Amphetamine_Count', 'UDS_Benzodiazepine_Count', 'UDS_Buprenorphine_Count', 'UDS_Cocaine_Count', 'UDS_Methadone_Count', 'UDS_Opioid_Count', 'UDS_Sedatives_Count', 'UDS_Thc_Count', 'pain', 'has_schizophrenia', 'has_major_dep', 'has_bipolar', 'has_anx_pan', 'has_brain_damage', 'has_epilepsy', 'has_alcol_dx', 'has_amphetamines_dx', 'has_cannabis_dx', 'has_cocaine_dx', 'has_sedatives_dx', 'ftnd', 'XTRT', 'shared', 'rbsivheroin', 'TLFB_Alcohol_Count', 'TLFB_Amphetamine_Count', 'TLFB_Benzodiazepine_Count', 'TLFB_Buprenorphine_Count', 'TLFB_Cocaine_Count', 'TLFB_Heroin_Count', 'TLFB_Methadone_Count', 'TLFB_Opioid_Count', 'TLFB_THC_Count', 'TLFB_Other', 'Homosexual_Behavior', 'Non_monogamous_Relationships']
2024-08-14 12:33:04,380 - INFO - Fitting logistic regression model with the selected features...
2024-08-14 12:33:05,157 - INFO - Model training completed successfully.
2024-08-14 12:33:05,157 - INFO - Calculating the dynamic threshold based on the proportion of positive outcomes...
2024-08-14 12:33:05,158 - INFO - Ratio of 1s to 0s in the outcome variable: 0.88 : 0.12
2024-08-14 12:33:05,158 - INFO - Dynamic threshold set to: 0.876
2024-08-14 12:33:05,159 - INFO - Model trained and saved successfully for subset 11.
2024-08-14 12:33:05,160 - INFO - ---------------------------
2024-08-14 12:33:05,162 - INFO - TRAIN MODEL STAGE COMPLETED FOR SUBSET 11
2024-08-14 12:33:05,162 - INFO - ---------------------------
2024-08-14 12:33:05,162 - INFO - --------------------------------
2024-08-14 12:33:05,162 - INFO - EVALUATE MODEL STAGE STARTING FOR SUBSET 11...
2024-08-14 12:33:05,163 - INFO - --------------------------------
2024-08-14 12:33:05,178 - INFO - ROC AUC Score: 0.6725585505965532
2024-08-14 12:33:05,178 - INFO - Confusion Matrix: 
[[ 15  16]
 [ 63 156]]
2024-08-14 12:33:05,179 - INFO - Precision: 0.9069767441860465
2024-08-14 12:33:05,179 - INFO - Recall: 0.7123287671232876
2024-08-14 12:33:05,179 - INFO - Model evaluated successfully for subset 11.
2024-08-14 12:33:05,179 - INFO - ------------------------------
2024-08-14 12:33:05,179 - INFO - EVALUATE MODEL STAGE COMPLETED FOR SUBSET 11
2024-08-14 12:33:05,179 - INFO - ------------------------------
2024-08-14 12:33:05,179 - INFO - ------------------
2024-08-14 12:33:05,179 - INFO - PIPELINE COMPLETED
2024-08-14 12:33:05,179 - INFO - ------------------
