2024-08-14 12:33:05,184 - INFO - Global Seed set to: 23
2024-08-14 12:33:05,185 - INFO - Outcome Name: Rs_johnson_1992
2024-08-14 12:33:05,238 - INFO - Datasets loaded successfully.
2024-08-14 12:33:05,244 - INFO - Starting preprocessing of the merged dataset...
2024-08-14 12:33:05,244 - INFO - ---------------------------------
2024-08-14 12:33:05,244 - INFO - PRE-PROCESSING STAGE STARTING...
2024-08-14 12:33:05,244 - INFO - ---------------------------------
2024-08-14 12:33:05,341 - INFO - Dropped initial columns: ['pain_when', 'is_smoker', 'per_day', 'max', 'amount', 'depression', 'anxiety', 'schizophrenia', 'max', 'amount', 'cocaine_inject_days', 'speedball_inject_days', 'opioid_inject_days', 'speed_inject_days', 'UDS_Alcohol_Count', 'UDS_Mdma/Hallucinogen_Count']
2024-08-14 12:33:05,385 - INFO - Converted Yes/No to binary.
2024-08-14 12:33:05,394 - INFO - Processed TLFB columns with specified columns: ['TLFB_Alcohol_Count', 'TLFB_Amphetamine_Count', 'TLFB_Cocaine_Count', 'TLFB_Heroin_Count', 'TLFB_Benzodiazepine_Count', 'TLFB_Opioid_Count', 'TLFB_THC_Count', 'TLFB_Methadone_Count', 'TLFB_Buprenorphine_Count']
2024-08-14 12:33:05,400 - INFO - Calculated behavioral columns.
2024-08-14 12:33:05,403 - INFO - Moved 'Rs_johnson_1992' column to the end.
2024-08-14 12:33:05,497 - INFO - Dropped initial columns: ['msm_npt', 'msm_frq', 'txx_prt']
2024-08-14 12:33:05,511 - INFO - transform_data_with_nan_handling success
2024-08-14 12:33:05,512 - INFO - Renamed columns according to the mapping.
2024-08-14 12:33:05,535 - INFO - Transformed NaN to 0 for binary columns.
2024-08-14 12:33:05,536 - INFO - Transformed and renamed 'heroin_inject_days' column to 'rbsivheroin'.
2024-08-14 12:33:05,537 - INFO - Filled NaN with 0 for 'ftnd' column.
2024-08-14 12:33:05,617 - INFO - Dropped additional columns: ['rbs_iv_days', 'race', 'RBS_cocaine_Days', 'RBS_heroin_Days', 'RBS_opioid_Days', 'RBS_speed_Days', 'RBS_speedball_Days']
2024-08-14 12:33:05,635 - INFO - Converted UDS drug counts to binary.
2024-08-14 12:33:05,699 - INFO - ------------------------------
2024-08-14 12:33:05,700 - INFO - PRE-PROCESSING STAGE COMPLETED
2024-08-14 12:33:05,701 - INFO - ------------------------------
2024-08-14 12:33:05,701 - INFO - Merged dataset preprocessed successfully.
2024-08-14 12:33:05,701 - INFO - Creating demographic subsets from preprocessed data...
2024-08-14 12:33:14,265 - INFO - Created 11 subsets successfully.
2024-08-14 12:33:14,265 - INFO - Creating merged subsets from create_demographics_dfs function
2024-08-14 12:33:14,353 - INFO - Created 11 merged subsets successfully.
2024-08-14 12:33:14,354 - INFO - Subset 1 demographic makeup: 500 1, 249 3, 153 2, 98 4
2024-08-14 12:33:14,354 - INFO - Processing subset 1...
2024-08-14 12:33:14,355 - INFO - -----------------------------
2024-08-14 12:33:14,355 - INFO - TRAIN MODEL STAGE STARTING FOR SUBSET 1...
2024-08-14 12:33:14,359 - INFO - -----------------------------
2024-08-14 12:33:14,365 - INFO - Scaling features and applying LASSO for feature selection...
2024-08-14 12:33:18,815 - INFO - Selected features (including required): ['who', 'RaceEth', 'age', 'is_female', 'is_hispanic', 'unemployed', 'unstableliving', 'education', 'marital', 'UDS_Amphetamine_Count', 'UDS_Benzodiazepine_Count', 'UDS_Buprenorphine_Count', 'UDS_Cocaine_Count', 'UDS_Methadone_Count', 'UDS_Opioid_Count', 'UDS_Sedatives_Count', 'UDS_Thc_Count', 'pain', 'has_schizophrenia', 'has_major_dep', 'has_bipolar', 'has_anx_pan', 'has_brain_damage', 'has_epilepsy', 'has_alcol_dx', 'has_amphetamines_dx', 'has_cannabis_dx', 'has_cocaine_dx', 'has_sedatives_dx', 'ftnd', 'XTRT', 'shared', 'rbsivheroin', 'TLFB_Alcohol_Count', 'TLFB_Amphetamine_Count', 'TLFB_Benzodiazepine_Count', 'TLFB_Buprenorphine_Count', 'TLFB_Cocaine_Count', 'TLFB_Heroin_Count', 'TLFB_Methadone_Count', 'TLFB_Opioid_Count', 'TLFB_THC_Count', 'TLFB_Other', 'Homosexual_Behavior', 'Non_monogamous_Relationships']
2024-08-14 12:33:18,851 - INFO - Fitting logistic regression model with the selected features...
2024-08-14 12:33:20,542 - INFO - Model training completed successfully.
2024-08-14 12:33:20,544 - INFO - Calculating the dynamic threshold based on the proportion of positive outcomes...
2024-08-14 12:33:20,545 - INFO - Ratio of 1s to 0s in the outcome variable: 0.87 : 0.13
2024-08-14 12:33:20,551 - INFO - Dynamic threshold set to: 0.872
2024-08-14 12:33:20,553 - INFO - Model trained and saved successfully for subset 1.
2024-08-14 12:33:20,554 - INFO - ---------------------------
2024-08-14 12:33:20,555 - INFO - TRAIN MODEL STAGE COMPLETED FOR SUBSET 1
2024-08-14 12:33:20,556 - INFO - ---------------------------
2024-08-14 12:33:20,557 - INFO - --------------------------------
2024-08-14 12:33:20,558 - INFO - EVALUATE MODEL STAGE STARTING FOR SUBSET 1...
2024-08-14 12:33:20,566 - INFO - --------------------------------
2024-08-14 12:33:20,607 - INFO - ROC AUC Score: 0.6148222477064221
2024-08-14 12:33:20,608 - INFO - Confusion Matrix: 
[[ 16  16]
 [ 82 136]]
2024-08-14 12:33:20,608 - INFO - Precision: 0.8947368421052632
2024-08-14 12:33:20,609 - INFO - Recall: 0.6238532110091743
2024-08-14 12:33:20,609 - INFO - Model evaluated successfully for subset 1.
2024-08-14 12:33:20,610 - INFO - ------------------------------
2024-08-14 12:33:20,611 - INFO - EVALUATE MODEL STAGE COMPLETED FOR SUBSET 1
2024-08-14 12:33:20,613 - INFO - ------------------------------
2024-08-14 12:33:20,614 - INFO - Subset 2 demographic makeup: 550 1, 226 3, 133 2, 91 4
2024-08-14 12:33:20,614 - INFO - Processing subset 2...
2024-08-14 12:33:20,615 - INFO - -----------------------------
2024-08-14 12:33:20,615 - INFO - TRAIN MODEL STAGE STARTING FOR SUBSET 2...
2024-08-14 12:33:20,616 - INFO - -----------------------------
2024-08-14 12:33:20,631 - INFO - Scaling features and applying LASSO for feature selection...
2024-08-14 12:33:25,601 - INFO - Selected features (including required): ['who', 'RaceEth', 'age', 'is_female', 'is_hispanic', 'unemployed', 'unstableliving', 'education', 'marital', 'UDS_Amphetamine_Count', 'UDS_Benzodiazepine_Count', 'UDS_Buprenorphine_Count', 'UDS_Cocaine_Count', 'UDS_Methadone_Count', 'UDS_Opioid_Count', 'UDS_Sedatives_Count', 'UDS_Thc_Count', 'pain', 'has_schizophrenia', 'has_major_dep', 'has_bipolar', 'has_anx_pan', 'has_brain_damage', 'has_epilepsy', 'has_alcol_dx', 'has_amphetamines_dx', 'has_cannabis_dx', 'has_cocaine_dx', 'has_sedatives_dx', 'ftnd', 'XTRT', 'shared', 'rbsivheroin', 'TLFB_Alcohol_Count', 'TLFB_Amphetamine_Count', 'TLFB_Benzodiazepine_Count', 'TLFB_Buprenorphine_Count', 'TLFB_Cocaine_Count', 'TLFB_Heroin_Count', 'TLFB_Methadone_Count', 'TLFB_Opioid_Count', 'TLFB_THC_Count', 'TLFB_Other', 'Homosexual_Behavior', 'Non_monogamous_Relationships']
2024-08-14 12:33:25,606 - INFO - Fitting logistic regression model with the selected features...
2024-08-14 12:33:26,420 - INFO - Model training completed successfully.
2024-08-14 12:33:26,422 - INFO - Calculating the dynamic threshold based on the proportion of positive outcomes...
2024-08-14 12:33:26,423 - INFO - Ratio of 1s to 0s in the outcome variable: 0.88 : 0.12
2024-08-14 12:33:26,423 - INFO - Dynamic threshold set to: 0.884
2024-08-14 12:33:26,423 - INFO - Model trained and saved successfully for subset 2.
2024-08-14 12:33:26,424 - INFO - ---------------------------
2024-08-14 12:33:26,427 - INFO - TRAIN MODEL STAGE COMPLETED FOR SUBSET 2
2024-08-14 12:33:26,428 - INFO - ---------------------------
2024-08-14 12:33:26,429 - INFO - --------------------------------
2024-08-14 12:33:26,430 - INFO - EVALUATE MODEL STAGE STARTING FOR SUBSET 2...
2024-08-14 12:33:26,435 - INFO - --------------------------------
2024-08-14 12:33:26,462 - INFO - ROC AUC Score: 0.6548603526291152
2024-08-14 12:33:26,464 - INFO - Confusion Matrix: 
[[ 14  15]
 [ 65 156]]
2024-08-14 12:33:26,465 - INFO - Precision: 0.9122807017543859
2024-08-14 12:33:26,474 - INFO - Recall: 0.7058823529411765
2024-08-14 12:33:26,475 - INFO - Model evaluated successfully for subset 2.
2024-08-14 12:33:26,478 - INFO - ------------------------------
2024-08-14 12:33:26,478 - INFO - EVALUATE MODEL STAGE COMPLETED FOR SUBSET 2
2024-08-14 12:33:26,479 - INFO - ------------------------------
2024-08-14 12:33:26,481 - INFO - Subset 3 demographic makeup: 600 1, 201 3, 121 2, 78 4
2024-08-14 12:33:26,485 - INFO - Processing subset 3...
2024-08-14 12:33:26,486 - INFO - -----------------------------
2024-08-14 12:33:26,487 - INFO - TRAIN MODEL STAGE STARTING FOR SUBSET 3...
2024-08-14 12:33:26,489 - INFO - -----------------------------
2024-08-14 12:33:26,498 - INFO - Scaling features and applying LASSO for feature selection...
2024-08-14 12:33:30,545 - INFO - Selected features (including required): ['who', 'RaceEth', 'age', 'is_female', 'is_hispanic', 'unemployed', 'unstableliving', 'education', 'marital', 'UDS_Amphetamine_Count', 'UDS_Benzodiazepine_Count', 'UDS_Buprenorphine_Count', 'UDS_Cocaine_Count', 'UDS_Methadone_Count', 'UDS_Opioid_Count', 'UDS_Sedatives_Count', 'UDS_Thc_Count', 'pain', 'has_schizophrenia', 'has_major_dep', 'has_bipolar', 'has_anx_pan', 'has_brain_damage', 'has_epilepsy', 'has_alcol_dx', 'has_amphetamines_dx', 'has_cannabis_dx', 'has_cocaine_dx', 'has_sedatives_dx', 'ftnd', 'XTRT', 'shared', 'rbsivheroin', 'TLFB_Alcohol_Count', 'TLFB_Amphetamine_Count', 'TLFB_Benzodiazepine_Count', 'TLFB_Buprenorphine_Count', 'TLFB_Cocaine_Count', 'TLFB_Heroin_Count', 'TLFB_Methadone_Count', 'TLFB_Opioid_Count', 'TLFB_THC_Count', 'TLFB_Other', 'Homosexual_Behavior', 'Non_monogamous_Relationships']
2024-08-14 12:33:30,551 - INFO - Fitting logistic regression model with the selected features...
2024-08-14 12:33:31,381 - INFO - Model training completed successfully.
2024-08-14 12:33:31,381 - INFO - Calculating the dynamic threshold based on the proportion of positive outcomes...
2024-08-14 12:33:31,382 - INFO - Ratio of 1s to 0s in the outcome variable: 0.88 : 0.12
2024-08-14 12:33:31,382 - INFO - Dynamic threshold set to: 0.876
2024-08-14 12:33:31,382 - INFO - Model trained and saved successfully for subset 3.
2024-08-14 12:33:31,382 - INFO - ---------------------------
2024-08-14 12:33:31,382 - INFO - TRAIN MODEL STAGE COMPLETED FOR SUBSET 3
2024-08-14 12:33:31,382 - INFO - ---------------------------
2024-08-14 12:33:31,382 - INFO - --------------------------------
2024-08-14 12:33:31,382 - INFO - EVALUATE MODEL STAGE STARTING FOR SUBSET 3...
2024-08-14 12:33:31,382 - INFO - --------------------------------
2024-08-14 12:33:31,395 - INFO - ROC AUC Score: 0.6878774488142583
2024-08-14 12:33:31,395 - INFO - Confusion Matrix: 
[[ 22   9]
 [ 84 135]]
2024-08-14 12:33:31,395 - INFO - Precision: 0.9375
2024-08-14 12:33:31,396 - INFO - Recall: 0.6164383561643836
2024-08-14 12:33:31,396 - INFO - Model evaluated successfully for subset 3.
2024-08-14 12:33:31,396 - INFO - ------------------------------
2024-08-14 12:33:31,396 - INFO - EVALUATE MODEL STAGE COMPLETED FOR SUBSET 3
2024-08-14 12:33:31,397 - INFO - ------------------------------
2024-08-14 12:33:31,398 - INFO - Subset 4 demographic makeup: 650 1, 174 3, 106 2, 70 4
2024-08-14 12:33:31,400 - INFO - Processing subset 4...
2024-08-14 12:33:31,408 - INFO - -----------------------------
2024-08-14 12:33:31,409 - INFO - TRAIN MODEL STAGE STARTING FOR SUBSET 4...
2024-08-14 12:33:31,413 - INFO - -----------------------------
2024-08-14 12:33:31,425 - INFO - Scaling features and applying LASSO for feature selection...
2024-08-14 12:33:34,898 - INFO - Selected features (including required): ['who', 'RaceEth', 'age', 'is_female', 'is_hispanic', 'unemployed', 'unstableliving', 'education', 'marital', 'UDS_Amphetamine_Count', 'UDS_Benzodiazepine_Count', 'UDS_Buprenorphine_Count', 'UDS_Cocaine_Count', 'UDS_Methadone_Count', 'UDS_Opioid_Count', 'UDS_Sedatives_Count', 'UDS_Thc_Count', 'pain', 'has_schizophrenia', 'has_major_dep', 'has_bipolar', 'has_anx_pan', 'has_brain_damage', 'has_epilepsy', 'has_alcol_dx', 'has_amphetamines_dx', 'has_cannabis_dx', 'has_cocaine_dx', 'has_sedatives_dx', 'ftnd', 'XTRT', 'shared', 'rbsivheroin', 'TLFB_Alcohol_Count', 'TLFB_Amphetamine_Count', 'TLFB_Benzodiazepine_Count', 'TLFB_Buprenorphine_Count', 'TLFB_Cocaine_Count', 'TLFB_Heroin_Count', 'TLFB_Methadone_Count', 'TLFB_Opioid_Count', 'TLFB_THC_Count', 'TLFB_Other', 'Homosexual_Behavior', 'Non_monogamous_Relationships']
2024-08-14 12:33:34,903 - INFO - Fitting logistic regression model with the selected features...
2024-08-14 12:33:35,754 - INFO - Model training completed successfully.
2024-08-14 12:33:35,755 - INFO - Calculating the dynamic threshold based on the proportion of positive outcomes...
2024-08-14 12:33:35,755 - INFO - Ratio of 1s to 0s in the outcome variable: 0.90 : 0.10
2024-08-14 12:33:35,755 - INFO - Dynamic threshold set to: 0.896
2024-08-14 12:33:35,755 - INFO - Model trained and saved successfully for subset 4.
2024-08-14 12:33:35,755 - INFO - ---------------------------
2024-08-14 12:33:35,755 - INFO - TRAIN MODEL STAGE COMPLETED FOR SUBSET 4
2024-08-14 12:33:35,755 - INFO - ---------------------------
2024-08-14 12:33:35,755 - INFO - --------------------------------
2024-08-14 12:33:35,755 - INFO - EVALUATE MODEL STAGE STARTING FOR SUBSET 4...
2024-08-14 12:33:35,756 - INFO - --------------------------------
2024-08-14 12:33:35,769 - INFO - ROC AUC Score: 0.668956043956044
2024-08-14 12:33:35,769 - INFO - Confusion Matrix: 
[[ 16  10]
 [ 78 146]]
2024-08-14 12:33:35,769 - INFO - Precision: 0.9358974358974359
2024-08-14 12:33:35,769 - INFO - Recall: 0.6517857142857143
2024-08-14 12:33:35,769 - INFO - Model evaluated successfully for subset 4.
2024-08-14 12:33:35,769 - INFO - ------------------------------
2024-08-14 12:33:35,770 - INFO - EVALUATE MODEL STAGE COMPLETED FOR SUBSET 4
2024-08-14 12:33:35,770 - INFO - ------------------------------
2024-08-14 12:33:35,771 - INFO - Subset 5 demographic makeup: 700 1, 152 3, 91 2, 57 4
2024-08-14 12:33:35,771 - INFO - Processing subset 5...
2024-08-14 12:33:35,771 - INFO - -----------------------------
2024-08-14 12:33:35,771 - INFO - TRAIN MODEL STAGE STARTING FOR SUBSET 5...
2024-08-14 12:33:35,771 - INFO - -----------------------------
2024-08-14 12:33:35,779 - INFO - Scaling features and applying LASSO for feature selection...
2024-08-14 12:33:40,035 - INFO - Selected features (including required): ['who', 'RaceEth', 'age', 'is_female', 'is_hispanic', 'unemployed', 'unstableliving', 'education', 'marital', 'UDS_Amphetamine_Count', 'UDS_Benzodiazepine_Count', 'UDS_Buprenorphine_Count', 'UDS_Cocaine_Count', 'UDS_Methadone_Count', 'UDS_Opioid_Count', 'UDS_Sedatives_Count', 'UDS_Thc_Count', 'pain', 'has_schizophrenia', 'has_major_dep', 'has_bipolar', 'has_anx_pan', 'has_brain_damage', 'has_epilepsy', 'has_alcol_dx', 'has_amphetamines_dx', 'has_cannabis_dx', 'has_cocaine_dx', 'has_sedatives_dx', 'ftnd', 'XTRT', 'shared', 'rbsivheroin', 'TLFB_Alcohol_Count', 'TLFB_Amphetamine_Count', 'TLFB_Benzodiazepine_Count', 'TLFB_Buprenorphine_Count', 'TLFB_Cocaine_Count', 'TLFB_Heroin_Count', 'TLFB_Methadone_Count', 'TLFB_Opioid_Count', 'TLFB_THC_Count', 'TLFB_Other', 'Homosexual_Behavior', 'Non_monogamous_Relationships']
2024-08-14 12:33:40,040 - INFO - Fitting logistic regression model with the selected features...
2024-08-14 12:33:42,127 - INFO - Model training completed successfully.
2024-08-14 12:33:42,127 - INFO - Calculating the dynamic threshold based on the proportion of positive outcomes...
2024-08-14 12:33:42,127 - INFO - Ratio of 1s to 0s in the outcome variable: 0.89 : 0.11
2024-08-14 12:33:42,127 - INFO - Dynamic threshold set to: 0.888
2024-08-14 12:33:42,127 - INFO - Model trained and saved successfully for subset 5.
2024-08-14 12:33:42,127 - INFO - ---------------------------
2024-08-14 12:33:42,127 - INFO - TRAIN MODEL STAGE COMPLETED FOR SUBSET 5
2024-08-14 12:33:42,127 - INFO - ---------------------------
2024-08-14 12:33:42,128 - INFO - --------------------------------
2024-08-14 12:33:42,128 - INFO - EVALUATE MODEL STAGE STARTING FOR SUBSET 5...
2024-08-14 12:33:42,128 - INFO - --------------------------------
2024-08-14 12:33:42,144 - INFO - ROC AUC Score: 0.648970398970399
2024-08-14 12:33:42,145 - INFO - Confusion Matrix: 
[[ 13  15]
 [ 74 148]]
2024-08-14 12:33:42,145 - INFO - Precision: 0.9079754601226994
2024-08-14 12:33:42,145 - INFO - Recall: 0.6666666666666666
2024-08-14 12:33:42,145 - INFO - Model evaluated successfully for subset 5.
2024-08-14 12:33:42,145 - INFO - ------------------------------
2024-08-14 12:33:42,145 - INFO - EVALUATE MODEL STAGE COMPLETED FOR SUBSET 5
2024-08-14 12:33:42,145 - INFO - ------------------------------
2024-08-14 12:33:42,149 - INFO - Subset 6 demographic makeup: 750 1, 131 3, 72 2, 47 4
2024-08-14 12:33:42,149 - INFO - Processing subset 6...
2024-08-14 12:33:42,149 - INFO - -----------------------------
2024-08-14 12:33:42,149 - INFO - TRAIN MODEL STAGE STARTING FOR SUBSET 6...
2024-08-14 12:33:42,149 - INFO - -----------------------------
2024-08-14 12:33:42,159 - INFO - Scaling features and applying LASSO for feature selection...
2024-08-14 12:33:45,697 - INFO - Selected features (including required): ['who', 'RaceEth', 'age', 'is_female', 'is_hispanic', 'unemployed', 'unstableliving', 'education', 'marital', 'UDS_Amphetamine_Count', 'UDS_Benzodiazepine_Count', 'UDS_Buprenorphine_Count', 'UDS_Cocaine_Count', 'UDS_Methadone_Count', 'UDS_Opioid_Count', 'UDS_Sedatives_Count', 'UDS_Thc_Count', 'pain', 'has_schizophrenia', 'has_major_dep', 'has_bipolar', 'has_anx_pan', 'has_brain_damage', 'has_epilepsy', 'has_alcol_dx', 'has_amphetamines_dx', 'has_cannabis_dx', 'has_cocaine_dx', 'has_sedatives_dx', 'ftnd', 'XTRT', 'shared', 'rbsivheroin', 'TLFB_Alcohol_Count', 'TLFB_Amphetamine_Count', 'TLFB_Benzodiazepine_Count', 'TLFB_Buprenorphine_Count', 'TLFB_Cocaine_Count', 'TLFB_Heroin_Count', 'TLFB_Methadone_Count', 'TLFB_Opioid_Count', 'TLFB_THC_Count', 'TLFB_Other', 'Homosexual_Behavior', 'Non_monogamous_Relationships']
2024-08-14 12:33:45,704 - INFO - Fitting logistic regression model with the selected features...
2024-08-14 12:33:46,880 - INFO - Model training completed successfully.
2024-08-14 12:33:46,880 - INFO - Calculating the dynamic threshold based on the proportion of positive outcomes...
2024-08-14 12:33:46,881 - INFO - Ratio of 1s to 0s in the outcome variable: 0.84 : 0.16
2024-08-14 12:33:46,881 - INFO - Dynamic threshold set to: 0.844
2024-08-14 12:33:46,881 - INFO - Model trained and saved successfully for subset 6.
2024-08-14 12:33:46,881 - INFO - ---------------------------
2024-08-14 12:33:46,881 - INFO - TRAIN MODEL STAGE COMPLETED FOR SUBSET 6
2024-08-14 12:33:46,881 - INFO - ---------------------------
2024-08-14 12:33:46,881 - INFO - --------------------------------
2024-08-14 12:33:46,881 - INFO - EVALUATE MODEL STAGE STARTING FOR SUBSET 6...
2024-08-14 12:33:46,881 - INFO - --------------------------------
2024-08-14 12:33:46,903 - INFO - ROC AUC Score: 0.6761453396524486
2024-08-14 12:33:46,904 - INFO - Confusion Matrix: 
[[ 18  21]
 [ 49 162]]
2024-08-14 12:33:46,904 - INFO - Precision: 0.8852459016393442
2024-08-14 12:33:46,904 - INFO - Recall: 0.7677725118483413
2024-08-14 12:33:46,905 - INFO - Model evaluated successfully for subset 6.
2024-08-14 12:33:46,905 - INFO - ------------------------------
2024-08-14 12:33:46,905 - INFO - EVALUATE MODEL STAGE COMPLETED FOR SUBSET 6
2024-08-14 12:33:46,905 - INFO - ------------------------------
2024-08-14 12:33:46,906 - INFO - Subset 7 demographic makeup: 800 1, 105 3, 56 2, 39 4
2024-08-14 12:33:46,906 - INFO - Processing subset 7...
2024-08-14 12:33:46,906 - INFO - -----------------------------
2024-08-14 12:33:46,906 - INFO - TRAIN MODEL STAGE STARTING FOR SUBSET 7...
2024-08-14 12:33:46,906 - INFO - -----------------------------
2024-08-14 12:33:46,913 - INFO - Scaling features and applying LASSO for feature selection...
2024-08-14 12:33:51,349 - INFO - Selected features (including required): ['who', 'RaceEth', 'age', 'is_female', 'is_hispanic', 'unemployed', 'unstableliving', 'education', 'marital', 'UDS_Amphetamine_Count', 'UDS_Benzodiazepine_Count', 'UDS_Buprenorphine_Count', 'UDS_Cocaine_Count', 'UDS_Methadone_Count', 'UDS_Opioid_Count', 'UDS_Sedatives_Count', 'UDS_Thc_Count', 'pain', 'has_schizophrenia', 'has_major_dep', 'has_bipolar', 'has_anx_pan', 'has_brain_damage', 'has_epilepsy', 'has_alcol_dx', 'has_amphetamines_dx', 'has_cannabis_dx', 'has_cocaine_dx', 'has_sedatives_dx', 'ftnd', 'XTRT', 'shared', 'rbsivheroin', 'TLFB_Alcohol_Count', 'TLFB_Amphetamine_Count', 'TLFB_Benzodiazepine_Count', 'TLFB_Buprenorphine_Count', 'TLFB_Cocaine_Count', 'TLFB_Heroin_Count', 'TLFB_Methadone_Count', 'TLFB_Opioid_Count', 'TLFB_THC_Count', 'TLFB_Other', 'Homosexual_Behavior', 'Non_monogamous_Relationships']
2024-08-14 12:33:51,360 - INFO - Fitting logistic regression model with the selected features...
2024-08-14 12:33:52,140 - INFO - Model training completed successfully.
2024-08-14 12:33:52,141 - INFO - Calculating the dynamic threshold based on the proportion of positive outcomes...
2024-08-14 12:33:52,142 - INFO - Ratio of 1s to 0s in the outcome variable: 0.86 : 0.14
2024-08-14 12:33:52,148 - INFO - Dynamic threshold set to: 0.86
2024-08-14 12:33:52,150 - INFO - Model trained and saved successfully for subset 7.
2024-08-14 12:33:52,151 - INFO - ---------------------------
2024-08-14 12:33:52,152 - INFO - TRAIN MODEL STAGE COMPLETED FOR SUBSET 7
2024-08-14 12:33:52,152 - INFO - ---------------------------
2024-08-14 12:33:52,153 - INFO - --------------------------------
2024-08-14 12:33:52,155 - INFO - EVALUATE MODEL STAGE STARTING FOR SUBSET 7...
2024-08-14 12:33:52,162 - INFO - --------------------------------
2024-08-14 12:33:52,186 - INFO - ROC AUC Score: 0.6623255813953488
2024-08-14 12:33:52,187 - INFO - Confusion Matrix: 
[[ 15  20]
 [ 58 157]]
2024-08-14 12:33:52,187 - INFO - Precision: 0.8870056497175142
2024-08-14 12:33:52,188 - INFO - Recall: 0.7302325581395349
2024-08-14 12:33:52,189 - INFO - Model evaluated successfully for subset 7.
2024-08-14 12:33:52,189 - INFO - ------------------------------
2024-08-14 12:33:52,189 - INFO - EVALUATE MODEL STAGE COMPLETED FOR SUBSET 7
2024-08-14 12:33:52,190 - INFO - ------------------------------
2024-08-14 12:33:52,191 - INFO - Subset 8 demographic makeup: 850 1, 80 3, 40 2, 30 4
2024-08-14 12:33:52,191 - INFO - Processing subset 8...
2024-08-14 12:33:52,191 - INFO - -----------------------------
2024-08-14 12:33:52,192 - INFO - TRAIN MODEL STAGE STARTING FOR SUBSET 8...
2024-08-14 12:33:52,192 - INFO - -----------------------------
2024-08-14 12:33:52,204 - INFO - Scaling features and applying LASSO for feature selection...
2024-08-14 12:33:54,481 - INFO - Selected features (including required): ['who', 'RaceEth', 'age', 'is_female', 'is_hispanic', 'unemployed', 'unstableliving', 'education', 'marital', 'UDS_Amphetamine_Count', 'UDS_Benzodiazepine_Count', 'UDS_Buprenorphine_Count', 'UDS_Cocaine_Count', 'UDS_Methadone_Count', 'UDS_Opioid_Count', 'UDS_Sedatives_Count', 'UDS_Thc_Count', 'pain', 'has_schizophrenia', 'has_major_dep', 'has_bipolar', 'has_anx_pan', 'has_brain_damage', 'has_epilepsy', 'has_alcol_dx', 'has_amphetamines_dx', 'has_cannabis_dx', 'has_cocaine_dx', 'has_sedatives_dx', 'ftnd', 'XTRT', 'shared', 'rbsivheroin', 'TLFB_Alcohol_Count', 'TLFB_Amphetamine_Count', 'TLFB_Benzodiazepine_Count', 'TLFB_Buprenorphine_Count', 'TLFB_Cocaine_Count', 'TLFB_Heroin_Count', 'TLFB_Methadone_Count', 'TLFB_Opioid_Count', 'TLFB_THC_Count', 'TLFB_Other', 'Homosexual_Behavior', 'Non_monogamous_Relationships']
2024-08-14 12:33:54,486 - INFO - Fitting logistic regression model with the selected features...
2024-08-14 12:33:55,316 - INFO - Model training completed successfully.
2024-08-14 12:33:55,317 - INFO - Calculating the dynamic threshold based on the proportion of positive outcomes...
2024-08-14 12:33:55,322 - INFO - Ratio of 1s to 0s in the outcome variable: 0.90 : 0.10
2024-08-14 12:33:55,323 - INFO - Dynamic threshold set to: 0.896
2024-08-14 12:33:55,333 - INFO - Model trained and saved successfully for subset 8.
2024-08-14 12:33:55,334 - INFO - ---------------------------
2024-08-14 12:33:55,334 - INFO - TRAIN MODEL STAGE COMPLETED FOR SUBSET 8
2024-08-14 12:33:55,338 - INFO - ---------------------------
2024-08-14 12:33:55,340 - INFO - --------------------------------
2024-08-14 12:33:55,340 - INFO - EVALUATE MODEL STAGE STARTING FOR SUBSET 8...
2024-08-14 12:33:55,341 - INFO - --------------------------------
2024-08-14 12:33:55,376 - INFO - ROC AUC Score: 0.7008928571428572
2024-08-14 12:33:55,377 - INFO - Confusion Matrix: 
[[ 13  13]
 [ 71 153]]
2024-08-14 12:33:55,377 - INFO - Precision: 0.9216867469879518
2024-08-14 12:33:55,379 - INFO - Recall: 0.6830357142857143
2024-08-14 12:33:55,379 - INFO - Model evaluated successfully for subset 8.
2024-08-14 12:33:55,380 - INFO - ------------------------------
2024-08-14 12:33:55,381 - INFO - EVALUATE MODEL STAGE COMPLETED FOR SUBSET 8
2024-08-14 12:33:55,381 - INFO - ------------------------------
2024-08-14 12:33:55,383 - INFO - Subset 9 demographic makeup: 900 1, 48 3, 32 2, 20 4
2024-08-14 12:33:55,384 - INFO - Processing subset 9...
2024-08-14 12:33:55,387 - INFO - -----------------------------
2024-08-14 12:33:55,389 - INFO - TRAIN MODEL STAGE STARTING FOR SUBSET 9...
2024-08-14 12:33:55,390 - INFO - -----------------------------
2024-08-14 12:33:55,405 - INFO - Scaling features and applying LASSO for feature selection...
2024-08-14 12:33:57,541 - INFO - Selected features (including required): ['who', 'RaceEth', 'age', 'is_female', 'is_hispanic', 'unemployed', 'unstableliving', 'education', 'marital', 'UDS_Amphetamine_Count', 'UDS_Benzodiazepine_Count', 'UDS_Buprenorphine_Count', 'UDS_Cocaine_Count', 'UDS_Methadone_Count', 'UDS_Opioid_Count', 'UDS_Sedatives_Count', 'UDS_Thc_Count', 'pain', 'has_schizophrenia', 'has_major_dep', 'has_bipolar', 'has_anx_pan', 'has_brain_damage', 'has_epilepsy', 'has_alcol_dx', 'has_amphetamines_dx', 'has_cannabis_dx', 'has_cocaine_dx', 'has_sedatives_dx', 'ftnd', 'XTRT', 'shared', 'rbsivheroin', 'TLFB_Alcohol_Count', 'TLFB_Amphetamine_Count', 'TLFB_Benzodiazepine_Count', 'TLFB_Buprenorphine_Count', 'TLFB_Cocaine_Count', 'TLFB_Heroin_Count', 'TLFB_Methadone_Count', 'TLFB_Opioid_Count', 'TLFB_THC_Count', 'TLFB_Other', 'Homosexual_Behavior', 'Non_monogamous_Relationships']
2024-08-14 12:33:57,546 - INFO - Fitting logistic regression model with the selected features...
2024-08-14 12:33:58,269 - INFO - Model training completed successfully.
2024-08-14 12:33:58,269 - INFO - Calculating the dynamic threshold based on the proportion of positive outcomes...
2024-08-14 12:33:58,269 - INFO - Ratio of 1s to 0s in the outcome variable: 0.89 : 0.11
2024-08-14 12:33:58,269 - INFO - Dynamic threshold set to: 0.892
2024-08-14 12:33:58,269 - INFO - Model trained and saved successfully for subset 9.
2024-08-14 12:33:58,269 - INFO - ---------------------------
2024-08-14 12:33:58,269 - INFO - TRAIN MODEL STAGE COMPLETED FOR SUBSET 9
2024-08-14 12:33:58,270 - INFO - ---------------------------
2024-08-14 12:33:58,270 - INFO - --------------------------------
2024-08-14 12:33:58,270 - INFO - EVALUATE MODEL STAGE STARTING FOR SUBSET 9...
2024-08-14 12:33:58,270 - INFO - --------------------------------
2024-08-14 12:33:58,282 - INFO - ROC AUC Score: 0.7629961800365388
2024-08-14 12:33:58,283 - INFO - Confusion Matrix: 
[[ 13  14]
 [ 71 152]]
2024-08-14 12:33:58,283 - INFO - Precision: 0.9156626506024096
2024-08-14 12:33:58,283 - INFO - Recall: 0.6816143497757847
2024-08-14 12:33:58,283 - INFO - Model evaluated successfully for subset 9.
2024-08-14 12:33:58,283 - INFO - ------------------------------
2024-08-14 12:33:58,283 - INFO - EVALUATE MODEL STAGE COMPLETED FOR SUBSET 9
2024-08-14 12:33:58,283 - INFO - ------------------------------
2024-08-14 12:33:58,284 - INFO - Subset 10 demographic makeup: 950 1, 25 3, 13 2, 12 4
2024-08-14 12:33:58,284 - INFO - Processing subset 10...
2024-08-14 12:33:58,284 - INFO - -----------------------------
2024-08-14 12:33:58,284 - INFO - TRAIN MODEL STAGE STARTING FOR SUBSET 10...
2024-08-14 12:33:58,284 - INFO - -----------------------------
2024-08-14 12:33:58,293 - INFO - Scaling features and applying LASSO for feature selection...
2024-08-14 12:34:00,409 - INFO - Selected features (including required): ['who', 'RaceEth', 'age', 'is_female', 'is_hispanic', 'unemployed', 'unstableliving', 'education', 'marital', 'UDS_Amphetamine_Count', 'UDS_Benzodiazepine_Count', 'UDS_Buprenorphine_Count', 'UDS_Cocaine_Count', 'UDS_Methadone_Count', 'UDS_Opioid_Count', 'UDS_Sedatives_Count', 'UDS_Thc_Count', 'pain', 'has_schizophrenia', 'has_major_dep', 'has_bipolar', 'has_anx_pan', 'has_brain_damage', 'has_epilepsy', 'has_alcol_dx', 'has_amphetamines_dx', 'has_cannabis_dx', 'has_cocaine_dx', 'has_sedatives_dx', 'ftnd', 'XTRT', 'shared', 'rbsivheroin', 'TLFB_Alcohol_Count', 'TLFB_Amphetamine_Count', 'TLFB_Benzodiazepine_Count', 'TLFB_Buprenorphine_Count', 'TLFB_Cocaine_Count', 'TLFB_Heroin_Count', 'TLFB_Methadone_Count', 'TLFB_Opioid_Count', 'TLFB_THC_Count', 'TLFB_Other', 'Homosexual_Behavior', 'Non_monogamous_Relationships']
2024-08-14 12:34:00,417 - INFO - Fitting logistic regression model with the selected features...
2024-08-14 12:34:01,259 - INFO - Model training completed successfully.
2024-08-14 12:34:01,259 - INFO - Calculating the dynamic threshold based on the proportion of positive outcomes...
2024-08-14 12:34:01,260 - INFO - Ratio of 1s to 0s in the outcome variable: 0.89 : 0.11
2024-08-14 12:34:01,260 - INFO - Dynamic threshold set to: 0.892
2024-08-14 12:34:01,261 - INFO - Model trained and saved successfully for subset 10.
2024-08-14 12:34:01,262 - INFO - ---------------------------
2024-08-14 12:34:01,263 - INFO - TRAIN MODEL STAGE COMPLETED FOR SUBSET 10
2024-08-14 12:34:01,265 - INFO - ---------------------------
2024-08-14 12:34:01,266 - INFO - --------------------------------
2024-08-14 12:34:01,266 - INFO - EVALUATE MODEL STAGE STARTING FOR SUBSET 10...
2024-08-14 12:34:01,266 - INFO - --------------------------------
2024-08-14 12:34:01,298 - INFO - ROC AUC Score: 0.7377512041189173
2024-08-14 12:34:01,299 - INFO - Confusion Matrix: 
[[ 19   8]
 [ 80 143]]
2024-08-14 12:34:01,299 - INFO - Precision: 0.9470198675496688
2024-08-14 12:34:01,300 - INFO - Recall: 0.6412556053811659
2024-08-14 12:34:01,300 - INFO - Model evaluated successfully for subset 10.
2024-08-14 12:34:01,301 - INFO - ------------------------------
2024-08-14 12:34:01,301 - INFO - EVALUATE MODEL STAGE COMPLETED FOR SUBSET 10
2024-08-14 12:34:01,303 - INFO - ------------------------------
2024-08-14 12:34:01,305 - INFO - Subset 11 demographic makeup: 1000 1
2024-08-14 12:34:01,305 - INFO - Processing subset 11...
2024-08-14 12:34:01,306 - INFO - -----------------------------
2024-08-14 12:34:01,306 - INFO - TRAIN MODEL STAGE STARTING FOR SUBSET 11...
2024-08-14 12:34:01,307 - INFO - -----------------------------
2024-08-14 12:34:01,321 - INFO - Scaling features and applying LASSO for feature selection...
2024-08-14 12:34:02,696 - INFO - Selected features (including required): ['who', 'age', 'is_female', 'unemployed', 'unstableliving', 'education', 'marital', 'UDS_Amphetamine_Count', 'UDS_Benzodiazepine_Count', 'UDS_Buprenorphine_Count', 'UDS_Cocaine_Count', 'UDS_Methadone_Count', 'UDS_Opioid_Count', 'UDS_Sedatives_Count', 'UDS_Thc_Count', 'pain', 'has_schizophrenia', 'has_major_dep', 'has_bipolar', 'has_anx_pan', 'has_brain_damage', 'has_epilepsy', 'has_alcol_dx', 'has_amphetamines_dx', 'has_cannabis_dx', 'has_cocaine_dx', 'has_sedatives_dx', 'ftnd', 'XTRT', 'shared', 'rbsivheroin', 'TLFB_Alcohol_Count', 'TLFB_Amphetamine_Count', 'TLFB_Benzodiazepine_Count', 'TLFB_Buprenorphine_Count', 'TLFB_Cocaine_Count', 'TLFB_Heroin_Count', 'TLFB_Methadone_Count', 'TLFB_Opioid_Count', 'TLFB_THC_Count', 'TLFB_Other', 'Homosexual_Behavior', 'Non_monogamous_Relationships']
2024-08-14 12:34:02,700 - INFO - Fitting logistic regression model with the selected features...
2024-08-14 12:34:03,729 - INFO - Model training completed successfully.
2024-08-14 12:34:03,729 - INFO - Calculating the dynamic threshold based on the proportion of positive outcomes...
2024-08-14 12:34:03,729 - INFO - Ratio of 1s to 0s in the outcome variable: 0.87 : 0.13
2024-08-14 12:34:03,730 - INFO - Dynamic threshold set to: 0.868
2024-08-14 12:34:03,730 - INFO - Model trained and saved successfully for subset 11.
2024-08-14 12:34:03,730 - INFO - ---------------------------
2024-08-14 12:34:03,730 - INFO - TRAIN MODEL STAGE COMPLETED FOR SUBSET 11
2024-08-14 12:34:03,730 - INFO - ---------------------------
2024-08-14 12:34:03,730 - INFO - --------------------------------
2024-08-14 12:34:03,730 - INFO - EVALUATE MODEL STAGE STARTING FOR SUBSET 11...
2024-08-14 12:34:03,730 - INFO - --------------------------------
2024-08-14 12:34:03,752 - INFO - ROC AUC Score: 0.6050830889540566
2024-08-14 12:34:03,752 - INFO - Confusion Matrix: 
[[ 11  22]
 [ 54 163]]
2024-08-14 12:34:03,753 - INFO - Precision: 0.8810810810810811
2024-08-14 12:34:03,753 - INFO - Recall: 0.7511520737327189
2024-08-14 12:34:03,753 - INFO - Model evaluated successfully for subset 11.
2024-08-14 12:34:03,753 - INFO - ------------------------------
2024-08-14 12:34:03,753 - INFO - EVALUATE MODEL STAGE COMPLETED FOR SUBSET 11
2024-08-14 12:34:03,753 - INFO - ------------------------------
2024-08-14 12:34:03,753 - INFO - ------------------
2024-08-14 12:34:03,753 - INFO - PIPELINE COMPLETED
2024-08-14 12:34:03,754 - INFO - ------------------
