2024-08-02 17:12:12 - INFO - -------------------------------------------
2024-08-02 17:12:12 - INFO - Logging setup complete - starting pipeline.
2024-08-02 17:12:12 - INFO - -------------------------------------------
2024-08-02 17:12:12 - INFO - Pipeline Number: 1
2024-08-02 17:12:12 - INFO - Global Seed set to: 42
2024-08-02 17:12:12 - INFO - Outcome Name: Rd_kostenB_1993
2024-08-02 17:12:12 - INFO - Datasets loaded successfully.
2024-08-02 17:12:12 - INFO - Starting preprocessing of the merged dataset...
2024-08-02 17:12:12 - INFO - ---------------------------------
2024-08-02 17:12:12 - INFO - PRE-PROCESSING STAGE STARTING...
2024-08-02 17:12:12 - INFO - ---------------------------------
2024-08-02 17:12:12 - INFO - Dropped initial columns: ['pain_when', 'is_smoker', 'per_day', 'max', 'amount', 'depression', 'anxiety', 'schizophrenia', 'max', 'amount', 'cocaine_inject_days', 'speedball_inject_days', 'opioid_inject_days', 'speed_inject_days', 'UDS_Alcohol_Count', 'UDS_Mdma/Hallucinogen_Count']
2024-08-02 17:12:12 - INFO - Converted Yes/No to binary.
2024-08-02 17:12:12 - INFO - Processed TLFB columns with specified columns: ['TLFB_Alcohol_Count', 'TLFB_Amphetamine_Count', 'TLFB_Cocaine_Count', 'TLFB_Heroin_Count', 'TLFB_Benzodiazepine_Count', 'TLFB_Opioid_Count', 'TLFB_THC_Count', 'TLFB_Methadone_Count', 'TLFB_Buprenorphine_Count']
2024-08-02 17:12:12 - INFO - Calculated behavioral columns.
2024-08-02 17:12:12 - INFO - Moved 'Rd_kostenB_1993' column to the end.
2024-08-02 17:12:12 - INFO - Dropped initial columns: ['msm_npt', 'msm_frq', 'txx_prt']
2024-08-02 17:12:12 - INFO - transform_data_with_nan_handling success
2024-08-02 17:12:12 - INFO - Renamed columns according to the mapping.
2024-08-02 17:12:12 - INFO - Transformed NaN to 0 for binary columns.
2024-08-02 17:12:12 - INFO - Transformed and renamed 'heroin_inject_days' column to 'rbsivheroin'.
2024-08-02 17:12:12 - INFO - Filled NaN with 0 for 'ftnd' column.
2024-08-02 17:12:12 - INFO - Dropped additional columns: ['rbs_iv_days', 'race', 'RBS_cocaine_Days', 'RBS_heroin_Days', 'RBS_opioid_Days', 'RBS_speed_Days', 'RBS_speedball_Days']
2024-08-02 17:12:12 - INFO - Converted UDS drug counts to binary.
2024-08-02 17:12:12 - INFO - ------------------------------
2024-08-02 17:12:12 - INFO - PRE-PROCESSING STAGE COMPLETED
2024-08-02 17:12:12 - INFO - ------------------------------
2024-08-02 17:12:12 - INFO - Merged dataset preprocessed successfully.
2024-08-02 17:12:12 - INFO - Creating demographic subsets from preprocessed data...
2024-08-02 17:12:20 - INFO - Created 11 subsets successfully.
2024-08-02 17:12:20 - INFO - Creating merged subsets from create_demographics_dfs function
2024-08-02 17:12:20 - INFO - Created 11 merged subsets successfully.
2024-08-02 17:12:20 - INFO - Subset 1 demographic makeup: 500 1, 248 3, 150 2, 102 4
2024-08-02 17:12:20 - INFO - Processing subset 1...
2024-08-02 17:12:20 - INFO - -----------------------------
2024-08-02 17:12:20 - INFO - TRAIN MODEL STAGE STARTING FOR SUBSET 1...
2024-08-02 17:12:20 - INFO - -----------------------------
2024-08-02 17:12:20 - INFO - Scaling features and applying LASSO for feature selection...
2024-08-02 17:12:20 - INFO - Selected features (including required): ['who', 'RaceEth', 'age', 'is_female', 'is_hispanic', 'unemployed', 'unstableliving', 'education', 'marital', 'UDS_Amphetamine_Count', 'UDS_Benzodiazepine_Count', 'UDS_Buprenorphine_Count', 'UDS_Cocaine_Count', 'UDS_Methadone_Count', 'UDS_Opioid_Count', 'UDS_Sedatives_Count', 'UDS_Thc_Count', 'pain', 'has_schizophrenia', 'has_major_dep', 'has_bipolar', 'has_anx_pan', 'has_brain_damage', 'has_epilepsy', 'has_alcol_dx', 'has_amphetamines_dx', 'has_cannabis_dx', 'has_cocaine_dx', 'has_sedatives_dx', 'ftnd', 'XTRT', 'shared', 'rbsivheroin', 'TLFB_Alcohol_Count', 'TLFB_Amphetamine_Count', 'TLFB_Benzodiazepine_Count', 'TLFB_Buprenorphine_Count', 'TLFB_Cocaine_Count', 'TLFB_Heroin_Count', 'TLFB_Methadone_Count', 'TLFB_Opioid_Count', 'TLFB_THC_Count', 'TLFB_Other', 'Homosexual_Behavior', 'Non_monogamous_Relationships']
2024-08-02 17:12:20 - INFO - Fitting logistic regression model with the selected features...
2024-08-02 17:12:20 - INFO - Model training completed successfully.
2024-08-02 17:12:20 - INFO - Calculating the dynamic threshold based on the proportion of positive outcomes...
2024-08-02 17:12:20 - INFO - Ratio of 1s to 0s in the outcome variable: 0.59 : 0.41
2024-08-02 17:12:20 - INFO - Dynamic threshold set to: 0.588
2024-08-02 17:12:20 - INFO - Model trained and saved successfully for subset 1.
2024-08-02 17:12:20 - INFO - ---------------------------
2024-08-02 17:12:20 - INFO - TRAIN MODEL STAGE COMPLETED FOR SUBSET 1
2024-08-02 17:12:20 - INFO - ---------------------------
2024-08-02 17:12:20 - INFO - --------------------------------
2024-08-02 17:12:20 - INFO - EVALUATE MODEL STAGE STARTING FOR SUBSET 1...
2024-08-02 17:12:20 - INFO - --------------------------------
2024-08-02 17:12:20 - INFO - ROC AUC Score: 0.6867446007529225
2024-08-02 17:12:20 - INFO - Confusion Matrix: 
[[79 24]
 [74 73]]
2024-08-02 17:12:20 - INFO - Precision: 0.7525773195876289
2024-08-02 17:12:20 - INFO - Recall: 0.4965986394557823
2024-08-02 17:12:20 - INFO - Model evaluated successfully for subset 1.
2024-08-02 17:12:20 - INFO - ------------------------------
2024-08-02 17:12:20 - INFO - EVALUATE MODEL STAGE COMPLETED FOR SUBSET 1
2024-08-02 17:12:20 - INFO - ------------------------------
2024-08-02 17:12:20 - INFO - Subset 2 demographic makeup: 550 1, 222 3, 133 2, 95 4
2024-08-02 17:12:20 - INFO - Processing subset 2...
2024-08-02 17:12:20 - INFO - -----------------------------
2024-08-02 17:12:20 - INFO - TRAIN MODEL STAGE STARTING FOR SUBSET 2...
2024-08-02 17:12:20 - INFO - -----------------------------
2024-08-02 17:12:20 - INFO - Scaling features and applying LASSO for feature selection...
2024-08-02 17:12:21 - INFO - Selected features (including required): ['who', 'RaceEth', 'age', 'is_female', 'is_hispanic', 'unemployed', 'unstableliving', 'education', 'marital', 'UDS_Amphetamine_Count', 'UDS_Benzodiazepine_Count', 'UDS_Buprenorphine_Count', 'UDS_Cocaine_Count', 'UDS_Methadone_Count', 'UDS_Opioid_Count', 'UDS_Sedatives_Count', 'UDS_Thc_Count', 'pain', 'has_schizophrenia', 'has_major_dep', 'has_bipolar', 'has_anx_pan', 'has_brain_damage', 'has_epilepsy', 'has_alcol_dx', 'has_amphetamines_dx', 'has_cannabis_dx', 'has_cocaine_dx', 'has_sedatives_dx', 'ftnd', 'XTRT', 'shared', 'rbsivheroin', 'TLFB_Alcohol_Count', 'TLFB_Amphetamine_Count', 'TLFB_Benzodiazepine_Count', 'TLFB_Buprenorphine_Count', 'TLFB_Cocaine_Count', 'TLFB_Heroin_Count', 'TLFB_Methadone_Count', 'TLFB_Opioid_Count', 'TLFB_THC_Count', 'TLFB_Other', 'Homosexual_Behavior', 'Non_monogamous_Relationships']
2024-08-02 17:12:21 - INFO - Fitting logistic regression model with the selected features...
2024-08-02 17:12:21 - INFO - Model training completed successfully.
2024-08-02 17:12:21 - INFO - Calculating the dynamic threshold based on the proportion of positive outcomes...
2024-08-02 17:12:21 - INFO - Ratio of 1s to 0s in the outcome variable: 0.54 : 0.46
2024-08-02 17:12:21 - INFO - Dynamic threshold set to: 0.544
2024-08-02 17:12:21 - INFO - Model trained and saved successfully for subset 2.
2024-08-02 17:12:21 - INFO - ---------------------------
2024-08-02 17:12:21 - INFO - TRAIN MODEL STAGE COMPLETED FOR SUBSET 2
2024-08-02 17:12:21 - INFO - ---------------------------
2024-08-02 17:12:21 - INFO - --------------------------------
2024-08-02 17:12:21 - INFO - EVALUATE MODEL STAGE STARTING FOR SUBSET 2...
2024-08-02 17:12:21 - INFO - --------------------------------
2024-08-02 17:12:21 - INFO - ROC AUC Score: 0.6477683178534572
2024-08-02 17:12:21 - INFO - Confusion Matrix: 
[[74 40]
 [54 82]]
2024-08-02 17:12:21 - INFO - Precision: 0.6721311475409836
2024-08-02 17:12:21 - INFO - Recall: 0.6029411764705882
2024-08-02 17:12:21 - INFO - Model evaluated successfully for subset 2.
2024-08-02 17:12:21 - INFO - ------------------------------
2024-08-02 17:12:21 - INFO - EVALUATE MODEL STAGE COMPLETED FOR SUBSET 2
2024-08-02 17:12:21 - INFO - ------------------------------
2024-08-02 17:12:21 - INFO - Subset 3 demographic makeup: 600 1, 199 3, 117 2, 84 4
2024-08-02 17:12:21 - INFO - Processing subset 3...
2024-08-02 17:12:21 - INFO - -----------------------------
2024-08-02 17:12:21 - INFO - TRAIN MODEL STAGE STARTING FOR SUBSET 3...
2024-08-02 17:12:21 - INFO - -----------------------------
2024-08-02 17:12:21 - INFO - Scaling features and applying LASSO for feature selection...
2024-08-02 17:12:21 - INFO - Selected features (including required): ['who', 'RaceEth', 'age', 'is_female', 'is_hispanic', 'unemployed', 'unstableliving', 'education', 'marital', 'UDS_Amphetamine_Count', 'UDS_Benzodiazepine_Count', 'UDS_Buprenorphine_Count', 'UDS_Cocaine_Count', 'UDS_Methadone_Count', 'UDS_Opioid_Count', 'UDS_Sedatives_Count', 'UDS_Thc_Count', 'pain', 'has_schizophrenia', 'has_major_dep', 'has_bipolar', 'has_anx_pan', 'has_brain_damage', 'has_epilepsy', 'has_alcol_dx', 'has_amphetamines_dx', 'has_cannabis_dx', 'has_cocaine_dx', 'has_sedatives_dx', 'ftnd', 'XTRT', 'shared', 'rbsivheroin', 'TLFB_Alcohol_Count', 'TLFB_Amphetamine_Count', 'TLFB_Benzodiazepine_Count', 'TLFB_Buprenorphine_Count', 'TLFB_Cocaine_Count', 'TLFB_Heroin_Count', 'TLFB_Methadone_Count', 'TLFB_Opioid_Count', 'TLFB_THC_Count', 'TLFB_Other', 'Homosexual_Behavior', 'Non_monogamous_Relationships']
2024-08-02 17:12:21 - INFO - Fitting logistic regression model with the selected features...
2024-08-02 17:12:22 - INFO - Model training completed successfully.
2024-08-02 17:12:22 - INFO - Calculating the dynamic threshold based on the proportion of positive outcomes...
2024-08-02 17:12:22 - INFO - Ratio of 1s to 0s in the outcome variable: 0.57 : 0.43
2024-08-02 17:12:22 - INFO - Dynamic threshold set to: 0.572
2024-08-02 17:12:22 - INFO - Model trained and saved successfully for subset 3.
2024-08-02 17:12:22 - INFO - ---------------------------
2024-08-02 17:12:22 - INFO - TRAIN MODEL STAGE COMPLETED FOR SUBSET 3
2024-08-02 17:12:22 - INFO - ---------------------------
2024-08-02 17:12:22 - INFO - --------------------------------
2024-08-02 17:12:22 - INFO - EVALUATE MODEL STAGE STARTING FOR SUBSET 3...
2024-08-02 17:12:22 - INFO - --------------------------------
2024-08-02 17:12:22 - INFO - ROC AUC Score: 0.6811973073655316
2024-08-02 17:12:22 - INFO - Confusion Matrix: 
[[83 24]
 [77 66]]
2024-08-02 17:12:22 - INFO - Precision: 0.7333333333333333
2024-08-02 17:12:22 - INFO - Recall: 0.46153846153846156
2024-08-02 17:12:22 - INFO - Model evaluated successfully for subset 3.
2024-08-02 17:12:22 - INFO - ------------------------------
2024-08-02 17:12:22 - INFO - EVALUATE MODEL STAGE COMPLETED FOR SUBSET 3
2024-08-02 17:12:22 - INFO - ------------------------------
2024-08-02 17:12:22 - INFO - Subset 4 demographic makeup: 650 1, 174 3, 102 2, 74 4
2024-08-02 17:12:22 - INFO - Processing subset 4...
2024-08-02 17:12:22 - INFO - -----------------------------
2024-08-02 17:12:22 - INFO - TRAIN MODEL STAGE STARTING FOR SUBSET 4...
2024-08-02 17:12:22 - INFO - -----------------------------
2024-08-02 17:12:22 - INFO - Scaling features and applying LASSO for feature selection...
2024-08-02 17:12:22 - INFO - Selected features (including required): ['who', 'RaceEth', 'age', 'is_female', 'is_hispanic', 'unemployed', 'unstableliving', 'education', 'marital', 'UDS_Amphetamine_Count', 'UDS_Benzodiazepine_Count', 'UDS_Buprenorphine_Count', 'UDS_Cocaine_Count', 'UDS_Methadone_Count', 'UDS_Opioid_Count', 'UDS_Sedatives_Count', 'UDS_Thc_Count', 'pain', 'has_schizophrenia', 'has_major_dep', 'has_bipolar', 'has_anx_pan', 'has_brain_damage', 'has_epilepsy', 'has_alcol_dx', 'has_amphetamines_dx', 'has_cannabis_dx', 'has_cocaine_dx', 'has_sedatives_dx', 'ftnd', 'XTRT', 'shared', 'rbsivheroin', 'TLFB_Alcohol_Count', 'TLFB_Amphetamine_Count', 'TLFB_Benzodiazepine_Count', 'TLFB_Buprenorphine_Count', 'TLFB_Cocaine_Count', 'TLFB_Heroin_Count', 'TLFB_Methadone_Count', 'TLFB_Opioid_Count', 'TLFB_THC_Count', 'TLFB_Other', 'Homosexual_Behavior', 'Non_monogamous_Relationships']
2024-08-02 17:12:22 - INFO - Fitting logistic regression model with the selected features...
2024-08-02 17:12:23 - INFO - Model training completed successfully.
2024-08-02 17:12:23 - INFO - Calculating the dynamic threshold based on the proportion of positive outcomes...
2024-08-02 17:12:23 - INFO - Ratio of 1s to 0s in the outcome variable: 0.51 : 0.49
2024-08-02 17:12:23 - INFO - Dynamic threshold set to: 0.508
2024-08-02 17:12:23 - INFO - Model trained and saved successfully for subset 4.
2024-08-02 17:12:23 - INFO - ---------------------------
2024-08-02 17:12:23 - INFO - TRAIN MODEL STAGE COMPLETED FOR SUBSET 4
2024-08-02 17:12:23 - INFO - ---------------------------
2024-08-02 17:12:23 - INFO - --------------------------------
2024-08-02 17:12:23 - INFO - EVALUATE MODEL STAGE STARTING FOR SUBSET 4...
2024-08-02 17:12:23 - INFO - --------------------------------
2024-08-02 17:12:23 - INFO - ROC AUC Score: 0.6345944561807823
2024-08-02 17:12:23 - INFO - Confusion Matrix: 
[[60 63]
 [41 86]]
2024-08-02 17:12:23 - INFO - Precision: 0.5771812080536913
2024-08-02 17:12:23 - INFO - Recall: 0.6771653543307087
2024-08-02 17:12:23 - INFO - Model evaluated successfully for subset 4.
2024-08-02 17:12:23 - INFO - ------------------------------
2024-08-02 17:12:23 - INFO - EVALUATE MODEL STAGE COMPLETED FOR SUBSET 4
2024-08-02 17:12:23 - INFO - ------------------------------
2024-08-02 17:12:23 - INFO - Subset 5 demographic makeup: 700 1, 148 3, 86 2, 66 4
2024-08-02 17:12:23 - INFO - Processing subset 5...
2024-08-02 17:12:23 - INFO - -----------------------------
2024-08-02 17:12:23 - INFO - TRAIN MODEL STAGE STARTING FOR SUBSET 5...
2024-08-02 17:12:23 - INFO - -----------------------------
2024-08-02 17:12:23 - INFO - Scaling features and applying LASSO for feature selection...
2024-08-02 17:12:23 - INFO - Selected features (including required): ['who', 'RaceEth', 'age', 'is_female', 'is_hispanic', 'unemployed', 'unstableliving', 'education', 'marital', 'UDS_Amphetamine_Count', 'UDS_Benzodiazepine_Count', 'UDS_Buprenorphine_Count', 'UDS_Cocaine_Count', 'UDS_Methadone_Count', 'UDS_Opioid_Count', 'UDS_Sedatives_Count', 'UDS_Thc_Count', 'pain', 'has_schizophrenia', 'has_major_dep', 'has_bipolar', 'has_anx_pan', 'has_brain_damage', 'has_epilepsy', 'has_alcol_dx', 'has_amphetamines_dx', 'has_cannabis_dx', 'has_cocaine_dx', 'has_sedatives_dx', 'ftnd', 'XTRT', 'shared', 'rbsivheroin', 'TLFB_Alcohol_Count', 'TLFB_Amphetamine_Count', 'TLFB_Benzodiazepine_Count', 'TLFB_Buprenorphine_Count', 'TLFB_Cocaine_Count', 'TLFB_Heroin_Count', 'TLFB_Methadone_Count', 'TLFB_Opioid_Count', 'TLFB_THC_Count', 'TLFB_Other', 'Homosexual_Behavior', 'Non_monogamous_Relationships']
2024-08-02 17:12:23 - INFO - Fitting logistic regression model with the selected features...
2024-08-02 17:12:24 - INFO - Model training completed successfully.
2024-08-02 17:12:24 - INFO - Calculating the dynamic threshold based on the proportion of positive outcomes...
2024-08-02 17:12:24 - INFO - Ratio of 1s to 0s in the outcome variable: 0.53 : 0.47
2024-08-02 17:12:24 - INFO - Dynamic threshold set to: 0.532
2024-08-02 17:12:24 - INFO - Model trained and saved successfully for subset 5.
2024-08-02 17:12:24 - INFO - ---------------------------
2024-08-02 17:12:24 - INFO - TRAIN MODEL STAGE COMPLETED FOR SUBSET 5
2024-08-02 17:12:24 - INFO - ---------------------------
2024-08-02 17:12:24 - INFO - --------------------------------
2024-08-02 17:12:24 - INFO - EVALUATE MODEL STAGE STARTING FOR SUBSET 5...
2024-08-02 17:12:24 - INFO - --------------------------------
2024-08-02 17:12:24 - INFO - ROC AUC Score: 0.6387764282501125
2024-08-02 17:12:24 - INFO - Confusion Matrix: 
[[67 50]
 [55 78]]
2024-08-02 17:12:24 - INFO - Precision: 0.609375
2024-08-02 17:12:24 - INFO - Recall: 0.5864661654135338
2024-08-02 17:12:24 - INFO - Model evaluated successfully for subset 5.
2024-08-02 17:12:24 - INFO - ------------------------------
2024-08-02 17:12:24 - INFO - EVALUATE MODEL STAGE COMPLETED FOR SUBSET 5
2024-08-02 17:12:24 - INFO - ------------------------------
2024-08-02 17:12:24 - INFO - Subset 6 demographic makeup: 750 1, 122 3, 72 2, 56 4
2024-08-02 17:12:24 - INFO - Processing subset 6...
2024-08-02 17:12:24 - INFO - -----------------------------
2024-08-02 17:12:24 - INFO - TRAIN MODEL STAGE STARTING FOR SUBSET 6...
2024-08-02 17:12:24 - INFO - -----------------------------
2024-08-02 17:12:24 - INFO - Scaling features and applying LASSO for feature selection...
2024-08-02 17:12:25 - INFO - Selected features (including required): ['who', 'RaceEth', 'age', 'is_female', 'is_hispanic', 'unemployed', 'unstableliving', 'education', 'marital', 'UDS_Amphetamine_Count', 'UDS_Benzodiazepine_Count', 'UDS_Buprenorphine_Count', 'UDS_Cocaine_Count', 'UDS_Methadone_Count', 'UDS_Opioid_Count', 'UDS_Sedatives_Count', 'UDS_Thc_Count', 'pain', 'has_schizophrenia', 'has_major_dep', 'has_bipolar', 'has_anx_pan', 'has_brain_damage', 'has_epilepsy', 'has_alcol_dx', 'has_amphetamines_dx', 'has_cannabis_dx', 'has_cocaine_dx', 'has_sedatives_dx', 'ftnd', 'XTRT', 'shared', 'rbsivheroin', 'TLFB_Alcohol_Count', 'TLFB_Amphetamine_Count', 'TLFB_Benzodiazepine_Count', 'TLFB_Buprenorphine_Count', 'TLFB_Cocaine_Count', 'TLFB_Heroin_Count', 'TLFB_Methadone_Count', 'TLFB_Opioid_Count', 'TLFB_THC_Count', 'TLFB_Other', 'Homosexual_Behavior', 'Non_monogamous_Relationships']
2024-08-02 17:12:25 - INFO - Fitting logistic regression model with the selected features...
2024-08-02 17:12:26 - INFO - Model training completed successfully.
2024-08-02 17:12:26 - INFO - Calculating the dynamic threshold based on the proportion of positive outcomes...
2024-08-02 17:12:26 - INFO - Ratio of 1s to 0s in the outcome variable: 0.53 : 0.47
2024-08-02 17:12:26 - INFO - Dynamic threshold set to: 0.532
2024-08-02 17:12:26 - INFO - Model trained and saved successfully for subset 6.
2024-08-02 17:12:26 - INFO - ---------------------------
2024-08-02 17:12:26 - INFO - TRAIN MODEL STAGE COMPLETED FOR SUBSET 6
2024-08-02 17:12:26 - INFO - ---------------------------
2024-08-02 17:12:26 - INFO - --------------------------------
2024-08-02 17:12:26 - INFO - EVALUATE MODEL STAGE STARTING FOR SUBSET 6...
2024-08-02 17:12:26 - INFO - --------------------------------
2024-08-02 17:12:26 - INFO - ROC AUC Score: 0.713064713064713
2024-08-02 17:12:26 - INFO - Confusion Matrix: 
[[67 50]
 [39 94]]
2024-08-02 17:12:26 - INFO - Precision: 0.6527777777777778
2024-08-02 17:12:26 - INFO - Recall: 0.706766917293233
2024-08-02 17:12:26 - INFO - Model evaluated successfully for subset 6.
2024-08-02 17:12:26 - INFO - ------------------------------
2024-08-02 17:12:26 - INFO - EVALUATE MODEL STAGE COMPLETED FOR SUBSET 6
2024-08-02 17:12:26 - INFO - ------------------------------
2024-08-02 17:12:26 - INFO - Subset 7 demographic makeup: 800 1, 96 3, 59 2, 45 4
2024-08-02 17:12:26 - INFO - Processing subset 7...
2024-08-02 17:12:26 - INFO - -----------------------------
2024-08-02 17:12:26 - INFO - TRAIN MODEL STAGE STARTING FOR SUBSET 7...
2024-08-02 17:12:26 - INFO - -----------------------------
2024-08-02 17:12:26 - INFO - Scaling features and applying LASSO for feature selection...
2024-08-02 17:12:28 - INFO - Selected features (including required): ['who', 'RaceEth', 'age', 'is_female', 'is_hispanic', 'unemployed', 'unstableliving', 'education', 'marital', 'UDS_Amphetamine_Count', 'UDS_Benzodiazepine_Count', 'UDS_Buprenorphine_Count', 'UDS_Cocaine_Count', 'UDS_Methadone_Count', 'UDS_Opioid_Count', 'UDS_Sedatives_Count', 'UDS_Thc_Count', 'pain', 'has_schizophrenia', 'has_major_dep', 'has_bipolar', 'has_anx_pan', 'has_brain_damage', 'has_epilepsy', 'has_alcol_dx', 'has_amphetamines_dx', 'has_cannabis_dx', 'has_cocaine_dx', 'has_sedatives_dx', 'ftnd', 'XTRT', 'shared', 'rbsivheroin', 'TLFB_Alcohol_Count', 'TLFB_Amphetamine_Count', 'TLFB_Benzodiazepine_Count', 'TLFB_Buprenorphine_Count', 'TLFB_Cocaine_Count', 'TLFB_Heroin_Count', 'TLFB_Methadone_Count', 'TLFB_Opioid_Count', 'TLFB_THC_Count', 'TLFB_Other', 'Homosexual_Behavior', 'Non_monogamous_Relationships']
2024-08-02 17:12:28 - INFO - Fitting logistic regression model with the selected features...
2024-08-02 17:12:28 - INFO - Model training completed successfully.
2024-08-02 17:12:28 - INFO - Calculating the dynamic threshold based on the proportion of positive outcomes...
2024-08-02 17:12:28 - INFO - Ratio of 1s to 0s in the outcome variable: 0.54 : 0.46
2024-08-02 17:12:28 - INFO - Dynamic threshold set to: 0.544
2024-08-02 17:12:28 - INFO - Model trained and saved successfully for subset 7.
2024-08-02 17:12:28 - INFO - ---------------------------
2024-08-02 17:12:28 - INFO - TRAIN MODEL STAGE COMPLETED FOR SUBSET 7
2024-08-02 17:12:28 - INFO - ---------------------------
2024-08-02 17:12:28 - INFO - --------------------------------
2024-08-02 17:12:28 - INFO - EVALUATE MODEL STAGE STARTING FOR SUBSET 7...
2024-08-02 17:12:28 - INFO - --------------------------------
2024-08-02 17:12:28 - INFO - ROC AUC Score: 0.6732456140350878
2024-08-02 17:12:28 - INFO - Confusion Matrix: 
[[74 40]
 [53 83]]
2024-08-02 17:12:28 - INFO - Precision: 0.6747967479674797
2024-08-02 17:12:28 - INFO - Recall: 0.6102941176470589
2024-08-02 17:12:28 - INFO - Model evaluated successfully for subset 7.
2024-08-02 17:12:28 - INFO - ------------------------------
2024-08-02 17:12:28 - INFO - EVALUATE MODEL STAGE COMPLETED FOR SUBSET 7
2024-08-02 17:12:28 - INFO - ------------------------------
2024-08-02 17:12:28 - INFO - Subset 8 demographic makeup: 850 1, 69 3, 44 2, 37 4
2024-08-02 17:12:28 - INFO - Processing subset 8...
2024-08-02 17:12:28 - INFO - -----------------------------
2024-08-02 17:12:28 - INFO - TRAIN MODEL STAGE STARTING FOR SUBSET 8...
2024-08-02 17:12:28 - INFO - -----------------------------
2024-08-02 17:12:28 - INFO - Scaling features and applying LASSO for feature selection...
2024-08-02 17:12:29 - INFO - Selected features (including required): ['who', 'RaceEth', 'age', 'is_female', 'is_hispanic', 'unemployed', 'unstableliving', 'education', 'marital', 'UDS_Amphetamine_Count', 'UDS_Benzodiazepine_Count', 'UDS_Buprenorphine_Count', 'UDS_Cocaine_Count', 'UDS_Methadone_Count', 'UDS_Opioid_Count', 'UDS_Sedatives_Count', 'UDS_Thc_Count', 'pain', 'has_schizophrenia', 'has_major_dep', 'has_bipolar', 'has_anx_pan', 'has_brain_damage', 'has_epilepsy', 'has_alcol_dx', 'has_amphetamines_dx', 'has_cannabis_dx', 'has_cocaine_dx', 'has_sedatives_dx', 'ftnd', 'XTRT', 'shared', 'rbsivheroin', 'TLFB_Alcohol_Count', 'TLFB_Amphetamine_Count', 'TLFB_Benzodiazepine_Count', 'TLFB_Buprenorphine_Count', 'TLFB_Cocaine_Count', 'TLFB_Heroin_Count', 'TLFB_Methadone_Count', 'TLFB_Opioid_Count', 'TLFB_THC_Count', 'TLFB_Other', 'Homosexual_Behavior', 'Non_monogamous_Relationships']
2024-08-02 17:12:29 - INFO - Fitting logistic regression model with the selected features...
2024-08-02 17:12:30 - INFO - Model training completed successfully.
2024-08-02 17:12:30 - INFO - Calculating the dynamic threshold based on the proportion of positive outcomes...
2024-08-02 17:12:30 - INFO - Ratio of 1s to 0s in the outcome variable: 0.57 : 0.43
2024-08-02 17:12:30 - INFO - Dynamic threshold set to: 0.568
2024-08-02 17:12:30 - INFO - Model trained and saved successfully for subset 8.
2024-08-02 17:12:30 - INFO - ---------------------------
2024-08-02 17:12:30 - INFO - TRAIN MODEL STAGE COMPLETED FOR SUBSET 8
2024-08-02 17:12:30 - INFO - ---------------------------
2024-08-02 17:12:30 - INFO - --------------------------------
2024-08-02 17:12:30 - INFO - EVALUATE MODEL STAGE STARTING FOR SUBSET 8...
2024-08-02 17:12:30 - INFO - --------------------------------
2024-08-02 17:12:30 - INFO - ROC AUC Score: 0.6641236306729265
2024-08-02 17:12:30 - INFO - Confusion Matrix: 
[[69 39]
 [56 86]]
2024-08-02 17:12:30 - INFO - Precision: 0.688
2024-08-02 17:12:30 - INFO - Recall: 0.6056338028169014
2024-08-02 17:12:30 - INFO - Model evaluated successfully for subset 8.
2024-08-02 17:12:30 - INFO - ------------------------------
2024-08-02 17:12:30 - INFO - EVALUATE MODEL STAGE COMPLETED FOR SUBSET 8
2024-08-02 17:12:30 - INFO - ------------------------------
2024-08-02 17:12:30 - INFO - Subset 9 demographic makeup: 900 1, 47 3, 30 2, 23 4
2024-08-02 17:12:30 - INFO - Processing subset 9...
2024-08-02 17:12:30 - INFO - -----------------------------
2024-08-02 17:12:30 - INFO - TRAIN MODEL STAGE STARTING FOR SUBSET 9...
2024-08-02 17:12:30 - INFO - -----------------------------
2024-08-02 17:12:30 - INFO - Scaling features and applying LASSO for feature selection...
2024-08-02 17:12:31 - INFO - Selected features (including required): ['who', 'RaceEth', 'age', 'is_female', 'is_hispanic', 'unemployed', 'unstableliving', 'education', 'marital', 'UDS_Amphetamine_Count', 'UDS_Benzodiazepine_Count', 'UDS_Buprenorphine_Count', 'UDS_Cocaine_Count', 'UDS_Methadone_Count', 'UDS_Opioid_Count', 'UDS_Sedatives_Count', 'UDS_Thc_Count', 'pain', 'has_schizophrenia', 'has_major_dep', 'has_bipolar', 'has_anx_pan', 'has_brain_damage', 'has_epilepsy', 'has_alcol_dx', 'has_amphetamines_dx', 'has_cannabis_dx', 'has_cocaine_dx', 'has_sedatives_dx', 'ftnd', 'XTRT', 'shared', 'rbsivheroin', 'TLFB_Alcohol_Count', 'TLFB_Amphetamine_Count', 'TLFB_Benzodiazepine_Count', 'TLFB_Buprenorphine_Count', 'TLFB_Cocaine_Count', 'TLFB_Heroin_Count', 'TLFB_Methadone_Count', 'TLFB_Opioid_Count', 'TLFB_THC_Count', 'TLFB_Other', 'Homosexual_Behavior', 'Non_monogamous_Relationships']
2024-08-02 17:12:31 - INFO - Fitting logistic regression model with the selected features...
2024-08-02 17:12:31 - INFO - Model training completed successfully.
2024-08-02 17:12:31 - INFO - Calculating the dynamic threshold based on the proportion of positive outcomes...
2024-08-02 17:12:31 - INFO - Ratio of 1s to 0s in the outcome variable: 0.53 : 0.47
2024-08-02 17:12:31 - INFO - Dynamic threshold set to: 0.532
2024-08-02 17:12:31 - INFO - Model trained and saved successfully for subset 9.
2024-08-02 17:12:31 - INFO - ---------------------------
2024-08-02 17:12:31 - INFO - TRAIN MODEL STAGE COMPLETED FOR SUBSET 9
2024-08-02 17:12:31 - INFO - ---------------------------
2024-08-02 17:12:31 - INFO - --------------------------------
2024-08-02 17:12:31 - INFO - EVALUATE MODEL STAGE STARTING FOR SUBSET 9...
2024-08-02 17:12:31 - INFO - --------------------------------
2024-08-02 17:12:31 - INFO - ROC AUC Score: 0.659790501895765
2024-08-02 17:12:31 - INFO - Confusion Matrix: 
[[65 52]
 [43 90]]
2024-08-02 17:12:31 - INFO - Precision: 0.6338028169014085
2024-08-02 17:12:31 - INFO - Recall: 0.6766917293233082
2024-08-02 17:12:31 - INFO - Model evaluated successfully for subset 9.
2024-08-02 17:12:31 - INFO - ------------------------------
2024-08-02 17:12:31 - INFO - EVALUATE MODEL STAGE COMPLETED FOR SUBSET 9
2024-08-02 17:12:31 - INFO - ------------------------------
2024-08-02 17:12:31 - INFO - Subset 10 demographic makeup: 950 1, 24 3, 16 2, 10 4
2024-08-02 17:12:31 - INFO - Processing subset 10...
2024-08-02 17:12:31 - INFO - -----------------------------
2024-08-02 17:12:31 - INFO - TRAIN MODEL STAGE STARTING FOR SUBSET 10...
2024-08-02 17:12:31 - INFO - -----------------------------
2024-08-02 17:12:31 - INFO - Scaling features and applying LASSO for feature selection...
2024-08-02 17:12:32 - INFO - Selected features (including required): ['who', 'RaceEth', 'age', 'is_female', 'is_hispanic', 'unemployed', 'unstableliving', 'education', 'marital', 'UDS_Amphetamine_Count', 'UDS_Benzodiazepine_Count', 'UDS_Buprenorphine_Count', 'UDS_Cocaine_Count', 'UDS_Methadone_Count', 'UDS_Opioid_Count', 'UDS_Sedatives_Count', 'UDS_Thc_Count', 'pain', 'has_schizophrenia', 'has_major_dep', 'has_bipolar', 'has_anx_pan', 'has_brain_damage', 'has_epilepsy', 'has_alcol_dx', 'has_amphetamines_dx', 'has_cannabis_dx', 'has_cocaine_dx', 'has_sedatives_dx', 'ftnd', 'XTRT', 'shared', 'rbsivheroin', 'TLFB_Alcohol_Count', 'TLFB_Amphetamine_Count', 'TLFB_Benzodiazepine_Count', 'TLFB_Buprenorphine_Count', 'TLFB_Cocaine_Count', 'TLFB_Heroin_Count', 'TLFB_Methadone_Count', 'TLFB_Opioid_Count', 'TLFB_THC_Count', 'TLFB_Other', 'Homosexual_Behavior', 'Non_monogamous_Relationships']
2024-08-02 17:12:32 - INFO - Fitting logistic regression model with the selected features...
2024-08-02 17:12:33 - INFO - Model training completed successfully.
2024-08-02 17:12:33 - INFO - Calculating the dynamic threshold based on the proportion of positive outcomes...
2024-08-02 17:12:33 - INFO - Ratio of 1s to 0s in the outcome variable: 0.50 : 0.50
2024-08-02 17:12:33 - INFO - Dynamic threshold set to: 0.504
2024-08-02 17:12:33 - INFO - Model trained and saved successfully for subset 10.
2024-08-02 17:12:33 - INFO - ---------------------------
2024-08-02 17:12:33 - INFO - TRAIN MODEL STAGE COMPLETED FOR SUBSET 10
2024-08-02 17:12:33 - INFO - ---------------------------
2024-08-02 17:12:33 - INFO - --------------------------------
2024-08-02 17:12:33 - INFO - EVALUATE MODEL STAGE STARTING FOR SUBSET 10...
2024-08-02 17:12:33 - INFO - --------------------------------
2024-08-02 17:12:33 - INFO - ROC AUC Score: 0.6719150025601639
2024-08-02 17:12:33 - INFO - Confusion Matrix: 
[[61 63]
 [28 98]]
2024-08-02 17:12:33 - INFO - Precision: 0.6086956521739131
2024-08-02 17:12:33 - INFO - Recall: 0.7777777777777778
2024-08-02 17:12:33 - INFO - Model evaluated successfully for subset 10.
2024-08-02 17:12:33 - INFO - ------------------------------
2024-08-02 17:12:33 - INFO - EVALUATE MODEL STAGE COMPLETED FOR SUBSET 10
2024-08-02 17:12:33 - INFO - ------------------------------
2024-08-02 17:12:33 - INFO - Subset 11 demographic makeup: 1000 1
2024-08-02 17:12:33 - INFO - Processing subset 11...
2024-08-02 17:12:33 - INFO - -----------------------------
2024-08-02 17:12:33 - INFO - TRAIN MODEL STAGE STARTING FOR SUBSET 11...
2024-08-02 17:12:33 - INFO - -----------------------------
2024-08-02 17:12:33 - INFO - Scaling features and applying LASSO for feature selection...
2024-08-02 17:12:33 - INFO - Selected features (including required): ['who', 'age', 'is_female', 'unemployed', 'unstableliving', 'education', 'marital', 'UDS_Amphetamine_Count', 'UDS_Benzodiazepine_Count', 'UDS_Buprenorphine_Count', 'UDS_Cocaine_Count', 'UDS_Methadone_Count', 'UDS_Opioid_Count', 'UDS_Sedatives_Count', 'UDS_Thc_Count', 'pain', 'has_schizophrenia', 'has_major_dep', 'has_bipolar', 'has_anx_pan', 'has_brain_damage', 'has_epilepsy', 'has_alcol_dx', 'has_amphetamines_dx', 'has_cannabis_dx', 'has_cocaine_dx', 'has_sedatives_dx', 'ftnd', 'XTRT', 'shared', 'rbsivheroin', 'TLFB_Alcohol_Count', 'TLFB_Amphetamine_Count', 'TLFB_Benzodiazepine_Count', 'TLFB_Buprenorphine_Count', 'TLFB_Cocaine_Count', 'TLFB_Heroin_Count', 'TLFB_Methadone_Count', 'TLFB_Opioid_Count', 'TLFB_THC_Count', 'TLFB_Other', 'Homosexual_Behavior', 'Non_monogamous_Relationships']
2024-08-02 17:12:33 - INFO - Fitting logistic regression model with the selected features...
2024-08-02 17:12:34 - INFO - Model training completed successfully.
2024-08-02 17:12:34 - INFO - Calculating the dynamic threshold based on the proportion of positive outcomes...
2024-08-02 17:12:34 - INFO - Ratio of 1s to 0s in the outcome variable: 0.58 : 0.42
2024-08-02 17:12:34 - INFO - Dynamic threshold set to: 0.576
2024-08-02 17:12:34 - INFO - Model trained and saved successfully for subset 11.
2024-08-02 17:12:34 - INFO - ---------------------------
2024-08-02 17:12:34 - INFO - TRAIN MODEL STAGE COMPLETED FOR SUBSET 11
2024-08-02 17:12:34 - INFO - ---------------------------
2024-08-02 17:12:34 - INFO - --------------------------------
2024-08-02 17:12:34 - INFO - EVALUATE MODEL STAGE STARTING FOR SUBSET 11...
2024-08-02 17:12:34 - INFO - --------------------------------
2024-08-02 17:12:34 - INFO - ROC AUC Score: 0.7057127882599582
2024-08-02 17:12:34 - INFO - Confusion Matrix: 
[[73 33]
 [53 91]]
2024-08-02 17:12:34 - INFO - Precision: 0.7338709677419355
2024-08-02 17:12:34 - INFO - Recall: 0.6319444444444444
2024-08-02 17:12:34 - INFO - Model evaluated successfully for subset 11.
2024-08-02 17:12:34 - INFO - ------------------------------
2024-08-02 17:12:34 - INFO - EVALUATE MODEL STAGE COMPLETED FOR SUBSET 11
2024-08-02 17:12:34 - INFO - ------------------------------
2024-08-02 17:12:34 - INFO - ------------------
2024-08-02 17:12:34 - INFO - PIPELINE COMPLETED
2024-08-02 17:12:34 - INFO - ------------------
2024-08-02 17:12:34 - INFO - -------------------------------------------
2024-08-02 17:12:34 - INFO - Logging setup complete - starting pipeline.
2024-08-02 17:12:34 - INFO - -------------------------------------------
2024-08-02 17:12:34 - INFO - Pipeline Number: 2
2024-08-02 17:12:34 - INFO - Global Seed set to: 1
2024-08-02 17:12:34 - INFO - Outcome Name: Rd_kostenB_1993
2024-08-02 17:12:34 - INFO - Datasets loaded successfully.
2024-08-02 17:12:34 - INFO - Starting preprocessing of the merged dataset...
2024-08-02 17:12:34 - INFO - ---------------------------------
2024-08-02 17:12:34 - INFO - PRE-PROCESSING STAGE STARTING...
2024-08-02 17:12:34 - INFO - ---------------------------------
2024-08-02 17:12:34 - INFO - Dropped initial columns: ['pain_when', 'is_smoker', 'per_day', 'max', 'amount', 'depression', 'anxiety', 'schizophrenia', 'max', 'amount', 'cocaine_inject_days', 'speedball_inject_days', 'opioid_inject_days', 'speed_inject_days', 'UDS_Alcohol_Count', 'UDS_Mdma/Hallucinogen_Count']
2024-08-02 17:12:34 - INFO - Converted Yes/No to binary.
2024-08-02 17:12:34 - INFO - Processed TLFB columns with specified columns: ['TLFB_Alcohol_Count', 'TLFB_Amphetamine_Count', 'TLFB_Cocaine_Count', 'TLFB_Heroin_Count', 'TLFB_Benzodiazepine_Count', 'TLFB_Opioid_Count', 'TLFB_THC_Count', 'TLFB_Methadone_Count', 'TLFB_Buprenorphine_Count']
2024-08-02 17:12:34 - INFO - Calculated behavioral columns.
2024-08-02 17:12:34 - INFO - Moved 'Rd_kostenB_1993' column to the end.
2024-08-02 17:12:34 - INFO - Dropped initial columns: ['msm_npt', 'msm_frq', 'txx_prt']
2024-08-02 17:12:34 - INFO - transform_data_with_nan_handling success
2024-08-02 17:12:34 - INFO - Renamed columns according to the mapping.
2024-08-02 17:12:34 - INFO - Transformed NaN to 0 for binary columns.
2024-08-02 17:12:34 - INFO - Transformed and renamed 'heroin_inject_days' column to 'rbsivheroin'.
2024-08-02 17:12:34 - INFO - Filled NaN with 0 for 'ftnd' column.
2024-08-02 17:12:35 - INFO - Dropped additional columns: ['rbs_iv_days', 'race', 'RBS_cocaine_Days', 'RBS_heroin_Days', 'RBS_opioid_Days', 'RBS_speed_Days', 'RBS_speedball_Days']
2024-08-02 17:12:35 - INFO - Converted UDS drug counts to binary.
2024-08-02 17:12:35 - INFO - ------------------------------
2024-08-02 17:12:35 - INFO - PRE-PROCESSING STAGE COMPLETED
2024-08-02 17:12:35 - INFO - ------------------------------
2024-08-02 17:12:35 - INFO - Merged dataset preprocessed successfully.
2024-08-02 17:12:35 - INFO - Creating demographic subsets from preprocessed data...
2024-08-02 17:12:48 - INFO - Created 11 subsets successfully.
2024-08-02 17:12:48 - INFO - Creating merged subsets from create_demographics_dfs function
2024-08-02 17:12:48 - INFO - Created 11 merged subsets successfully.
2024-08-02 17:12:48 - INFO - Subset 1 demographic makeup: 500 1, 239 3, 162 2, 99 4
2024-08-02 17:12:48 - INFO - Processing subset 1...
2024-08-02 17:12:48 - INFO - -----------------------------
2024-08-02 17:12:48 - INFO - TRAIN MODEL STAGE STARTING FOR SUBSET 1...
2024-08-02 17:12:48 - INFO - -----------------------------
2024-08-02 17:12:48 - INFO - Scaling features and applying LASSO for feature selection...
2024-08-02 17:12:48 - INFO - Selected features (including required): ['who', 'RaceEth', 'age', 'is_female', 'is_hispanic', 'unemployed', 'unstableliving', 'education', 'marital', 'UDS_Amphetamine_Count', 'UDS_Benzodiazepine_Count', 'UDS_Buprenorphine_Count', 'UDS_Cocaine_Count', 'UDS_Methadone_Count', 'UDS_Opioid_Count', 'UDS_Sedatives_Count', 'UDS_Thc_Count', 'pain', 'has_schizophrenia', 'has_major_dep', 'has_bipolar', 'has_anx_pan', 'has_brain_damage', 'has_epilepsy', 'has_alcol_dx', 'has_amphetamines_dx', 'has_cannabis_dx', 'has_cocaine_dx', 'has_sedatives_dx', 'ftnd', 'XTRT', 'shared', 'rbsivheroin', 'TLFB_Alcohol_Count', 'TLFB_Amphetamine_Count', 'TLFB_Benzodiazepine_Count', 'TLFB_Buprenorphine_Count', 'TLFB_Cocaine_Count', 'TLFB_Heroin_Count', 'TLFB_Methadone_Count', 'TLFB_Opioid_Count', 'TLFB_THC_Count', 'TLFB_Other', 'Homosexual_Behavior', 'Non_monogamous_Relationships']
2024-08-02 17:12:48 - INFO - Fitting logistic regression model with the selected features...
2024-08-02 17:12:49 - INFO - Model training completed successfully.
2024-08-02 17:12:49 - INFO - Calculating the dynamic threshold based on the proportion of positive outcomes...
2024-08-02 17:12:49 - INFO - Ratio of 1s to 0s in the outcome variable: 0.52 : 0.48
2024-08-02 17:12:49 - INFO - Dynamic threshold set to: 0.516
2024-08-02 17:12:49 - INFO - Model trained and saved successfully for subset 1.
2024-08-02 17:12:49 - INFO - ---------------------------
2024-08-02 17:12:49 - INFO - TRAIN MODEL STAGE COMPLETED FOR SUBSET 1
2024-08-02 17:12:49 - INFO - ---------------------------
2024-08-02 17:12:49 - INFO - --------------------------------
2024-08-02 17:12:49 - INFO - EVALUATE MODEL STAGE STARTING FOR SUBSET 1...
2024-08-02 17:12:49 - INFO - --------------------------------
2024-08-02 17:12:49 - INFO - ROC AUC Score: 0.696585303350631
2024-08-02 17:12:49 - INFO - Confusion Matrix: 
[[85 36]
 [47 82]]
2024-08-02 17:12:49 - INFO - Precision: 0.6949152542372882
2024-08-02 17:12:49 - INFO - Recall: 0.6356589147286822
2024-08-02 17:12:49 - INFO - Model evaluated successfully for subset 1.
2024-08-02 17:12:49 - INFO - ------------------------------
2024-08-02 17:12:49 - INFO - EVALUATE MODEL STAGE COMPLETED FOR SUBSET 1
2024-08-02 17:12:49 - INFO - ------------------------------
2024-08-02 17:12:49 - INFO - Subset 2 demographic makeup: 550 1, 216 3, 146 2, 88 4
2024-08-02 17:12:49 - INFO - Processing subset 2...
2024-08-02 17:12:49 - INFO - -----------------------------
2024-08-02 17:12:49 - INFO - TRAIN MODEL STAGE STARTING FOR SUBSET 2...
2024-08-02 17:12:49 - INFO - -----------------------------
2024-08-02 17:12:49 - INFO - Scaling features and applying LASSO for feature selection...
2024-08-02 17:12:49 - INFO - Selected features (including required): ['who', 'RaceEth', 'age', 'is_female', 'is_hispanic', 'unemployed', 'unstableliving', 'education', 'marital', 'UDS_Amphetamine_Count', 'UDS_Benzodiazepine_Count', 'UDS_Buprenorphine_Count', 'UDS_Cocaine_Count', 'UDS_Methadone_Count', 'UDS_Opioid_Count', 'UDS_Sedatives_Count', 'UDS_Thc_Count', 'pain', 'has_schizophrenia', 'has_major_dep', 'has_bipolar', 'has_anx_pan', 'has_brain_damage', 'has_epilepsy', 'has_alcol_dx', 'has_amphetamines_dx', 'has_cannabis_dx', 'has_cocaine_dx', 'has_sedatives_dx', 'ftnd', 'XTRT', 'shared', 'rbsivheroin', 'TLFB_Alcohol_Count', 'TLFB_Amphetamine_Count', 'TLFB_Benzodiazepine_Count', 'TLFB_Buprenorphine_Count', 'TLFB_Cocaine_Count', 'TLFB_Heroin_Count', 'TLFB_Methadone_Count', 'TLFB_Opioid_Count', 'TLFB_THC_Count', 'TLFB_Other', 'Homosexual_Behavior', 'Non_monogamous_Relationships']
2024-08-02 17:12:49 - INFO - Fitting logistic regression model with the selected features...
2024-08-02 17:12:50 - INFO - Model training completed successfully.
2024-08-02 17:12:50 - INFO - Calculating the dynamic threshold based on the proportion of positive outcomes...
2024-08-02 17:12:50 - INFO - Ratio of 1s to 0s in the outcome variable: 0.49 : 0.51
2024-08-02 17:12:50 - INFO - Dynamic threshold set to: 0.488
2024-08-02 17:12:50 - INFO - Model trained and saved successfully for subset 2.
2024-08-02 17:12:50 - INFO - ---------------------------
2024-08-02 17:12:50 - INFO - TRAIN MODEL STAGE COMPLETED FOR SUBSET 2
2024-08-02 17:12:50 - INFO - ---------------------------
2024-08-02 17:12:50 - INFO - --------------------------------
2024-08-02 17:12:50 - INFO - EVALUATE MODEL STAGE STARTING FOR SUBSET 2...
2024-08-02 17:12:50 - INFO - --------------------------------
2024-08-02 17:12:50 - INFO - ROC AUC Score: 0.681608606557377
2024-08-02 17:12:50 - INFO - Confusion Matrix: 
[[73 55]
 [47 75]]
2024-08-02 17:12:50 - INFO - Precision: 0.5769230769230769
2024-08-02 17:12:50 - INFO - Recall: 0.6147540983606558
2024-08-02 17:12:50 - INFO - Model evaluated successfully for subset 2.
2024-08-02 17:12:50 - INFO - ------------------------------
2024-08-02 17:12:50 - INFO - EVALUATE MODEL STAGE COMPLETED FOR SUBSET 2
2024-08-02 17:12:50 - INFO - ------------------------------
2024-08-02 17:12:50 - INFO - Subset 3 demographic makeup: 600 1, 190 3, 137 2, 73 4
2024-08-02 17:12:50 - INFO - Processing subset 3...
2024-08-02 17:12:50 - INFO - -----------------------------
2024-08-02 17:12:50 - INFO - TRAIN MODEL STAGE STARTING FOR SUBSET 3...
2024-08-02 17:12:50 - INFO - -----------------------------
2024-08-02 17:12:50 - INFO - Scaling features and applying LASSO for feature selection...
2024-08-02 17:12:50 - INFO - Selected features (including required): ['who', 'RaceEth', 'age', 'is_female', 'is_hispanic', 'unemployed', 'unstableliving', 'education', 'marital', 'UDS_Amphetamine_Count', 'UDS_Benzodiazepine_Count', 'UDS_Buprenorphine_Count', 'UDS_Cocaine_Count', 'UDS_Methadone_Count', 'UDS_Opioid_Count', 'UDS_Sedatives_Count', 'UDS_Thc_Count', 'pain', 'has_schizophrenia', 'has_major_dep', 'has_bipolar', 'has_anx_pan', 'has_brain_damage', 'has_epilepsy', 'has_alcol_dx', 'has_amphetamines_dx', 'has_cannabis_dx', 'has_cocaine_dx', 'has_sedatives_dx', 'ftnd', 'XTRT', 'shared', 'rbsivheroin', 'TLFB_Alcohol_Count', 'TLFB_Amphetamine_Count', 'TLFB_Benzodiazepine_Count', 'TLFB_Buprenorphine_Count', 'TLFB_Cocaine_Count', 'TLFB_Heroin_Count', 'TLFB_Methadone_Count', 'TLFB_Opioid_Count', 'TLFB_THC_Count', 'TLFB_Other', 'Homosexual_Behavior', 'Non_monogamous_Relationships']
2024-08-02 17:12:50 - INFO - Fitting logistic regression model with the selected features...
2024-08-02 17:12:51 - INFO - Model training completed successfully.
2024-08-02 17:12:51 - INFO - Calculating the dynamic threshold based on the proportion of positive outcomes...
2024-08-02 17:12:51 - INFO - Ratio of 1s to 0s in the outcome variable: 0.47 : 0.53
2024-08-02 17:12:51 - INFO - Dynamic threshold set to: 0.472
2024-08-02 17:12:51 - INFO - Model trained and saved successfully for subset 3.
2024-08-02 17:12:51 - INFO - ---------------------------
2024-08-02 17:12:51 - INFO - TRAIN MODEL STAGE COMPLETED FOR SUBSET 3
2024-08-02 17:12:51 - INFO - ---------------------------
2024-08-02 17:12:51 - INFO - --------------------------------
2024-08-02 17:12:51 - INFO - EVALUATE MODEL STAGE STARTING FOR SUBSET 3...
2024-08-02 17:12:51 - INFO - --------------------------------
2024-08-02 17:12:51 - INFO - ROC AUC Score: 0.5982280431432975
2024-08-02 17:12:51 - INFO - Confusion Matrix: 
[[66 66]
 [45 73]]
2024-08-02 17:12:51 - INFO - Precision: 0.5251798561151079
2024-08-02 17:12:51 - INFO - Recall: 0.6186440677966102
2024-08-02 17:12:51 - INFO - Model evaluated successfully for subset 3.
2024-08-02 17:12:51 - INFO - ------------------------------
2024-08-02 17:12:51 - INFO - EVALUATE MODEL STAGE COMPLETED FOR SUBSET 3
2024-08-02 17:12:51 - INFO - ------------------------------
2024-08-02 17:12:51 - INFO - Subset 4 demographic makeup: 650 1, 169 3, 116 2, 65 4
2024-08-02 17:12:51 - INFO - Processing subset 4...
2024-08-02 17:12:51 - INFO - -----------------------------
2024-08-02 17:12:51 - INFO - TRAIN MODEL STAGE STARTING FOR SUBSET 4...
2024-08-02 17:12:51 - INFO - -----------------------------
2024-08-02 17:12:51 - INFO - Scaling features and applying LASSO for feature selection...
2024-08-02 17:12:51 - INFO - Selected features (including required): ['who', 'RaceEth', 'age', 'is_female', 'is_hispanic', 'unemployed', 'unstableliving', 'education', 'marital', 'UDS_Amphetamine_Count', 'UDS_Benzodiazepine_Count', 'UDS_Buprenorphine_Count', 'UDS_Cocaine_Count', 'UDS_Methadone_Count', 'UDS_Opioid_Count', 'UDS_Sedatives_Count', 'UDS_Thc_Count', 'pain', 'has_schizophrenia', 'has_major_dep', 'has_bipolar', 'has_anx_pan', 'has_brain_damage', 'has_epilepsy', 'has_alcol_dx', 'has_amphetamines_dx', 'has_cannabis_dx', 'has_cocaine_dx', 'has_sedatives_dx', 'ftnd', 'XTRT', 'shared', 'rbsivheroin', 'TLFB_Alcohol_Count', 'TLFB_Amphetamine_Count', 'TLFB_Benzodiazepine_Count', 'TLFB_Buprenorphine_Count', 'TLFB_Cocaine_Count', 'TLFB_Heroin_Count', 'TLFB_Methadone_Count', 'TLFB_Opioid_Count', 'TLFB_THC_Count', 'TLFB_Other', 'Homosexual_Behavior', 'Non_monogamous_Relationships']
2024-08-02 17:12:51 - INFO - Fitting logistic regression model with the selected features...
2024-08-02 17:12:52 - INFO - Model training completed successfully.
2024-08-02 17:12:52 - INFO - Calculating the dynamic threshold based on the proportion of positive outcomes...
2024-08-02 17:12:52 - INFO - Ratio of 1s to 0s in the outcome variable: 0.54 : 0.46
2024-08-02 17:12:52 - INFO - Dynamic threshold set to: 0.544
2024-08-02 17:12:52 - INFO - Model trained and saved successfully for subset 4.
2024-08-02 17:12:52 - INFO - ---------------------------
2024-08-02 17:12:52 - INFO - TRAIN MODEL STAGE COMPLETED FOR SUBSET 4
2024-08-02 17:12:52 - INFO - ---------------------------
2024-08-02 17:12:52 - INFO - --------------------------------
2024-08-02 17:12:52 - INFO - EVALUATE MODEL STAGE STARTING FOR SUBSET 4...
2024-08-02 17:12:52 - INFO - --------------------------------
2024-08-02 17:12:52 - INFO - ROC AUC Score: 0.6651831785345718
2024-08-02 17:12:52 - INFO - Confusion Matrix: 
[[75 39]
 [61 75]]
2024-08-02 17:12:52 - INFO - Precision: 0.6578947368421053
2024-08-02 17:12:52 - INFO - Recall: 0.5514705882352942
2024-08-02 17:12:52 - INFO - Model evaluated successfully for subset 4.
2024-08-02 17:12:52 - INFO - ------------------------------
2024-08-02 17:12:52 - INFO - EVALUATE MODEL STAGE COMPLETED FOR SUBSET 4
2024-08-02 17:12:52 - INFO - ------------------------------
2024-08-02 17:12:52 - INFO - Subset 5 demographic makeup: 700 1, 147 3, 97 2, 56 4
2024-08-02 17:12:52 - INFO - Processing subset 5...
2024-08-02 17:12:52 - INFO - -----------------------------
2024-08-02 17:12:52 - INFO - TRAIN MODEL STAGE STARTING FOR SUBSET 5...
2024-08-02 17:12:52 - INFO - -----------------------------
2024-08-02 17:12:52 - INFO - Scaling features and applying LASSO for feature selection...
2024-08-02 17:12:52 - INFO - Selected features (including required): ['who', 'RaceEth', 'age', 'is_female', 'is_hispanic', 'unemployed', 'unstableliving', 'education', 'marital', 'UDS_Amphetamine_Count', 'UDS_Benzodiazepine_Count', 'UDS_Buprenorphine_Count', 'UDS_Cocaine_Count', 'UDS_Methadone_Count', 'UDS_Opioid_Count', 'UDS_Sedatives_Count', 'UDS_Thc_Count', 'pain', 'has_schizophrenia', 'has_major_dep', 'has_bipolar', 'has_anx_pan', 'has_brain_damage', 'has_epilepsy', 'has_alcol_dx', 'has_amphetamines_dx', 'has_cannabis_dx', 'has_cocaine_dx', 'has_sedatives_dx', 'ftnd', 'XTRT', 'shared', 'rbsivheroin', 'TLFB_Alcohol_Count', 'TLFB_Amphetamine_Count', 'TLFB_Benzodiazepine_Count', 'TLFB_Buprenorphine_Count', 'TLFB_Cocaine_Count', 'TLFB_Heroin_Count', 'TLFB_Methadone_Count', 'TLFB_Opioid_Count', 'TLFB_THC_Count', 'TLFB_Other', 'Homosexual_Behavior', 'Non_monogamous_Relationships']
2024-08-02 17:12:52 - INFO - Fitting logistic regression model with the selected features...
2024-08-02 17:12:53 - INFO - Model training completed successfully.
2024-08-02 17:12:53 - INFO - Calculating the dynamic threshold based on the proportion of positive outcomes...
2024-08-02 17:12:53 - INFO - Ratio of 1s to 0s in the outcome variable: 0.54 : 0.46
2024-08-02 17:12:53 - INFO - Dynamic threshold set to: 0.54
2024-08-02 17:12:53 - INFO - Model trained and saved successfully for subset 5.
2024-08-02 17:12:53 - INFO - ---------------------------
2024-08-02 17:12:53 - INFO - TRAIN MODEL STAGE COMPLETED FOR SUBSET 5
2024-08-02 17:12:53 - INFO - ---------------------------
2024-08-02 17:12:53 - INFO - --------------------------------
2024-08-02 17:12:53 - INFO - EVALUATE MODEL STAGE STARTING FOR SUBSET 5...
2024-08-02 17:12:53 - INFO - --------------------------------
2024-08-02 17:12:53 - INFO - ROC AUC Score: 0.637938808373591
2024-08-02 17:12:53 - INFO - Confusion Matrix: 
[[72 43]
 [57 78]]
2024-08-02 17:12:53 - INFO - Precision: 0.6446280991735537
2024-08-02 17:12:53 - INFO - Recall: 0.5777777777777777
2024-08-02 17:12:53 - INFO - Model evaluated successfully for subset 5.
2024-08-02 17:12:53 - INFO - ------------------------------
2024-08-02 17:12:53 - INFO - EVALUATE MODEL STAGE COMPLETED FOR SUBSET 5
2024-08-02 17:12:53 - INFO - ------------------------------
2024-08-02 17:12:53 - INFO - Subset 6 demographic makeup: 750 1, 125 3, 79 2, 46 4
2024-08-02 17:12:53 - INFO - Processing subset 6...
2024-08-02 17:12:53 - INFO - -----------------------------
2024-08-02 17:12:53 - INFO - TRAIN MODEL STAGE STARTING FOR SUBSET 6...
2024-08-02 17:12:53 - INFO - -----------------------------
2024-08-02 17:12:53 - INFO - Scaling features and applying LASSO for feature selection...
2024-08-02 17:12:53 - INFO - Selected features (including required): ['who', 'RaceEth', 'age', 'is_female', 'is_hispanic', 'unemployed', 'unstableliving', 'education', 'marital', 'UDS_Amphetamine_Count', 'UDS_Benzodiazepine_Count', 'UDS_Buprenorphine_Count', 'UDS_Cocaine_Count', 'UDS_Methadone_Count', 'UDS_Opioid_Count', 'UDS_Sedatives_Count', 'UDS_Thc_Count', 'pain', 'has_schizophrenia', 'has_major_dep', 'has_bipolar', 'has_anx_pan', 'has_brain_damage', 'has_epilepsy', 'has_alcol_dx', 'has_amphetamines_dx', 'has_cannabis_dx', 'has_cocaine_dx', 'has_sedatives_dx', 'ftnd', 'XTRT', 'shared', 'rbsivheroin', 'TLFB_Alcohol_Count', 'TLFB_Amphetamine_Count', 'TLFB_Benzodiazepine_Count', 'TLFB_Buprenorphine_Count', 'TLFB_Cocaine_Count', 'TLFB_Heroin_Count', 'TLFB_Methadone_Count', 'TLFB_Opioid_Count', 'TLFB_THC_Count', 'TLFB_Other', 'Homosexual_Behavior', 'Non_monogamous_Relationships']
2024-08-02 17:12:53 - INFO - Fitting logistic regression model with the selected features...
2024-08-02 17:12:54 - INFO - Model training completed successfully.
2024-08-02 17:12:54 - INFO - Calculating the dynamic threshold based on the proportion of positive outcomes...
2024-08-02 17:12:54 - INFO - Ratio of 1s to 0s in the outcome variable: 0.52 : 0.48
2024-08-02 17:12:54 - INFO - Dynamic threshold set to: 0.52
2024-08-02 17:12:54 - INFO - Model trained and saved successfully for subset 6.
2024-08-02 17:12:54 - INFO - ---------------------------
2024-08-02 17:12:54 - INFO - TRAIN MODEL STAGE COMPLETED FOR SUBSET 6
2024-08-02 17:12:54 - INFO - ---------------------------
2024-08-02 17:12:54 - INFO - --------------------------------
2024-08-02 17:12:54 - INFO - EVALUATE MODEL STAGE STARTING FOR SUBSET 6...
2024-08-02 17:12:54 - INFO - --------------------------------
2024-08-02 17:12:54 - INFO - ROC AUC Score: 0.6243589743589744
2024-08-02 17:12:54 - INFO - Confusion Matrix: 
[[66 54]
 [56 74]]
2024-08-02 17:12:54 - INFO - Precision: 0.578125
2024-08-02 17:12:54 - INFO - Recall: 0.5692307692307692
2024-08-02 17:12:54 - INFO - Model evaluated successfully for subset 6.
2024-08-02 17:12:54 - INFO - ------------------------------
2024-08-02 17:12:54 - INFO - EVALUATE MODEL STAGE COMPLETED FOR SUBSET 6
2024-08-02 17:12:54 - INFO - ------------------------------
2024-08-02 17:12:54 - INFO - Subset 7 demographic makeup: 800 1, 101 3, 68 2, 31 4
2024-08-02 17:12:54 - INFO - Processing subset 7...
2024-08-02 17:12:54 - INFO - -----------------------------
2024-08-02 17:12:54 - INFO - TRAIN MODEL STAGE STARTING FOR SUBSET 7...
2024-08-02 17:12:54 - INFO - -----------------------------
2024-08-02 17:12:54 - INFO - Scaling features and applying LASSO for feature selection...
2024-08-02 17:12:55 - INFO - Selected features (including required): ['who', 'RaceEth', 'age', 'is_female', 'is_hispanic', 'unemployed', 'unstableliving', 'education', 'marital', 'UDS_Amphetamine_Count', 'UDS_Benzodiazepine_Count', 'UDS_Buprenorphine_Count', 'UDS_Cocaine_Count', 'UDS_Methadone_Count', 'UDS_Opioid_Count', 'UDS_Sedatives_Count', 'UDS_Thc_Count', 'pain', 'has_schizophrenia', 'has_major_dep', 'has_bipolar', 'has_anx_pan', 'has_brain_damage', 'has_epilepsy', 'has_alcol_dx', 'has_amphetamines_dx', 'has_cannabis_dx', 'has_cocaine_dx', 'has_sedatives_dx', 'ftnd', 'XTRT', 'shared', 'rbsivheroin', 'TLFB_Alcohol_Count', 'TLFB_Amphetamine_Count', 'TLFB_Benzodiazepine_Count', 'TLFB_Buprenorphine_Count', 'TLFB_Cocaine_Count', 'TLFB_Heroin_Count', 'TLFB_Methadone_Count', 'TLFB_Opioid_Count', 'TLFB_THC_Count', 'TLFB_Other', 'Homosexual_Behavior', 'Non_monogamous_Relationships']
2024-08-02 17:12:55 - INFO - Fitting logistic regression model with the selected features...
2024-08-02 17:12:56 - INFO - Model training completed successfully.
2024-08-02 17:12:56 - INFO - Calculating the dynamic threshold based on the proportion of positive outcomes...
2024-08-02 17:12:56 - INFO - Ratio of 1s to 0s in the outcome variable: 0.55 : 0.45
2024-08-02 17:12:56 - INFO - Dynamic threshold set to: 0.552
2024-08-02 17:12:56 - INFO - Model trained and saved successfully for subset 7.
2024-08-02 17:12:56 - INFO - ---------------------------
2024-08-02 17:12:56 - INFO - TRAIN MODEL STAGE COMPLETED FOR SUBSET 7
2024-08-02 17:12:56 - INFO - ---------------------------
2024-08-02 17:12:56 - INFO - --------------------------------
2024-08-02 17:12:56 - INFO - EVALUATE MODEL STAGE STARTING FOR SUBSET 7...
2024-08-02 17:12:56 - INFO - --------------------------------
2024-08-02 17:12:56 - INFO - ROC AUC Score: 0.6396221532091096
2024-08-02 17:12:56 - INFO - Confusion Matrix: 
[[67 45]
 [60 78]]
2024-08-02 17:12:56 - INFO - Precision: 0.6341463414634146
2024-08-02 17:12:56 - INFO - Recall: 0.5652173913043478
2024-08-02 17:12:56 - INFO - Model evaluated successfully for subset 7.
2024-08-02 17:12:56 - INFO - ------------------------------
2024-08-02 17:12:56 - INFO - EVALUATE MODEL STAGE COMPLETED FOR SUBSET 7
2024-08-02 17:12:56 - INFO - ------------------------------
2024-08-02 17:12:56 - INFO - Subset 8 demographic makeup: 850 1, 78 3, 49 2, 23 4
2024-08-02 17:12:56 - INFO - Processing subset 8...
2024-08-02 17:12:56 - INFO - -----------------------------
2024-08-02 17:12:56 - INFO - TRAIN MODEL STAGE STARTING FOR SUBSET 8...
2024-08-02 17:12:56 - INFO - -----------------------------
2024-08-02 17:12:56 - INFO - Scaling features and applying LASSO for feature selection...
2024-08-02 17:12:56 - INFO - Selected features (including required): ['who', 'RaceEth', 'age', 'is_female', 'is_hispanic', 'unemployed', 'unstableliving', 'education', 'marital', 'UDS_Amphetamine_Count', 'UDS_Benzodiazepine_Count', 'UDS_Buprenorphine_Count', 'UDS_Cocaine_Count', 'UDS_Methadone_Count', 'UDS_Opioid_Count', 'UDS_Sedatives_Count', 'UDS_Thc_Count', 'pain', 'has_schizophrenia', 'has_major_dep', 'has_bipolar', 'has_anx_pan', 'has_brain_damage', 'has_epilepsy', 'has_alcol_dx', 'has_amphetamines_dx', 'has_cannabis_dx', 'has_cocaine_dx', 'has_sedatives_dx', 'ftnd', 'XTRT', 'shared', 'rbsivheroin', 'TLFB_Alcohol_Count', 'TLFB_Amphetamine_Count', 'TLFB_Benzodiazepine_Count', 'TLFB_Buprenorphine_Count', 'TLFB_Cocaine_Count', 'TLFB_Heroin_Count', 'TLFB_Methadone_Count', 'TLFB_Opioid_Count', 'TLFB_THC_Count', 'TLFB_Other', 'Homosexual_Behavior', 'Non_monogamous_Relationships']
2024-08-02 17:12:56 - INFO - Fitting logistic regression model with the selected features...
2024-08-02 17:12:57 - INFO - Model training completed successfully.
2024-08-02 17:12:57 - INFO - Calculating the dynamic threshold based on the proportion of positive outcomes...
2024-08-02 17:12:57 - INFO - Ratio of 1s to 0s in the outcome variable: 0.55 : 0.45
2024-08-02 17:12:57 - INFO - Dynamic threshold set to: 0.552
2024-08-02 17:12:57 - INFO - Model trained and saved successfully for subset 8.
2024-08-02 17:12:57 - INFO - ---------------------------
2024-08-02 17:12:57 - INFO - TRAIN MODEL STAGE COMPLETED FOR SUBSET 8
2024-08-02 17:12:57 - INFO - ---------------------------
2024-08-02 17:12:57 - INFO - --------------------------------
2024-08-02 17:12:57 - INFO - EVALUATE MODEL STAGE STARTING FOR SUBSET 8...
2024-08-02 17:12:57 - INFO - --------------------------------
2024-08-02 17:12:57 - INFO - ROC AUC Score: 0.6484213250517598
2024-08-02 17:12:57 - INFO - Confusion Matrix: 
[[71 41]
 [51 87]]
2024-08-02 17:12:57 - INFO - Precision: 0.6796875
2024-08-02 17:12:57 - INFO - Recall: 0.6304347826086957
2024-08-02 17:12:57 - INFO - Model evaluated successfully for subset 8.
2024-08-02 17:12:57 - INFO - ------------------------------
2024-08-02 17:12:57 - INFO - EVALUATE MODEL STAGE COMPLETED FOR SUBSET 8
2024-08-02 17:12:57 - INFO - ------------------------------
2024-08-02 17:12:57 - INFO - Subset 9 demographic makeup: 900 1, 55 3, 31 2, 14 4
2024-08-02 17:12:57 - INFO - Processing subset 9...
2024-08-02 17:12:57 - INFO - -----------------------------
2024-08-02 17:12:57 - INFO - TRAIN MODEL STAGE STARTING FOR SUBSET 9...
2024-08-02 17:12:57 - INFO - -----------------------------
2024-08-02 17:12:57 - INFO - Scaling features and applying LASSO for feature selection...
2024-08-02 17:12:57 - INFO - Selected features (including required): ['who', 'RaceEth', 'age', 'is_female', 'is_hispanic', 'unemployed', 'unstableliving', 'education', 'marital', 'UDS_Amphetamine_Count', 'UDS_Benzodiazepine_Count', 'UDS_Buprenorphine_Count', 'UDS_Cocaine_Count', 'UDS_Methadone_Count', 'UDS_Opioid_Count', 'UDS_Sedatives_Count', 'UDS_Thc_Count', 'pain', 'has_schizophrenia', 'has_major_dep', 'has_bipolar', 'has_anx_pan', 'has_brain_damage', 'has_epilepsy', 'has_alcol_dx', 'has_amphetamines_dx', 'has_cannabis_dx', 'has_cocaine_dx', 'has_sedatives_dx', 'ftnd', 'XTRT', 'shared', 'rbsivheroin', 'TLFB_Alcohol_Count', 'TLFB_Amphetamine_Count', 'TLFB_Benzodiazepine_Count', 'TLFB_Buprenorphine_Count', 'TLFB_Cocaine_Count', 'TLFB_Heroin_Count', 'TLFB_Methadone_Count', 'TLFB_Opioid_Count', 'TLFB_THC_Count', 'TLFB_Other', 'Homosexual_Behavior', 'Non_monogamous_Relationships']
2024-08-02 17:12:57 - INFO - Fitting logistic regression model with the selected features...
2024-08-02 17:12:57 - INFO - Model training completed successfully.
2024-08-02 17:12:57 - INFO - Calculating the dynamic threshold based on the proportion of positive outcomes...
2024-08-02 17:12:57 - INFO - Ratio of 1s to 0s in the outcome variable: 0.55 : 0.45
2024-08-02 17:12:57 - INFO - Dynamic threshold set to: 0.548
2024-08-02 17:12:57 - INFO - Model trained and saved successfully for subset 9.
2024-08-02 17:12:57 - INFO - ---------------------------
2024-08-02 17:12:57 - INFO - TRAIN MODEL STAGE COMPLETED FOR SUBSET 9
2024-08-02 17:12:57 - INFO - ---------------------------
2024-08-02 17:12:57 - INFO - --------------------------------
2024-08-02 17:12:57 - INFO - EVALUATE MODEL STAGE STARTING FOR SUBSET 9...
2024-08-02 17:12:57 - INFO - --------------------------------
2024-08-02 17:12:57 - INFO - ROC AUC Score: 0.6077772753698082
2024-08-02 17:12:57 - INFO - Confusion Matrix: 
[[55 58]
 [59 78]]
2024-08-02 17:12:57 - INFO - Precision: 0.5735294117647058
2024-08-02 17:12:57 - INFO - Recall: 0.5693430656934306
2024-08-02 17:12:57 - INFO - Model evaluated successfully for subset 9.
2024-08-02 17:12:57 - INFO - ------------------------------
2024-08-02 17:12:57 - INFO - EVALUATE MODEL STAGE COMPLETED FOR SUBSET 9
2024-08-02 17:12:57 - INFO - ------------------------------
2024-08-02 17:12:57 - INFO - Subset 10 demographic makeup: 950 1, 28 3, 14 2, 8 4
2024-08-02 17:12:57 - INFO - Processing subset 10...
2024-08-02 17:12:57 - INFO - -----------------------------
2024-08-02 17:12:57 - INFO - TRAIN MODEL STAGE STARTING FOR SUBSET 10...
2024-08-02 17:12:57 - INFO - -----------------------------
2024-08-02 17:12:57 - INFO - Scaling features and applying LASSO for feature selection...
2024-08-02 17:12:58 - INFO - Selected features (including required): ['who', 'RaceEth', 'age', 'is_female', 'is_hispanic', 'unemployed', 'unstableliving', 'education', 'marital', 'UDS_Amphetamine_Count', 'UDS_Benzodiazepine_Count', 'UDS_Buprenorphine_Count', 'UDS_Cocaine_Count', 'UDS_Methadone_Count', 'UDS_Opioid_Count', 'UDS_Sedatives_Count', 'UDS_Thc_Count', 'pain', 'has_schizophrenia', 'has_major_dep', 'has_bipolar', 'has_anx_pan', 'has_brain_damage', 'has_epilepsy', 'has_alcol_dx', 'has_amphetamines_dx', 'has_cannabis_dx', 'has_cocaine_dx', 'has_sedatives_dx', 'ftnd', 'XTRT', 'shared', 'rbsivheroin', 'TLFB_Alcohol_Count', 'TLFB_Amphetamine_Count', 'TLFB_Benzodiazepine_Count', 'TLFB_Buprenorphine_Count', 'TLFB_Cocaine_Count', 'TLFB_Heroin_Count', 'TLFB_Methadone_Count', 'TLFB_Opioid_Count', 'TLFB_THC_Count', 'TLFB_Other', 'Homosexual_Behavior', 'Non_monogamous_Relationships']
2024-08-02 17:12:58 - INFO - Fitting logistic regression model with the selected features...
2024-08-02 17:12:58 - INFO - Model training completed successfully.
2024-08-02 17:12:58 - INFO - Calculating the dynamic threshold based on the proportion of positive outcomes...
2024-08-02 17:12:58 - INFO - Ratio of 1s to 0s in the outcome variable: 0.59 : 0.41
2024-08-02 17:12:58 - INFO - Dynamic threshold set to: 0.592
2024-08-02 17:12:58 - INFO - Model trained and saved successfully for subset 10.
2024-08-02 17:12:58 - INFO - ---------------------------
2024-08-02 17:12:58 - INFO - TRAIN MODEL STAGE COMPLETED FOR SUBSET 10
2024-08-02 17:12:58 - INFO - ---------------------------
2024-08-02 17:12:58 - INFO - --------------------------------
2024-08-02 17:12:58 - INFO - EVALUATE MODEL STAGE STARTING FOR SUBSET 10...
2024-08-02 17:12:58 - INFO - --------------------------------
2024-08-02 17:12:58 - INFO - ROC AUC Score: 0.6506359300476948
2024-08-02 17:12:58 - INFO - Confusion Matrix: 
[[66 36]
 [64 84]]
2024-08-02 17:12:58 - INFO - Precision: 0.7
2024-08-02 17:12:58 - INFO - Recall: 0.5675675675675675
2024-08-02 17:12:58 - INFO - Model evaluated successfully for subset 10.
2024-08-02 17:12:58 - INFO - ------------------------------
2024-08-02 17:12:58 - INFO - EVALUATE MODEL STAGE COMPLETED FOR SUBSET 10
2024-08-02 17:12:58 - INFO - ------------------------------
2024-08-02 17:12:58 - INFO - Subset 11 demographic makeup: 1000 1
2024-08-02 17:12:58 - INFO - Processing subset 11...
2024-08-02 17:12:58 - INFO - -----------------------------
2024-08-02 17:12:58 - INFO - TRAIN MODEL STAGE STARTING FOR SUBSET 11...
2024-08-02 17:12:58 - INFO - -----------------------------
2024-08-02 17:12:58 - INFO - Scaling features and applying LASSO for feature selection...
2024-08-02 17:12:59 - INFO - Selected features (including required): ['who', 'age', 'is_female', 'unemployed', 'unstableliving', 'education', 'marital', 'UDS_Amphetamine_Count', 'UDS_Benzodiazepine_Count', 'UDS_Buprenorphine_Count', 'UDS_Cocaine_Count', 'UDS_Methadone_Count', 'UDS_Opioid_Count', 'UDS_Sedatives_Count', 'UDS_Thc_Count', 'pain', 'has_schizophrenia', 'has_major_dep', 'has_bipolar', 'has_anx_pan', 'has_brain_damage', 'has_epilepsy', 'has_alcol_dx', 'has_amphetamines_dx', 'has_cannabis_dx', 'has_cocaine_dx', 'has_sedatives_dx', 'ftnd', 'XTRT', 'shared', 'rbsivheroin', 'TLFB_Alcohol_Count', 'TLFB_Amphetamine_Count', 'TLFB_Benzodiazepine_Count', 'TLFB_Buprenorphine_Count', 'TLFB_Cocaine_Count', 'TLFB_Heroin_Count', 'TLFB_Methadone_Count', 'TLFB_Opioid_Count', 'TLFB_THC_Count', 'TLFB_Other', 'Homosexual_Behavior', 'Non_monogamous_Relationships']
2024-08-02 17:12:59 - INFO - Fitting logistic regression model with the selected features...
2024-08-02 17:13:00 - INFO - Model training completed successfully.
2024-08-02 17:13:00 - INFO - Calculating the dynamic threshold based on the proportion of positive outcomes...
2024-08-02 17:13:00 - INFO - Ratio of 1s to 0s in the outcome variable: 0.60 : 0.40
2024-08-02 17:13:00 - INFO - Dynamic threshold set to: 0.596
2024-08-02 17:13:00 - INFO - Model trained and saved successfully for subset 11.
2024-08-02 17:13:00 - INFO - ---------------------------
2024-08-02 17:13:00 - INFO - TRAIN MODEL STAGE COMPLETED FOR SUBSET 11
2024-08-02 17:13:00 - INFO - ---------------------------
2024-08-02 17:13:00 - INFO - --------------------------------
2024-08-02 17:13:00 - INFO - EVALUATE MODEL STAGE STARTING FOR SUBSET 11...
2024-08-02 17:13:00 - INFO - --------------------------------
2024-08-02 17:13:00 - INFO - ROC AUC Score: 0.6474184331184796
2024-08-02 17:13:00 - INFO - Confusion Matrix: 
[[73 28]
 [78 71]]
2024-08-02 17:13:00 - INFO - Precision: 0.7171717171717171
2024-08-02 17:13:00 - INFO - Recall: 0.47651006711409394
2024-08-02 17:13:00 - INFO - Model evaluated successfully for subset 11.
2024-08-02 17:13:00 - INFO - ------------------------------
2024-08-02 17:13:00 - INFO - EVALUATE MODEL STAGE COMPLETED FOR SUBSET 11
2024-08-02 17:13:00 - INFO - ------------------------------
2024-08-02 17:13:00 - INFO - ------------------
2024-08-02 17:13:00 - INFO - PIPELINE COMPLETED
2024-08-02 17:13:00 - INFO - ------------------
2024-08-02 17:13:00 - INFO - -------------------------------------------
2024-08-02 17:13:00 - INFO - Logging setup complete - starting pipeline.
2024-08-02 17:13:00 - INFO - -------------------------------------------
2024-08-02 17:13:00 - INFO - Pipeline Number: 3
2024-08-02 17:13:00 - INFO - Global Seed set to: 42
2024-08-02 17:13:00 - INFO - Outcome Name: Rd_kostenB_1993
2024-08-02 17:13:00 - INFO - Datasets loaded successfully.
2024-08-02 17:13:00 - INFO - Starting preprocessing of the merged dataset...
2024-08-02 17:13:00 - INFO - ---------------------------------
2024-08-02 17:13:00 - INFO - PRE-PROCESSING STAGE STARTING...
2024-08-02 17:13:00 - INFO - ---------------------------------
2024-08-02 17:13:00 - INFO - Dropped initial columns: ['pain_when', 'is_smoker', 'per_day', 'max', 'amount', 'depression', 'anxiety', 'schizophrenia', 'max', 'amount', 'cocaine_inject_days', 'speedball_inject_days', 'opioid_inject_days', 'speed_inject_days', 'UDS_Alcohol_Count', 'UDS_Mdma/Hallucinogen_Count']
2024-08-02 17:13:00 - INFO - Converted Yes/No to binary.
2024-08-02 17:13:00 - INFO - Processed TLFB columns with specified columns: ['TLFB_Alcohol_Count', 'TLFB_Amphetamine_Count', 'TLFB_Cocaine_Count', 'TLFB_Heroin_Count', 'TLFB_Benzodiazepine_Count', 'TLFB_Opioid_Count', 'TLFB_THC_Count', 'TLFB_Methadone_Count', 'TLFB_Buprenorphine_Count']
2024-08-02 17:13:00 - INFO - Calculated behavioral columns.
2024-08-02 17:13:00 - INFO - Moved 'Rd_kostenB_1993' column to the end.
2024-08-02 17:13:00 - INFO - Dropped initial columns: ['msm_npt', 'msm_frq', 'txx_prt']
2024-08-02 17:13:00 - INFO - transform_data_with_nan_handling success
2024-08-02 17:13:00 - INFO - Renamed columns according to the mapping.
2024-08-02 17:13:00 - INFO - Transformed NaN to 0 for binary columns.
2024-08-02 17:13:00 - INFO - Transformed and renamed 'heroin_inject_days' column to 'rbsivheroin'.
2024-08-02 17:13:00 - INFO - Filled NaN with 0 for 'ftnd' column.
2024-08-02 17:13:01 - INFO - Dropped additional columns: ['rbs_iv_days', 'race', 'RBS_cocaine_Days', 'RBS_heroin_Days', 'RBS_opioid_Days', 'RBS_speed_Days', 'RBS_speedball_Days']
2024-08-02 17:13:01 - INFO - Converted UDS drug counts to binary.
2024-08-02 17:13:01 - INFO - ------------------------------
2024-08-02 17:13:01 - INFO - PRE-PROCESSING STAGE COMPLETED
2024-08-02 17:13:01 - INFO - ------------------------------
2024-08-02 17:13:01 - INFO - Merged dataset preprocessed successfully.
2024-08-02 17:13:01 - INFO - Creating demographic subsets from preprocessed data...
2024-08-02 17:13:13 - INFO - Created 11 subsets successfully.
2024-08-02 17:13:13 - INFO - Creating merged subsets from create_demographics_dfs function
2024-08-02 17:13:13 - INFO - Created 11 merged subsets successfully.
2024-08-02 17:13:13 - INFO - Subset 1 demographic makeup: 500 1, 248 3, 150 2, 102 4
2024-08-02 17:13:13 - INFO - Processing subset 1...
2024-08-02 17:13:13 - INFO - -----------------------------
2024-08-02 17:13:13 - INFO - TRAIN MODEL STAGE STARTING FOR SUBSET 1...
2024-08-02 17:13:13 - INFO - -----------------------------
2024-08-02 17:13:13 - INFO - Scaling features and applying LASSO for feature selection...
2024-08-02 17:13:14 - INFO - Selected features (including required): ['who', 'RaceEth', 'age', 'is_female', 'is_hispanic', 'unemployed', 'unstableliving', 'education', 'marital', 'UDS_Amphetamine_Count', 'UDS_Benzodiazepine_Count', 'UDS_Buprenorphine_Count', 'UDS_Cocaine_Count', 'UDS_Methadone_Count', 'UDS_Opioid_Count', 'UDS_Sedatives_Count', 'UDS_Thc_Count', 'pain', 'has_schizophrenia', 'has_major_dep', 'has_bipolar', 'has_anx_pan', 'has_brain_damage', 'has_epilepsy', 'has_alcol_dx', 'has_amphetamines_dx', 'has_cannabis_dx', 'has_cocaine_dx', 'has_sedatives_dx', 'ftnd', 'XTRT', 'shared', 'rbsivheroin', 'TLFB_Alcohol_Count', 'TLFB_Amphetamine_Count', 'TLFB_Benzodiazepine_Count', 'TLFB_Buprenorphine_Count', 'TLFB_Cocaine_Count', 'TLFB_Heroin_Count', 'TLFB_Methadone_Count', 'TLFB_Opioid_Count', 'TLFB_THC_Count', 'TLFB_Other', 'Homosexual_Behavior', 'Non_monogamous_Relationships']
2024-08-02 17:13:14 - INFO - Fitting logistic regression model with the selected features...
2024-08-02 17:13:17 - INFO - Model training completed successfully.
2024-08-02 17:13:17 - INFO - Calculating the dynamic threshold based on the proportion of positive outcomes...
2024-08-02 17:13:17 - INFO - Ratio of 1s to 0s in the outcome variable: 0.59 : 0.41
2024-08-02 17:13:17 - INFO - Dynamic threshold set to: 0.588
2024-08-02 17:13:17 - INFO - Model trained and saved successfully for subset 1.
2024-08-02 17:13:17 - INFO - ---------------------------
2024-08-02 17:13:17 - INFO - TRAIN MODEL STAGE COMPLETED FOR SUBSET 1
2024-08-02 17:13:17 - INFO - ---------------------------
2024-08-02 17:13:17 - INFO - --------------------------------
2024-08-02 17:13:17 - INFO - EVALUATE MODEL STAGE STARTING FOR SUBSET 1...
2024-08-02 17:13:17 - INFO - --------------------------------
2024-08-02 17:13:17 - INFO - ROC AUC Score: 0.6867446007529225
2024-08-02 17:13:17 - INFO - Confusion Matrix: 
[[79 24]
 [74 73]]
2024-08-02 17:13:17 - INFO - Precision: 0.7525773195876289
2024-08-02 17:13:17 - INFO - Recall: 0.4965986394557823
2024-08-02 17:13:17 - INFO - Model evaluated successfully for subset 1.
2024-08-02 17:13:17 - INFO - ------------------------------
2024-08-02 17:13:17 - INFO - EVALUATE MODEL STAGE COMPLETED FOR SUBSET 1
2024-08-02 17:13:17 - INFO - ------------------------------
2024-08-02 17:13:17 - INFO - Subset 2 demographic makeup: 550 1, 222 3, 133 2, 95 4
2024-08-02 17:13:17 - INFO - Processing subset 2...
2024-08-02 17:13:17 - INFO - -----------------------------
2024-08-02 17:13:17 - INFO - TRAIN MODEL STAGE STARTING FOR SUBSET 2...
2024-08-02 17:13:17 - INFO - -----------------------------
2024-08-02 17:13:17 - INFO - Scaling features and applying LASSO for feature selection...
2024-08-02 17:13:17 - INFO - Selected features (including required): ['who', 'RaceEth', 'age', 'is_female', 'is_hispanic', 'unemployed', 'unstableliving', 'education', 'marital', 'UDS_Amphetamine_Count', 'UDS_Benzodiazepine_Count', 'UDS_Buprenorphine_Count', 'UDS_Cocaine_Count', 'UDS_Methadone_Count', 'UDS_Opioid_Count', 'UDS_Sedatives_Count', 'UDS_Thc_Count', 'pain', 'has_schizophrenia', 'has_major_dep', 'has_bipolar', 'has_anx_pan', 'has_brain_damage', 'has_epilepsy', 'has_alcol_dx', 'has_amphetamines_dx', 'has_cannabis_dx', 'has_cocaine_dx', 'has_sedatives_dx', 'ftnd', 'XTRT', 'shared', 'rbsivheroin', 'TLFB_Alcohol_Count', 'TLFB_Amphetamine_Count', 'TLFB_Benzodiazepine_Count', 'TLFB_Buprenorphine_Count', 'TLFB_Cocaine_Count', 'TLFB_Heroin_Count', 'TLFB_Methadone_Count', 'TLFB_Opioid_Count', 'TLFB_THC_Count', 'TLFB_Other', 'Homosexual_Behavior', 'Non_monogamous_Relationships']
2024-08-02 17:13:17 - INFO - Fitting logistic regression model with the selected features...
2024-08-02 17:13:19 - INFO - Model training completed successfully.
2024-08-02 17:13:19 - INFO - Calculating the dynamic threshold based on the proportion of positive outcomes...
2024-08-02 17:13:19 - INFO - Ratio of 1s to 0s in the outcome variable: 0.54 : 0.46
2024-08-02 17:13:19 - INFO - Dynamic threshold set to: 0.544
2024-08-02 17:13:19 - INFO - Model trained and saved successfully for subset 2.
2024-08-02 17:13:19 - INFO - ---------------------------
2024-08-02 17:13:19 - INFO - TRAIN MODEL STAGE COMPLETED FOR SUBSET 2
2024-08-02 17:13:19 - INFO - ---------------------------
2024-08-02 17:13:19 - INFO - --------------------------------
2024-08-02 17:13:19 - INFO - EVALUATE MODEL STAGE STARTING FOR SUBSET 2...
2024-08-02 17:13:19 - INFO - --------------------------------
2024-08-02 17:13:19 - INFO - ROC AUC Score: 0.6477683178534572
2024-08-02 17:13:19 - INFO - Confusion Matrix: 
[[74 40]
 [54 82]]
2024-08-02 17:13:19 - INFO - Precision: 0.6721311475409836
2024-08-02 17:13:19 - INFO - Recall: 0.6029411764705882
2024-08-02 17:13:19 - INFO - Model evaluated successfully for subset 2.
2024-08-02 17:13:19 - INFO - ------------------------------
2024-08-02 17:13:19 - INFO - EVALUATE MODEL STAGE COMPLETED FOR SUBSET 2
2024-08-02 17:13:19 - INFO - ------------------------------
2024-08-02 17:13:19 - INFO - Subset 3 demographic makeup: 600 1, 199 3, 117 2, 84 4
2024-08-02 17:13:19 - INFO - Processing subset 3...
2024-08-02 17:13:19 - INFO - -----------------------------
2024-08-02 17:13:19 - INFO - TRAIN MODEL STAGE STARTING FOR SUBSET 3...
2024-08-02 17:13:19 - INFO - -----------------------------
2024-08-02 17:13:19 - INFO - Scaling features and applying LASSO for feature selection...
2024-08-02 17:13:20 - INFO - Selected features (including required): ['who', 'RaceEth', 'age', 'is_female', 'is_hispanic', 'unemployed', 'unstableliving', 'education', 'marital', 'UDS_Amphetamine_Count', 'UDS_Benzodiazepine_Count', 'UDS_Buprenorphine_Count', 'UDS_Cocaine_Count', 'UDS_Methadone_Count', 'UDS_Opioid_Count', 'UDS_Sedatives_Count', 'UDS_Thc_Count', 'pain', 'has_schizophrenia', 'has_major_dep', 'has_bipolar', 'has_anx_pan', 'has_brain_damage', 'has_epilepsy', 'has_alcol_dx', 'has_amphetamines_dx', 'has_cannabis_dx', 'has_cocaine_dx', 'has_sedatives_dx', 'ftnd', 'XTRT', 'shared', 'rbsivheroin', 'TLFB_Alcohol_Count', 'TLFB_Amphetamine_Count', 'TLFB_Benzodiazepine_Count', 'TLFB_Buprenorphine_Count', 'TLFB_Cocaine_Count', 'TLFB_Heroin_Count', 'TLFB_Methadone_Count', 'TLFB_Opioid_Count', 'TLFB_THC_Count', 'TLFB_Other', 'Homosexual_Behavior', 'Non_monogamous_Relationships']
2024-08-02 17:13:20 - INFO - Fitting logistic regression model with the selected features...
2024-08-02 17:13:20 - INFO - Model training completed successfully.
2024-08-02 17:13:20 - INFO - Calculating the dynamic threshold based on the proportion of positive outcomes...
2024-08-02 17:13:20 - INFO - Ratio of 1s to 0s in the outcome variable: 0.57 : 0.43
2024-08-02 17:13:20 - INFO - Dynamic threshold set to: 0.572
2024-08-02 17:13:20 - INFO - Model trained and saved successfully for subset 3.
2024-08-02 17:13:20 - INFO - ---------------------------
2024-08-02 17:13:20 - INFO - TRAIN MODEL STAGE COMPLETED FOR SUBSET 3
2024-08-02 17:13:20 - INFO - ---------------------------
2024-08-02 17:13:20 - INFO - --------------------------------
2024-08-02 17:13:20 - INFO - EVALUATE MODEL STAGE STARTING FOR SUBSET 3...
2024-08-02 17:13:20 - INFO - --------------------------------
2024-08-02 17:13:20 - INFO - ROC AUC Score: 0.6811973073655316
2024-08-02 17:13:20 - INFO - Confusion Matrix: 
[[83 24]
 [77 66]]
2024-08-02 17:13:20 - INFO - Precision: 0.7333333333333333
2024-08-02 17:13:20 - INFO - Recall: 0.46153846153846156
2024-08-02 17:13:20 - INFO - Model evaluated successfully for subset 3.
2024-08-02 17:13:20 - INFO - ------------------------------
2024-08-02 17:13:20 - INFO - EVALUATE MODEL STAGE COMPLETED FOR SUBSET 3
2024-08-02 17:13:20 - INFO - ------------------------------
2024-08-02 17:13:20 - INFO - Subset 4 demographic makeup: 650 1, 174 3, 102 2, 74 4
2024-08-02 17:13:20 - INFO - Processing subset 4...
2024-08-02 17:13:20 - INFO - -----------------------------
2024-08-02 17:13:20 - INFO - TRAIN MODEL STAGE STARTING FOR SUBSET 4...
2024-08-02 17:13:20 - INFO - -----------------------------
2024-08-02 17:13:20 - INFO - Scaling features and applying LASSO for feature selection...
2024-08-02 17:13:21 - INFO - Selected features (including required): ['who', 'RaceEth', 'age', 'is_female', 'is_hispanic', 'unemployed', 'unstableliving', 'education', 'marital', 'UDS_Amphetamine_Count', 'UDS_Benzodiazepine_Count', 'UDS_Buprenorphine_Count', 'UDS_Cocaine_Count', 'UDS_Methadone_Count', 'UDS_Opioid_Count', 'UDS_Sedatives_Count', 'UDS_Thc_Count', 'pain', 'has_schizophrenia', 'has_major_dep', 'has_bipolar', 'has_anx_pan', 'has_brain_damage', 'has_epilepsy', 'has_alcol_dx', 'has_amphetamines_dx', 'has_cannabis_dx', 'has_cocaine_dx', 'has_sedatives_dx', 'ftnd', 'XTRT', 'shared', 'rbsivheroin', 'TLFB_Alcohol_Count', 'TLFB_Amphetamine_Count', 'TLFB_Benzodiazepine_Count', 'TLFB_Buprenorphine_Count', 'TLFB_Cocaine_Count', 'TLFB_Heroin_Count', 'TLFB_Methadone_Count', 'TLFB_Opioid_Count', 'TLFB_THC_Count', 'TLFB_Other', 'Homosexual_Behavior', 'Non_monogamous_Relationships']
2024-08-02 17:13:21 - INFO - Fitting logistic regression model with the selected features...
2024-08-02 17:13:21 - INFO - Model training completed successfully.
2024-08-02 17:13:21 - INFO - Calculating the dynamic threshold based on the proportion of positive outcomes...
2024-08-02 17:13:21 - INFO - Ratio of 1s to 0s in the outcome variable: 0.51 : 0.49
2024-08-02 17:13:21 - INFO - Dynamic threshold set to: 0.508
2024-08-02 17:13:21 - INFO - Model trained and saved successfully for subset 4.
2024-08-02 17:13:21 - INFO - ---------------------------
2024-08-02 17:13:21 - INFO - TRAIN MODEL STAGE COMPLETED FOR SUBSET 4
2024-08-02 17:13:21 - INFO - ---------------------------
2024-08-02 17:13:21 - INFO - --------------------------------
2024-08-02 17:13:21 - INFO - EVALUATE MODEL STAGE STARTING FOR SUBSET 4...
2024-08-02 17:13:21 - INFO - --------------------------------
2024-08-02 17:13:21 - INFO - ROC AUC Score: 0.6345944561807823
2024-08-02 17:13:21 - INFO - Confusion Matrix: 
[[60 63]
 [41 86]]
2024-08-02 17:13:21 - INFO - Precision: 0.5771812080536913
2024-08-02 17:13:21 - INFO - Recall: 0.6771653543307087
2024-08-02 17:13:21 - INFO - Model evaluated successfully for subset 4.
2024-08-02 17:13:21 - INFO - ------------------------------
2024-08-02 17:13:21 - INFO - EVALUATE MODEL STAGE COMPLETED FOR SUBSET 4
2024-08-02 17:13:21 - INFO - ------------------------------
2024-08-02 17:13:21 - INFO - Subset 5 demographic makeup: 700 1, 148 3, 86 2, 66 4
2024-08-02 17:13:21 - INFO - Processing subset 5...
2024-08-02 17:13:21 - INFO - -----------------------------
2024-08-02 17:13:21 - INFO - TRAIN MODEL STAGE STARTING FOR SUBSET 5...
2024-08-02 17:13:21 - INFO - -----------------------------
2024-08-02 17:13:21 - INFO - Scaling features and applying LASSO for feature selection...
2024-08-02 17:13:22 - INFO - Selected features (including required): ['who', 'RaceEth', 'age', 'is_female', 'is_hispanic', 'unemployed', 'unstableliving', 'education', 'marital', 'UDS_Amphetamine_Count', 'UDS_Benzodiazepine_Count', 'UDS_Buprenorphine_Count', 'UDS_Cocaine_Count', 'UDS_Methadone_Count', 'UDS_Opioid_Count', 'UDS_Sedatives_Count', 'UDS_Thc_Count', 'pain', 'has_schizophrenia', 'has_major_dep', 'has_bipolar', 'has_anx_pan', 'has_brain_damage', 'has_epilepsy', 'has_alcol_dx', 'has_amphetamines_dx', 'has_cannabis_dx', 'has_cocaine_dx', 'has_sedatives_dx', 'ftnd', 'XTRT', 'shared', 'rbsivheroin', 'TLFB_Alcohol_Count', 'TLFB_Amphetamine_Count', 'TLFB_Benzodiazepine_Count', 'TLFB_Buprenorphine_Count', 'TLFB_Cocaine_Count', 'TLFB_Heroin_Count', 'TLFB_Methadone_Count', 'TLFB_Opioid_Count', 'TLFB_THC_Count', 'TLFB_Other', 'Homosexual_Behavior', 'Non_monogamous_Relationships']
2024-08-02 17:13:22 - INFO - Fitting logistic regression model with the selected features...
2024-08-02 17:13:24 - INFO - Model training completed successfully.
2024-08-02 17:13:24 - INFO - Calculating the dynamic threshold based on the proportion of positive outcomes...
2024-08-02 17:13:24 - INFO - Ratio of 1s to 0s in the outcome variable: 0.53 : 0.47
2024-08-02 17:13:24 - INFO - Dynamic threshold set to: 0.532
2024-08-02 17:13:24 - INFO - Model trained and saved successfully for subset 5.
2024-08-02 17:13:24 - INFO - ---------------------------
2024-08-02 17:13:24 - INFO - TRAIN MODEL STAGE COMPLETED FOR SUBSET 5
2024-08-02 17:13:24 - INFO - ---------------------------
2024-08-02 17:13:24 - INFO - --------------------------------
2024-08-02 17:13:24 - INFO - EVALUATE MODEL STAGE STARTING FOR SUBSET 5...
2024-08-02 17:13:24 - INFO - --------------------------------
2024-08-02 17:13:24 - INFO - ROC AUC Score: 0.6387764282501125
2024-08-02 17:13:24 - INFO - Confusion Matrix: 
[[67 50]
 [55 78]]
2024-08-02 17:13:24 - INFO - Precision: 0.609375
2024-08-02 17:13:24 - INFO - Recall: 0.5864661654135338
2024-08-02 17:13:24 - INFO - Model evaluated successfully for subset 5.
2024-08-02 17:13:24 - INFO - ------------------------------
2024-08-02 17:13:24 - INFO - EVALUATE MODEL STAGE COMPLETED FOR SUBSET 5
2024-08-02 17:13:24 - INFO - ------------------------------
2024-08-02 17:13:24 - INFO - Subset 6 demographic makeup: 750 1, 122 3, 72 2, 56 4
2024-08-02 17:13:24 - INFO - Processing subset 6...
2024-08-02 17:13:24 - INFO - -----------------------------
2024-08-02 17:13:24 - INFO - TRAIN MODEL STAGE STARTING FOR SUBSET 6...
2024-08-02 17:13:24 - INFO - -----------------------------
2024-08-02 17:13:24 - INFO - Scaling features and applying LASSO for feature selection...
2024-08-02 17:13:25 - INFO - Selected features (including required): ['who', 'RaceEth', 'age', 'is_female', 'is_hispanic', 'unemployed', 'unstableliving', 'education', 'marital', 'UDS_Amphetamine_Count', 'UDS_Benzodiazepine_Count', 'UDS_Buprenorphine_Count', 'UDS_Cocaine_Count', 'UDS_Methadone_Count', 'UDS_Opioid_Count', 'UDS_Sedatives_Count', 'UDS_Thc_Count', 'pain', 'has_schizophrenia', 'has_major_dep', 'has_bipolar', 'has_anx_pan', 'has_brain_damage', 'has_epilepsy', 'has_alcol_dx', 'has_amphetamines_dx', 'has_cannabis_dx', 'has_cocaine_dx', 'has_sedatives_dx', 'ftnd', 'XTRT', 'shared', 'rbsivheroin', 'TLFB_Alcohol_Count', 'TLFB_Amphetamine_Count', 'TLFB_Benzodiazepine_Count', 'TLFB_Buprenorphine_Count', 'TLFB_Cocaine_Count', 'TLFB_Heroin_Count', 'TLFB_Methadone_Count', 'TLFB_Opioid_Count', 'TLFB_THC_Count', 'TLFB_Other', 'Homosexual_Behavior', 'Non_monogamous_Relationships']
2024-08-02 17:13:25 - INFO - Fitting logistic regression model with the selected features...
2024-08-02 17:13:25 - INFO - Model training completed successfully.
2024-08-02 17:13:25 - INFO - Calculating the dynamic threshold based on the proportion of positive outcomes...
2024-08-02 17:13:25 - INFO - Ratio of 1s to 0s in the outcome variable: 0.53 : 0.47
2024-08-02 17:13:25 - INFO - Dynamic threshold set to: 0.532
2024-08-02 17:13:25 - INFO - Model trained and saved successfully for subset 6.
2024-08-02 17:13:25 - INFO - ---------------------------
2024-08-02 17:13:25 - INFO - TRAIN MODEL STAGE COMPLETED FOR SUBSET 6
2024-08-02 17:13:25 - INFO - ---------------------------
2024-08-02 17:13:25 - INFO - --------------------------------
2024-08-02 17:13:25 - INFO - EVALUATE MODEL STAGE STARTING FOR SUBSET 6...
2024-08-02 17:13:25 - INFO - --------------------------------
2024-08-02 17:13:25 - INFO - ROC AUC Score: 0.713064713064713
2024-08-02 17:13:25 - INFO - Confusion Matrix: 
[[67 50]
 [39 94]]
2024-08-02 17:13:25 - INFO - Precision: 0.6527777777777778
2024-08-02 17:13:25 - INFO - Recall: 0.706766917293233
2024-08-02 17:13:25 - INFO - Model evaluated successfully for subset 6.
2024-08-02 17:13:25 - INFO - ------------------------------
2024-08-02 17:13:25 - INFO - EVALUATE MODEL STAGE COMPLETED FOR SUBSET 6
2024-08-02 17:13:25 - INFO - ------------------------------
2024-08-02 17:13:25 - INFO - Subset 7 demographic makeup: 800 1, 96 3, 59 2, 45 4
2024-08-02 17:13:25 - INFO - Processing subset 7...
2024-08-02 17:13:25 - INFO - -----------------------------
2024-08-02 17:13:25 - INFO - TRAIN MODEL STAGE STARTING FOR SUBSET 7...
2024-08-02 17:13:25 - INFO - -----------------------------
2024-08-02 17:13:25 - INFO - Scaling features and applying LASSO for feature selection...
2024-08-02 17:13:27 - INFO - Selected features (including required): ['who', 'RaceEth', 'age', 'is_female', 'is_hispanic', 'unemployed', 'unstableliving', 'education', 'marital', 'UDS_Amphetamine_Count', 'UDS_Benzodiazepine_Count', 'UDS_Buprenorphine_Count', 'UDS_Cocaine_Count', 'UDS_Methadone_Count', 'UDS_Opioid_Count', 'UDS_Sedatives_Count', 'UDS_Thc_Count', 'pain', 'has_schizophrenia', 'has_major_dep', 'has_bipolar', 'has_anx_pan', 'has_brain_damage', 'has_epilepsy', 'has_alcol_dx', 'has_amphetamines_dx', 'has_cannabis_dx', 'has_cocaine_dx', 'has_sedatives_dx', 'ftnd', 'XTRT', 'shared', 'rbsivheroin', 'TLFB_Alcohol_Count', 'TLFB_Amphetamine_Count', 'TLFB_Benzodiazepine_Count', 'TLFB_Buprenorphine_Count', 'TLFB_Cocaine_Count', 'TLFB_Heroin_Count', 'TLFB_Methadone_Count', 'TLFB_Opioid_Count', 'TLFB_THC_Count', 'TLFB_Other', 'Homosexual_Behavior', 'Non_monogamous_Relationships']
2024-08-02 17:13:27 - INFO - Fitting logistic regression model with the selected features...
2024-08-02 17:13:28 - INFO - Model training completed successfully.
2024-08-02 17:13:28 - INFO - Calculating the dynamic threshold based on the proportion of positive outcomes...
2024-08-02 17:13:28 - INFO - Ratio of 1s to 0s in the outcome variable: 0.54 : 0.46
2024-08-02 17:13:28 - INFO - Dynamic threshold set to: 0.544
2024-08-02 17:13:28 - INFO - Model trained and saved successfully for subset 7.
2024-08-02 17:13:28 - INFO - ---------------------------
2024-08-02 17:13:28 - INFO - TRAIN MODEL STAGE COMPLETED FOR SUBSET 7
2024-08-02 17:13:28 - INFO - ---------------------------
2024-08-02 17:13:28 - INFO - --------------------------------
2024-08-02 17:13:28 - INFO - EVALUATE MODEL STAGE STARTING FOR SUBSET 7...
2024-08-02 17:13:28 - INFO - --------------------------------
2024-08-02 17:13:28 - INFO - ROC AUC Score: 0.6732456140350878
2024-08-02 17:13:28 - INFO - Confusion Matrix: 
[[74 40]
 [53 83]]
2024-08-02 17:13:28 - INFO - Precision: 0.6747967479674797
2024-08-02 17:13:28 - INFO - Recall: 0.6102941176470589
2024-08-02 17:13:28 - INFO - Model evaluated successfully for subset 7.
2024-08-02 17:13:28 - INFO - ------------------------------
2024-08-02 17:13:28 - INFO - EVALUATE MODEL STAGE COMPLETED FOR SUBSET 7
2024-08-02 17:13:28 - INFO - ------------------------------
2024-08-02 17:13:28 - INFO - Subset 8 demographic makeup: 850 1, 69 3, 44 2, 37 4
2024-08-02 17:13:28 - INFO - Processing subset 8...
2024-08-02 17:13:28 - INFO - -----------------------------
2024-08-02 17:13:28 - INFO - TRAIN MODEL STAGE STARTING FOR SUBSET 8...
2024-08-02 17:13:28 - INFO - -----------------------------
2024-08-02 17:13:28 - INFO - Scaling features and applying LASSO for feature selection...
2024-08-02 17:13:29 - INFO - Selected features (including required): ['who', 'RaceEth', 'age', 'is_female', 'is_hispanic', 'unemployed', 'unstableliving', 'education', 'marital', 'UDS_Amphetamine_Count', 'UDS_Benzodiazepine_Count', 'UDS_Buprenorphine_Count', 'UDS_Cocaine_Count', 'UDS_Methadone_Count', 'UDS_Opioid_Count', 'UDS_Sedatives_Count', 'UDS_Thc_Count', 'pain', 'has_schizophrenia', 'has_major_dep', 'has_bipolar', 'has_anx_pan', 'has_brain_damage', 'has_epilepsy', 'has_alcol_dx', 'has_amphetamines_dx', 'has_cannabis_dx', 'has_cocaine_dx', 'has_sedatives_dx', 'ftnd', 'XTRT', 'shared', 'rbsivheroin', 'TLFB_Alcohol_Count', 'TLFB_Amphetamine_Count', 'TLFB_Benzodiazepine_Count', 'TLFB_Buprenorphine_Count', 'TLFB_Cocaine_Count', 'TLFB_Heroin_Count', 'TLFB_Methadone_Count', 'TLFB_Opioid_Count', 'TLFB_THC_Count', 'TLFB_Other', 'Homosexual_Behavior', 'Non_monogamous_Relationships']
2024-08-02 17:13:29 - INFO - Fitting logistic regression model with the selected features...
2024-08-02 17:13:29 - INFO - Model training completed successfully.
2024-08-02 17:13:29 - INFO - Calculating the dynamic threshold based on the proportion of positive outcomes...
2024-08-02 17:13:29 - INFO - Ratio of 1s to 0s in the outcome variable: 0.57 : 0.43
2024-08-02 17:13:29 - INFO - Dynamic threshold set to: 0.568
2024-08-02 17:13:29 - INFO - Model trained and saved successfully for subset 8.
2024-08-02 17:13:29 - INFO - ---------------------------
2024-08-02 17:13:29 - INFO - TRAIN MODEL STAGE COMPLETED FOR SUBSET 8
2024-08-02 17:13:29 - INFO - ---------------------------
2024-08-02 17:13:29 - INFO - --------------------------------
2024-08-02 17:13:29 - INFO - EVALUATE MODEL STAGE STARTING FOR SUBSET 8...
2024-08-02 17:13:29 - INFO - --------------------------------
2024-08-02 17:13:29 - INFO - ROC AUC Score: 0.6641236306729265
2024-08-02 17:13:29 - INFO - Confusion Matrix: 
[[69 39]
 [56 86]]
2024-08-02 17:13:29 - INFO - Precision: 0.688
2024-08-02 17:13:29 - INFO - Recall: 0.6056338028169014
2024-08-02 17:13:29 - INFO - Model evaluated successfully for subset 8.
2024-08-02 17:13:29 - INFO - ------------------------------
2024-08-02 17:13:29 - INFO - EVALUATE MODEL STAGE COMPLETED FOR SUBSET 8
2024-08-02 17:13:29 - INFO - ------------------------------
2024-08-02 17:13:29 - INFO - Subset 9 demographic makeup: 900 1, 47 3, 30 2, 23 4
2024-08-02 17:13:29 - INFO - Processing subset 9...
2024-08-02 17:13:29 - INFO - -----------------------------
2024-08-02 17:13:29 - INFO - TRAIN MODEL STAGE STARTING FOR SUBSET 9...
2024-08-02 17:13:29 - INFO - -----------------------------
2024-08-02 17:13:29 - INFO - Scaling features and applying LASSO for feature selection...
2024-08-02 17:13:30 - INFO - Selected features (including required): ['who', 'RaceEth', 'age', 'is_female', 'is_hispanic', 'unemployed', 'unstableliving', 'education', 'marital', 'UDS_Amphetamine_Count', 'UDS_Benzodiazepine_Count', 'UDS_Buprenorphine_Count', 'UDS_Cocaine_Count', 'UDS_Methadone_Count', 'UDS_Opioid_Count', 'UDS_Sedatives_Count', 'UDS_Thc_Count', 'pain', 'has_schizophrenia', 'has_major_dep', 'has_bipolar', 'has_anx_pan', 'has_brain_damage', 'has_epilepsy', 'has_alcol_dx', 'has_amphetamines_dx', 'has_cannabis_dx', 'has_cocaine_dx', 'has_sedatives_dx', 'ftnd', 'XTRT', 'shared', 'rbsivheroin', 'TLFB_Alcohol_Count', 'TLFB_Amphetamine_Count', 'TLFB_Benzodiazepine_Count', 'TLFB_Buprenorphine_Count', 'TLFB_Cocaine_Count', 'TLFB_Heroin_Count', 'TLFB_Methadone_Count', 'TLFB_Opioid_Count', 'TLFB_THC_Count', 'TLFB_Other', 'Homosexual_Behavior', 'Non_monogamous_Relationships']
2024-08-02 17:13:30 - INFO - Fitting logistic regression model with the selected features...
2024-08-02 17:13:31 - INFO - Model training completed successfully.
2024-08-02 17:13:31 - INFO - Calculating the dynamic threshold based on the proportion of positive outcomes...
2024-08-02 17:13:31 - INFO - Ratio of 1s to 0s in the outcome variable: 0.53 : 0.47
2024-08-02 17:13:31 - INFO - Dynamic threshold set to: 0.532
2024-08-02 17:13:31 - INFO - Model trained and saved successfully for subset 9.
2024-08-02 17:13:31 - INFO - ---------------------------
2024-08-02 17:13:31 - INFO - TRAIN MODEL STAGE COMPLETED FOR SUBSET 9
2024-08-02 17:13:31 - INFO - ---------------------------
2024-08-02 17:13:31 - INFO - --------------------------------
2024-08-02 17:13:31 - INFO - EVALUATE MODEL STAGE STARTING FOR SUBSET 9...
2024-08-02 17:13:31 - INFO - --------------------------------
2024-08-02 17:13:31 - INFO - ROC AUC Score: 0.659790501895765
2024-08-02 17:13:31 - INFO - Confusion Matrix: 
[[65 52]
 [43 90]]
2024-08-02 17:13:31 - INFO - Precision: 0.6338028169014085
2024-08-02 17:13:31 - INFO - Recall: 0.6766917293233082
2024-08-02 17:13:31 - INFO - Model evaluated successfully for subset 9.
2024-08-02 17:13:31 - INFO - ------------------------------
2024-08-02 17:13:31 - INFO - EVALUATE MODEL STAGE COMPLETED FOR SUBSET 9
2024-08-02 17:13:31 - INFO - ------------------------------
2024-08-02 17:13:31 - INFO - Subset 10 demographic makeup: 950 1, 24 3, 16 2, 10 4
2024-08-02 17:13:31 - INFO - Processing subset 10...
2024-08-02 17:13:31 - INFO - -----------------------------
2024-08-02 17:13:31 - INFO - TRAIN MODEL STAGE STARTING FOR SUBSET 10...
2024-08-02 17:13:31 - INFO - -----------------------------
2024-08-02 17:13:31 - INFO - Scaling features and applying LASSO for feature selection...
2024-08-02 17:13:31 - INFO - Selected features (including required): ['who', 'RaceEth', 'age', 'is_female', 'is_hispanic', 'unemployed', 'unstableliving', 'education', 'marital', 'UDS_Amphetamine_Count', 'UDS_Benzodiazepine_Count', 'UDS_Buprenorphine_Count', 'UDS_Cocaine_Count', 'UDS_Methadone_Count', 'UDS_Opioid_Count', 'UDS_Sedatives_Count', 'UDS_Thc_Count', 'pain', 'has_schizophrenia', 'has_major_dep', 'has_bipolar', 'has_anx_pan', 'has_brain_damage', 'has_epilepsy', 'has_alcol_dx', 'has_amphetamines_dx', 'has_cannabis_dx', 'has_cocaine_dx', 'has_sedatives_dx', 'ftnd', 'XTRT', 'shared', 'rbsivheroin', 'TLFB_Alcohol_Count', 'TLFB_Amphetamine_Count', 'TLFB_Benzodiazepine_Count', 'TLFB_Buprenorphine_Count', 'TLFB_Cocaine_Count', 'TLFB_Heroin_Count', 'TLFB_Methadone_Count', 'TLFB_Opioid_Count', 'TLFB_THC_Count', 'TLFB_Other', 'Homosexual_Behavior', 'Non_monogamous_Relationships']
2024-08-02 17:13:31 - INFO - Fitting logistic regression model with the selected features...
2024-08-02 17:13:32 - INFO - Model training completed successfully.
2024-08-02 17:13:32 - INFO - Calculating the dynamic threshold based on the proportion of positive outcomes...
2024-08-02 17:13:32 - INFO - Ratio of 1s to 0s in the outcome variable: 0.50 : 0.50
2024-08-02 17:13:32 - INFO - Dynamic threshold set to: 0.504
2024-08-02 17:13:32 - INFO - Model trained and saved successfully for subset 10.
2024-08-02 17:13:32 - INFO - ---------------------------
2024-08-02 17:13:32 - INFO - TRAIN MODEL STAGE COMPLETED FOR SUBSET 10
2024-08-02 17:13:32 - INFO - ---------------------------
2024-08-02 17:13:32 - INFO - --------------------------------
2024-08-02 17:13:32 - INFO - EVALUATE MODEL STAGE STARTING FOR SUBSET 10...
2024-08-02 17:13:32 - INFO - --------------------------------
2024-08-02 17:13:32 - INFO - ROC AUC Score: 0.6719150025601639
2024-08-02 17:13:32 - INFO - Confusion Matrix: 
[[61 63]
 [28 98]]
2024-08-02 17:13:32 - INFO - Precision: 0.6086956521739131
2024-08-02 17:13:32 - INFO - Recall: 0.7777777777777778
2024-08-02 17:13:32 - INFO - Model evaluated successfully for subset 10.
2024-08-02 17:13:32 - INFO - ------------------------------
2024-08-02 17:13:32 - INFO - EVALUATE MODEL STAGE COMPLETED FOR SUBSET 10
2024-08-02 17:13:32 - INFO - ------------------------------
2024-08-02 17:13:32 - INFO - Subset 11 demographic makeup: 1000 1
2024-08-02 17:13:32 - INFO - Processing subset 11...
2024-08-02 17:13:32 - INFO - -----------------------------
2024-08-02 17:13:32 - INFO - TRAIN MODEL STAGE STARTING FOR SUBSET 11...
2024-08-02 17:13:32 - INFO - -----------------------------
2024-08-02 17:13:32 - INFO - Scaling features and applying LASSO for feature selection...
2024-08-02 17:13:33 - INFO - Selected features (including required): ['who', 'age', 'is_female', 'unemployed', 'unstableliving', 'education', 'marital', 'UDS_Amphetamine_Count', 'UDS_Benzodiazepine_Count', 'UDS_Buprenorphine_Count', 'UDS_Cocaine_Count', 'UDS_Methadone_Count', 'UDS_Opioid_Count', 'UDS_Sedatives_Count', 'UDS_Thc_Count', 'pain', 'has_schizophrenia', 'has_major_dep', 'has_bipolar', 'has_anx_pan', 'has_brain_damage', 'has_epilepsy', 'has_alcol_dx', 'has_amphetamines_dx', 'has_cannabis_dx', 'has_cocaine_dx', 'has_sedatives_dx', 'ftnd', 'XTRT', 'shared', 'rbsivheroin', 'TLFB_Alcohol_Count', 'TLFB_Amphetamine_Count', 'TLFB_Benzodiazepine_Count', 'TLFB_Buprenorphine_Count', 'TLFB_Cocaine_Count', 'TLFB_Heroin_Count', 'TLFB_Methadone_Count', 'TLFB_Opioid_Count', 'TLFB_THC_Count', 'TLFB_Other', 'Homosexual_Behavior', 'Non_monogamous_Relationships']
2024-08-02 17:13:33 - INFO - Fitting logistic regression model with the selected features...
2024-08-02 17:13:34 - INFO - Model training completed successfully.
2024-08-02 17:13:34 - INFO - Calculating the dynamic threshold based on the proportion of positive outcomes...
2024-08-02 17:13:34 - INFO - Ratio of 1s to 0s in the outcome variable: 0.58 : 0.42
2024-08-02 17:13:34 - INFO - Dynamic threshold set to: 0.576
2024-08-02 17:13:34 - INFO - Model trained and saved successfully for subset 11.
2024-08-02 17:13:34 - INFO - ---------------------------
2024-08-02 17:13:34 - INFO - TRAIN MODEL STAGE COMPLETED FOR SUBSET 11
2024-08-02 17:13:34 - INFO - ---------------------------
2024-08-02 17:13:34 - INFO - --------------------------------
2024-08-02 17:13:34 - INFO - EVALUATE MODEL STAGE STARTING FOR SUBSET 11...
2024-08-02 17:13:34 - INFO - --------------------------------
2024-08-02 17:13:34 - INFO - ROC AUC Score: 0.7057127882599582
2024-08-02 17:13:34 - INFO - Confusion Matrix: 
[[73 33]
 [53 91]]
2024-08-02 17:13:34 - INFO - Precision: 0.7338709677419355
2024-08-02 17:13:34 - INFO - Recall: 0.6319444444444444
2024-08-02 17:13:34 - INFO - Model evaluated successfully for subset 11.
2024-08-02 17:13:34 - INFO - ------------------------------
2024-08-02 17:13:34 - INFO - EVALUATE MODEL STAGE COMPLETED FOR SUBSET 11
2024-08-02 17:13:34 - INFO - ------------------------------
2024-08-02 17:13:34 - INFO - ------------------
2024-08-02 17:13:34 - INFO - PIPELINE COMPLETED
2024-08-02 17:13:34 - INFO - ------------------
