2024-08-05 13:27:31,712 - INFO - Global Seed set to: 4
2024-08-05 13:27:31,712 - INFO - Outcome Name: Rs_krupitsky_2004
2024-08-05 13:27:31,753 - INFO - Datasets loaded successfully.
2024-08-05 13:27:31,757 - INFO - Starting preprocessing of the merged dataset...
2024-08-05 13:27:31,757 - INFO - ---------------------------------
2024-08-05 13:27:31,757 - INFO - PRE-PROCESSING STAGE STARTING...
2024-08-05 13:27:31,757 - INFO - ---------------------------------
2024-08-05 13:27:31,846 - INFO - Dropped initial columns: ['pain_when', 'is_smoker', 'per_day', 'max', 'amount', 'depression', 'anxiety', 'schizophrenia', 'max', 'amount', 'cocaine_inject_days', 'speedball_inject_days', 'opioid_inject_days', 'speed_inject_days', 'UDS_Alcohol_Count', 'UDS_Mdma/Hallucinogen_Count']
2024-08-05 13:27:31,885 - INFO - Converted Yes/No to binary.
2024-08-05 13:27:31,891 - INFO - Processed TLFB columns with specified columns: ['TLFB_Alcohol_Count', 'TLFB_Amphetamine_Count', 'TLFB_Cocaine_Count', 'TLFB_Heroin_Count', 'TLFB_Benzodiazepine_Count', 'TLFB_Opioid_Count', 'TLFB_THC_Count', 'TLFB_Methadone_Count', 'TLFB_Buprenorphine_Count']
2024-08-05 13:27:31,894 - INFO - Calculated behavioral columns.
2024-08-05 13:27:31,896 - INFO - Moved 'Rs_krupitsky_2004' column to the end.
2024-08-05 13:27:31,976 - INFO - Dropped initial columns: ['msm_npt', 'msm_frq', 'txx_prt']
2024-08-05 13:27:31,990 - INFO - transform_data_with_nan_handling success
2024-08-05 13:27:31,991 - INFO - Renamed columns according to the mapping.
2024-08-05 13:27:32,019 - INFO - Transformed NaN to 0 for binary columns.
2024-08-05 13:27:32,021 - INFO - Transformed and renamed 'heroin_inject_days' column to 'rbsivheroin'.
2024-08-05 13:27:32,022 - INFO - Filled NaN with 0 for 'ftnd' column.
2024-08-05 13:27:32,089 - INFO - Dropped additional columns: ['rbs_iv_days', 'race', 'RBS_cocaine_Days', 'RBS_heroin_Days', 'RBS_opioid_Days', 'RBS_speed_Days', 'RBS_speedball_Days']
2024-08-05 13:27:32,104 - INFO - Converted UDS drug counts to binary.
2024-08-05 13:27:32,166 - INFO - ------------------------------
2024-08-05 13:27:32,166 - INFO - PRE-PROCESSING STAGE COMPLETED
2024-08-05 13:27:32,167 - INFO - ------------------------------
2024-08-05 13:27:32,167 - INFO - Merged dataset preprocessed successfully.
2024-08-05 13:27:32,167 - INFO - Creating demographic subsets from preprocessed data...
2024-08-05 13:27:39,445 - INFO - Created 11 subsets successfully.
2024-08-05 13:27:39,445 - INFO - Creating merged subsets from create_demographics_dfs function
2024-08-05 13:27:39,529 - INFO - Created 11 merged subsets successfully.
2024-08-05 13:27:39,530 - INFO - Subset 1 demographic makeup: 500 1, 248 3, 153 2, 99 4
2024-08-05 13:27:39,530 - INFO - Processing subset 1...
2024-08-05 13:27:39,530 - INFO - -----------------------------
2024-08-05 13:27:39,530 - INFO - TRAIN MODEL STAGE STARTING FOR SUBSET 1...
2024-08-05 13:27:39,530 - INFO - -----------------------------
2024-08-05 13:27:39,535 - INFO - Scaling features and applying LASSO for feature selection...
2024-08-05 13:27:41,449 - INFO - Selected features (including required): ['who', 'RaceEth', 'age', 'is_female', 'is_hispanic', 'unemployed', 'unstableliving', 'education', 'marital', 'UDS_Amphetamine_Count', 'UDS_Benzodiazepine_Count', 'UDS_Buprenorphine_Count', 'UDS_Cocaine_Count', 'UDS_Methadone_Count', 'UDS_Opioid_Count', 'UDS_Sedatives_Count', 'UDS_Thc_Count', 'pain', 'has_schizophrenia', 'has_major_dep', 'has_bipolar', 'has_anx_pan', 'has_brain_damage', 'has_epilepsy', 'has_opiates_dx', 'has_alcol_dx', 'has_amphetamines_dx', 'has_cannabis_dx', 'has_cocaine_dx', 'has_sedatives_dx', 'ftnd', 'XTRT', 'shared', 'rbsivheroin', 'TLFB_Alcohol_Count', 'TLFB_Amphetamine_Count', 'TLFB_Benzodiazepine_Count', 'TLFB_Buprenorphine_Count', 'TLFB_Cocaine_Count', 'TLFB_Heroin_Count', 'TLFB_Methadone_Count', 'TLFB_Opioid_Count', 'TLFB_THC_Count', 'TLFB_Other', 'Homosexual_Behavior', 'Non_monogamous_Relationships']
2024-08-05 13:27:41,454 - INFO - Fitting logistic regression model with the selected features...
2024-08-05 13:27:41,821 - INFO - Model training completed successfully.
2024-08-05 13:27:41,821 - INFO - Calculating the dynamic threshold based on the proportion of positive outcomes...
2024-08-05 13:27:41,821 - INFO - Ratio of 1s to 0s in the outcome variable: 0.85 : 0.15
2024-08-05 13:27:41,821 - INFO - Dynamic threshold set to: 0.848
2024-08-05 13:27:41,822 - INFO - Model trained and saved successfully for subset 1.
2024-08-05 13:27:41,822 - INFO - ---------------------------
2024-08-05 13:27:41,822 - INFO - TRAIN MODEL STAGE COMPLETED FOR SUBSET 1
2024-08-05 13:27:41,822 - INFO - ---------------------------
2024-08-05 13:27:41,822 - INFO - --------------------------------
2024-08-05 13:27:41,822 - INFO - EVALUATE MODEL STAGE STARTING FOR SUBSET 1...
2024-08-05 13:27:41,822 - INFO - --------------------------------
2024-08-05 13:27:41,834 - INFO - ROC AUC Score: 0.599428997020854
2024-08-05 13:27:41,835 - INFO - Confusion Matrix: 
[[ 21  17]
 [ 87 125]]
2024-08-05 13:27:41,835 - INFO - Precision: 0.8802816901408451
2024-08-05 13:27:41,835 - INFO - Recall: 0.589622641509434
2024-08-05 13:27:41,835 - INFO - Model evaluated successfully for subset 1.
2024-08-05 13:27:41,835 - INFO - ------------------------------
2024-08-05 13:27:41,835 - INFO - EVALUATE MODEL STAGE COMPLETED FOR SUBSET 1
2024-08-05 13:27:41,835 - INFO - ------------------------------
2024-08-05 13:27:41,836 - INFO - Subset 2 demographic makeup: 550 1, 221 3, 140 2, 89 4
2024-08-05 13:27:41,836 - INFO - Processing subset 2...
2024-08-05 13:27:41,836 - INFO - -----------------------------
2024-08-05 13:27:41,836 - INFO - TRAIN MODEL STAGE STARTING FOR SUBSET 2...
2024-08-05 13:27:41,836 - INFO - -----------------------------
2024-08-05 13:27:41,844 - INFO - Scaling features and applying LASSO for feature selection...
2024-08-05 13:27:43,730 - INFO - Selected features (including required): ['who', 'RaceEth', 'age', 'is_female', 'is_hispanic', 'unemployed', 'unstableliving', 'education', 'marital', 'UDS_Amphetamine_Count', 'UDS_Benzodiazepine_Count', 'UDS_Buprenorphine_Count', 'UDS_Cocaine_Count', 'UDS_Methadone_Count', 'UDS_Opioid_Count', 'UDS_Sedatives_Count', 'UDS_Thc_Count', 'pain', 'has_schizophrenia', 'has_major_dep', 'has_bipolar', 'has_anx_pan', 'has_brain_damage', 'has_epilepsy', 'has_opiates_dx', 'has_alcol_dx', 'has_amphetamines_dx', 'has_cannabis_dx', 'has_cocaine_dx', 'has_sedatives_dx', 'ftnd', 'XTRT', 'shared', 'rbsivheroin', 'TLFB_Alcohol_Count', 'TLFB_Amphetamine_Count', 'TLFB_Benzodiazepine_Count', 'TLFB_Buprenorphine_Count', 'TLFB_Cocaine_Count', 'TLFB_Heroin_Count', 'TLFB_Methadone_Count', 'TLFB_Opioid_Count', 'TLFB_THC_Count', 'TLFB_Other', 'Homosexual_Behavior', 'Non_monogamous_Relationships']
2024-08-05 13:27:43,735 - INFO - Fitting logistic regression model with the selected features...
2024-08-05 13:27:44,341 - INFO - Model training completed successfully.
2024-08-05 13:27:44,341 - INFO - Calculating the dynamic threshold based on the proportion of positive outcomes...
2024-08-05 13:27:44,342 - INFO - Ratio of 1s to 0s in the outcome variable: 0.83 : 0.17
2024-08-05 13:27:44,342 - INFO - Dynamic threshold set to: 0.828
2024-08-05 13:27:44,342 - INFO - Model trained and saved successfully for subset 2.
2024-08-05 13:27:44,342 - INFO - ---------------------------
2024-08-05 13:27:44,342 - INFO - TRAIN MODEL STAGE COMPLETED FOR SUBSET 2
2024-08-05 13:27:44,342 - INFO - ---------------------------
2024-08-05 13:27:44,342 - INFO - --------------------------------
2024-08-05 13:27:44,342 - INFO - EVALUATE MODEL STAGE STARTING FOR SUBSET 2...
2024-08-05 13:27:44,342 - INFO - --------------------------------
2024-08-05 13:27:44,354 - INFO - ROC AUC Score: 0.6157735085945399
2024-08-05 13:27:44,354 - INFO - Confusion Matrix: 
[[ 22  21]
 [ 80 127]]
2024-08-05 13:27:44,355 - INFO - Precision: 0.8581081081081081
2024-08-05 13:27:44,355 - INFO - Recall: 0.6135265700483091
2024-08-05 13:27:44,355 - INFO - Model evaluated successfully for subset 2.
2024-08-05 13:27:44,355 - INFO - ------------------------------
2024-08-05 13:27:44,355 - INFO - EVALUATE MODEL STAGE COMPLETED FOR SUBSET 2
2024-08-05 13:27:44,355 - INFO - ------------------------------
2024-08-05 13:27:44,356 - INFO - Subset 3 demographic makeup: 600 1, 195 3, 123 2, 82 4
2024-08-05 13:27:44,356 - INFO - Processing subset 3...
2024-08-05 13:27:44,356 - INFO - -----------------------------
2024-08-05 13:27:44,356 - INFO - TRAIN MODEL STAGE STARTING FOR SUBSET 3...
2024-08-05 13:27:44,356 - INFO - -----------------------------
2024-08-05 13:27:44,364 - INFO - Scaling features and applying LASSO for feature selection...
2024-08-05 13:27:46,357 - INFO - Selected features (including required): ['who', 'RaceEth', 'age', 'is_female', 'is_hispanic', 'unemployed', 'unstableliving', 'education', 'marital', 'UDS_Amphetamine_Count', 'UDS_Benzodiazepine_Count', 'UDS_Buprenorphine_Count', 'UDS_Cocaine_Count', 'UDS_Methadone_Count', 'UDS_Opioid_Count', 'UDS_Sedatives_Count', 'UDS_Thc_Count', 'pain', 'has_schizophrenia', 'has_major_dep', 'has_bipolar', 'has_anx_pan', 'has_brain_damage', 'has_epilepsy', 'has_opiates_dx', 'has_alcol_dx', 'has_amphetamines_dx', 'has_cannabis_dx', 'has_cocaine_dx', 'has_sedatives_dx', 'ftnd', 'XTRT', 'shared', 'rbsivheroin', 'TLFB_Alcohol_Count', 'TLFB_Amphetamine_Count', 'TLFB_Benzodiazepine_Count', 'TLFB_Buprenorphine_Count', 'TLFB_Cocaine_Count', 'TLFB_Heroin_Count', 'TLFB_Methadone_Count', 'TLFB_Opioid_Count', 'TLFB_THC_Count', 'TLFB_Other', 'Homosexual_Behavior', 'Non_monogamous_Relationships']
2024-08-05 13:27:46,361 - INFO - Fitting logistic regression model with the selected features...
2024-08-05 13:27:46,883 - INFO - Model training completed successfully.
2024-08-05 13:27:46,884 - INFO - Calculating the dynamic threshold based on the proportion of positive outcomes...
2024-08-05 13:27:46,885 - INFO - Ratio of 1s to 0s in the outcome variable: 0.81 : 0.19
2024-08-05 13:27:46,885 - INFO - Dynamic threshold set to: 0.812
2024-08-05 13:27:46,885 - INFO - Model trained and saved successfully for subset 3.
2024-08-05 13:27:46,887 - INFO - ---------------------------
2024-08-05 13:27:46,888 - INFO - TRAIN MODEL STAGE COMPLETED FOR SUBSET 3
2024-08-05 13:27:46,890 - INFO - ---------------------------
2024-08-05 13:27:46,892 - INFO - --------------------------------
2024-08-05 13:27:46,892 - INFO - EVALUATE MODEL STAGE STARTING FOR SUBSET 3...
2024-08-05 13:27:46,893 - INFO - --------------------------------
2024-08-05 13:27:46,917 - INFO - ROC AUC Score: 0.5883031128812493
2024-08-05 13:27:46,917 - INFO - Confusion Matrix: 
[[ 20  27]
 [ 70 133]]
2024-08-05 13:27:46,918 - INFO - Precision: 0.83125
2024-08-05 13:27:46,918 - INFO - Recall: 0.6551724137931034
2024-08-05 13:27:46,918 - INFO - Model evaluated successfully for subset 3.
2024-08-05 13:27:46,919 - INFO - ------------------------------
2024-08-05 13:27:46,922 - INFO - EVALUATE MODEL STAGE COMPLETED FOR SUBSET 3
2024-08-05 13:27:46,924 - INFO - ------------------------------
2024-08-05 13:27:46,926 - INFO - Subset 4 demographic makeup: 650 1, 169 3, 108 2, 73 4
2024-08-05 13:27:46,926 - INFO - Processing subset 4...
2024-08-05 13:27:46,927 - INFO - -----------------------------
2024-08-05 13:27:46,927 - INFO - TRAIN MODEL STAGE STARTING FOR SUBSET 4...
2024-08-05 13:27:46,928 - INFO - -----------------------------
2024-08-05 13:27:46,936 - INFO - Scaling features and applying LASSO for feature selection...
2024-08-05 13:27:48,788 - INFO - Selected features (including required): ['who', 'RaceEth', 'age', 'is_female', 'is_hispanic', 'unemployed', 'unstableliving', 'education', 'marital', 'UDS_Amphetamine_Count', 'UDS_Benzodiazepine_Count', 'UDS_Buprenorphine_Count', 'UDS_Cocaine_Count', 'UDS_Methadone_Count', 'UDS_Opioid_Count', 'UDS_Sedatives_Count', 'UDS_Thc_Count', 'pain', 'has_schizophrenia', 'has_major_dep', 'has_bipolar', 'has_anx_pan', 'has_brain_damage', 'has_epilepsy', 'has_opiates_dx', 'has_alcol_dx', 'has_amphetamines_dx', 'has_cannabis_dx', 'has_cocaine_dx', 'has_sedatives_dx', 'ftnd', 'XTRT', 'shared', 'rbsivheroin', 'TLFB_Alcohol_Count', 'TLFB_Amphetamine_Count', 'TLFB_Benzodiazepine_Count', 'TLFB_Buprenorphine_Count', 'TLFB_Cocaine_Count', 'TLFB_Heroin_Count', 'TLFB_Methadone_Count', 'TLFB_Opioid_Count', 'TLFB_THC_Count', 'TLFB_Other', 'Homosexual_Behavior', 'Non_monogamous_Relationships']
2024-08-05 13:27:48,793 - INFO - Fitting logistic regression model with the selected features...
2024-08-05 13:27:49,242 - INFO - Model training completed successfully.
2024-08-05 13:27:49,242 - INFO - Calculating the dynamic threshold based on the proportion of positive outcomes...
2024-08-05 13:27:49,242 - INFO - Ratio of 1s to 0s in the outcome variable: 0.81 : 0.19
2024-08-05 13:27:49,242 - INFO - Dynamic threshold set to: 0.808
2024-08-05 13:27:49,243 - INFO - Model trained and saved successfully for subset 4.
2024-08-05 13:27:49,243 - INFO - ---------------------------
2024-08-05 13:27:49,243 - INFO - TRAIN MODEL STAGE COMPLETED FOR SUBSET 4
2024-08-05 13:27:49,243 - INFO - ---------------------------
2024-08-05 13:27:49,243 - INFO - --------------------------------
2024-08-05 13:27:49,243 - INFO - EVALUATE MODEL STAGE STARTING FOR SUBSET 4...
2024-08-05 13:27:49,243 - INFO - --------------------------------
2024-08-05 13:27:49,258 - INFO - ROC AUC Score: 0.647174092409241
2024-08-05 13:27:49,258 - INFO - Confusion Matrix: 
[[ 29  19]
 [ 74 128]]
2024-08-05 13:27:49,258 - INFO - Precision: 0.8707482993197279
2024-08-05 13:27:49,258 - INFO - Recall: 0.6336633663366337
2024-08-05 13:27:49,258 - INFO - Model evaluated successfully for subset 4.
2024-08-05 13:27:49,258 - INFO - ------------------------------
2024-08-05 13:27:49,258 - INFO - EVALUATE MODEL STAGE COMPLETED FOR SUBSET 4
2024-08-05 13:27:49,258 - INFO - ------------------------------
2024-08-05 13:27:49,259 - INFO - Subset 5 demographic makeup: 700 1, 145 3, 93 2, 62 4
2024-08-05 13:27:49,259 - INFO - Processing subset 5...
2024-08-05 13:27:49,259 - INFO - -----------------------------
2024-08-05 13:27:49,259 - INFO - TRAIN MODEL STAGE STARTING FOR SUBSET 5...
2024-08-05 13:27:49,259 - INFO - -----------------------------
2024-08-05 13:27:49,265 - INFO - Scaling features and applying LASSO for feature selection...
2024-08-05 13:27:51,177 - INFO - Selected features (including required): ['who', 'RaceEth', 'age', 'is_female', 'is_hispanic', 'unemployed', 'unstableliving', 'education', 'marital', 'UDS_Amphetamine_Count', 'UDS_Benzodiazepine_Count', 'UDS_Buprenorphine_Count', 'UDS_Cocaine_Count', 'UDS_Methadone_Count', 'UDS_Opioid_Count', 'UDS_Sedatives_Count', 'UDS_Thc_Count', 'pain', 'has_schizophrenia', 'has_major_dep', 'has_bipolar', 'has_anx_pan', 'has_brain_damage', 'has_epilepsy', 'has_opiates_dx', 'has_alcol_dx', 'has_amphetamines_dx', 'has_cannabis_dx', 'has_cocaine_dx', 'has_sedatives_dx', 'ftnd', 'XTRT', 'shared', 'rbsivheroin', 'TLFB_Alcohol_Count', 'TLFB_Amphetamine_Count', 'TLFB_Benzodiazepine_Count', 'TLFB_Buprenorphine_Count', 'TLFB_Cocaine_Count', 'TLFB_Heroin_Count', 'TLFB_Methadone_Count', 'TLFB_Opioid_Count', 'TLFB_THC_Count', 'TLFB_Other', 'Homosexual_Behavior', 'Non_monogamous_Relationships']
2024-08-05 13:27:51,182 - INFO - Fitting logistic regression model with the selected features...
2024-08-05 13:27:51,547 - INFO - Model training completed successfully.
2024-08-05 13:27:51,548 - INFO - Calculating the dynamic threshold based on the proportion of positive outcomes...
2024-08-05 13:27:51,548 - INFO - Ratio of 1s to 0s in the outcome variable: 0.86 : 0.14
2024-08-05 13:27:51,550 - INFO - Dynamic threshold set to: 0.86
2024-08-05 13:27:51,553 - INFO - Model trained and saved successfully for subset 5.
2024-08-05 13:27:51,554 - INFO - ---------------------------
2024-08-05 13:27:51,554 - INFO - TRAIN MODEL STAGE COMPLETED FOR SUBSET 5
2024-08-05 13:27:51,555 - INFO - ---------------------------
2024-08-05 13:27:51,555 - INFO - --------------------------------
2024-08-05 13:27:51,556 - INFO - EVALUATE MODEL STAGE STARTING FOR SUBSET 5...
2024-08-05 13:27:51,556 - INFO - --------------------------------
2024-08-05 13:27:51,577 - INFO - ROC AUC Score: 0.653421926910299
2024-08-05 13:27:51,578 - INFO - Confusion Matrix: 
[[ 28   7]
 [122  93]]
2024-08-05 13:27:51,578 - INFO - Precision: 0.93
2024-08-05 13:27:51,578 - INFO - Recall: 0.4325581395348837
2024-08-05 13:27:51,579 - INFO - Model evaluated successfully for subset 5.
2024-08-05 13:27:51,579 - INFO - ------------------------------
2024-08-05 13:27:51,580 - INFO - EVALUATE MODEL STAGE COMPLETED FOR SUBSET 5
2024-08-05 13:27:51,580 - INFO - ------------------------------
2024-08-05 13:27:51,584 - INFO - Subset 6 demographic makeup: 750 1, 126 3, 73 2, 51 4
2024-08-05 13:27:51,587 - INFO - Processing subset 6...
2024-08-05 13:27:51,587 - INFO - -----------------------------
2024-08-05 13:27:51,588 - INFO - TRAIN MODEL STAGE STARTING FOR SUBSET 6...
2024-08-05 13:27:51,588 - INFO - -----------------------------
2024-08-05 13:27:51,597 - INFO - Scaling features and applying LASSO for feature selection...
2024-08-05 13:27:53,262 - INFO - Selected features (including required): ['who', 'RaceEth', 'age', 'is_female', 'is_hispanic', 'unemployed', 'unstableliving', 'education', 'marital', 'UDS_Amphetamine_Count', 'UDS_Benzodiazepine_Count', 'UDS_Buprenorphine_Count', 'UDS_Cocaine_Count', 'UDS_Methadone_Count', 'UDS_Opioid_Count', 'UDS_Sedatives_Count', 'UDS_Thc_Count', 'pain', 'has_schizophrenia', 'has_major_dep', 'has_bipolar', 'has_anx_pan', 'has_brain_damage', 'has_epilepsy', 'has_opiates_dx', 'has_alcol_dx', 'has_amphetamines_dx', 'has_cannabis_dx', 'has_cocaine_dx', 'has_sedatives_dx', 'ftnd', 'XTRT', 'shared', 'rbsivheroin', 'TLFB_Alcohol_Count', 'TLFB_Amphetamine_Count', 'TLFB_Benzodiazepine_Count', 'TLFB_Buprenorphine_Count', 'TLFB_Cocaine_Count', 'TLFB_Heroin_Count', 'TLFB_Methadone_Count', 'TLFB_Opioid_Count', 'TLFB_THC_Count', 'TLFB_Other', 'Homosexual_Behavior', 'Non_monogamous_Relationships']
2024-08-05 13:27:53,267 - INFO - Fitting logistic regression model with the selected features...
2024-08-05 13:27:55,208 - INFO - Model training completed successfully.
2024-08-05 13:27:55,210 - INFO - Calculating the dynamic threshold based on the proportion of positive outcomes...
2024-08-05 13:27:55,211 - INFO - Ratio of 1s to 0s in the outcome variable: 0.82 : 0.18
2024-08-05 13:27:55,212 - INFO - Dynamic threshold set to: 0.824
2024-08-05 13:27:55,212 - INFO - Model trained and saved successfully for subset 6.
2024-08-05 13:27:55,212 - INFO - ---------------------------
2024-08-05 13:27:55,213 - INFO - TRAIN MODEL STAGE COMPLETED FOR SUBSET 6
2024-08-05 13:27:55,214 - INFO - ---------------------------
2024-08-05 13:27:55,215 - INFO - --------------------------------
2024-08-05 13:27:55,221 - INFO - EVALUATE MODEL STAGE STARTING FOR SUBSET 6...
2024-08-05 13:27:55,225 - INFO - --------------------------------
2024-08-05 13:27:55,283 - INFO - ROC AUC Score: 0.664055604589585
2024-08-05 13:27:55,284 - INFO - Confusion Matrix: 
[[ 28  16]
 [ 81 125]]
2024-08-05 13:27:55,284 - INFO - Precision: 0.8865248226950354
2024-08-05 13:27:55,285 - INFO - Recall: 0.6067961165048543
2024-08-05 13:27:55,286 - INFO - Model evaluated successfully for subset 6.
2024-08-05 13:27:55,286 - INFO - ------------------------------
2024-08-05 13:27:55,287 - INFO - EVALUATE MODEL STAGE COMPLETED FOR SUBSET 6
2024-08-05 13:27:55,287 - INFO - ------------------------------
2024-08-05 13:27:55,289 - INFO - Subset 7 demographic makeup: 800 1, 104 3, 59 2, 37 4
2024-08-05 13:27:55,293 - INFO - Processing subset 7...
2024-08-05 13:27:55,293 - INFO - -----------------------------
2024-08-05 13:27:55,294 - INFO - TRAIN MODEL STAGE STARTING FOR SUBSET 7...
2024-08-05 13:27:55,296 - INFO - -----------------------------
2024-08-05 13:27:55,309 - INFO - Scaling features and applying LASSO for feature selection...
2024-08-05 13:27:57,439 - INFO - Selected features (including required): ['who', 'RaceEth', 'age', 'is_female', 'is_hispanic', 'unemployed', 'unstableliving', 'education', 'marital', 'UDS_Amphetamine_Count', 'UDS_Benzodiazepine_Count', 'UDS_Buprenorphine_Count', 'UDS_Cocaine_Count', 'UDS_Methadone_Count', 'UDS_Opioid_Count', 'UDS_Sedatives_Count', 'UDS_Thc_Count', 'pain', 'has_schizophrenia', 'has_major_dep', 'has_bipolar', 'has_anx_pan', 'has_brain_damage', 'has_epilepsy', 'has_opiates_dx', 'has_alcol_dx', 'has_amphetamines_dx', 'has_cannabis_dx', 'has_cocaine_dx', 'has_sedatives_dx', 'ftnd', 'XTRT', 'shared', 'rbsivheroin', 'TLFB_Alcohol_Count', 'TLFB_Amphetamine_Count', 'TLFB_Benzodiazepine_Count', 'TLFB_Buprenorphine_Count', 'TLFB_Cocaine_Count', 'TLFB_Heroin_Count', 'TLFB_Methadone_Count', 'TLFB_Opioid_Count', 'TLFB_THC_Count', 'TLFB_Other', 'Homosexual_Behavior', 'Non_monogamous_Relationships']
2024-08-05 13:27:57,445 - INFO - Fitting logistic regression model with the selected features...
2024-08-05 13:27:57,937 - INFO - Model training completed successfully.
2024-08-05 13:27:57,937 - INFO - Calculating the dynamic threshold based on the proportion of positive outcomes...
2024-08-05 13:27:57,938 - INFO - Ratio of 1s to 0s in the outcome variable: 0.86 : 0.14
2024-08-05 13:27:57,938 - INFO - Dynamic threshold set to: 0.864
2024-08-05 13:27:57,938 - INFO - Model trained and saved successfully for subset 7.
2024-08-05 13:27:57,939 - INFO - ---------------------------
2024-08-05 13:27:57,940 - INFO - TRAIN MODEL STAGE COMPLETED FOR SUBSET 7
2024-08-05 13:27:57,942 - INFO - ---------------------------
2024-08-05 13:27:57,944 - INFO - --------------------------------
2024-08-05 13:27:57,944 - INFO - EVALUATE MODEL STAGE STARTING FOR SUBSET 7...
2024-08-05 13:27:57,944 - INFO - --------------------------------
2024-08-05 13:27:57,968 - INFO - ROC AUC Score: 0.7234477124183007
2024-08-05 13:27:57,968 - INFO - Confusion Matrix: 
[[ 26   8]
 [ 88 128]]
2024-08-05 13:27:57,969 - INFO - Precision: 0.9411764705882353
2024-08-05 13:27:57,969 - INFO - Recall: 0.5925925925925926
2024-08-05 13:27:57,970 - INFO - Model evaluated successfully for subset 7.
2024-08-05 13:27:57,970 - INFO - ------------------------------
2024-08-05 13:27:57,971 - INFO - EVALUATE MODEL STAGE COMPLETED FOR SUBSET 7
2024-08-05 13:27:57,971 - INFO - ------------------------------
2024-08-05 13:27:57,975 - INFO - Subset 8 demographic makeup: 850 1, 77 3, 46 2, 27 4
2024-08-05 13:27:57,976 - INFO - Processing subset 8...
2024-08-05 13:27:57,977 - INFO - -----------------------------
2024-08-05 13:27:57,977 - INFO - TRAIN MODEL STAGE STARTING FOR SUBSET 8...
2024-08-05 13:27:57,978 - INFO - -----------------------------
2024-08-05 13:27:57,987 - INFO - Scaling features and applying LASSO for feature selection...
2024-08-05 13:27:59,832 - INFO - Selected features (including required): ['who', 'RaceEth', 'age', 'is_female', 'is_hispanic', 'unemployed', 'unstableliving', 'education', 'marital', 'UDS_Amphetamine_Count', 'UDS_Benzodiazepine_Count', 'UDS_Buprenorphine_Count', 'UDS_Cocaine_Count', 'UDS_Methadone_Count', 'UDS_Opioid_Count', 'UDS_Sedatives_Count', 'UDS_Thc_Count', 'pain', 'has_schizophrenia', 'has_major_dep', 'has_bipolar', 'has_anx_pan', 'has_brain_damage', 'has_epilepsy', 'has_opiates_dx', 'has_alcol_dx', 'has_amphetamines_dx', 'has_cannabis_dx', 'has_cocaine_dx', 'has_sedatives_dx', 'ftnd', 'XTRT', 'shared', 'rbsivheroin', 'TLFB_Alcohol_Count', 'TLFB_Amphetamine_Count', 'TLFB_Benzodiazepine_Count', 'TLFB_Buprenorphine_Count', 'TLFB_Cocaine_Count', 'TLFB_Heroin_Count', 'TLFB_Methadone_Count', 'TLFB_Opioid_Count', 'TLFB_THC_Count', 'TLFB_Other', 'Homosexual_Behavior', 'Non_monogamous_Relationships']
2024-08-05 13:27:59,838 - INFO - Fitting logistic regression model with the selected features...
2024-08-05 13:28:00,434 - INFO - Model training completed successfully.
2024-08-05 13:28:00,434 - INFO - Calculating the dynamic threshold based on the proportion of positive outcomes...
2024-08-05 13:28:00,435 - INFO - Ratio of 1s to 0s in the outcome variable: 0.81 : 0.19
2024-08-05 13:28:00,435 - INFO - Dynamic threshold set to: 0.808
2024-08-05 13:28:00,436 - INFO - Model trained and saved successfully for subset 8.
2024-08-05 13:28:00,437 - INFO - ---------------------------
2024-08-05 13:28:00,437 - INFO - TRAIN MODEL STAGE COMPLETED FOR SUBSET 8
2024-08-05 13:28:00,439 - INFO - ---------------------------
2024-08-05 13:28:00,440 - INFO - --------------------------------
2024-08-05 13:28:00,440 - INFO - EVALUATE MODEL STAGE STARTING FOR SUBSET 8...
2024-08-05 13:28:00,440 - INFO - --------------------------------
2024-08-05 13:28:00,457 - INFO - ROC AUC Score: 0.6630569306930695
2024-08-05 13:28:00,458 - INFO - Confusion Matrix: 
[[ 26  22]
 [ 69 133]]
2024-08-05 13:28:00,458 - INFO - Precision: 0.8580645161290322
2024-08-05 13:28:00,458 - INFO - Recall: 0.6584158415841584
2024-08-05 13:28:00,458 - INFO - Model evaluated successfully for subset 8.
2024-08-05 13:28:00,458 - INFO - ------------------------------
2024-08-05 13:28:00,458 - INFO - EVALUATE MODEL STAGE COMPLETED FOR SUBSET 8
2024-08-05 13:28:00,458 - INFO - ------------------------------
2024-08-05 13:28:00,459 - INFO - Subset 9 demographic makeup: 900 1, 50 3, 32 2, 18 4
2024-08-05 13:28:00,459 - INFO - Processing subset 9...
2024-08-05 13:28:00,459 - INFO - -----------------------------
2024-08-05 13:28:00,459 - INFO - TRAIN MODEL STAGE STARTING FOR SUBSET 9...
2024-08-05 13:28:00,459 - INFO - -----------------------------
2024-08-05 13:28:00,467 - INFO - Scaling features and applying LASSO for feature selection...
2024-08-05 13:28:02,260 - INFO - Selected features (including required): ['who', 'RaceEth', 'age', 'is_female', 'is_hispanic', 'unemployed', 'unstableliving', 'education', 'marital', 'UDS_Amphetamine_Count', 'UDS_Benzodiazepine_Count', 'UDS_Buprenorphine_Count', 'UDS_Cocaine_Count', 'UDS_Methadone_Count', 'UDS_Opioid_Count', 'UDS_Sedatives_Count', 'UDS_Thc_Count', 'pain', 'has_schizophrenia', 'has_major_dep', 'has_bipolar', 'has_anx_pan', 'has_brain_damage', 'has_epilepsy', 'has_opiates_dx', 'has_alcol_dx', 'has_amphetamines_dx', 'has_cannabis_dx', 'has_cocaine_dx', 'has_sedatives_dx', 'ftnd', 'XTRT', 'shared', 'rbsivheroin', 'TLFB_Alcohol_Count', 'TLFB_Amphetamine_Count', 'TLFB_Benzodiazepine_Count', 'TLFB_Buprenorphine_Count', 'TLFB_Cocaine_Count', 'TLFB_Heroin_Count', 'TLFB_Methadone_Count', 'TLFB_Opioid_Count', 'TLFB_THC_Count', 'TLFB_Other', 'Homosexual_Behavior', 'Non_monogamous_Relationships']
2024-08-05 13:28:02,265 - INFO - Fitting logistic regression model with the selected features...
2024-08-05 13:28:02,825 - INFO - Model training completed successfully.
2024-08-05 13:28:02,825 - INFO - Calculating the dynamic threshold based on the proportion of positive outcomes...
2024-08-05 13:28:02,826 - INFO - Ratio of 1s to 0s in the outcome variable: 0.82 : 0.18
2024-08-05 13:28:02,826 - INFO - Dynamic threshold set to: 0.816
2024-08-05 13:28:02,827 - INFO - Model trained and saved successfully for subset 9.
2024-08-05 13:28:02,828 - INFO - ---------------------------
2024-08-05 13:28:02,828 - INFO - TRAIN MODEL STAGE COMPLETED FOR SUBSET 9
2024-08-05 13:28:02,831 - INFO - ---------------------------
2024-08-05 13:28:02,832 - INFO - --------------------------------
2024-08-05 13:28:02,832 - INFO - EVALUATE MODEL STAGE STARTING FOR SUBSET 9...
2024-08-05 13:28:02,832 - INFO - --------------------------------
2024-08-05 13:28:02,861 - INFO - ROC AUC Score: 0.6824381926683717
2024-08-05 13:28:02,861 - INFO - Confusion Matrix: 
[[ 25  21]
 [ 63 141]]
2024-08-05 13:28:02,862 - INFO - Precision: 0.8703703703703703
2024-08-05 13:28:02,862 - INFO - Recall: 0.6911764705882353
2024-08-05 13:28:02,862 - INFO - Model evaluated successfully for subset 9.
2024-08-05 13:28:02,863 - INFO - ------------------------------
2024-08-05 13:28:02,864 - INFO - EVALUATE MODEL STAGE COMPLETED FOR SUBSET 9
2024-08-05 13:28:02,866 - INFO - ------------------------------
2024-08-05 13:28:02,868 - INFO - Subset 10 demographic makeup: 950 1, 25 3, 16 2, 9 4
2024-08-05 13:28:02,869 - INFO - Processing subset 10...
2024-08-05 13:28:02,869 - INFO - -----------------------------
2024-08-05 13:28:02,869 - INFO - TRAIN MODEL STAGE STARTING FOR SUBSET 10...
2024-08-05 13:28:02,870 - INFO - -----------------------------
2024-08-05 13:28:02,883 - INFO - Scaling features and applying LASSO for feature selection...
2024-08-05 13:28:04,654 - INFO - Selected features (including required): ['who', 'RaceEth', 'age', 'is_female', 'is_hispanic', 'unemployed', 'unstableliving', 'education', 'marital', 'UDS_Amphetamine_Count', 'UDS_Benzodiazepine_Count', 'UDS_Buprenorphine_Count', 'UDS_Cocaine_Count', 'UDS_Methadone_Count', 'UDS_Opioid_Count', 'UDS_Sedatives_Count', 'UDS_Thc_Count', 'pain', 'has_schizophrenia', 'has_major_dep', 'has_bipolar', 'has_anx_pan', 'has_brain_damage', 'has_epilepsy', 'has_opiates_dx', 'has_alcol_dx', 'has_amphetamines_dx', 'has_cannabis_dx', 'has_cocaine_dx', 'has_sedatives_dx', 'ftnd', 'XTRT', 'shared', 'rbsivheroin', 'TLFB_Alcohol_Count', 'TLFB_Amphetamine_Count', 'TLFB_Benzodiazepine_Count', 'TLFB_Buprenorphine_Count', 'TLFB_Cocaine_Count', 'TLFB_Heroin_Count', 'TLFB_Methadone_Count', 'TLFB_Opioid_Count', 'TLFB_THC_Count', 'TLFB_Other', 'Homosexual_Behavior', 'Non_monogamous_Relationships']
2024-08-05 13:28:04,659 - INFO - Fitting logistic regression model with the selected features...
2024-08-05 13:28:04,912 - INFO - Model training completed successfully.
2024-08-05 13:28:04,913 - INFO - Calculating the dynamic threshold based on the proportion of positive outcomes...
2024-08-05 13:28:04,914 - INFO - Ratio of 1s to 0s in the outcome variable: 0.81 : 0.19
2024-08-05 13:28:04,914 - INFO - Dynamic threshold set to: 0.812
2024-08-05 13:28:04,914 - INFO - Model trained and saved successfully for subset 10.
2024-08-05 13:28:04,915 - INFO - ---------------------------
2024-08-05 13:28:04,916 - INFO - TRAIN MODEL STAGE COMPLETED FOR SUBSET 10
2024-08-05 13:28:04,917 - INFO - ---------------------------
2024-08-05 13:28:04,918 - INFO - --------------------------------
2024-08-05 13:28:04,919 - INFO - EVALUATE MODEL STAGE STARTING FOR SUBSET 10...
2024-08-05 13:28:04,920 - INFO - --------------------------------
2024-08-05 13:28:04,945 - INFO - ROC AUC Score: 0.6886070642490304
2024-08-05 13:28:04,945 - INFO - Confusion Matrix: 
[[ 27  20]
 [ 79 124]]
2024-08-05 13:28:04,948 - INFO - Precision: 0.8611111111111112
2024-08-05 13:28:04,949 - INFO - Recall: 0.6108374384236454
2024-08-05 13:28:04,951 - INFO - Model evaluated successfully for subset 10.
2024-08-05 13:28:04,952 - INFO - ------------------------------
2024-08-05 13:28:04,953 - INFO - EVALUATE MODEL STAGE COMPLETED FOR SUBSET 10
2024-08-05 13:28:04,955 - INFO - ------------------------------
2024-08-05 13:28:04,957 - INFO - Subset 11 demographic makeup: 1000 1
2024-08-05 13:28:04,957 - INFO - Processing subset 11...
2024-08-05 13:28:04,958 - INFO - -----------------------------
2024-08-05 13:28:04,958 - INFO - TRAIN MODEL STAGE STARTING FOR SUBSET 11...
2024-08-05 13:28:04,959 - INFO - -----------------------------
2024-08-05 13:28:04,969 - INFO - Scaling features and applying LASSO for feature selection...
2024-08-05 13:28:06,945 - INFO - Selected features (including required): ['who', 'age', 'is_female', 'unemployed', 'unstableliving', 'education', 'marital', 'UDS_Amphetamine_Count', 'UDS_Benzodiazepine_Count', 'UDS_Buprenorphine_Count', 'UDS_Cocaine_Count', 'UDS_Methadone_Count', 'UDS_Opioid_Count', 'UDS_Sedatives_Count', 'UDS_Thc_Count', 'pain', 'has_schizophrenia', 'has_major_dep', 'has_bipolar', 'has_anx_pan', 'has_brain_damage', 'has_epilepsy', 'has_opiates_dx', 'has_alcol_dx', 'has_amphetamines_dx', 'has_cannabis_dx', 'has_cocaine_dx', 'has_sedatives_dx', 'ftnd', 'XTRT', 'shared', 'rbsivheroin', 'TLFB_Alcohol_Count', 'TLFB_Amphetamine_Count', 'TLFB_Benzodiazepine_Count', 'TLFB_Buprenorphine_Count', 'TLFB_Cocaine_Count', 'TLFB_Heroin_Count', 'TLFB_Methadone_Count', 'TLFB_Opioid_Count', 'TLFB_THC_Count', 'TLFB_Other', 'Homosexual_Behavior', 'Non_monogamous_Relationships']
2024-08-05 13:28:06,950 - INFO - Fitting logistic regression model with the selected features...
2024-08-05 13:28:07,342 - INFO - Model training completed successfully.
2024-08-05 13:28:07,342 - INFO - Calculating the dynamic threshold based on the proportion of positive outcomes...
2024-08-05 13:28:07,343 - INFO - Ratio of 1s to 0s in the outcome variable: 0.82 : 0.18
2024-08-05 13:28:07,343 - INFO - Dynamic threshold set to: 0.824
2024-08-05 13:28:07,343 - INFO - Model trained and saved successfully for subset 11.
2024-08-05 13:28:07,343 - INFO - ---------------------------
2024-08-05 13:28:07,343 - INFO - TRAIN MODEL STAGE COMPLETED FOR SUBSET 11
2024-08-05 13:28:07,343 - INFO - ---------------------------
2024-08-05 13:28:07,343 - INFO - --------------------------------
2024-08-05 13:28:07,343 - INFO - EVALUATE MODEL STAGE STARTING FOR SUBSET 11...
2024-08-05 13:28:07,343 - INFO - --------------------------------
2024-08-05 13:28:07,354 - INFO - ROC AUC Score: 0.7366504854368932
2024-08-05 13:28:07,355 - INFO - Confusion Matrix: 
[[ 34  10]
 [ 69 137]]
2024-08-05 13:28:07,355 - INFO - Precision: 0.9319727891156463
2024-08-05 13:28:07,355 - INFO - Recall: 0.6650485436893204
2024-08-05 13:28:07,355 - INFO - Model evaluated successfully for subset 11.
2024-08-05 13:28:07,355 - INFO - ------------------------------
2024-08-05 13:28:07,355 - INFO - EVALUATE MODEL STAGE COMPLETED FOR SUBSET 11
2024-08-05 13:28:07,355 - INFO - ------------------------------
2024-08-05 13:28:07,355 - INFO - ------------------
2024-08-05 13:28:07,355 - INFO - PIPELINE COMPLETED
2024-08-05 13:28:07,355 - INFO - ------------------
