2024-08-27 14:12:03,682 - INFO - Global Seed set to: 42
2024-08-27 14:12:03,682 - INFO - Outcome Name: Rd_kostenB_1993
2024-08-27 14:12:03,720 - INFO - Datasets loaded successfully.
2024-08-27 14:12:03,726 - INFO - Starting preprocessing of the merged dataset...
2024-08-27 14:12:03,726 - INFO - ---------------------------------
2024-08-27 14:12:03,726 - INFO - PRE-PROCESSING STAGE STARTING...
2024-08-27 14:12:03,726 - INFO - ---------------------------------
2024-08-27 14:12:03,816 - INFO - Dropped initial columns: ['pain_when', 'is_smoker', 'per_day', 'max', 'amount', 'depression', 'anxiety', 'schizophrenia', 'max', 'amount', 'cocaine_inject_days', 'speedball_inject_days', 'opioid_inject_days', 'speed_inject_days', 'UDS_Alcohol_Count', 'UDS_Mdma/Hallucinogen_Count']
2024-08-27 14:12:03,858 - INFO - Converted Yes/No to binary.
2024-08-27 14:12:03,867 - INFO - Processed TLFB columns with specified columns: ['TLFB_Alcohol_Count', 'TLFB_Amphetamine_Count', 'TLFB_Cocaine_Count', 'TLFB_Heroin_Count', 'TLFB_Benzodiazepine_Count', 'TLFB_Opioid_Count', 'TLFB_THC_Count', 'TLFB_Methadone_Count', 'TLFB_Buprenorphine_Count']
2024-08-27 14:12:03,869 - INFO - Calculated behavioral columns.
2024-08-27 14:12:03,876 - INFO - Moved 'Rd_kostenB_1993' column to the end.
2024-08-27 14:12:03,970 - INFO - Dropped initial columns: ['msm_npt', 'msm_frq', 'txx_prt']
2024-08-27 14:12:03,987 - INFO - transform_data_with_nan_handling success
2024-08-27 14:12:03,988 - INFO - Renamed columns according to the mapping.
2024-08-27 14:12:04,010 - INFO - Transformed NaN to 0 for binary columns.
2024-08-27 14:12:04,011 - INFO - Transformed and renamed 'heroin_inject_days' column to 'rbsivheroin'.
2024-08-27 14:12:04,013 - INFO - Filled NaN with 0 for 'ftnd' column.
2024-08-27 14:12:04,087 - INFO - Dropped additional columns: ['rbs_iv_days', 'race', 'RBS_cocaine_Days', 'RBS_heroin_Days', 'RBS_opioid_Days', 'RBS_speed_Days', 'RBS_speedball_Days']
2024-08-27 14:12:04,100 - INFO - Converted UDS drug counts to binary.
2024-08-27 14:12:04,159 - INFO - ------------------------------
2024-08-27 14:12:04,159 - INFO - PRE-PROCESSING STAGE COMPLETED
2024-08-27 14:12:04,159 - INFO - ------------------------------
2024-08-27 14:12:04,159 - INFO - Merged dataset preprocessed successfully.
2024-08-27 14:12:04,159 - INFO - Creating demographic subsets from preprocessed data...
2024-08-27 14:12:04,434 - INFO - Created 11 subsets successfully.
2024-08-27 14:12:04,434 - INFO - Creating merged subsets from create_demographics_dfs function
2024-08-27 14:12:04,643 - INFO - Created 11 merged subsets successfully.
2024-08-27 14:12:04,644 - INFO - Subset 1 demographic makeup: 500 1, 248 3, 150 2, 102 4
2024-08-27 14:12:04,644 - INFO - Processing subset 1...
2024-08-27 14:12:04,644 - INFO - -----------------------------
2024-08-27 14:12:04,647 - INFO - TRAIN MODEL STAGE STARTING FOR SUBSET 1...
2024-08-27 14:12:04,648 - INFO - -----------------------------
2024-08-27 14:12:04,656 - INFO - Scaling features and applying LASSO for feature selection...
2024-08-27 14:12:04,887 - INFO - Selected features (including required): ['who', 'RaceEth', 'age', 'is_female', 'is_hispanic', 'unemployed', 'unstableliving', 'education', 'marital', 'UDS_Amphetamine_Count', 'UDS_Benzodiazepine_Count', 'UDS_Buprenorphine_Count', 'UDS_Cocaine_Count', 'UDS_Methadone_Count', 'UDS_Opioid_Count', 'UDS_Sedatives_Count', 'UDS_Thc_Count', 'pain', 'has_schizophrenia', 'has_major_dep', 'has_bipolar', 'has_anx_pan', 'has_brain_damage', 'has_epilepsy', 'has_alcol_dx', 'has_amphetamines_dx', 'has_cannabis_dx', 'has_cocaine_dx', 'has_sedatives_dx', 'ftnd', 'XTRT', 'shared', 'rbsivheroin', 'TLFB_Alcohol_Count', 'TLFB_Amphetamine_Count', 'TLFB_Benzodiazepine_Count', 'TLFB_Buprenorphine_Count', 'TLFB_Cocaine_Count', 'TLFB_Heroin_Count', 'TLFB_Methadone_Count', 'TLFB_Opioid_Count', 'TLFB_THC_Count', 'TLFB_Other', 'Homosexual_Behavior', 'Non_monogamous_Relationships']
2024-08-27 14:12:04,892 - INFO - Fitting logistic regression model with the selected features...
2024-08-27 14:12:05,861 - INFO - Model training completed successfully.
2024-08-27 14:12:05,861 - INFO - Calculating the dynamic threshold based on the proportion of positive outcomes...
2024-08-27 14:12:05,863 - INFO - Ratio of 1s to 0s in the outcome variable: 0.59 : 0.41
2024-08-27 14:12:05,869 - INFO - Dynamic threshold set to: 0.588
2024-08-27 14:12:05,869 - INFO - Model trained and saved successfully for subset 1.
2024-08-27 14:12:05,870 - INFO - ---------------------------
2024-08-27 14:12:05,870 - INFO - TRAIN MODEL STAGE COMPLETED FOR SUBSET 1
2024-08-27 14:12:05,870 - INFO - ---------------------------
2024-08-27 14:12:05,871 - INFO - --------------------------------
2024-08-27 14:12:05,872 - INFO - EVALUATE MODEL STAGE STARTING FOR SUBSET 1...
2024-08-27 14:12:05,872 - INFO - --------------------------------
2024-08-27 14:12:05,891 - INFO - ROC AUC Score: 0.6867446007529225
2024-08-27 14:12:05,892 - INFO - Confusion Matrix: 
[[79 24]
 [74 73]]
2024-08-27 14:12:05,894 - INFO - Precision: 0.7525773195876289
2024-08-27 14:12:05,896 - INFO - Recall: 0.4965986394557823
2024-08-27 14:12:05,896 - INFO - Model evaluated successfully for subset 1.
2024-08-27 14:12:05,897 - INFO - ------------------------------
2024-08-27 14:12:05,899 - INFO - EVALUATE MODEL STAGE COMPLETED FOR SUBSET 1
2024-08-27 14:12:05,900 - INFO - ------------------------------
2024-08-27 14:12:05,901 - INFO - Subset 2 demographic makeup: 550 1, 222 3, 133 2, 95 4
2024-08-27 14:12:05,902 - INFO - Processing subset 2...
2024-08-27 14:12:05,904 - INFO - -----------------------------
2024-08-27 14:12:05,904 - INFO - TRAIN MODEL STAGE STARTING FOR SUBSET 2...
2024-08-27 14:12:05,905 - INFO - -----------------------------
2024-08-27 14:12:05,911 - INFO - Scaling features and applying LASSO for feature selection...
2024-08-27 14:12:06,429 - INFO - Selected features (including required): ['who', 'RaceEth', 'age', 'is_female', 'is_hispanic', 'unemployed', 'unstableliving', 'education', 'marital', 'UDS_Amphetamine_Count', 'UDS_Benzodiazepine_Count', 'UDS_Buprenorphine_Count', 'UDS_Cocaine_Count', 'UDS_Methadone_Count', 'UDS_Opioid_Count', 'UDS_Sedatives_Count', 'UDS_Thc_Count', 'pain', 'has_schizophrenia', 'has_major_dep', 'has_bipolar', 'has_anx_pan', 'has_brain_damage', 'has_epilepsy', 'has_alcol_dx', 'has_amphetamines_dx', 'has_cannabis_dx', 'has_cocaine_dx', 'has_sedatives_dx', 'ftnd', 'XTRT', 'shared', 'rbsivheroin', 'TLFB_Alcohol_Count', 'TLFB_Amphetamine_Count', 'TLFB_Benzodiazepine_Count', 'TLFB_Buprenorphine_Count', 'TLFB_Cocaine_Count', 'TLFB_Heroin_Count', 'TLFB_Methadone_Count', 'TLFB_Opioid_Count', 'TLFB_THC_Count', 'TLFB_Other', 'Homosexual_Behavior', 'Non_monogamous_Relationships']
2024-08-27 14:12:06,440 - INFO - Fitting logistic regression model with the selected features...
2024-08-27 14:12:07,008 - INFO - Model training completed successfully.
2024-08-27 14:12:07,009 - INFO - Calculating the dynamic threshold based on the proportion of positive outcomes...
2024-08-27 14:12:07,009 - INFO - Ratio of 1s to 0s in the outcome variable: 0.53 : 0.47
2024-08-27 14:12:07,009 - INFO - Dynamic threshold set to: 0.532
2024-08-27 14:12:07,009 - INFO - Model trained and saved successfully for subset 2.
2024-08-27 14:12:07,009 - INFO - ---------------------------
2024-08-27 14:12:07,009 - INFO - TRAIN MODEL STAGE COMPLETED FOR SUBSET 2
2024-08-27 14:12:07,009 - INFO - ---------------------------
2024-08-27 14:12:07,009 - INFO - --------------------------------
2024-08-27 14:12:07,009 - INFO - EVALUATE MODEL STAGE STARTING FOR SUBSET 2...
2024-08-27 14:12:07,010 - INFO - --------------------------------
2024-08-27 14:12:07,029 - INFO - ROC AUC Score: 0.644367328577855
2024-08-27 14:12:07,029 - INFO - Confusion Matrix: 
[[71 46]
 [47 86]]
2024-08-27 14:12:07,029 - INFO - Precision: 0.6515151515151515
2024-08-27 14:12:07,029 - INFO - Recall: 0.6466165413533834
2024-08-27 14:12:07,029 - INFO - Model evaluated successfully for subset 2.
2024-08-27 14:12:07,029 - INFO - ------------------------------
2024-08-27 14:12:07,030 - INFO - EVALUATE MODEL STAGE COMPLETED FOR SUBSET 2
2024-08-27 14:12:07,030 - INFO - ------------------------------
2024-08-27 14:12:07,030 - INFO - Subset 3 demographic makeup: 600 1, 199 3, 117 2, 84 4
2024-08-27 14:12:07,031 - INFO - Processing subset 3...
2024-08-27 14:12:07,031 - INFO - -----------------------------
2024-08-27 14:12:07,031 - INFO - TRAIN MODEL STAGE STARTING FOR SUBSET 3...
2024-08-27 14:12:07,031 - INFO - -----------------------------
2024-08-27 14:12:07,040 - INFO - Scaling features and applying LASSO for feature selection...
2024-08-27 14:12:07,288 - INFO - Selected features (including required): ['who', 'RaceEth', 'age', 'is_female', 'is_hispanic', 'unemployed', 'unstableliving', 'education', 'marital', 'UDS_Amphetamine_Count', 'UDS_Benzodiazepine_Count', 'UDS_Buprenorphine_Count', 'UDS_Cocaine_Count', 'UDS_Methadone_Count', 'UDS_Opioid_Count', 'UDS_Sedatives_Count', 'UDS_Thc_Count', 'pain', 'has_schizophrenia', 'has_major_dep', 'has_bipolar', 'has_anx_pan', 'has_brain_damage', 'has_epilepsy', 'has_alcol_dx', 'has_amphetamines_dx', 'has_cannabis_dx', 'has_cocaine_dx', 'has_sedatives_dx', 'ftnd', 'XTRT', 'shared', 'rbsivheroin', 'TLFB_Alcohol_Count', 'TLFB_Amphetamine_Count', 'TLFB_Benzodiazepine_Count', 'TLFB_Buprenorphine_Count', 'TLFB_Cocaine_Count', 'TLFB_Heroin_Count', 'TLFB_Methadone_Count', 'TLFB_Opioid_Count', 'TLFB_THC_Count', 'TLFB_Other', 'Homosexual_Behavior', 'Non_monogamous_Relationships']
2024-08-27 14:12:07,293 - INFO - Fitting logistic regression model with the selected features...
2024-08-27 14:12:07,815 - INFO - Model training completed successfully.
2024-08-27 14:12:07,816 - INFO - Calculating the dynamic threshold based on the proportion of positive outcomes...
2024-08-27 14:12:07,816 - INFO - Ratio of 1s to 0s in the outcome variable: 0.54 : 0.46
2024-08-27 14:12:07,816 - INFO - Dynamic threshold set to: 0.544
2024-08-27 14:12:07,816 - INFO - Model trained and saved successfully for subset 3.
2024-08-27 14:12:07,816 - INFO - ---------------------------
2024-08-27 14:12:07,816 - INFO - TRAIN MODEL STAGE COMPLETED FOR SUBSET 3
2024-08-27 14:12:07,816 - INFO - ---------------------------
2024-08-27 14:12:07,816 - INFO - --------------------------------
2024-08-27 14:12:07,817 - INFO - EVALUATE MODEL STAGE STARTING FOR SUBSET 3...
2024-08-27 14:12:07,817 - INFO - --------------------------------
2024-08-27 14:12:07,829 - INFO - ROC AUC Score: 0.7028508771929826
2024-08-27 14:12:07,829 - INFO - Confusion Matrix: 
[[88 26]
 [61 75]]
2024-08-27 14:12:07,829 - INFO - Precision: 0.7425742574257426
2024-08-27 14:12:07,830 - INFO - Recall: 0.5514705882352942
2024-08-27 14:12:07,830 - INFO - Model evaluated successfully for subset 3.
2024-08-27 14:12:07,830 - INFO - ------------------------------
2024-08-27 14:12:07,830 - INFO - EVALUATE MODEL STAGE COMPLETED FOR SUBSET 3
2024-08-27 14:12:07,830 - INFO - ------------------------------
2024-08-27 14:12:07,831 - INFO - Subset 4 demographic makeup: 650 1, 174 3, 102 2, 74 4
2024-08-27 14:12:07,831 - INFO - Processing subset 4...
2024-08-27 14:12:07,831 - INFO - -----------------------------
2024-08-27 14:12:07,831 - INFO - TRAIN MODEL STAGE STARTING FOR SUBSET 4...
2024-08-27 14:12:07,831 - INFO - -----------------------------
2024-08-27 14:12:07,841 - INFO - Scaling features and applying LASSO for feature selection...
2024-08-27 14:12:08,101 - INFO - Selected features (including required): ['who', 'RaceEth', 'age', 'is_female', 'is_hispanic', 'unemployed', 'unstableliving', 'education', 'marital', 'UDS_Amphetamine_Count', 'UDS_Benzodiazepine_Count', 'UDS_Buprenorphine_Count', 'UDS_Cocaine_Count', 'UDS_Methadone_Count', 'UDS_Opioid_Count', 'UDS_Sedatives_Count', 'UDS_Thc_Count', 'pain', 'has_schizophrenia', 'has_major_dep', 'has_bipolar', 'has_anx_pan', 'has_brain_damage', 'has_epilepsy', 'has_alcol_dx', 'has_amphetamines_dx', 'has_cannabis_dx', 'has_cocaine_dx', 'has_sedatives_dx', 'ftnd', 'XTRT', 'shared', 'rbsivheroin', 'TLFB_Alcohol_Count', 'TLFB_Amphetamine_Count', 'TLFB_Benzodiazepine_Count', 'TLFB_Buprenorphine_Count', 'TLFB_Cocaine_Count', 'TLFB_Heroin_Count', 'TLFB_Methadone_Count', 'TLFB_Opioid_Count', 'TLFB_THC_Count', 'TLFB_Other', 'Homosexual_Behavior', 'Non_monogamous_Relationships']
2024-08-27 14:12:08,109 - INFO - Fitting logistic regression model with the selected features...
2024-08-27 14:12:09,088 - INFO - Model training completed successfully.
2024-08-27 14:12:09,090 - INFO - Calculating the dynamic threshold based on the proportion of positive outcomes...
2024-08-27 14:12:09,090 - INFO - Ratio of 1s to 0s in the outcome variable: 0.50 : 0.50
2024-08-27 14:12:09,090 - INFO - Dynamic threshold set to: 0.496
2024-08-27 14:12:09,090 - INFO - Model trained and saved successfully for subset 4.
2024-08-27 14:12:09,090 - INFO - ---------------------------
2024-08-27 14:12:09,090 - INFO - TRAIN MODEL STAGE COMPLETED FOR SUBSET 4
2024-08-27 14:12:09,091 - INFO - ---------------------------
2024-08-27 14:12:09,091 - INFO - --------------------------------
2024-08-27 14:12:09,091 - INFO - EVALUATE MODEL STAGE STARTING FOR SUBSET 4...
2024-08-27 14:12:09,091 - INFO - --------------------------------
2024-08-27 14:12:09,103 - INFO - ROC AUC Score: 0.6571940604198669
2024-08-27 14:12:09,103 - INFO - Confusion Matrix: 
[[66 60]
 [39 85]]
2024-08-27 14:12:09,103 - INFO - Precision: 0.5862068965517241
2024-08-27 14:12:09,103 - INFO - Recall: 0.6854838709677419
2024-08-27 14:12:09,103 - INFO - Model evaluated successfully for subset 4.
2024-08-27 14:12:09,103 - INFO - ------------------------------
2024-08-27 14:12:09,103 - INFO - EVALUATE MODEL STAGE COMPLETED FOR SUBSET 4
2024-08-27 14:12:09,103 - INFO - ------------------------------
2024-08-27 14:12:09,104 - INFO - Subset 5 demographic makeup: 700 1, 148 3, 86 2, 66 4
2024-08-27 14:12:09,104 - INFO - Processing subset 5...
2024-08-27 14:12:09,104 - INFO - -----------------------------
2024-08-27 14:12:09,104 - INFO - TRAIN MODEL STAGE STARTING FOR SUBSET 5...
2024-08-27 14:12:09,104 - INFO - -----------------------------
2024-08-27 14:12:09,110 - INFO - Scaling features and applying LASSO for feature selection...
2024-08-27 14:12:09,949 - INFO - Selected features (including required): ['who', 'RaceEth', 'age', 'is_female', 'is_hispanic', 'unemployed', 'unstableliving', 'education', 'marital', 'UDS_Amphetamine_Count', 'UDS_Benzodiazepine_Count', 'UDS_Buprenorphine_Count', 'UDS_Cocaine_Count', 'UDS_Methadone_Count', 'UDS_Opioid_Count', 'UDS_Sedatives_Count', 'UDS_Thc_Count', 'pain', 'has_schizophrenia', 'has_major_dep', 'has_bipolar', 'has_anx_pan', 'has_brain_damage', 'has_epilepsy', 'has_alcol_dx', 'has_amphetamines_dx', 'has_cannabis_dx', 'has_cocaine_dx', 'has_sedatives_dx', 'ftnd', 'XTRT', 'shared', 'rbsivheroin', 'TLFB_Alcohol_Count', 'TLFB_Amphetamine_Count', 'TLFB_Benzodiazepine_Count', 'TLFB_Buprenorphine_Count', 'TLFB_Cocaine_Count', 'TLFB_Heroin_Count', 'TLFB_Methadone_Count', 'TLFB_Opioid_Count', 'TLFB_THC_Count', 'TLFB_Other', 'Homosexual_Behavior', 'Non_monogamous_Relationships']
2024-08-27 14:12:09,958 - INFO - Fitting logistic regression model with the selected features...
2024-08-27 14:12:11,535 - INFO - Model training completed successfully.
2024-08-27 14:12:11,536 - INFO - Calculating the dynamic threshold based on the proportion of positive outcomes...
2024-08-27 14:12:11,537 - INFO - Ratio of 1s to 0s in the outcome variable: 0.50 : 0.50
2024-08-27 14:12:11,537 - INFO - Dynamic threshold set to: 0.504
2024-08-27 14:12:11,538 - INFO - Model trained and saved successfully for subset 5.
2024-08-27 14:12:11,538 - INFO - ---------------------------
2024-08-27 14:12:11,540 - INFO - TRAIN MODEL STAGE COMPLETED FOR SUBSET 5
2024-08-27 14:12:11,542 - INFO - ---------------------------
2024-08-27 14:12:11,543 - INFO - --------------------------------
2024-08-27 14:12:11,543 - INFO - EVALUATE MODEL STAGE STARTING FOR SUBSET 5...
2024-08-27 14:12:11,543 - INFO - --------------------------------
2024-08-27 14:12:11,561 - INFO - ROC AUC Score: 0.6385048643113159
2024-08-27 14:12:11,561 - INFO - Confusion Matrix: 
[[70 54]
 [47 79]]
2024-08-27 14:12:11,562 - INFO - Precision: 0.5939849624060151
2024-08-27 14:12:11,563 - INFO - Recall: 0.626984126984127
2024-08-27 14:12:11,563 - INFO - Model evaluated successfully for subset 5.
2024-08-27 14:12:11,564 - INFO - ------------------------------
2024-08-27 14:12:11,564 - INFO - EVALUATE MODEL STAGE COMPLETED FOR SUBSET 5
2024-08-27 14:12:11,565 - INFO - ------------------------------
2024-08-27 14:12:11,567 - INFO - Subset 6 demographic makeup: 750 1, 122 3, 72 2, 56 4
2024-08-27 14:12:11,567 - INFO - Processing subset 6...
2024-08-27 14:12:11,568 - INFO - -----------------------------
2024-08-27 14:12:11,568 - INFO - TRAIN MODEL STAGE STARTING FOR SUBSET 6...
2024-08-27 14:12:11,568 - INFO - -----------------------------
2024-08-27 14:12:11,577 - INFO - Scaling features and applying LASSO for feature selection...
2024-08-27 14:12:11,877 - INFO - Selected features (including required): ['who', 'RaceEth', 'age', 'is_female', 'is_hispanic', 'unemployed', 'unstableliving', 'education', 'marital', 'UDS_Amphetamine_Count', 'UDS_Benzodiazepine_Count', 'UDS_Buprenorphine_Count', 'UDS_Cocaine_Count', 'UDS_Methadone_Count', 'UDS_Opioid_Count', 'UDS_Sedatives_Count', 'UDS_Thc_Count', 'pain', 'has_schizophrenia', 'has_major_dep', 'has_bipolar', 'has_anx_pan', 'has_brain_damage', 'has_epilepsy', 'has_alcol_dx', 'has_amphetamines_dx', 'has_cannabis_dx', 'has_cocaine_dx', 'has_sedatives_dx', 'ftnd', 'XTRT', 'shared', 'rbsivheroin', 'TLFB_Alcohol_Count', 'TLFB_Amphetamine_Count', 'TLFB_Benzodiazepine_Count', 'TLFB_Buprenorphine_Count', 'TLFB_Cocaine_Count', 'TLFB_Heroin_Count', 'TLFB_Methadone_Count', 'TLFB_Opioid_Count', 'TLFB_THC_Count', 'TLFB_Other', 'Homosexual_Behavior', 'Non_monogamous_Relationships']
2024-08-27 14:12:11,882 - INFO - Fitting logistic regression model with the selected features...
2024-08-27 14:12:12,463 - INFO - Model training completed successfully.
2024-08-27 14:12:12,464 - INFO - Calculating the dynamic threshold based on the proportion of positive outcomes...
2024-08-27 14:12:12,464 - INFO - Ratio of 1s to 0s in the outcome variable: 0.51 : 0.49
2024-08-27 14:12:12,464 - INFO - Dynamic threshold set to: 0.512
2024-08-27 14:12:12,464 - INFO - Model trained and saved successfully for subset 6.
2024-08-27 14:12:12,464 - INFO - ---------------------------
2024-08-27 14:12:12,464 - INFO - TRAIN MODEL STAGE COMPLETED FOR SUBSET 6
2024-08-27 14:12:12,464 - INFO - ---------------------------
2024-08-27 14:12:12,464 - INFO - --------------------------------
2024-08-27 14:12:12,464 - INFO - EVALUATE MODEL STAGE STARTING FOR SUBSET 6...
2024-08-27 14:12:12,465 - INFO - --------------------------------
2024-08-27 14:12:12,476 - INFO - ROC AUC Score: 0.7013319672131146
2024-08-27 14:12:12,477 - INFO - Confusion Matrix: 
[[80 42]
 [42 86]]
2024-08-27 14:12:12,477 - INFO - Precision: 0.671875
2024-08-27 14:12:12,477 - INFO - Recall: 0.671875
2024-08-27 14:12:12,477 - INFO - Model evaluated successfully for subset 6.
2024-08-27 14:12:12,477 - INFO - ------------------------------
2024-08-27 14:12:12,477 - INFO - EVALUATE MODEL STAGE COMPLETED FOR SUBSET 6
2024-08-27 14:12:12,477 - INFO - ------------------------------
2024-08-27 14:12:12,478 - INFO - Subset 7 demographic makeup: 800 1, 96 3, 59 2, 45 4
2024-08-27 14:12:12,478 - INFO - Processing subset 7...
2024-08-27 14:12:12,478 - INFO - -----------------------------
2024-08-27 14:12:12,478 - INFO - TRAIN MODEL STAGE STARTING FOR SUBSET 7...
2024-08-27 14:12:12,478 - INFO - -----------------------------
2024-08-27 14:12:12,487 - INFO - Scaling features and applying LASSO for feature selection...
2024-08-27 14:12:13,961 - INFO - Selected features (including required): ['who', 'RaceEth', 'age', 'is_female', 'is_hispanic', 'unemployed', 'unstableliving', 'education', 'marital', 'UDS_Amphetamine_Count', 'UDS_Benzodiazepine_Count', 'UDS_Buprenorphine_Count', 'UDS_Cocaine_Count', 'UDS_Methadone_Count', 'UDS_Opioid_Count', 'UDS_Sedatives_Count', 'UDS_Thc_Count', 'pain', 'has_schizophrenia', 'has_major_dep', 'has_bipolar', 'has_anx_pan', 'has_brain_damage', 'has_epilepsy', 'has_alcol_dx', 'has_amphetamines_dx', 'has_cannabis_dx', 'has_cocaine_dx', 'has_sedatives_dx', 'ftnd', 'XTRT', 'shared', 'rbsivheroin', 'TLFB_Alcohol_Count', 'TLFB_Amphetamine_Count', 'TLFB_Benzodiazepine_Count', 'TLFB_Buprenorphine_Count', 'TLFB_Cocaine_Count', 'TLFB_Heroin_Count', 'TLFB_Methadone_Count', 'TLFB_Opioid_Count', 'TLFB_THC_Count', 'TLFB_Other', 'Homosexual_Behavior', 'Non_monogamous_Relationships']
2024-08-27 14:12:13,966 - INFO - Fitting logistic regression model with the selected features...
2024-08-27 14:12:14,860 - INFO - Model training completed successfully.
2024-08-27 14:12:14,860 - INFO - Calculating the dynamic threshold based on the proportion of positive outcomes...
2024-08-27 14:12:14,861 - INFO - Ratio of 1s to 0s in the outcome variable: 0.52 : 0.48
2024-08-27 14:12:14,861 - INFO - Dynamic threshold set to: 0.516
2024-08-27 14:12:14,862 - INFO - Model trained and saved successfully for subset 7.
2024-08-27 14:12:14,863 - INFO - ---------------------------
2024-08-27 14:12:14,865 - INFO - TRAIN MODEL STAGE COMPLETED FOR SUBSET 7
2024-08-27 14:12:14,866 - INFO - ---------------------------
2024-08-27 14:12:14,866 - INFO - --------------------------------
2024-08-27 14:12:14,867 - INFO - EVALUATE MODEL STAGE STARTING FOR SUBSET 7...
2024-08-27 14:12:14,867 - INFO - --------------------------------
2024-08-27 14:12:14,900 - INFO - ROC AUC Score: 0.645140623998975
2024-08-27 14:12:14,900 - INFO - Confusion Matrix: 
[[77 44]
 [51 78]]
2024-08-27 14:12:14,901 - INFO - Precision: 0.639344262295082
2024-08-27 14:12:14,901 - INFO - Recall: 0.6046511627906976
2024-08-27 14:12:14,902 - INFO - Model evaluated successfully for subset 7.
2024-08-27 14:12:14,902 - INFO - ------------------------------
2024-08-27 14:12:14,903 - INFO - EVALUATE MODEL STAGE COMPLETED FOR SUBSET 7
2024-08-27 14:12:14,905 - INFO - ------------------------------
2024-08-27 14:12:14,907 - INFO - Subset 8 demographic makeup: 850 1, 69 3, 44 2, 37 4
2024-08-27 14:12:14,908 - INFO - Processing subset 8...
2024-08-27 14:12:14,909 - INFO - -----------------------------
2024-08-27 14:12:14,910 - INFO - TRAIN MODEL STAGE STARTING FOR SUBSET 8...
2024-08-27 14:12:14,910 - INFO - -----------------------------
2024-08-27 14:12:14,918 - INFO - Scaling features and applying LASSO for feature selection...
2024-08-27 14:12:15,899 - INFO - Selected features (including required): ['who', 'RaceEth', 'age', 'is_female', 'is_hispanic', 'unemployed', 'unstableliving', 'education', 'marital', 'UDS_Amphetamine_Count', 'UDS_Benzodiazepine_Count', 'UDS_Buprenorphine_Count', 'UDS_Cocaine_Count', 'UDS_Methadone_Count', 'UDS_Opioid_Count', 'UDS_Sedatives_Count', 'UDS_Thc_Count', 'pain', 'has_schizophrenia', 'has_major_dep', 'has_bipolar', 'has_anx_pan', 'has_brain_damage', 'has_epilepsy', 'has_alcol_dx', 'has_amphetamines_dx', 'has_cannabis_dx', 'has_cocaine_dx', 'has_sedatives_dx', 'ftnd', 'XTRT', 'shared', 'rbsivheroin', 'TLFB_Alcohol_Count', 'TLFB_Amphetamine_Count', 'TLFB_Benzodiazepine_Count', 'TLFB_Buprenorphine_Count', 'TLFB_Cocaine_Count', 'TLFB_Heroin_Count', 'TLFB_Methadone_Count', 'TLFB_Opioid_Count', 'TLFB_THC_Count', 'TLFB_Other', 'Homosexual_Behavior', 'Non_monogamous_Relationships']
2024-08-27 14:12:15,904 - INFO - Fitting logistic regression model with the selected features...
2024-08-27 14:12:16,508 - INFO - Model training completed successfully.
2024-08-27 14:12:16,508 - INFO - Calculating the dynamic threshold based on the proportion of positive outcomes...
2024-08-27 14:12:16,510 - INFO - Ratio of 1s to 0s in the outcome variable: 0.52 : 0.48
2024-08-27 14:12:16,510 - INFO - Dynamic threshold set to: 0.52
2024-08-27 14:12:16,510 - INFO - Model trained and saved successfully for subset 8.
2024-08-27 14:12:16,512 - INFO - ---------------------------
2024-08-27 14:12:16,513 - INFO - TRAIN MODEL STAGE COMPLETED FOR SUBSET 8
2024-08-27 14:12:16,514 - INFO - ---------------------------
2024-08-27 14:12:16,515 - INFO - --------------------------------
2024-08-27 14:12:16,516 - INFO - EVALUATE MODEL STAGE STARTING FOR SUBSET 8...
2024-08-27 14:12:16,516 - INFO - --------------------------------
2024-08-27 14:12:16,532 - INFO - ROC AUC Score: 0.6386538461538461
2024-08-27 14:12:16,533 - INFO - Confusion Matrix: 
[[71 49]
 [50 80]]
2024-08-27 14:12:16,533 - INFO - Precision: 0.6201550387596899
2024-08-27 14:12:16,534 - INFO - Recall: 0.6153846153846154
2024-08-27 14:12:16,534 - INFO - Model evaluated successfully for subset 8.
2024-08-27 14:12:16,535 - INFO - ------------------------------
2024-08-27 14:12:16,536 - INFO - EVALUATE MODEL STAGE COMPLETED FOR SUBSET 8
2024-08-27 14:12:16,536 - INFO - ------------------------------
2024-08-27 14:12:16,540 - INFO - Subset 9 demographic makeup: 900 1, 47 3, 30 2, 23 4
2024-08-27 14:12:16,540 - INFO - Processing subset 9...
2024-08-27 14:12:16,540 - INFO - -----------------------------
2024-08-27 14:12:16,541 - INFO - TRAIN MODEL STAGE STARTING FOR SUBSET 9...
2024-08-27 14:12:16,541 - INFO - -----------------------------
2024-08-27 14:12:16,549 - INFO - Scaling features and applying LASSO for feature selection...
2024-08-27 14:12:16,859 - INFO - Selected features (including required): ['who', 'RaceEth', 'age', 'is_female', 'is_hispanic', 'unemployed', 'unstableliving', 'education', 'marital', 'UDS_Amphetamine_Count', 'UDS_Benzodiazepine_Count', 'UDS_Buprenorphine_Count', 'UDS_Cocaine_Count', 'UDS_Methadone_Count', 'UDS_Opioid_Count', 'UDS_Sedatives_Count', 'UDS_Thc_Count', 'pain', 'has_schizophrenia', 'has_major_dep', 'has_bipolar', 'has_anx_pan', 'has_brain_damage', 'has_epilepsy', 'has_alcol_dx', 'has_amphetamines_dx', 'has_cannabis_dx', 'has_cocaine_dx', 'has_sedatives_dx', 'ftnd', 'XTRT', 'shared', 'rbsivheroin', 'TLFB_Alcohol_Count', 'TLFB_Amphetamine_Count', 'TLFB_Benzodiazepine_Count', 'TLFB_Buprenorphine_Count', 'TLFB_Cocaine_Count', 'TLFB_Heroin_Count', 'TLFB_Methadone_Count', 'TLFB_Opioid_Count', 'TLFB_THC_Count', 'TLFB_Other', 'Homosexual_Behavior', 'Non_monogamous_Relationships']
2024-08-27 14:12:16,864 - INFO - Fitting logistic regression model with the selected features...
2024-08-27 14:12:17,770 - INFO - Model training completed successfully.
2024-08-27 14:12:17,771 - INFO - Calculating the dynamic threshold based on the proportion of positive outcomes...
2024-08-27 14:12:17,771 - INFO - Ratio of 1s to 0s in the outcome variable: 0.47 : 0.53
2024-08-27 14:12:17,771 - INFO - Dynamic threshold set to: 0.472
2024-08-27 14:12:17,771 - INFO - Model trained and saved successfully for subset 9.
2024-08-27 14:12:17,771 - INFO - ---------------------------
2024-08-27 14:12:17,771 - INFO - TRAIN MODEL STAGE COMPLETED FOR SUBSET 9
2024-08-27 14:12:17,771 - INFO - ---------------------------
2024-08-27 14:12:17,771 - INFO - --------------------------------
2024-08-27 14:12:17,771 - INFO - EVALUATE MODEL STAGE STARTING FOR SUBSET 9...
2024-08-27 14:12:17,772 - INFO - --------------------------------
2024-08-27 14:12:17,789 - INFO - ROC AUC Score: 0.6154340010272213
2024-08-27 14:12:17,790 - INFO - Confusion Matrix: 
[[59 73]
 [36 82]]
2024-08-27 14:12:17,790 - INFO - Precision: 0.5290322580645161
2024-08-27 14:12:17,790 - INFO - Recall: 0.6949152542372882
2024-08-27 14:12:17,790 - INFO - Model evaluated successfully for subset 9.
2024-08-27 14:12:17,790 - INFO - ------------------------------
2024-08-27 14:12:17,790 - INFO - EVALUATE MODEL STAGE COMPLETED FOR SUBSET 9
2024-08-27 14:12:17,790 - INFO - ------------------------------
2024-08-27 14:12:17,791 - INFO - Subset 10 demographic makeup: 950 1, 24 3, 16 2, 10 4
2024-08-27 14:12:17,791 - INFO - Processing subset 10...
2024-08-27 14:12:17,791 - INFO - -----------------------------
2024-08-27 14:12:17,791 - INFO - TRAIN MODEL STAGE STARTING FOR SUBSET 10...
2024-08-27 14:12:17,791 - INFO - -----------------------------
2024-08-27 14:12:17,797 - INFO - Scaling features and applying LASSO for feature selection...
2024-08-27 14:12:18,101 - INFO - Selected features (including required): ['who', 'RaceEth', 'age', 'is_female', 'is_hispanic', 'unemployed', 'unstableliving', 'education', 'marital', 'UDS_Amphetamine_Count', 'UDS_Benzodiazepine_Count', 'UDS_Buprenorphine_Count', 'UDS_Cocaine_Count', 'UDS_Methadone_Count', 'UDS_Opioid_Count', 'UDS_Sedatives_Count', 'UDS_Thc_Count', 'pain', 'has_schizophrenia', 'has_major_dep', 'has_bipolar', 'has_anx_pan', 'has_brain_damage', 'has_epilepsy', 'has_alcol_dx', 'has_amphetamines_dx', 'has_cannabis_dx', 'has_cocaine_dx', 'has_sedatives_dx', 'ftnd', 'XTRT', 'shared', 'rbsivheroin', 'TLFB_Alcohol_Count', 'TLFB_Amphetamine_Count', 'TLFB_Benzodiazepine_Count', 'TLFB_Buprenorphine_Count', 'TLFB_Cocaine_Count', 'TLFB_Heroin_Count', 'TLFB_Methadone_Count', 'TLFB_Opioid_Count', 'TLFB_THC_Count', 'TLFB_Other', 'Homosexual_Behavior', 'Non_monogamous_Relationships']
2024-08-27 14:12:18,106 - INFO - Fitting logistic regression model with the selected features...
2024-08-27 14:12:18,638 - INFO - Model training completed successfully.
2024-08-27 14:12:18,638 - INFO - Calculating the dynamic threshold based on the proportion of positive outcomes...
2024-08-27 14:12:18,639 - INFO - Ratio of 1s to 0s in the outcome variable: 0.48 : 0.52
2024-08-27 14:12:18,639 - INFO - Dynamic threshold set to: 0.48
2024-08-27 14:12:18,639 - INFO - Model trained and saved successfully for subset 10.
2024-08-27 14:12:18,639 - INFO - ---------------------------
2024-08-27 14:12:18,639 - INFO - TRAIN MODEL STAGE COMPLETED FOR SUBSET 10
2024-08-27 14:12:18,639 - INFO - ---------------------------
2024-08-27 14:12:18,639 - INFO - --------------------------------
2024-08-27 14:12:18,639 - INFO - EVALUATE MODEL STAGE STARTING FOR SUBSET 10...
2024-08-27 14:12:18,639 - INFO - --------------------------------
2024-08-27 14:12:18,651 - INFO - ROC AUC Score: 0.6242307692307693
2024-08-27 14:12:18,652 - INFO - Confusion Matrix: 
[[55 75]
 [28 92]]
2024-08-27 14:12:18,652 - INFO - Precision: 0.5508982035928144
2024-08-27 14:12:18,653 - INFO - Recall: 0.7666666666666667
2024-08-27 14:12:18,653 - INFO - Model evaluated successfully for subset 10.
2024-08-27 14:12:18,654 - INFO - ------------------------------
2024-08-27 14:12:18,654 - INFO - EVALUATE MODEL STAGE COMPLETED FOR SUBSET 10
2024-08-27 14:12:18,658 - INFO - ------------------------------
2024-08-27 14:12:18,660 - INFO - Subset 11 demographic makeup: 1000 1
2024-08-27 14:12:18,660 - INFO - Processing subset 11...
2024-08-27 14:12:18,661 - INFO - -----------------------------
2024-08-27 14:12:18,661 - INFO - TRAIN MODEL STAGE STARTING FOR SUBSET 11...
2024-08-27 14:12:18,662 - INFO - -----------------------------
2024-08-27 14:12:18,670 - INFO - Scaling features and applying LASSO for feature selection...
2024-08-27 14:12:18,976 - INFO - Selected features (including required): ['who', 'age', 'is_female', 'unemployed', 'unstableliving', 'education', 'marital', 'UDS_Amphetamine_Count', 'UDS_Benzodiazepine_Count', 'UDS_Buprenorphine_Count', 'UDS_Cocaine_Count', 'UDS_Methadone_Count', 'UDS_Opioid_Count', 'UDS_Sedatives_Count', 'UDS_Thc_Count', 'pain', 'has_schizophrenia', 'has_major_dep', 'has_bipolar', 'has_anx_pan', 'has_brain_damage', 'has_epilepsy', 'has_alcol_dx', 'has_amphetamines_dx', 'has_cannabis_dx', 'has_cocaine_dx', 'has_sedatives_dx', 'ftnd', 'XTRT', 'shared', 'rbsivheroin', 'TLFB_Alcohol_Count', 'TLFB_Amphetamine_Count', 'TLFB_Benzodiazepine_Count', 'TLFB_Buprenorphine_Count', 'TLFB_Cocaine_Count', 'TLFB_Heroin_Count', 'TLFB_Methadone_Count', 'TLFB_Opioid_Count', 'TLFB_THC_Count', 'TLFB_Other', 'Homosexual_Behavior', 'Non_monogamous_Relationships']
2024-08-27 14:12:18,982 - INFO - Fitting logistic regression model with the selected features...
2024-08-27 14:12:19,602 - INFO - Model training completed successfully.
2024-08-27 14:12:19,602 - INFO - Calculating the dynamic threshold based on the proportion of positive outcomes...
2024-08-27 14:12:19,602 - INFO - Ratio of 1s to 0s in the outcome variable: 0.56 : 0.44
2024-08-27 14:12:19,602 - INFO - Dynamic threshold set to: 0.556
2024-08-27 14:12:19,603 - INFO - Model trained and saved successfully for subset 11.
2024-08-27 14:12:19,603 - INFO - ---------------------------
2024-08-27 14:12:19,603 - INFO - TRAIN MODEL STAGE COMPLETED FOR SUBSET 11
2024-08-27 14:12:19,603 - INFO - ---------------------------
2024-08-27 14:12:19,603 - INFO - --------------------------------
2024-08-27 14:12:19,603 - INFO - EVALUATE MODEL STAGE STARTING FOR SUBSET 11...
2024-08-27 14:12:19,603 - INFO - --------------------------------
2024-08-27 14:12:19,618 - INFO - ROC AUC Score: 0.668222179013546
2024-08-27 14:12:19,619 - INFO - Confusion Matrix: 
[[73 38]
 [56 83]]
2024-08-27 14:12:19,619 - INFO - Precision: 0.6859504132231405
2024-08-27 14:12:19,619 - INFO - Recall: 0.5971223021582733
2024-08-27 14:12:19,619 - INFO - Model evaluated successfully for subset 11.
2024-08-27 14:12:19,619 - INFO - ------------------------------
2024-08-27 14:12:19,619 - INFO - EVALUATE MODEL STAGE COMPLETED FOR SUBSET 11
2024-08-27 14:12:19,619 - INFO - ------------------------------
2024-08-27 14:12:19,629 - INFO - Model predictions saved to csv successfully.
2024-08-27 14:12:19,629 - INFO - ------------------
2024-08-27 14:12:19,629 - INFO - PIPELINE COMPLETED
2024-08-27 14:12:19,629 - INFO - ------------------
