2024-08-29 00:24:50,695 - INFO - Global Seed set to: 2
2024-08-29 00:24:50,696 - INFO - Outcome Name: Rd_kostenB_1993
2024-08-29 00:24:50,718 - INFO - Datasets loaded successfully.
2024-08-29 00:24:50,721 - INFO - Starting preprocessing of the merged dataset...
2024-08-29 00:24:50,721 - INFO - ---------------------------------
2024-08-29 00:24:50,721 - INFO - PRE-PROCESSING STAGE STARTING...
2024-08-29 00:24:50,721 - INFO - ---------------------------------
2024-08-29 00:24:50,750 - INFO - Dropped initial columns: ['pain_when', 'is_smoker', 'per_day', 'max', 'amount', 'depression', 'anxiety', 'schizophrenia', 'max', 'amount', 'cocaine_inject_days', 'speedball_inject_days', 'opioid_inject_days', 'speed_inject_days', 'UDS_Alcohol_Count', 'UDS_Mdma/Hallucinogen_Count']
2024-08-29 00:24:50,760 - INFO - Converted Yes/No to binary.
2024-08-29 00:24:50,763 - INFO - Processed TLFB columns with specified columns: ['TLFB_Alcohol_Count', 'TLFB_Amphetamine_Count', 'TLFB_Cocaine_Count', 'TLFB_Heroin_Count', 'TLFB_Benzodiazepine_Count', 'TLFB_Opioid_Count', 'TLFB_THC_Count', 'TLFB_Methadone_Count', 'TLFB_Buprenorphine_Count']
2024-08-29 00:24:50,763 - INFO - Calculated behavioral columns.
2024-08-29 00:24:50,764 - INFO - Moved 'Rd_kostenB_1993' column to the end.
2024-08-29 00:24:50,785 - INFO - Dropped initial columns: ['msm_npt', 'msm_frq', 'txx_prt']
2024-08-29 00:24:50,789 - INFO - transform_data_with_nan_handling success
2024-08-29 00:24:50,789 - INFO - Renamed columns according to the mapping.
2024-08-29 00:24:50,794 - INFO - Transformed NaN to 0 for binary columns.
2024-08-29 00:24:50,794 - INFO - Transformed and renamed 'heroin_inject_days' column to 'rbsivheroin'.
2024-08-29 00:24:50,794 - INFO - Filled NaN with 0 for 'ftnd' column.
2024-08-29 00:24:50,810 - INFO - Dropped additional columns: ['rbs_iv_days', 'race', 'RBS_cocaine_Days', 'RBS_heroin_Days', 'RBS_opioid_Days', 'RBS_speed_Days', 'RBS_speedball_Days']
2024-08-29 00:24:50,813 - INFO - Converted UDS drug counts to binary.
2024-08-29 00:24:50,825 - INFO - ------------------------------
2024-08-29 00:24:50,825 - INFO - PRE-PROCESSING STAGE COMPLETED
2024-08-29 00:24:50,825 - INFO - ------------------------------
2024-08-29 00:24:50,825 - INFO - Merged dataset preprocessed successfully.
2024-08-29 00:24:50,825 - INFO - Creating demographic subsets from preprocessed data...
2024-08-29 00:24:50,856 - INFO - Created 11 subsets successfully.
2024-08-29 00:24:50,856 - INFO - Creating merged subsets from create_demographics_dfs function
2024-08-29 00:24:50,871 - INFO - Created 11 merged subsets successfully.
2024-08-29 00:24:50,871 - INFO - Subset 1 demographic makeup: 500 1, 242 3, 158 2, 100 4
2024-08-29 00:24:50,871 - INFO - Processing subset 1...
2024-08-29 00:24:50,871 - INFO - -----------------------------
2024-08-29 00:24:50,871 - INFO - TRAIN MODEL STAGE STARTING FOR SUBSET 1...
2024-08-29 00:24:50,871 - INFO - -----------------------------
2024-08-29 00:24:50,873 - INFO - Scaling features and applying LASSO for feature selection...
2024-08-29 00:24:50,955 - INFO - Selected features (including required): ['who', 'RaceEth', 'age', 'is_female', 'is_hispanic', 'unemployed', 'unstableliving', 'education', 'marital', 'UDS_Amphetamine_Count', 'UDS_Benzodiazepine_Count', 'UDS_Buprenorphine_Count', 'UDS_Cocaine_Count', 'UDS_Methadone_Count', 'UDS_Opioid_Count', 'UDS_Sedatives_Count', 'UDS_Thc_Count', 'pain', 'has_schizophrenia', 'has_major_dep', 'has_bipolar', 'has_anx_pan', 'has_brain_damage', 'has_epilepsy', 'has_alcol_dx', 'has_amphetamines_dx', 'has_cannabis_dx', 'has_cocaine_dx', 'has_sedatives_dx', 'ftnd', 'XTRT', 'shared', 'rbsivheroin', 'TLFB_Alcohol_Count', 'TLFB_Amphetamine_Count', 'TLFB_Benzodiazepine_Count', 'TLFB_Buprenorphine_Count', 'TLFB_Cocaine_Count', 'TLFB_Heroin_Count', 'TLFB_Methadone_Count', 'TLFB_Opioid_Count', 'TLFB_THC_Count', 'TLFB_Other', 'Homosexual_Behavior', 'Non_monogamous_Relationships']
2024-08-29 00:24:50,956 - INFO - Fitting logistic regression model with the selected features...
2024-08-29 00:24:51,136 - INFO - Model training completed successfully.
2024-08-29 00:24:51,136 - INFO - Calculating the dynamic threshold based on the proportion of positive outcomes...
2024-08-29 00:24:51,136 - INFO - Ratio of 1s to 0s in the outcome variable: 0.54 : 0.46
2024-08-29 00:24:51,136 - INFO - Dynamic threshold set to: 0.536
2024-08-29 00:24:51,136 - INFO - Model trained and saved successfully for subset 1.
2024-08-29 00:24:51,136 - INFO - ---------------------------
2024-08-29 00:24:51,136 - INFO - TRAIN MODEL STAGE COMPLETED FOR SUBSET 1
2024-08-29 00:24:51,136 - INFO - ---------------------------
2024-08-29 00:24:51,136 - INFO - --------------------------------
2024-08-29 00:24:51,136 - INFO - EVALUATE MODEL STAGE STARTING FOR SUBSET 1...
2024-08-29 00:24:51,136 - INFO - --------------------------------
2024-08-29 00:24:51,139 - INFO - ROC AUC Score: 0.6602547606793618
2024-08-29 00:24:51,139 - INFO - Confusion Matrix: 
[[75 41]
 [52 82]]
2024-08-29 00:24:51,139 - INFO - Precision: 0.6666666666666666
2024-08-29 00:24:51,139 - INFO - Recall: 0.6119402985074627
2024-08-29 00:24:51,139 - INFO - Model evaluated successfully for subset 1.
2024-08-29 00:24:51,140 - INFO - ------------------------------
2024-08-29 00:24:51,140 - INFO - EVALUATE MODEL STAGE COMPLETED FOR SUBSET 1
2024-08-29 00:24:51,140 - INFO - ------------------------------
2024-08-29 00:24:51,140 - INFO - Subset 2 demographic makeup: 550 1, 213 3, 147 2, 90 4
2024-08-29 00:24:51,140 - INFO - Processing subset 2...
2024-08-29 00:24:51,140 - INFO - -----------------------------
2024-08-29 00:24:51,140 - INFO - TRAIN MODEL STAGE STARTING FOR SUBSET 2...
2024-08-29 00:24:51,140 - INFO - -----------------------------
2024-08-29 00:24:51,141 - INFO - Scaling features and applying LASSO for feature selection...
2024-08-29 00:24:51,237 - INFO - Selected features (including required): ['who', 'RaceEth', 'age', 'is_female', 'is_hispanic', 'unemployed', 'unstableliving', 'education', 'marital', 'UDS_Amphetamine_Count', 'UDS_Benzodiazepine_Count', 'UDS_Buprenorphine_Count', 'UDS_Cocaine_Count', 'UDS_Methadone_Count', 'UDS_Opioid_Count', 'UDS_Sedatives_Count', 'UDS_Thc_Count', 'pain', 'has_schizophrenia', 'has_major_dep', 'has_bipolar', 'has_anx_pan', 'has_brain_damage', 'has_epilepsy', 'has_alcol_dx', 'has_amphetamines_dx', 'has_cannabis_dx', 'has_cocaine_dx', 'has_sedatives_dx', 'ftnd', 'XTRT', 'shared', 'rbsivheroin', 'TLFB_Alcohol_Count', 'TLFB_Amphetamine_Count', 'TLFB_Benzodiazepine_Count', 'TLFB_Buprenorphine_Count', 'TLFB_Cocaine_Count', 'TLFB_Heroin_Count', 'TLFB_Methadone_Count', 'TLFB_Opioid_Count', 'TLFB_THC_Count', 'TLFB_Other', 'Homosexual_Behavior', 'Non_monogamous_Relationships']
2024-08-29 00:24:51,239 - INFO - Fitting logistic regression model with the selected features...
2024-08-29 00:24:51,448 - INFO - Model training completed successfully.
2024-08-29 00:24:51,448 - INFO - Calculating the dynamic threshold based on the proportion of positive outcomes...
2024-08-29 00:24:51,449 - INFO - Ratio of 1s to 0s in the outcome variable: 0.55 : 0.45
2024-08-29 00:24:51,449 - INFO - Dynamic threshold set to: 0.552
2024-08-29 00:24:51,449 - INFO - Model trained and saved successfully for subset 2.
2024-08-29 00:24:51,449 - INFO - ---------------------------
2024-08-29 00:24:51,449 - INFO - TRAIN MODEL STAGE COMPLETED FOR SUBSET 2
2024-08-29 00:24:51,449 - INFO - ---------------------------
2024-08-29 00:24:51,449 - INFO - --------------------------------
2024-08-29 00:24:51,449 - INFO - EVALUATE MODEL STAGE STARTING FOR SUBSET 2...
2024-08-29 00:24:51,449 - INFO - --------------------------------
2024-08-29 00:24:51,452 - INFO - ROC AUC Score: 0.598343685300207
2024-08-29 00:24:51,452 - INFO - Confusion Matrix: 
[[72 40]
 [78 60]]
2024-08-29 00:24:51,452 - INFO - Precision: 0.6
2024-08-29 00:24:51,452 - INFO - Recall: 0.43478260869565216
2024-08-29 00:24:51,452 - INFO - Model evaluated successfully for subset 2.
2024-08-29 00:24:51,452 - INFO - ------------------------------
2024-08-29 00:24:51,452 - INFO - EVALUATE MODEL STAGE COMPLETED FOR SUBSET 2
2024-08-29 00:24:51,452 - INFO - ------------------------------
2024-08-29 00:24:51,452 - INFO - Subset 3 demographic makeup: 600 1, 188 3, 136 2, 76 4
2024-08-29 00:24:51,452 - INFO - Processing subset 3...
2024-08-29 00:24:51,453 - INFO - -----------------------------
2024-08-29 00:24:51,453 - INFO - TRAIN MODEL STAGE STARTING FOR SUBSET 3...
2024-08-29 00:24:51,453 - INFO - -----------------------------
2024-08-29 00:24:51,456 - INFO - Scaling features and applying LASSO for feature selection...
2024-08-29 00:24:51,543 - INFO - Selected features (including required): ['who', 'RaceEth', 'age', 'is_female', 'is_hispanic', 'unemployed', 'unstableliving', 'education', 'marital', 'UDS_Amphetamine_Count', 'UDS_Benzodiazepine_Count', 'UDS_Buprenorphine_Count', 'UDS_Cocaine_Count', 'UDS_Methadone_Count', 'UDS_Opioid_Count', 'UDS_Sedatives_Count', 'UDS_Thc_Count', 'pain', 'has_schizophrenia', 'has_major_dep', 'has_bipolar', 'has_anx_pan', 'has_brain_damage', 'has_epilepsy', 'has_alcol_dx', 'has_amphetamines_dx', 'has_cannabis_dx', 'has_cocaine_dx', 'has_sedatives_dx', 'ftnd', 'XTRT', 'shared', 'rbsivheroin', 'TLFB_Alcohol_Count', 'TLFB_Amphetamine_Count', 'TLFB_Benzodiazepine_Count', 'TLFB_Buprenorphine_Count', 'TLFB_Cocaine_Count', 'TLFB_Heroin_Count', 'TLFB_Methadone_Count', 'TLFB_Opioid_Count', 'TLFB_THC_Count', 'TLFB_Other', 'Homosexual_Behavior', 'Non_monogamous_Relationships']
2024-08-29 00:24:51,544 - INFO - Fitting logistic regression model with the selected features...
2024-08-29 00:24:51,685 - INFO - Model training completed successfully.
2024-08-29 00:24:51,685 - INFO - Calculating the dynamic threshold based on the proportion of positive outcomes...
2024-08-29 00:24:51,686 - INFO - Ratio of 1s to 0s in the outcome variable: 0.51 : 0.49
2024-08-29 00:24:51,686 - INFO - Dynamic threshold set to: 0.508
2024-08-29 00:24:51,686 - INFO - Model trained and saved successfully for subset 3.
2024-08-29 00:24:51,686 - INFO - ---------------------------
2024-08-29 00:24:51,686 - INFO - TRAIN MODEL STAGE COMPLETED FOR SUBSET 3
2024-08-29 00:24:51,686 - INFO - ---------------------------
2024-08-29 00:24:51,686 - INFO - --------------------------------
2024-08-29 00:24:51,686 - INFO - EVALUATE MODEL STAGE STARTING FOR SUBSET 3...
2024-08-29 00:24:51,686 - INFO - --------------------------------
2024-08-29 00:24:51,692 - INFO - ROC AUC Score: 0.6409960950003201
2024-08-29 00:24:51,692 - INFO - Confusion Matrix: 
[[82 41]
 [59 68]]
2024-08-29 00:24:51,692 - INFO - Precision: 0.6238532110091743
2024-08-29 00:24:51,692 - INFO - Recall: 0.5354330708661418
2024-08-29 00:24:51,692 - INFO - Model evaluated successfully for subset 3.
2024-08-29 00:24:51,692 - INFO - ------------------------------
2024-08-29 00:24:51,692 - INFO - EVALUATE MODEL STAGE COMPLETED FOR SUBSET 3
2024-08-29 00:24:51,692 - INFO - ------------------------------
2024-08-29 00:24:51,693 - INFO - Subset 4 demographic makeup: 650 1, 164 3, 120 2, 66 4
2024-08-29 00:24:51,693 - INFO - Processing subset 4...
2024-08-29 00:24:51,693 - INFO - -----------------------------
2024-08-29 00:24:51,693 - INFO - TRAIN MODEL STAGE STARTING FOR SUBSET 4...
2024-08-29 00:24:51,693 - INFO - -----------------------------
2024-08-29 00:24:51,696 - INFO - Scaling features and applying LASSO for feature selection...
2024-08-29 00:24:51,803 - INFO - Selected features (including required): ['who', 'RaceEth', 'age', 'is_female', 'is_hispanic', 'unemployed', 'unstableliving', 'education', 'marital', 'UDS_Amphetamine_Count', 'UDS_Benzodiazepine_Count', 'UDS_Buprenorphine_Count', 'UDS_Cocaine_Count', 'UDS_Methadone_Count', 'UDS_Opioid_Count', 'UDS_Sedatives_Count', 'UDS_Thc_Count', 'pain', 'has_schizophrenia', 'has_major_dep', 'has_bipolar', 'has_anx_pan', 'has_brain_damage', 'has_epilepsy', 'has_alcol_dx', 'has_amphetamines_dx', 'has_cannabis_dx', 'has_cocaine_dx', 'has_sedatives_dx', 'ftnd', 'XTRT', 'shared', 'rbsivheroin', 'TLFB_Alcohol_Count', 'TLFB_Amphetamine_Count', 'TLFB_Benzodiazepine_Count', 'TLFB_Buprenorphine_Count', 'TLFB_Cocaine_Count', 'TLFB_Heroin_Count', 'TLFB_Methadone_Count', 'TLFB_Opioid_Count', 'TLFB_THC_Count', 'TLFB_Other', 'Homosexual_Behavior', 'Non_monogamous_Relationships']
2024-08-29 00:24:51,806 - INFO - Fitting logistic regression model with the selected features...
2024-08-29 00:24:52,129 - INFO - Model training completed successfully.
2024-08-29 00:24:52,129 - INFO - Calculating the dynamic threshold based on the proportion of positive outcomes...
2024-08-29 00:24:52,129 - INFO - Ratio of 1s to 0s in the outcome variable: 0.48 : 0.52
2024-08-29 00:24:52,129 - INFO - Dynamic threshold set to: 0.476
2024-08-29 00:24:52,129 - INFO - Model trained and saved successfully for subset 4.
2024-08-29 00:24:52,129 - INFO - ---------------------------
2024-08-29 00:24:52,129 - INFO - TRAIN MODEL STAGE COMPLETED FOR SUBSET 4
2024-08-29 00:24:52,129 - INFO - ---------------------------
2024-08-29 00:24:52,129 - INFO - --------------------------------
2024-08-29 00:24:52,129 - INFO - EVALUATE MODEL STAGE STARTING FOR SUBSET 4...
2024-08-29 00:24:52,129 - INFO - --------------------------------
2024-08-29 00:24:52,132 - INFO - ROC AUC Score: 0.6344217076143434
2024-08-29 00:24:52,132 - INFO - Confusion Matrix: 
[[70 61]
 [48 71]]
2024-08-29 00:24:52,132 - INFO - Precision: 0.5378787878787878
2024-08-29 00:24:52,132 - INFO - Recall: 0.5966386554621849
2024-08-29 00:24:52,132 - INFO - Model evaluated successfully for subset 4.
2024-08-29 00:24:52,132 - INFO - ------------------------------
2024-08-29 00:24:52,132 - INFO - EVALUATE MODEL STAGE COMPLETED FOR SUBSET 4
2024-08-29 00:24:52,132 - INFO - ------------------------------
2024-08-29 00:24:52,133 - INFO - Subset 5 demographic makeup: 700 1, 142 3, 104 2, 54 4
2024-08-29 00:24:52,133 - INFO - Processing subset 5...
2024-08-29 00:24:52,133 - INFO - -----------------------------
2024-08-29 00:24:52,133 - INFO - TRAIN MODEL STAGE STARTING FOR SUBSET 5...
2024-08-29 00:24:52,133 - INFO - -----------------------------
2024-08-29 00:24:52,134 - INFO - Scaling features and applying LASSO for feature selection...
2024-08-29 00:24:52,250 - INFO - Selected features (including required): ['who', 'RaceEth', 'age', 'is_female', 'is_hispanic', 'unemployed', 'unstableliving', 'education', 'marital', 'UDS_Amphetamine_Count', 'UDS_Benzodiazepine_Count', 'UDS_Buprenorphine_Count', 'UDS_Cocaine_Count', 'UDS_Methadone_Count', 'UDS_Opioid_Count', 'UDS_Sedatives_Count', 'UDS_Thc_Count', 'pain', 'has_schizophrenia', 'has_major_dep', 'has_bipolar', 'has_anx_pan', 'has_brain_damage', 'has_epilepsy', 'has_alcol_dx', 'has_amphetamines_dx', 'has_cannabis_dx', 'has_cocaine_dx', 'has_sedatives_dx', 'ftnd', 'XTRT', 'shared', 'rbsivheroin', 'TLFB_Alcohol_Count', 'TLFB_Amphetamine_Count', 'TLFB_Benzodiazepine_Count', 'TLFB_Buprenorphine_Count', 'TLFB_Cocaine_Count', 'TLFB_Heroin_Count', 'TLFB_Methadone_Count', 'TLFB_Opioid_Count', 'TLFB_THC_Count', 'TLFB_Other', 'Homosexual_Behavior', 'Non_monogamous_Relationships']
2024-08-29 00:24:52,251 - INFO - Fitting logistic regression model with the selected features...
2024-08-29 00:24:52,589 - INFO - Model training completed successfully.
2024-08-29 00:24:52,589 - INFO - Calculating the dynamic threshold based on the proportion of positive outcomes...
2024-08-29 00:24:52,589 - INFO - Ratio of 1s to 0s in the outcome variable: 0.46 : 0.54
2024-08-29 00:24:52,589 - INFO - Dynamic threshold set to: 0.464
2024-08-29 00:24:52,589 - INFO - Model trained and saved successfully for subset 5.
2024-08-29 00:24:52,589 - INFO - ---------------------------
2024-08-29 00:24:52,589 - INFO - TRAIN MODEL STAGE COMPLETED FOR SUBSET 5
2024-08-29 00:24:52,589 - INFO - ---------------------------
2024-08-29 00:24:52,589 - INFO - --------------------------------
2024-08-29 00:24:52,589 - INFO - EVALUATE MODEL STAGE STARTING FOR SUBSET 5...
2024-08-29 00:24:52,589 - INFO - --------------------------------
2024-08-29 00:24:52,592 - INFO - ROC AUC Score: 0.6348430262480701
2024-08-29 00:24:52,592 - INFO - Confusion Matrix: 
[[63 71]
 [36 80]]
2024-08-29 00:24:52,592 - INFO - Precision: 0.5298013245033113
2024-08-29 00:24:52,592 - INFO - Recall: 0.6896551724137931
2024-08-29 00:24:52,592 - INFO - Model evaluated successfully for subset 5.
2024-08-29 00:24:52,592 - INFO - ------------------------------
2024-08-29 00:24:52,592 - INFO - EVALUATE MODEL STAGE COMPLETED FOR SUBSET 5
2024-08-29 00:24:52,593 - INFO - ------------------------------
2024-08-29 00:24:52,593 - INFO - Subset 6 demographic makeup: 750 1, 114 3, 88 2, 48 4
2024-08-29 00:24:52,593 - INFO - Processing subset 6...
2024-08-29 00:24:52,593 - INFO - -----------------------------
2024-08-29 00:24:52,593 - INFO - TRAIN MODEL STAGE STARTING FOR SUBSET 6...
2024-08-29 00:24:52,593 - INFO - -----------------------------
2024-08-29 00:24:52,594 - INFO - Scaling features and applying LASSO for feature selection...
2024-08-29 00:24:52,731 - INFO - Selected features (including required): ['who', 'RaceEth', 'age', 'is_female', 'is_hispanic', 'unemployed', 'unstableliving', 'education', 'marital', 'UDS_Amphetamine_Count', 'UDS_Benzodiazepine_Count', 'UDS_Buprenorphine_Count', 'UDS_Cocaine_Count', 'UDS_Methadone_Count', 'UDS_Opioid_Count', 'UDS_Sedatives_Count', 'UDS_Thc_Count', 'pain', 'has_schizophrenia', 'has_major_dep', 'has_bipolar', 'has_anx_pan', 'has_brain_damage', 'has_epilepsy', 'has_alcol_dx', 'has_amphetamines_dx', 'has_cannabis_dx', 'has_cocaine_dx', 'has_sedatives_dx', 'ftnd', 'XTRT', 'shared', 'rbsivheroin', 'TLFB_Alcohol_Count', 'TLFB_Amphetamine_Count', 'TLFB_Benzodiazepine_Count', 'TLFB_Buprenorphine_Count', 'TLFB_Cocaine_Count', 'TLFB_Heroin_Count', 'TLFB_Methadone_Count', 'TLFB_Opioid_Count', 'TLFB_THC_Count', 'TLFB_Other', 'Homosexual_Behavior', 'Non_monogamous_Relationships']
2024-08-29 00:24:52,732 - INFO - Fitting logistic regression model with the selected features...
2024-08-29 00:24:53,210 - INFO - Model training completed successfully.
2024-08-29 00:24:53,210 - INFO - Calculating the dynamic threshold based on the proportion of positive outcomes...
2024-08-29 00:24:53,210 - INFO - Ratio of 1s to 0s in the outcome variable: 0.49 : 0.51
2024-08-29 00:24:53,210 - INFO - Dynamic threshold set to: 0.492
2024-08-29 00:24:53,210 - INFO - Model trained and saved successfully for subset 6.
2024-08-29 00:24:53,210 - INFO - ---------------------------
2024-08-29 00:24:53,210 - INFO - TRAIN MODEL STAGE COMPLETED FOR SUBSET 6
2024-08-29 00:24:53,210 - INFO - ---------------------------
2024-08-29 00:24:53,210 - INFO - --------------------------------
2024-08-29 00:24:53,210 - INFO - EVALUATE MODEL STAGE STARTING FOR SUBSET 6...
2024-08-29 00:24:53,210 - INFO - --------------------------------
2024-08-29 00:24:53,214 - INFO - ROC AUC Score: 0.637923308366942
2024-08-29 00:24:53,215 - INFO - Confusion Matrix: 
[[71 56]
 [50 73]]
2024-08-29 00:24:53,215 - INFO - Precision: 0.5658914728682171
2024-08-29 00:24:53,215 - INFO - Recall: 0.5934959349593496
2024-08-29 00:24:53,215 - INFO - Model evaluated successfully for subset 6.
2024-08-29 00:24:53,215 - INFO - ------------------------------
2024-08-29 00:24:53,215 - INFO - EVALUATE MODEL STAGE COMPLETED FOR SUBSET 6
2024-08-29 00:24:53,215 - INFO - ------------------------------
2024-08-29 00:24:53,216 - INFO - Subset 7 demographic makeup: 800 1, 87 3, 71 2, 42 4
2024-08-29 00:24:53,216 - INFO - Processing subset 7...
2024-08-29 00:24:53,216 - INFO - -----------------------------
2024-08-29 00:24:53,216 - INFO - TRAIN MODEL STAGE STARTING FOR SUBSET 7...
2024-08-29 00:24:53,216 - INFO - -----------------------------
2024-08-29 00:24:53,218 - INFO - Scaling features and applying LASSO for feature selection...
2024-08-29 00:24:53,849 - INFO - Selected features (including required): ['who', 'RaceEth', 'age', 'is_female', 'is_hispanic', 'unemployed', 'unstableliving', 'education', 'marital', 'UDS_Amphetamine_Count', 'UDS_Benzodiazepine_Count', 'UDS_Buprenorphine_Count', 'UDS_Cocaine_Count', 'UDS_Methadone_Count', 'UDS_Opioid_Count', 'UDS_Sedatives_Count', 'UDS_Thc_Count', 'pain', 'has_schizophrenia', 'has_major_dep', 'has_bipolar', 'has_anx_pan', 'has_brain_damage', 'has_epilepsy', 'has_alcol_dx', 'has_amphetamines_dx', 'has_cannabis_dx', 'has_cocaine_dx', 'has_sedatives_dx', 'ftnd', 'XTRT', 'shared', 'rbsivheroin', 'TLFB_Alcohol_Count', 'TLFB_Amphetamine_Count', 'TLFB_Benzodiazepine_Count', 'TLFB_Buprenorphine_Count', 'TLFB_Cocaine_Count', 'TLFB_Heroin_Count', 'TLFB_Methadone_Count', 'TLFB_Opioid_Count', 'TLFB_THC_Count', 'TLFB_Other', 'Homosexual_Behavior', 'Non_monogamous_Relationships']
2024-08-29 00:24:53,851 - INFO - Fitting logistic regression model with the selected features...
2024-08-29 00:24:54,014 - INFO - Model training completed successfully.
2024-08-29 00:24:54,015 - INFO - Calculating the dynamic threshold based on the proportion of positive outcomes...
2024-08-29 00:24:54,015 - INFO - Ratio of 1s to 0s in the outcome variable: 0.54 : 0.46
2024-08-29 00:24:54,015 - INFO - Dynamic threshold set to: 0.544
2024-08-29 00:24:54,015 - INFO - Model trained and saved successfully for subset 7.
2024-08-29 00:24:54,015 - INFO - ---------------------------
2024-08-29 00:24:54,015 - INFO - TRAIN MODEL STAGE COMPLETED FOR SUBSET 7
2024-08-29 00:24:54,015 - INFO - ---------------------------
2024-08-29 00:24:54,015 - INFO - --------------------------------
2024-08-29 00:24:54,015 - INFO - EVALUATE MODEL STAGE STARTING FOR SUBSET 7...
2024-08-29 00:24:54,015 - INFO - --------------------------------
2024-08-29 00:24:54,018 - INFO - ROC AUC Score: 0.6007481940144479
2024-08-29 00:24:54,018 - INFO - Confusion Matrix: 
[[80 34]
 [77 59]]
2024-08-29 00:24:54,018 - INFO - Precision: 0.6344086021505376
2024-08-29 00:24:54,018 - INFO - Recall: 0.4338235294117647
2024-08-29 00:24:54,018 - INFO - Model evaluated successfully for subset 7.
2024-08-29 00:24:54,018 - INFO - ------------------------------
2024-08-29 00:24:54,018 - INFO - EVALUATE MODEL STAGE COMPLETED FOR SUBSET 7
2024-08-29 00:24:54,018 - INFO - ------------------------------
2024-08-29 00:24:54,018 - INFO - Subset 8 demographic makeup: 850 1, 66 3, 53 2, 31 4
2024-08-29 00:24:54,018 - INFO - Processing subset 8...
2024-08-29 00:24:54,018 - INFO - -----------------------------
2024-08-29 00:24:54,018 - INFO - TRAIN MODEL STAGE STARTING FOR SUBSET 8...
2024-08-29 00:24:54,018 - INFO - -----------------------------
2024-08-29 00:24:54,019 - INFO - Scaling features and applying LASSO for feature selection...
2024-08-29 00:24:54,123 - INFO - Selected features (including required): ['who', 'RaceEth', 'age', 'is_female', 'is_hispanic', 'unemployed', 'unstableliving', 'education', 'marital', 'UDS_Amphetamine_Count', 'UDS_Benzodiazepine_Count', 'UDS_Buprenorphine_Count', 'UDS_Cocaine_Count', 'UDS_Methadone_Count', 'UDS_Opioid_Count', 'UDS_Sedatives_Count', 'UDS_Thc_Count', 'pain', 'has_schizophrenia', 'has_major_dep', 'has_bipolar', 'has_anx_pan', 'has_brain_damage', 'has_epilepsy', 'has_alcol_dx', 'has_amphetamines_dx', 'has_cannabis_dx', 'has_cocaine_dx', 'has_sedatives_dx', 'ftnd', 'XTRT', 'shared', 'rbsivheroin', 'TLFB_Alcohol_Count', 'TLFB_Amphetamine_Count', 'TLFB_Benzodiazepine_Count', 'TLFB_Buprenorphine_Count', 'TLFB_Cocaine_Count', 'TLFB_Heroin_Count', 'TLFB_Methadone_Count', 'TLFB_Opioid_Count', 'TLFB_THC_Count', 'TLFB_Other', 'Homosexual_Behavior', 'Non_monogamous_Relationships']
2024-08-29 00:24:54,126 - INFO - Fitting logistic regression model with the selected features...
2024-08-29 00:24:54,394 - INFO - Model training completed successfully.
2024-08-29 00:24:54,395 - INFO - Calculating the dynamic threshold based on the proportion of positive outcomes...
2024-08-29 00:24:54,395 - INFO - Ratio of 1s to 0s in the outcome variable: 0.53 : 0.47
2024-08-29 00:24:54,395 - INFO - Dynamic threshold set to: 0.532
2024-08-29 00:24:54,395 - INFO - Model trained and saved successfully for subset 8.
2024-08-29 00:24:54,395 - INFO - ---------------------------
2024-08-29 00:24:54,395 - INFO - TRAIN MODEL STAGE COMPLETED FOR SUBSET 8
2024-08-29 00:24:54,395 - INFO - ---------------------------
2024-08-29 00:24:54,395 - INFO - --------------------------------
2024-08-29 00:24:54,395 - INFO - EVALUATE MODEL STAGE STARTING FOR SUBSET 8...
2024-08-29 00:24:54,395 - INFO - --------------------------------
2024-08-29 00:24:54,398 - INFO - ROC AUC Score: 0.6247670458196775
2024-08-29 00:24:54,398 - INFO - Confusion Matrix: 
[[82 35]
 [69 64]]
2024-08-29 00:24:54,398 - INFO - Precision: 0.6464646464646465
2024-08-29 00:24:54,398 - INFO - Recall: 0.48120300751879697
2024-08-29 00:24:54,398 - INFO - Model evaluated successfully for subset 8.
2024-08-29 00:24:54,398 - INFO - ------------------------------
2024-08-29 00:24:54,398 - INFO - EVALUATE MODEL STAGE COMPLETED FOR SUBSET 8
2024-08-29 00:24:54,399 - INFO - ------------------------------
2024-08-29 00:24:54,399 - INFO - Subset 9 demographic makeup: 900 1, 45 3, 34 2, 21 4
2024-08-29 00:24:54,399 - INFO - Processing subset 9...
2024-08-29 00:24:54,399 - INFO - -----------------------------
2024-08-29 00:24:54,399 - INFO - TRAIN MODEL STAGE STARTING FOR SUBSET 9...
2024-08-29 00:24:54,399 - INFO - -----------------------------
2024-08-29 00:24:54,400 - INFO - Scaling features and applying LASSO for feature selection...
2024-08-29 00:24:54,526 - INFO - Selected features (including required): ['who', 'RaceEth', 'age', 'is_female', 'is_hispanic', 'unemployed', 'unstableliving', 'education', 'marital', 'UDS_Amphetamine_Count', 'UDS_Benzodiazepine_Count', 'UDS_Buprenorphine_Count', 'UDS_Cocaine_Count', 'UDS_Methadone_Count', 'UDS_Opioid_Count', 'UDS_Sedatives_Count', 'UDS_Thc_Count', 'pain', 'has_schizophrenia', 'has_major_dep', 'has_bipolar', 'has_anx_pan', 'has_brain_damage', 'has_epilepsy', 'has_alcol_dx', 'has_amphetamines_dx', 'has_cannabis_dx', 'has_cocaine_dx', 'has_sedatives_dx', 'ftnd', 'XTRT', 'shared', 'rbsivheroin', 'TLFB_Alcohol_Count', 'TLFB_Amphetamine_Count', 'TLFB_Benzodiazepine_Count', 'TLFB_Buprenorphine_Count', 'TLFB_Cocaine_Count', 'TLFB_Heroin_Count', 'TLFB_Methadone_Count', 'TLFB_Opioid_Count', 'TLFB_THC_Count', 'TLFB_Other', 'Homosexual_Behavior', 'Non_monogamous_Relationships']
2024-08-29 00:24:54,528 - INFO - Fitting logistic regression model with the selected features...
2024-08-29 00:24:54,698 - INFO - Model training completed successfully.
2024-08-29 00:24:54,698 - INFO - Calculating the dynamic threshold based on the proportion of positive outcomes...
2024-08-29 00:24:54,698 - INFO - Ratio of 1s to 0s in the outcome variable: 0.49 : 0.51
2024-08-29 00:24:54,698 - INFO - Dynamic threshold set to: 0.488
2024-08-29 00:24:54,698 - INFO - Model trained and saved successfully for subset 9.
2024-08-29 00:24:54,698 - INFO - ---------------------------
2024-08-29 00:24:54,698 - INFO - TRAIN MODEL STAGE COMPLETED FOR SUBSET 9
2024-08-29 00:24:54,698 - INFO - ---------------------------
2024-08-29 00:24:54,698 - INFO - --------------------------------
2024-08-29 00:24:54,698 - INFO - EVALUATE MODEL STAGE STARTING FOR SUBSET 9...
2024-08-29 00:24:54,698 - INFO - --------------------------------
2024-08-29 00:24:54,701 - INFO - ROC AUC Score: 0.6602202868852459
2024-08-29 00:24:54,701 - INFO - Confusion Matrix: 
[[67 61]
 [40 82]]
2024-08-29 00:24:54,701 - INFO - Precision: 0.5734265734265734
2024-08-29 00:24:54,701 - INFO - Recall: 0.6721311475409836
2024-08-29 00:24:54,701 - INFO - Model evaluated successfully for subset 9.
2024-08-29 00:24:54,701 - INFO - ------------------------------
2024-08-29 00:24:54,701 - INFO - EVALUATE MODEL STAGE COMPLETED FOR SUBSET 9
2024-08-29 00:24:54,701 - INFO - ------------------------------
2024-08-29 00:24:54,701 - INFO - Subset 10 demographic makeup: 950 1, 24 3, 13 2, 13 4
2024-08-29 00:24:54,701 - INFO - Processing subset 10...
2024-08-29 00:24:54,701 - INFO - -----------------------------
2024-08-29 00:24:54,701 - INFO - TRAIN MODEL STAGE STARTING FOR SUBSET 10...
2024-08-29 00:24:54,701 - INFO - -----------------------------
2024-08-29 00:24:54,703 - INFO - Scaling features and applying LASSO for feature selection...
2024-08-29 00:24:54,835 - INFO - Selected features (including required): ['who', 'RaceEth', 'age', 'is_female', 'is_hispanic', 'unemployed', 'unstableliving', 'education', 'marital', 'UDS_Amphetamine_Count', 'UDS_Benzodiazepine_Count', 'UDS_Buprenorphine_Count', 'UDS_Cocaine_Count', 'UDS_Methadone_Count', 'UDS_Opioid_Count', 'UDS_Sedatives_Count', 'UDS_Thc_Count', 'pain', 'has_schizophrenia', 'has_major_dep', 'has_bipolar', 'has_anx_pan', 'has_brain_damage', 'has_epilepsy', 'has_alcol_dx', 'has_amphetamines_dx', 'has_cannabis_dx', 'has_cocaine_dx', 'has_sedatives_dx', 'ftnd', 'XTRT', 'shared', 'rbsivheroin', 'TLFB_Alcohol_Count', 'TLFB_Amphetamine_Count', 'TLFB_Benzodiazepine_Count', 'TLFB_Buprenorphine_Count', 'TLFB_Cocaine_Count', 'TLFB_Heroin_Count', 'TLFB_Methadone_Count', 'TLFB_Opioid_Count', 'TLFB_THC_Count', 'TLFB_Other', 'Homosexual_Behavior', 'Non_monogamous_Relationships']
2024-08-29 00:24:54,837 - INFO - Fitting logistic regression model with the selected features...
2024-08-29 00:24:55,049 - INFO - Model training completed successfully.
2024-08-29 00:24:55,049 - INFO - Calculating the dynamic threshold based on the proportion of positive outcomes...
2024-08-29 00:24:55,049 - INFO - Ratio of 1s to 0s in the outcome variable: 0.47 : 0.53
2024-08-29 00:24:55,049 - INFO - Dynamic threshold set to: 0.472
2024-08-29 00:24:55,049 - INFO - Model trained and saved successfully for subset 10.
2024-08-29 00:24:55,049 - INFO - ---------------------------
2024-08-29 00:24:55,049 - INFO - TRAIN MODEL STAGE COMPLETED FOR SUBSET 10
2024-08-29 00:24:55,049 - INFO - ---------------------------
2024-08-29 00:24:55,049 - INFO - --------------------------------
2024-08-29 00:24:55,049 - INFO - EVALUATE MODEL STAGE STARTING FOR SUBSET 10...
2024-08-29 00:24:55,049 - INFO - --------------------------------
2024-08-29 00:24:55,052 - INFO - ROC AUC Score: 0.6373908577298407
2024-08-29 00:24:55,052 - INFO - Confusion Matrix: 
[[60 72]
 [37 81]]
2024-08-29 00:24:55,052 - INFO - Precision: 0.5294117647058824
2024-08-29 00:24:55,052 - INFO - Recall: 0.6864406779661016
2024-08-29 00:24:55,052 - INFO - Model evaluated successfully for subset 10.
2024-08-29 00:24:55,052 - INFO - ------------------------------
2024-08-29 00:24:55,052 - INFO - EVALUATE MODEL STAGE COMPLETED FOR SUBSET 10
2024-08-29 00:24:55,052 - INFO - ------------------------------
2024-08-29 00:24:55,052 - INFO - Subset 11 demographic makeup: 1000 1
2024-08-29 00:24:55,052 - INFO - Processing subset 11...
2024-08-29 00:24:55,052 - INFO - -----------------------------
2024-08-29 00:24:55,052 - INFO - TRAIN MODEL STAGE STARTING FOR SUBSET 11...
2024-08-29 00:24:55,052 - INFO - -----------------------------
2024-08-29 00:24:55,054 - INFO - Scaling features and applying LASSO for feature selection...
2024-08-29 00:24:55,184 - INFO - Selected features (including required): ['who', 'age', 'is_female', 'unemployed', 'unstableliving', 'education', 'marital', 'UDS_Amphetamine_Count', 'UDS_Benzodiazepine_Count', 'UDS_Buprenorphine_Count', 'UDS_Cocaine_Count', 'UDS_Methadone_Count', 'UDS_Opioid_Count', 'UDS_Sedatives_Count', 'UDS_Thc_Count', 'pain', 'has_schizophrenia', 'has_major_dep', 'has_bipolar', 'has_anx_pan', 'has_brain_damage', 'has_epilepsy', 'has_alcol_dx', 'has_amphetamines_dx', 'has_cannabis_dx', 'has_cocaine_dx', 'has_sedatives_dx', 'ftnd', 'XTRT', 'shared', 'rbsivheroin', 'TLFB_Alcohol_Count', 'TLFB_Amphetamine_Count', 'TLFB_Benzodiazepine_Count', 'TLFB_Buprenorphine_Count', 'TLFB_Cocaine_Count', 'TLFB_Heroin_Count', 'TLFB_Methadone_Count', 'TLFB_Opioid_Count', 'TLFB_THC_Count', 'TLFB_Other', 'Homosexual_Behavior', 'Non_monogamous_Relationships']
2024-08-29 00:24:55,186 - INFO - Fitting logistic regression model with the selected features...
2024-08-29 00:24:55,488 - INFO - Model training completed successfully.
2024-08-29 00:24:55,488 - INFO - Calculating the dynamic threshold based on the proportion of positive outcomes...
2024-08-29 00:24:55,488 - INFO - Ratio of 1s to 0s in the outcome variable: 0.54 : 0.46
2024-08-29 00:24:55,488 - INFO - Dynamic threshold set to: 0.54
2024-08-29 00:24:55,488 - INFO - Model trained and saved successfully for subset 11.
2024-08-29 00:24:55,488 - INFO - ---------------------------
2024-08-29 00:24:55,488 - INFO - TRAIN MODEL STAGE COMPLETED FOR SUBSET 11
2024-08-29 00:24:55,488 - INFO - ---------------------------
2024-08-29 00:24:55,488 - INFO - --------------------------------
2024-08-29 00:24:55,488 - INFO - EVALUATE MODEL STAGE STARTING FOR SUBSET 11...
2024-08-29 00:24:55,488 - INFO - --------------------------------
2024-08-29 00:24:55,491 - INFO - ROC AUC Score: 0.6329146537842191
2024-08-29 00:24:55,491 - INFO - Confusion Matrix: 
[[84 31]
 [65 70]]
2024-08-29 00:24:55,491 - INFO - Precision: 0.693069306930693
2024-08-29 00:24:55,491 - INFO - Recall: 0.5185185185185185
2024-08-29 00:24:55,492 - INFO - Model evaluated successfully for subset 11.
2024-08-29 00:24:55,492 - INFO - ------------------------------
2024-08-29 00:24:55,492 - INFO - EVALUATE MODEL STAGE COMPLETED FOR SUBSET 11
2024-08-29 00:24:55,492 - INFO - ------------------------------
2024-08-29 00:24:55,494 - INFO - Model predictions saved to csv successfully.
2024-08-29 00:24:55,494 - INFO - ------------------
2024-08-29 00:24:55,494 - INFO - PIPELINE COMPLETED
2024-08-29 00:24:55,494 - INFO - ------------------
