2024-07-24 13:06:35 - INFO - -------------------------------------------
2024-07-24 13:06:35 - INFO - Logging setup complete - starting pipeline.
2024-07-24 13:06:35 - INFO - -------------------------------------------
2024-07-24 13:06:38 - INFO - Using seed 42 for this pipeline run.
2024-07-24 13:06:38 - INFO - Datasets loaded successfully.
2024-07-24 13:06:38 - INFO - Starting preprocessing of the merged dataset...
2024-07-24 13:06:38 - INFO - ---------------------------------
2024-07-24 13:06:38 - INFO - PRE-PROCESSING STAGE STARTING...
2024-07-24 13:06:38 - INFO - ---------------------------------
2024-07-24 13:06:38 - INFO - Dropped initial columns: ['pain_when', 'is_smoker', 'per_day', 'max', 'amount', 'depression', 'anxiety', 'schizophrenia', 'max', 'amount', 'cocaine_inject_days', 'speedball_inject_days', 'opioid_inject_days', 'speed_inject_days', 'UDS_Alcohol_Count', 'UDS_Mdma/Hallucinogen_Count']
2024-07-24 13:06:38 - INFO - Converted Yes/No to binary.
2024-07-24 13:06:38 - INFO - Processed TLFB columns with specified columns: ['TLFB_Alcohol_Count', 'TLFB_Amphetamine_Count', 'TLFB_Cocaine_Count', 'TLFB_Heroin_Count', 'TLFB_Benzodiazepine_Count', 'TLFB_Opioid_Count', 'TLFB_THC_Count', 'TLFB_Methadone_Count', 'TLFB_Buprenorphine_Count']
2024-07-24 13:06:38 - INFO - Calculated behavioral columns.
2024-07-24 13:06:38 - INFO - Moved 'Rs_krupitsky_2004' column to the end.
2024-07-24 13:06:38 - INFO - Dropped initial columns: ['msm_npt', 'msm_frq', 'txx_prt']
2024-07-24 13:06:38 - INFO - transform_data_with_nan_handling success
2024-07-24 13:06:38 - INFO - Renamed columns according to the mapping.
2024-07-24 13:06:39 - INFO - Transformed NaN to 0 for binary columns.
2024-07-24 13:06:39 - INFO - Transformed and renamed 'heroin_inject_days' column to 'rbsivheroin'.
2024-07-24 13:06:39 - INFO - Filled NaN with 0 for 'ftnd' column.
2024-07-24 13:06:39 - INFO - Dropped additional columns: ['rbs_iv_days', 'race', 'RBS_cocaine_Days', 'RBS_heroin_Days', 'RBS_opioid_Days', 'RBS_speed_Days', 'RBS_speedball_Days']
2024-07-24 13:06:39 - INFO - Converted UDS drug counts to binary.
2024-07-24 13:06:39 - INFO - ------------------------------
2024-07-24 13:06:39 - INFO - PRE-PROCESSING STAGE COMPLETED
2024-07-24 13:06:39 - INFO - ------------------------------
2024-07-24 13:06:39 - INFO - Merged dataset preprocessed successfully.
2024-07-24 13:06:39 - INFO - Creating demographic subsets from preprocessed data...
2024-07-24 13:06:46 - INFO - Created 11 subsets successfully.
2024-07-24 13:06:46 - INFO - Creating merged subsets from create_demographics_dfs function
2024-07-24 13:06:46 - INFO - Created 11 subsets successfully.
2024-07-24 13:06:46 - INFO - Starting model training and evaluation with seed 42...
2024-07-24 13:06:46 - INFO - Subset 1 demographic makeup: 500 1, 242 3, 162 2, 96 4
2024-07-24 13:06:46 - INFO - Processing subset 1...
2024-07-24 13:06:46 - INFO - -----------------------------
2024-07-24 13:06:46 - INFO - TRAIN MODEL STAGE STARTING FOR SUBSET 1...
2024-07-24 13:06:46 - INFO - -----------------------------
2024-07-24 13:06:46 - INFO - Scaling features and applying LASSO for feature selection...
2024-07-24 13:06:54 - INFO - Selected features (including required): ['who', 'is_female']
2024-07-24 13:06:54 - INFO - Fitting logistic regression model with the selected features...
2024-07-24 13:06:54 - INFO - Model training completed successfully.
2024-07-24 13:06:54 - INFO - Calculating the dynamic threshold based on the proportion of positive outcomes...
2024-07-24 13:06:54 - INFO - Ratio of 1s to 0s in the outcome variable: 0.81 : 0.19
2024-07-24 13:06:54 - INFO - Dynamic threshold set to: 0.812
2024-07-24 13:06:54 - INFO - Model trained and saved successfully for subset 1.
2024-07-24 13:06:54 - INFO - ---------------------------
2024-07-24 13:06:54 - INFO - TRAIN MODEL STAGE COMPLETED FOR SUBSET 1
2024-07-24 13:06:54 - INFO - ---------------------------
2024-07-24 13:06:54 - INFO - --------------------------------
2024-07-24 13:06:54 - INFO - EVALUATE MODEL STAGE STARTING FOR SUBSET 1...
2024-07-24 13:06:54 - INFO - --------------------------------
2024-07-24 13:06:54 - INFO - ROC AUC Score: 0.4539356461586836
2024-07-24 13:06:54 - INFO - Confusion Matrix: 
[[ 29  18]
 [142  61]]
2024-07-24 13:06:54 - INFO - Precision: 0.7721518987341772
2024-07-24 13:06:54 - INFO - Recall: 0.30049261083743845
2024-07-24 13:06:54 - INFO - Model evaluated successfully for subset 1.
2024-07-24 13:06:54 - INFO - ------------------------------
2024-07-24 13:06:54 - INFO - EVALUATE MODEL STAGE COMPLETED FOR SUBSET 1
2024-07-24 13:06:54 - INFO - ------------------------------
2024-07-24 13:06:54 - INFO - Subset 2 demographic makeup: 550 1, 216 3, 147 2, 87 4
2024-07-24 13:06:54 - INFO - Processing subset 2...
2024-07-24 13:06:54 - INFO - -----------------------------
2024-07-24 13:06:54 - INFO - TRAIN MODEL STAGE STARTING FOR SUBSET 2...
2024-07-24 13:06:54 - INFO - -----------------------------
2024-07-24 13:06:54 - INFO - Scaling features and applying LASSO for feature selection...
2024-07-24 13:07:03 - INFO - Selected features (including required): ['age', 'UDS_Amphetamine_Count', 'UDS_Buprenorphine_Count', 'UDS_Cocaine_Count', 'UDS_Methadone_Count', 'UDS_Opioid_Count', 'has_schizophrenia', 'has_bipolar', 'has_alcol_dx', 'XTRT', 'shared', 'TLFB_Alcohol_Count', 'TLFB_Buprenorphine_Count', 'TLFB_Cocaine_Count', 'TLFB_Methadone_Count', 'Homosexual_Behavior', 'who', 'is_female']
2024-07-24 13:07:03 - INFO - Fitting logistic regression model with the selected features...
2024-07-24 13:07:03 - INFO - Model training completed successfully.
2024-07-24 13:07:03 - INFO - Calculating the dynamic threshold based on the proportion of positive outcomes...
2024-07-24 13:07:03 - INFO - Ratio of 1s to 0s in the outcome variable: 0.81 : 0.19
2024-07-24 13:07:03 - INFO - Dynamic threshold set to: 0.812
2024-07-24 13:07:03 - INFO - Model trained and saved successfully for subset 2.
2024-07-24 13:07:03 - INFO - ---------------------------
2024-07-24 13:07:03 - INFO - TRAIN MODEL STAGE COMPLETED FOR SUBSET 2
2024-07-24 13:07:03 - INFO - ---------------------------
2024-07-24 13:07:03 - INFO - --------------------------------
2024-07-24 13:07:03 - INFO - EVALUATE MODEL STAGE STARTING FOR SUBSET 2...
2024-07-24 13:07:03 - INFO - --------------------------------
2024-07-24 13:07:03 - INFO - ROC AUC Score: 0.686406037103029
2024-07-24 13:07:03 - INFO - Confusion Matrix: 
[[ 27  20]
 [ 60 143]]
2024-07-24 13:07:03 - INFO - Precision: 0.8773006134969326
2024-07-24 13:07:03 - INFO - Recall: 0.7044334975369458
2024-07-24 13:07:03 - INFO - Model evaluated successfully for subset 2.
2024-07-24 13:07:03 - INFO - ------------------------------
2024-07-24 13:07:03 - INFO - EVALUATE MODEL STAGE COMPLETED FOR SUBSET 2
2024-07-24 13:07:03 - INFO - ------------------------------
2024-07-24 13:07:03 - INFO - Subset 3 demographic makeup: 600 1, 194 3, 131 2, 75 4
2024-07-24 13:07:03 - INFO - Processing subset 3...
2024-07-24 13:07:03 - INFO - -----------------------------
2024-07-24 13:07:03 - INFO - TRAIN MODEL STAGE STARTING FOR SUBSET 3...
2024-07-24 13:07:03 - INFO - -----------------------------
2024-07-24 13:07:03 - INFO - Scaling features and applying LASSO for feature selection...
2024-07-24 13:07:12 - INFO - Selected features (including required): ['who', 'is_female']
2024-07-24 13:07:12 - INFO - Fitting logistic regression model with the selected features...
2024-07-24 13:07:12 - INFO - Model training completed successfully.
2024-07-24 13:07:12 - INFO - Calculating the dynamic threshold based on the proportion of positive outcomes...
2024-07-24 13:07:12 - INFO - Ratio of 1s to 0s in the outcome variable: 0.84 : 0.16
2024-07-24 13:07:12 - INFO - Dynamic threshold set to: 0.84
2024-07-24 13:07:12 - INFO - Model trained and saved successfully for subset 3.
2024-07-24 13:07:12 - INFO - ---------------------------
2024-07-24 13:07:12 - INFO - TRAIN MODEL STAGE COMPLETED FOR SUBSET 3
2024-07-24 13:07:12 - INFO - ---------------------------
2024-07-24 13:07:12 - INFO - --------------------------------
2024-07-24 13:07:12 - INFO - EVALUATE MODEL STAGE STARTING FOR SUBSET 3...
2024-07-24 13:07:12 - INFO - --------------------------------
2024-07-24 13:07:12 - INFO - ROC AUC Score: 0.45190476190476186
2024-07-24 13:07:12 - INFO - Confusion Matrix: 
[[ 25  15]
 [144  66]]
2024-07-24 13:07:12 - INFO - Precision: 0.8148148148148148
2024-07-24 13:07:12 - INFO - Recall: 0.3142857142857143
2024-07-24 13:07:12 - INFO - Model evaluated successfully for subset 3.
2024-07-24 13:07:12 - INFO - ------------------------------
2024-07-24 13:07:12 - INFO - EVALUATE MODEL STAGE COMPLETED FOR SUBSET 3
2024-07-24 13:07:12 - INFO - ------------------------------
2024-07-24 13:07:12 - INFO - Subset 4 demographic makeup: 650 1, 166 3, 119 2, 65 4
2024-07-24 13:07:12 - INFO - Processing subset 4...
2024-07-24 13:07:12 - INFO - -----------------------------
2024-07-24 13:07:12 - INFO - TRAIN MODEL STAGE STARTING FOR SUBSET 4...
2024-07-24 13:07:12 - INFO - -----------------------------
2024-07-24 13:07:12 - INFO - Scaling features and applying LASSO for feature selection...
2024-07-24 13:07:22 - INFO - Selected features (including required): ['who', 'is_female']
2024-07-24 13:07:22 - INFO - Fitting logistic regression model with the selected features...
2024-07-24 13:07:22 - INFO - Model training completed successfully.
2024-07-24 13:07:22 - INFO - Calculating the dynamic threshold based on the proportion of positive outcomes...
2024-07-24 13:07:22 - INFO - Ratio of 1s to 0s in the outcome variable: 0.81 : 0.19
2024-07-24 13:07:22 - INFO - Dynamic threshold set to: 0.812
2024-07-24 13:07:22 - INFO - Model trained and saved successfully for subset 4.
2024-07-24 13:07:22 - INFO - ---------------------------
2024-07-24 13:07:22 - INFO - TRAIN MODEL STAGE COMPLETED FOR SUBSET 4
2024-07-24 13:07:22 - INFO - ---------------------------
2024-07-24 13:07:22 - INFO - --------------------------------
2024-07-24 13:07:22 - INFO - EVALUATE MODEL STAGE STARTING FOR SUBSET 4...
2024-07-24 13:07:22 - INFO - --------------------------------
2024-07-24 13:07:22 - INFO - ROC AUC Score: 0.4841211613038465
2024-07-24 13:07:22 - INFO - Confusion Matrix: 
[[  0  47]
 [  0 203]]
2024-07-24 13:07:22 - INFO - Precision: 0.812
2024-07-24 13:07:22 - INFO - Recall: 1.0
2024-07-24 13:07:22 - INFO - Model evaluated successfully for subset 4.
2024-07-24 13:07:22 - INFO - ------------------------------
2024-07-24 13:07:22 - INFO - EVALUATE MODEL STAGE COMPLETED FOR SUBSET 4
2024-07-24 13:07:22 - INFO - ------------------------------
2024-07-24 13:07:22 - INFO - Subset 5 demographic makeup: 700 1, 142 3, 100 2, 58 4
2024-07-24 13:07:22 - INFO - Processing subset 5...
2024-07-24 13:07:22 - INFO - -----------------------------
2024-07-24 13:07:22 - INFO - TRAIN MODEL STAGE STARTING FOR SUBSET 5...
2024-07-24 13:07:22 - INFO - -----------------------------
2024-07-24 13:07:22 - INFO - Scaling features and applying LASSO for feature selection...
2024-07-24 13:07:30 - INFO - Selected features (including required): ['who', 'is_female']
2024-07-24 13:07:30 - INFO - Fitting logistic regression model with the selected features...
2024-07-24 13:07:30 - INFO - Model training completed successfully.
2024-07-24 13:07:30 - INFO - Calculating the dynamic threshold based on the proportion of positive outcomes...
2024-07-24 13:07:30 - INFO - Ratio of 1s to 0s in the outcome variable: 0.84 : 0.16
2024-07-24 13:07:30 - INFO - Dynamic threshold set to: 0.836
2024-07-24 13:07:30 - INFO - Model trained and saved successfully for subset 5.
2024-07-24 13:07:30 - INFO - ---------------------------
2024-07-24 13:07:30 - INFO - TRAIN MODEL STAGE COMPLETED FOR SUBSET 5
2024-07-24 13:07:30 - INFO - ---------------------------
2024-07-24 13:07:30 - INFO - --------------------------------
2024-07-24 13:07:30 - INFO - EVALUATE MODEL STAGE STARTING FOR SUBSET 5...
2024-07-24 13:07:30 - INFO - --------------------------------
2024-07-24 13:07:30 - INFO - ROC AUC Score: 0.47776870113198733
2024-07-24 13:07:30 - INFO - Confusion Matrix: 
[[ 40   1]
 [195  14]]
2024-07-24 13:07:30 - INFO - Precision: 0.9333333333333333
2024-07-24 13:07:30 - INFO - Recall: 0.06698564593301436
2024-07-24 13:07:30 - INFO - Model evaluated successfully for subset 5.
2024-07-24 13:07:30 - INFO - ------------------------------
2024-07-24 13:07:30 - INFO - EVALUATE MODEL STAGE COMPLETED FOR SUBSET 5
2024-07-24 13:07:30 - INFO - ------------------------------
2024-07-24 13:07:30 - INFO - Subset 6 demographic makeup: 750 1, 119 3, 83 2, 48 4
2024-07-24 13:07:30 - INFO - Processing subset 6...
2024-07-24 13:07:30 - INFO - -----------------------------
2024-07-24 13:07:30 - INFO - TRAIN MODEL STAGE STARTING FOR SUBSET 6...
2024-07-24 13:07:30 - INFO - -----------------------------
2024-07-24 13:07:30 - INFO - Scaling features and applying LASSO for feature selection...
2024-07-24 13:07:39 - INFO - Selected features (including required): ['age', 'UDS_Amphetamine_Count', 'UDS_Benzodiazepine_Count', 'UDS_Cocaine_Count', 'UDS_Methadone_Count', 'UDS_Opioid_Count', 'pain', 'has_schizophrenia', 'has_major_dep', 'has_anx_pan', 'has_alcol_dx', 'has_cocaine_dx', 'has_sedatives_dx', 'ftnd', 'XTRT', 'TLFB_Alcohol_Count', 'TLFB_Benzodiazepine_Count', 'TLFB_Buprenorphine_Count', 'TLFB_Cocaine_Count', 'TLFB_Methadone_Count', 'TLFB_Opioid_Count', 'who', 'is_female']
2024-07-24 13:07:39 - INFO - Fitting logistic regression model with the selected features...
2024-07-24 13:07:39 - INFO - Model training completed successfully.
2024-07-24 13:07:39 - INFO - Calculating the dynamic threshold based on the proportion of positive outcomes...
2024-07-24 13:07:39 - INFO - Ratio of 1s to 0s in the outcome variable: 0.84 : 0.16
2024-07-24 13:07:39 - INFO - Dynamic threshold set to: 0.844
2024-07-24 13:07:39 - INFO - Model trained and saved successfully for subset 6.
2024-07-24 13:07:39 - INFO - ---------------------------
2024-07-24 13:07:39 - INFO - TRAIN MODEL STAGE COMPLETED FOR SUBSET 6
2024-07-24 13:07:39 - INFO - ---------------------------
2024-07-24 13:07:39 - INFO - --------------------------------
2024-07-24 13:07:39 - INFO - EVALUATE MODEL STAGE STARTING FOR SUBSET 6...
2024-07-24 13:07:39 - INFO - --------------------------------
2024-07-24 13:07:39 - INFO - ROC AUC Score: 0.6993559363227609
2024-07-24 13:07:39 - INFO - Confusion Matrix: 
[[ 26  13]
 [ 95 116]]
2024-07-24 13:07:39 - INFO - Precision: 0.8992248062015504
2024-07-24 13:07:39 - INFO - Recall: 0.5497630331753555
2024-07-24 13:07:39 - INFO - Model evaluated successfully for subset 6.
2024-07-24 13:07:39 - INFO - ------------------------------
2024-07-24 13:07:39 - INFO - EVALUATE MODEL STAGE COMPLETED FOR SUBSET 6
2024-07-24 13:07:39 - INFO - ------------------------------
2024-07-24 13:07:39 - INFO - Subset 7 demographic makeup: 800 1, 90 3, 70 2, 40 4
2024-07-24 13:07:39 - INFO - Processing subset 7...
2024-07-24 13:07:39 - INFO - -----------------------------
2024-07-24 13:07:39 - INFO - TRAIN MODEL STAGE STARTING FOR SUBSET 7...
2024-07-24 13:07:39 - INFO - -----------------------------
2024-07-24 13:07:39 - INFO - Scaling features and applying LASSO for feature selection...
2024-07-24 13:07:49 - INFO - Selected features (including required): ['age', 'UDS_Amphetamine_Count', 'UDS_Benzodiazepine_Count', 'UDS_Cocaine_Count', 'UDS_Methadone_Count', 'UDS_Opioid_Count', 'pain', 'has_schizophrenia', 'has_alcol_dx', 'has_sedatives_dx', 'XTRT', 'TLFB_Alcohol_Count', 'TLFB_Benzodiazepine_Count', 'TLFB_Buprenorphine_Count', 'TLFB_Methadone_Count', 'TLFB_Opioid_Count', 'Non_monogamous_Relationships', 'who', 'is_female']
2024-07-24 13:07:49 - INFO - Fitting logistic regression model with the selected features...
2024-07-24 13:07:49 - INFO - Model training completed successfully.
2024-07-24 13:07:49 - INFO - Calculating the dynamic threshold based on the proportion of positive outcomes...
2024-07-24 13:07:49 - INFO - Ratio of 1s to 0s in the outcome variable: 0.82 : 0.18
2024-07-24 13:07:49 - INFO - Dynamic threshold set to: 0.816
2024-07-24 13:07:49 - INFO - Model trained and saved successfully for subset 7.
2024-07-24 13:07:49 - INFO - ---------------------------
2024-07-24 13:07:49 - INFO - TRAIN MODEL STAGE COMPLETED FOR SUBSET 7
2024-07-24 13:07:49 - INFO - ---------------------------
2024-07-24 13:07:49 - INFO - --------------------------------
2024-07-24 13:07:49 - INFO - EVALUATE MODEL STAGE STARTING FOR SUBSET 7...
2024-07-24 13:07:49 - INFO - --------------------------------
2024-07-24 13:07:49 - INFO - ROC AUC Score: 0.6902173913043478
2024-07-24 13:07:49 - INFO - Confusion Matrix: 
[[ 25  21]
 [ 58 146]]
2024-07-24 13:07:49 - INFO - Precision: 0.874251497005988
2024-07-24 13:07:49 - INFO - Recall: 0.7156862745098039
2024-07-24 13:07:49 - INFO - Model evaluated successfully for subset 7.
2024-07-24 13:07:49 - INFO - ------------------------------
2024-07-24 13:07:49 - INFO - EVALUATE MODEL STAGE COMPLETED FOR SUBSET 7
2024-07-24 13:07:49 - INFO - ------------------------------
2024-07-24 13:07:49 - INFO - Subset 8 demographic makeup: 850 1, 66 3, 56 2, 28 4
2024-07-24 13:07:49 - INFO - Processing subset 8...
2024-07-24 13:07:49 - INFO - -----------------------------
2024-07-24 13:07:49 - INFO - TRAIN MODEL STAGE STARTING FOR SUBSET 8...
2024-07-24 13:07:49 - INFO - -----------------------------
2024-07-24 13:07:49 - INFO - Scaling features and applying LASSO for feature selection...
2024-07-24 13:07:55 - INFO - Selected features (including required): ['who', 'RaceEth', 'age', 'is_female', 'UDS_Amphetamine_Count', 'UDS_Benzodiazepine_Count', 'UDS_Buprenorphine_Count', 'UDS_Cocaine_Count', 'UDS_Methadone_Count', 'UDS_Opioid_Count', 'UDS_Sedatives_Count', 'pain', 'has_schizophrenia', 'has_major_dep', 'has_anx_pan', 'has_brain_damage', 'has_epilepsy', 'has_alcol_dx', 'has_cocaine_dx', 'has_sedatives_dx', 'ftnd', 'XTRT', 'shared', 'rbsivheroin', 'TLFB_Alcohol_Count', 'TLFB_Benzodiazepine_Count', 'TLFB_Buprenorphine_Count', 'TLFB_Heroin_Count', 'TLFB_Methadone_Count', 'TLFB_Opioid_Count', 'TLFB_THC_Count', 'Non_monogamous_Relationships']
2024-07-24 13:07:55 - INFO - Fitting logistic regression model with the selected features...
2024-07-24 13:07:56 - INFO - Model training completed successfully.
2024-07-24 13:07:56 - INFO - Calculating the dynamic threshold based on the proportion of positive outcomes...
2024-07-24 13:07:56 - INFO - Ratio of 1s to 0s in the outcome variable: 0.80 : 0.20
2024-07-24 13:07:56 - INFO - Dynamic threshold set to: 0.8
2024-07-24 13:07:56 - INFO - Model trained and saved successfully for subset 8.
2024-07-24 13:07:56 - INFO - ---------------------------
2024-07-24 13:07:56 - INFO - TRAIN MODEL STAGE COMPLETED FOR SUBSET 8
2024-07-24 13:07:56 - INFO - ---------------------------
2024-07-24 13:07:56 - INFO - --------------------------------
2024-07-24 13:07:56 - INFO - EVALUATE MODEL STAGE STARTING FOR SUBSET 8...
2024-07-24 13:07:56 - INFO - --------------------------------
2024-07-24 13:07:56 - INFO - ROC AUC Score: 0.6365999999999999
2024-07-24 13:07:56 - INFO - Confusion Matrix: 
[[ 23  27]
 [ 55 145]]
2024-07-24 13:07:56 - INFO - Precision: 0.8430232558139535
2024-07-24 13:07:56 - INFO - Recall: 0.725
2024-07-24 13:07:56 - INFO - Model evaluated successfully for subset 8.
2024-07-24 13:07:56 - INFO - ------------------------------
2024-07-24 13:07:56 - INFO - EVALUATE MODEL STAGE COMPLETED FOR SUBSET 8
2024-07-24 13:07:56 - INFO - ------------------------------
2024-07-24 13:07:56 - INFO - Subset 9 demographic makeup: 900 1, 47 3, 36 2, 17 4
2024-07-24 13:07:56 - INFO - Processing subset 9...
2024-07-24 13:07:56 - INFO - -----------------------------
2024-07-24 13:07:56 - INFO - TRAIN MODEL STAGE STARTING FOR SUBSET 9...
2024-07-24 13:07:56 - INFO - -----------------------------
2024-07-24 13:07:56 - INFO - Scaling features and applying LASSO for feature selection...
2024-07-24 13:08:02 - INFO - Selected features (including required): ['age', 'UDS_Amphetamine_Count', 'UDS_Cocaine_Count', 'UDS_Opioid_Count', 'UDS_Sedatives_Count', 'has_schizophrenia', 'has_brain_damage', 'has_alcol_dx', 'has_sedatives_dx', 'ftnd', 'XTRT', 'TLFB_Alcohol_Count', 'TLFB_Buprenorphine_Count', 'TLFB_Methadone_Count', 'TLFB_Opioid_Count', 'TLFB_THC_Count', 'Non_monogamous_Relationships', 'who', 'is_female']
2024-07-24 13:08:02 - INFO - Fitting logistic regression model with the selected features...
2024-07-24 13:08:02 - INFO - Model training completed successfully.
2024-07-24 13:08:02 - INFO - Calculating the dynamic threshold based on the proportion of positive outcomes...
2024-07-24 13:08:02 - INFO - Ratio of 1s to 0s in the outcome variable: 0.82 : 0.18
2024-07-24 13:08:02 - INFO - Dynamic threshold set to: 0.816
2024-07-24 13:08:02 - INFO - Model trained and saved successfully for subset 9.
2024-07-24 13:08:02 - INFO - ---------------------------
2024-07-24 13:08:02 - INFO - TRAIN MODEL STAGE COMPLETED FOR SUBSET 9
2024-07-24 13:08:02 - INFO - ---------------------------
2024-07-24 13:08:02 - INFO - --------------------------------
2024-07-24 13:08:02 - INFO - EVALUATE MODEL STAGE STARTING FOR SUBSET 9...
2024-07-24 13:08:02 - INFO - --------------------------------
2024-07-24 13:08:02 - INFO - ROC AUC Score: 0.6578218243819267
2024-07-24 13:08:02 - INFO - Confusion Matrix: 
[[ 20  26]
 [ 57 147]]
2024-07-24 13:08:02 - INFO - Precision: 0.8497109826589595
2024-07-24 13:08:02 - INFO - Recall: 0.7205882352941176
2024-07-24 13:08:02 - INFO - Model evaluated successfully for subset 9.
2024-07-24 13:08:02 - INFO - ------------------------------
2024-07-24 13:08:02 - INFO - EVALUATE MODEL STAGE COMPLETED FOR SUBSET 9
2024-07-24 13:08:02 - INFO - ------------------------------
2024-07-24 13:08:02 - INFO - Subset 10 demographic makeup: 950 1, 24 3, 17 2, 9 4
2024-07-24 13:08:02 - INFO - Processing subset 10...
2024-07-24 13:08:02 - INFO - -----------------------------
2024-07-24 13:08:02 - INFO - TRAIN MODEL STAGE STARTING FOR SUBSET 10...
2024-07-24 13:08:02 - INFO - -----------------------------
2024-07-24 13:08:02 - INFO - Scaling features and applying LASSO for feature selection...
2024-07-24 13:08:09 - INFO - Selected features (including required): ['RaceEth', 'age', 'marital', 'UDS_Amphetamine_Count', 'UDS_Benzodiazepine_Count', 'UDS_Buprenorphine_Count', 'UDS_Cocaine_Count', 'UDS_Opioid_Count', 'UDS_Sedatives_Count', 'pain', 'has_schizophrenia', 'has_major_dep', 'has_brain_damage', 'has_alcol_dx', 'has_cocaine_dx', 'has_sedatives_dx', 'XTRT', 'shared', 'TLFB_Alcohol_Count', 'TLFB_Buprenorphine_Count', 'TLFB_Methadone_Count', 'TLFB_Opioid_Count', 'TLFB_THC_Count', 'Homosexual_Behavior', 'Non_monogamous_Relationships', 'who', 'is_female']
2024-07-24 13:08:09 - INFO - Fitting logistic regression model with the selected features...
2024-07-24 13:08:09 - INFO - Model training completed successfully.
2024-07-24 13:08:09 - INFO - Calculating the dynamic threshold based on the proportion of positive outcomes...
2024-07-24 13:08:09 - INFO - Ratio of 1s to 0s in the outcome variable: 0.81 : 0.19
2024-07-24 13:08:09 - INFO - Dynamic threshold set to: 0.812
2024-07-24 13:08:09 - INFO - Model trained and saved successfully for subset 10.
2024-07-24 13:08:09 - INFO - ---------------------------
2024-07-24 13:08:09 - INFO - TRAIN MODEL STAGE COMPLETED FOR SUBSET 10
2024-07-24 13:08:09 - INFO - ---------------------------
2024-07-24 13:08:09 - INFO - --------------------------------
2024-07-24 13:08:09 - INFO - EVALUATE MODEL STAGE STARTING FOR SUBSET 10...
2024-07-24 13:08:09 - INFO - --------------------------------
2024-07-24 13:08:09 - INFO - ROC AUC Score: 0.6955245781364636
2024-07-24 13:08:09 - INFO - Confusion Matrix: 
[[ 28  19]
 [ 60 143]]
2024-07-24 13:08:09 - INFO - Precision: 0.8827160493827161
2024-07-24 13:08:09 - INFO - Recall: 0.7044334975369458
2024-07-24 13:08:09 - INFO - Model evaluated successfully for subset 10.
2024-07-24 13:08:09 - INFO - ------------------------------
2024-07-24 13:08:09 - INFO - EVALUATE MODEL STAGE COMPLETED FOR SUBSET 10
2024-07-24 13:08:09 - INFO - ------------------------------
2024-07-24 13:08:09 - INFO - Subset 11 demographic makeup: 1000 1
2024-07-24 13:08:09 - INFO - Processing subset 11...
2024-07-24 13:08:09 - INFO - -----------------------------
2024-07-24 13:08:09 - INFO - TRAIN MODEL STAGE STARTING FOR SUBSET 11...
2024-07-24 13:08:09 - INFO - -----------------------------
2024-07-24 13:08:09 - INFO - Scaling features and applying LASSO for feature selection...
2024-07-24 13:08:14 - INFO - Selected features (including required): ['who', 'is_female']
2024-07-24 13:08:14 - INFO - Fitting logistic regression model with the selected features...
2024-07-24 13:08:14 - INFO - Model training completed successfully.
2024-07-24 13:08:14 - INFO - Calculating the dynamic threshold based on the proportion of positive outcomes...
2024-07-24 13:08:14 - INFO - Ratio of 1s to 0s in the outcome variable: 0.83 : 0.17
2024-07-24 13:08:14 - INFO - Dynamic threshold set to: 0.832
2024-07-24 13:08:14 - INFO - Model trained and saved successfully for subset 11.
2024-07-24 13:08:14 - INFO - ---------------------------
2024-07-24 13:08:14 - INFO - TRAIN MODEL STAGE COMPLETED FOR SUBSET 11
2024-07-24 13:08:14 - INFO - ---------------------------
2024-07-24 13:08:14 - INFO - --------------------------------
2024-07-24 13:08:14 - INFO - EVALUATE MODEL STAGE STARTING FOR SUBSET 11...
2024-07-24 13:08:14 - INFO - --------------------------------
2024-07-24 13:08:14 - INFO - ROC AUC Score: 0.50503663003663
2024-07-24 13:08:14 - INFO - Confusion Matrix: 
[[ 38   4]
 [193  15]]
2024-07-24 13:08:14 - INFO - Precision: 0.7894736842105263
2024-07-24 13:08:14 - INFO - Recall: 0.07211538461538461
2024-07-24 13:08:14 - INFO - Model evaluated successfully for subset 11.
2024-07-24 13:08:14 - INFO - ------------------------------
2024-07-24 13:08:14 - INFO - EVALUATE MODEL STAGE COMPLETED FOR SUBSET 11
2024-07-24 13:08:14 - INFO - ------------------------------
2024-07-24 13:08:14 - INFO - Model training and evaluation completed with seed 42.
2024-07-24 13:08:14 - INFO - ------------------
2024-07-24 13:08:14 - INFO - PIPELINE COMPLETED
2024-07-24 13:08:14 - INFO - ------------------
