2024-08-07 12:23:57,989 - INFO - Global Seed set to: 23
2024-08-07 12:23:57,989 - INFO - Outcome Name: Rs_krupitsky_2004
2024-08-07 12:23:58,028 - INFO - Datasets loaded successfully.
2024-08-07 12:23:58,032 - INFO - Starting preprocessing of the merged dataset...
2024-08-07 12:23:58,032 - INFO - ---------------------------------
2024-08-07 12:23:58,032 - INFO - PRE-PROCESSING STAGE STARTING...
2024-08-07 12:23:58,032 - INFO - ---------------------------------
2024-08-07 12:23:58,126 - INFO - Dropped initial columns: ['pain_when', 'is_smoker', 'per_day', 'max', 'amount', 'depression', 'anxiety', 'schizophrenia', 'max', 'amount', 'cocaine_inject_days', 'speedball_inject_days', 'opioid_inject_days', 'speed_inject_days', 'UDS_Alcohol_Count', 'UDS_Mdma/Hallucinogen_Count']
2024-08-07 12:23:58,166 - INFO - Converted Yes/No to binary.
2024-08-07 12:23:58,172 - INFO - Processed TLFB columns with specified columns: ['TLFB_Alcohol_Count', 'TLFB_Amphetamine_Count', 'TLFB_Cocaine_Count', 'TLFB_Heroin_Count', 'TLFB_Benzodiazepine_Count', 'TLFB_Opioid_Count', 'TLFB_THC_Count', 'TLFB_Methadone_Count', 'TLFB_Buprenorphine_Count']
2024-08-07 12:23:58,176 - INFO - Calculated behavioral columns.
2024-08-07 12:23:58,179 - INFO - Moved 'Rs_krupitsky_2004' column to the end.
2024-08-07 12:23:58,262 - INFO - Dropped initial columns: ['msm_npt', 'msm_frq', 'txx_prt']
2024-08-07 12:23:58,281 - INFO - transform_data_with_nan_handling success
2024-08-07 12:23:58,282 - INFO - Renamed columns according to the mapping.
2024-08-07 12:23:58,318 - INFO - Transformed NaN to 0 for binary columns.
2024-08-07 12:23:58,319 - INFO - Transformed and renamed 'heroin_inject_days' column to 'rbsivheroin'.
2024-08-07 12:23:58,323 - INFO - Filled NaN with 0 for 'ftnd' column.
2024-08-07 12:23:58,439 - INFO - Dropped additional columns: ['rbs_iv_days', 'race', 'RBS_cocaine_Days', 'RBS_heroin_Days', 'RBS_opioid_Days', 'RBS_speed_Days', 'RBS_speedball_Days']
2024-08-07 12:23:58,455 - INFO - Converted UDS drug counts to binary.
2024-08-07 12:23:58,518 - INFO - ------------------------------
2024-08-07 12:23:58,518 - INFO - PRE-PROCESSING STAGE COMPLETED
2024-08-07 12:23:58,518 - INFO - ------------------------------
2024-08-07 12:23:58,519 - INFO - Merged dataset preprocessed successfully.
2024-08-07 12:23:58,519 - INFO - Creating demographic subsets from preprocessed data...
2024-08-07 12:24:06,614 - INFO - Created 11 subsets successfully.
2024-08-07 12:24:06,615 - INFO - Creating merged subsets from create_demographics_dfs function
2024-08-07 12:24:06,719 - INFO - Created 11 merged subsets successfully.
2024-08-07 12:24:06,720 - INFO - Subset 1 demographic makeup: 500 1, 249 3, 153 2, 98 4
2024-08-07 12:24:06,721 - INFO - Processing subset 1...
2024-08-07 12:24:06,721 - INFO - -----------------------------
2024-08-07 12:24:06,721 - INFO - TRAIN MODEL STAGE STARTING FOR SUBSET 1...
2024-08-07 12:24:06,721 - INFO - -----------------------------
2024-08-07 12:24:06,727 - INFO - Scaling features and applying LASSO for feature selection...
2024-08-07 12:24:10,608 - INFO - Selected features (including required): ['who', 'RaceEth', 'age', 'is_female', 'is_hispanic', 'unemployed', 'unstableliving', 'education', 'marital', 'UDS_Amphetamine_Count', 'UDS_Benzodiazepine_Count', 'UDS_Buprenorphine_Count', 'UDS_Cocaine_Count', 'UDS_Methadone_Count', 'UDS_Opioid_Count', 'UDS_Sedatives_Count', 'UDS_Thc_Count', 'pain', 'has_schizophrenia', 'has_major_dep', 'has_bipolar', 'has_anx_pan', 'has_brain_damage', 'has_epilepsy', 'has_alcol_dx', 'has_amphetamines_dx', 'has_cannabis_dx', 'has_cocaine_dx', 'has_sedatives_dx', 'ftnd', 'XTRT', 'shared', 'rbsivheroin', 'TLFB_Alcohol_Count', 'TLFB_Amphetamine_Count', 'TLFB_Benzodiazepine_Count', 'TLFB_Buprenorphine_Count', 'TLFB_Cocaine_Count', 'TLFB_Heroin_Count', 'TLFB_Methadone_Count', 'TLFB_Opioid_Count', 'TLFB_THC_Count', 'TLFB_Other', 'Homosexual_Behavior', 'Non_monogamous_Relationships']
2024-08-07 12:24:10,614 - INFO - Fitting logistic regression model with the selected features...
2024-08-07 12:24:11,250 - INFO - Model training completed successfully.
2024-08-07 12:24:11,250 - INFO - Calculating the dynamic threshold based on the proportion of positive outcomes...
2024-08-07 12:24:11,251 - INFO - Ratio of 1s to 0s in the outcome variable: 0.82 : 0.18
2024-08-07 12:24:11,251 - INFO - Dynamic threshold set to: 0.824
2024-08-07 12:24:11,251 - INFO - Model trained and saved successfully for subset 1.
2024-08-07 12:24:11,251 - INFO - ---------------------------
2024-08-07 12:24:11,251 - INFO - TRAIN MODEL STAGE COMPLETED FOR SUBSET 1
2024-08-07 12:24:11,251 - INFO - ---------------------------
2024-08-07 12:24:11,251 - INFO - --------------------------------
2024-08-07 12:24:11,251 - INFO - EVALUATE MODEL STAGE STARTING FOR SUBSET 1...
2024-08-07 12:24:11,251 - INFO - --------------------------------
2024-08-07 12:24:11,277 - INFO - ROC AUC Score: 0.6063548102383053
2024-08-07 12:24:11,279 - INFO - Confusion Matrix: 
[[ 26  18]
 [ 95 111]]
2024-08-07 12:24:11,279 - INFO - Precision: 0.8604651162790697
2024-08-07 12:24:11,279 - INFO - Recall: 0.5388349514563107
2024-08-07 12:24:11,283 - INFO - Model evaluated successfully for subset 1.
2024-08-07 12:24:11,283 - INFO - ------------------------------
2024-08-07 12:24:11,284 - INFO - EVALUATE MODEL STAGE COMPLETED FOR SUBSET 1
2024-08-07 12:24:11,284 - INFO - ------------------------------
2024-08-07 12:24:11,286 - INFO - Subset 2 demographic makeup: 550 1, 226 3, 133 2, 91 4
2024-08-07 12:24:11,286 - INFO - Processing subset 2...
2024-08-07 12:24:11,286 - INFO - -----------------------------
2024-08-07 12:24:11,287 - INFO - TRAIN MODEL STAGE STARTING FOR SUBSET 2...
2024-08-07 12:24:11,288 - INFO - -----------------------------
2024-08-07 12:24:11,296 - INFO - Scaling features and applying LASSO for feature selection...
2024-08-07 12:24:15,323 - INFO - Selected features (including required): ['who', 'RaceEth', 'age', 'is_female', 'is_hispanic', 'unemployed', 'unstableliving', 'education', 'marital', 'UDS_Amphetamine_Count', 'UDS_Benzodiazepine_Count', 'UDS_Buprenorphine_Count', 'UDS_Cocaine_Count', 'UDS_Methadone_Count', 'UDS_Opioid_Count', 'UDS_Sedatives_Count', 'UDS_Thc_Count', 'pain', 'has_schizophrenia', 'has_major_dep', 'has_bipolar', 'has_anx_pan', 'has_brain_damage', 'has_epilepsy', 'has_alcol_dx', 'has_amphetamines_dx', 'has_cannabis_dx', 'has_cocaine_dx', 'has_sedatives_dx', 'ftnd', 'XTRT', 'shared', 'rbsivheroin', 'TLFB_Alcohol_Count', 'TLFB_Amphetamine_Count', 'TLFB_Benzodiazepine_Count', 'TLFB_Buprenorphine_Count', 'TLFB_Cocaine_Count', 'TLFB_Heroin_Count', 'TLFB_Methadone_Count', 'TLFB_Opioid_Count', 'TLFB_THC_Count', 'TLFB_Other', 'Homosexual_Behavior', 'Non_monogamous_Relationships']
2024-08-07 12:24:15,328 - INFO - Fitting logistic regression model with the selected features...
2024-08-07 12:24:15,817 - INFO - Model training completed successfully.
2024-08-07 12:24:15,818 - INFO - Calculating the dynamic threshold based on the proportion of positive outcomes...
2024-08-07 12:24:15,818 - INFO - Ratio of 1s to 0s in the outcome variable: 0.84 : 0.16
2024-08-07 12:24:15,818 - INFO - Dynamic threshold set to: 0.836
2024-08-07 12:24:15,818 - INFO - Model trained and saved successfully for subset 2.
2024-08-07 12:24:15,818 - INFO - ---------------------------
2024-08-07 12:24:15,818 - INFO - TRAIN MODEL STAGE COMPLETED FOR SUBSET 2
2024-08-07 12:24:15,818 - INFO - ---------------------------
2024-08-07 12:24:15,818 - INFO - --------------------------------
2024-08-07 12:24:15,818 - INFO - EVALUATE MODEL STAGE STARTING FOR SUBSET 2...
2024-08-07 12:24:15,819 - INFO - --------------------------------
2024-08-07 12:24:15,833 - INFO - ROC AUC Score: 0.6209592717936747
2024-08-07 12:24:15,833 - INFO - Confusion Matrix: 
[[ 22  19]
 [ 80 129]]
2024-08-07 12:24:15,833 - INFO - Precision: 0.8716216216216216
2024-08-07 12:24:15,833 - INFO - Recall: 0.6172248803827751
2024-08-07 12:24:15,833 - INFO - Model evaluated successfully for subset 2.
2024-08-07 12:24:15,833 - INFO - ------------------------------
2024-08-07 12:24:15,833 - INFO - EVALUATE MODEL STAGE COMPLETED FOR SUBSET 2
2024-08-07 12:24:15,834 - INFO - ------------------------------
2024-08-07 12:24:15,843 - INFO - Subset 3 demographic makeup: 600 1, 201 3, 121 2, 78 4
2024-08-07 12:24:15,844 - INFO - Processing subset 3...
2024-08-07 12:24:15,844 - INFO - -----------------------------
2024-08-07 12:24:15,844 - INFO - TRAIN MODEL STAGE STARTING FOR SUBSET 3...
2024-08-07 12:24:15,845 - INFO - -----------------------------
2024-08-07 12:24:15,856 - INFO - Scaling features and applying LASSO for feature selection...
2024-08-07 12:24:16,962 - INFO - Selected features (including required): ['who', 'RaceEth', 'age', 'is_female', 'is_hispanic', 'unemployed', 'unstableliving', 'education', 'marital', 'UDS_Amphetamine_Count', 'UDS_Benzodiazepine_Count', 'UDS_Buprenorphine_Count', 'UDS_Cocaine_Count', 'UDS_Methadone_Count', 'UDS_Opioid_Count', 'UDS_Sedatives_Count', 'UDS_Thc_Count', 'pain', 'has_schizophrenia', 'has_major_dep', 'has_bipolar', 'has_anx_pan', 'has_brain_damage', 'has_epilepsy', 'has_alcol_dx', 'has_amphetamines_dx', 'has_cannabis_dx', 'has_cocaine_dx', 'has_sedatives_dx', 'ftnd', 'XTRT', 'shared', 'rbsivheroin', 'TLFB_Alcohol_Count', 'TLFB_Amphetamine_Count', 'TLFB_Benzodiazepine_Count', 'TLFB_Buprenorphine_Count', 'TLFB_Cocaine_Count', 'TLFB_Heroin_Count', 'TLFB_Methadone_Count', 'TLFB_Opioid_Count', 'TLFB_THC_Count', 'TLFB_Other', 'Homosexual_Behavior', 'Non_monogamous_Relationships']
2024-08-07 12:24:16,967 - INFO - Fitting logistic regression model with the selected features...
2024-08-07 12:24:17,715 - INFO - Model training completed successfully.
2024-08-07 12:24:17,715 - INFO - Calculating the dynamic threshold based on the proportion of positive outcomes...
2024-08-07 12:24:17,715 - INFO - Ratio of 1s to 0s in the outcome variable: 0.82 : 0.18
2024-08-07 12:24:17,715 - INFO - Dynamic threshold set to: 0.816
2024-08-07 12:24:17,715 - INFO - Model trained and saved successfully for subset 3.
2024-08-07 12:24:17,716 - INFO - ---------------------------
2024-08-07 12:24:17,716 - INFO - TRAIN MODEL STAGE COMPLETED FOR SUBSET 3
2024-08-07 12:24:17,716 - INFO - ---------------------------
2024-08-07 12:24:17,716 - INFO - --------------------------------
2024-08-07 12:24:17,716 - INFO - EVALUATE MODEL STAGE STARTING FOR SUBSET 3...
2024-08-07 12:24:17,716 - INFO - --------------------------------
2024-08-07 12:24:17,728 - INFO - ROC AUC Score: 0.591538789428815
2024-08-07 12:24:17,728 - INFO - Confusion Matrix: 
[[ 22  24]
 [ 84 120]]
2024-08-07 12:24:17,728 - INFO - Precision: 0.8333333333333334
2024-08-07 12:24:17,728 - INFO - Recall: 0.5882352941176471
2024-08-07 12:24:17,728 - INFO - Model evaluated successfully for subset 3.
2024-08-07 12:24:17,728 - INFO - ------------------------------
2024-08-07 12:24:17,729 - INFO - EVALUATE MODEL STAGE COMPLETED FOR SUBSET 3
2024-08-07 12:24:17,729 - INFO - ------------------------------
2024-08-07 12:24:17,730 - INFO - Subset 4 demographic makeup: 650 1, 174 3, 106 2, 70 4
2024-08-07 12:24:17,730 - INFO - Processing subset 4...
2024-08-07 12:24:17,730 - INFO - -----------------------------
2024-08-07 12:24:17,730 - INFO - TRAIN MODEL STAGE STARTING FOR SUBSET 4...
2024-08-07 12:24:17,730 - INFO - -----------------------------
2024-08-07 12:24:17,740 - INFO - Scaling features and applying LASSO for feature selection...
2024-08-07 12:24:19,531 - INFO - Selected features (including required): ['who', 'RaceEth', 'age', 'is_female', 'is_hispanic', 'unemployed', 'unstableliving', 'education', 'marital', 'UDS_Amphetamine_Count', 'UDS_Benzodiazepine_Count', 'UDS_Buprenorphine_Count', 'UDS_Cocaine_Count', 'UDS_Methadone_Count', 'UDS_Opioid_Count', 'UDS_Sedatives_Count', 'UDS_Thc_Count', 'pain', 'has_schizophrenia', 'has_major_dep', 'has_bipolar', 'has_anx_pan', 'has_brain_damage', 'has_epilepsy', 'has_alcol_dx', 'has_amphetamines_dx', 'has_cannabis_dx', 'has_cocaine_dx', 'has_sedatives_dx', 'ftnd', 'XTRT', 'shared', 'rbsivheroin', 'TLFB_Alcohol_Count', 'TLFB_Amphetamine_Count', 'TLFB_Benzodiazepine_Count', 'TLFB_Buprenorphine_Count', 'TLFB_Cocaine_Count', 'TLFB_Heroin_Count', 'TLFB_Methadone_Count', 'TLFB_Opioid_Count', 'TLFB_THC_Count', 'TLFB_Other', 'Homosexual_Behavior', 'Non_monogamous_Relationships']
2024-08-07 12:24:19,536 - INFO - Fitting logistic regression model with the selected features...
2024-08-07 12:24:20,276 - INFO - Model training completed successfully.
2024-08-07 12:24:20,276 - INFO - Calculating the dynamic threshold based on the proportion of positive outcomes...
2024-08-07 12:24:20,276 - INFO - Ratio of 1s to 0s in the outcome variable: 0.86 : 0.14
2024-08-07 12:24:20,276 - INFO - Dynamic threshold set to: 0.856
2024-08-07 12:24:20,276 - INFO - Model trained and saved successfully for subset 4.
2024-08-07 12:24:20,277 - INFO - ---------------------------
2024-08-07 12:24:20,277 - INFO - TRAIN MODEL STAGE COMPLETED FOR SUBSET 4
2024-08-07 12:24:20,277 - INFO - ---------------------------
2024-08-07 12:24:20,277 - INFO - --------------------------------
2024-08-07 12:24:20,277 - INFO - EVALUATE MODEL STAGE STARTING FOR SUBSET 4...
2024-08-07 12:24:20,277 - INFO - --------------------------------
2024-08-07 12:24:20,289 - INFO - ROC AUC Score: 0.5920301142263759
2024-08-07 12:24:20,289 - INFO - Confusion Matrix: 
[[ 22  14]
 [116  98]]
2024-08-07 12:24:20,289 - INFO - Precision: 0.875
2024-08-07 12:24:20,290 - INFO - Recall: 0.45794392523364486
2024-08-07 12:24:20,290 - INFO - Model evaluated successfully for subset 4.
2024-08-07 12:24:20,290 - INFO - ------------------------------
2024-08-07 12:24:20,290 - INFO - EVALUATE MODEL STAGE COMPLETED FOR SUBSET 4
2024-08-07 12:24:20,290 - INFO - ------------------------------
2024-08-07 12:24:20,291 - INFO - Subset 5 demographic makeup: 700 1, 152 3, 91 2, 57 4
2024-08-07 12:24:20,291 - INFO - Processing subset 5...
2024-08-07 12:24:20,291 - INFO - -----------------------------
2024-08-07 12:24:20,291 - INFO - TRAIN MODEL STAGE STARTING FOR SUBSET 5...
2024-08-07 12:24:20,292 - INFO - -----------------------------
2024-08-07 12:24:20,300 - INFO - Scaling features and applying LASSO for feature selection...
2024-08-07 12:24:22,103 - INFO - Selected features (including required): ['who', 'RaceEth', 'age', 'is_female', 'is_hispanic', 'unemployed', 'unstableliving', 'education', 'marital', 'UDS_Amphetamine_Count', 'UDS_Benzodiazepine_Count', 'UDS_Buprenorphine_Count', 'UDS_Cocaine_Count', 'UDS_Methadone_Count', 'UDS_Opioid_Count', 'UDS_Sedatives_Count', 'UDS_Thc_Count', 'pain', 'has_schizophrenia', 'has_major_dep', 'has_bipolar', 'has_anx_pan', 'has_brain_damage', 'has_epilepsy', 'has_alcol_dx', 'has_amphetamines_dx', 'has_cannabis_dx', 'has_cocaine_dx', 'has_sedatives_dx', 'ftnd', 'XTRT', 'shared', 'rbsivheroin', 'TLFB_Alcohol_Count', 'TLFB_Amphetamine_Count', 'TLFB_Benzodiazepine_Count', 'TLFB_Buprenorphine_Count', 'TLFB_Cocaine_Count', 'TLFB_Heroin_Count', 'TLFB_Methadone_Count', 'TLFB_Opioid_Count', 'TLFB_THC_Count', 'TLFB_Other', 'Homosexual_Behavior', 'Non_monogamous_Relationships']
2024-08-07 12:24:22,108 - INFO - Fitting logistic regression model with the selected features...
2024-08-07 12:24:22,899 - INFO - Model training completed successfully.
2024-08-07 12:24:22,899 - INFO - Calculating the dynamic threshold based on the proportion of positive outcomes...
2024-08-07 12:24:22,900 - INFO - Ratio of 1s to 0s in the outcome variable: 0.83 : 0.17
2024-08-07 12:24:22,900 - INFO - Dynamic threshold set to: 0.828
2024-08-07 12:24:22,901 - INFO - Model trained and saved successfully for subset 5.
2024-08-07 12:24:22,901 - INFO - ---------------------------
2024-08-07 12:24:22,902 - INFO - TRAIN MODEL STAGE COMPLETED FOR SUBSET 5
2024-08-07 12:24:22,904 - INFO - ---------------------------
2024-08-07 12:24:22,905 - INFO - --------------------------------
2024-08-07 12:24:22,906 - INFO - EVALUATE MODEL STAGE STARTING FOR SUBSET 5...
2024-08-07 12:24:22,906 - INFO - --------------------------------
2024-08-07 12:24:22,936 - INFO - ROC AUC Score: 0.61139197842939
2024-08-07 12:24:22,936 - INFO - Confusion Matrix: 
[[ 23  20]
 [ 86 121]]
2024-08-07 12:24:22,937 - INFO - Precision: 0.8581560283687943
2024-08-07 12:24:22,937 - INFO - Recall: 0.5845410628019324
2024-08-07 12:24:22,937 - INFO - Model evaluated successfully for subset 5.
2024-08-07 12:24:22,937 - INFO - ------------------------------
2024-08-07 12:24:22,938 - INFO - EVALUATE MODEL STAGE COMPLETED FOR SUBSET 5
2024-08-07 12:24:22,938 - INFO - ------------------------------
2024-08-07 12:24:22,939 - INFO - Subset 6 demographic makeup: 750 1, 131 3, 72 2, 47 4
2024-08-07 12:24:22,940 - INFO - Processing subset 6...
2024-08-07 12:24:22,944 - INFO - -----------------------------
2024-08-07 12:24:22,945 - INFO - TRAIN MODEL STAGE STARTING FOR SUBSET 6...
2024-08-07 12:24:22,947 - INFO - -----------------------------
2024-08-07 12:24:22,958 - INFO - Scaling features and applying LASSO for feature selection...
2024-08-07 12:24:24,532 - INFO - Selected features (including required): ['who', 'RaceEth', 'age', 'is_female', 'is_hispanic', 'unemployed', 'unstableliving', 'education', 'marital', 'UDS_Amphetamine_Count', 'UDS_Benzodiazepine_Count', 'UDS_Buprenorphine_Count', 'UDS_Cocaine_Count', 'UDS_Methadone_Count', 'UDS_Opioid_Count', 'UDS_Sedatives_Count', 'UDS_Thc_Count', 'pain', 'has_schizophrenia', 'has_major_dep', 'has_bipolar', 'has_anx_pan', 'has_brain_damage', 'has_epilepsy', 'has_alcol_dx', 'has_amphetamines_dx', 'has_cannabis_dx', 'has_cocaine_dx', 'has_sedatives_dx', 'ftnd', 'XTRT', 'shared', 'rbsivheroin', 'TLFB_Alcohol_Count', 'TLFB_Amphetamine_Count', 'TLFB_Benzodiazepine_Count', 'TLFB_Buprenorphine_Count', 'TLFB_Cocaine_Count', 'TLFB_Heroin_Count', 'TLFB_Methadone_Count', 'TLFB_Opioid_Count', 'TLFB_THC_Count', 'TLFB_Other', 'Homosexual_Behavior', 'Non_monogamous_Relationships']
2024-08-07 12:24:24,540 - INFO - Fitting logistic regression model with the selected features...
2024-08-07 12:24:25,393 - INFO - Model training completed successfully.
2024-08-07 12:24:25,393 - INFO - Calculating the dynamic threshold based on the proportion of positive outcomes...
2024-08-07 12:24:25,394 - INFO - Ratio of 1s to 0s in the outcome variable: 0.80 : 0.20
2024-08-07 12:24:25,394 - INFO - Dynamic threshold set to: 0.804
2024-08-07 12:24:25,394 - INFO - Model trained and saved successfully for subset 6.
2024-08-07 12:24:25,394 - INFO - ---------------------------
2024-08-07 12:24:25,394 - INFO - TRAIN MODEL STAGE COMPLETED FOR SUBSET 6
2024-08-07 12:24:25,394 - INFO - ---------------------------
2024-08-07 12:24:25,394 - INFO - --------------------------------
2024-08-07 12:24:25,394 - INFO - EVALUATE MODEL STAGE STARTING FOR SUBSET 6...
2024-08-07 12:24:25,394 - INFO - --------------------------------
2024-08-07 12:24:25,407 - INFO - ROC AUC Score: 0.6477815006599655
2024-08-07 12:24:25,407 - INFO - Confusion Matrix: 
[[ 30  19]
 [ 71 130]]
2024-08-07 12:24:25,407 - INFO - Precision: 0.87248322147651
2024-08-07 12:24:25,407 - INFO - Recall: 0.6467661691542289
2024-08-07 12:24:25,408 - INFO - Model evaluated successfully for subset 6.
2024-08-07 12:24:25,408 - INFO - ------------------------------
2024-08-07 12:24:25,408 - INFO - EVALUATE MODEL STAGE COMPLETED FOR SUBSET 6
2024-08-07 12:24:25,408 - INFO - ------------------------------
2024-08-07 12:24:25,408 - INFO - Subset 7 demographic makeup: 800 1, 105 3, 56 2, 39 4
2024-08-07 12:24:25,409 - INFO - Processing subset 7...
2024-08-07 12:24:25,409 - INFO - -----------------------------
2024-08-07 12:24:25,409 - INFO - TRAIN MODEL STAGE STARTING FOR SUBSET 7...
2024-08-07 12:24:25,409 - INFO - -----------------------------
2024-08-07 12:24:25,417 - INFO - Scaling features and applying LASSO for feature selection...
2024-08-07 12:24:30,508 - INFO - Selected features (including required): ['who', 'RaceEth', 'age', 'is_female', 'is_hispanic', 'unemployed', 'unstableliving', 'education', 'marital', 'UDS_Amphetamine_Count', 'UDS_Benzodiazepine_Count', 'UDS_Buprenorphine_Count', 'UDS_Cocaine_Count', 'UDS_Methadone_Count', 'UDS_Opioid_Count', 'UDS_Sedatives_Count', 'UDS_Thc_Count', 'pain', 'has_schizophrenia', 'has_major_dep', 'has_bipolar', 'has_anx_pan', 'has_brain_damage', 'has_epilepsy', 'has_alcol_dx', 'has_amphetamines_dx', 'has_cannabis_dx', 'has_cocaine_dx', 'has_sedatives_dx', 'ftnd', 'XTRT', 'shared', 'rbsivheroin', 'TLFB_Alcohol_Count', 'TLFB_Amphetamine_Count', 'TLFB_Benzodiazepine_Count', 'TLFB_Buprenorphine_Count', 'TLFB_Cocaine_Count', 'TLFB_Heroin_Count', 'TLFB_Methadone_Count', 'TLFB_Opioid_Count', 'TLFB_THC_Count', 'TLFB_Other', 'Homosexual_Behavior', 'Non_monogamous_Relationships']
2024-08-07 12:24:30,537 - INFO - Fitting logistic regression model with the selected features...
2024-08-07 12:24:35,097 - INFO - Model training completed successfully.
2024-08-07 12:24:35,103 - INFO - Calculating the dynamic threshold based on the proportion of positive outcomes...
2024-08-07 12:24:35,103 - INFO - Ratio of 1s to 0s in the outcome variable: 0.80 : 0.20
2024-08-07 12:24:35,104 - INFO - Dynamic threshold set to: 0.796
2024-08-07 12:24:35,104 - INFO - Model trained and saved successfully for subset 7.
2024-08-07 12:24:35,104 - INFO - ---------------------------
2024-08-07 12:24:35,104 - INFO - TRAIN MODEL STAGE COMPLETED FOR SUBSET 7
2024-08-07 12:24:35,104 - INFO - ---------------------------
2024-08-07 12:24:35,104 - INFO - --------------------------------
2024-08-07 12:24:35,104 - INFO - EVALUATE MODEL STAGE STARTING FOR SUBSET 7...
2024-08-07 12:24:35,104 - INFO - --------------------------------
2024-08-07 12:24:35,126 - INFO - ROC AUC Score: 0.6137550497585968
2024-08-07 12:24:35,127 - INFO - Confusion Matrix: 
[[ 26  25]
 [ 65 134]]
2024-08-07 12:24:35,127 - INFO - Precision: 0.8427672955974843
2024-08-07 12:24:35,127 - INFO - Recall: 0.6733668341708543
2024-08-07 12:24:35,127 - INFO - Model evaluated successfully for subset 7.
2024-08-07 12:24:35,128 - INFO - ------------------------------
2024-08-07 12:24:35,128 - INFO - EVALUATE MODEL STAGE COMPLETED FOR SUBSET 7
2024-08-07 12:24:35,128 - INFO - ------------------------------
2024-08-07 12:24:35,130 - INFO - Subset 8 demographic makeup: 850 1, 80 3, 40 2, 30 4
2024-08-07 12:24:35,130 - INFO - Processing subset 8...
2024-08-07 12:24:35,131 - INFO - -----------------------------
2024-08-07 12:24:35,131 - INFO - TRAIN MODEL STAGE STARTING FOR SUBSET 8...
2024-08-07 12:24:35,131 - INFO - -----------------------------
2024-08-07 12:24:35,138 - INFO - Scaling features and applying LASSO for feature selection...
2024-08-07 12:24:39,355 - INFO - Selected features (including required): ['who', 'RaceEth', 'age', 'is_female', 'is_hispanic', 'unemployed', 'unstableliving', 'education', 'marital', 'UDS_Amphetamine_Count', 'UDS_Benzodiazepine_Count', 'UDS_Buprenorphine_Count', 'UDS_Cocaine_Count', 'UDS_Methadone_Count', 'UDS_Opioid_Count', 'UDS_Sedatives_Count', 'UDS_Thc_Count', 'pain', 'has_schizophrenia', 'has_major_dep', 'has_bipolar', 'has_anx_pan', 'has_brain_damage', 'has_epilepsy', 'has_alcol_dx', 'has_amphetamines_dx', 'has_cannabis_dx', 'has_cocaine_dx', 'has_sedatives_dx', 'ftnd', 'XTRT', 'shared', 'rbsivheroin', 'TLFB_Alcohol_Count', 'TLFB_Amphetamine_Count', 'TLFB_Benzodiazepine_Count', 'TLFB_Buprenorphine_Count', 'TLFB_Cocaine_Count', 'TLFB_Heroin_Count', 'TLFB_Methadone_Count', 'TLFB_Opioid_Count', 'TLFB_THC_Count', 'TLFB_Other', 'Homosexual_Behavior', 'Non_monogamous_Relationships']
2024-08-07 12:24:39,366 - INFO - Fitting logistic regression model with the selected features...
2024-08-07 12:24:40,280 - INFO - Model training completed successfully.
2024-08-07 12:24:40,281 - INFO - Calculating the dynamic threshold based on the proportion of positive outcomes...
2024-08-07 12:24:40,282 - INFO - Ratio of 1s to 0s in the outcome variable: 0.82 : 0.18
2024-08-07 12:24:40,282 - INFO - Dynamic threshold set to: 0.816
2024-08-07 12:24:40,282 - INFO - Model trained and saved successfully for subset 8.
2024-08-07 12:24:40,283 - INFO - ---------------------------
2024-08-07 12:24:40,284 - INFO - TRAIN MODEL STAGE COMPLETED FOR SUBSET 8
2024-08-07 12:24:40,287 - INFO - ---------------------------
2024-08-07 12:24:40,287 - INFO - --------------------------------
2024-08-07 12:24:40,288 - INFO - EVALUATE MODEL STAGE STARTING FOR SUBSET 8...
2024-08-07 12:24:40,288 - INFO - --------------------------------
2024-08-07 12:24:40,313 - INFO - ROC AUC Score: 0.603154305200341
2024-08-07 12:24:40,316 - INFO - Confusion Matrix: 
[[ 22  24]
 [ 73 131]]
2024-08-07 12:24:40,318 - INFO - Precision: 0.8451612903225807
2024-08-07 12:24:40,320 - INFO - Recall: 0.6421568627450981
2024-08-07 12:24:40,322 - INFO - Model evaluated successfully for subset 8.
2024-08-07 12:24:40,322 - INFO - ------------------------------
2024-08-07 12:24:40,323 - INFO - EVALUATE MODEL STAGE COMPLETED FOR SUBSET 8
2024-08-07 12:24:40,325 - INFO - ------------------------------
2024-08-07 12:24:40,327 - INFO - Subset 9 demographic makeup: 900 1, 48 3, 32 2, 20 4
2024-08-07 12:24:40,327 - INFO - Processing subset 9...
2024-08-07 12:24:40,327 - INFO - -----------------------------
2024-08-07 12:24:40,328 - INFO - TRAIN MODEL STAGE STARTING FOR SUBSET 9...
2024-08-07 12:24:40,328 - INFO - -----------------------------
2024-08-07 12:24:40,339 - INFO - Scaling features and applying LASSO for feature selection...
2024-08-07 12:24:44,169 - INFO - Selected features (including required): ['who', 'RaceEth', 'age', 'is_female', 'is_hispanic', 'unemployed', 'unstableliving', 'education', 'marital', 'UDS_Amphetamine_Count', 'UDS_Benzodiazepine_Count', 'UDS_Buprenorphine_Count', 'UDS_Cocaine_Count', 'UDS_Methadone_Count', 'UDS_Opioid_Count', 'UDS_Sedatives_Count', 'UDS_Thc_Count', 'pain', 'has_schizophrenia', 'has_major_dep', 'has_bipolar', 'has_anx_pan', 'has_brain_damage', 'has_epilepsy', 'has_alcol_dx', 'has_amphetamines_dx', 'has_cannabis_dx', 'has_cocaine_dx', 'has_sedatives_dx', 'ftnd', 'XTRT', 'shared', 'rbsivheroin', 'TLFB_Alcohol_Count', 'TLFB_Amphetamine_Count', 'TLFB_Benzodiazepine_Count', 'TLFB_Buprenorphine_Count', 'TLFB_Cocaine_Count', 'TLFB_Heroin_Count', 'TLFB_Methadone_Count', 'TLFB_Opioid_Count', 'TLFB_THC_Count', 'TLFB_Other', 'Homosexual_Behavior', 'Non_monogamous_Relationships']
2024-08-07 12:24:44,174 - INFO - Fitting logistic regression model with the selected features...
2024-08-07 12:24:44,972 - INFO - Model training completed successfully.
2024-08-07 12:24:44,973 - INFO - Calculating the dynamic threshold based on the proportion of positive outcomes...
2024-08-07 12:24:44,973 - INFO - Ratio of 1s to 0s in the outcome variable: 0.80 : 0.20
2024-08-07 12:24:44,973 - INFO - Dynamic threshold set to: 0.804
2024-08-07 12:24:44,973 - INFO - Model trained and saved successfully for subset 9.
2024-08-07 12:24:44,973 - INFO - ---------------------------
2024-08-07 12:24:44,973 - INFO - TRAIN MODEL STAGE COMPLETED FOR SUBSET 9
2024-08-07 12:24:44,973 - INFO - ---------------------------
2024-08-07 12:24:44,973 - INFO - --------------------------------
2024-08-07 12:24:44,974 - INFO - EVALUATE MODEL STAGE STARTING FOR SUBSET 9...
2024-08-07 12:24:44,974 - INFO - --------------------------------
2024-08-07 12:24:44,987 - INFO - ROC AUC Score: 0.7501269164382172
2024-08-07 12:24:44,989 - INFO - Confusion Matrix: 
[[ 32  17]
 [ 62 139]]
2024-08-07 12:24:44,989 - INFO - Precision: 0.8910256410256411
2024-08-07 12:24:44,989 - INFO - Recall: 0.6915422885572139
2024-08-07 12:24:44,989 - INFO - Model evaluated successfully for subset 9.
2024-08-07 12:24:44,989 - INFO - ------------------------------
2024-08-07 12:24:44,989 - INFO - EVALUATE MODEL STAGE COMPLETED FOR SUBSET 9
2024-08-07 12:24:44,989 - INFO - ------------------------------
2024-08-07 12:24:44,991 - INFO - Subset 10 demographic makeup: 950 1, 25 3, 13 2, 12 4
2024-08-07 12:24:44,991 - INFO - Processing subset 10...
2024-08-07 12:24:44,991 - INFO - -----------------------------
2024-08-07 12:24:44,992 - INFO - TRAIN MODEL STAGE STARTING FOR SUBSET 10...
2024-08-07 12:24:44,992 - INFO - -----------------------------
2024-08-07 12:24:45,002 - INFO - Scaling features and applying LASSO for feature selection...
2024-08-07 12:24:48,583 - INFO - Selected features (including required): ['who', 'RaceEth', 'age', 'is_female', 'is_hispanic', 'unemployed', 'unstableliving', 'education', 'marital', 'UDS_Amphetamine_Count', 'UDS_Benzodiazepine_Count', 'UDS_Buprenorphine_Count', 'UDS_Cocaine_Count', 'UDS_Methadone_Count', 'UDS_Opioid_Count', 'UDS_Sedatives_Count', 'UDS_Thc_Count', 'pain', 'has_schizophrenia', 'has_major_dep', 'has_bipolar', 'has_anx_pan', 'has_brain_damage', 'has_epilepsy', 'has_alcol_dx', 'has_amphetamines_dx', 'has_cannabis_dx', 'has_cocaine_dx', 'has_sedatives_dx', 'ftnd', 'XTRT', 'shared', 'rbsivheroin', 'TLFB_Alcohol_Count', 'TLFB_Amphetamine_Count', 'TLFB_Benzodiazepine_Count', 'TLFB_Buprenorphine_Count', 'TLFB_Cocaine_Count', 'TLFB_Heroin_Count', 'TLFB_Methadone_Count', 'TLFB_Opioid_Count', 'TLFB_THC_Count', 'TLFB_Other', 'Homosexual_Behavior', 'Non_monogamous_Relationships']
2024-08-07 12:24:48,589 - INFO - Fitting logistic regression model with the selected features...
2024-08-07 12:24:49,460 - INFO - Model training completed successfully.
2024-08-07 12:24:49,460 - INFO - Calculating the dynamic threshold based on the proportion of positive outcomes...
2024-08-07 12:24:49,462 - INFO - Ratio of 1s to 0s in the outcome variable: 0.80 : 0.20
2024-08-07 12:24:49,462 - INFO - Dynamic threshold set to: 0.8
2024-08-07 12:24:49,462 - INFO - Model trained and saved successfully for subset 10.
2024-08-07 12:24:49,463 - INFO - ---------------------------
2024-08-07 12:24:49,466 - INFO - TRAIN MODEL STAGE COMPLETED FOR SUBSET 10
2024-08-07 12:24:49,467 - INFO - ---------------------------
2024-08-07 12:24:49,468 - INFO - --------------------------------
2024-08-07 12:24:49,468 - INFO - EVALUATE MODEL STAGE STARTING FOR SUBSET 10...
2024-08-07 12:24:49,469 - INFO - --------------------------------
2024-08-07 12:24:49,490 - INFO - ROC AUC Score: 0.6889000000000001
2024-08-07 12:24:49,491 - INFO - Confusion Matrix: 
[[ 32  18]
 [ 68 132]]
2024-08-07 12:24:49,492 - INFO - Precision: 0.88
2024-08-07 12:24:49,493 - INFO - Recall: 0.66
2024-08-07 12:24:49,493 - INFO - Model evaluated successfully for subset 10.
2024-08-07 12:24:49,493 - INFO - ------------------------------
2024-08-07 12:24:49,493 - INFO - EVALUATE MODEL STAGE COMPLETED FOR SUBSET 10
2024-08-07 12:24:49,493 - INFO - ------------------------------
2024-08-07 12:24:49,494 - INFO - Subset 11 demographic makeup: 1000 1
2024-08-07 12:24:49,494 - INFO - Processing subset 11...
2024-08-07 12:24:49,494 - INFO - -----------------------------
2024-08-07 12:24:49,494 - INFO - TRAIN MODEL STAGE STARTING FOR SUBSET 11...
2024-08-07 12:24:49,494 - INFO - -----------------------------
2024-08-07 12:24:49,510 - INFO - Scaling features and applying LASSO for feature selection...
2024-08-07 12:24:50,571 - INFO - Selected features (including required): ['who', 'age', 'is_female', 'unemployed', 'unstableliving', 'education', 'marital', 'UDS_Amphetamine_Count', 'UDS_Benzodiazepine_Count', 'UDS_Buprenorphine_Count', 'UDS_Cocaine_Count', 'UDS_Methadone_Count', 'UDS_Opioid_Count', 'UDS_Sedatives_Count', 'UDS_Thc_Count', 'pain', 'has_schizophrenia', 'has_major_dep', 'has_bipolar', 'has_anx_pan', 'has_brain_damage', 'has_epilepsy', 'has_alcol_dx', 'has_amphetamines_dx', 'has_cannabis_dx', 'has_cocaine_dx', 'has_sedatives_dx', 'ftnd', 'XTRT', 'shared', 'rbsivheroin', 'TLFB_Alcohol_Count', 'TLFB_Amphetamine_Count', 'TLFB_Benzodiazepine_Count', 'TLFB_Buprenorphine_Count', 'TLFB_Cocaine_Count', 'TLFB_Heroin_Count', 'TLFB_Methadone_Count', 'TLFB_Opioid_Count', 'TLFB_THC_Count', 'TLFB_Other', 'Homosexual_Behavior', 'Non_monogamous_Relationships']
2024-08-07 12:24:50,576 - INFO - Fitting logistic regression model with the selected features...
2024-08-07 12:24:51,326 - INFO - Model training completed successfully.
2024-08-07 12:24:51,326 - INFO - Calculating the dynamic threshold based on the proportion of positive outcomes...
2024-08-07 12:24:51,326 - INFO - Ratio of 1s to 0s in the outcome variable: 0.80 : 0.20
2024-08-07 12:24:51,326 - INFO - Dynamic threshold set to: 0.804
2024-08-07 12:24:51,327 - INFO - Model trained and saved successfully for subset 11.
2024-08-07 12:24:51,327 - INFO - ---------------------------
2024-08-07 12:24:51,327 - INFO - TRAIN MODEL STAGE COMPLETED FOR SUBSET 11
2024-08-07 12:24:51,327 - INFO - ---------------------------
2024-08-07 12:24:51,327 - INFO - --------------------------------
2024-08-07 12:24:51,327 - INFO - EVALUATE MODEL STAGE STARTING FOR SUBSET 11...
2024-08-07 12:24:51,327 - INFO - --------------------------------
2024-08-07 12:24:51,342 - INFO - ROC AUC Score: 0.6121433648086101
2024-08-07 12:24:51,343 - INFO - Confusion Matrix: 
[[ 21  28]
 [ 65 136]]
2024-08-07 12:24:51,343 - INFO - Precision: 0.8292682926829268
2024-08-07 12:24:51,344 - INFO - Recall: 0.6766169154228856
2024-08-07 12:24:51,344 - INFO - Model evaluated successfully for subset 11.
2024-08-07 12:24:51,344 - INFO - ------------------------------
2024-08-07 12:24:51,344 - INFO - EVALUATE MODEL STAGE COMPLETED FOR SUBSET 11
2024-08-07 12:24:51,344 - INFO - ------------------------------
2024-08-07 12:24:51,344 - INFO - ------------------
2024-08-07 12:24:51,344 - INFO - PIPELINE COMPLETED
2024-08-07 12:24:51,344 - INFO - ------------------
