2024-07-26 11:43:56 - INFO - -------------------------------------------
2024-07-26 11:43:56 - INFO - Logging setup complete - starting pipeline.
2024-07-26 11:43:56 - INFO - -------------------------------------------
2024-07-26 11:43:58 - INFO - Datasets loaded successfully.
2024-07-26 11:43:58 - INFO - Starting preprocessing of the merged dataset...
2024-07-26 11:43:58 - INFO - ---------------------------------
2024-07-26 11:43:58 - INFO - PRE-PROCESSING STAGE STARTING...
2024-07-26 11:43:58 - INFO - ---------------------------------
2024-07-26 11:43:58 - INFO - Dropped initial columns: ['pain_when', 'is_smoker', 'per_day', 'max', 'amount', 'depression', 'anxiety', 'schizophrenia', 'max', 'amount', 'cocaine_inject_days', 'speedball_inject_days', 'opioid_inject_days', 'speed_inject_days', 'UDS_Alcohol_Count', 'UDS_Mdma/Hallucinogen_Count']
2024-07-26 11:43:58 - INFO - Converted Yes/No to binary.
2024-07-26 11:43:58 - INFO - Processed TLFB columns with specified columns: ['TLFB_Alcohol_Count', 'TLFB_Amphetamine_Count', 'TLFB_Cocaine_Count', 'TLFB_Heroin_Count', 'TLFB_Benzodiazepine_Count', 'TLFB_Opioid_Count', 'TLFB_THC_Count', 'TLFB_Methadone_Count', 'TLFB_Buprenorphine_Count']
2024-07-26 11:43:58 - INFO - Calculated behavioral columns.
2024-07-26 11:43:58 - INFO - Moved 'Rd_kostenB_1993' column to the end.
2024-07-26 11:43:58 - INFO - Dropped initial columns: ['msm_npt', 'msm_frq', 'txx_prt']
2024-07-26 11:43:58 - INFO - transform_data_with_nan_handling success
2024-07-26 11:43:58 - INFO - Renamed columns according to the mapping.
2024-07-26 11:43:58 - INFO - Transformed NaN to 0 for binary columns.
2024-07-26 11:43:58 - INFO - Transformed and renamed 'heroin_inject_days' column to 'rbsivheroin'.
2024-07-26 11:43:58 - INFO - Filled NaN with 0 for 'ftnd' column.
2024-07-26 11:43:58 - INFO - Dropped additional columns: ['rbs_iv_days', 'race', 'RBS_cocaine_Days', 'RBS_heroin_Days', 'RBS_opioid_Days', 'RBS_speed_Days', 'RBS_speedball_Days']
2024-07-26 11:43:58 - INFO - Converted UDS drug counts to binary.
2024-07-26 11:43:59 - INFO - ------------------------------
2024-07-26 11:43:59 - INFO - PRE-PROCESSING STAGE COMPLETED
2024-07-26 11:43:59 - INFO - ------------------------------
2024-07-26 11:43:59 - INFO - Merged dataset preprocessed successfully.
2024-07-26 11:43:59 - INFO - Creating demographic subsets from preprocessed data...
2024-07-26 11:44:06 - INFO - Created 11 subsets successfully.
2024-07-26 11:44:06 - INFO - Creating merged subsets from create_demographics_dfs function
2024-07-26 11:44:06 - INFO - Created 11 subsets successfully.
2024-07-26 11:44:06 - INFO - Subset 1 demographic makeup: 500 1, 239 3, 155 2, 106 4
2024-07-26 11:44:06 - INFO - Processing subset 1...
2024-07-26 11:44:06 - INFO - -----------------------------
2024-07-26 11:44:06 - INFO - TRAIN MODEL STAGE STARTING FOR SUBSET 1...
2024-07-26 11:44:06 - INFO - -----------------------------
2024-07-26 11:44:06 - INFO - Scaling features and applying LASSO for feature selection...
2024-07-26 11:44:09 - INFO - Selected features (including required): ['who', 'RaceEth', 'age', 'is_female', 'is_hispanic', 'unemployed', 'unstableliving', 'education', 'marital', 'UDS_Amphetamine_Count', 'UDS_Benzodiazepine_Count', 'UDS_Buprenorphine_Count', 'UDS_Cocaine_Count', 'UDS_Methadone_Count', 'UDS_Opioid_Count', 'UDS_Sedatives_Count', 'UDS_Thc_Count', 'pain', 'has_schizophrenia', 'has_major_dep', 'has_bipolar', 'has_anx_pan', 'has_brain_damage', 'has_epilepsy', 'has_opiates_dx', 'has_alcol_dx', 'has_amphetamines_dx', 'has_cannabis_dx', 'has_cocaine_dx', 'has_sedatives_dx', 'ftnd', 'XTRT', 'shared', 'rbsivheroin', 'TLFB_Alcohol_Count', 'TLFB_Amphetamine_Count', 'TLFB_Benzodiazepine_Count', 'TLFB_Buprenorphine_Count', 'TLFB_Cocaine_Count', 'TLFB_Heroin_Count', 'TLFB_Methadone_Count', 'TLFB_Opioid_Count', 'TLFB_THC_Count', 'TLFB_Other', 'Homosexual_Behavior', 'Non_monogamous_Relationships']
2024-07-26 11:44:09 - INFO - Fitting logistic regression model with the selected features...
2024-07-26 11:44:10 - INFO - Model training completed successfully.
2024-07-26 11:44:10 - INFO - Calculating the dynamic threshold based on the proportion of positive outcomes...
2024-07-26 11:44:10 - INFO - Ratio of 1s to 0s in the outcome variable: 0.45 : 0.55
2024-07-26 11:44:10 - INFO - Dynamic threshold set to: 0.452
2024-07-26 11:44:10 - INFO - Model trained and saved successfully for subset 1.
2024-07-26 11:44:10 - INFO - ---------------------------
2024-07-26 11:44:10 - INFO - TRAIN MODEL STAGE COMPLETED FOR SUBSET 1
2024-07-26 11:44:10 - INFO - ---------------------------
2024-07-26 11:44:10 - INFO - --------------------------------
2024-07-26 11:44:10 - INFO - EVALUATE MODEL STAGE STARTING FOR SUBSET 1...
2024-07-26 11:44:10 - INFO - --------------------------------
2024-07-26 11:44:10 - INFO - ROC AUC Score: 0.713842775014534
2024-07-26 11:44:10 - INFO - Confusion Matrix: 
[[63 74]
 [19 94]]
2024-07-26 11:44:10 - INFO - Precision: 0.5595238095238095
2024-07-26 11:44:10 - INFO - Recall: 0.831858407079646
2024-07-26 11:44:10 - INFO - Model evaluated successfully for subset 1.
2024-07-26 11:44:10 - INFO - ------------------------------
2024-07-26 11:44:10 - INFO - EVALUATE MODEL STAGE COMPLETED FOR SUBSET 1
2024-07-26 11:44:10 - INFO - ------------------------------
2024-07-26 11:44:10 - INFO - Subset 2 demographic makeup: 550 1, 212 3, 141 2, 97 4
2024-07-26 11:44:10 - INFO - Processing subset 2...
2024-07-26 11:44:10 - INFO - -----------------------------
2024-07-26 11:44:10 - INFO - TRAIN MODEL STAGE STARTING FOR SUBSET 2...
2024-07-26 11:44:10 - INFO - -----------------------------
2024-07-26 11:44:10 - INFO - Scaling features and applying LASSO for feature selection...
2024-07-26 11:44:14 - INFO - Selected features (including required): ['who', 'RaceEth', 'age', 'is_female', 'is_hispanic', 'unemployed', 'unstableliving', 'education', 'marital', 'UDS_Amphetamine_Count', 'UDS_Benzodiazepine_Count', 'UDS_Buprenorphine_Count', 'UDS_Cocaine_Count', 'UDS_Methadone_Count', 'UDS_Opioid_Count', 'UDS_Sedatives_Count', 'UDS_Thc_Count', 'pain', 'has_schizophrenia', 'has_major_dep', 'has_bipolar', 'has_anx_pan', 'has_brain_damage', 'has_epilepsy', 'has_opiates_dx', 'has_alcol_dx', 'has_amphetamines_dx', 'has_cannabis_dx', 'has_cocaine_dx', 'has_sedatives_dx', 'ftnd', 'XTRT', 'shared', 'rbsivheroin', 'TLFB_Alcohol_Count', 'TLFB_Amphetamine_Count', 'TLFB_Benzodiazepine_Count', 'TLFB_Buprenorphine_Count', 'TLFB_Cocaine_Count', 'TLFB_Heroin_Count', 'TLFB_Methadone_Count', 'TLFB_Opioid_Count', 'TLFB_THC_Count', 'TLFB_Other', 'Homosexual_Behavior', 'Non_monogamous_Relationships']
2024-07-26 11:44:14 - INFO - Fitting logistic regression model with the selected features...
2024-07-26 11:44:14 - INFO - Model training completed successfully.
2024-07-26 11:44:14 - INFO - Calculating the dynamic threshold based on the proportion of positive outcomes...
2024-07-26 11:44:14 - INFO - Ratio of 1s to 0s in the outcome variable: 0.53 : 0.47
2024-07-26 11:44:14 - INFO - Dynamic threshold set to: 0.532
2024-07-26 11:44:14 - INFO - Model trained and saved successfully for subset 2.
2024-07-26 11:44:14 - INFO - ---------------------------
2024-07-26 11:44:14 - INFO - TRAIN MODEL STAGE COMPLETED FOR SUBSET 2
2024-07-26 11:44:14 - INFO - ---------------------------
2024-07-26 11:44:14 - INFO - --------------------------------
2024-07-26 11:44:14 - INFO - EVALUATE MODEL STAGE STARTING FOR SUBSET 2...
2024-07-26 11:44:14 - INFO - --------------------------------
2024-07-26 11:44:14 - INFO - ROC AUC Score: 0.6915365336417968
2024-07-26 11:44:14 - INFO - Confusion Matrix: 
[[88 29]
 [62 71]]
2024-07-26 11:44:14 - INFO - Precision: 0.71
2024-07-26 11:44:14 - INFO - Recall: 0.5338345864661654
2024-07-26 11:44:14 - INFO - Model evaluated successfully for subset 2.
2024-07-26 11:44:14 - INFO - ------------------------------
2024-07-26 11:44:14 - INFO - EVALUATE MODEL STAGE COMPLETED FOR SUBSET 2
2024-07-26 11:44:14 - INFO - ------------------------------
2024-07-26 11:44:14 - INFO - Subset 3 demographic makeup: 600 1, 186 3, 129 2, 85 4
2024-07-26 11:44:14 - INFO - Processing subset 3...
2024-07-26 11:44:14 - INFO - -----------------------------
2024-07-26 11:44:14 - INFO - TRAIN MODEL STAGE STARTING FOR SUBSET 3...
2024-07-26 11:44:14 - INFO - -----------------------------
2024-07-26 11:44:14 - INFO - Scaling features and applying LASSO for feature selection...
2024-07-26 11:44:18 - INFO - Selected features (including required): ['who', 'RaceEth', 'age', 'is_female', 'is_hispanic', 'unemployed', 'unstableliving', 'education', 'marital', 'UDS_Amphetamine_Count', 'UDS_Benzodiazepine_Count', 'UDS_Buprenorphine_Count', 'UDS_Cocaine_Count', 'UDS_Methadone_Count', 'UDS_Opioid_Count', 'UDS_Sedatives_Count', 'UDS_Thc_Count', 'pain', 'has_schizophrenia', 'has_major_dep', 'has_bipolar', 'has_anx_pan', 'has_brain_damage', 'has_epilepsy', 'has_opiates_dx', 'has_alcol_dx', 'has_amphetamines_dx', 'has_cannabis_dx', 'has_cocaine_dx', 'has_sedatives_dx', 'ftnd', 'XTRT', 'shared', 'rbsivheroin', 'TLFB_Alcohol_Count', 'TLFB_Amphetamine_Count', 'TLFB_Benzodiazepine_Count', 'TLFB_Buprenorphine_Count', 'TLFB_Cocaine_Count', 'TLFB_Heroin_Count', 'TLFB_Methadone_Count', 'TLFB_Opioid_Count', 'TLFB_THC_Count', 'TLFB_Other', 'Homosexual_Behavior', 'Non_monogamous_Relationships']
2024-07-26 11:44:18 - INFO - Fitting logistic regression model with the selected features...
2024-07-26 11:44:19 - INFO - Model training completed successfully.
2024-07-26 11:44:19 - INFO - Calculating the dynamic threshold based on the proportion of positive outcomes...
2024-07-26 11:44:19 - INFO - Ratio of 1s to 0s in the outcome variable: 0.47 : 0.53
2024-07-26 11:44:19 - INFO - Dynamic threshold set to: 0.468
2024-07-26 11:44:19 - INFO - Model trained and saved successfully for subset 3.
2024-07-26 11:44:19 - INFO - ---------------------------
2024-07-26 11:44:19 - INFO - TRAIN MODEL STAGE COMPLETED FOR SUBSET 3
2024-07-26 11:44:19 - INFO - ---------------------------
2024-07-26 11:44:19 - INFO - --------------------------------
2024-07-26 11:44:19 - INFO - EVALUATE MODEL STAGE STARTING FOR SUBSET 3...
2024-07-26 11:44:19 - INFO - --------------------------------
2024-07-26 11:44:19 - INFO - ROC AUC Score: 0.7151853993959256
2024-07-26 11:44:19 - INFO - Confusion Matrix: 
[[79 54]
 [32 85]]
2024-07-26 11:44:19 - INFO - Precision: 0.6115107913669064
2024-07-26 11:44:19 - INFO - Recall: 0.7264957264957265
2024-07-26 11:44:19 - INFO - Model evaluated successfully for subset 3.
2024-07-26 11:44:19 - INFO - ------------------------------
2024-07-26 11:44:19 - INFO - EVALUATE MODEL STAGE COMPLETED FOR SUBSET 3
2024-07-26 11:44:19 - INFO - ------------------------------
2024-07-26 11:44:19 - INFO - Subset 4 demographic makeup: 650 1, 166 3, 109 2, 75 4
2024-07-26 11:44:19 - INFO - Processing subset 4...
2024-07-26 11:44:19 - INFO - -----------------------------
2024-07-26 11:44:19 - INFO - TRAIN MODEL STAGE STARTING FOR SUBSET 4...
2024-07-26 11:44:19 - INFO - -----------------------------
2024-07-26 11:44:19 - INFO - Scaling features and applying LASSO for feature selection...
2024-07-26 11:44:23 - INFO - Selected features (including required): ['who', 'RaceEth', 'age', 'is_female', 'is_hispanic', 'unemployed', 'unstableliving', 'education', 'marital', 'UDS_Amphetamine_Count', 'UDS_Benzodiazepine_Count', 'UDS_Buprenorphine_Count', 'UDS_Cocaine_Count', 'UDS_Methadone_Count', 'UDS_Opioid_Count', 'UDS_Sedatives_Count', 'UDS_Thc_Count', 'pain', 'has_schizophrenia', 'has_major_dep', 'has_bipolar', 'has_anx_pan', 'has_brain_damage', 'has_epilepsy', 'has_opiates_dx', 'has_alcol_dx', 'has_amphetamines_dx', 'has_cannabis_dx', 'has_cocaine_dx', 'has_sedatives_dx', 'ftnd', 'XTRT', 'shared', 'rbsivheroin', 'TLFB_Alcohol_Count', 'TLFB_Amphetamine_Count', 'TLFB_Benzodiazepine_Count', 'TLFB_Buprenorphine_Count', 'TLFB_Cocaine_Count', 'TLFB_Heroin_Count', 'TLFB_Methadone_Count', 'TLFB_Opioid_Count', 'TLFB_THC_Count', 'TLFB_Other', 'Homosexual_Behavior', 'Non_monogamous_Relationships']
2024-07-26 11:44:23 - INFO - Fitting logistic regression model with the selected features...
2024-07-26 11:44:24 - INFO - Model training completed successfully.
2024-07-26 11:44:24 - INFO - Calculating the dynamic threshold based on the proportion of positive outcomes...
2024-07-26 11:44:24 - INFO - Ratio of 1s to 0s in the outcome variable: 0.52 : 0.48
2024-07-26 11:44:24 - INFO - Dynamic threshold set to: 0.52
2024-07-26 11:44:24 - INFO - Model trained and saved successfully for subset 4.
2024-07-26 11:44:24 - INFO - ---------------------------
2024-07-26 11:44:24 - INFO - TRAIN MODEL STAGE COMPLETED FOR SUBSET 4
2024-07-26 11:44:24 - INFO - ---------------------------
2024-07-26 11:44:24 - INFO - --------------------------------
2024-07-26 11:44:24 - INFO - EVALUATE MODEL STAGE STARTING FOR SUBSET 4...
2024-07-26 11:44:24 - INFO - --------------------------------
2024-07-26 11:44:24 - INFO - ROC AUC Score: 0.5691025641025641
2024-07-26 11:44:24 - INFO - Confusion Matrix: 
[[69 51]
 [66 64]]
2024-07-26 11:44:24 - INFO - Precision: 0.5565217391304348
2024-07-26 11:44:24 - INFO - Recall: 0.49230769230769234
2024-07-26 11:44:24 - INFO - Model evaluated successfully for subset 4.
2024-07-26 11:44:24 - INFO - ------------------------------
2024-07-26 11:44:24 - INFO - EVALUATE MODEL STAGE COMPLETED FOR SUBSET 4
2024-07-26 11:44:24 - INFO - ------------------------------
2024-07-26 11:44:24 - INFO - Subset 5 demographic makeup: 700 1, 147 3, 87 2, 66 4
2024-07-26 11:44:24 - INFO - Processing subset 5...
2024-07-26 11:44:24 - INFO - -----------------------------
2024-07-26 11:44:24 - INFO - TRAIN MODEL STAGE STARTING FOR SUBSET 5...
2024-07-26 11:44:24 - INFO - -----------------------------
2024-07-26 11:44:24 - INFO - Scaling features and applying LASSO for feature selection...
2024-07-26 11:44:28 - INFO - Selected features (including required): ['who', 'RaceEth', 'age', 'is_female', 'is_hispanic', 'unemployed', 'unstableliving', 'education', 'marital', 'UDS_Amphetamine_Count', 'UDS_Benzodiazepine_Count', 'UDS_Buprenorphine_Count', 'UDS_Cocaine_Count', 'UDS_Methadone_Count', 'UDS_Opioid_Count', 'UDS_Sedatives_Count', 'UDS_Thc_Count', 'pain', 'has_schizophrenia', 'has_major_dep', 'has_bipolar', 'has_anx_pan', 'has_brain_damage', 'has_epilepsy', 'has_opiates_dx', 'has_alcol_dx', 'has_amphetamines_dx', 'has_cannabis_dx', 'has_cocaine_dx', 'has_sedatives_dx', 'ftnd', 'XTRT', 'shared', 'rbsivheroin', 'TLFB_Alcohol_Count', 'TLFB_Amphetamine_Count', 'TLFB_Benzodiazepine_Count', 'TLFB_Buprenorphine_Count', 'TLFB_Cocaine_Count', 'TLFB_Heroin_Count', 'TLFB_Methadone_Count', 'TLFB_Opioid_Count', 'TLFB_THC_Count', 'TLFB_Other', 'Homosexual_Behavior', 'Non_monogamous_Relationships']
2024-07-26 11:44:28 - INFO - Fitting logistic regression model with the selected features...
2024-07-26 11:44:28 - INFO - Model training completed successfully.
2024-07-26 11:44:28 - INFO - Calculating the dynamic threshold based on the proportion of positive outcomes...
2024-07-26 11:44:28 - INFO - Ratio of 1s to 0s in the outcome variable: 0.51 : 0.49
2024-07-26 11:44:28 - INFO - Dynamic threshold set to: 0.512
2024-07-26 11:44:28 - INFO - Model trained and saved successfully for subset 5.
2024-07-26 11:44:28 - INFO - ---------------------------
2024-07-26 11:44:28 - INFO - TRAIN MODEL STAGE COMPLETED FOR SUBSET 5
2024-07-26 11:44:28 - INFO - ---------------------------
2024-07-26 11:44:28 - INFO - --------------------------------
2024-07-26 11:44:28 - INFO - EVALUATE MODEL STAGE STARTING FOR SUBSET 5...
2024-07-26 11:44:28 - INFO - --------------------------------
2024-07-26 11:44:28 - INFO - ROC AUC Score: 0.7190061475409837
2024-07-26 11:44:28 - INFO - Confusion Matrix: 
[[85 37]
 [54 74]]
2024-07-26 11:44:28 - INFO - Precision: 0.6666666666666666
2024-07-26 11:44:28 - INFO - Recall: 0.578125
2024-07-26 11:44:28 - INFO - Model evaluated successfully for subset 5.
2024-07-26 11:44:28 - INFO - ------------------------------
2024-07-26 11:44:28 - INFO - EVALUATE MODEL STAGE COMPLETED FOR SUBSET 5
2024-07-26 11:44:28 - INFO - ------------------------------
2024-07-26 11:44:28 - INFO - Subset 6 demographic makeup: 750 1, 123 3, 75 2, 52 4
2024-07-26 11:44:28 - INFO - Processing subset 6...
2024-07-26 11:44:28 - INFO - -----------------------------
2024-07-26 11:44:28 - INFO - TRAIN MODEL STAGE STARTING FOR SUBSET 6...
2024-07-26 11:44:28 - INFO - -----------------------------
2024-07-26 11:44:28 - INFO - Scaling features and applying LASSO for feature selection...
2024-07-26 11:44:32 - INFO - Selected features (including required): ['who', 'RaceEth', 'age', 'is_female', 'is_hispanic', 'unemployed', 'unstableliving', 'education', 'marital', 'UDS_Amphetamine_Count', 'UDS_Benzodiazepine_Count', 'UDS_Buprenorphine_Count', 'UDS_Cocaine_Count', 'UDS_Methadone_Count', 'UDS_Opioid_Count', 'UDS_Sedatives_Count', 'UDS_Thc_Count', 'pain', 'has_schizophrenia', 'has_major_dep', 'has_bipolar', 'has_anx_pan', 'has_brain_damage', 'has_epilepsy', 'has_opiates_dx', 'has_alcol_dx', 'has_amphetamines_dx', 'has_cannabis_dx', 'has_cocaine_dx', 'has_sedatives_dx', 'ftnd', 'XTRT', 'shared', 'rbsivheroin', 'TLFB_Alcohol_Count', 'TLFB_Amphetamine_Count', 'TLFB_Benzodiazepine_Count', 'TLFB_Buprenorphine_Count', 'TLFB_Cocaine_Count', 'TLFB_Heroin_Count', 'TLFB_Methadone_Count', 'TLFB_Opioid_Count', 'TLFB_THC_Count', 'TLFB_Other', 'Homosexual_Behavior', 'Non_monogamous_Relationships']
2024-07-26 11:44:32 - INFO - Fitting logistic regression model with the selected features...
2024-07-26 11:44:33 - INFO - Model training completed successfully.
2024-07-26 11:44:33 - INFO - Calculating the dynamic threshold based on the proportion of positive outcomes...
2024-07-26 11:44:33 - INFO - Ratio of 1s to 0s in the outcome variable: 0.52 : 0.48
2024-07-26 11:44:33 - INFO - Dynamic threshold set to: 0.516
2024-07-26 11:44:33 - INFO - Model trained and saved successfully for subset 6.
2024-07-26 11:44:33 - INFO - ---------------------------
2024-07-26 11:44:33 - INFO - TRAIN MODEL STAGE COMPLETED FOR SUBSET 6
2024-07-26 11:44:33 - INFO - ---------------------------
2024-07-26 11:44:33 - INFO - --------------------------------
2024-07-26 11:44:33 - INFO - EVALUATE MODEL STAGE STARTING FOR SUBSET 6...
2024-07-26 11:44:33 - INFO - --------------------------------
2024-07-26 11:44:33 - INFO - ROC AUC Score: 0.6704465372541483
2024-07-26 11:44:33 - INFO - Confusion Matrix: 
[[72 49]
 [51 78]]
2024-07-26 11:44:33 - INFO - Precision: 0.6141732283464567
2024-07-26 11:44:33 - INFO - Recall: 0.6046511627906976
2024-07-26 11:44:33 - INFO - Model evaluated successfully for subset 6.
2024-07-26 11:44:33 - INFO - ------------------------------
2024-07-26 11:44:33 - INFO - EVALUATE MODEL STAGE COMPLETED FOR SUBSET 6
2024-07-26 11:44:33 - INFO - ------------------------------
2024-07-26 11:44:33 - INFO - Subset 7 demographic makeup: 800 1, 100 3, 58 2, 42 4
2024-07-26 11:44:33 - INFO - Processing subset 7...
2024-07-26 11:44:33 - INFO - -----------------------------
2024-07-26 11:44:33 - INFO - TRAIN MODEL STAGE STARTING FOR SUBSET 7...
2024-07-26 11:44:33 - INFO - -----------------------------
2024-07-26 11:44:33 - INFO - Scaling features and applying LASSO for feature selection...
2024-07-26 11:44:38 - INFO - Selected features (including required): ['who', 'RaceEth', 'age', 'is_female', 'is_hispanic', 'unemployed', 'unstableliving', 'education', 'marital', 'UDS_Amphetamine_Count', 'UDS_Benzodiazepine_Count', 'UDS_Buprenorphine_Count', 'UDS_Cocaine_Count', 'UDS_Methadone_Count', 'UDS_Opioid_Count', 'UDS_Sedatives_Count', 'UDS_Thc_Count', 'pain', 'has_schizophrenia', 'has_major_dep', 'has_bipolar', 'has_anx_pan', 'has_brain_damage', 'has_epilepsy', 'has_opiates_dx', 'has_alcol_dx', 'has_amphetamines_dx', 'has_cannabis_dx', 'has_cocaine_dx', 'has_sedatives_dx', 'ftnd', 'XTRT', 'shared', 'rbsivheroin', 'TLFB_Alcohol_Count', 'TLFB_Amphetamine_Count', 'TLFB_Benzodiazepine_Count', 'TLFB_Buprenorphine_Count', 'TLFB_Cocaine_Count', 'TLFB_Heroin_Count', 'TLFB_Methadone_Count', 'TLFB_Opioid_Count', 'TLFB_THC_Count', 'TLFB_Other', 'Homosexual_Behavior', 'Non_monogamous_Relationships']
2024-07-26 11:44:38 - INFO - Fitting logistic regression model with the selected features...
2024-07-26 11:44:38 - INFO - Model training completed successfully.
2024-07-26 11:44:38 - INFO - Calculating the dynamic threshold based on the proportion of positive outcomes...
2024-07-26 11:44:38 - INFO - Ratio of 1s to 0s in the outcome variable: 0.54 : 0.46
2024-07-26 11:44:38 - INFO - Dynamic threshold set to: 0.54
2024-07-26 11:44:38 - INFO - Model trained and saved successfully for subset 7.
2024-07-26 11:44:38 - INFO - ---------------------------
2024-07-26 11:44:38 - INFO - TRAIN MODEL STAGE COMPLETED FOR SUBSET 7
2024-07-26 11:44:38 - INFO - ---------------------------
2024-07-26 11:44:38 - INFO - --------------------------------
2024-07-26 11:44:38 - INFO - EVALUATE MODEL STAGE STARTING FOR SUBSET 7...
2024-07-26 11:44:38 - INFO - --------------------------------
2024-07-26 11:44:38 - INFO - ROC AUC Score: 0.7265700483091787
2024-07-26 11:44:38 - INFO - Confusion Matrix: 
[[79 36]
 [49 86]]
2024-07-26 11:44:38 - INFO - Precision: 0.7049180327868853
2024-07-26 11:44:38 - INFO - Recall: 0.6370370370370371
2024-07-26 11:44:38 - INFO - Model evaluated successfully for subset 7.
2024-07-26 11:44:38 - INFO - ------------------------------
2024-07-26 11:44:38 - INFO - EVALUATE MODEL STAGE COMPLETED FOR SUBSET 7
2024-07-26 11:44:38 - INFO - ------------------------------
2024-07-26 11:44:38 - INFO - Subset 8 demographic makeup: 850 1, 76 3, 44 2, 30 4
2024-07-26 11:44:38 - INFO - Processing subset 8...
2024-07-26 11:44:38 - INFO - -----------------------------
2024-07-26 11:44:38 - INFO - TRAIN MODEL STAGE STARTING FOR SUBSET 8...
2024-07-26 11:44:38 - INFO - -----------------------------
2024-07-26 11:44:38 - INFO - Scaling features and applying LASSO for feature selection...
2024-07-26 11:44:43 - INFO - Selected features (including required): ['who', 'RaceEth', 'age', 'is_female', 'is_hispanic', 'unemployed', 'unstableliving', 'education', 'marital', 'UDS_Amphetamine_Count', 'UDS_Benzodiazepine_Count', 'UDS_Buprenorphine_Count', 'UDS_Cocaine_Count', 'UDS_Methadone_Count', 'UDS_Opioid_Count', 'UDS_Sedatives_Count', 'UDS_Thc_Count', 'pain', 'has_schizophrenia', 'has_major_dep', 'has_bipolar', 'has_anx_pan', 'has_brain_damage', 'has_epilepsy', 'has_opiates_dx', 'has_alcol_dx', 'has_amphetamines_dx', 'has_cannabis_dx', 'has_cocaine_dx', 'has_sedatives_dx', 'ftnd', 'XTRT', 'shared', 'rbsivheroin', 'TLFB_Alcohol_Count', 'TLFB_Amphetamine_Count', 'TLFB_Benzodiazepine_Count', 'TLFB_Buprenorphine_Count', 'TLFB_Cocaine_Count', 'TLFB_Heroin_Count', 'TLFB_Methadone_Count', 'TLFB_Opioid_Count', 'TLFB_THC_Count', 'TLFB_Other', 'Homosexual_Behavior', 'Non_monogamous_Relationships']
2024-07-26 11:44:43 - INFO - Fitting logistic regression model with the selected features...
2024-07-26 11:44:43 - INFO - Model training completed successfully.
2024-07-26 11:44:43 - INFO - Calculating the dynamic threshold based on the proportion of positive outcomes...
2024-07-26 11:44:43 - INFO - Ratio of 1s to 0s in the outcome variable: 0.52 : 0.48
2024-07-26 11:44:43 - INFO - Dynamic threshold set to: 0.524
2024-07-26 11:44:43 - INFO - Model trained and saved successfully for subset 8.
2024-07-26 11:44:43 - INFO - ---------------------------
2024-07-26 11:44:43 - INFO - TRAIN MODEL STAGE COMPLETED FOR SUBSET 8
2024-07-26 11:44:43 - INFO - ---------------------------
2024-07-26 11:44:43 - INFO - --------------------------------
2024-07-26 11:44:43 - INFO - EVALUATE MODEL STAGE STARTING FOR SUBSET 8...
2024-07-26 11:44:43 - INFO - --------------------------------
2024-07-26 11:44:43 - INFO - ROC AUC Score: 0.7085765603951504
2024-07-26 11:44:43 - INFO - Confusion Matrix: 
[[75 44]
 [38 93]]
2024-07-26 11:44:43 - INFO - Precision: 0.6788321167883211
2024-07-26 11:44:43 - INFO - Recall: 0.7099236641221374
2024-07-26 11:44:43 - INFO - Model evaluated successfully for subset 8.
2024-07-26 11:44:43 - INFO - ------------------------------
2024-07-26 11:44:43 - INFO - EVALUATE MODEL STAGE COMPLETED FOR SUBSET 8
2024-07-26 11:44:43 - INFO - ------------------------------
2024-07-26 11:44:43 - INFO - Subset 9 demographic makeup: 900 1, 52 3, 25 2, 23 4
2024-07-26 11:44:43 - INFO - Processing subset 9...
2024-07-26 11:44:43 - INFO - -----------------------------
2024-07-26 11:44:43 - INFO - TRAIN MODEL STAGE STARTING FOR SUBSET 9...
2024-07-26 11:44:43 - INFO - -----------------------------
2024-07-26 11:44:43 - INFO - Scaling features and applying LASSO for feature selection...
2024-07-26 11:44:47 - INFO - Selected features (including required): ['who', 'RaceEth', 'age', 'is_female', 'is_hispanic', 'unemployed', 'unstableliving', 'education', 'marital', 'UDS_Amphetamine_Count', 'UDS_Benzodiazepine_Count', 'UDS_Buprenorphine_Count', 'UDS_Cocaine_Count', 'UDS_Methadone_Count', 'UDS_Opioid_Count', 'UDS_Sedatives_Count', 'UDS_Thc_Count', 'pain', 'has_schizophrenia', 'has_major_dep', 'has_bipolar', 'has_anx_pan', 'has_brain_damage', 'has_epilepsy', 'has_opiates_dx', 'has_alcol_dx', 'has_amphetamines_dx', 'has_cannabis_dx', 'has_cocaine_dx', 'has_sedatives_dx', 'ftnd', 'XTRT', 'shared', 'rbsivheroin', 'TLFB_Alcohol_Count', 'TLFB_Amphetamine_Count', 'TLFB_Benzodiazepine_Count', 'TLFB_Buprenorphine_Count', 'TLFB_Cocaine_Count', 'TLFB_Heroin_Count', 'TLFB_Methadone_Count', 'TLFB_Opioid_Count', 'TLFB_THC_Count', 'TLFB_Other', 'Homosexual_Behavior', 'Non_monogamous_Relationships']
2024-07-26 11:44:47 - INFO - Fitting logistic regression model with the selected features...
2024-07-26 11:44:48 - INFO - Model training completed successfully.
2024-07-26 11:44:48 - INFO - Calculating the dynamic threshold based on the proportion of positive outcomes...
2024-07-26 11:44:48 - INFO - Ratio of 1s to 0s in the outcome variable: 0.56 : 0.44
2024-07-26 11:44:48 - INFO - Dynamic threshold set to: 0.564
2024-07-26 11:44:48 - INFO - Model trained and saved successfully for subset 9.
2024-07-26 11:44:48 - INFO - ---------------------------
2024-07-26 11:44:48 - INFO - TRAIN MODEL STAGE COMPLETED FOR SUBSET 9
2024-07-26 11:44:48 - INFO - ---------------------------
2024-07-26 11:44:48 - INFO - --------------------------------
2024-07-26 11:44:48 - INFO - EVALUATE MODEL STAGE STARTING FOR SUBSET 9...
2024-07-26 11:44:48 - INFO - --------------------------------
2024-07-26 11:44:48 - INFO - ROC AUC Score: 0.6919773570173726
2024-07-26 11:44:48 - INFO - Confusion Matrix: 
[[77 32]
 [59 82]]
2024-07-26 11:44:48 - INFO - Precision: 0.7192982456140351
2024-07-26 11:44:48 - INFO - Recall: 0.5815602836879432
2024-07-26 11:44:48 - INFO - Model evaluated successfully for subset 9.
2024-07-26 11:44:48 - INFO - ------------------------------
2024-07-26 11:44:48 - INFO - EVALUATE MODEL STAGE COMPLETED FOR SUBSET 9
2024-07-26 11:44:48 - INFO - ------------------------------
2024-07-26 11:44:48 - INFO - Subset 10 demographic makeup: 950 1, 26 3, 14 2, 10 4
2024-07-26 11:44:48 - INFO - Processing subset 10...
2024-07-26 11:44:48 - INFO - -----------------------------
2024-07-26 11:44:48 - INFO - TRAIN MODEL STAGE STARTING FOR SUBSET 10...
2024-07-26 11:44:48 - INFO - -----------------------------
2024-07-26 11:44:48 - INFO - Scaling features and applying LASSO for feature selection...
2024-07-26 11:44:52 - INFO - Selected features (including required): ['who', 'RaceEth', 'age', 'is_female', 'is_hispanic', 'unemployed', 'unstableliving', 'education', 'marital', 'UDS_Amphetamine_Count', 'UDS_Benzodiazepine_Count', 'UDS_Buprenorphine_Count', 'UDS_Cocaine_Count', 'UDS_Methadone_Count', 'UDS_Opioid_Count', 'UDS_Sedatives_Count', 'UDS_Thc_Count', 'pain', 'has_schizophrenia', 'has_major_dep', 'has_bipolar', 'has_anx_pan', 'has_brain_damage', 'has_epilepsy', 'has_opiates_dx', 'has_alcol_dx', 'has_amphetamines_dx', 'has_cannabis_dx', 'has_cocaine_dx', 'has_sedatives_dx', 'ftnd', 'XTRT', 'shared', 'rbsivheroin', 'TLFB_Alcohol_Count', 'TLFB_Amphetamine_Count', 'TLFB_Benzodiazepine_Count', 'TLFB_Buprenorphine_Count', 'TLFB_Cocaine_Count', 'TLFB_Heroin_Count', 'TLFB_Methadone_Count', 'TLFB_Opioid_Count', 'TLFB_THC_Count', 'TLFB_Other', 'Homosexual_Behavior', 'Non_monogamous_Relationships']
2024-07-26 11:44:52 - INFO - Fitting logistic regression model with the selected features...
2024-07-26 11:44:52 - INFO - Model training completed successfully.
2024-07-26 11:44:52 - INFO - Calculating the dynamic threshold based on the proportion of positive outcomes...
2024-07-26 11:44:52 - INFO - Ratio of 1s to 0s in the outcome variable: 0.55 : 0.45
2024-07-26 11:44:52 - INFO - Dynamic threshold set to: 0.552
2024-07-26 11:44:52 - INFO - Model trained and saved successfully for subset 10.
2024-07-26 11:44:52 - INFO - ---------------------------
2024-07-26 11:44:52 - INFO - TRAIN MODEL STAGE COMPLETED FOR SUBSET 10
2024-07-26 11:44:53 - INFO - ---------------------------
2024-07-26 11:44:53 - INFO - --------------------------------
2024-07-26 11:44:53 - INFO - EVALUATE MODEL STAGE STARTING FOR SUBSET 10...
2024-07-26 11:44:53 - INFO - --------------------------------
2024-07-26 11:44:53 - INFO - ROC AUC Score: 0.7449534161490684
2024-07-26 11:44:53 - INFO - Confusion Matrix: 
[[85 27]
 [48 90]]
2024-07-26 11:44:53 - INFO - Precision: 0.7692307692307693
2024-07-26 11:44:53 - INFO - Recall: 0.6521739130434783
2024-07-26 11:44:53 - INFO - Model evaluated successfully for subset 10.
2024-07-26 11:44:53 - INFO - ------------------------------
2024-07-26 11:44:53 - INFO - EVALUATE MODEL STAGE COMPLETED FOR SUBSET 10
2024-07-26 11:44:53 - INFO - ------------------------------
2024-07-26 11:44:53 - INFO - Subset 11 demographic makeup: 1000 1
2024-07-26 11:44:53 - INFO - Processing subset 11...
2024-07-26 11:44:53 - INFO - -----------------------------
2024-07-26 11:44:53 - INFO - TRAIN MODEL STAGE STARTING FOR SUBSET 11...
2024-07-26 11:44:53 - INFO - -----------------------------
2024-07-26 11:44:53 - INFO - Scaling features and applying LASSO for feature selection...
2024-07-26 11:44:57 - INFO - Selected features (including required): ['who', 'age', 'is_female', 'unemployed', 'unstableliving', 'education', 'marital', 'UDS_Amphetamine_Count', 'UDS_Benzodiazepine_Count', 'UDS_Buprenorphine_Count', 'UDS_Cocaine_Count', 'UDS_Methadone_Count', 'UDS_Opioid_Count', 'UDS_Sedatives_Count', 'UDS_Thc_Count', 'pain', 'has_schizophrenia', 'has_major_dep', 'has_bipolar', 'has_anx_pan', 'has_brain_damage', 'has_epilepsy', 'has_opiates_dx', 'has_alcol_dx', 'has_amphetamines_dx', 'has_cannabis_dx', 'has_cocaine_dx', 'has_sedatives_dx', 'ftnd', 'XTRT', 'shared', 'rbsivheroin', 'TLFB_Alcohol_Count', 'TLFB_Amphetamine_Count', 'TLFB_Benzodiazepine_Count', 'TLFB_Buprenorphine_Count', 'TLFB_Cocaine_Count', 'TLFB_Heroin_Count', 'TLFB_Methadone_Count', 'TLFB_Opioid_Count', 'TLFB_THC_Count', 'TLFB_Other', 'Homosexual_Behavior', 'Non_monogamous_Relationships']
2024-07-26 11:44:57 - INFO - Fitting logistic regression model with the selected features...
2024-07-26 11:44:57 - INFO - Model training completed successfully.
2024-07-26 11:44:57 - INFO - Calculating the dynamic threshold based on the proportion of positive outcomes...
2024-07-26 11:44:57 - INFO - Ratio of 1s to 0s in the outcome variable: 0.56 : 0.44
2024-07-26 11:44:57 - INFO - Dynamic threshold set to: 0.56
2024-07-26 11:44:57 - INFO - Model trained and saved successfully for subset 11.
2024-07-26 11:44:57 - INFO - ---------------------------
2024-07-26 11:44:57 - INFO - TRAIN MODEL STAGE COMPLETED FOR SUBSET 11
2024-07-26 11:44:57 - INFO - ---------------------------
2024-07-26 11:44:57 - INFO - --------------------------------
2024-07-26 11:44:57 - INFO - EVALUATE MODEL STAGE STARTING FOR SUBSET 11...
2024-07-26 11:44:57 - INFO - --------------------------------
2024-07-26 11:44:57 - INFO - ROC AUC Score: 0.68
2024-07-26 11:44:57 - INFO - Confusion Matrix: 
[[71 39]
 [55 85]]
2024-07-26 11:44:57 - INFO - Precision: 0.6854838709677419
2024-07-26 11:44:57 - INFO - Recall: 0.6071428571428571
2024-07-26 11:44:57 - INFO - Model evaluated successfully for subset 11.
2024-07-26 11:44:57 - INFO - ------------------------------
2024-07-26 11:44:57 - INFO - EVALUATE MODEL STAGE COMPLETED FOR SUBSET 11
2024-07-26 11:44:57 - INFO - ------------------------------
2024-07-26 11:44:57 - INFO - ------------------
2024-07-26 11:44:57 - INFO - PIPELINE COMPLETED
2024-07-26 11:44:57 - INFO - ------------------
2024-07-26 11:44:57 - INFO - Found latest log file: /Users/richeyjay/Desktop/Relapse_Pipeline/env/logs/pipeline_2024-07-26_11-43-56.log
