2024-08-28 12:53:54,837 - INFO - Global Seed set to: 42
2024-08-28 12:53:54,837 - INFO - Outcome Name: Rd_kostenB_1993
2024-08-28 12:53:54,933 - INFO - Datasets loaded successfully.
2024-08-28 12:53:54,958 - INFO - Starting preprocessing of the merged dataset...
2024-08-28 12:53:54,958 - INFO - ---------------------------------
2024-08-28 12:53:54,958 - INFO - PRE-PROCESSING STAGE STARTING...
2024-08-28 12:53:54,959 - INFO - ---------------------------------
2024-08-28 12:53:55,224 - INFO - Dropped initial columns: ['pain_when', 'is_smoker', 'per_day', 'max', 'amount', 'depression', 'anxiety', 'schizophrenia', 'max', 'amount', 'cocaine_inject_days', 'speedball_inject_days', 'opioid_inject_days', 'speed_inject_days', 'UDS_Alcohol_Count', 'UDS_Mdma/Hallucinogen_Count']
2024-08-28 12:53:55,328 - INFO - Converted Yes/No to binary.
2024-08-28 12:53:55,353 - INFO - Processed TLFB columns with specified columns: ['TLFB_Alcohol_Count', 'TLFB_Amphetamine_Count', 'TLFB_Cocaine_Count', 'TLFB_Heroin_Count', 'TLFB_Benzodiazepine_Count', 'TLFB_Opioid_Count', 'TLFB_THC_Count', 'TLFB_Methadone_Count', 'TLFB_Buprenorphine_Count']
2024-08-28 12:53:55,360 - INFO - Calculated behavioral columns.
2024-08-28 12:53:55,372 - INFO - Moved 'Rd_kostenB_1993' column to the end.
2024-08-28 12:53:55,934 - INFO - Dropped initial columns: ['msm_npt', 'msm_frq', 'txx_prt']
2024-08-28 12:53:55,960 - INFO - transform_data_with_nan_handling success
2024-08-28 12:53:55,961 - INFO - Renamed columns according to the mapping.
2024-08-28 12:53:56,003 - INFO - Transformed NaN to 0 for binary columns.
2024-08-28 12:53:56,008 - INFO - Transformed and renamed 'heroin_inject_days' column to 'rbsivheroin'.
2024-08-28 12:53:56,009 - INFO - Filled NaN with 0 for 'ftnd' column.
2024-08-28 12:53:56,173 - INFO - Dropped additional columns: ['rbs_iv_days', 'race', 'RBS_cocaine_Days', 'RBS_heroin_Days', 'RBS_opioid_Days', 'RBS_speed_Days', 'RBS_speedball_Days']
2024-08-28 12:53:56,194 - INFO - Converted UDS drug counts to binary.
2024-08-28 12:53:56,328 - INFO - ------------------------------
2024-08-28 12:53:56,329 - INFO - PRE-PROCESSING STAGE COMPLETED
2024-08-28 12:53:56,329 - INFO - ------------------------------
2024-08-28 12:53:56,330 - INFO - Merged dataset preprocessed successfully.
2024-08-28 12:53:56,331 - INFO - Creating demographic subsets from preprocessed data...
2024-08-28 12:53:56,649 - INFO - Created 11 subsets successfully.
2024-08-28 12:53:56,649 - INFO - Creating merged subsets from create_demographics_dfs function
2024-08-28 12:53:56,890 - INFO - Created 11 merged subsets successfully.
2024-08-28 12:53:56,898 - INFO - Subset 1 demographic makeup: 500 1, 248 3, 150 2, 102 4
2024-08-28 12:53:56,899 - INFO - Processing subset 1...
2024-08-28 12:53:56,899 - INFO - -----------------------------
2024-08-28 12:53:56,900 - INFO - TRAIN MODEL STAGE STARTING FOR SUBSET 1...
2024-08-28 12:53:56,903 - INFO - -----------------------------
2024-08-28 12:53:57,104 - INFO - Scaling features and applying LASSO for feature selection...
2024-08-28 12:53:57,454 - INFO - Selected features (including required): ['who', 'RaceEth', 'age', 'is_female', 'is_hispanic', 'unemployed', 'unstableliving', 'education', 'marital', 'UDS_Amphetamine_Count', 'UDS_Benzodiazepine_Count', 'UDS_Buprenorphine_Count', 'UDS_Cocaine_Count', 'UDS_Methadone_Count', 'UDS_Opioid_Count', 'UDS_Sedatives_Count', 'UDS_Thc_Count', 'pain', 'has_schizophrenia', 'has_major_dep', 'has_bipolar', 'has_anx_pan', 'has_brain_damage', 'has_epilepsy', 'has_alcol_dx', 'has_amphetamines_dx', 'has_cannabis_dx', 'has_cocaine_dx', 'has_sedatives_dx', 'ftnd', 'XTRT', 'shared', 'rbsivheroin', 'TLFB_Alcohol_Count', 'TLFB_Amphetamine_Count', 'TLFB_Benzodiazepine_Count', 'TLFB_Buprenorphine_Count', 'TLFB_Cocaine_Count', 'TLFB_Heroin_Count', 'TLFB_Methadone_Count', 'TLFB_Opioid_Count', 'TLFB_THC_Count', 'TLFB_Other', 'Homosexual_Behavior', 'Non_monogamous_Relationships']
2024-08-28 12:53:57,462 - INFO - Fitting logistic regression model with the selected features...
2024-08-28 12:53:58,206 - INFO - Model training completed successfully.
2024-08-28 12:53:58,206 - INFO - Calculating the dynamic threshold based on the proportion of positive outcomes...
2024-08-28 12:53:58,206 - INFO - Ratio of 1s to 0s in the outcome variable: 0.59 : 0.41
2024-08-28 12:53:58,207 - INFO - Dynamic threshold set to: 0.588
2024-08-28 12:53:58,207 - INFO - Model trained and saved successfully for subset 1.
2024-08-28 12:53:58,207 - INFO - ---------------------------
2024-08-28 12:53:58,207 - INFO - TRAIN MODEL STAGE COMPLETED FOR SUBSET 1
2024-08-28 12:53:58,207 - INFO - ---------------------------
2024-08-28 12:53:58,207 - INFO - --------------------------------
2024-08-28 12:53:58,207 - INFO - EVALUATE MODEL STAGE STARTING FOR SUBSET 1...
2024-08-28 12:53:58,207 - INFO - --------------------------------
2024-08-28 12:53:58,248 - INFO - ROC AUC Score: 0.6867446007529225
2024-08-28 12:53:58,249 - INFO - Confusion Matrix: 
[[79 24]
 [74 73]]
2024-08-28 12:53:58,249 - INFO - Precision: 0.7525773195876289
2024-08-28 12:53:58,249 - INFO - Recall: 0.4965986394557823
2024-08-28 12:53:58,250 - INFO - Model evaluated successfully for subset 1.
2024-08-28 12:53:58,250 - INFO - ------------------------------
2024-08-28 12:53:58,250 - INFO - EVALUATE MODEL STAGE COMPLETED FOR SUBSET 1
2024-08-28 12:53:58,250 - INFO - ------------------------------
2024-08-28 12:53:58,251 - INFO - Subset 2 demographic makeup: 550 1, 222 3, 133 2, 95 4
2024-08-28 12:53:58,252 - INFO - Processing subset 2...
2024-08-28 12:53:58,252 - INFO - -----------------------------
2024-08-28 12:53:58,252 - INFO - TRAIN MODEL STAGE STARTING FOR SUBSET 2...
2024-08-28 12:53:58,252 - INFO - -----------------------------
2024-08-28 12:53:58,265 - INFO - Scaling features and applying LASSO for feature selection...
2024-08-28 12:53:58,536 - INFO - Selected features (including required): ['who', 'RaceEth', 'age', 'is_female', 'is_hispanic', 'unemployed', 'unstableliving', 'education', 'marital', 'UDS_Amphetamine_Count', 'UDS_Benzodiazepine_Count', 'UDS_Buprenorphine_Count', 'UDS_Cocaine_Count', 'UDS_Methadone_Count', 'UDS_Opioid_Count', 'UDS_Sedatives_Count', 'UDS_Thc_Count', 'pain', 'has_schizophrenia', 'has_major_dep', 'has_bipolar', 'has_anx_pan', 'has_brain_damage', 'has_epilepsy', 'has_alcol_dx', 'has_amphetamines_dx', 'has_cannabis_dx', 'has_cocaine_dx', 'has_sedatives_dx', 'ftnd', 'XTRT', 'shared', 'rbsivheroin', 'TLFB_Alcohol_Count', 'TLFB_Amphetamine_Count', 'TLFB_Benzodiazepine_Count', 'TLFB_Buprenorphine_Count', 'TLFB_Cocaine_Count', 'TLFB_Heroin_Count', 'TLFB_Methadone_Count', 'TLFB_Opioid_Count', 'TLFB_THC_Count', 'TLFB_Other', 'Homosexual_Behavior', 'Non_monogamous_Relationships']
2024-08-28 12:53:58,551 - INFO - Fitting logistic regression model with the selected features...
2024-08-28 12:53:59,189 - INFO - Model training completed successfully.
2024-08-28 12:53:59,191 - INFO - Calculating the dynamic threshold based on the proportion of positive outcomes...
2024-08-28 12:53:59,208 - INFO - Ratio of 1s to 0s in the outcome variable: 0.53 : 0.47
2024-08-28 12:53:59,209 - INFO - Dynamic threshold set to: 0.532
2024-08-28 12:53:59,211 - INFO - Model trained and saved successfully for subset 2.
2024-08-28 12:53:59,212 - INFO - ---------------------------
2024-08-28 12:53:59,316 - INFO - TRAIN MODEL STAGE COMPLETED FOR SUBSET 2
2024-08-28 12:53:59,316 - INFO - ---------------------------
2024-08-28 12:53:59,318 - INFO - --------------------------------
2024-08-28 12:53:59,318 - INFO - EVALUATE MODEL STAGE STARTING FOR SUBSET 2...
2024-08-28 12:53:59,321 - INFO - --------------------------------
2024-08-28 12:53:59,367 - INFO - ROC AUC Score: 0.644367328577855
2024-08-28 12:53:59,369 - INFO - Confusion Matrix: 
[[71 46]
 [47 86]]
2024-08-28 12:53:59,369 - INFO - Precision: 0.6515151515151515
2024-08-28 12:53:59,369 - INFO - Recall: 0.6466165413533834
2024-08-28 12:53:59,370 - INFO - Model evaluated successfully for subset 2.
2024-08-28 12:53:59,370 - INFO - ------------------------------
2024-08-28 12:53:59,370 - INFO - EVALUATE MODEL STAGE COMPLETED FOR SUBSET 2
2024-08-28 12:53:59,370 - INFO - ------------------------------
2024-08-28 12:53:59,377 - INFO - Subset 3 demographic makeup: 600 1, 199 3, 117 2, 84 4
2024-08-28 12:53:59,377 - INFO - Processing subset 3...
2024-08-28 12:53:59,379 - INFO - -----------------------------
2024-08-28 12:53:59,379 - INFO - TRAIN MODEL STAGE STARTING FOR SUBSET 3...
2024-08-28 12:53:59,379 - INFO - -----------------------------
2024-08-28 12:53:59,404 - INFO - Scaling features and applying LASSO for feature selection...
2024-08-28 12:53:59,719 - INFO - Selected features (including required): ['who', 'RaceEth', 'age', 'is_female', 'is_hispanic', 'unemployed', 'unstableliving', 'education', 'marital', 'UDS_Amphetamine_Count', 'UDS_Benzodiazepine_Count', 'UDS_Buprenorphine_Count', 'UDS_Cocaine_Count', 'UDS_Methadone_Count', 'UDS_Opioid_Count', 'UDS_Sedatives_Count', 'UDS_Thc_Count', 'pain', 'has_schizophrenia', 'has_major_dep', 'has_bipolar', 'has_anx_pan', 'has_brain_damage', 'has_epilepsy', 'has_alcol_dx', 'has_amphetamines_dx', 'has_cannabis_dx', 'has_cocaine_dx', 'has_sedatives_dx', 'ftnd', 'XTRT', 'shared', 'rbsivheroin', 'TLFB_Alcohol_Count', 'TLFB_Amphetamine_Count', 'TLFB_Benzodiazepine_Count', 'TLFB_Buprenorphine_Count', 'TLFB_Cocaine_Count', 'TLFB_Heroin_Count', 'TLFB_Methadone_Count', 'TLFB_Opioid_Count', 'TLFB_THC_Count', 'TLFB_Other', 'Homosexual_Behavior', 'Non_monogamous_Relationships']
2024-08-28 12:53:59,730 - INFO - Fitting logistic regression model with the selected features...
2024-08-28 12:54:00,430 - INFO - Model training completed successfully.
2024-08-28 12:54:00,431 - INFO - Calculating the dynamic threshold based on the proportion of positive outcomes...
2024-08-28 12:54:00,433 - INFO - Ratio of 1s to 0s in the outcome variable: 0.54 : 0.46
2024-08-28 12:54:00,437 - INFO - Dynamic threshold set to: 0.544
2024-08-28 12:54:00,437 - INFO - Model trained and saved successfully for subset 3.
2024-08-28 12:54:00,438 - INFO - ---------------------------
2024-08-28 12:54:00,439 - INFO - TRAIN MODEL STAGE COMPLETED FOR SUBSET 3
2024-08-28 12:54:00,440 - INFO - ---------------------------
2024-08-28 12:54:00,440 - INFO - --------------------------------
2024-08-28 12:54:00,441 - INFO - EVALUATE MODEL STAGE STARTING FOR SUBSET 3...
2024-08-28 12:54:00,446 - INFO - --------------------------------
2024-08-28 12:54:00,493 - INFO - ROC AUC Score: 0.7028508771929826
2024-08-28 12:54:00,493 - INFO - Confusion Matrix: 
[[88 26]
 [61 75]]
2024-08-28 12:54:00,494 - INFO - Precision: 0.7425742574257426
2024-08-28 12:54:00,496 - INFO - Recall: 0.5514705882352942
2024-08-28 12:54:00,502 - INFO - Model evaluated successfully for subset 3.
2024-08-28 12:54:00,503 - INFO - ------------------------------
2024-08-28 12:54:00,505 - INFO - EVALUATE MODEL STAGE COMPLETED FOR SUBSET 3
2024-08-28 12:54:00,506 - INFO - ------------------------------
2024-08-28 12:54:00,507 - INFO - Subset 4 demographic makeup: 650 1, 174 3, 102 2, 74 4
2024-08-28 12:54:00,508 - INFO - Processing subset 4...
2024-08-28 12:54:00,508 - INFO - -----------------------------
2024-08-28 12:54:00,509 - INFO - TRAIN MODEL STAGE STARTING FOR SUBSET 4...
2024-08-28 12:54:00,509 - INFO - -----------------------------
2024-08-28 12:54:00,528 - INFO - Scaling features and applying LASSO for feature selection...
2024-08-28 12:54:00,826 - INFO - Selected features (including required): ['who', 'RaceEth', 'age', 'is_female', 'is_hispanic', 'unemployed', 'unstableliving', 'education', 'marital', 'UDS_Amphetamine_Count', 'UDS_Benzodiazepine_Count', 'UDS_Buprenorphine_Count', 'UDS_Cocaine_Count', 'UDS_Methadone_Count', 'UDS_Opioid_Count', 'UDS_Sedatives_Count', 'UDS_Thc_Count', 'pain', 'has_schizophrenia', 'has_major_dep', 'has_bipolar', 'has_anx_pan', 'has_brain_damage', 'has_epilepsy', 'has_alcol_dx', 'has_amphetamines_dx', 'has_cannabis_dx', 'has_cocaine_dx', 'has_sedatives_dx', 'ftnd', 'XTRT', 'shared', 'rbsivheroin', 'TLFB_Alcohol_Count', 'TLFB_Amphetamine_Count', 'TLFB_Benzodiazepine_Count', 'TLFB_Buprenorphine_Count', 'TLFB_Cocaine_Count', 'TLFB_Heroin_Count', 'TLFB_Methadone_Count', 'TLFB_Opioid_Count', 'TLFB_THC_Count', 'TLFB_Other', 'Homosexual_Behavior', 'Non_monogamous_Relationships']
2024-08-28 12:54:00,834 - INFO - Fitting logistic regression model with the selected features...
2024-08-28 12:54:01,803 - INFO - Model training completed successfully.
2024-08-28 12:54:01,804 - INFO - Calculating the dynamic threshold based on the proportion of positive outcomes...
2024-08-28 12:54:01,805 - INFO - Ratio of 1s to 0s in the outcome variable: 0.50 : 0.50
2024-08-28 12:54:01,806 - INFO - Dynamic threshold set to: 0.496
2024-08-28 12:54:01,806 - INFO - Model trained and saved successfully for subset 4.
2024-08-28 12:54:01,806 - INFO - ---------------------------
2024-08-28 12:54:01,806 - INFO - TRAIN MODEL STAGE COMPLETED FOR SUBSET 4
2024-08-28 12:54:01,807 - INFO - ---------------------------
2024-08-28 12:54:01,807 - INFO - --------------------------------
2024-08-28 12:54:01,807 - INFO - EVALUATE MODEL STAGE STARTING FOR SUBSET 4...
2024-08-28 12:54:01,807 - INFO - --------------------------------
2024-08-28 12:54:01,833 - INFO - ROC AUC Score: 0.6571940604198669
2024-08-28 12:54:01,834 - INFO - Confusion Matrix: 
[[66 60]
 [39 85]]
2024-08-28 12:54:01,834 - INFO - Precision: 0.5862068965517241
2024-08-28 12:54:01,835 - INFO - Recall: 0.6854838709677419
2024-08-28 12:54:01,836 - INFO - Model evaluated successfully for subset 4.
2024-08-28 12:54:01,836 - INFO - ------------------------------
2024-08-28 12:54:01,836 - INFO - EVALUATE MODEL STAGE COMPLETED FOR SUBSET 4
2024-08-28 12:54:01,836 - INFO - ------------------------------
2024-08-28 12:54:01,838 - INFO - Subset 5 demographic makeup: 700 1, 148 3, 86 2, 66 4
2024-08-28 12:54:01,838 - INFO - Processing subset 5...
2024-08-28 12:54:01,838 - INFO - -----------------------------
2024-08-28 12:54:01,838 - INFO - TRAIN MODEL STAGE STARTING FOR SUBSET 5...
2024-08-28 12:54:01,839 - INFO - -----------------------------
2024-08-28 12:54:01,847 - INFO - Scaling features and applying LASSO for feature selection...
2024-08-28 12:54:02,747 - INFO - Selected features (including required): ['who', 'RaceEth', 'age', 'is_female', 'is_hispanic', 'unemployed', 'unstableliving', 'education', 'marital', 'UDS_Amphetamine_Count', 'UDS_Benzodiazepine_Count', 'UDS_Buprenorphine_Count', 'UDS_Cocaine_Count', 'UDS_Methadone_Count', 'UDS_Opioid_Count', 'UDS_Sedatives_Count', 'UDS_Thc_Count', 'pain', 'has_schizophrenia', 'has_major_dep', 'has_bipolar', 'has_anx_pan', 'has_brain_damage', 'has_epilepsy', 'has_alcol_dx', 'has_amphetamines_dx', 'has_cannabis_dx', 'has_cocaine_dx', 'has_sedatives_dx', 'ftnd', 'XTRT', 'shared', 'rbsivheroin', 'TLFB_Alcohol_Count', 'TLFB_Amphetamine_Count', 'TLFB_Benzodiazepine_Count', 'TLFB_Buprenorphine_Count', 'TLFB_Cocaine_Count', 'TLFB_Heroin_Count', 'TLFB_Methadone_Count', 'TLFB_Opioid_Count', 'TLFB_THC_Count', 'TLFB_Other', 'Homosexual_Behavior', 'Non_monogamous_Relationships']
2024-08-28 12:54:02,756 - INFO - Fitting logistic regression model with the selected features...
2024-08-28 12:54:04,215 - INFO - Model training completed successfully.
2024-08-28 12:54:04,215 - INFO - Calculating the dynamic threshold based on the proportion of positive outcomes...
2024-08-28 12:54:04,216 - INFO - Ratio of 1s to 0s in the outcome variable: 0.50 : 0.50
2024-08-28 12:54:04,216 - INFO - Dynamic threshold set to: 0.504
2024-08-28 12:54:04,216 - INFO - Model trained and saved successfully for subset 5.
2024-08-28 12:54:04,216 - INFO - ---------------------------
2024-08-28 12:54:04,216 - INFO - TRAIN MODEL STAGE COMPLETED FOR SUBSET 5
2024-08-28 12:54:04,216 - INFO - ---------------------------
2024-08-28 12:54:04,216 - INFO - --------------------------------
2024-08-28 12:54:04,217 - INFO - EVALUATE MODEL STAGE STARTING FOR SUBSET 5...
2024-08-28 12:54:04,217 - INFO - --------------------------------
2024-08-28 12:54:04,238 - INFO - ROC AUC Score: 0.6385048643113159
2024-08-28 12:54:04,239 - INFO - Confusion Matrix: 
[[70 54]
 [47 79]]
2024-08-28 12:54:04,239 - INFO - Precision: 0.5939849624060151
2024-08-28 12:54:04,239 - INFO - Recall: 0.626984126984127
2024-08-28 12:54:04,240 - INFO - Model evaluated successfully for subset 5.
2024-08-28 12:54:04,240 - INFO - ------------------------------
2024-08-28 12:54:04,241 - INFO - EVALUATE MODEL STAGE COMPLETED FOR SUBSET 5
2024-08-28 12:54:04,241 - INFO - ------------------------------
2024-08-28 12:54:04,242 - INFO - Subset 6 demographic makeup: 750 1, 122 3, 72 2, 56 4
2024-08-28 12:54:04,242 - INFO - Processing subset 6...
2024-08-28 12:54:04,243 - INFO - -----------------------------
2024-08-28 12:54:04,243 - INFO - TRAIN MODEL STAGE STARTING FOR SUBSET 6...
2024-08-28 12:54:04,243 - INFO - -----------------------------
2024-08-28 12:54:04,256 - INFO - Scaling features and applying LASSO for feature selection...
2024-08-28 12:54:04,580 - INFO - Selected features (including required): ['who', 'RaceEth', 'age', 'is_female', 'is_hispanic', 'unemployed', 'unstableliving', 'education', 'marital', 'UDS_Amphetamine_Count', 'UDS_Benzodiazepine_Count', 'UDS_Buprenorphine_Count', 'UDS_Cocaine_Count', 'UDS_Methadone_Count', 'UDS_Opioid_Count', 'UDS_Sedatives_Count', 'UDS_Thc_Count', 'pain', 'has_schizophrenia', 'has_major_dep', 'has_bipolar', 'has_anx_pan', 'has_brain_damage', 'has_epilepsy', 'has_alcol_dx', 'has_amphetamines_dx', 'has_cannabis_dx', 'has_cocaine_dx', 'has_sedatives_dx', 'ftnd', 'XTRT', 'shared', 'rbsivheroin', 'TLFB_Alcohol_Count', 'TLFB_Amphetamine_Count', 'TLFB_Benzodiazepine_Count', 'TLFB_Buprenorphine_Count', 'TLFB_Cocaine_Count', 'TLFB_Heroin_Count', 'TLFB_Methadone_Count', 'TLFB_Opioid_Count', 'TLFB_THC_Count', 'TLFB_Other', 'Homosexual_Behavior', 'Non_monogamous_Relationships']
2024-08-28 12:54:04,588 - INFO - Fitting logistic regression model with the selected features...
2024-08-28 12:54:05,302 - INFO - Model training completed successfully.
2024-08-28 12:54:05,303 - INFO - Calculating the dynamic threshold based on the proportion of positive outcomes...
2024-08-28 12:54:05,303 - INFO - Ratio of 1s to 0s in the outcome variable: 0.51 : 0.49
2024-08-28 12:54:05,303 - INFO - Dynamic threshold set to: 0.512
2024-08-28 12:54:05,304 - INFO - Model trained and saved successfully for subset 6.
2024-08-28 12:54:05,304 - INFO - ---------------------------
2024-08-28 12:54:05,304 - INFO - TRAIN MODEL STAGE COMPLETED FOR SUBSET 6
2024-08-28 12:54:05,304 - INFO - ---------------------------
2024-08-28 12:54:05,304 - INFO - --------------------------------
2024-08-28 12:54:05,304 - INFO - EVALUATE MODEL STAGE STARTING FOR SUBSET 6...
2024-08-28 12:54:05,304 - INFO - --------------------------------
2024-08-28 12:54:05,332 - INFO - ROC AUC Score: 0.7013319672131146
2024-08-28 12:54:05,332 - INFO - Confusion Matrix: 
[[80 42]
 [42 86]]
2024-08-28 12:54:05,332 - INFO - Precision: 0.671875
2024-08-28 12:54:05,332 - INFO - Recall: 0.671875
2024-08-28 12:54:05,333 - INFO - Model evaluated successfully for subset 6.
2024-08-28 12:54:05,333 - INFO - ------------------------------
2024-08-28 12:54:05,333 - INFO - EVALUATE MODEL STAGE COMPLETED FOR SUBSET 6
2024-08-28 12:54:05,333 - INFO - ------------------------------
2024-08-28 12:54:05,334 - INFO - Subset 7 demographic makeup: 800 1, 96 3, 59 2, 45 4
2024-08-28 12:54:05,334 - INFO - Processing subset 7...
2024-08-28 12:54:05,334 - INFO - -----------------------------
2024-08-28 12:54:05,335 - INFO - TRAIN MODEL STAGE STARTING FOR SUBSET 7...
2024-08-28 12:54:05,335 - INFO - -----------------------------
2024-08-28 12:54:05,344 - INFO - Scaling features and applying LASSO for feature selection...
2024-08-28 12:54:06,977 - INFO - Selected features (including required): ['who', 'RaceEth', 'age', 'is_female', 'is_hispanic', 'unemployed', 'unstableliving', 'education', 'marital', 'UDS_Amphetamine_Count', 'UDS_Benzodiazepine_Count', 'UDS_Buprenorphine_Count', 'UDS_Cocaine_Count', 'UDS_Methadone_Count', 'UDS_Opioid_Count', 'UDS_Sedatives_Count', 'UDS_Thc_Count', 'pain', 'has_schizophrenia', 'has_major_dep', 'has_bipolar', 'has_anx_pan', 'has_brain_damage', 'has_epilepsy', 'has_alcol_dx', 'has_amphetamines_dx', 'has_cannabis_dx', 'has_cocaine_dx', 'has_sedatives_dx', 'ftnd', 'XTRT', 'shared', 'rbsivheroin', 'TLFB_Alcohol_Count', 'TLFB_Amphetamine_Count', 'TLFB_Benzodiazepine_Count', 'TLFB_Buprenorphine_Count', 'TLFB_Cocaine_Count', 'TLFB_Heroin_Count', 'TLFB_Methadone_Count', 'TLFB_Opioid_Count', 'TLFB_THC_Count', 'TLFB_Other', 'Homosexual_Behavior', 'Non_monogamous_Relationships']
2024-08-28 12:54:06,989 - INFO - Fitting logistic regression model with the selected features...
2024-08-28 12:54:08,119 - INFO - Model training completed successfully.
2024-08-28 12:54:08,120 - INFO - Calculating the dynamic threshold based on the proportion of positive outcomes...
2024-08-28 12:54:08,120 - INFO - Ratio of 1s to 0s in the outcome variable: 0.52 : 0.48
2024-08-28 12:54:08,120 - INFO - Dynamic threshold set to: 0.516
2024-08-28 12:54:08,120 - INFO - Model trained and saved successfully for subset 7.
2024-08-28 12:54:08,121 - INFO - ---------------------------
2024-08-28 12:54:08,121 - INFO - TRAIN MODEL STAGE COMPLETED FOR SUBSET 7
2024-08-28 12:54:08,121 - INFO - ---------------------------
2024-08-28 12:54:08,121 - INFO - --------------------------------
2024-08-28 12:54:08,121 - INFO - EVALUATE MODEL STAGE STARTING FOR SUBSET 7...
2024-08-28 12:54:08,121 - INFO - --------------------------------
2024-08-28 12:54:08,145 - INFO - ROC AUC Score: 0.645140623998975
2024-08-28 12:54:08,145 - INFO - Confusion Matrix: 
[[77 44]
 [51 78]]
2024-08-28 12:54:08,145 - INFO - Precision: 0.639344262295082
2024-08-28 12:54:08,145 - INFO - Recall: 0.6046511627906976
2024-08-28 12:54:08,146 - INFO - Model evaluated successfully for subset 7.
2024-08-28 12:54:08,146 - INFO - ------------------------------
2024-08-28 12:54:08,146 - INFO - EVALUATE MODEL STAGE COMPLETED FOR SUBSET 7
2024-08-28 12:54:08,146 - INFO - ------------------------------
2024-08-28 12:54:08,148 - INFO - Subset 8 demographic makeup: 850 1, 69 3, 44 2, 37 4
2024-08-28 12:54:08,148 - INFO - Processing subset 8...
2024-08-28 12:54:08,148 - INFO - -----------------------------
2024-08-28 12:54:08,148 - INFO - TRAIN MODEL STAGE STARTING FOR SUBSET 8...
2024-08-28 12:54:08,148 - INFO - -----------------------------
2024-08-28 12:54:08,160 - INFO - Scaling features and applying LASSO for feature selection...
2024-08-28 12:54:09,325 - INFO - Selected features (including required): ['who', 'RaceEth', 'age', 'is_female', 'is_hispanic', 'unemployed', 'unstableliving', 'education', 'marital', 'UDS_Amphetamine_Count', 'UDS_Benzodiazepine_Count', 'UDS_Buprenorphine_Count', 'UDS_Cocaine_Count', 'UDS_Methadone_Count', 'UDS_Opioid_Count', 'UDS_Sedatives_Count', 'UDS_Thc_Count', 'pain', 'has_schizophrenia', 'has_major_dep', 'has_bipolar', 'has_anx_pan', 'has_brain_damage', 'has_epilepsy', 'has_alcol_dx', 'has_amphetamines_dx', 'has_cannabis_dx', 'has_cocaine_dx', 'has_sedatives_dx', 'ftnd', 'XTRT', 'shared', 'rbsivheroin', 'TLFB_Alcohol_Count', 'TLFB_Amphetamine_Count', 'TLFB_Benzodiazepine_Count', 'TLFB_Buprenorphine_Count', 'TLFB_Cocaine_Count', 'TLFB_Heroin_Count', 'TLFB_Methadone_Count', 'TLFB_Opioid_Count', 'TLFB_THC_Count', 'TLFB_Other', 'Homosexual_Behavior', 'Non_monogamous_Relationships']
2024-08-28 12:54:09,339 - INFO - Fitting logistic regression model with the selected features...
2024-08-28 12:54:10,117 - INFO - Model training completed successfully.
2024-08-28 12:54:10,117 - INFO - Calculating the dynamic threshold based on the proportion of positive outcomes...
2024-08-28 12:54:10,118 - INFO - Ratio of 1s to 0s in the outcome variable: 0.52 : 0.48
2024-08-28 12:54:10,118 - INFO - Dynamic threshold set to: 0.52
2024-08-28 12:54:10,119 - INFO - Model trained and saved successfully for subset 8.
2024-08-28 12:54:10,120 - INFO - ---------------------------
2024-08-28 12:54:10,122 - INFO - TRAIN MODEL STAGE COMPLETED FOR SUBSET 8
2024-08-28 12:54:10,123 - INFO - ---------------------------
2024-08-28 12:54:10,124 - INFO - --------------------------------
2024-08-28 12:54:10,125 - INFO - EVALUATE MODEL STAGE STARTING FOR SUBSET 8...
2024-08-28 12:54:10,126 - INFO - --------------------------------
2024-08-28 12:54:10,168 - INFO - ROC AUC Score: 0.6386538461538461
2024-08-28 12:54:10,168 - INFO - Confusion Matrix: 
[[71 49]
 [50 80]]
2024-08-28 12:54:10,169 - INFO - Precision: 0.6201550387596899
2024-08-28 12:54:10,169 - INFO - Recall: 0.6153846153846154
2024-08-28 12:54:10,170 - INFO - Model evaluated successfully for subset 8.
2024-08-28 12:54:10,171 - INFO - ------------------------------
2024-08-28 12:54:10,173 - INFO - EVALUATE MODEL STAGE COMPLETED FOR SUBSET 8
2024-08-28 12:54:10,174 - INFO - ------------------------------
2024-08-28 12:54:10,176 - INFO - Subset 9 demographic makeup: 900 1, 47 3, 30 2, 23 4
2024-08-28 12:54:10,176 - INFO - Processing subset 9...
2024-08-28 12:54:10,177 - INFO - -----------------------------
2024-08-28 12:54:10,177 - INFO - TRAIN MODEL STAGE STARTING FOR SUBSET 9...
2024-08-28 12:54:10,178 - INFO - -----------------------------
2024-08-28 12:54:10,192 - INFO - Scaling features and applying LASSO for feature selection...
2024-08-28 12:54:10,530 - INFO - Selected features (including required): ['who', 'RaceEth', 'age', 'is_female', 'is_hispanic', 'unemployed', 'unstableliving', 'education', 'marital', 'UDS_Amphetamine_Count', 'UDS_Benzodiazepine_Count', 'UDS_Buprenorphine_Count', 'UDS_Cocaine_Count', 'UDS_Methadone_Count', 'UDS_Opioid_Count', 'UDS_Sedatives_Count', 'UDS_Thc_Count', 'pain', 'has_schizophrenia', 'has_major_dep', 'has_bipolar', 'has_anx_pan', 'has_brain_damage', 'has_epilepsy', 'has_alcol_dx', 'has_amphetamines_dx', 'has_cannabis_dx', 'has_cocaine_dx', 'has_sedatives_dx', 'ftnd', 'XTRT', 'shared', 'rbsivheroin', 'TLFB_Alcohol_Count', 'TLFB_Amphetamine_Count', 'TLFB_Benzodiazepine_Count', 'TLFB_Buprenorphine_Count', 'TLFB_Cocaine_Count', 'TLFB_Heroin_Count', 'TLFB_Methadone_Count', 'TLFB_Opioid_Count', 'TLFB_THC_Count', 'TLFB_Other', 'Homosexual_Behavior', 'Non_monogamous_Relationships']
2024-08-28 12:54:10,538 - INFO - Fitting logistic regression model with the selected features...
2024-08-28 12:54:11,742 - INFO - Model training completed successfully.
2024-08-28 12:54:11,743 - INFO - Calculating the dynamic threshold based on the proportion of positive outcomes...
2024-08-28 12:54:11,743 - INFO - Ratio of 1s to 0s in the outcome variable: 0.47 : 0.53
2024-08-28 12:54:11,743 - INFO - Dynamic threshold set to: 0.472
2024-08-28 12:54:11,744 - INFO - Model trained and saved successfully for subset 9.
2024-08-28 12:54:11,744 - INFO - ---------------------------
2024-08-28 12:54:11,744 - INFO - TRAIN MODEL STAGE COMPLETED FOR SUBSET 9
2024-08-28 12:54:11,744 - INFO - ---------------------------
2024-08-28 12:54:11,744 - INFO - --------------------------------
2024-08-28 12:54:11,744 - INFO - EVALUATE MODEL STAGE STARTING FOR SUBSET 9...
2024-08-28 12:54:11,744 - INFO - --------------------------------
2024-08-28 12:54:11,765 - INFO - ROC AUC Score: 0.6154340010272213
2024-08-28 12:54:11,766 - INFO - Confusion Matrix: 
[[59 73]
 [36 82]]
2024-08-28 12:54:11,768 - INFO - Precision: 0.5290322580645161
2024-08-28 12:54:11,769 - INFO - Recall: 0.6949152542372882
2024-08-28 12:54:11,769 - INFO - Model evaluated successfully for subset 9.
2024-08-28 12:54:11,770 - INFO - ------------------------------
2024-08-28 12:54:11,770 - INFO - EVALUATE MODEL STAGE COMPLETED FOR SUBSET 9
2024-08-28 12:54:11,770 - INFO - ------------------------------
2024-08-28 12:54:11,771 - INFO - Subset 10 demographic makeup: 950 1, 24 3, 16 2, 10 4
2024-08-28 12:54:11,772 - INFO - Processing subset 10...
2024-08-28 12:54:11,772 - INFO - -----------------------------
2024-08-28 12:54:11,772 - INFO - TRAIN MODEL STAGE STARTING FOR SUBSET 10...
2024-08-28 12:54:11,772 - INFO - -----------------------------
2024-08-28 12:54:11,787 - INFO - Scaling features and applying LASSO for feature selection...
2024-08-28 12:54:12,136 - INFO - Selected features (including required): ['who', 'RaceEth', 'age', 'is_female', 'is_hispanic', 'unemployed', 'unstableliving', 'education', 'marital', 'UDS_Amphetamine_Count', 'UDS_Benzodiazepine_Count', 'UDS_Buprenorphine_Count', 'UDS_Cocaine_Count', 'UDS_Methadone_Count', 'UDS_Opioid_Count', 'UDS_Sedatives_Count', 'UDS_Thc_Count', 'pain', 'has_schizophrenia', 'has_major_dep', 'has_bipolar', 'has_anx_pan', 'has_brain_damage', 'has_epilepsy', 'has_alcol_dx', 'has_amphetamines_dx', 'has_cannabis_dx', 'has_cocaine_dx', 'has_sedatives_dx', 'ftnd', 'XTRT', 'shared', 'rbsivheroin', 'TLFB_Alcohol_Count', 'TLFB_Amphetamine_Count', 'TLFB_Benzodiazepine_Count', 'TLFB_Buprenorphine_Count', 'TLFB_Cocaine_Count', 'TLFB_Heroin_Count', 'TLFB_Methadone_Count', 'TLFB_Opioid_Count', 'TLFB_THC_Count', 'TLFB_Other', 'Homosexual_Behavior', 'Non_monogamous_Relationships']
2024-08-28 12:54:12,143 - INFO - Fitting logistic regression model with the selected features...
2024-08-28 12:54:12,806 - INFO - Model training completed successfully.
2024-08-28 12:54:12,806 - INFO - Calculating the dynamic threshold based on the proportion of positive outcomes...
2024-08-28 12:54:12,806 - INFO - Ratio of 1s to 0s in the outcome variable: 0.48 : 0.52
2024-08-28 12:54:12,806 - INFO - Dynamic threshold set to: 0.48
2024-08-28 12:54:12,807 - INFO - Model trained and saved successfully for subset 10.
2024-08-28 12:54:12,807 - INFO - ---------------------------
2024-08-28 12:54:12,807 - INFO - TRAIN MODEL STAGE COMPLETED FOR SUBSET 10
2024-08-28 12:54:12,807 - INFO - ---------------------------
2024-08-28 12:54:12,807 - INFO - --------------------------------
2024-08-28 12:54:12,807 - INFO - EVALUATE MODEL STAGE STARTING FOR SUBSET 10...
2024-08-28 12:54:12,807 - INFO - --------------------------------
2024-08-28 12:54:12,832 - INFO - ROC AUC Score: 0.6242307692307693
2024-08-28 12:54:12,833 - INFO - Confusion Matrix: 
[[55 75]
 [28 92]]
2024-08-28 12:54:12,833 - INFO - Precision: 0.5508982035928144
2024-08-28 12:54:12,833 - INFO - Recall: 0.7666666666666667
2024-08-28 12:54:12,833 - INFO - Model evaluated successfully for subset 10.
2024-08-28 12:54:12,834 - INFO - ------------------------------
2024-08-28 12:54:12,834 - INFO - EVALUATE MODEL STAGE COMPLETED FOR SUBSET 10
2024-08-28 12:54:12,834 - INFO - ------------------------------
2024-08-28 12:54:12,835 - INFO - Subset 11 demographic makeup: 1000 1
2024-08-28 12:54:12,835 - INFO - Processing subset 11...
2024-08-28 12:54:12,835 - INFO - -----------------------------
2024-08-28 12:54:12,835 - INFO - TRAIN MODEL STAGE STARTING FOR SUBSET 11...
2024-08-28 12:54:12,836 - INFO - -----------------------------
2024-08-28 12:54:12,843 - INFO - Scaling features and applying LASSO for feature selection...
2024-08-28 12:54:13,162 - INFO - Selected features (including required): ['who', 'age', 'is_female', 'unemployed', 'unstableliving', 'education', 'marital', 'UDS_Amphetamine_Count', 'UDS_Benzodiazepine_Count', 'UDS_Buprenorphine_Count', 'UDS_Cocaine_Count', 'UDS_Methadone_Count', 'UDS_Opioid_Count', 'UDS_Sedatives_Count', 'UDS_Thc_Count', 'pain', 'has_schizophrenia', 'has_major_dep', 'has_bipolar', 'has_anx_pan', 'has_brain_damage', 'has_epilepsy', 'has_alcol_dx', 'has_amphetamines_dx', 'has_cannabis_dx', 'has_cocaine_dx', 'has_sedatives_dx', 'ftnd', 'XTRT', 'shared', 'rbsivheroin', 'TLFB_Alcohol_Count', 'TLFB_Amphetamine_Count', 'TLFB_Benzodiazepine_Count', 'TLFB_Buprenorphine_Count', 'TLFB_Cocaine_Count', 'TLFB_Heroin_Count', 'TLFB_Methadone_Count', 'TLFB_Opioid_Count', 'TLFB_THC_Count', 'TLFB_Other', 'Homosexual_Behavior', 'Non_monogamous_Relationships']
2024-08-28 12:54:13,170 - INFO - Fitting logistic regression model with the selected features...
2024-08-28 12:54:13,923 - INFO - Model training completed successfully.
2024-08-28 12:54:13,923 - INFO - Calculating the dynamic threshold based on the proportion of positive outcomes...
2024-08-28 12:54:13,924 - INFO - Ratio of 1s to 0s in the outcome variable: 0.56 : 0.44
2024-08-28 12:54:13,924 - INFO - Dynamic threshold set to: 0.556
2024-08-28 12:54:13,924 - INFO - Model trained and saved successfully for subset 11.
2024-08-28 12:54:13,924 - INFO - ---------------------------
2024-08-28 12:54:13,924 - INFO - TRAIN MODEL STAGE COMPLETED FOR SUBSET 11
2024-08-28 12:54:13,925 - INFO - ---------------------------
2024-08-28 12:54:13,925 - INFO - --------------------------------
2024-08-28 12:54:13,925 - INFO - EVALUATE MODEL STAGE STARTING FOR SUBSET 11...
2024-08-28 12:54:13,925 - INFO - --------------------------------
2024-08-28 12:54:13,944 - INFO - ROC AUC Score: 0.668222179013546
2024-08-28 12:54:13,946 - INFO - Confusion Matrix: 
[[73 38]
 [56 83]]
2024-08-28 12:54:13,952 - INFO - Precision: 0.6859504132231405
2024-08-28 12:54:13,953 - INFO - Recall: 0.5971223021582733
2024-08-28 12:54:13,954 - INFO - Model evaluated successfully for subset 11.
2024-08-28 12:54:13,956 - INFO - ------------------------------
2024-08-28 12:54:13,956 - INFO - EVALUATE MODEL STAGE COMPLETED FOR SUBSET 11
2024-08-28 12:54:13,961 - INFO - ------------------------------
2024-08-28 12:54:13,970 - INFO - Model predictions saved to csv successfully.
2024-08-28 12:54:13,971 - INFO - ------------------
2024-08-28 12:54:13,971 - INFO - PIPELINE COMPLETED
2024-08-28 12:54:13,973 - INFO - ------------------
