2024-07-31 16:14:47 - INFO - -------------------------------------------
2024-07-31 16:14:47 - INFO - Logging setup complete - starting pipeline.
2024-07-31 16:14:47 - INFO - -------------------------------------------
2024-07-31 16:14:47 - INFO - Global Seed set to: 1722456887
2024-07-31 16:15:42 - INFO - Datasets loaded successfully.
2024-07-31 16:15:42 - INFO - Starting preprocessing of the merged dataset...
2024-07-31 16:15:42 - INFO - ---------------------------------
2024-07-31 16:15:42 - INFO - PRE-PROCESSING STAGE STARTING...
2024-07-31 16:15:42 - INFO - ---------------------------------
2024-07-31 16:15:42 - INFO - Dropped initial columns: ['pain_when', 'is_smoker', 'per_day', 'max', 'amount', 'depression', 'anxiety', 'schizophrenia', 'max', 'amount', 'cocaine_inject_days', 'speedball_inject_days', 'opioid_inject_days', 'speed_inject_days', 'UDS_Alcohol_Count', 'UDS_Mdma/Hallucinogen_Count']
2024-07-31 16:15:42 - INFO - Converted Yes/No to binary.
2024-07-31 16:15:42 - INFO - Processed TLFB columns with specified columns: ['TLFB_Alcohol_Count', 'TLFB_Amphetamine_Count', 'TLFB_Cocaine_Count', 'TLFB_Heroin_Count', 'TLFB_Benzodiazepine_Count', 'TLFB_Opioid_Count', 'TLFB_THC_Count', 'TLFB_Methadone_Count', 'TLFB_Buprenorphine_Count']
2024-07-31 16:15:42 - INFO - Calculated behavioral columns.
2024-07-31 16:15:42 - INFO - Moved 'Rd_kostenB_1993' column to the end.
2024-07-31 16:15:42 - INFO - Dropped initial columns: ['msm_npt', 'msm_frq', 'txx_prt']
2024-07-31 16:15:42 - INFO - transform_data_with_nan_handling success
2024-07-31 16:15:42 - INFO - Renamed columns according to the mapping.
2024-07-31 16:15:42 - INFO - Transformed NaN to 0 for binary columns.
2024-07-31 16:15:42 - INFO - Transformed and renamed 'heroin_inject_days' column to 'rbsivheroin'.
2024-07-31 16:15:42 - INFO - Filled NaN with 0 for 'ftnd' column.
2024-07-31 16:15:42 - INFO - Dropped additional columns: ['rbs_iv_days', 'race', 'RBS_cocaine_Days', 'RBS_heroin_Days', 'RBS_opioid_Days', 'RBS_speed_Days', 'RBS_speedball_Days']
2024-07-31 16:15:42 - INFO - Converted UDS drug counts to binary.
2024-07-31 16:15:43 - INFO - ------------------------------
2024-07-31 16:15:43 - INFO - PRE-PROCESSING STAGE COMPLETED
2024-07-31 16:15:43 - INFO - ------------------------------
2024-07-31 16:15:43 - INFO - Merged dataset preprocessed successfully.
2024-07-31 16:15:43 - INFO - Creating demographic subsets from preprocessed data...
2024-07-31 16:16:09 - INFO - Created 11 subsets successfully.
2024-07-31 16:16:09 - INFO - Creating merged subsets from create_demographics_dfs function
2024-07-31 16:16:09 - INFO - Created 11 merged subsets successfully.
2024-07-31 16:16:09 - INFO - Subset 1 demographic makeup: 500 1, 247 3, 156 2, 97 4
2024-07-31 16:16:09 - INFO - Processing subset 1...
2024-07-31 16:16:09 - INFO - -----------------------------
2024-07-31 16:16:09 - INFO - TRAIN MODEL STAGE STARTING FOR SUBSET 1...
2024-07-31 16:16:09 - INFO - -----------------------------
2024-07-31 16:16:09 - INFO - Scaling features and applying LASSO for feature selection...
2024-07-31 16:16:12 - INFO - Selected features (including required): ['who', 'RaceEth', 'age', 'is_female', 'is_hispanic', 'unemployed', 'unstableliving', 'education', 'marital', 'UDS_Amphetamine_Count', 'UDS_Benzodiazepine_Count', 'UDS_Buprenorphine_Count', 'UDS_Cocaine_Count', 'UDS_Methadone_Count', 'UDS_Opioid_Count', 'UDS_Sedatives_Count', 'UDS_Thc_Count', 'pain', 'has_schizophrenia', 'has_major_dep', 'has_bipolar', 'has_anx_pan', 'has_brain_damage', 'has_epilepsy', 'has_alcol_dx', 'has_amphetamines_dx', 'has_cannabis_dx', 'has_cocaine_dx', 'has_sedatives_dx', 'ftnd', 'XTRT', 'shared', 'rbsivheroin', 'TLFB_Alcohol_Count', 'TLFB_Amphetamine_Count', 'TLFB_Benzodiazepine_Count', 'TLFB_Buprenorphine_Count', 'TLFB_Cocaine_Count', 'TLFB_Heroin_Count', 'TLFB_Methadone_Count', 'TLFB_Opioid_Count', 'TLFB_THC_Count', 'TLFB_Other', 'Homosexual_Behavior', 'Non_monogamous_Relationships']
2024-07-31 16:16:12 - INFO - Fitting logistic regression model with the selected features...
2024-07-31 16:16:23 - INFO - Model training completed successfully.
2024-07-31 16:16:23 - INFO - Calculating the dynamic threshold based on the proportion of positive outcomes...
2024-07-31 16:16:23 - INFO - Ratio of 1s to 0s in the outcome variable: 0.51 : 0.49
2024-07-31 16:16:23 - INFO - Dynamic threshold set to: 0.512
2024-07-31 16:16:23 - INFO - Model trained and saved successfully for subset 1.
2024-07-31 16:16:23 - INFO - ---------------------------
2024-07-31 16:16:23 - INFO - TRAIN MODEL STAGE COMPLETED FOR SUBSET 1
2024-07-31 16:16:23 - INFO - ---------------------------
2024-07-31 16:16:23 - INFO - --------------------------------
2024-07-31 16:16:23 - INFO - EVALUATE MODEL STAGE STARTING FOR SUBSET 1...
2024-07-31 16:16:23 - INFO - --------------------------------
2024-07-31 16:16:23 - INFO - ROC AUC Score: 0.6672003073770492
2024-07-31 16:16:23 - INFO - Confusion Matrix: 
[[80 42]
 [58 70]]
2024-07-31 16:16:23 - INFO - Precision: 0.625
2024-07-31 16:16:23 - INFO - Recall: 0.546875
2024-07-31 16:16:23 - INFO - Model evaluated successfully for subset 1.
2024-07-31 16:16:23 - INFO - ------------------------------
2024-07-31 16:16:23 - INFO - EVALUATE MODEL STAGE COMPLETED FOR SUBSET 1
2024-07-31 16:16:23 - INFO - ------------------------------
2024-07-31 16:16:23 - INFO - Subset 2 demographic makeup: 550 1, 223 3, 144 2, 83 4
2024-07-31 16:16:23 - INFO - Processing subset 2...
2024-07-31 16:16:23 - INFO - -----------------------------
2024-07-31 16:16:23 - INFO - TRAIN MODEL STAGE STARTING FOR SUBSET 2...
2024-07-31 16:16:23 - INFO - -----------------------------
2024-07-31 16:16:23 - INFO - Scaling features and applying LASSO for feature selection...
2024-07-31 16:16:25 - INFO - Selected features (including required): ['who', 'RaceEth', 'age', 'is_female', 'is_hispanic', 'unemployed', 'unstableliving', 'education', 'marital', 'UDS_Amphetamine_Count', 'UDS_Benzodiazepine_Count', 'UDS_Buprenorphine_Count', 'UDS_Cocaine_Count', 'UDS_Methadone_Count', 'UDS_Opioid_Count', 'UDS_Sedatives_Count', 'UDS_Thc_Count', 'pain', 'has_schizophrenia', 'has_major_dep', 'has_bipolar', 'has_anx_pan', 'has_brain_damage', 'has_epilepsy', 'has_alcol_dx', 'has_amphetamines_dx', 'has_cannabis_dx', 'has_cocaine_dx', 'has_sedatives_dx', 'ftnd', 'XTRT', 'shared', 'rbsivheroin', 'TLFB_Alcohol_Count', 'TLFB_Amphetamine_Count', 'TLFB_Benzodiazepine_Count', 'TLFB_Buprenorphine_Count', 'TLFB_Cocaine_Count', 'TLFB_Heroin_Count', 'TLFB_Methadone_Count', 'TLFB_Opioid_Count', 'TLFB_THC_Count', 'TLFB_Other', 'Homosexual_Behavior', 'Non_monogamous_Relationships']
2024-07-31 16:16:25 - INFO - Fitting logistic regression model with the selected features...
2024-07-31 16:16:37 - INFO - Model training completed successfully.
2024-07-31 16:16:37 - INFO - Calculating the dynamic threshold based on the proportion of positive outcomes...
2024-07-31 16:16:37 - INFO - Ratio of 1s to 0s in the outcome variable: 0.52 : 0.48
2024-07-31 16:16:37 - INFO - Dynamic threshold set to: 0.524
2024-07-31 16:16:37 - INFO - Model trained and saved successfully for subset 2.
2024-07-31 16:16:37 - INFO - ---------------------------
2024-07-31 16:16:37 - INFO - TRAIN MODEL STAGE COMPLETED FOR SUBSET 2
2024-07-31 16:16:37 - INFO - ---------------------------
2024-07-31 16:16:37 - INFO - --------------------------------
2024-07-31 16:16:37 - INFO - EVALUATE MODEL STAGE STARTING FOR SUBSET 2...
2024-07-31 16:16:37 - INFO - --------------------------------
2024-07-31 16:16:37 - INFO - ROC AUC Score: 0.704022066842004
2024-07-31 16:16:37 - INFO - Confusion Matrix: 
[[89 30]
 [58 73]]
2024-07-31 16:16:37 - INFO - Precision: 0.7087378640776699
2024-07-31 16:16:37 - INFO - Recall: 0.5572519083969466
2024-07-31 16:16:37 - INFO - Model evaluated successfully for subset 2.
2024-07-31 16:16:37 - INFO - ------------------------------
2024-07-31 16:16:37 - INFO - EVALUATE MODEL STAGE COMPLETED FOR SUBSET 2
2024-07-31 16:16:37 - INFO - ------------------------------
2024-07-31 16:16:37 - INFO - Subset 3 demographic makeup: 600 1, 198 3, 127 2, 75 4
2024-07-31 16:16:37 - INFO - Processing subset 3...
2024-07-31 16:16:37 - INFO - -----------------------------
2024-07-31 16:16:37 - INFO - TRAIN MODEL STAGE STARTING FOR SUBSET 3...
2024-07-31 16:16:37 - INFO - -----------------------------
2024-07-31 16:16:37 - INFO - Scaling features and applying LASSO for feature selection...
2024-07-31 16:16:39 - INFO - Selected features (including required): ['who', 'RaceEth', 'age', 'is_female', 'is_hispanic', 'unemployed', 'unstableliving', 'education', 'marital', 'UDS_Amphetamine_Count', 'UDS_Benzodiazepine_Count', 'UDS_Buprenorphine_Count', 'UDS_Cocaine_Count', 'UDS_Methadone_Count', 'UDS_Opioid_Count', 'UDS_Sedatives_Count', 'UDS_Thc_Count', 'pain', 'has_schizophrenia', 'has_major_dep', 'has_bipolar', 'has_anx_pan', 'has_brain_damage', 'has_epilepsy', 'has_alcol_dx', 'has_amphetamines_dx', 'has_cannabis_dx', 'has_cocaine_dx', 'has_sedatives_dx', 'ftnd', 'XTRT', 'shared', 'rbsivheroin', 'TLFB_Alcohol_Count', 'TLFB_Amphetamine_Count', 'TLFB_Benzodiazepine_Count', 'TLFB_Buprenorphine_Count', 'TLFB_Cocaine_Count', 'TLFB_Heroin_Count', 'TLFB_Methadone_Count', 'TLFB_Opioid_Count', 'TLFB_THC_Count', 'TLFB_Other', 'Homosexual_Behavior', 'Non_monogamous_Relationships']
2024-07-31 16:16:39 - INFO - Fitting logistic regression model with the selected features...
2024-07-31 16:16:44 - INFO - Model training completed successfully.
2024-07-31 16:16:44 - INFO - Calculating the dynamic threshold based on the proportion of positive outcomes...
2024-07-31 16:16:44 - INFO - Ratio of 1s to 0s in the outcome variable: 0.53 : 0.47
2024-07-31 16:16:44 - INFO - Dynamic threshold set to: 0.532
2024-07-31 16:16:44 - INFO - Model trained and saved successfully for subset 3.
2024-07-31 16:16:44 - INFO - ---------------------------
2024-07-31 16:16:44 - INFO - TRAIN MODEL STAGE COMPLETED FOR SUBSET 3
2024-07-31 16:16:44 - INFO - ---------------------------
2024-07-31 16:16:44 - INFO - --------------------------------
2024-07-31 16:16:44 - INFO - EVALUATE MODEL STAGE STARTING FOR SUBSET 3...
2024-07-31 16:16:44 - INFO - --------------------------------
2024-07-31 16:16:44 - INFO - ROC AUC Score: 0.6403187455819035
2024-07-31 16:16:44 - INFO - Confusion Matrix: 
[[71 46]
 [51 82]]
2024-07-31 16:16:44 - INFO - Precision: 0.640625
2024-07-31 16:16:44 - INFO - Recall: 0.6165413533834586
2024-07-31 16:16:44 - INFO - Model evaluated successfully for subset 3.
2024-07-31 16:16:44 - INFO - ------------------------------
2024-07-31 16:16:44 - INFO - EVALUATE MODEL STAGE COMPLETED FOR SUBSET 3
2024-07-31 16:16:44 - INFO - ------------------------------
2024-07-31 16:16:44 - INFO - Subset 4 demographic makeup: 650 1, 169 3, 116 2, 65 4
2024-07-31 16:16:44 - INFO - Processing subset 4...
2024-07-31 16:16:44 - INFO - -----------------------------
2024-07-31 16:16:44 - INFO - TRAIN MODEL STAGE STARTING FOR SUBSET 4...
2024-07-31 16:16:44 - INFO - -----------------------------
2024-07-31 16:16:44 - INFO - Scaling features and applying LASSO for feature selection...
2024-07-31 16:16:45 - INFO - Selected features (including required): ['who', 'RaceEth', 'age', 'is_female', 'is_hispanic', 'unemployed', 'unstableliving', 'education', 'marital', 'UDS_Amphetamine_Count', 'UDS_Benzodiazepine_Count', 'UDS_Buprenorphine_Count', 'UDS_Cocaine_Count', 'UDS_Methadone_Count', 'UDS_Opioid_Count', 'UDS_Sedatives_Count', 'UDS_Thc_Count', 'pain', 'has_schizophrenia', 'has_major_dep', 'has_bipolar', 'has_anx_pan', 'has_brain_damage', 'has_epilepsy', 'has_alcol_dx', 'has_amphetamines_dx', 'has_cannabis_dx', 'has_cocaine_dx', 'has_sedatives_dx', 'ftnd', 'XTRT', 'shared', 'rbsivheroin', 'TLFB_Alcohol_Count', 'TLFB_Amphetamine_Count', 'TLFB_Benzodiazepine_Count', 'TLFB_Buprenorphine_Count', 'TLFB_Cocaine_Count', 'TLFB_Heroin_Count', 'TLFB_Methadone_Count', 'TLFB_Opioid_Count', 'TLFB_THC_Count', 'TLFB_Other', 'Homosexual_Behavior', 'Non_monogamous_Relationships']
2024-07-31 16:16:45 - INFO - Fitting logistic regression model with the selected features...
2024-07-31 16:16:46 - INFO - Model training completed successfully.
2024-07-31 16:16:46 - INFO - Calculating the dynamic threshold based on the proportion of positive outcomes...
2024-07-31 16:16:46 - INFO - Ratio of 1s to 0s in the outcome variable: 0.56 : 0.44
2024-07-31 16:16:46 - INFO - Dynamic threshold set to: 0.56
2024-07-31 16:16:46 - INFO - Model trained and saved successfully for subset 4.
2024-07-31 16:16:46 - INFO - ---------------------------
2024-07-31 16:16:46 - INFO - TRAIN MODEL STAGE COMPLETED FOR SUBSET 4
2024-07-31 16:16:46 - INFO - ---------------------------
2024-07-31 16:16:46 - INFO - --------------------------------
2024-07-31 16:16:46 - INFO - EVALUATE MODEL STAGE STARTING FOR SUBSET 4...
2024-07-31 16:16:46 - INFO - --------------------------------
2024-07-31 16:16:46 - INFO - ROC AUC Score: 0.6257142857142857
2024-07-31 16:16:46 - INFO - Confusion Matrix: 
[[78 32]
 [67 73]]
2024-07-31 16:16:46 - INFO - Precision: 0.6952380952380952
2024-07-31 16:16:46 - INFO - Recall: 0.5214285714285715
2024-07-31 16:16:46 - INFO - Model evaluated successfully for subset 4.
2024-07-31 16:16:46 - INFO - ------------------------------
2024-07-31 16:16:46 - INFO - EVALUATE MODEL STAGE COMPLETED FOR SUBSET 4
2024-07-31 16:16:46 - INFO - ------------------------------
2024-07-31 16:16:46 - INFO - Subset 5 demographic makeup: 700 1, 144 3, 105 2, 51 4
2024-07-31 16:16:46 - INFO - Processing subset 5...
2024-07-31 16:16:46 - INFO - -----------------------------
2024-07-31 16:16:46 - INFO - TRAIN MODEL STAGE STARTING FOR SUBSET 5...
2024-07-31 16:16:46 - INFO - -----------------------------
2024-07-31 16:16:46 - INFO - Scaling features and applying LASSO for feature selection...
2024-07-31 16:16:47 - INFO - Selected features (including required): ['who', 'RaceEth', 'age', 'is_female', 'is_hispanic', 'unemployed', 'unstableliving', 'education', 'marital', 'UDS_Amphetamine_Count', 'UDS_Benzodiazepine_Count', 'UDS_Buprenorphine_Count', 'UDS_Cocaine_Count', 'UDS_Methadone_Count', 'UDS_Opioid_Count', 'UDS_Sedatives_Count', 'UDS_Thc_Count', 'pain', 'has_schizophrenia', 'has_major_dep', 'has_bipolar', 'has_anx_pan', 'has_brain_damage', 'has_epilepsy', 'has_alcol_dx', 'has_amphetamines_dx', 'has_cannabis_dx', 'has_cocaine_dx', 'has_sedatives_dx', 'ftnd', 'XTRT', 'shared', 'rbsivheroin', 'TLFB_Alcohol_Count', 'TLFB_Amphetamine_Count', 'TLFB_Benzodiazepine_Count', 'TLFB_Buprenorphine_Count', 'TLFB_Cocaine_Count', 'TLFB_Heroin_Count', 'TLFB_Methadone_Count', 'TLFB_Opioid_Count', 'TLFB_THC_Count', 'TLFB_Other', 'Homosexual_Behavior', 'Non_monogamous_Relationships']
2024-07-31 16:16:47 - INFO - Fitting logistic regression model with the selected features...
2024-07-31 16:16:48 - INFO - Model training completed successfully.
2024-07-31 16:16:48 - INFO - Calculating the dynamic threshold based on the proportion of positive outcomes...
2024-07-31 16:16:48 - INFO - Ratio of 1s to 0s in the outcome variable: 0.51 : 0.49
2024-07-31 16:16:48 - INFO - Dynamic threshold set to: 0.512
2024-07-31 16:16:48 - INFO - Model trained and saved successfully for subset 5.
2024-07-31 16:16:48 - INFO - ---------------------------
2024-07-31 16:16:48 - INFO - TRAIN MODEL STAGE COMPLETED FOR SUBSET 5
2024-07-31 16:16:48 - INFO - ---------------------------
2024-07-31 16:16:48 - INFO - --------------------------------
2024-07-31 16:16:48 - INFO - EVALUATE MODEL STAGE STARTING FOR SUBSET 5...
2024-07-31 16:16:48 - INFO - --------------------------------
2024-07-31 16:16:48 - INFO - ROC AUC Score: 0.6866034836065573
2024-07-31 16:16:48 - INFO - Confusion Matrix: 
[[82 40]
 [48 80]]
2024-07-31 16:16:48 - INFO - Precision: 0.6666666666666666
2024-07-31 16:16:48 - INFO - Recall: 0.625
2024-07-31 16:16:48 - INFO - Model evaluated successfully for subset 5.
2024-07-31 16:16:48 - INFO - ------------------------------
2024-07-31 16:16:48 - INFO - EVALUATE MODEL STAGE COMPLETED FOR SUBSET 5
2024-07-31 16:16:48 - INFO - ------------------------------
2024-07-31 16:16:48 - INFO - Subset 6 demographic makeup: 750 1, 125 3, 82 2, 43 4
2024-07-31 16:16:48 - INFO - Processing subset 6...
2024-07-31 16:16:48 - INFO - -----------------------------
2024-07-31 16:16:48 - INFO - TRAIN MODEL STAGE STARTING FOR SUBSET 6...
2024-07-31 16:16:48 - INFO - -----------------------------
2024-07-31 16:16:48 - INFO - Scaling features and applying LASSO for feature selection...
2024-07-31 16:16:49 - INFO - Selected features (including required): ['who', 'RaceEth', 'age', 'is_female', 'is_hispanic', 'unemployed', 'unstableliving', 'education', 'marital', 'UDS_Amphetamine_Count', 'UDS_Benzodiazepine_Count', 'UDS_Buprenorphine_Count', 'UDS_Cocaine_Count', 'UDS_Methadone_Count', 'UDS_Opioid_Count', 'UDS_Sedatives_Count', 'UDS_Thc_Count', 'pain', 'has_schizophrenia', 'has_major_dep', 'has_bipolar', 'has_anx_pan', 'has_brain_damage', 'has_epilepsy', 'has_alcol_dx', 'has_amphetamines_dx', 'has_cannabis_dx', 'has_cocaine_dx', 'has_sedatives_dx', 'ftnd', 'XTRT', 'shared', 'rbsivheroin', 'TLFB_Alcohol_Count', 'TLFB_Amphetamine_Count', 'TLFB_Benzodiazepine_Count', 'TLFB_Buprenorphine_Count', 'TLFB_Cocaine_Count', 'TLFB_Heroin_Count', 'TLFB_Methadone_Count', 'TLFB_Opioid_Count', 'TLFB_THC_Count', 'TLFB_Other', 'Homosexual_Behavior', 'Non_monogamous_Relationships']
2024-07-31 16:16:49 - INFO - Fitting logistic regression model with the selected features...
2024-07-31 16:16:53 - INFO - Model training completed successfully.
2024-07-31 16:16:53 - INFO - Calculating the dynamic threshold based on the proportion of positive outcomes...
2024-07-31 16:16:53 - INFO - Ratio of 1s to 0s in the outcome variable: 0.50 : 0.50
2024-07-31 16:16:53 - INFO - Dynamic threshold set to: 0.504
2024-07-31 16:16:53 - INFO - Model trained and saved successfully for subset 6.
2024-07-31 16:16:53 - INFO - ---------------------------
2024-07-31 16:16:53 - INFO - TRAIN MODEL STAGE COMPLETED FOR SUBSET 6
2024-07-31 16:16:53 - INFO - ---------------------------
2024-07-31 16:16:53 - INFO - --------------------------------
2024-07-31 16:16:53 - INFO - EVALUATE MODEL STAGE STARTING FOR SUBSET 6...
2024-07-31 16:16:53 - INFO - --------------------------------
2024-07-31 16:16:53 - INFO - ROC AUC Score: 0.6690348182283666
2024-07-31 16:16:53 - INFO - Confusion Matrix: 
[[71 53]
 [38 88]]
2024-07-31 16:16:53 - INFO - Precision: 0.624113475177305
2024-07-31 16:16:53 - INFO - Recall: 0.6984126984126984
2024-07-31 16:16:53 - INFO - Model evaluated successfully for subset 6.
2024-07-31 16:16:53 - INFO - ------------------------------
2024-07-31 16:16:53 - INFO - EVALUATE MODEL STAGE COMPLETED FOR SUBSET 6
2024-07-31 16:16:53 - INFO - ------------------------------
2024-07-31 16:16:53 - INFO - Subset 7 demographic makeup: 800 1, 100 3, 66 2, 34 4
2024-07-31 16:16:53 - INFO - Processing subset 7...
2024-07-31 16:16:53 - INFO - -----------------------------
2024-07-31 16:16:53 - INFO - TRAIN MODEL STAGE STARTING FOR SUBSET 7...
2024-07-31 16:16:53 - INFO - -----------------------------
2024-07-31 16:16:53 - INFO - Scaling features and applying LASSO for feature selection...
2024-07-31 16:16:55 - INFO - Selected features (including required): ['who', 'RaceEth', 'age', 'is_female', 'is_hispanic', 'unemployed', 'unstableliving', 'education', 'marital', 'UDS_Amphetamine_Count', 'UDS_Benzodiazepine_Count', 'UDS_Buprenorphine_Count', 'UDS_Cocaine_Count', 'UDS_Methadone_Count', 'UDS_Opioid_Count', 'UDS_Sedatives_Count', 'UDS_Thc_Count', 'pain', 'has_schizophrenia', 'has_major_dep', 'has_bipolar', 'has_anx_pan', 'has_brain_damage', 'has_epilepsy', 'has_alcol_dx', 'has_amphetamines_dx', 'has_cannabis_dx', 'has_cocaine_dx', 'has_sedatives_dx', 'ftnd', 'XTRT', 'shared', 'rbsivheroin', 'TLFB_Alcohol_Count', 'TLFB_Amphetamine_Count', 'TLFB_Benzodiazepine_Count', 'TLFB_Buprenorphine_Count', 'TLFB_Cocaine_Count', 'TLFB_Heroin_Count', 'TLFB_Methadone_Count', 'TLFB_Opioid_Count', 'TLFB_THC_Count', 'TLFB_Other', 'Homosexual_Behavior', 'Non_monogamous_Relationships']
2024-07-31 16:16:55 - INFO - Fitting logistic regression model with the selected features...
2024-07-31 16:16:56 - INFO - Model training completed successfully.
2024-07-31 16:16:56 - INFO - Calculating the dynamic threshold based on the proportion of positive outcomes...
2024-07-31 16:16:56 - INFO - Ratio of 1s to 0s in the outcome variable: 0.55 : 0.45
2024-07-31 16:16:56 - INFO - Dynamic threshold set to: 0.552
2024-07-31 16:16:56 - INFO - Model trained and saved successfully for subset 7.
2024-07-31 16:16:56 - INFO - ---------------------------
2024-07-31 16:16:56 - INFO - TRAIN MODEL STAGE COMPLETED FOR SUBSET 7
2024-07-31 16:16:56 - INFO - ---------------------------
2024-07-31 16:16:56 - INFO - --------------------------------
2024-07-31 16:16:56 - INFO - EVALUATE MODEL STAGE STARTING FOR SUBSET 7...
2024-07-31 16:16:56 - INFO - --------------------------------
2024-07-31 16:16:56 - INFO - ROC AUC Score: 0.7017986542443065
2024-07-31 16:16:56 - INFO - Confusion Matrix: 
[[76 36]
 [55 83]]
2024-07-31 16:16:56 - INFO - Precision: 0.6974789915966386
2024-07-31 16:16:56 - INFO - Recall: 0.6014492753623188
2024-07-31 16:16:56 - INFO - Model evaluated successfully for subset 7.
2024-07-31 16:16:56 - INFO - ------------------------------
2024-07-31 16:16:56 - INFO - EVALUATE MODEL STAGE COMPLETED FOR SUBSET 7
2024-07-31 16:16:56 - INFO - ------------------------------
2024-07-31 16:16:56 - INFO - Subset 8 demographic makeup: 850 1, 71 3, 53 2, 26 4
2024-07-31 16:16:56 - INFO - Processing subset 8...
2024-07-31 16:16:56 - INFO - -----------------------------
2024-07-31 16:16:56 - INFO - TRAIN MODEL STAGE STARTING FOR SUBSET 8...
2024-07-31 16:16:56 - INFO - -----------------------------
2024-07-31 16:16:56 - INFO - Scaling features and applying LASSO for feature selection...
2024-07-31 16:16:57 - INFO - Selected features (including required): ['who', 'RaceEth', 'age', 'is_female', 'is_hispanic', 'unemployed', 'unstableliving', 'education', 'marital', 'UDS_Amphetamine_Count', 'UDS_Benzodiazepine_Count', 'UDS_Buprenorphine_Count', 'UDS_Cocaine_Count', 'UDS_Methadone_Count', 'UDS_Opioid_Count', 'UDS_Sedatives_Count', 'UDS_Thc_Count', 'pain', 'has_schizophrenia', 'has_major_dep', 'has_bipolar', 'has_anx_pan', 'has_brain_damage', 'has_epilepsy', 'has_alcol_dx', 'has_amphetamines_dx', 'has_cannabis_dx', 'has_cocaine_dx', 'has_sedatives_dx', 'ftnd', 'XTRT', 'shared', 'rbsivheroin', 'TLFB_Alcohol_Count', 'TLFB_Amphetamine_Count', 'TLFB_Benzodiazepine_Count', 'TLFB_Buprenorphine_Count', 'TLFB_Cocaine_Count', 'TLFB_Heroin_Count', 'TLFB_Methadone_Count', 'TLFB_Opioid_Count', 'TLFB_THC_Count', 'TLFB_Other', 'Homosexual_Behavior', 'Non_monogamous_Relationships']
2024-07-31 16:16:57 - INFO - Fitting logistic regression model with the selected features...
2024-07-31 16:16:57 - INFO - Model training completed successfully.
2024-07-31 16:16:57 - INFO - Calculating the dynamic threshold based on the proportion of positive outcomes...
2024-07-31 16:16:57 - INFO - Ratio of 1s to 0s in the outcome variable: 0.60 : 0.40
2024-07-31 16:16:57 - INFO - Dynamic threshold set to: 0.604
2024-07-31 16:16:57 - INFO - Model trained and saved successfully for subset 8.
2024-07-31 16:16:57 - INFO - ---------------------------
2024-07-31 16:16:57 - INFO - TRAIN MODEL STAGE COMPLETED FOR SUBSET 8
2024-07-31 16:16:57 - INFO - ---------------------------
2024-07-31 16:16:57 - INFO - --------------------------------
2024-07-31 16:16:57 - INFO - EVALUATE MODEL STAGE STARTING FOR SUBSET 8...
2024-07-31 16:16:57 - INFO - --------------------------------
2024-07-31 16:16:57 - INFO - ROC AUC Score: 0.6565656565656565
2024-07-31 16:16:57 - INFO - Confusion Matrix: 
[[78 21]
 [83 68]]
2024-07-31 16:16:57 - INFO - Precision: 0.7640449438202247
2024-07-31 16:16:57 - INFO - Recall: 0.4503311258278146
2024-07-31 16:16:57 - INFO - Model evaluated successfully for subset 8.
2024-07-31 16:16:57 - INFO - ------------------------------
2024-07-31 16:16:57 - INFO - EVALUATE MODEL STAGE COMPLETED FOR SUBSET 8
2024-07-31 16:16:57 - INFO - ------------------------------
2024-07-31 16:16:57 - INFO - Subset 9 demographic makeup: 900 1, 51 3, 29 2, 20 4
2024-07-31 16:16:57 - INFO - Processing subset 9...
2024-07-31 16:16:57 - INFO - -----------------------------
2024-07-31 16:16:57 - INFO - TRAIN MODEL STAGE STARTING FOR SUBSET 9...
2024-07-31 16:16:57 - INFO - -----------------------------
2024-07-31 16:16:57 - INFO - Scaling features and applying LASSO for feature selection...
2024-07-31 16:16:58 - INFO - Selected features (including required): ['who', 'RaceEth', 'age', 'is_female', 'is_hispanic', 'unemployed', 'unstableliving', 'education', 'marital', 'UDS_Amphetamine_Count', 'UDS_Benzodiazepine_Count', 'UDS_Buprenorphine_Count', 'UDS_Cocaine_Count', 'UDS_Methadone_Count', 'UDS_Opioid_Count', 'UDS_Sedatives_Count', 'UDS_Thc_Count', 'pain', 'has_schizophrenia', 'has_major_dep', 'has_bipolar', 'has_anx_pan', 'has_brain_damage', 'has_epilepsy', 'has_alcol_dx', 'has_amphetamines_dx', 'has_cannabis_dx', 'has_cocaine_dx', 'has_sedatives_dx', 'ftnd', 'XTRT', 'shared', 'rbsivheroin', 'TLFB_Alcohol_Count', 'TLFB_Amphetamine_Count', 'TLFB_Benzodiazepine_Count', 'TLFB_Buprenorphine_Count', 'TLFB_Cocaine_Count', 'TLFB_Heroin_Count', 'TLFB_Methadone_Count', 'TLFB_Opioid_Count', 'TLFB_THC_Count', 'TLFB_Other', 'Homosexual_Behavior', 'Non_monogamous_Relationships']
2024-07-31 16:16:58 - INFO - Fitting logistic regression model with the selected features...
2024-07-31 16:16:59 - INFO - Model training completed successfully.
2024-07-31 16:16:59 - INFO - Calculating the dynamic threshold based on the proportion of positive outcomes...
2024-07-31 16:16:59 - INFO - Ratio of 1s to 0s in the outcome variable: 0.52 : 0.48
2024-07-31 16:16:59 - INFO - Dynamic threshold set to: 0.524
2024-07-31 16:16:59 - INFO - Model trained and saved successfully for subset 9.
2024-07-31 16:16:59 - INFO - ---------------------------
2024-07-31 16:16:59 - INFO - TRAIN MODEL STAGE COMPLETED FOR SUBSET 9
2024-07-31 16:16:59 - INFO - ---------------------------
2024-07-31 16:16:59 - INFO - --------------------------------
2024-07-31 16:16:59 - INFO - EVALUATE MODEL STAGE STARTING FOR SUBSET 9...
2024-07-31 16:16:59 - INFO - --------------------------------
2024-07-31 16:16:59 - INFO - ROC AUC Score: 0.6316633523638463
2024-07-31 16:16:59 - INFO - Confusion Matrix: 
[[70 49]
 [46 85]]
2024-07-31 16:16:59 - INFO - Precision: 0.6343283582089553
2024-07-31 16:16:59 - INFO - Recall: 0.648854961832061
2024-07-31 16:16:59 - INFO - Model evaluated successfully for subset 9.
2024-07-31 16:16:59 - INFO - ------------------------------
2024-07-31 16:16:59 - INFO - EVALUATE MODEL STAGE COMPLETED FOR SUBSET 9
2024-07-31 16:16:59 - INFO - ------------------------------
2024-07-31 16:16:59 - INFO - Subset 10 demographic makeup: 950 1, 27 3, 16 2, 7 4
2024-07-31 16:16:59 - INFO - Processing subset 10...
2024-07-31 16:16:59 - INFO - -----------------------------
2024-07-31 16:16:59 - INFO - TRAIN MODEL STAGE STARTING FOR SUBSET 10...
2024-07-31 16:16:59 - INFO - -----------------------------
2024-07-31 16:16:59 - INFO - Scaling features and applying LASSO for feature selection...
2024-07-31 16:17:00 - INFO - Selected features (including required): ['who', 'RaceEth', 'age', 'is_female', 'is_hispanic', 'unemployed', 'unstableliving', 'education', 'marital', 'UDS_Amphetamine_Count', 'UDS_Benzodiazepine_Count', 'UDS_Buprenorphine_Count', 'UDS_Cocaine_Count', 'UDS_Methadone_Count', 'UDS_Opioid_Count', 'UDS_Sedatives_Count', 'UDS_Thc_Count', 'pain', 'has_schizophrenia', 'has_major_dep', 'has_bipolar', 'has_anx_pan', 'has_brain_damage', 'has_epilepsy', 'has_alcol_dx', 'has_amphetamines_dx', 'has_cannabis_dx', 'has_cocaine_dx', 'has_sedatives_dx', 'ftnd', 'XTRT', 'shared', 'rbsivheroin', 'TLFB_Alcohol_Count', 'TLFB_Amphetamine_Count', 'TLFB_Benzodiazepine_Count', 'TLFB_Buprenorphine_Count', 'TLFB_Cocaine_Count', 'TLFB_Heroin_Count', 'TLFB_Methadone_Count', 'TLFB_Opioid_Count', 'TLFB_THC_Count', 'TLFB_Other', 'Homosexual_Behavior', 'Non_monogamous_Relationships']
2024-07-31 16:17:00 - INFO - Fitting logistic regression model with the selected features...
2024-07-31 16:17:01 - INFO - Model training completed successfully.
2024-07-31 16:17:01 - INFO - Calculating the dynamic threshold based on the proportion of positive outcomes...
2024-07-31 16:17:01 - INFO - Ratio of 1s to 0s in the outcome variable: 0.56 : 0.44
2024-07-31 16:17:01 - INFO - Dynamic threshold set to: 0.564
2024-07-31 16:17:01 - INFO - Model trained and saved successfully for subset 10.
2024-07-31 16:17:01 - INFO - ---------------------------
2024-07-31 16:17:01 - INFO - TRAIN MODEL STAGE COMPLETED FOR SUBSET 10
2024-07-31 16:17:01 - INFO - ---------------------------
2024-07-31 16:17:01 - INFO - --------------------------------
2024-07-31 16:17:01 - INFO - EVALUATE MODEL STAGE STARTING FOR SUBSET 10...
2024-07-31 16:17:01 - INFO - --------------------------------
2024-07-31 16:17:01 - INFO - ROC AUC Score: 0.6753204502570108
2024-07-31 16:17:01 - INFO - Confusion Matrix: 
[[66 43]
 [52 89]]
2024-07-31 16:17:01 - INFO - Precision: 0.6742424242424242
2024-07-31 16:17:01 - INFO - Recall: 0.6312056737588653
2024-07-31 16:17:01 - INFO - Model evaluated successfully for subset 10.
2024-07-31 16:17:01 - INFO - ------------------------------
2024-07-31 16:17:01 - INFO - EVALUATE MODEL STAGE COMPLETED FOR SUBSET 10
2024-07-31 16:17:01 - INFO - ------------------------------
2024-07-31 16:17:01 - INFO - Subset 11 demographic makeup: 1000 1
2024-07-31 16:17:01 - INFO - Processing subset 11...
2024-07-31 16:17:01 - INFO - -----------------------------
2024-07-31 16:17:01 - INFO - TRAIN MODEL STAGE STARTING FOR SUBSET 11...
2024-07-31 16:17:01 - INFO - -----------------------------
2024-07-31 16:17:01 - INFO - Scaling features and applying LASSO for feature selection...
2024-07-31 16:17:05 - INFO - Selected features (including required): ['who', 'age', 'is_female', 'unemployed', 'unstableliving', 'education', 'marital', 'UDS_Amphetamine_Count', 'UDS_Benzodiazepine_Count', 'UDS_Buprenorphine_Count', 'UDS_Cocaine_Count', 'UDS_Methadone_Count', 'UDS_Opioid_Count', 'UDS_Sedatives_Count', 'UDS_Thc_Count', 'pain', 'has_schizophrenia', 'has_major_dep', 'has_bipolar', 'has_anx_pan', 'has_brain_damage', 'has_epilepsy', 'has_alcol_dx', 'has_amphetamines_dx', 'has_cannabis_dx', 'has_cocaine_dx', 'has_sedatives_dx', 'ftnd', 'XTRT', 'shared', 'rbsivheroin', 'TLFB_Alcohol_Count', 'TLFB_Amphetamine_Count', 'TLFB_Benzodiazepine_Count', 'TLFB_Buprenorphine_Count', 'TLFB_Cocaine_Count', 'TLFB_Heroin_Count', 'TLFB_Methadone_Count', 'TLFB_Opioid_Count', 'TLFB_THC_Count', 'TLFB_Other', 'Homosexual_Behavior', 'Non_monogamous_Relationships']
2024-07-31 16:17:05 - INFO - Fitting logistic regression model with the selected features...
2024-07-31 16:17:05 - INFO - Model training completed successfully.
2024-07-31 16:17:05 - INFO - Calculating the dynamic threshold based on the proportion of positive outcomes...
2024-07-31 16:17:05 - INFO - Ratio of 1s to 0s in the outcome variable: 0.60 : 0.40
2024-07-31 16:17:05 - INFO - Dynamic threshold set to: 0.6
2024-07-31 16:17:05 - INFO - Model trained and saved successfully for subset 11.
2024-07-31 16:17:05 - INFO - ---------------------------
2024-07-31 16:17:05 - INFO - TRAIN MODEL STAGE COMPLETED FOR SUBSET 11
2024-07-31 16:17:05 - INFO - ---------------------------
2024-07-31 16:17:05 - INFO - --------------------------------
2024-07-31 16:17:05 - INFO - EVALUATE MODEL STAGE STARTING FOR SUBSET 11...
2024-07-31 16:17:05 - INFO - --------------------------------
2024-07-31 16:17:05 - INFO - ROC AUC Score: 0.6439333333333332
2024-07-31 16:17:05 - INFO - Confusion Matrix: 
[[75 25]
 [82 68]]
2024-07-31 16:17:05 - INFO - Precision: 0.7311827956989247
2024-07-31 16:17:05 - INFO - Recall: 0.4533333333333333
2024-07-31 16:17:05 - INFO - Model evaluated successfully for subset 11.
2024-07-31 16:17:05 - INFO - ------------------------------
2024-07-31 16:17:05 - INFO - EVALUATE MODEL STAGE COMPLETED FOR SUBSET 11
2024-07-31 16:17:05 - INFO - ------------------------------
2024-07-31 16:17:05 - INFO - ------------------
2024-07-31 16:17:05 - INFO - PIPELINE COMPLETED
2024-07-31 16:17:05 - INFO - ------------------
