2024-08-14 12:46:01,264 - INFO - Global Seed set to: 23
2024-08-14 12:46:01,264 - INFO - Outcome Name: Rd_kostenB_1993
2024-08-14 12:46:01,313 - INFO - Datasets loaded successfully.
2024-08-14 12:46:01,318 - INFO - Starting preprocessing of the merged dataset...
2024-08-14 12:46:01,318 - INFO - ---------------------------------
2024-08-14 12:46:01,319 - INFO - PRE-PROCESSING STAGE STARTING...
2024-08-14 12:46:01,319 - INFO - ---------------------------------
2024-08-14 12:46:01,409 - INFO - Dropped initial columns: ['pain_when', 'is_smoker', 'per_day', 'max', 'amount', 'depression', 'anxiety', 'schizophrenia', 'max', 'amount', 'cocaine_inject_days', 'speedball_inject_days', 'opioid_inject_days', 'speed_inject_days', 'UDS_Alcohol_Count', 'UDS_Mdma/Hallucinogen_Count']
2024-08-14 12:46:01,449 - INFO - Converted Yes/No to binary.
2024-08-14 12:46:01,455 - INFO - Processed TLFB columns with specified columns: ['TLFB_Alcohol_Count', 'TLFB_Amphetamine_Count', 'TLFB_Cocaine_Count', 'TLFB_Heroin_Count', 'TLFB_Benzodiazepine_Count', 'TLFB_Opioid_Count', 'TLFB_THC_Count', 'TLFB_Methadone_Count', 'TLFB_Buprenorphine_Count']
2024-08-14 12:46:01,457 - INFO - Calculated behavioral columns.
2024-08-14 12:46:01,459 - INFO - Moved 'Rd_kostenB_1993' column to the end.
2024-08-14 12:46:01,543 - INFO - Dropped initial columns: ['msm_npt', 'msm_frq', 'txx_prt']
2024-08-14 12:46:01,561 - INFO - transform_data_with_nan_handling success
2024-08-14 12:46:01,562 - INFO - Renamed columns according to the mapping.
2024-08-14 12:46:01,589 - INFO - Transformed NaN to 0 for binary columns.
2024-08-14 12:46:01,589 - INFO - Transformed and renamed 'heroin_inject_days' column to 'rbsivheroin'.
2024-08-14 12:46:01,590 - INFO - Filled NaN with 0 for 'ftnd' column.
2024-08-14 12:46:01,667 - INFO - Dropped additional columns: ['rbs_iv_days', 'race', 'RBS_cocaine_Days', 'RBS_heroin_Days', 'RBS_opioid_Days', 'RBS_speed_Days', 'RBS_speedball_Days']
2024-08-14 12:46:01,687 - INFO - Converted UDS drug counts to binary.
2024-08-14 12:46:01,750 - INFO - ------------------------------
2024-08-14 12:46:01,750 - INFO - PRE-PROCESSING STAGE COMPLETED
2024-08-14 12:46:01,751 - INFO - ------------------------------
2024-08-14 12:46:01,752 - INFO - Merged dataset preprocessed successfully.
2024-08-14 12:46:01,752 - INFO - Creating demographic subsets from preprocessed data...
2024-08-14 12:46:09,482 - INFO - Created 11 subsets successfully.
2024-08-14 12:46:09,483 - INFO - Creating merged subsets from create_demographics_dfs function
2024-08-14 12:46:09,563 - INFO - Created 11 merged subsets successfully.
2024-08-14 12:46:09,564 - INFO - Subset 1 demographic makeup: 500 1, 249 3, 153 2, 98 4
2024-08-14 12:46:09,564 - INFO - Processing subset 1...
2024-08-14 12:46:09,564 - INFO - -----------------------------
2024-08-14 12:46:09,565 - INFO - TRAIN MODEL STAGE STARTING FOR SUBSET 1...
2024-08-14 12:46:09,565 - INFO - -----------------------------
2024-08-14 12:46:09,570 - INFO - Scaling features and applying LASSO for feature selection...
2024-08-14 12:46:10,109 - INFO - Selected features (including required): ['who', 'RaceEth', 'age', 'is_female', 'is_hispanic', 'unemployed', 'unstableliving', 'education', 'marital', 'UDS_Amphetamine_Count', 'UDS_Benzodiazepine_Count', 'UDS_Buprenorphine_Count', 'UDS_Cocaine_Count', 'UDS_Methadone_Count', 'UDS_Opioid_Count', 'UDS_Sedatives_Count', 'UDS_Thc_Count', 'pain', 'has_schizophrenia', 'has_major_dep', 'has_bipolar', 'has_anx_pan', 'has_brain_damage', 'has_epilepsy', 'has_alcol_dx', 'has_amphetamines_dx', 'has_cannabis_dx', 'has_cocaine_dx', 'has_sedatives_dx', 'ftnd', 'XTRT', 'shared', 'rbsivheroin', 'TLFB_Alcohol_Count', 'TLFB_Amphetamine_Count', 'TLFB_Benzodiazepine_Count', 'TLFB_Buprenorphine_Count', 'TLFB_Cocaine_Count', 'TLFB_Heroin_Count', 'TLFB_Methadone_Count', 'TLFB_Opioid_Count', 'TLFB_THC_Count', 'TLFB_Other', 'Homosexual_Behavior', 'Non_monogamous_Relationships']
2024-08-14 12:46:10,139 - INFO - Fitting logistic regression model with the selected features...
2024-08-14 12:46:11,652 - INFO - Model training completed successfully.
2024-08-14 12:46:11,652 - INFO - Calculating the dynamic threshold based on the proportion of positive outcomes...
2024-08-14 12:46:11,653 - INFO - Ratio of 1s to 0s in the outcome variable: 0.49 : 0.51
2024-08-14 12:46:11,654 - INFO - Dynamic threshold set to: 0.488
2024-08-14 12:46:11,654 - INFO - Model trained and saved successfully for subset 1.
2024-08-14 12:46:11,655 - INFO - ---------------------------
2024-08-14 12:46:11,656 - INFO - TRAIN MODEL STAGE COMPLETED FOR SUBSET 1
2024-08-14 12:46:11,657 - INFO - ---------------------------
2024-08-14 12:46:11,657 - INFO - --------------------------------
2024-08-14 12:46:11,660 - INFO - EVALUATE MODEL STAGE STARTING FOR SUBSET 1...
2024-08-14 12:46:11,661 - INFO - --------------------------------
2024-08-14 12:46:11,685 - INFO - ROC AUC Score: 0.6296746926229507
2024-08-14 12:46:11,686 - INFO - Confusion Matrix: 
[[75 53]
 [49 73]]
2024-08-14 12:46:11,688 - INFO - Precision: 0.5793650793650794
2024-08-14 12:46:11,689 - INFO - Recall: 0.5983606557377049
2024-08-14 12:46:11,693 - INFO - Model evaluated successfully for subset 1.
2024-08-14 12:46:11,693 - INFO - ------------------------------
2024-08-14 12:46:11,695 - INFO - EVALUATE MODEL STAGE COMPLETED FOR SUBSET 1
2024-08-14 12:46:11,695 - INFO - ------------------------------
2024-08-14 12:46:11,715 - INFO - Subset 2 demographic makeup: 550 1, 226 3, 133 2, 91 4
2024-08-14 12:46:11,717 - INFO - Processing subset 2...
2024-08-14 12:46:11,718 - INFO - -----------------------------
2024-08-14 12:46:11,720 - INFO - TRAIN MODEL STAGE STARTING FOR SUBSET 2...
2024-08-14 12:46:11,720 - INFO - -----------------------------
2024-08-14 12:46:11,740 - INFO - Scaling features and applying LASSO for feature selection...
2024-08-14 12:46:11,941 - INFO - Selected features (including required): ['who', 'RaceEth', 'age', 'is_female', 'is_hispanic', 'unemployed', 'unstableliving', 'education', 'marital', 'UDS_Amphetamine_Count', 'UDS_Benzodiazepine_Count', 'UDS_Buprenorphine_Count', 'UDS_Cocaine_Count', 'UDS_Methadone_Count', 'UDS_Opioid_Count', 'UDS_Sedatives_Count', 'UDS_Thc_Count', 'pain', 'has_schizophrenia', 'has_major_dep', 'has_bipolar', 'has_anx_pan', 'has_brain_damage', 'has_epilepsy', 'has_alcol_dx', 'has_amphetamines_dx', 'has_cannabis_dx', 'has_cocaine_dx', 'has_sedatives_dx', 'ftnd', 'XTRT', 'shared', 'rbsivheroin', 'TLFB_Alcohol_Count', 'TLFB_Amphetamine_Count', 'TLFB_Benzodiazepine_Count', 'TLFB_Buprenorphine_Count', 'TLFB_Cocaine_Count', 'TLFB_Heroin_Count', 'TLFB_Methadone_Count', 'TLFB_Opioid_Count', 'TLFB_THC_Count', 'TLFB_Other', 'Homosexual_Behavior', 'Non_monogamous_Relationships']
2024-08-14 12:46:11,947 - INFO - Fitting logistic regression model with the selected features...
2024-08-14 12:46:13,238 - INFO - Model training completed successfully.
2024-08-14 12:46:13,238 - INFO - Calculating the dynamic threshold based on the proportion of positive outcomes...
2024-08-14 12:46:13,239 - INFO - Ratio of 1s to 0s in the outcome variable: 0.53 : 0.47
2024-08-14 12:46:13,239 - INFO - Dynamic threshold set to: 0.528
2024-08-14 12:46:13,239 - INFO - Model trained and saved successfully for subset 2.
2024-08-14 12:46:13,240 - INFO - ---------------------------
2024-08-14 12:46:13,241 - INFO - TRAIN MODEL STAGE COMPLETED FOR SUBSET 2
2024-08-14 12:46:13,241 - INFO - ---------------------------
2024-08-14 12:46:13,241 - INFO - --------------------------------
2024-08-14 12:46:13,241 - INFO - EVALUATE MODEL STAGE STARTING FOR SUBSET 2...
2024-08-14 12:46:13,242 - INFO - --------------------------------
2024-08-14 12:46:13,258 - INFO - ROC AUC Score: 0.6363636363636364
2024-08-14 12:46:13,258 - INFO - Confusion Matrix: 
[[88 30]
 [64 68]]
2024-08-14 12:46:13,258 - INFO - Precision: 0.6938775510204082
2024-08-14 12:46:13,258 - INFO - Recall: 0.5151515151515151
2024-08-14 12:46:13,258 - INFO - Model evaluated successfully for subset 2.
2024-08-14 12:46:13,258 - INFO - ------------------------------
2024-08-14 12:46:13,258 - INFO - EVALUATE MODEL STAGE COMPLETED FOR SUBSET 2
2024-08-14 12:46:13,259 - INFO - ------------------------------
2024-08-14 12:46:13,262 - INFO - Subset 3 demographic makeup: 600 1, 201 3, 121 2, 78 4
2024-08-14 12:46:13,262 - INFO - Processing subset 3...
2024-08-14 12:46:13,263 - INFO - -----------------------------
2024-08-14 12:46:13,263 - INFO - TRAIN MODEL STAGE STARTING FOR SUBSET 3...
2024-08-14 12:46:13,263 - INFO - -----------------------------
2024-08-14 12:46:13,279 - INFO - Scaling features and applying LASSO for feature selection...
2024-08-14 12:46:13,470 - INFO - Selected features (including required): ['who', 'RaceEth', 'age', 'is_female', 'is_hispanic', 'unemployed', 'unstableliving', 'education', 'marital', 'UDS_Amphetamine_Count', 'UDS_Benzodiazepine_Count', 'UDS_Buprenorphine_Count', 'UDS_Cocaine_Count', 'UDS_Methadone_Count', 'UDS_Opioid_Count', 'UDS_Sedatives_Count', 'UDS_Thc_Count', 'pain', 'has_schizophrenia', 'has_major_dep', 'has_bipolar', 'has_anx_pan', 'has_brain_damage', 'has_epilepsy', 'has_alcol_dx', 'has_amphetamines_dx', 'has_cannabis_dx', 'has_cocaine_dx', 'has_sedatives_dx', 'ftnd', 'XTRT', 'shared', 'rbsivheroin', 'TLFB_Alcohol_Count', 'TLFB_Amphetamine_Count', 'TLFB_Benzodiazepine_Count', 'TLFB_Buprenorphine_Count', 'TLFB_Cocaine_Count', 'TLFB_Heroin_Count', 'TLFB_Methadone_Count', 'TLFB_Opioid_Count', 'TLFB_THC_Count', 'TLFB_Other', 'Homosexual_Behavior', 'Non_monogamous_Relationships']
2024-08-14 12:46:13,480 - INFO - Fitting logistic regression model with the selected features...
2024-08-14 12:46:14,082 - INFO - Model training completed successfully.
2024-08-14 12:46:14,082 - INFO - Calculating the dynamic threshold based on the proportion of positive outcomes...
2024-08-14 12:46:14,082 - INFO - Ratio of 1s to 0s in the outcome variable: 0.56 : 0.44
2024-08-14 12:46:14,082 - INFO - Dynamic threshold set to: 0.56
2024-08-14 12:46:14,082 - INFO - Model trained and saved successfully for subset 3.
2024-08-14 12:46:14,082 - INFO - ---------------------------
2024-08-14 12:46:14,082 - INFO - TRAIN MODEL STAGE COMPLETED FOR SUBSET 3
2024-08-14 12:46:14,083 - INFO - ---------------------------
2024-08-14 12:46:14,083 - INFO - --------------------------------
2024-08-14 12:46:14,083 - INFO - EVALUATE MODEL STAGE STARTING FOR SUBSET 3...
2024-08-14 12:46:14,083 - INFO - --------------------------------
2024-08-14 12:46:14,098 - INFO - ROC AUC Score: 0.6501948051948051
2024-08-14 12:46:14,099 - INFO - Confusion Matrix: 
[[77 33]
 [61 79]]
2024-08-14 12:46:14,100 - INFO - Precision: 0.7053571428571429
2024-08-14 12:46:14,100 - INFO - Recall: 0.5642857142857143
2024-08-14 12:46:14,100 - INFO - Model evaluated successfully for subset 3.
2024-08-14 12:46:14,101 - INFO - ------------------------------
2024-08-14 12:46:14,101 - INFO - EVALUATE MODEL STAGE COMPLETED FOR SUBSET 3
2024-08-14 12:46:14,101 - INFO - ------------------------------
2024-08-14 12:46:14,102 - INFO - Subset 4 demographic makeup: 650 1, 174 3, 106 2, 70 4
2024-08-14 12:46:14,102 - INFO - Processing subset 4...
2024-08-14 12:46:14,102 - INFO - -----------------------------
2024-08-14 12:46:14,102 - INFO - TRAIN MODEL STAGE STARTING FOR SUBSET 4...
2024-08-14 12:46:14,102 - INFO - -----------------------------
2024-08-14 12:46:14,111 - INFO - Scaling features and applying LASSO for feature selection...
2024-08-14 12:46:14,308 - INFO - Selected features (including required): ['who', 'RaceEth', 'age', 'is_female', 'is_hispanic', 'unemployed', 'unstableliving', 'education', 'marital', 'UDS_Amphetamine_Count', 'UDS_Benzodiazepine_Count', 'UDS_Buprenorphine_Count', 'UDS_Cocaine_Count', 'UDS_Methadone_Count', 'UDS_Opioid_Count', 'UDS_Sedatives_Count', 'UDS_Thc_Count', 'pain', 'has_schizophrenia', 'has_major_dep', 'has_bipolar', 'has_anx_pan', 'has_brain_damage', 'has_epilepsy', 'has_alcol_dx', 'has_amphetamines_dx', 'has_cannabis_dx', 'has_cocaine_dx', 'has_sedatives_dx', 'ftnd', 'XTRT', 'shared', 'rbsivheroin', 'TLFB_Alcohol_Count', 'TLFB_Amphetamine_Count', 'TLFB_Benzodiazepine_Count', 'TLFB_Buprenorphine_Count', 'TLFB_Cocaine_Count', 'TLFB_Heroin_Count', 'TLFB_Methadone_Count', 'TLFB_Opioid_Count', 'TLFB_THC_Count', 'TLFB_Other', 'Homosexual_Behavior', 'Non_monogamous_Relationships']
2024-08-14 12:46:14,313 - INFO - Fitting logistic regression model with the selected features...
2024-08-14 12:46:15,385 - INFO - Model training completed successfully.
2024-08-14 12:46:15,385 - INFO - Calculating the dynamic threshold based on the proportion of positive outcomes...
2024-08-14 12:46:15,386 - INFO - Ratio of 1s to 0s in the outcome variable: 0.47 : 0.53
2024-08-14 12:46:15,386 - INFO - Dynamic threshold set to: 0.472
2024-08-14 12:46:15,386 - INFO - Model trained and saved successfully for subset 4.
2024-08-14 12:46:15,386 - INFO - ---------------------------
2024-08-14 12:46:15,386 - INFO - TRAIN MODEL STAGE COMPLETED FOR SUBSET 4
2024-08-14 12:46:15,386 - INFO - ---------------------------
2024-08-14 12:46:15,386 - INFO - --------------------------------
2024-08-14 12:46:15,386 - INFO - EVALUATE MODEL STAGE STARTING FOR SUBSET 4...
2024-08-14 12:46:15,386 - INFO - --------------------------------
2024-08-14 12:46:15,408 - INFO - ROC AUC Score: 0.6142783769902413
2024-08-14 12:46:15,408 - INFO - Confusion Matrix: 
[[65 67]
 [38 80]]
2024-08-14 12:46:15,408 - INFO - Precision: 0.54421768707483
2024-08-14 12:46:15,408 - INFO - Recall: 0.6779661016949152
2024-08-14 12:46:15,408 - INFO - Model evaluated successfully for subset 4.
2024-08-14 12:46:15,409 - INFO - ------------------------------
2024-08-14 12:46:15,409 - INFO - EVALUATE MODEL STAGE COMPLETED FOR SUBSET 4
2024-08-14 12:46:15,409 - INFO - ------------------------------
2024-08-14 12:46:15,410 - INFO - Subset 5 demographic makeup: 700 1, 152 3, 91 2, 57 4
2024-08-14 12:46:15,410 - INFO - Processing subset 5...
2024-08-14 12:46:15,412 - INFO - -----------------------------
2024-08-14 12:46:15,413 - INFO - TRAIN MODEL STAGE STARTING FOR SUBSET 5...
2024-08-14 12:46:15,413 - INFO - -----------------------------
2024-08-14 12:46:15,422 - INFO - Scaling features and applying LASSO for feature selection...
2024-08-14 12:46:15,648 - INFO - Selected features (including required): ['who', 'RaceEth', 'age', 'is_female', 'is_hispanic', 'unemployed', 'unstableliving', 'education', 'marital', 'UDS_Amphetamine_Count', 'UDS_Benzodiazepine_Count', 'UDS_Buprenorphine_Count', 'UDS_Cocaine_Count', 'UDS_Methadone_Count', 'UDS_Opioid_Count', 'UDS_Sedatives_Count', 'UDS_Thc_Count', 'pain', 'has_schizophrenia', 'has_major_dep', 'has_bipolar', 'has_anx_pan', 'has_brain_damage', 'has_epilepsy', 'has_alcol_dx', 'has_amphetamines_dx', 'has_cannabis_dx', 'has_cocaine_dx', 'has_sedatives_dx', 'ftnd', 'XTRT', 'shared', 'rbsivheroin', 'TLFB_Alcohol_Count', 'TLFB_Amphetamine_Count', 'TLFB_Benzodiazepine_Count', 'TLFB_Buprenorphine_Count', 'TLFB_Cocaine_Count', 'TLFB_Heroin_Count', 'TLFB_Methadone_Count', 'TLFB_Opioid_Count', 'TLFB_THC_Count', 'TLFB_Other', 'Homosexual_Behavior', 'Non_monogamous_Relationships']
2024-08-14 12:46:15,653 - INFO - Fitting logistic regression model with the selected features...
2024-08-14 12:46:16,507 - INFO - Model training completed successfully.
2024-08-14 12:46:16,507 - INFO - Calculating the dynamic threshold based on the proportion of positive outcomes...
2024-08-14 12:46:16,507 - INFO - Ratio of 1s to 0s in the outcome variable: 0.50 : 0.50
2024-08-14 12:46:16,508 - INFO - Dynamic threshold set to: 0.5
2024-08-14 12:46:16,508 - INFO - Model trained and saved successfully for subset 5.
2024-08-14 12:46:16,508 - INFO - ---------------------------
2024-08-14 12:46:16,508 - INFO - TRAIN MODEL STAGE COMPLETED FOR SUBSET 5
2024-08-14 12:46:16,508 - INFO - ---------------------------
2024-08-14 12:46:16,508 - INFO - --------------------------------
2024-08-14 12:46:16,508 - INFO - EVALUATE MODEL STAGE STARTING FOR SUBSET 5...
2024-08-14 12:46:16,508 - INFO - --------------------------------
2024-08-14 12:46:16,527 - INFO - ROC AUC Score: 0.6723199999999999
2024-08-14 12:46:16,527 - INFO - Confusion Matrix: 
[[70 55]
 [39 86]]
2024-08-14 12:46:16,527 - INFO - Precision: 0.6099290780141844
2024-08-14 12:46:16,527 - INFO - Recall: 0.688
2024-08-14 12:46:16,527 - INFO - Model evaluated successfully for subset 5.
2024-08-14 12:46:16,528 - INFO - ------------------------------
2024-08-14 12:46:16,528 - INFO - EVALUATE MODEL STAGE COMPLETED FOR SUBSET 5
2024-08-14 12:46:16,528 - INFO - ------------------------------
2024-08-14 12:46:16,528 - INFO - Subset 6 demographic makeup: 750 1, 131 3, 72 2, 47 4
2024-08-14 12:46:16,529 - INFO - Processing subset 6...
2024-08-14 12:46:16,529 - INFO - -----------------------------
2024-08-14 12:46:16,529 - INFO - TRAIN MODEL STAGE STARTING FOR SUBSET 6...
2024-08-14 12:46:16,529 - INFO - -----------------------------
2024-08-14 12:46:16,535 - INFO - Scaling features and applying LASSO for feature selection...
2024-08-14 12:46:16,776 - INFO - Selected features (including required): ['who', 'RaceEth', 'age', 'is_female', 'is_hispanic', 'unemployed', 'unstableliving', 'education', 'marital', 'UDS_Amphetamine_Count', 'UDS_Benzodiazepine_Count', 'UDS_Buprenorphine_Count', 'UDS_Cocaine_Count', 'UDS_Methadone_Count', 'UDS_Opioid_Count', 'UDS_Sedatives_Count', 'UDS_Thc_Count', 'pain', 'has_schizophrenia', 'has_major_dep', 'has_bipolar', 'has_anx_pan', 'has_brain_damage', 'has_epilepsy', 'has_alcol_dx', 'has_amphetamines_dx', 'has_cannabis_dx', 'has_cocaine_dx', 'has_sedatives_dx', 'ftnd', 'XTRT', 'shared', 'rbsivheroin', 'TLFB_Alcohol_Count', 'TLFB_Amphetamine_Count', 'TLFB_Benzodiazepine_Count', 'TLFB_Buprenorphine_Count', 'TLFB_Cocaine_Count', 'TLFB_Heroin_Count', 'TLFB_Methadone_Count', 'TLFB_Opioid_Count', 'TLFB_THC_Count', 'TLFB_Other', 'Homosexual_Behavior', 'Non_monogamous_Relationships']
2024-08-14 12:46:16,781 - INFO - Fitting logistic regression model with the selected features...
2024-08-14 12:46:17,693 - INFO - Model training completed successfully.
2024-08-14 12:46:17,693 - INFO - Calculating the dynamic threshold based on the proportion of positive outcomes...
2024-08-14 12:46:17,694 - INFO - Ratio of 1s to 0s in the outcome variable: 0.51 : 0.49
2024-08-14 12:46:17,694 - INFO - Dynamic threshold set to: 0.512
2024-08-14 12:46:17,694 - INFO - Model trained and saved successfully for subset 6.
2024-08-14 12:46:17,694 - INFO - ---------------------------
2024-08-14 12:46:17,694 - INFO - TRAIN MODEL STAGE COMPLETED FOR SUBSET 6
2024-08-14 12:46:17,694 - INFO - ---------------------------
2024-08-14 12:46:17,694 - INFO - --------------------------------
2024-08-14 12:46:17,694 - INFO - EVALUATE MODEL STAGE STARTING FOR SUBSET 6...
2024-08-14 12:46:17,694 - INFO - --------------------------------
2024-08-14 12:46:17,709 - INFO - ROC AUC Score: 0.6451716188524591
2024-08-14 12:46:17,711 - INFO - Confusion Matrix: 
[[53 69]
 [38 90]]
2024-08-14 12:46:17,711 - INFO - Precision: 0.5660377358490566
2024-08-14 12:46:17,712 - INFO - Recall: 0.703125
2024-08-14 12:46:17,712 - INFO - Model evaluated successfully for subset 6.
2024-08-14 12:46:17,712 - INFO - ------------------------------
2024-08-14 12:46:17,712 - INFO - EVALUATE MODEL STAGE COMPLETED FOR SUBSET 6
2024-08-14 12:46:17,713 - INFO - ------------------------------
2024-08-14 12:46:17,714 - INFO - Subset 7 demographic makeup: 800 1, 105 3, 56 2, 39 4
2024-08-14 12:46:17,714 - INFO - Processing subset 7...
2024-08-14 12:46:17,714 - INFO - -----------------------------
2024-08-14 12:46:17,714 - INFO - TRAIN MODEL STAGE STARTING FOR SUBSET 7...
2024-08-14 12:46:17,714 - INFO - -----------------------------
2024-08-14 12:46:17,721 - INFO - Scaling features and applying LASSO for feature selection...
2024-08-14 12:46:19,424 - INFO - Selected features (including required): ['who', 'RaceEth', 'age', 'is_female', 'is_hispanic', 'unemployed', 'unstableliving', 'education', 'marital', 'UDS_Amphetamine_Count', 'UDS_Benzodiazepine_Count', 'UDS_Buprenorphine_Count', 'UDS_Cocaine_Count', 'UDS_Methadone_Count', 'UDS_Opioid_Count', 'UDS_Sedatives_Count', 'UDS_Thc_Count', 'pain', 'has_schizophrenia', 'has_major_dep', 'has_bipolar', 'has_anx_pan', 'has_brain_damage', 'has_epilepsy', 'has_alcol_dx', 'has_amphetamines_dx', 'has_cannabis_dx', 'has_cocaine_dx', 'has_sedatives_dx', 'ftnd', 'XTRT', 'shared', 'rbsivheroin', 'TLFB_Alcohol_Count', 'TLFB_Amphetamine_Count', 'TLFB_Benzodiazepine_Count', 'TLFB_Buprenorphine_Count', 'TLFB_Cocaine_Count', 'TLFB_Heroin_Count', 'TLFB_Methadone_Count', 'TLFB_Opioid_Count', 'TLFB_THC_Count', 'TLFB_Other', 'Homosexual_Behavior', 'Non_monogamous_Relationships']
2024-08-14 12:46:19,430 - INFO - Fitting logistic regression model with the selected features...
2024-08-14 12:46:20,083 - INFO - Model training completed successfully.
2024-08-14 12:46:20,083 - INFO - Calculating the dynamic threshold based on the proportion of positive outcomes...
2024-08-14 12:46:20,084 - INFO - Ratio of 1s to 0s in the outcome variable: 0.58 : 0.42
2024-08-14 12:46:20,084 - INFO - Dynamic threshold set to: 0.576
2024-08-14 12:46:20,084 - INFO - Model trained and saved successfully for subset 7.
2024-08-14 12:46:20,084 - INFO - ---------------------------
2024-08-14 12:46:20,084 - INFO - TRAIN MODEL STAGE COMPLETED FOR SUBSET 7
2024-08-14 12:46:20,084 - INFO - ---------------------------
2024-08-14 12:46:20,084 - INFO - --------------------------------
2024-08-14 12:46:20,084 - INFO - EVALUATE MODEL STAGE STARTING FOR SUBSET 7...
2024-08-14 12:46:20,084 - INFO - --------------------------------
2024-08-14 12:46:20,106 - INFO - ROC AUC Score: 0.6243448637316562
2024-08-14 12:46:20,107 - INFO - Confusion Matrix: 
[[73 33]
 [69 75]]
2024-08-14 12:46:20,107 - INFO - Precision: 0.6944444444444444
2024-08-14 12:46:20,107 - INFO - Recall: 0.5208333333333334
2024-08-14 12:46:20,107 - INFO - Model evaluated successfully for subset 7.
2024-08-14 12:46:20,107 - INFO - ------------------------------
2024-08-14 12:46:20,107 - INFO - EVALUATE MODEL STAGE COMPLETED FOR SUBSET 7
2024-08-14 12:46:20,107 - INFO - ------------------------------
2024-08-14 12:46:20,108 - INFO - Subset 8 demographic makeup: 850 1, 80 3, 40 2, 30 4
2024-08-14 12:46:20,108 - INFO - Processing subset 8...
2024-08-14 12:46:20,109 - INFO - -----------------------------
2024-08-14 12:46:20,109 - INFO - TRAIN MODEL STAGE STARTING FOR SUBSET 8...
2024-08-14 12:46:20,109 - INFO - -----------------------------
2024-08-14 12:46:20,115 - INFO - Scaling features and applying LASSO for feature selection...
2024-08-14 12:46:20,371 - INFO - Selected features (including required): ['who', 'RaceEth', 'age', 'is_female', 'is_hispanic', 'unemployed', 'unstableliving', 'education', 'marital', 'UDS_Amphetamine_Count', 'UDS_Benzodiazepine_Count', 'UDS_Buprenorphine_Count', 'UDS_Cocaine_Count', 'UDS_Methadone_Count', 'UDS_Opioid_Count', 'UDS_Sedatives_Count', 'UDS_Thc_Count', 'pain', 'has_schizophrenia', 'has_major_dep', 'has_bipolar', 'has_anx_pan', 'has_brain_damage', 'has_epilepsy', 'has_alcol_dx', 'has_amphetamines_dx', 'has_cannabis_dx', 'has_cocaine_dx', 'has_sedatives_dx', 'ftnd', 'XTRT', 'shared', 'rbsivheroin', 'TLFB_Alcohol_Count', 'TLFB_Amphetamine_Count', 'TLFB_Benzodiazepine_Count', 'TLFB_Buprenorphine_Count', 'TLFB_Cocaine_Count', 'TLFB_Heroin_Count', 'TLFB_Methadone_Count', 'TLFB_Opioid_Count', 'TLFB_THC_Count', 'TLFB_Other', 'Homosexual_Behavior', 'Non_monogamous_Relationships']
2024-08-14 12:46:20,376 - INFO - Fitting logistic regression model with the selected features...
2024-08-14 12:46:21,419 - INFO - Model training completed successfully.
2024-08-14 12:46:21,425 - INFO - Calculating the dynamic threshold based on the proportion of positive outcomes...
2024-08-14 12:46:21,425 - INFO - Ratio of 1s to 0s in the outcome variable: 0.56 : 0.44
2024-08-14 12:46:21,425 - INFO - Dynamic threshold set to: 0.556
2024-08-14 12:46:21,425 - INFO - Model trained and saved successfully for subset 8.
2024-08-14 12:46:21,425 - INFO - ---------------------------
2024-08-14 12:46:21,425 - INFO - TRAIN MODEL STAGE COMPLETED FOR SUBSET 8
2024-08-14 12:46:21,425 - INFO - ---------------------------
2024-08-14 12:46:21,425 - INFO - --------------------------------
2024-08-14 12:46:21,426 - INFO - EVALUATE MODEL STAGE STARTING FOR SUBSET 8...
2024-08-14 12:46:21,426 - INFO - --------------------------------
2024-08-14 12:46:21,441 - INFO - ROC AUC Score: 0.6261585326333527
2024-08-14 12:46:21,441 - INFO - Confusion Matrix: 
[[75 36]
 [60 79]]
2024-08-14 12:46:21,441 - INFO - Precision: 0.6869565217391305
2024-08-14 12:46:21,441 - INFO - Recall: 0.5683453237410072
2024-08-14 12:46:21,441 - INFO - Model evaluated successfully for subset 8.
2024-08-14 12:46:21,442 - INFO - ------------------------------
2024-08-14 12:46:21,442 - INFO - EVALUATE MODEL STAGE COMPLETED FOR SUBSET 8
2024-08-14 12:46:21,442 - INFO - ------------------------------
2024-08-14 12:46:21,443 - INFO - Subset 9 demographic makeup: 900 1, 48 3, 32 2, 20 4
2024-08-14 12:46:21,443 - INFO - Processing subset 9...
2024-08-14 12:46:21,443 - INFO - -----------------------------
2024-08-14 12:46:21,443 - INFO - TRAIN MODEL STAGE STARTING FOR SUBSET 9...
2024-08-14 12:46:21,443 - INFO - -----------------------------
2024-08-14 12:46:21,448 - INFO - Scaling features and applying LASSO for feature selection...
2024-08-14 12:46:22,365 - INFO - Selected features (including required): ['who', 'RaceEth', 'age', 'is_female', 'is_hispanic', 'unemployed', 'unstableliving', 'education', 'marital', 'UDS_Amphetamine_Count', 'UDS_Benzodiazepine_Count', 'UDS_Buprenorphine_Count', 'UDS_Cocaine_Count', 'UDS_Methadone_Count', 'UDS_Opioid_Count', 'UDS_Sedatives_Count', 'UDS_Thc_Count', 'pain', 'has_schizophrenia', 'has_major_dep', 'has_bipolar', 'has_anx_pan', 'has_brain_damage', 'has_epilepsy', 'has_alcol_dx', 'has_amphetamines_dx', 'has_cannabis_dx', 'has_cocaine_dx', 'has_sedatives_dx', 'ftnd', 'XTRT', 'shared', 'rbsivheroin', 'TLFB_Alcohol_Count', 'TLFB_Amphetamine_Count', 'TLFB_Benzodiazepine_Count', 'TLFB_Buprenorphine_Count', 'TLFB_Cocaine_Count', 'TLFB_Heroin_Count', 'TLFB_Methadone_Count', 'TLFB_Opioid_Count', 'TLFB_THC_Count', 'TLFB_Other', 'Homosexual_Behavior', 'Non_monogamous_Relationships']
2024-08-14 12:46:22,371 - INFO - Fitting logistic regression model with the selected features...
2024-08-14 12:46:22,717 - INFO - Model training completed successfully.
2024-08-14 12:46:22,717 - INFO - Calculating the dynamic threshold based on the proportion of positive outcomes...
2024-08-14 12:46:22,717 - INFO - Ratio of 1s to 0s in the outcome variable: 0.62 : 0.38
2024-08-14 12:46:22,717 - INFO - Dynamic threshold set to: 0.62
2024-08-14 12:46:22,718 - INFO - Model trained and saved successfully for subset 9.
2024-08-14 12:46:22,718 - INFO - ---------------------------
2024-08-14 12:46:22,718 - INFO - TRAIN MODEL STAGE COMPLETED FOR SUBSET 9
2024-08-14 12:46:22,718 - INFO - ---------------------------
2024-08-14 12:46:22,718 - INFO - --------------------------------
2024-08-14 12:46:22,718 - INFO - EVALUATE MODEL STAGE STARTING FOR SUBSET 9...
2024-08-14 12:46:22,718 - INFO - --------------------------------
2024-08-14 12:46:22,730 - INFO - ROC AUC Score: 0.6889643463497453
2024-08-14 12:46:22,731 - INFO - Confusion Matrix: 
[[81 14]
 [85 70]]
2024-08-14 12:46:22,732 - INFO - Precision: 0.8333333333333334
2024-08-14 12:46:22,732 - INFO - Recall: 0.45161290322580644
2024-08-14 12:46:22,732 - INFO - Model evaluated successfully for subset 9.
2024-08-14 12:46:22,732 - INFO - ------------------------------
2024-08-14 12:46:22,733 - INFO - EVALUATE MODEL STAGE COMPLETED FOR SUBSET 9
2024-08-14 12:46:22,733 - INFO - ------------------------------
2024-08-14 12:46:22,734 - INFO - Subset 10 demographic makeup: 950 1, 25 3, 13 2, 12 4
2024-08-14 12:46:22,734 - INFO - Processing subset 10...
2024-08-14 12:46:22,734 - INFO - -----------------------------
2024-08-14 12:46:22,734 - INFO - TRAIN MODEL STAGE STARTING FOR SUBSET 10...
2024-08-14 12:46:22,734 - INFO - -----------------------------
2024-08-14 12:46:22,740 - INFO - Scaling features and applying LASSO for feature selection...
2024-08-14 12:46:23,663 - INFO - Selected features (including required): ['who', 'RaceEth', 'age', 'is_female', 'is_hispanic', 'unemployed', 'unstableliving', 'education', 'marital', 'UDS_Amphetamine_Count', 'UDS_Benzodiazepine_Count', 'UDS_Buprenorphine_Count', 'UDS_Cocaine_Count', 'UDS_Methadone_Count', 'UDS_Opioid_Count', 'UDS_Sedatives_Count', 'UDS_Thc_Count', 'pain', 'has_schizophrenia', 'has_major_dep', 'has_bipolar', 'has_anx_pan', 'has_brain_damage', 'has_epilepsy', 'has_alcol_dx', 'has_amphetamines_dx', 'has_cannabis_dx', 'has_cocaine_dx', 'has_sedatives_dx', 'ftnd', 'XTRT', 'shared', 'rbsivheroin', 'TLFB_Alcohol_Count', 'TLFB_Amphetamine_Count', 'TLFB_Benzodiazepine_Count', 'TLFB_Buprenorphine_Count', 'TLFB_Cocaine_Count', 'TLFB_Heroin_Count', 'TLFB_Methadone_Count', 'TLFB_Opioid_Count', 'TLFB_THC_Count', 'TLFB_Other', 'Homosexual_Behavior', 'Non_monogamous_Relationships']
2024-08-14 12:46:23,668 - INFO - Fitting logistic regression model with the selected features...
2024-08-14 12:46:24,445 - INFO - Model training completed successfully.
2024-08-14 12:46:24,446 - INFO - Calculating the dynamic threshold based on the proportion of positive outcomes...
2024-08-14 12:46:24,446 - INFO - Ratio of 1s to 0s in the outcome variable: 0.58 : 0.42
2024-08-14 12:46:24,446 - INFO - Dynamic threshold set to: 0.584
2024-08-14 12:46:24,446 - INFO - Model trained and saved successfully for subset 10.
2024-08-14 12:46:24,446 - INFO - ---------------------------
2024-08-14 12:46:24,446 - INFO - TRAIN MODEL STAGE COMPLETED FOR SUBSET 10
2024-08-14 12:46:24,446 - INFO - ---------------------------
2024-08-14 12:46:24,446 - INFO - --------------------------------
2024-08-14 12:46:24,446 - INFO - EVALUATE MODEL STAGE STARTING FOR SUBSET 10...
2024-08-14 12:46:24,446 - INFO - --------------------------------
2024-08-14 12:46:24,458 - INFO - ROC AUC Score: 0.6151870389884089
2024-08-14 12:46:24,458 - INFO - Confusion Matrix: 
[[70 34]
 [65 81]]
2024-08-14 12:46:24,458 - INFO - Precision: 0.7043478260869566
2024-08-14 12:46:24,458 - INFO - Recall: 0.5547945205479452
2024-08-14 12:46:24,459 - INFO - Model evaluated successfully for subset 10.
2024-08-14 12:46:24,459 - INFO - ------------------------------
2024-08-14 12:46:24,459 - INFO - EVALUATE MODEL STAGE COMPLETED FOR SUBSET 10
2024-08-14 12:46:24,459 - INFO - ------------------------------
2024-08-14 12:46:24,460 - INFO - Subset 11 demographic makeup: 1000 1
2024-08-14 12:46:24,460 - INFO - Processing subset 11...
2024-08-14 12:46:24,460 - INFO - -----------------------------
2024-08-14 12:46:24,460 - INFO - TRAIN MODEL STAGE STARTING FOR SUBSET 11...
2024-08-14 12:46:24,460 - INFO - -----------------------------
2024-08-14 12:46:24,466 - INFO - Scaling features and applying LASSO for feature selection...
2024-08-14 12:46:25,389 - INFO - Selected features (including required): ['who', 'age', 'is_female', 'unemployed', 'unstableliving', 'education', 'marital', 'UDS_Amphetamine_Count', 'UDS_Benzodiazepine_Count', 'UDS_Buprenorphine_Count', 'UDS_Cocaine_Count', 'UDS_Methadone_Count', 'UDS_Opioid_Count', 'UDS_Sedatives_Count', 'UDS_Thc_Count', 'pain', 'has_schizophrenia', 'has_major_dep', 'has_bipolar', 'has_anx_pan', 'has_brain_damage', 'has_epilepsy', 'has_alcol_dx', 'has_amphetamines_dx', 'has_cannabis_dx', 'has_cocaine_dx', 'has_sedatives_dx', 'ftnd', 'XTRT', 'shared', 'rbsivheroin', 'TLFB_Alcohol_Count', 'TLFB_Amphetamine_Count', 'TLFB_Benzodiazepine_Count', 'TLFB_Buprenorphine_Count', 'TLFB_Cocaine_Count', 'TLFB_Heroin_Count', 'TLFB_Methadone_Count', 'TLFB_Opioid_Count', 'TLFB_THC_Count', 'TLFB_Other', 'Homosexual_Behavior', 'Non_monogamous_Relationships']
2024-08-14 12:46:25,393 - INFO - Fitting logistic regression model with the selected features...
2024-08-14 12:46:25,960 - INFO - Model training completed successfully.
2024-08-14 12:46:25,961 - INFO - Calculating the dynamic threshold based on the proportion of positive outcomes...
2024-08-14 12:46:25,961 - INFO - Ratio of 1s to 0s in the outcome variable: 0.60 : 0.40
2024-08-14 12:46:25,961 - INFO - Dynamic threshold set to: 0.6
2024-08-14 12:46:25,961 - INFO - Model trained and saved successfully for subset 11.
2024-08-14 12:46:25,961 - INFO - ---------------------------
2024-08-14 12:46:25,961 - INFO - TRAIN MODEL STAGE COMPLETED FOR SUBSET 11
2024-08-14 12:46:25,961 - INFO - ---------------------------
2024-08-14 12:46:25,962 - INFO - --------------------------------
2024-08-14 12:46:25,962 - INFO - EVALUATE MODEL STAGE STARTING FOR SUBSET 11...
2024-08-14 12:46:25,962 - INFO - --------------------------------
2024-08-14 12:46:25,980 - INFO - ROC AUC Score: 0.6333333333333333
2024-08-14 12:46:25,982 - INFO - Confusion Matrix: 
[[73 27]
 [83 67]]
2024-08-14 12:46:25,983 - INFO - Precision: 0.7127659574468085
2024-08-14 12:46:25,985 - INFO - Recall: 0.44666666666666666
2024-08-14 12:46:25,986 - INFO - Model evaluated successfully for subset 11.
2024-08-14 12:46:25,986 - INFO - ------------------------------
2024-08-14 12:46:25,987 - INFO - EVALUATE MODEL STAGE COMPLETED FOR SUBSET 11
2024-08-14 12:46:25,987 - INFO - ------------------------------
2024-08-14 12:46:25,988 - INFO - ------------------
2024-08-14 12:46:25,988 - INFO - PIPELINE COMPLETED
2024-08-14 12:46:25,989 - INFO - ------------------
