2024-08-27 13:19:38,025 - INFO - Global Seed set to: 42
2024-08-27 13:19:38,026 - INFO - Outcome Name: Rs_johnson_1992
2024-08-27 13:19:38,081 - INFO - Datasets loaded successfully.
2024-08-27 13:19:38,086 - INFO - Starting preprocessing of the merged dataset...
2024-08-27 13:19:38,087 - INFO - ---------------------------------
2024-08-27 13:19:38,088 - INFO - PRE-PROCESSING STAGE STARTING...
2024-08-27 13:19:38,092 - INFO - ---------------------------------
2024-08-27 13:19:38,211 - INFO - Dropped initial columns: ['pain_when', 'is_smoker', 'per_day', 'max', 'amount', 'depression', 'anxiety', 'schizophrenia', 'max', 'amount', 'cocaine_inject_days', 'speedball_inject_days', 'opioid_inject_days', 'speed_inject_days', 'UDS_Alcohol_Count', 'UDS_Mdma/Hallucinogen_Count']
2024-08-27 13:19:38,248 - INFO - Converted Yes/No to binary.
2024-08-27 13:19:38,255 - INFO - Processed TLFB columns with specified columns: ['TLFB_Alcohol_Count', 'TLFB_Amphetamine_Count', 'TLFB_Cocaine_Count', 'TLFB_Heroin_Count', 'TLFB_Benzodiazepine_Count', 'TLFB_Opioid_Count', 'TLFB_THC_Count', 'TLFB_Methadone_Count', 'TLFB_Buprenorphine_Count']
2024-08-27 13:19:38,257 - INFO - Calculated behavioral columns.
2024-08-27 13:19:38,259 - INFO - Moved 'Rs_johnson_1992' column to the end.
2024-08-27 13:19:38,340 - INFO - Dropped initial columns: ['msm_npt', 'msm_frq', 'txx_prt']
2024-08-27 13:19:38,355 - INFO - transform_data_with_nan_handling success
2024-08-27 13:19:38,355 - INFO - Renamed columns according to the mapping.
2024-08-27 13:19:38,379 - INFO - Transformed NaN to 0 for binary columns.
2024-08-27 13:19:38,380 - INFO - Transformed and renamed 'heroin_inject_days' column to 'rbsivheroin'.
2024-08-27 13:19:38,381 - INFO - Filled NaN with 0 for 'ftnd' column.
2024-08-27 13:19:38,450 - INFO - Dropped additional columns: ['rbs_iv_days', 'race', 'RBS_cocaine_Days', 'RBS_heroin_Days', 'RBS_opioid_Days', 'RBS_speed_Days', 'RBS_speedball_Days']
2024-08-27 13:19:38,463 - INFO - Converted UDS drug counts to binary.
2024-08-27 13:19:38,522 - INFO - ------------------------------
2024-08-27 13:19:38,522 - INFO - PRE-PROCESSING STAGE COMPLETED
2024-08-27 13:19:38,522 - INFO - ------------------------------
2024-08-27 13:19:38,523 - INFO - Merged dataset preprocessed successfully.
2024-08-27 13:19:38,523 - INFO - Creating demographic subsets from preprocessed data...
2024-08-27 13:19:38,667 - INFO - Created 11 subsets successfully.
2024-08-27 13:19:38,668 - INFO - Creating merged subsets from create_demographics_dfs function
2024-08-27 13:19:38,797 - INFO - Created 11 merged subsets successfully.
2024-08-27 13:19:38,798 - INFO - Subset 1 demographic makeup: 500 1, 248 3, 150 2, 102 4
2024-08-27 13:19:38,799 - INFO - Processing subset 1...
2024-08-27 13:19:38,799 - INFO - -----------------------------
2024-08-27 13:19:38,800 - INFO - TRAIN MODEL STAGE STARTING FOR SUBSET 1...
2024-08-27 13:19:38,800 - INFO - -----------------------------
2024-08-27 13:19:38,805 - INFO - Scaling features and applying LASSO for feature selection...
2024-08-27 13:19:41,985 - INFO - Selected features (including required): ['who', 'RaceEth', 'age', 'is_female', 'is_hispanic', 'unemployed', 'unstableliving', 'education', 'marital', 'UDS_Amphetamine_Count', 'UDS_Benzodiazepine_Count', 'UDS_Buprenorphine_Count', 'UDS_Cocaine_Count', 'UDS_Methadone_Count', 'UDS_Opioid_Count', 'UDS_Sedatives_Count', 'UDS_Thc_Count', 'pain', 'has_schizophrenia', 'has_major_dep', 'has_bipolar', 'has_anx_pan', 'has_brain_damage', 'has_epilepsy', 'has_alcol_dx', 'has_amphetamines_dx', 'has_cannabis_dx', 'has_cocaine_dx', 'has_sedatives_dx', 'ftnd', 'XTRT', 'shared', 'rbsivheroin', 'TLFB_Alcohol_Count', 'TLFB_Amphetamine_Count', 'TLFB_Benzodiazepine_Count', 'TLFB_Buprenorphine_Count', 'TLFB_Cocaine_Count', 'TLFB_Heroin_Count', 'TLFB_Methadone_Count', 'TLFB_Opioid_Count', 'TLFB_THC_Count', 'TLFB_Other', 'Homosexual_Behavior', 'Non_monogamous_Relationships']
2024-08-27 13:19:41,991 - INFO - Fitting logistic regression model with the selected features...
2024-08-27 13:19:42,739 - INFO - Model training completed successfully.
2024-08-27 13:19:42,739 - INFO - Calculating the dynamic threshold based on the proportion of positive outcomes...
2024-08-27 13:19:42,739 - INFO - Ratio of 1s to 0s in the outcome variable: 0.88 : 0.12
2024-08-27 13:19:42,739 - INFO - Dynamic threshold set to: 0.876
2024-08-27 13:19:42,739 - INFO - Model trained and saved successfully for subset 1.
2024-08-27 13:19:42,740 - INFO - ---------------------------
2024-08-27 13:19:42,740 - INFO - TRAIN MODEL STAGE COMPLETED FOR SUBSET 1
2024-08-27 13:19:42,740 - INFO - ---------------------------
2024-08-27 13:19:42,740 - INFO - --------------------------------
2024-08-27 13:19:42,740 - INFO - EVALUATE MODEL STAGE STARTING FOR SUBSET 1...
2024-08-27 13:19:42,740 - INFO - --------------------------------
2024-08-27 13:19:42,754 - INFO - ROC AUC Score: 0.6296950950066285
2024-08-27 13:19:42,755 - INFO - Confusion Matrix: 
[[ 16  15]
 [ 52 167]]
2024-08-27 13:19:42,755 - INFO - Precision: 0.9175824175824175
2024-08-27 13:19:42,755 - INFO - Recall: 0.7625570776255708
2024-08-27 13:19:42,755 - INFO - Model evaluated successfully for subset 1.
2024-08-27 13:19:42,755 - INFO - ------------------------------
2024-08-27 13:19:42,755 - INFO - EVALUATE MODEL STAGE COMPLETED FOR SUBSET 1
2024-08-27 13:19:42,755 - INFO - ------------------------------
2024-08-27 13:19:42,756 - INFO - Subset 2 demographic makeup: 550 1, 222 3, 133 2, 95 4
2024-08-27 13:19:42,756 - INFO - Processing subset 2...
2024-08-27 13:19:42,756 - INFO - -----------------------------
2024-08-27 13:19:42,756 - INFO - TRAIN MODEL STAGE STARTING FOR SUBSET 2...
2024-08-27 13:19:42,756 - INFO - -----------------------------
2024-08-27 13:19:42,762 - INFO - Scaling features and applying LASSO for feature selection...
2024-08-27 13:19:45,502 - INFO - Selected features (including required): ['who', 'RaceEth', 'age', 'is_female', 'is_hispanic', 'unemployed', 'unstableliving', 'education', 'marital', 'UDS_Amphetamine_Count', 'UDS_Benzodiazepine_Count', 'UDS_Buprenorphine_Count', 'UDS_Cocaine_Count', 'UDS_Methadone_Count', 'UDS_Opioid_Count', 'UDS_Sedatives_Count', 'UDS_Thc_Count', 'pain', 'has_schizophrenia', 'has_major_dep', 'has_bipolar', 'has_anx_pan', 'has_brain_damage', 'has_epilepsy', 'has_alcol_dx', 'has_amphetamines_dx', 'has_cannabis_dx', 'has_cocaine_dx', 'has_sedatives_dx', 'ftnd', 'XTRT', 'shared', 'rbsivheroin', 'TLFB_Alcohol_Count', 'TLFB_Amphetamine_Count', 'TLFB_Benzodiazepine_Count', 'TLFB_Buprenorphine_Count', 'TLFB_Cocaine_Count', 'TLFB_Heroin_Count', 'TLFB_Methadone_Count', 'TLFB_Opioid_Count', 'TLFB_THC_Count', 'TLFB_Other', 'Homosexual_Behavior', 'Non_monogamous_Relationships']
2024-08-27 13:19:45,508 - INFO - Fitting logistic regression model with the selected features...
2024-08-27 13:19:46,064 - INFO - Model training completed successfully.
2024-08-27 13:19:46,064 - INFO - Calculating the dynamic threshold based on the proportion of positive outcomes...
2024-08-27 13:19:46,065 - INFO - Ratio of 1s to 0s in the outcome variable: 0.91 : 0.09
2024-08-27 13:19:46,065 - INFO - Dynamic threshold set to: 0.908
2024-08-27 13:19:46,066 - INFO - Model trained and saved successfully for subset 2.
2024-08-27 13:19:46,067 - INFO - ---------------------------
2024-08-27 13:19:46,070 - INFO - TRAIN MODEL STAGE COMPLETED FOR SUBSET 2
2024-08-27 13:19:46,071 - INFO - ---------------------------
2024-08-27 13:19:46,072 - INFO - --------------------------------
2024-08-27 13:19:46,073 - INFO - EVALUATE MODEL STAGE STARTING FOR SUBSET 2...
2024-08-27 13:19:46,074 - INFO - --------------------------------
2024-08-27 13:19:46,094 - INFO - ROC AUC Score: 0.7144225244206092
2024-08-27 13:19:46,095 - INFO - Confusion Matrix: 
[[ 20   3]
 [103 124]]
2024-08-27 13:19:46,095 - INFO - Precision: 0.9763779527559056
2024-08-27 13:19:46,096 - INFO - Recall: 0.5462555066079295
2024-08-27 13:19:46,096 - INFO - Model evaluated successfully for subset 2.
2024-08-27 13:19:46,097 - INFO - ------------------------------
2024-08-27 13:19:46,097 - INFO - EVALUATE MODEL STAGE COMPLETED FOR SUBSET 2
2024-08-27 13:19:46,097 - INFO - ------------------------------
2024-08-27 13:19:46,098 - INFO - Subset 3 demographic makeup: 600 1, 199 3, 117 2, 84 4
2024-08-27 13:19:46,098 - INFO - Processing subset 3...
2024-08-27 13:19:46,099 - INFO - -----------------------------
2024-08-27 13:19:46,099 - INFO - TRAIN MODEL STAGE STARTING FOR SUBSET 3...
2024-08-27 13:19:46,100 - INFO - -----------------------------
2024-08-27 13:19:46,109 - INFO - Scaling features and applying LASSO for feature selection...
2024-08-27 13:19:48,287 - INFO - Selected features (including required): ['who', 'RaceEth', 'age', 'is_female', 'is_hispanic', 'unemployed', 'unstableliving', 'education', 'marital', 'UDS_Amphetamine_Count', 'UDS_Benzodiazepine_Count', 'UDS_Buprenorphine_Count', 'UDS_Cocaine_Count', 'UDS_Methadone_Count', 'UDS_Opioid_Count', 'UDS_Sedatives_Count', 'UDS_Thc_Count', 'pain', 'has_schizophrenia', 'has_major_dep', 'has_bipolar', 'has_anx_pan', 'has_brain_damage', 'has_epilepsy', 'has_alcol_dx', 'has_amphetamines_dx', 'has_cannabis_dx', 'has_cocaine_dx', 'has_sedatives_dx', 'ftnd', 'XTRT', 'shared', 'rbsivheroin', 'TLFB_Alcohol_Count', 'TLFB_Amphetamine_Count', 'TLFB_Benzodiazepine_Count', 'TLFB_Buprenorphine_Count', 'TLFB_Cocaine_Count', 'TLFB_Heroin_Count', 'TLFB_Methadone_Count', 'TLFB_Opioid_Count', 'TLFB_THC_Count', 'TLFB_Other', 'Homosexual_Behavior', 'Non_monogamous_Relationships']
2024-08-27 13:19:48,293 - INFO - Fitting logistic regression model with the selected features...
2024-08-27 13:19:48,732 - INFO - Model training completed successfully.
2024-08-27 13:19:48,733 - INFO - Calculating the dynamic threshold based on the proportion of positive outcomes...
2024-08-27 13:19:48,733 - INFO - Ratio of 1s to 0s in the outcome variable: 0.90 : 0.10
2024-08-27 13:19:48,733 - INFO - Dynamic threshold set to: 0.9
2024-08-27 13:19:48,733 - INFO - Model trained and saved successfully for subset 3.
2024-08-27 13:19:48,733 - INFO - ---------------------------
2024-08-27 13:19:48,733 - INFO - TRAIN MODEL STAGE COMPLETED FOR SUBSET 3
2024-08-27 13:19:48,733 - INFO - ---------------------------
2024-08-27 13:19:48,733 - INFO - --------------------------------
2024-08-27 13:19:48,733 - INFO - EVALUATE MODEL STAGE STARTING FOR SUBSET 3...
2024-08-27 13:19:48,733 - INFO - --------------------------------
2024-08-27 13:19:48,745 - INFO - ROC AUC Score: 0.7047111111111112
2024-08-27 13:19:48,745 - INFO - Confusion Matrix: 
[[ 18   7]
 [ 82 143]]
2024-08-27 13:19:48,746 - INFO - Precision: 0.9533333333333334
2024-08-27 13:19:48,746 - INFO - Recall: 0.6355555555555555
2024-08-27 13:19:48,746 - INFO - Model evaluated successfully for subset 3.
2024-08-27 13:19:48,746 - INFO - ------------------------------
2024-08-27 13:19:48,746 - INFO - EVALUATE MODEL STAGE COMPLETED FOR SUBSET 3
2024-08-27 13:19:48,746 - INFO - ------------------------------
2024-08-27 13:19:48,747 - INFO - Subset 4 demographic makeup: 650 1, 174 3, 102 2, 74 4
2024-08-27 13:19:48,747 - INFO - Processing subset 4...
2024-08-27 13:19:48,747 - INFO - -----------------------------
2024-08-27 13:19:48,747 - INFO - TRAIN MODEL STAGE STARTING FOR SUBSET 4...
2024-08-27 13:19:48,747 - INFO - -----------------------------
2024-08-27 13:19:48,755 - INFO - Scaling features and applying LASSO for feature selection...
2024-08-27 13:19:51,951 - INFO - Selected features (including required): ['who', 'RaceEth', 'age', 'is_female', 'is_hispanic', 'unemployed', 'unstableliving', 'education', 'marital', 'UDS_Amphetamine_Count', 'UDS_Benzodiazepine_Count', 'UDS_Buprenorphine_Count', 'UDS_Cocaine_Count', 'UDS_Methadone_Count', 'UDS_Opioid_Count', 'UDS_Sedatives_Count', 'UDS_Thc_Count', 'pain', 'has_schizophrenia', 'has_major_dep', 'has_bipolar', 'has_anx_pan', 'has_brain_damage', 'has_epilepsy', 'has_alcol_dx', 'has_amphetamines_dx', 'has_cannabis_dx', 'has_cocaine_dx', 'has_sedatives_dx', 'ftnd', 'XTRT', 'shared', 'rbsivheroin', 'TLFB_Alcohol_Count', 'TLFB_Amphetamine_Count', 'TLFB_Benzodiazepine_Count', 'TLFB_Buprenorphine_Count', 'TLFB_Cocaine_Count', 'TLFB_Heroin_Count', 'TLFB_Methadone_Count', 'TLFB_Opioid_Count', 'TLFB_THC_Count', 'TLFB_Other', 'Homosexual_Behavior', 'Non_monogamous_Relationships']
2024-08-27 13:19:51,958 - INFO - Fitting logistic regression model with the selected features...
2024-08-27 13:19:52,906 - INFO - Model training completed successfully.
2024-08-27 13:19:52,906 - INFO - Calculating the dynamic threshold based on the proportion of positive outcomes...
2024-08-27 13:19:52,907 - INFO - Ratio of 1s to 0s in the outcome variable: 0.92 : 0.08
2024-08-27 13:19:52,907 - INFO - Dynamic threshold set to: 0.916
2024-08-27 13:19:52,908 - INFO - Model trained and saved successfully for subset 4.
2024-08-27 13:19:52,908 - INFO - ---------------------------
2024-08-27 13:19:52,909 - INFO - TRAIN MODEL STAGE COMPLETED FOR SUBSET 4
2024-08-27 13:19:52,911 - INFO - ---------------------------
2024-08-27 13:19:52,914 - INFO - --------------------------------
2024-08-27 13:19:52,914 - INFO - EVALUATE MODEL STAGE STARTING FOR SUBSET 4...
2024-08-27 13:19:52,915 - INFO - --------------------------------
2024-08-27 13:19:52,933 - INFO - ROC AUC Score: 0.6065710126845497
2024-08-27 13:19:52,934 - INFO - Confusion Matrix: 
[[ 12   9]
 [100 129]]
2024-08-27 13:19:52,934 - INFO - Precision: 0.9347826086956522
2024-08-27 13:19:52,942 - INFO - Recall: 0.5633187772925764
2024-08-27 13:19:52,943 - INFO - Model evaluated successfully for subset 4.
2024-08-27 13:19:52,943 - INFO - ------------------------------
2024-08-27 13:19:52,943 - INFO - EVALUATE MODEL STAGE COMPLETED FOR SUBSET 4
2024-08-27 13:19:52,944 - INFO - ------------------------------
2024-08-27 13:19:52,945 - INFO - Subset 5 demographic makeup: 700 1, 148 3, 86 2, 66 4
2024-08-27 13:19:52,945 - INFO - Processing subset 5...
2024-08-27 13:19:52,945 - INFO - -----------------------------
2024-08-27 13:19:52,946 - INFO - TRAIN MODEL STAGE STARTING FOR SUBSET 5...
2024-08-27 13:19:52,946 - INFO - -----------------------------
2024-08-27 13:19:52,961 - INFO - Scaling features and applying LASSO for feature selection...
2024-08-27 13:19:55,262 - INFO - Selected features (including required): ['who', 'RaceEth', 'age', 'is_female', 'is_hispanic', 'unemployed', 'unstableliving', 'education', 'marital', 'UDS_Amphetamine_Count', 'UDS_Benzodiazepine_Count', 'UDS_Buprenorphine_Count', 'UDS_Cocaine_Count', 'UDS_Methadone_Count', 'UDS_Opioid_Count', 'UDS_Sedatives_Count', 'UDS_Thc_Count', 'pain', 'has_schizophrenia', 'has_major_dep', 'has_bipolar', 'has_anx_pan', 'has_brain_damage', 'has_epilepsy', 'has_alcol_dx', 'has_amphetamines_dx', 'has_cannabis_dx', 'has_cocaine_dx', 'has_sedatives_dx', 'ftnd', 'XTRT', 'shared', 'rbsivheroin', 'TLFB_Alcohol_Count', 'TLFB_Amphetamine_Count', 'TLFB_Benzodiazepine_Count', 'TLFB_Buprenorphine_Count', 'TLFB_Cocaine_Count', 'TLFB_Heroin_Count', 'TLFB_Methadone_Count', 'TLFB_Opioid_Count', 'TLFB_THC_Count', 'TLFB_Other', 'Homosexual_Behavior', 'Non_monogamous_Relationships']
2024-08-27 13:19:55,267 - INFO - Fitting logistic regression model with the selected features...
2024-08-27 13:19:56,153 - INFO - Model training completed successfully.
2024-08-27 13:19:56,153 - INFO - Calculating the dynamic threshold based on the proportion of positive outcomes...
2024-08-27 13:19:56,154 - INFO - Ratio of 1s to 0s in the outcome variable: 0.91 : 0.09
2024-08-27 13:19:56,154 - INFO - Dynamic threshold set to: 0.912
2024-08-27 13:19:56,154 - INFO - Model trained and saved successfully for subset 5.
2024-08-27 13:19:56,154 - INFO - ---------------------------
2024-08-27 13:19:56,154 - INFO - TRAIN MODEL STAGE COMPLETED FOR SUBSET 5
2024-08-27 13:19:56,154 - INFO - ---------------------------
2024-08-27 13:19:56,154 - INFO - --------------------------------
2024-08-27 13:19:56,154 - INFO - EVALUATE MODEL STAGE STARTING FOR SUBSET 5...
2024-08-27 13:19:56,154 - INFO - --------------------------------
2024-08-27 13:19:56,167 - INFO - ROC AUC Score: 0.5311004784688995
2024-08-27 13:19:56,167 - INFO - Confusion Matrix: 
[[ 12  10]
 [ 83 145]]
2024-08-27 13:19:56,167 - INFO - Precision: 0.9354838709677419
2024-08-27 13:19:56,167 - INFO - Recall: 0.6359649122807017
2024-08-27 13:19:56,167 - INFO - Model evaluated successfully for subset 5.
2024-08-27 13:19:56,168 - INFO - ------------------------------
2024-08-27 13:19:56,168 - INFO - EVALUATE MODEL STAGE COMPLETED FOR SUBSET 5
2024-08-27 13:19:56,168 - INFO - ------------------------------
2024-08-27 13:19:56,169 - INFO - Subset 6 demographic makeup: 750 1, 122 3, 72 2, 56 4
2024-08-27 13:19:56,169 - INFO - Processing subset 6...
2024-08-27 13:19:56,169 - INFO - -----------------------------
2024-08-27 13:19:56,169 - INFO - TRAIN MODEL STAGE STARTING FOR SUBSET 6...
2024-08-27 13:19:56,169 - INFO - -----------------------------
2024-08-27 13:19:56,175 - INFO - Scaling features and applying LASSO for feature selection...
2024-08-27 13:19:58,451 - INFO - Selected features (including required): ['who', 'RaceEth', 'age', 'is_female', 'is_hispanic', 'unemployed', 'unstableliving', 'education', 'marital', 'UDS_Amphetamine_Count', 'UDS_Benzodiazepine_Count', 'UDS_Buprenorphine_Count', 'UDS_Cocaine_Count', 'UDS_Methadone_Count', 'UDS_Opioid_Count', 'UDS_Sedatives_Count', 'UDS_Thc_Count', 'pain', 'has_schizophrenia', 'has_major_dep', 'has_bipolar', 'has_anx_pan', 'has_brain_damage', 'has_epilepsy', 'has_alcol_dx', 'has_amphetamines_dx', 'has_cannabis_dx', 'has_cocaine_dx', 'has_sedatives_dx', 'ftnd', 'XTRT', 'shared', 'rbsivheroin', 'TLFB_Alcohol_Count', 'TLFB_Amphetamine_Count', 'TLFB_Benzodiazepine_Count', 'TLFB_Buprenorphine_Count', 'TLFB_Cocaine_Count', 'TLFB_Heroin_Count', 'TLFB_Methadone_Count', 'TLFB_Opioid_Count', 'TLFB_THC_Count', 'TLFB_Other', 'Homosexual_Behavior', 'Non_monogamous_Relationships']
2024-08-27 13:19:58,456 - INFO - Fitting logistic regression model with the selected features...
2024-08-27 13:19:59,380 - INFO - Model training completed successfully.
2024-08-27 13:19:59,385 - INFO - Calculating the dynamic threshold based on the proportion of positive outcomes...
2024-08-27 13:19:59,385 - INFO - Ratio of 1s to 0s in the outcome variable: 0.90 : 0.10
2024-08-27 13:19:59,385 - INFO - Dynamic threshold set to: 0.9
2024-08-27 13:19:59,386 - INFO - Model trained and saved successfully for subset 6.
2024-08-27 13:19:59,386 - INFO - ---------------------------
2024-08-27 13:19:59,386 - INFO - TRAIN MODEL STAGE COMPLETED FOR SUBSET 6
2024-08-27 13:19:59,386 - INFO - ---------------------------
2024-08-27 13:19:59,386 - INFO - --------------------------------
2024-08-27 13:19:59,386 - INFO - EVALUATE MODEL STAGE STARTING FOR SUBSET 6...
2024-08-27 13:19:59,386 - INFO - --------------------------------
2024-08-27 13:19:59,398 - INFO - ROC AUC Score: 0.6853333333333333
2024-08-27 13:19:59,398 - INFO - Confusion Matrix: 
[[ 16   9]
 [ 66 159]]
2024-08-27 13:19:59,398 - INFO - Precision: 0.9464285714285714
2024-08-27 13:19:59,398 - INFO - Recall: 0.7066666666666667
2024-08-27 13:19:59,398 - INFO - Model evaluated successfully for subset 6.
2024-08-27 13:19:59,399 - INFO - ------------------------------
2024-08-27 13:19:59,399 - INFO - EVALUATE MODEL STAGE COMPLETED FOR SUBSET 6
2024-08-27 13:19:59,399 - INFO - ------------------------------
2024-08-27 13:19:59,401 - INFO - Subset 7 demographic makeup: 800 1, 96 3, 59 2, 45 4
2024-08-27 13:19:59,401 - INFO - Processing subset 7...
2024-08-27 13:19:59,401 - INFO - -----------------------------
2024-08-27 13:19:59,402 - INFO - TRAIN MODEL STAGE STARTING FOR SUBSET 7...
2024-08-27 13:19:59,406 - INFO - -----------------------------
2024-08-27 13:19:59,416 - INFO - Scaling features and applying LASSO for feature selection...
2024-08-27 13:20:03,990 - INFO - Selected features (including required): ['who', 'RaceEth', 'age', 'is_female', 'is_hispanic', 'unemployed', 'unstableliving', 'education', 'marital', 'UDS_Amphetamine_Count', 'UDS_Benzodiazepine_Count', 'UDS_Buprenorphine_Count', 'UDS_Cocaine_Count', 'UDS_Methadone_Count', 'UDS_Opioid_Count', 'UDS_Sedatives_Count', 'UDS_Thc_Count', 'pain', 'has_schizophrenia', 'has_major_dep', 'has_bipolar', 'has_anx_pan', 'has_brain_damage', 'has_epilepsy', 'has_alcol_dx', 'has_amphetamines_dx', 'has_cannabis_dx', 'has_cocaine_dx', 'has_sedatives_dx', 'ftnd', 'XTRT', 'shared', 'rbsivheroin', 'TLFB_Alcohol_Count', 'TLFB_Amphetamine_Count', 'TLFB_Benzodiazepine_Count', 'TLFB_Buprenorphine_Count', 'TLFB_Cocaine_Count', 'TLFB_Heroin_Count', 'TLFB_Methadone_Count', 'TLFB_Opioid_Count', 'TLFB_THC_Count', 'TLFB_Other', 'Homosexual_Behavior', 'Non_monogamous_Relationships']
2024-08-27 13:20:03,996 - INFO - Fitting logistic regression model with the selected features...
2024-08-27 13:20:04,743 - INFO - Model training completed successfully.
2024-08-27 13:20:04,743 - INFO - Calculating the dynamic threshold based on the proportion of positive outcomes...
2024-08-27 13:20:04,744 - INFO - Ratio of 1s to 0s in the outcome variable: 0.90 : 0.10
2024-08-27 13:20:04,744 - INFO - Dynamic threshold set to: 0.896
2024-08-27 13:20:04,745 - INFO - Model trained and saved successfully for subset 7.
2024-08-27 13:20:04,746 - INFO - ---------------------------
2024-08-27 13:20:04,749 - INFO - TRAIN MODEL STAGE COMPLETED FOR SUBSET 7
2024-08-27 13:20:04,749 - INFO - ---------------------------
2024-08-27 13:20:04,750 - INFO - --------------------------------
2024-08-27 13:20:04,751 - INFO - EVALUATE MODEL STAGE STARTING FOR SUBSET 7...
2024-08-27 13:20:04,751 - INFO - --------------------------------
2024-08-27 13:20:04,770 - INFO - ROC AUC Score: 0.7113667582417582
2024-08-27 13:20:04,770 - INFO - Confusion Matrix: 
[[ 15  11]
 [ 61 163]]
2024-08-27 13:20:04,771 - INFO - Precision: 0.9367816091954023
2024-08-27 13:20:04,771 - INFO - Recall: 0.7276785714285714
2024-08-27 13:20:04,772 - INFO - Model evaluated successfully for subset 7.
2024-08-27 13:20:04,774 - INFO - ------------------------------
2024-08-27 13:20:04,777 - INFO - EVALUATE MODEL STAGE COMPLETED FOR SUBSET 7
2024-08-27 13:20:04,778 - INFO - ------------------------------
2024-08-27 13:20:04,780 - INFO - Subset 8 demographic makeup: 850 1, 69 3, 44 2, 37 4
2024-08-27 13:20:04,781 - INFO - Processing subset 8...
2024-08-27 13:20:04,788 - INFO - -----------------------------
2024-08-27 13:20:04,790 - INFO - TRAIN MODEL STAGE STARTING FOR SUBSET 8...
2024-08-27 13:20:04,791 - INFO - -----------------------------
2024-08-27 13:20:04,803 - INFO - Scaling features and applying LASSO for feature selection...
2024-08-27 13:20:07,571 - INFO - Selected features (including required): ['who', 'RaceEth', 'age', 'is_female', 'is_hispanic', 'unemployed', 'unstableliving', 'education', 'marital', 'UDS_Amphetamine_Count', 'UDS_Benzodiazepine_Count', 'UDS_Buprenorphine_Count', 'UDS_Cocaine_Count', 'UDS_Methadone_Count', 'UDS_Opioid_Count', 'UDS_Sedatives_Count', 'UDS_Thc_Count', 'pain', 'has_schizophrenia', 'has_major_dep', 'has_bipolar', 'has_anx_pan', 'has_brain_damage', 'has_epilepsy', 'has_alcol_dx', 'has_amphetamines_dx', 'has_cannabis_dx', 'has_cocaine_dx', 'has_sedatives_dx', 'ftnd', 'XTRT', 'shared', 'rbsivheroin', 'TLFB_Alcohol_Count', 'TLFB_Amphetamine_Count', 'TLFB_Benzodiazepine_Count', 'TLFB_Buprenorphine_Count', 'TLFB_Cocaine_Count', 'TLFB_Heroin_Count', 'TLFB_Methadone_Count', 'TLFB_Opioid_Count', 'TLFB_THC_Count', 'TLFB_Other', 'Homosexual_Behavior', 'Non_monogamous_Relationships']
2024-08-27 13:20:07,582 - INFO - Fitting logistic regression model with the selected features...
2024-08-27 13:20:08,238 - INFO - Model training completed successfully.
2024-08-27 13:20:08,239 - INFO - Calculating the dynamic threshold based on the proportion of positive outcomes...
2024-08-27 13:20:08,239 - INFO - Ratio of 1s to 0s in the outcome variable: 0.91 : 0.09
2024-08-27 13:20:08,240 - INFO - Dynamic threshold set to: 0.908
2024-08-27 13:20:08,240 - INFO - Model trained and saved successfully for subset 8.
2024-08-27 13:20:08,241 - INFO - ---------------------------
2024-08-27 13:20:08,242 - INFO - TRAIN MODEL STAGE COMPLETED FOR SUBSET 8
2024-08-27 13:20:08,244 - INFO - ---------------------------
2024-08-27 13:20:08,245 - INFO - --------------------------------
2024-08-27 13:20:08,245 - INFO - EVALUATE MODEL STAGE STARTING FOR SUBSET 8...
2024-08-27 13:20:08,245 - INFO - --------------------------------
2024-08-27 13:20:08,259 - INFO - ROC AUC Score: 0.7617314690672284
2024-08-27 13:20:08,260 - INFO - Confusion Matrix: 
[[ 19   4]
 [ 97 130]]
2024-08-27 13:20:08,260 - INFO - Precision: 0.9701492537313433
2024-08-27 13:20:08,260 - INFO - Recall: 0.5726872246696035
2024-08-27 13:20:08,260 - INFO - Model evaluated successfully for subset 8.
2024-08-27 13:20:08,260 - INFO - ------------------------------
2024-08-27 13:20:08,260 - INFO - EVALUATE MODEL STAGE COMPLETED FOR SUBSET 8
2024-08-27 13:20:08,260 - INFO - ------------------------------
2024-08-27 13:20:08,261 - INFO - Subset 9 demographic makeup: 900 1, 47 3, 30 2, 23 4
2024-08-27 13:20:08,261 - INFO - Processing subset 9...
2024-08-27 13:20:08,261 - INFO - -----------------------------
2024-08-27 13:20:08,261 - INFO - TRAIN MODEL STAGE STARTING FOR SUBSET 9...
2024-08-27 13:20:08,262 - INFO - -----------------------------
2024-08-27 13:20:08,267 - INFO - Scaling features and applying LASSO for feature selection...
2024-08-27 13:20:09,639 - INFO - Selected features (including required): ['who', 'RaceEth', 'age', 'is_female', 'is_hispanic', 'unemployed', 'unstableliving', 'education', 'marital', 'UDS_Amphetamine_Count', 'UDS_Benzodiazepine_Count', 'UDS_Buprenorphine_Count', 'UDS_Cocaine_Count', 'UDS_Methadone_Count', 'UDS_Opioid_Count', 'UDS_Sedatives_Count', 'UDS_Thc_Count', 'pain', 'has_schizophrenia', 'has_major_dep', 'has_bipolar', 'has_anx_pan', 'has_brain_damage', 'has_epilepsy', 'has_alcol_dx', 'has_amphetamines_dx', 'has_cannabis_dx', 'has_cocaine_dx', 'has_sedatives_dx', 'ftnd', 'XTRT', 'shared', 'rbsivheroin', 'TLFB_Alcohol_Count', 'TLFB_Amphetamine_Count', 'TLFB_Benzodiazepine_Count', 'TLFB_Buprenorphine_Count', 'TLFB_Cocaine_Count', 'TLFB_Heroin_Count', 'TLFB_Methadone_Count', 'TLFB_Opioid_Count', 'TLFB_THC_Count', 'TLFB_Other', 'Homosexual_Behavior', 'Non_monogamous_Relationships']
2024-08-27 13:20:09,645 - INFO - Fitting logistic regression model with the selected features...
2024-08-27 13:20:10,465 - INFO - Model training completed successfully.
2024-08-27 13:20:10,465 - INFO - Calculating the dynamic threshold based on the proportion of positive outcomes...
2024-08-27 13:20:10,466 - INFO - Ratio of 1s to 0s in the outcome variable: 0.91 : 0.09
2024-08-27 13:20:10,466 - INFO - Dynamic threshold set to: 0.912
2024-08-27 13:20:10,467 - INFO - Model trained and saved successfully for subset 9.
2024-08-27 13:20:10,468 - INFO - ---------------------------
2024-08-27 13:20:10,469 - INFO - TRAIN MODEL STAGE COMPLETED FOR SUBSET 9
2024-08-27 13:20:10,471 - INFO - ---------------------------
2024-08-27 13:20:10,471 - INFO - --------------------------------
2024-08-27 13:20:10,472 - INFO - EVALUATE MODEL STAGE STARTING FOR SUBSET 9...
2024-08-27 13:20:10,472 - INFO - --------------------------------
2024-08-27 13:20:10,488 - INFO - ROC AUC Score: 0.6385566188197767
2024-08-27 13:20:10,489 - INFO - Confusion Matrix: 
[[ 14   8]
 [ 96 132]]
2024-08-27 13:20:10,489 - INFO - Precision: 0.9428571428571428
2024-08-27 13:20:10,490 - INFO - Recall: 0.5789473684210527
2024-08-27 13:20:10,490 - INFO - Model evaluated successfully for subset 9.
2024-08-27 13:20:10,490 - INFO - ------------------------------
2024-08-27 13:20:10,491 - INFO - EVALUATE MODEL STAGE COMPLETED FOR SUBSET 9
2024-08-27 13:20:10,491 - INFO - ------------------------------
2024-08-27 13:20:10,492 - INFO - Subset 10 demographic makeup: 950 1, 24 3, 16 2, 10 4
2024-08-27 13:20:10,492 - INFO - Processing subset 10...
2024-08-27 13:20:10,493 - INFO - -----------------------------
2024-08-27 13:20:10,493 - INFO - TRAIN MODEL STAGE STARTING FOR SUBSET 10...
2024-08-27 13:20:10,494 - INFO - -----------------------------
2024-08-27 13:20:10,503 - INFO - Scaling features and applying LASSO for feature selection...
2024-08-27 13:20:14,465 - INFO - Selected features (including required): ['who', 'RaceEth', 'age', 'is_female', 'is_hispanic', 'unemployed', 'unstableliving', 'education', 'marital', 'UDS_Amphetamine_Count', 'UDS_Benzodiazepine_Count', 'UDS_Buprenorphine_Count', 'UDS_Cocaine_Count', 'UDS_Methadone_Count', 'UDS_Opioid_Count', 'UDS_Sedatives_Count', 'UDS_Thc_Count', 'pain', 'has_schizophrenia', 'has_major_dep', 'has_bipolar', 'has_anx_pan', 'has_brain_damage', 'has_epilepsy', 'has_alcol_dx', 'has_amphetamines_dx', 'has_cannabis_dx', 'has_cocaine_dx', 'has_sedatives_dx', 'ftnd', 'XTRT', 'shared', 'rbsivheroin', 'TLFB_Alcohol_Count', 'TLFB_Amphetamine_Count', 'TLFB_Benzodiazepine_Count', 'TLFB_Buprenorphine_Count', 'TLFB_Cocaine_Count', 'TLFB_Heroin_Count', 'TLFB_Methadone_Count', 'TLFB_Opioid_Count', 'TLFB_THC_Count', 'TLFB_Other', 'Homosexual_Behavior', 'Non_monogamous_Relationships']
2024-08-27 13:20:14,470 - INFO - Fitting logistic regression model with the selected features...
2024-08-27 13:20:15,161 - INFO - Model training completed successfully.
2024-08-27 13:20:15,161 - INFO - Calculating the dynamic threshold based on the proportion of positive outcomes...
2024-08-27 13:20:15,161 - INFO - Ratio of 1s to 0s in the outcome variable: 0.91 : 0.09
2024-08-27 13:20:15,161 - INFO - Dynamic threshold set to: 0.912
2024-08-27 13:20:15,161 - INFO - Model trained and saved successfully for subset 10.
2024-08-27 13:20:15,161 - INFO - ---------------------------
2024-08-27 13:20:15,161 - INFO - TRAIN MODEL STAGE COMPLETED FOR SUBSET 10
2024-08-27 13:20:15,162 - INFO - ---------------------------
2024-08-27 13:20:15,162 - INFO - --------------------------------
2024-08-27 13:20:15,162 - INFO - EVALUATE MODEL STAGE STARTING FOR SUBSET 10...
2024-08-27 13:20:15,162 - INFO - --------------------------------
2024-08-27 13:20:15,174 - INFO - ROC AUC Score: 0.5727671451355661
2024-08-27 13:20:15,174 - INFO - Confusion Matrix: 
[[  9  13]
 [ 76 152]]
2024-08-27 13:20:15,174 - INFO - Precision: 0.9212121212121213
2024-08-27 13:20:15,174 - INFO - Recall: 0.6666666666666666
2024-08-27 13:20:15,175 - INFO - Model evaluated successfully for subset 10.
2024-08-27 13:20:15,175 - INFO - ------------------------------
2024-08-27 13:20:15,175 - INFO - EVALUATE MODEL STAGE COMPLETED FOR SUBSET 10
2024-08-27 13:20:15,175 - INFO - ------------------------------
2024-08-27 13:20:15,176 - INFO - Subset 11 demographic makeup: 1000 1
2024-08-27 13:20:15,176 - INFO - Processing subset 11...
2024-08-27 13:20:15,179 - INFO - -----------------------------
2024-08-27 13:20:15,186 - INFO - TRAIN MODEL STAGE STARTING FOR SUBSET 11...
2024-08-27 13:20:15,186 - INFO - -----------------------------
2024-08-27 13:20:15,193 - INFO - Scaling features and applying LASSO for feature selection...
2024-08-27 13:20:16,665 - INFO - Selected features (including required): ['who', 'age', 'is_female', 'unemployed', 'unstableliving', 'education', 'marital', 'UDS_Amphetamine_Count', 'UDS_Benzodiazepine_Count', 'UDS_Buprenorphine_Count', 'UDS_Cocaine_Count', 'UDS_Methadone_Count', 'UDS_Opioid_Count', 'UDS_Sedatives_Count', 'UDS_Thc_Count', 'pain', 'has_schizophrenia', 'has_major_dep', 'has_bipolar', 'has_anx_pan', 'has_brain_damage', 'has_epilepsy', 'has_alcol_dx', 'has_amphetamines_dx', 'has_cannabis_dx', 'has_cocaine_dx', 'has_sedatives_dx', 'ftnd', 'XTRT', 'shared', 'rbsivheroin', 'TLFB_Alcohol_Count', 'TLFB_Amphetamine_Count', 'TLFB_Benzodiazepine_Count', 'TLFB_Buprenorphine_Count', 'TLFB_Cocaine_Count', 'TLFB_Heroin_Count', 'TLFB_Methadone_Count', 'TLFB_Opioid_Count', 'TLFB_THC_Count', 'TLFB_Other', 'Homosexual_Behavior', 'Non_monogamous_Relationships']
2024-08-27 13:20:16,670 - INFO - Fitting logistic regression model with the selected features...
2024-08-27 13:20:17,431 - INFO - Model training completed successfully.
2024-08-27 13:20:17,431 - INFO - Calculating the dynamic threshold based on the proportion of positive outcomes...
2024-08-27 13:20:17,431 - INFO - Ratio of 1s to 0s in the outcome variable: 0.86 : 0.14
2024-08-27 13:20:17,431 - INFO - Dynamic threshold set to: 0.86
2024-08-27 13:20:17,431 - INFO - Model trained and saved successfully for subset 11.
2024-08-27 13:20:17,432 - INFO - ---------------------------
2024-08-27 13:20:17,432 - INFO - TRAIN MODEL STAGE COMPLETED FOR SUBSET 11
2024-08-27 13:20:17,432 - INFO - ---------------------------
2024-08-27 13:20:17,432 - INFO - --------------------------------
2024-08-27 13:20:17,432 - INFO - EVALUATE MODEL STAGE STARTING FOR SUBSET 11...
2024-08-27 13:20:17,432 - INFO - --------------------------------
2024-08-27 13:20:17,443 - INFO - ROC AUC Score: 0.6849169435215946
2024-08-27 13:20:17,444 - INFO - Confusion Matrix: 
[[ 12  23]
 [ 47 168]]
2024-08-27 13:20:17,444 - INFO - Precision: 0.8795811518324608
2024-08-27 13:20:17,445 - INFO - Recall: 0.7813953488372093
2024-08-27 13:20:17,445 - INFO - Model evaluated successfully for subset 11.
2024-08-27 13:20:17,446 - INFO - ------------------------------
2024-08-27 13:20:17,449 - INFO - EVALUATE MODEL STAGE COMPLETED FOR SUBSET 11
2024-08-27 13:20:17,451 - INFO - ------------------------------
2024-08-27 13:20:17,459 - INFO - Model predictions saved to csv successfully.
2024-08-27 13:20:17,459 - INFO - ------------------
2024-08-27 13:20:17,460 - INFO - PIPELINE COMPLETED
2024-08-27 13:20:17,461 - INFO - ------------------
