2024-08-14 11:36:49,732 - INFO - Global Seed set to: 1
2024-08-14 11:36:49,732 - INFO - Outcome Name: Ab_krupitskyA_2011
2024-08-14 11:36:49,779 - INFO - Datasets loaded successfully.
2024-08-14 11:36:49,783 - INFO - Starting preprocessing of the merged dataset...
2024-08-14 11:36:49,783 - INFO - ---------------------------------
2024-08-14 11:36:49,783 - INFO - PRE-PROCESSING STAGE STARTING...
2024-08-14 11:36:49,783 - INFO - ---------------------------------
2024-08-14 11:36:49,904 - INFO - Dropped initial columns: ['pain_when', 'is_smoker', 'per_day', 'max', 'amount', 'depression', 'anxiety', 'schizophrenia', 'max', 'amount', 'cocaine_inject_days', 'speedball_inject_days', 'opioid_inject_days', 'speed_inject_days', 'UDS_Alcohol_Count', 'UDS_Mdma/Hallucinogen_Count']
2024-08-14 11:36:49,947 - INFO - Converted Yes/No to binary.
2024-08-14 11:36:49,954 - INFO - Processed TLFB columns with specified columns: ['TLFB_Alcohol_Count', 'TLFB_Amphetamine_Count', 'TLFB_Cocaine_Count', 'TLFB_Heroin_Count', 'TLFB_Benzodiazepine_Count', 'TLFB_Opioid_Count', 'TLFB_THC_Count', 'TLFB_Methadone_Count', 'TLFB_Buprenorphine_Count']
2024-08-14 11:36:49,956 - INFO - Calculated behavioral columns.
2024-08-14 11:36:49,958 - INFO - Moved 'Ab_krupitskyA_2011' column to the end.
2024-08-14 11:36:50,047 - INFO - Dropped initial columns: ['msm_npt', 'msm_frq', 'txx_prt']
2024-08-14 11:36:50,065 - INFO - transform_data_with_nan_handling success
2024-08-14 11:36:50,066 - INFO - Renamed columns according to the mapping.
2024-08-14 11:36:50,091 - INFO - Transformed NaN to 0 for binary columns.
2024-08-14 11:36:50,092 - INFO - Transformed and renamed 'heroin_inject_days' column to 'rbsivheroin'.
2024-08-14 11:36:50,093 - INFO - Filled NaN with 0 for 'ftnd' column.
2024-08-14 11:36:50,165 - INFO - Dropped additional columns: ['rbs_iv_days', 'race', 'RBS_cocaine_Days', 'RBS_heroin_Days', 'RBS_opioid_Days', 'RBS_speed_Days', 'RBS_speedball_Days']
2024-08-14 11:36:50,178 - INFO - Converted UDS drug counts to binary.
2024-08-14 11:36:50,239 - INFO - ------------------------------
2024-08-14 11:36:50,239 - INFO - PRE-PROCESSING STAGE COMPLETED
2024-08-14 11:36:50,239 - INFO - ------------------------------
2024-08-14 11:36:50,239 - INFO - Merged dataset preprocessed successfully.
2024-08-14 11:36:50,239 - INFO - Creating demographic subsets from preprocessed data...
2024-08-14 11:36:58,240 - INFO - Created 11 subsets successfully.
2024-08-14 11:36:58,241 - INFO - Creating merged subsets from create_demographics_dfs function
2024-08-14 11:36:58,327 - INFO - Created 11 merged subsets successfully.
2024-08-14 11:36:58,328 - INFO - Subset 1 demographic makeup: 500 1, 239 3, 162 2, 99 4
2024-08-14 11:36:58,328 - INFO - Processing subset 1...
2024-08-14 11:36:58,328 - INFO - -----------------------------
2024-08-14 11:36:58,328 - INFO - TRAIN MODEL STAGE STARTING FOR SUBSET 1...
2024-08-14 11:36:58,328 - INFO - -----------------------------
2024-08-14 11:36:58,334 - INFO - Scaling features and applying LASSO for feature selection...
2024-08-14 11:37:01,853 - INFO - Selected features (including required): ['who', 'RaceEth', 'age', 'is_female', 'is_hispanic', 'unemployed', 'unstableliving', 'education', 'marital', 'UDS_Amphetamine_Count', 'UDS_Benzodiazepine_Count', 'UDS_Buprenorphine_Count', 'UDS_Cocaine_Count', 'UDS_Methadone_Count', 'UDS_Opioid_Count', 'UDS_Sedatives_Count', 'UDS_Thc_Count', 'pain', 'has_schizophrenia', 'has_major_dep', 'has_bipolar', 'has_anx_pan', 'has_brain_damage', 'has_epilepsy', 'has_alcol_dx', 'has_amphetamines_dx', 'has_cannabis_dx', 'has_cocaine_dx', 'has_sedatives_dx', 'ftnd', 'XTRT', 'shared', 'rbsivheroin', 'TLFB_Alcohol_Count', 'TLFB_Amphetamine_Count', 'TLFB_Benzodiazepine_Count', 'TLFB_Buprenorphine_Count', 'TLFB_Cocaine_Count', 'TLFB_Heroin_Count', 'TLFB_Methadone_Count', 'TLFB_Opioid_Count', 'TLFB_THC_Count', 'TLFB_Other', 'Homosexual_Behavior', 'Non_monogamous_Relationships']
2024-08-14 11:37:01,858 - INFO - Fitting logistic regression model with the selected features...
2024-08-14 11:37:02,795 - INFO - Model training completed successfully.
2024-08-14 11:37:02,795 - INFO - Calculating the dynamic threshold based on the proportion of positive outcomes...
2024-08-14 11:37:02,795 - INFO - Ratio of 1s to 0s in the outcome variable: 0.04 : 0.96
2024-08-14 11:37:02,795 - INFO - Dynamic threshold set to: 0.04
2024-08-14 11:37:02,795 - INFO - Model trained and saved successfully for subset 1.
2024-08-14 11:37:02,795 - INFO - ---------------------------
2024-08-14 11:37:02,796 - INFO - TRAIN MODEL STAGE COMPLETED FOR SUBSET 1
2024-08-14 11:37:02,796 - INFO - ---------------------------
2024-08-14 11:37:02,796 - INFO - --------------------------------
2024-08-14 11:37:02,796 - INFO - EVALUATE MODEL STAGE STARTING FOR SUBSET 1...
2024-08-14 11:37:02,796 - INFO - --------------------------------
2024-08-14 11:37:02,809 - INFO - ROC AUC Score: 0.6179166666666667
2024-08-14 11:37:02,810 - INFO - Confusion Matrix: 
[[154  86]
 [  5   5]]
2024-08-14 11:37:02,810 - INFO - Precision: 0.054945054945054944
2024-08-14 11:37:02,810 - INFO - Recall: 0.5
2024-08-14 11:37:02,810 - INFO - Model evaluated successfully for subset 1.
2024-08-14 11:37:02,810 - INFO - ------------------------------
2024-08-14 11:37:02,810 - INFO - EVALUATE MODEL STAGE COMPLETED FOR SUBSET 1
2024-08-14 11:37:02,810 - INFO - ------------------------------
2024-08-14 11:37:02,811 - INFO - Subset 2 demographic makeup: 550 1, 216 3, 146 2, 88 4
2024-08-14 11:37:02,811 - INFO - Processing subset 2...
2024-08-14 11:37:02,811 - INFO - -----------------------------
2024-08-14 11:37:02,811 - INFO - TRAIN MODEL STAGE STARTING FOR SUBSET 2...
2024-08-14 11:37:02,811 - INFO - -----------------------------
2024-08-14 11:37:02,821 - INFO - Scaling features and applying LASSO for feature selection...
2024-08-14 11:37:06,061 - INFO - Selected features (including required): ['who', 'RaceEth', 'age', 'is_female', 'is_hispanic', 'unemployed', 'unstableliving', 'education', 'marital', 'UDS_Amphetamine_Count', 'UDS_Benzodiazepine_Count', 'UDS_Buprenorphine_Count', 'UDS_Cocaine_Count', 'UDS_Methadone_Count', 'UDS_Opioid_Count', 'UDS_Sedatives_Count', 'UDS_Thc_Count', 'pain', 'has_schizophrenia', 'has_major_dep', 'has_bipolar', 'has_anx_pan', 'has_brain_damage', 'has_epilepsy', 'has_alcol_dx', 'has_amphetamines_dx', 'has_cannabis_dx', 'has_cocaine_dx', 'has_sedatives_dx', 'ftnd', 'XTRT', 'shared', 'rbsivheroin', 'TLFB_Alcohol_Count', 'TLFB_Amphetamine_Count', 'TLFB_Benzodiazepine_Count', 'TLFB_Buprenorphine_Count', 'TLFB_Cocaine_Count', 'TLFB_Heroin_Count', 'TLFB_Methadone_Count', 'TLFB_Opioid_Count', 'TLFB_THC_Count', 'TLFB_Other', 'Homosexual_Behavior', 'Non_monogamous_Relationships']
2024-08-14 11:37:06,066 - INFO - Fitting logistic regression model with the selected features...
2024-08-14 11:37:07,167 - INFO - Model training completed successfully.
2024-08-14 11:37:07,167 - INFO - Calculating the dynamic threshold based on the proportion of positive outcomes...
2024-08-14 11:37:07,168 - INFO - Ratio of 1s to 0s in the outcome variable: 0.05 : 0.95
2024-08-14 11:37:07,168 - INFO - Dynamic threshold set to: 0.052
2024-08-14 11:37:07,168 - INFO - Model trained and saved successfully for subset 2.
2024-08-14 11:37:07,168 - INFO - ---------------------------
2024-08-14 11:37:07,168 - INFO - TRAIN MODEL STAGE COMPLETED FOR SUBSET 2
2024-08-14 11:37:07,168 - INFO - ---------------------------
2024-08-14 11:37:07,168 - INFO - --------------------------------
2024-08-14 11:37:07,168 - INFO - EVALUATE MODEL STAGE STARTING FOR SUBSET 2...
2024-08-14 11:37:07,169 - INFO - --------------------------------
2024-08-14 11:37:07,209 - INFO - ROC AUC Score: 0.6426484907497565
2024-08-14 11:37:07,210 - INFO - Confusion Matrix: 
[[187  50]
 [  8   5]]
2024-08-14 11:37:07,216 - INFO - Precision: 0.09090909090909091
2024-08-14 11:37:07,218 - INFO - Recall: 0.38461538461538464
2024-08-14 11:37:07,219 - INFO - Model evaluated successfully for subset 2.
2024-08-14 11:37:07,220 - INFO - ------------------------------
2024-08-14 11:37:07,220 - INFO - EVALUATE MODEL STAGE COMPLETED FOR SUBSET 2
2024-08-14 11:37:07,226 - INFO - ------------------------------
2024-08-14 11:37:07,244 - INFO - Subset 3 demographic makeup: 600 1, 190 3, 137 2, 73 4
2024-08-14 11:37:07,250 - INFO - Processing subset 3...
2024-08-14 11:37:07,264 - INFO - -----------------------------
2024-08-14 11:37:07,265 - INFO - TRAIN MODEL STAGE STARTING FOR SUBSET 3...
2024-08-14 11:37:07,265 - INFO - -----------------------------
2024-08-14 11:37:07,301 - INFO - Scaling features and applying LASSO for feature selection...
2024-08-14 11:37:10,489 - INFO - Selected features (including required): ['who', 'RaceEth', 'age', 'is_female', 'is_hispanic', 'unemployed', 'unstableliving', 'education', 'marital', 'UDS_Amphetamine_Count', 'UDS_Benzodiazepine_Count', 'UDS_Buprenorphine_Count', 'UDS_Cocaine_Count', 'UDS_Methadone_Count', 'UDS_Opioid_Count', 'UDS_Sedatives_Count', 'UDS_Thc_Count', 'pain', 'has_schizophrenia', 'has_major_dep', 'has_bipolar', 'has_anx_pan', 'has_brain_damage', 'has_epilepsy', 'has_alcol_dx', 'has_amphetamines_dx', 'has_cannabis_dx', 'has_cocaine_dx', 'has_sedatives_dx', 'ftnd', 'XTRT', 'shared', 'rbsivheroin', 'TLFB_Alcohol_Count', 'TLFB_Amphetamine_Count', 'TLFB_Benzodiazepine_Count', 'TLFB_Buprenorphine_Count', 'TLFB_Cocaine_Count', 'TLFB_Heroin_Count', 'TLFB_Methadone_Count', 'TLFB_Opioid_Count', 'TLFB_THC_Count', 'TLFB_Other', 'Homosexual_Behavior', 'Non_monogamous_Relationships']
2024-08-14 11:37:10,500 - INFO - Fitting logistic regression model with the selected features...
2024-08-14 11:37:11,601 - INFO - Model training completed successfully.
2024-08-14 11:37:11,601 - INFO - Calculating the dynamic threshold based on the proportion of positive outcomes...
2024-08-14 11:37:11,601 - INFO - Ratio of 1s to 0s in the outcome variable: 0.04 : 0.96
2024-08-14 11:37:11,601 - INFO - Dynamic threshold set to: 0.04
2024-08-14 11:37:11,601 - INFO - Model trained and saved successfully for subset 3.
2024-08-14 11:37:11,601 - INFO - ---------------------------
2024-08-14 11:37:11,601 - INFO - TRAIN MODEL STAGE COMPLETED FOR SUBSET 3
2024-08-14 11:37:11,602 - INFO - ---------------------------
2024-08-14 11:37:11,602 - INFO - --------------------------------
2024-08-14 11:37:11,602 - INFO - EVALUATE MODEL STAGE STARTING FOR SUBSET 3...
2024-08-14 11:37:11,602 - INFO - --------------------------------
2024-08-14 11:37:11,613 - INFO - ROC AUC Score: 0.47250000000000003
2024-08-14 11:37:11,614 - INFO - Confusion Matrix: 
[[157  83]
 [  7   3]]
2024-08-14 11:37:11,614 - INFO - Precision: 0.03488372093023256
2024-08-14 11:37:11,614 - INFO - Recall: 0.3
2024-08-14 11:37:11,614 - INFO - Model evaluated successfully for subset 3.
2024-08-14 11:37:11,614 - INFO - ------------------------------
2024-08-14 11:37:11,614 - INFO - EVALUATE MODEL STAGE COMPLETED FOR SUBSET 3
2024-08-14 11:37:11,614 - INFO - ------------------------------
2024-08-14 11:37:11,616 - INFO - Subset 4 demographic makeup: 650 1, 169 3, 116 2, 65 4
2024-08-14 11:37:11,616 - INFO - Processing subset 4...
2024-08-14 11:37:11,616 - INFO - -----------------------------
2024-08-14 11:37:11,616 - INFO - TRAIN MODEL STAGE STARTING FOR SUBSET 4...
2024-08-14 11:37:11,616 - INFO - -----------------------------
2024-08-14 11:37:11,627 - INFO - Scaling features and applying LASSO for feature selection...
2024-08-14 11:37:15,174 - INFO - Selected features (including required): ['who', 'RaceEth', 'age', 'is_female', 'is_hispanic', 'unemployed', 'unstableliving', 'education', 'marital', 'UDS_Amphetamine_Count', 'UDS_Benzodiazepine_Count', 'UDS_Buprenorphine_Count', 'UDS_Cocaine_Count', 'UDS_Methadone_Count', 'UDS_Opioid_Count', 'UDS_Sedatives_Count', 'UDS_Thc_Count', 'pain', 'has_schizophrenia', 'has_major_dep', 'has_bipolar', 'has_anx_pan', 'has_brain_damage', 'has_epilepsy', 'has_alcol_dx', 'has_amphetamines_dx', 'has_cannabis_dx', 'has_cocaine_dx', 'has_sedatives_dx', 'ftnd', 'XTRT', 'shared', 'rbsivheroin', 'TLFB_Alcohol_Count', 'TLFB_Amphetamine_Count', 'TLFB_Benzodiazepine_Count', 'TLFB_Buprenorphine_Count', 'TLFB_Cocaine_Count', 'TLFB_Heroin_Count', 'TLFB_Methadone_Count', 'TLFB_Opioid_Count', 'TLFB_THC_Count', 'TLFB_Other', 'Homosexual_Behavior', 'Non_monogamous_Relationships']
2024-08-14 11:37:15,179 - INFO - Fitting logistic regression model with the selected features...
2024-08-14 11:37:15,862 - INFO - Model training completed successfully.
2024-08-14 11:37:15,863 - INFO - Calculating the dynamic threshold based on the proportion of positive outcomes...
2024-08-14 11:37:15,864 - INFO - Ratio of 1s to 0s in the outcome variable: 0.06 : 0.94
2024-08-14 11:37:15,864 - INFO - Dynamic threshold set to: 0.06
2024-08-14 11:37:15,866 - INFO - Model trained and saved successfully for subset 4.
2024-08-14 11:37:15,866 - INFO - ---------------------------
2024-08-14 11:37:15,872 - INFO - TRAIN MODEL STAGE COMPLETED FOR SUBSET 4
2024-08-14 11:37:15,873 - INFO - ---------------------------
2024-08-14 11:37:15,903 - INFO - --------------------------------
2024-08-14 11:37:15,905 - INFO - EVALUATE MODEL STAGE STARTING FOR SUBSET 4...
2024-08-14 11:37:15,906 - INFO - --------------------------------
2024-08-14 11:37:15,965 - INFO - ROC AUC Score: 0.6632624113475177
2024-08-14 11:37:15,978 - INFO - Confusion Matrix: 
[[185  50]
 [  8   7]]
2024-08-14 11:37:15,992 - INFO - Precision: 0.12280701754385964
2024-08-14 11:37:15,993 - INFO - Recall: 0.4666666666666667
2024-08-14 11:37:15,993 - INFO - Model evaluated successfully for subset 4.
2024-08-14 11:37:15,993 - INFO - ------------------------------
2024-08-14 11:37:15,994 - INFO - EVALUATE MODEL STAGE COMPLETED FOR SUBSET 4
2024-08-14 11:37:15,994 - INFO - ------------------------------
2024-08-14 11:37:16,002 - INFO - Subset 5 demographic makeup: 700 1, 147 3, 97 2, 56 4
2024-08-14 11:37:16,010 - INFO - Processing subset 5...
2024-08-14 11:37:16,012 - INFO - -----------------------------
2024-08-14 11:37:16,012 - INFO - TRAIN MODEL STAGE STARTING FOR SUBSET 5...
2024-08-14 11:37:16,015 - INFO - -----------------------------
2024-08-14 11:37:16,032 - INFO - Scaling features and applying LASSO for feature selection...
2024-08-14 11:37:18,972 - INFO - Selected features (including required): ['who', 'RaceEth', 'age', 'is_female', 'is_hispanic', 'unemployed', 'unstableliving', 'education', 'marital', 'UDS_Amphetamine_Count', 'UDS_Benzodiazepine_Count', 'UDS_Buprenorphine_Count', 'UDS_Cocaine_Count', 'UDS_Methadone_Count', 'UDS_Opioid_Count', 'UDS_Sedatives_Count', 'UDS_Thc_Count', 'pain', 'has_schizophrenia', 'has_major_dep', 'has_bipolar', 'has_anx_pan', 'has_brain_damage', 'has_epilepsy', 'has_alcol_dx', 'has_amphetamines_dx', 'has_cannabis_dx', 'has_cocaine_dx', 'has_sedatives_dx', 'ftnd', 'XTRT', 'shared', 'rbsivheroin', 'TLFB_Alcohol_Count', 'TLFB_Amphetamine_Count', 'TLFB_Benzodiazepine_Count', 'TLFB_Buprenorphine_Count', 'TLFB_Cocaine_Count', 'TLFB_Heroin_Count', 'TLFB_Methadone_Count', 'TLFB_Opioid_Count', 'TLFB_THC_Count', 'TLFB_Other', 'Homosexual_Behavior', 'Non_monogamous_Relationships']
2024-08-14 11:37:18,977 - INFO - Fitting logistic regression model with the selected features...
2024-08-14 11:37:19,786 - INFO - Model training completed successfully.
2024-08-14 11:37:19,786 - INFO - Calculating the dynamic threshold based on the proportion of positive outcomes...
2024-08-14 11:37:19,787 - INFO - Ratio of 1s to 0s in the outcome variable: 0.07 : 0.93
2024-08-14 11:37:19,788 - INFO - Dynamic threshold set to: 0.068
2024-08-14 11:37:19,788 - INFO - Model trained and saved successfully for subset 5.
2024-08-14 11:37:19,788 - INFO - ---------------------------
2024-08-14 11:37:19,789 - INFO - TRAIN MODEL STAGE COMPLETED FOR SUBSET 5
2024-08-14 11:37:19,791 - INFO - ---------------------------
2024-08-14 11:37:19,792 - INFO - --------------------------------
2024-08-14 11:37:19,794 - INFO - EVALUATE MODEL STAGE STARTING FOR SUBSET 5...
2024-08-14 11:37:19,794 - INFO - --------------------------------
2024-08-14 11:37:19,820 - INFO - ROC AUC Score: 0.6846755869729866
2024-08-14 11:37:19,821 - INFO - Confusion Matrix: 
[[196  37]
 [  9   8]]
2024-08-14 11:37:19,826 - INFO - Precision: 0.17777777777777778
2024-08-14 11:37:19,831 - INFO - Recall: 0.47058823529411764
2024-08-14 11:37:19,832 - INFO - Model evaluated successfully for subset 5.
2024-08-14 11:37:19,832 - INFO - ------------------------------
2024-08-14 11:37:19,833 - INFO - EVALUATE MODEL STAGE COMPLETED FOR SUBSET 5
2024-08-14 11:37:19,833 - INFO - ------------------------------
2024-08-14 11:37:19,834 - INFO - Subset 6 demographic makeup: 750 1, 125 3, 79 2, 46 4
2024-08-14 11:37:19,834 - INFO - Processing subset 6...
2024-08-14 11:37:19,838 - INFO - -----------------------------
2024-08-14 11:37:19,839 - INFO - TRAIN MODEL STAGE STARTING FOR SUBSET 6...
2024-08-14 11:37:19,841 - INFO - -----------------------------
2024-08-14 11:37:19,851 - INFO - Scaling features and applying LASSO for feature selection...
2024-08-14 11:37:24,501 - INFO - Selected features (including required): ['who', 'RaceEth', 'age', 'is_female', 'is_hispanic', 'unemployed', 'unstableliving', 'education', 'marital', 'UDS_Amphetamine_Count', 'UDS_Benzodiazepine_Count', 'UDS_Buprenorphine_Count', 'UDS_Cocaine_Count', 'UDS_Methadone_Count', 'UDS_Opioid_Count', 'UDS_Sedatives_Count', 'UDS_Thc_Count', 'pain', 'has_schizophrenia', 'has_major_dep', 'has_bipolar', 'has_anx_pan', 'has_brain_damage', 'has_epilepsy', 'has_alcol_dx', 'has_amphetamines_dx', 'has_cannabis_dx', 'has_cocaine_dx', 'has_sedatives_dx', 'ftnd', 'XTRT', 'shared', 'rbsivheroin', 'TLFB_Alcohol_Count', 'TLFB_Amphetamine_Count', 'TLFB_Benzodiazepine_Count', 'TLFB_Buprenorphine_Count', 'TLFB_Cocaine_Count', 'TLFB_Heroin_Count', 'TLFB_Methadone_Count', 'TLFB_Opioid_Count', 'TLFB_THC_Count', 'TLFB_Other', 'Homosexual_Behavior', 'Non_monogamous_Relationships']
2024-08-14 11:37:24,509 - INFO - Fitting logistic regression model with the selected features...
2024-08-14 11:37:25,461 - INFO - Model training completed successfully.
2024-08-14 11:37:25,462 - INFO - Calculating the dynamic threshold based on the proportion of positive outcomes...
2024-08-14 11:37:25,462 - INFO - Ratio of 1s to 0s in the outcome variable: 0.05 : 0.95
2024-08-14 11:37:25,462 - INFO - Dynamic threshold set to: 0.048
2024-08-14 11:37:25,462 - INFO - Model trained and saved successfully for subset 6.
2024-08-14 11:37:25,462 - INFO - ---------------------------
2024-08-14 11:37:25,462 - INFO - TRAIN MODEL STAGE COMPLETED FOR SUBSET 6
2024-08-14 11:37:25,462 - INFO - ---------------------------
2024-08-14 11:37:25,463 - INFO - --------------------------------
2024-08-14 11:37:25,463 - INFO - EVALUATE MODEL STAGE STARTING FOR SUBSET 6...
2024-08-14 11:37:25,463 - INFO - --------------------------------
2024-08-14 11:37:25,475 - INFO - ROC AUC Score: 0.8074229691876751
2024-08-14 11:37:25,476 - INFO - Confusion Matrix: 
[[171  67]
 [  3   9]]
2024-08-14 11:37:25,476 - INFO - Precision: 0.11842105263157894
2024-08-14 11:37:25,476 - INFO - Recall: 0.75
2024-08-14 11:37:25,476 - INFO - Model evaluated successfully for subset 6.
2024-08-14 11:37:25,476 - INFO - ------------------------------
2024-08-14 11:37:25,476 - INFO - EVALUATE MODEL STAGE COMPLETED FOR SUBSET 6
2024-08-14 11:37:25,477 - INFO - ------------------------------
2024-08-14 11:37:25,477 - INFO - Subset 7 demographic makeup: 800 1, 101 3, 68 2, 31 4
2024-08-14 11:37:25,477 - INFO - Processing subset 7...
2024-08-14 11:37:25,478 - INFO - -----------------------------
2024-08-14 11:37:25,478 - INFO - TRAIN MODEL STAGE STARTING FOR SUBSET 7...
2024-08-14 11:37:25,478 - INFO - -----------------------------
2024-08-14 11:37:25,487 - INFO - Scaling features and applying LASSO for feature selection...
2024-08-14 11:37:33,074 - INFO - Selected features (including required): ['who', 'RaceEth', 'age', 'is_female', 'is_hispanic', 'unemployed', 'unstableliving', 'education', 'marital', 'UDS_Amphetamine_Count', 'UDS_Benzodiazepine_Count', 'UDS_Buprenorphine_Count', 'UDS_Cocaine_Count', 'UDS_Methadone_Count', 'UDS_Opioid_Count', 'UDS_Sedatives_Count', 'UDS_Thc_Count', 'pain', 'has_schizophrenia', 'has_major_dep', 'has_bipolar', 'has_anx_pan', 'has_brain_damage', 'has_epilepsy', 'has_alcol_dx', 'has_amphetamines_dx', 'has_cannabis_dx', 'has_cocaine_dx', 'has_sedatives_dx', 'ftnd', 'XTRT', 'shared', 'rbsivheroin', 'TLFB_Alcohol_Count', 'TLFB_Amphetamine_Count', 'TLFB_Benzodiazepine_Count', 'TLFB_Buprenorphine_Count', 'TLFB_Cocaine_Count', 'TLFB_Heroin_Count', 'TLFB_Methadone_Count', 'TLFB_Opioid_Count', 'TLFB_THC_Count', 'TLFB_Other', 'Homosexual_Behavior', 'Non_monogamous_Relationships']
2024-08-14 11:37:33,084 - INFO - Fitting logistic regression model with the selected features...
2024-08-14 11:37:33,932 - INFO - Model training completed successfully.
2024-08-14 11:37:33,932 - INFO - Calculating the dynamic threshold based on the proportion of positive outcomes...
2024-08-14 11:37:33,933 - INFO - Ratio of 1s to 0s in the outcome variable: 0.07 : 0.93
2024-08-14 11:37:33,933 - INFO - Dynamic threshold set to: 0.068
2024-08-14 11:37:33,933 - INFO - Model trained and saved successfully for subset 7.
2024-08-14 11:37:33,933 - INFO - ---------------------------
2024-08-14 11:37:33,933 - INFO - TRAIN MODEL STAGE COMPLETED FOR SUBSET 7
2024-08-14 11:37:33,933 - INFO - ---------------------------
2024-08-14 11:37:33,934 - INFO - --------------------------------
2024-08-14 11:37:33,934 - INFO - EVALUATE MODEL STAGE STARTING FOR SUBSET 7...
2024-08-14 11:37:33,934 - INFO - --------------------------------
2024-08-14 11:37:33,949 - INFO - ROC AUC Score: 0.7063872759404192
2024-08-14 11:37:33,949 - INFO - Confusion Matrix: 
[[197  36]
 [  8   9]]
2024-08-14 11:37:33,949 - INFO - Precision: 0.2
2024-08-14 11:37:33,949 - INFO - Recall: 0.5294117647058824
2024-08-14 11:37:33,949 - INFO - Model evaluated successfully for subset 7.
2024-08-14 11:37:33,949 - INFO - ------------------------------
2024-08-14 11:37:33,949 - INFO - EVALUATE MODEL STAGE COMPLETED FOR SUBSET 7
2024-08-14 11:37:33,949 - INFO - ------------------------------
2024-08-14 11:37:33,950 - INFO - Subset 8 demographic makeup: 850 1, 78 3, 49 2, 23 4
2024-08-14 11:37:33,950 - INFO - Processing subset 8...
2024-08-14 11:37:33,950 - INFO - -----------------------------
2024-08-14 11:37:33,950 - INFO - TRAIN MODEL STAGE STARTING FOR SUBSET 8...
2024-08-14 11:37:33,950 - INFO - -----------------------------
2024-08-14 11:37:33,961 - INFO - Scaling features and applying LASSO for feature selection...
2024-08-14 11:37:38,216 - INFO - Selected features (including required): ['who', 'RaceEth', 'age', 'is_female', 'is_hispanic', 'unemployed', 'unstableliving', 'education', 'marital', 'UDS_Amphetamine_Count', 'UDS_Benzodiazepine_Count', 'UDS_Buprenorphine_Count', 'UDS_Cocaine_Count', 'UDS_Methadone_Count', 'UDS_Opioid_Count', 'UDS_Sedatives_Count', 'UDS_Thc_Count', 'pain', 'has_schizophrenia', 'has_major_dep', 'has_bipolar', 'has_anx_pan', 'has_brain_damage', 'has_epilepsy', 'has_alcol_dx', 'has_amphetamines_dx', 'has_cannabis_dx', 'has_cocaine_dx', 'has_sedatives_dx', 'ftnd', 'XTRT', 'shared', 'rbsivheroin', 'TLFB_Alcohol_Count', 'TLFB_Amphetamine_Count', 'TLFB_Benzodiazepine_Count', 'TLFB_Buprenorphine_Count', 'TLFB_Cocaine_Count', 'TLFB_Heroin_Count', 'TLFB_Methadone_Count', 'TLFB_Opioid_Count', 'TLFB_THC_Count', 'TLFB_Other', 'Homosexual_Behavior', 'Non_monogamous_Relationships']
2024-08-14 11:37:38,221 - INFO - Fitting logistic regression model with the selected features...
2024-08-14 11:37:39,037 - INFO - Model training completed successfully.
2024-08-14 11:37:39,037 - INFO - Calculating the dynamic threshold based on the proportion of positive outcomes...
2024-08-14 11:37:39,037 - INFO - Ratio of 1s to 0s in the outcome variable: 0.05 : 0.95
2024-08-14 11:37:39,037 - INFO - Dynamic threshold set to: 0.048
2024-08-14 11:37:39,038 - INFO - Model trained and saved successfully for subset 8.
2024-08-14 11:37:39,038 - INFO - ---------------------------
2024-08-14 11:37:39,038 - INFO - TRAIN MODEL STAGE COMPLETED FOR SUBSET 8
2024-08-14 11:37:39,038 - INFO - ---------------------------
2024-08-14 11:37:39,038 - INFO - --------------------------------
2024-08-14 11:37:39,038 - INFO - EVALUATE MODEL STAGE STARTING FOR SUBSET 8...
2024-08-14 11:37:39,038 - INFO - --------------------------------
2024-08-14 11:37:39,055 - INFO - ROC AUC Score: 0.6383053221288515
2024-08-14 11:37:39,056 - INFO - Confusion Matrix: 
[[156  82]
 [  6   6]]
2024-08-14 11:37:39,057 - INFO - Precision: 0.06818181818181818
2024-08-14 11:37:39,057 - INFO - Recall: 0.5
2024-08-14 11:37:39,057 - INFO - Model evaluated successfully for subset 8.
2024-08-14 11:37:39,057 - INFO - ------------------------------
2024-08-14 11:37:39,057 - INFO - EVALUATE MODEL STAGE COMPLETED FOR SUBSET 8
2024-08-14 11:37:39,057 - INFO - ------------------------------
2024-08-14 11:37:39,058 - INFO - Subset 9 demographic makeup: 900 1, 55 3, 31 2, 14 4
2024-08-14 11:37:39,058 - INFO - Processing subset 9...
2024-08-14 11:37:39,058 - INFO - -----------------------------
2024-08-14 11:37:39,058 - INFO - TRAIN MODEL STAGE STARTING FOR SUBSET 9...
2024-08-14 11:37:39,058 - INFO - -----------------------------
2024-08-14 11:37:39,064 - INFO - Scaling features and applying LASSO for feature selection...
2024-08-14 11:37:42,895 - INFO - Selected features (including required): ['who', 'RaceEth', 'age', 'is_female', 'is_hispanic', 'unemployed', 'unstableliving', 'education', 'marital', 'UDS_Amphetamine_Count', 'UDS_Benzodiazepine_Count', 'UDS_Buprenorphine_Count', 'UDS_Cocaine_Count', 'UDS_Methadone_Count', 'UDS_Opioid_Count', 'UDS_Sedatives_Count', 'UDS_Thc_Count', 'pain', 'has_schizophrenia', 'has_major_dep', 'has_bipolar', 'has_anx_pan', 'has_brain_damage', 'has_epilepsy', 'has_alcol_dx', 'has_amphetamines_dx', 'has_cannabis_dx', 'has_cocaine_dx', 'has_sedatives_dx', 'ftnd', 'XTRT', 'shared', 'rbsivheroin', 'TLFB_Alcohol_Count', 'TLFB_Amphetamine_Count', 'TLFB_Benzodiazepine_Count', 'TLFB_Buprenorphine_Count', 'TLFB_Cocaine_Count', 'TLFB_Heroin_Count', 'TLFB_Methadone_Count', 'TLFB_Opioid_Count', 'TLFB_THC_Count', 'TLFB_Other', 'Homosexual_Behavior', 'Non_monogamous_Relationships']
2024-08-14 11:37:42,900 - INFO - Fitting logistic regression model with the selected features...
2024-08-14 11:37:43,724 - INFO - Model training completed successfully.
2024-08-14 11:37:43,725 - INFO - Calculating the dynamic threshold based on the proportion of positive outcomes...
2024-08-14 11:37:43,725 - INFO - Ratio of 1s to 0s in the outcome variable: 0.05 : 0.95
2024-08-14 11:37:43,725 - INFO - Dynamic threshold set to: 0.048
2024-08-14 11:37:43,725 - INFO - Model trained and saved successfully for subset 9.
2024-08-14 11:37:43,725 - INFO - ---------------------------
2024-08-14 11:37:43,725 - INFO - TRAIN MODEL STAGE COMPLETED FOR SUBSET 9
2024-08-14 11:37:43,725 - INFO - ---------------------------
2024-08-14 11:37:43,725 - INFO - --------------------------------
2024-08-14 11:37:43,726 - INFO - EVALUATE MODEL STAGE STARTING FOR SUBSET 9...
2024-08-14 11:37:43,726 - INFO - --------------------------------
2024-08-14 11:37:43,751 - INFO - ROC AUC Score: 0.8175770308123249
2024-08-14 11:37:43,752 - INFO - Confusion Matrix: 
[[146  92]
 [  2  10]]
2024-08-14 11:37:43,752 - INFO - Precision: 0.09803921568627451
2024-08-14 11:37:43,752 - INFO - Recall: 0.8333333333333334
2024-08-14 11:37:43,752 - INFO - Model evaluated successfully for subset 9.
2024-08-14 11:37:43,752 - INFO - ------------------------------
2024-08-14 11:37:43,752 - INFO - EVALUATE MODEL STAGE COMPLETED FOR SUBSET 9
2024-08-14 11:37:43,752 - INFO - ------------------------------
2024-08-14 11:37:43,753 - INFO - Subset 10 demographic makeup: 950 1, 28 3, 14 2, 8 4
2024-08-14 11:37:43,754 - INFO - Processing subset 10...
2024-08-14 11:37:43,755 - INFO - -----------------------------
2024-08-14 11:37:43,755 - INFO - TRAIN MODEL STAGE STARTING FOR SUBSET 10...
2024-08-14 11:37:43,755 - INFO - -----------------------------
2024-08-14 11:37:43,761 - INFO - Scaling features and applying LASSO for feature selection...
2024-08-14 11:37:47,905 - INFO - Selected features (including required): ['who', 'RaceEth', 'age', 'is_female', 'is_hispanic', 'unemployed', 'unstableliving', 'education', 'marital', 'UDS_Amphetamine_Count', 'UDS_Benzodiazepine_Count', 'UDS_Buprenorphine_Count', 'UDS_Cocaine_Count', 'UDS_Methadone_Count', 'UDS_Opioid_Count', 'UDS_Sedatives_Count', 'UDS_Thc_Count', 'pain', 'has_schizophrenia', 'has_major_dep', 'has_bipolar', 'has_anx_pan', 'has_brain_damage', 'has_epilepsy', 'has_alcol_dx', 'has_amphetamines_dx', 'has_cannabis_dx', 'has_cocaine_dx', 'has_sedatives_dx', 'ftnd', 'XTRT', 'shared', 'rbsivheroin', 'TLFB_Alcohol_Count', 'TLFB_Amphetamine_Count', 'TLFB_Benzodiazepine_Count', 'TLFB_Buprenorphine_Count', 'TLFB_Cocaine_Count', 'TLFB_Heroin_Count', 'TLFB_Methadone_Count', 'TLFB_Opioid_Count', 'TLFB_THC_Count', 'TLFB_Other', 'Homosexual_Behavior', 'Non_monogamous_Relationships']
2024-08-14 11:37:47,910 - INFO - Fitting logistic regression model with the selected features...
2024-08-14 11:37:48,835 - INFO - Model training completed successfully.
2024-08-14 11:37:48,835 - INFO - Calculating the dynamic threshold based on the proportion of positive outcomes...
2024-08-14 11:37:48,836 - INFO - Ratio of 1s to 0s in the outcome variable: 0.07 : 0.93
2024-08-14 11:37:48,836 - INFO - Dynamic threshold set to: 0.068
2024-08-14 11:37:48,836 - INFO - Model trained and saved successfully for subset 10.
2024-08-14 11:37:48,836 - INFO - ---------------------------
2024-08-14 11:37:48,836 - INFO - TRAIN MODEL STAGE COMPLETED FOR SUBSET 10
2024-08-14 11:37:48,836 - INFO - ---------------------------
2024-08-14 11:37:48,836 - INFO - --------------------------------
2024-08-14 11:37:48,836 - INFO - EVALUATE MODEL STAGE STARTING FOR SUBSET 10...
2024-08-14 11:37:48,836 - INFO - --------------------------------
2024-08-14 11:37:48,849 - INFO - ROC AUC Score: 0.7106791214339814
2024-08-14 11:37:48,849 - INFO - Confusion Matrix: 
[[176  57]
 [  8   9]]
2024-08-14 11:37:48,849 - INFO - Precision: 0.13636363636363635
2024-08-14 11:37:48,849 - INFO - Recall: 0.5294117647058824
2024-08-14 11:37:48,850 - INFO - Model evaluated successfully for subset 10.
2024-08-14 11:37:48,850 - INFO - ------------------------------
2024-08-14 11:37:48,850 - INFO - EVALUATE MODEL STAGE COMPLETED FOR SUBSET 10
2024-08-14 11:37:48,850 - INFO - ------------------------------
2024-08-14 11:37:48,851 - INFO - Subset 11 demographic makeup: 1000 1
2024-08-14 11:37:48,851 - INFO - Processing subset 11...
2024-08-14 11:37:48,851 - INFO - -----------------------------
2024-08-14 11:37:48,851 - INFO - TRAIN MODEL STAGE STARTING FOR SUBSET 11...
2024-08-14 11:37:48,851 - INFO - -----------------------------
2024-08-14 11:37:48,856 - INFO - Scaling features and applying LASSO for feature selection...
2024-08-14 11:37:53,527 - INFO - Selected features (including required): ['who', 'age', 'is_female', 'unemployed', 'education', 'marital', 'UDS_Amphetamine_Count', 'UDS_Benzodiazepine_Count', 'UDS_Buprenorphine_Count', 'UDS_Cocaine_Count', 'UDS_Methadone_Count', 'UDS_Opioid_Count', 'UDS_Sedatives_Count', 'UDS_Thc_Count', 'pain', 'has_schizophrenia', 'has_major_dep', 'has_bipolar', 'has_anx_pan', 'has_brain_damage', 'has_epilepsy', 'has_alcol_dx', 'has_amphetamines_dx', 'has_cannabis_dx', 'has_cocaine_dx', 'has_sedatives_dx', 'ftnd', 'XTRT', 'shared', 'rbsivheroin', 'TLFB_Alcohol_Count', 'TLFB_Amphetamine_Count', 'TLFB_Benzodiazepine_Count', 'TLFB_Buprenorphine_Count', 'TLFB_Cocaine_Count', 'TLFB_Heroin_Count', 'TLFB_Methadone_Count', 'TLFB_Opioid_Count', 'TLFB_THC_Count', 'TLFB_Other', 'Homosexual_Behavior', 'Non_monogamous_Relationships']
2024-08-14 11:37:53,532 - INFO - Fitting logistic regression model with the selected features...
2024-08-14 11:37:54,375 - INFO - Model training completed successfully.
2024-08-14 11:37:54,375 - INFO - Calculating the dynamic threshold based on the proportion of positive outcomes...
2024-08-14 11:37:54,376 - INFO - Ratio of 1s to 0s in the outcome variable: 0.06 : 0.94
2024-08-14 11:37:54,377 - INFO - Dynamic threshold set to: 0.064
2024-08-14 11:37:54,377 - INFO - Model trained and saved successfully for subset 11.
2024-08-14 11:37:54,381 - INFO - ---------------------------
2024-08-14 11:37:54,382 - INFO - TRAIN MODEL STAGE COMPLETED FOR SUBSET 11
2024-08-14 11:37:54,383 - INFO - ---------------------------
2024-08-14 11:37:54,389 - INFO - --------------------------------
2024-08-14 11:37:54,391 - INFO - EVALUATE MODEL STAGE STARTING FOR SUBSET 11...
2024-08-14 11:37:54,391 - INFO - --------------------------------
2024-08-14 11:37:54,413 - INFO - ROC AUC Score: 0.6634615384615385
2024-08-14 11:37:54,414 - INFO - Confusion Matrix: 
[[187  47]
 [  9   7]]
2024-08-14 11:37:54,416 - INFO - Precision: 0.12962962962962962
2024-08-14 11:37:54,418 - INFO - Recall: 0.4375
2024-08-14 11:37:54,418 - INFO - Model evaluated successfully for subset 11.
2024-08-14 11:37:54,419 - INFO - ------------------------------
2024-08-14 11:37:54,419 - INFO - EVALUATE MODEL STAGE COMPLETED FOR SUBSET 11
2024-08-14 11:37:54,420 - INFO - ------------------------------
2024-08-14 11:37:54,421 - INFO - ------------------
2024-08-14 11:37:54,421 - INFO - PIPELINE COMPLETED
2024-08-14 11:37:54,421 - INFO - ------------------
