2024-08-02 17:35:22 - INFO - -------------------------------------------
2024-08-02 17:35:22 - INFO - Logging setup complete - starting pipeline.
2024-08-02 17:35:22 - INFO - -------------------------------------------
2024-08-02 17:35:22 - INFO - Global Seed set to: 1722634522
2024-08-02 17:35:28 - INFO - Datasets loaded successfully.
2024-08-02 17:35:28 - INFO - Starting preprocessing of the merged dataset...
2024-08-02 17:35:28 - INFO - ---------------------------------
2024-08-02 17:35:28 - INFO - PRE-PROCESSING STAGE STARTING...
2024-08-02 17:35:28 - INFO - ---------------------------------
2024-08-02 17:35:28 - INFO - Dropped initial columns: ['pain_when', 'is_smoker', 'per_day', 'max', 'amount', 'depression', 'anxiety', 'schizophrenia', 'max', 'amount', 'cocaine_inject_days', 'speedball_inject_days', 'opioid_inject_days', 'speed_inject_days', 'UDS_Alcohol_Count', 'UDS_Mdma/Hallucinogen_Count']
2024-08-02 17:35:28 - INFO - Converted Yes/No to binary.
2024-08-02 17:35:28 - INFO - Processed TLFB columns with specified columns: ['TLFB_Alcohol_Count', 'TLFB_Amphetamine_Count', 'TLFB_Cocaine_Count', 'TLFB_Heroin_Count', 'TLFB_Benzodiazepine_Count', 'TLFB_Opioid_Count', 'TLFB_THC_Count', 'TLFB_Methadone_Count', 'TLFB_Buprenorphine_Count']
2024-08-02 17:35:28 - INFO - Calculated behavioral columns.
2024-08-02 17:35:28 - INFO - Moved 'Rs_krupitsky_2004' column to the end.
2024-08-02 17:35:28 - INFO - Dropped initial columns: ['msm_npt', 'msm_frq', 'txx_prt']
2024-08-02 17:35:28 - INFO - transform_data_with_nan_handling success
2024-08-02 17:35:28 - INFO - Renamed columns according to the mapping.
2024-08-02 17:35:28 - INFO - Transformed NaN to 0 for binary columns.
2024-08-02 17:35:28 - INFO - Transformed and renamed 'heroin_inject_days' column to 'rbsivheroin'.
2024-08-02 17:35:28 - INFO - Filled NaN with 0 for 'ftnd' column.
2024-08-02 17:35:28 - INFO - Dropped additional columns: ['rbs_iv_days', 'race', 'RBS_cocaine_Days', 'RBS_heroin_Days', 'RBS_opioid_Days', 'RBS_speed_Days', 'RBS_speedball_Days']
2024-08-02 17:35:28 - INFO - Converted UDS drug counts to binary.
2024-08-02 17:35:28 - INFO - ------------------------------
2024-08-02 17:35:28 - INFO - PRE-PROCESSING STAGE COMPLETED
2024-08-02 17:35:28 - INFO - ------------------------------
2024-08-02 17:35:28 - INFO - Merged dataset preprocessed successfully.
2024-08-02 17:35:28 - INFO - Creating demographic subsets from preprocessed data...
2024-08-02 17:35:41 - INFO - Created 11 subsets successfully.
2024-08-02 17:35:41 - INFO - Creating merged subsets from create_demographics_dfs function
2024-08-02 17:35:41 - INFO - Created 11 merged subsets successfully.
2024-08-02 17:35:41 - INFO - Subset 1 demographic makeup: 500 1, 254 3, 146 2, 100 4
2024-08-02 17:35:41 - INFO - Processing subset 1...
2024-08-02 17:35:41 - INFO - -----------------------------
2024-08-02 17:35:41 - INFO - TRAIN MODEL STAGE STARTING FOR SUBSET 1...
2024-08-02 17:35:41 - INFO - -----------------------------
2024-08-02 17:35:41 - INFO - Scaling features and applying LASSO for feature selection...
2024-08-02 17:35:44 - INFO - Selected features (including required): ['who', 'RaceEth', 'age', 'is_female', 'is_hispanic', 'unemployed', 'unstableliving', 'education', 'marital', 'UDS_Amphetamine_Count', 'UDS_Benzodiazepine_Count', 'UDS_Buprenorphine_Count', 'UDS_Cocaine_Count', 'UDS_Methadone_Count', 'UDS_Opioid_Count', 'UDS_Sedatives_Count', 'UDS_Thc_Count', 'pain', 'has_schizophrenia', 'has_major_dep', 'has_bipolar', 'has_anx_pan', 'has_brain_damage', 'has_epilepsy', 'has_alcol_dx', 'has_amphetamines_dx', 'has_cannabis_dx', 'has_cocaine_dx', 'has_sedatives_dx', 'ftnd', 'XTRT', 'shared', 'rbsivheroin', 'TLFB_Alcohol_Count', 'TLFB_Amphetamine_Count', 'TLFB_Benzodiazepine_Count', 'TLFB_Buprenorphine_Count', 'TLFB_Cocaine_Count', 'TLFB_Heroin_Count', 'TLFB_Methadone_Count', 'TLFB_Opioid_Count', 'TLFB_THC_Count', 'TLFB_Other', 'Homosexual_Behavior', 'Non_monogamous_Relationships']
2024-08-02 17:35:44 - INFO - Fitting logistic regression model with the selected features...
2024-08-02 17:35:45 - INFO - Model training completed successfully.
2024-08-02 17:35:45 - INFO - Calculating the dynamic threshold based on the proportion of positive outcomes...
2024-08-02 17:35:45 - INFO - Ratio of 1s to 0s in the outcome variable: 0.84 : 0.16
2024-08-02 17:35:45 - INFO - Dynamic threshold set to: 0.84
2024-08-02 17:35:45 - INFO - Model trained and saved successfully for subset 1.
2024-08-02 17:35:45 - INFO - ---------------------------
2024-08-02 17:35:45 - INFO - TRAIN MODEL STAGE COMPLETED FOR SUBSET 1
2024-08-02 17:35:45 - INFO - ---------------------------
2024-08-02 17:35:45 - INFO - --------------------------------
2024-08-02 17:35:45 - INFO - EVALUATE MODEL STAGE STARTING FOR SUBSET 1...
2024-08-02 17:35:45 - INFO - --------------------------------
2024-08-02 17:35:45 - INFO - ROC AUC Score: 0.6192857142857143
2024-08-02 17:35:45 - INFO - Confusion Matrix: 
[[ 23  17]
 [ 77 133]]
2024-08-02 17:35:45 - INFO - Precision: 0.8866666666666667
2024-08-02 17:35:45 - INFO - Recall: 0.6333333333333333
2024-08-02 17:35:45 - INFO - Model evaluated successfully for subset 1.
2024-08-02 17:35:45 - INFO - ------------------------------
2024-08-02 17:35:45 - INFO - EVALUATE MODEL STAGE COMPLETED FOR SUBSET 1
2024-08-02 17:35:45 - INFO - ------------------------------
2024-08-02 17:35:45 - INFO - Subset 2 demographic makeup: 550 1, 230 3, 129 2, 91 4
2024-08-02 17:35:45 - INFO - Processing subset 2...
2024-08-02 17:35:45 - INFO - -----------------------------
2024-08-02 17:35:45 - INFO - TRAIN MODEL STAGE STARTING FOR SUBSET 2...
2024-08-02 17:35:45 - INFO - -----------------------------
2024-08-02 17:35:45 - INFO - Scaling features and applying LASSO for feature selection...
2024-08-02 17:35:48 - INFO - Selected features (including required): ['who', 'RaceEth', 'age', 'is_female', 'is_hispanic', 'unemployed', 'unstableliving', 'education', 'marital', 'UDS_Amphetamine_Count', 'UDS_Benzodiazepine_Count', 'UDS_Buprenorphine_Count', 'UDS_Cocaine_Count', 'UDS_Methadone_Count', 'UDS_Opioid_Count', 'UDS_Sedatives_Count', 'UDS_Thc_Count', 'pain', 'has_schizophrenia', 'has_major_dep', 'has_bipolar', 'has_anx_pan', 'has_brain_damage', 'has_epilepsy', 'has_alcol_dx', 'has_amphetamines_dx', 'has_cannabis_dx', 'has_cocaine_dx', 'has_sedatives_dx', 'ftnd', 'XTRT', 'shared', 'rbsivheroin', 'TLFB_Alcohol_Count', 'TLFB_Amphetamine_Count', 'TLFB_Benzodiazepine_Count', 'TLFB_Buprenorphine_Count', 'TLFB_Cocaine_Count', 'TLFB_Heroin_Count', 'TLFB_Methadone_Count', 'TLFB_Opioid_Count', 'TLFB_THC_Count', 'TLFB_Other', 'Homosexual_Behavior', 'Non_monogamous_Relationships']
2024-08-02 17:35:48 - INFO - Fitting logistic regression model with the selected features...
2024-08-02 17:35:49 - INFO - Model training completed successfully.
2024-08-02 17:35:49 - INFO - Calculating the dynamic threshold based on the proportion of positive outcomes...
2024-08-02 17:35:49 - INFO - Ratio of 1s to 0s in the outcome variable: 0.83 : 0.17
2024-08-02 17:35:49 - INFO - Dynamic threshold set to: 0.828
2024-08-02 17:35:49 - INFO - Model trained and saved successfully for subset 2.
2024-08-02 17:35:49 - INFO - ---------------------------
2024-08-02 17:35:49 - INFO - TRAIN MODEL STAGE COMPLETED FOR SUBSET 2
2024-08-02 17:35:49 - INFO - ---------------------------
2024-08-02 17:35:49 - INFO - --------------------------------
2024-08-02 17:35:49 - INFO - EVALUATE MODEL STAGE STARTING FOR SUBSET 2...
2024-08-02 17:35:49 - INFO - --------------------------------
2024-08-02 17:35:49 - INFO - ROC AUC Score: 0.6962139085496012
2024-08-02 17:35:49 - INFO - Confusion Matrix: 
[[ 29  14]
 [ 66 141]]
2024-08-02 17:35:49 - INFO - Precision: 0.9096774193548387
2024-08-02 17:35:49 - INFO - Recall: 0.6811594202898551
2024-08-02 17:35:49 - INFO - Model evaluated successfully for subset 2.
2024-08-02 17:35:49 - INFO - ------------------------------
2024-08-02 17:35:49 - INFO - EVALUATE MODEL STAGE COMPLETED FOR SUBSET 2
2024-08-02 17:35:49 - INFO - ------------------------------
2024-08-02 17:35:49 - INFO - Subset 3 demographic makeup: 600 1, 207 3, 115 2, 78 4
2024-08-02 17:35:49 - INFO - Processing subset 3...
2024-08-02 17:35:49 - INFO - -----------------------------
2024-08-02 17:35:49 - INFO - TRAIN MODEL STAGE STARTING FOR SUBSET 3...
2024-08-02 17:35:49 - INFO - -----------------------------
2024-08-02 17:35:49 - INFO - Scaling features and applying LASSO for feature selection...
2024-08-02 17:35:52 - INFO - Selected features (including required): ['who', 'RaceEth', 'age', 'is_female', 'is_hispanic', 'unemployed', 'unstableliving', 'education', 'marital', 'UDS_Amphetamine_Count', 'UDS_Benzodiazepine_Count', 'UDS_Buprenorphine_Count', 'UDS_Cocaine_Count', 'UDS_Methadone_Count', 'UDS_Opioid_Count', 'UDS_Sedatives_Count', 'UDS_Thc_Count', 'pain', 'has_schizophrenia', 'has_major_dep', 'has_bipolar', 'has_anx_pan', 'has_brain_damage', 'has_epilepsy', 'has_alcol_dx', 'has_amphetamines_dx', 'has_cannabis_dx', 'has_cocaine_dx', 'has_sedatives_dx', 'ftnd', 'XTRT', 'shared', 'rbsivheroin', 'TLFB_Alcohol_Count', 'TLFB_Amphetamine_Count', 'TLFB_Benzodiazepine_Count', 'TLFB_Buprenorphine_Count', 'TLFB_Cocaine_Count', 'TLFB_Heroin_Count', 'TLFB_Methadone_Count', 'TLFB_Opioid_Count', 'TLFB_THC_Count', 'TLFB_Other', 'Homosexual_Behavior', 'Non_monogamous_Relationships']
2024-08-02 17:35:52 - INFO - Fitting logistic regression model with the selected features...
2024-08-02 17:35:53 - INFO - Model training completed successfully.
2024-08-02 17:35:53 - INFO - Calculating the dynamic threshold based on the proportion of positive outcomes...
2024-08-02 17:35:53 - INFO - Ratio of 1s to 0s in the outcome variable: 0.86 : 0.14
2024-08-02 17:35:53 - INFO - Dynamic threshold set to: 0.856
2024-08-02 17:35:53 - INFO - Model trained and saved successfully for subset 3.
2024-08-02 17:35:53 - INFO - ---------------------------
2024-08-02 17:35:53 - INFO - TRAIN MODEL STAGE COMPLETED FOR SUBSET 3
2024-08-02 17:35:53 - INFO - ---------------------------
2024-08-02 17:35:53 - INFO - --------------------------------
2024-08-02 17:35:53 - INFO - EVALUATE MODEL STAGE STARTING FOR SUBSET 3...
2024-08-02 17:35:53 - INFO - --------------------------------
2024-08-02 17:35:53 - INFO - ROC AUC Score: 0.5680166147455867
2024-08-02 17:35:53 - INFO - Confusion Matrix: 
[[ 20  16]
 [ 81 133]]
2024-08-02 17:35:53 - INFO - Precision: 0.8926174496644296
2024-08-02 17:35:53 - INFO - Recall: 0.6214953271028038
2024-08-02 17:35:53 - INFO - Model evaluated successfully for subset 3.
2024-08-02 17:35:53 - INFO - ------------------------------
2024-08-02 17:35:53 - INFO - EVALUATE MODEL STAGE COMPLETED FOR SUBSET 3
2024-08-02 17:35:53 - INFO - ------------------------------
2024-08-02 17:35:53 - INFO - Subset 4 demographic makeup: 650 1, 177 3, 103 2, 70 4
2024-08-02 17:35:53 - INFO - Processing subset 4...
2024-08-02 17:35:53 - INFO - -----------------------------
2024-08-02 17:35:53 - INFO - TRAIN MODEL STAGE STARTING FOR SUBSET 4...
2024-08-02 17:35:53 - INFO - -----------------------------
2024-08-02 17:35:53 - INFO - Scaling features and applying LASSO for feature selection...
2024-08-02 17:35:56 - INFO - Selected features (including required): ['who', 'RaceEth', 'age', 'is_female', 'is_hispanic', 'unemployed', 'unstableliving', 'education', 'marital', 'UDS_Amphetamine_Count', 'UDS_Benzodiazepine_Count', 'UDS_Buprenorphine_Count', 'UDS_Cocaine_Count', 'UDS_Methadone_Count', 'UDS_Opioid_Count', 'UDS_Sedatives_Count', 'UDS_Thc_Count', 'pain', 'has_schizophrenia', 'has_major_dep', 'has_bipolar', 'has_anx_pan', 'has_brain_damage', 'has_epilepsy', 'has_alcol_dx', 'has_amphetamines_dx', 'has_cannabis_dx', 'has_cocaine_dx', 'has_sedatives_dx', 'ftnd', 'XTRT', 'shared', 'rbsivheroin', 'TLFB_Alcohol_Count', 'TLFB_Amphetamine_Count', 'TLFB_Benzodiazepine_Count', 'TLFB_Buprenorphine_Count', 'TLFB_Cocaine_Count', 'TLFB_Heroin_Count', 'TLFB_Methadone_Count', 'TLFB_Opioid_Count', 'TLFB_THC_Count', 'TLFB_Other', 'Homosexual_Behavior', 'Non_monogamous_Relationships']
2024-08-02 17:35:56 - INFO - Fitting logistic regression model with the selected features...
2024-08-02 17:35:57 - INFO - Model training completed successfully.
2024-08-02 17:35:57 - INFO - Calculating the dynamic threshold based on the proportion of positive outcomes...
2024-08-02 17:35:57 - INFO - Ratio of 1s to 0s in the outcome variable: 0.84 : 0.16
2024-08-02 17:35:57 - INFO - Dynamic threshold set to: 0.84
2024-08-02 17:35:57 - INFO - Model trained and saved successfully for subset 4.
2024-08-02 17:35:57 - INFO - ---------------------------
2024-08-02 17:35:57 - INFO - TRAIN MODEL STAGE COMPLETED FOR SUBSET 4
2024-08-02 17:35:57 - INFO - ---------------------------
2024-08-02 17:35:57 - INFO - --------------------------------
2024-08-02 17:35:57 - INFO - EVALUATE MODEL STAGE STARTING FOR SUBSET 4...
2024-08-02 17:35:57 - INFO - --------------------------------
2024-08-02 17:35:57 - INFO - ROC AUC Score: 0.6036904761904762
2024-08-02 17:35:57 - INFO - Confusion Matrix: 
[[ 19  21]
 [ 57 153]]
2024-08-02 17:35:57 - INFO - Precision: 0.8793103448275862
2024-08-02 17:35:57 - INFO - Recall: 0.7285714285714285
2024-08-02 17:35:57 - INFO - Model evaluated successfully for subset 4.
2024-08-02 17:35:57 - INFO - ------------------------------
2024-08-02 17:35:57 - INFO - EVALUATE MODEL STAGE COMPLETED FOR SUBSET 4
2024-08-02 17:35:57 - INFO - ------------------------------
2024-08-02 17:35:57 - INFO - Subset 5 demographic makeup: 700 1, 148 3, 92 2, 60 4
2024-08-02 17:35:57 - INFO - Processing subset 5...
2024-08-02 17:35:57 - INFO - -----------------------------
2024-08-02 17:35:57 - INFO - TRAIN MODEL STAGE STARTING FOR SUBSET 5...
2024-08-02 17:35:57 - INFO - -----------------------------
2024-08-02 17:35:57 - INFO - Scaling features and applying LASSO for feature selection...
2024-08-02 17:35:58 - INFO - Selected features (including required): ['who', 'RaceEth', 'age', 'is_female', 'is_hispanic', 'unemployed', 'unstableliving', 'education', 'marital', 'UDS_Amphetamine_Count', 'UDS_Benzodiazepine_Count', 'UDS_Buprenorphine_Count', 'UDS_Cocaine_Count', 'UDS_Methadone_Count', 'UDS_Opioid_Count', 'UDS_Sedatives_Count', 'UDS_Thc_Count', 'pain', 'has_schizophrenia', 'has_major_dep', 'has_bipolar', 'has_anx_pan', 'has_brain_damage', 'has_epilepsy', 'has_alcol_dx', 'has_amphetamines_dx', 'has_cannabis_dx', 'has_cocaine_dx', 'has_sedatives_dx', 'ftnd', 'XTRT', 'shared', 'rbsivheroin', 'TLFB_Alcohol_Count', 'TLFB_Amphetamine_Count', 'TLFB_Benzodiazepine_Count', 'TLFB_Buprenorphine_Count', 'TLFB_Cocaine_Count', 'TLFB_Heroin_Count', 'TLFB_Methadone_Count', 'TLFB_Opioid_Count', 'TLFB_THC_Count', 'TLFB_Other', 'Homosexual_Behavior', 'Non_monogamous_Relationships']
2024-08-02 17:35:58 - INFO - Fitting logistic regression model with the selected features...
2024-08-02 17:35:59 - INFO - Model training completed successfully.
2024-08-02 17:35:59 - INFO - Calculating the dynamic threshold based on the proportion of positive outcomes...
2024-08-02 17:35:59 - INFO - Ratio of 1s to 0s in the outcome variable: 0.83 : 0.17
2024-08-02 17:35:59 - INFO - Dynamic threshold set to: 0.832
2024-08-02 17:35:59 - INFO - Model trained and saved successfully for subset 5.
2024-08-02 17:35:59 - INFO - ---------------------------
2024-08-02 17:35:59 - INFO - TRAIN MODEL STAGE COMPLETED FOR SUBSET 5
2024-08-02 17:35:59 - INFO - ---------------------------
2024-08-02 17:35:59 - INFO - --------------------------------
2024-08-02 17:35:59 - INFO - EVALUATE MODEL STAGE STARTING FOR SUBSET 5...
2024-08-02 17:35:59 - INFO - --------------------------------
2024-08-02 17:35:59 - INFO - ROC AUC Score: 0.6717032967032968
2024-08-02 17:35:59 - INFO - Confusion Matrix: 
[[ 23  19]
 [ 60 148]]
2024-08-02 17:35:59 - INFO - Precision: 0.8862275449101796
2024-08-02 17:35:59 - INFO - Recall: 0.7115384615384616
2024-08-02 17:35:59 - INFO - Model evaluated successfully for subset 5.
2024-08-02 17:35:59 - INFO - ------------------------------
2024-08-02 17:35:59 - INFO - EVALUATE MODEL STAGE COMPLETED FOR SUBSET 5
2024-08-02 17:35:59 - INFO - ------------------------------
2024-08-02 17:35:59 - INFO - Subset 6 demographic makeup: 750 1, 124 3, 82 2, 44 4
2024-08-02 17:35:59 - INFO - Processing subset 6...
2024-08-02 17:35:59 - INFO - -----------------------------
2024-08-02 17:35:59 - INFO - TRAIN MODEL STAGE STARTING FOR SUBSET 6...
2024-08-02 17:35:59 - INFO - -----------------------------
2024-08-02 17:35:59 - INFO - Scaling features and applying LASSO for feature selection...
2024-08-02 17:36:00 - INFO - Selected features (including required): ['who', 'RaceEth', 'age', 'is_female', 'is_hispanic', 'unemployed', 'unstableliving', 'education', 'marital', 'UDS_Amphetamine_Count', 'UDS_Benzodiazepine_Count', 'UDS_Buprenorphine_Count', 'UDS_Cocaine_Count', 'UDS_Methadone_Count', 'UDS_Opioid_Count', 'UDS_Sedatives_Count', 'UDS_Thc_Count', 'pain', 'has_schizophrenia', 'has_major_dep', 'has_bipolar', 'has_anx_pan', 'has_brain_damage', 'has_epilepsy', 'has_alcol_dx', 'has_amphetamines_dx', 'has_cannabis_dx', 'has_cocaine_dx', 'has_sedatives_dx', 'ftnd', 'XTRT', 'shared', 'rbsivheroin', 'TLFB_Alcohol_Count', 'TLFB_Amphetamine_Count', 'TLFB_Benzodiazepine_Count', 'TLFB_Buprenorphine_Count', 'TLFB_Cocaine_Count', 'TLFB_Heroin_Count', 'TLFB_Methadone_Count', 'TLFB_Opioid_Count', 'TLFB_THC_Count', 'TLFB_Other', 'Homosexual_Behavior', 'Non_monogamous_Relationships']
2024-08-02 17:36:00 - INFO - Fitting logistic regression model with the selected features...
2024-08-02 17:36:01 - INFO - Model training completed successfully.
2024-08-02 17:36:01 - INFO - Calculating the dynamic threshold based on the proportion of positive outcomes...
2024-08-02 17:36:01 - INFO - Ratio of 1s to 0s in the outcome variable: 0.83 : 0.17
2024-08-02 17:36:01 - INFO - Dynamic threshold set to: 0.828
2024-08-02 17:36:01 - INFO - Model trained and saved successfully for subset 6.
2024-08-02 17:36:01 - INFO - ---------------------------
2024-08-02 17:36:01 - INFO - TRAIN MODEL STAGE COMPLETED FOR SUBSET 6
2024-08-02 17:36:01 - INFO - ---------------------------
2024-08-02 17:36:01 - INFO - --------------------------------
2024-08-02 17:36:01 - INFO - EVALUATE MODEL STAGE STARTING FOR SUBSET 6...
2024-08-02 17:36:01 - INFO - --------------------------------
2024-08-02 17:36:01 - INFO - ROC AUC Score: 0.6638579934838782
2024-08-02 17:36:01 - INFO - Confusion Matrix: 
[[ 27  16]
 [ 71 136]]
2024-08-02 17:36:01 - INFO - Precision: 0.8947368421052632
2024-08-02 17:36:01 - INFO - Recall: 0.6570048309178744
2024-08-02 17:36:01 - INFO - Model evaluated successfully for subset 6.
2024-08-02 17:36:01 - INFO - ------------------------------
2024-08-02 17:36:01 - INFO - EVALUATE MODEL STAGE COMPLETED FOR SUBSET 6
2024-08-02 17:36:01 - INFO - ------------------------------
2024-08-02 17:36:01 - INFO - Subset 7 demographic makeup: 800 1, 98 3, 67 2, 35 4
2024-08-02 17:36:01 - INFO - Processing subset 7...
2024-08-02 17:36:01 - INFO - -----------------------------
2024-08-02 17:36:01 - INFO - TRAIN MODEL STAGE STARTING FOR SUBSET 7...
2024-08-02 17:36:01 - INFO - -----------------------------
2024-08-02 17:36:01 - INFO - Scaling features and applying LASSO for feature selection...
2024-08-02 17:36:02 - INFO - Selected features (including required): ['who', 'RaceEth', 'age', 'is_female', 'is_hispanic', 'unemployed', 'unstableliving', 'education', 'marital', 'UDS_Amphetamine_Count', 'UDS_Benzodiazepine_Count', 'UDS_Buprenorphine_Count', 'UDS_Cocaine_Count', 'UDS_Methadone_Count', 'UDS_Opioid_Count', 'UDS_Sedatives_Count', 'UDS_Thc_Count', 'pain', 'has_schizophrenia', 'has_major_dep', 'has_bipolar', 'has_anx_pan', 'has_brain_damage', 'has_epilepsy', 'has_alcol_dx', 'has_amphetamines_dx', 'has_cannabis_dx', 'has_cocaine_dx', 'has_sedatives_dx', 'ftnd', 'XTRT', 'shared', 'rbsivheroin', 'TLFB_Alcohol_Count', 'TLFB_Amphetamine_Count', 'TLFB_Benzodiazepine_Count', 'TLFB_Buprenorphine_Count', 'TLFB_Cocaine_Count', 'TLFB_Heroin_Count', 'TLFB_Methadone_Count', 'TLFB_Opioid_Count', 'TLFB_THC_Count', 'TLFB_Other', 'Homosexual_Behavior', 'Non_monogamous_Relationships']
2024-08-02 17:36:02 - INFO - Fitting logistic regression model with the selected features...
2024-08-02 17:36:03 - INFO - Model training completed successfully.
2024-08-02 17:36:03 - INFO - Calculating the dynamic threshold based on the proportion of positive outcomes...
2024-08-02 17:36:03 - INFO - Ratio of 1s to 0s in the outcome variable: 0.83 : 0.17
2024-08-02 17:36:03 - INFO - Dynamic threshold set to: 0.832
2024-08-02 17:36:03 - INFO - Model trained and saved successfully for subset 7.
2024-08-02 17:36:03 - INFO - ---------------------------
2024-08-02 17:36:03 - INFO - TRAIN MODEL STAGE COMPLETED FOR SUBSET 7
2024-08-02 17:36:03 - INFO - ---------------------------
2024-08-02 17:36:03 - INFO - --------------------------------
2024-08-02 17:36:03 - INFO - EVALUATE MODEL STAGE STARTING FOR SUBSET 7...
2024-08-02 17:36:03 - INFO - --------------------------------
2024-08-02 17:36:03 - INFO - ROC AUC Score: 0.6402243589743589
2024-08-02 17:36:03 - INFO - Confusion Matrix: 
[[ 26  16]
 [ 81 127]]
2024-08-02 17:36:03 - INFO - Precision: 0.8881118881118881
2024-08-02 17:36:03 - INFO - Recall: 0.6105769230769231
2024-08-02 17:36:03 - INFO - Model evaluated successfully for subset 7.
2024-08-02 17:36:03 - INFO - ------------------------------
2024-08-02 17:36:03 - INFO - EVALUATE MODEL STAGE COMPLETED FOR SUBSET 7
2024-08-02 17:36:03 - INFO - ------------------------------
2024-08-02 17:36:03 - INFO - Subset 8 demographic makeup: 850 1, 75 3, 48 2, 27 4
2024-08-02 17:36:03 - INFO - Processing subset 8...
2024-08-02 17:36:03 - INFO - -----------------------------
2024-08-02 17:36:03 - INFO - TRAIN MODEL STAGE STARTING FOR SUBSET 8...
2024-08-02 17:36:03 - INFO - -----------------------------
2024-08-02 17:36:03 - INFO - Scaling features and applying LASSO for feature selection...
2024-08-02 17:36:05 - INFO - Selected features (including required): ['who', 'RaceEth', 'age', 'is_female', 'is_hispanic', 'unemployed', 'unstableliving', 'education', 'marital', 'UDS_Amphetamine_Count', 'UDS_Benzodiazepine_Count', 'UDS_Buprenorphine_Count', 'UDS_Cocaine_Count', 'UDS_Methadone_Count', 'UDS_Opioid_Count', 'UDS_Sedatives_Count', 'UDS_Thc_Count', 'pain', 'has_schizophrenia', 'has_major_dep', 'has_bipolar', 'has_anx_pan', 'has_brain_damage', 'has_epilepsy', 'has_alcol_dx', 'has_amphetamines_dx', 'has_cannabis_dx', 'has_cocaine_dx', 'has_sedatives_dx', 'ftnd', 'XTRT', 'shared', 'rbsivheroin', 'TLFB_Alcohol_Count', 'TLFB_Amphetamine_Count', 'TLFB_Benzodiazepine_Count', 'TLFB_Buprenorphine_Count', 'TLFB_Cocaine_Count', 'TLFB_Heroin_Count', 'TLFB_Methadone_Count', 'TLFB_Opioid_Count', 'TLFB_THC_Count', 'TLFB_Other', 'Homosexual_Behavior', 'Non_monogamous_Relationships']
2024-08-02 17:36:05 - INFO - Fitting logistic regression model with the selected features...
2024-08-02 17:36:05 - INFO - Model training completed successfully.
2024-08-02 17:36:05 - INFO - Calculating the dynamic threshold based on the proportion of positive outcomes...
2024-08-02 17:36:05 - INFO - Ratio of 1s to 0s in the outcome variable: 0.81 : 0.19
2024-08-02 17:36:05 - INFO - Dynamic threshold set to: 0.808
2024-08-02 17:36:05 - INFO - Model trained and saved successfully for subset 8.
2024-08-02 17:36:05 - INFO - ---------------------------
2024-08-02 17:36:05 - INFO - TRAIN MODEL STAGE COMPLETED FOR SUBSET 8
2024-08-02 17:36:05 - INFO - ---------------------------
2024-08-02 17:36:05 - INFO - --------------------------------
2024-08-02 17:36:05 - INFO - EVALUATE MODEL STAGE STARTING FOR SUBSET 8...
2024-08-02 17:36:05 - INFO - --------------------------------
2024-08-02 17:36:05 - INFO - ROC AUC Score: 0.6427392739273927
2024-08-02 17:36:05 - INFO - Confusion Matrix: 
[[ 27  21]
 [ 59 143]]
2024-08-02 17:36:05 - INFO - Precision: 0.8719512195121951
2024-08-02 17:36:05 - INFO - Recall: 0.7079207920792079
2024-08-02 17:36:05 - INFO - Model evaluated successfully for subset 8.
2024-08-02 17:36:05 - INFO - ------------------------------
2024-08-02 17:36:05 - INFO - EVALUATE MODEL STAGE COMPLETED FOR SUBSET 8
2024-08-02 17:36:05 - INFO - ------------------------------
2024-08-02 17:36:05 - INFO - Subset 9 demographic makeup: 900 1, 52 3, 32 2, 16 4
2024-08-02 17:36:05 - INFO - Processing subset 9...
2024-08-02 17:36:05 - INFO - -----------------------------
2024-08-02 17:36:05 - INFO - TRAIN MODEL STAGE STARTING FOR SUBSET 9...
2024-08-02 17:36:05 - INFO - -----------------------------
2024-08-02 17:36:05 - INFO - Scaling features and applying LASSO for feature selection...
2024-08-02 17:36:07 - INFO - Selected features (including required): ['who', 'RaceEth', 'age', 'is_female', 'is_hispanic', 'unemployed', 'unstableliving', 'education', 'marital', 'UDS_Amphetamine_Count', 'UDS_Benzodiazepine_Count', 'UDS_Buprenorphine_Count', 'UDS_Cocaine_Count', 'UDS_Methadone_Count', 'UDS_Opioid_Count', 'UDS_Sedatives_Count', 'UDS_Thc_Count', 'pain', 'has_schizophrenia', 'has_major_dep', 'has_bipolar', 'has_anx_pan', 'has_brain_damage', 'has_epilepsy', 'has_alcol_dx', 'has_amphetamines_dx', 'has_cannabis_dx', 'has_cocaine_dx', 'has_sedatives_dx', 'ftnd', 'XTRT', 'shared', 'rbsivheroin', 'TLFB_Alcohol_Count', 'TLFB_Amphetamine_Count', 'TLFB_Benzodiazepine_Count', 'TLFB_Buprenorphine_Count', 'TLFB_Cocaine_Count', 'TLFB_Heroin_Count', 'TLFB_Methadone_Count', 'TLFB_Opioid_Count', 'TLFB_THC_Count', 'TLFB_Other', 'Homosexual_Behavior', 'Non_monogamous_Relationships']
2024-08-02 17:36:07 - INFO - Fitting logistic regression model with the selected features...
2024-08-02 17:36:08 - INFO - Model training completed successfully.
2024-08-02 17:36:08 - INFO - Calculating the dynamic threshold based on the proportion of positive outcomes...
2024-08-02 17:36:08 - INFO - Ratio of 1s to 0s in the outcome variable: 0.82 : 0.18
2024-08-02 17:36:08 - INFO - Dynamic threshold set to: 0.816
2024-08-02 17:36:08 - INFO - Model trained and saved successfully for subset 9.
2024-08-02 17:36:08 - INFO - ---------------------------
2024-08-02 17:36:08 - INFO - TRAIN MODEL STAGE COMPLETED FOR SUBSET 9
2024-08-02 17:36:08 - INFO - ---------------------------
2024-08-02 17:36:08 - INFO - --------------------------------
2024-08-02 17:36:08 - INFO - EVALUATE MODEL STAGE STARTING FOR SUBSET 9...
2024-08-02 17:36:08 - INFO - --------------------------------
2024-08-02 17:36:08 - INFO - ROC AUC Score: 0.68691389599318
2024-08-02 17:36:08 - INFO - Confusion Matrix: 
[[ 28  18]
 [ 60 144]]
2024-08-02 17:36:08 - INFO - Precision: 0.8888888888888888
2024-08-02 17:36:08 - INFO - Recall: 0.7058823529411765
2024-08-02 17:36:08 - INFO - Model evaluated successfully for subset 9.
2024-08-02 17:36:08 - INFO - ------------------------------
2024-08-02 17:36:08 - INFO - EVALUATE MODEL STAGE COMPLETED FOR SUBSET 9
2024-08-02 17:36:08 - INFO - ------------------------------
2024-08-02 17:36:08 - INFO - Subset 10 demographic makeup: 950 1, 29 3, 13 2, 8 4
2024-08-02 17:36:08 - INFO - Processing subset 10...
2024-08-02 17:36:08 - INFO - -----------------------------
2024-08-02 17:36:08 - INFO - TRAIN MODEL STAGE STARTING FOR SUBSET 10...
2024-08-02 17:36:08 - INFO - -----------------------------
2024-08-02 17:36:08 - INFO - Scaling features and applying LASSO for feature selection...
2024-08-02 17:36:09 - INFO - Selected features (including required): ['who', 'RaceEth', 'age', 'is_female', 'is_hispanic', 'unemployed', 'unstableliving', 'education', 'marital', 'UDS_Amphetamine_Count', 'UDS_Benzodiazepine_Count', 'UDS_Buprenorphine_Count', 'UDS_Cocaine_Count', 'UDS_Methadone_Count', 'UDS_Opioid_Count', 'UDS_Sedatives_Count', 'UDS_Thc_Count', 'pain', 'has_schizophrenia', 'has_major_dep', 'has_bipolar', 'has_anx_pan', 'has_brain_damage', 'has_epilepsy', 'has_alcol_dx', 'has_amphetamines_dx', 'has_cannabis_dx', 'has_cocaine_dx', 'has_sedatives_dx', 'ftnd', 'XTRT', 'shared', 'rbsivheroin', 'TLFB_Alcohol_Count', 'TLFB_Amphetamine_Count', 'TLFB_Benzodiazepine_Count', 'TLFB_Buprenorphine_Count', 'TLFB_Cocaine_Count', 'TLFB_Heroin_Count', 'TLFB_Methadone_Count', 'TLFB_Opioid_Count', 'TLFB_THC_Count', 'TLFB_Other', 'Homosexual_Behavior', 'Non_monogamous_Relationships']
2024-08-02 17:36:09 - INFO - Fitting logistic regression model with the selected features...
2024-08-02 17:36:10 - INFO - Model training completed successfully.
2024-08-02 17:36:10 - INFO - Calculating the dynamic threshold based on the proportion of positive outcomes...
2024-08-02 17:36:10 - INFO - Ratio of 1s to 0s in the outcome variable: 0.77 : 0.23
2024-08-02 17:36:10 - INFO - Dynamic threshold set to: 0.772
2024-08-02 17:36:10 - INFO - Model trained and saved successfully for subset 10.
2024-08-02 17:36:10 - INFO - ---------------------------
2024-08-02 17:36:10 - INFO - TRAIN MODEL STAGE COMPLETED FOR SUBSET 10
2024-08-02 17:36:10 - INFO - ---------------------------
2024-08-02 17:36:10 - INFO - --------------------------------
2024-08-02 17:36:10 - INFO - EVALUATE MODEL STAGE STARTING FOR SUBSET 10...
2024-08-02 17:36:10 - INFO - --------------------------------
2024-08-02 17:36:10 - INFO - ROC AUC Score: 0.7107535678574676
2024-08-02 17:36:10 - INFO - Confusion Matrix: 
[[ 35  22]
 [ 46 147]]
2024-08-02 17:36:10 - INFO - Precision: 0.8698224852071006
2024-08-02 17:36:10 - INFO - Recall: 0.7616580310880829
2024-08-02 17:36:10 - INFO - Model evaluated successfully for subset 10.
2024-08-02 17:36:10 - INFO - ------------------------------
2024-08-02 17:36:10 - INFO - EVALUATE MODEL STAGE COMPLETED FOR SUBSET 10
2024-08-02 17:36:10 - INFO - ------------------------------
2024-08-02 17:36:10 - INFO - Subset 11 demographic makeup: 1000 1
2024-08-02 17:36:10 - INFO - Processing subset 11...
2024-08-02 17:36:10 - INFO - -----------------------------
2024-08-02 17:36:10 - INFO - TRAIN MODEL STAGE STARTING FOR SUBSET 11...
2024-08-02 17:36:10 - INFO - -----------------------------
2024-08-02 17:36:10 - INFO - Scaling features and applying LASSO for feature selection...
2024-08-02 17:36:11 - INFO - Selected features (including required): ['who', 'age', 'is_female', 'unemployed', 'unstableliving', 'education', 'marital', 'UDS_Amphetamine_Count', 'UDS_Benzodiazepine_Count', 'UDS_Buprenorphine_Count', 'UDS_Cocaine_Count', 'UDS_Methadone_Count', 'UDS_Opioid_Count', 'UDS_Sedatives_Count', 'UDS_Thc_Count', 'pain', 'has_schizophrenia', 'has_major_dep', 'has_bipolar', 'has_anx_pan', 'has_brain_damage', 'has_epilepsy', 'has_alcol_dx', 'has_amphetamines_dx', 'has_cannabis_dx', 'has_cocaine_dx', 'has_sedatives_dx', 'ftnd', 'XTRT', 'shared', 'rbsivheroin', 'TLFB_Alcohol_Count', 'TLFB_Amphetamine_Count', 'TLFB_Benzodiazepine_Count', 'TLFB_Buprenorphine_Count', 'TLFB_Cocaine_Count', 'TLFB_Heroin_Count', 'TLFB_Methadone_Count', 'TLFB_Opioid_Count', 'TLFB_THC_Count', 'TLFB_Other', 'Homosexual_Behavior', 'Non_monogamous_Relationships']
2024-08-02 17:36:11 - INFO - Fitting logistic regression model with the selected features...
2024-08-02 17:36:12 - INFO - Model training completed successfully.
2024-08-02 17:36:12 - INFO - Calculating the dynamic threshold based on the proportion of positive outcomes...
2024-08-02 17:36:12 - INFO - Ratio of 1s to 0s in the outcome variable: 0.84 : 0.16
2024-08-02 17:36:12 - INFO - Dynamic threshold set to: 0.84
2024-08-02 17:36:12 - INFO - Model trained and saved successfully for subset 11.
2024-08-02 17:36:12 - INFO - ---------------------------
2024-08-02 17:36:12 - INFO - TRAIN MODEL STAGE COMPLETED FOR SUBSET 11
2024-08-02 17:36:12 - INFO - ---------------------------
2024-08-02 17:36:12 - INFO - --------------------------------
2024-08-02 17:36:12 - INFO - EVALUATE MODEL STAGE STARTING FOR SUBSET 11...
2024-08-02 17:36:12 - INFO - --------------------------------
2024-08-02 17:36:12 - INFO - ROC AUC Score: 0.7610714285714285
2024-08-02 17:36:12 - INFO - Confusion Matrix: 
[[ 31   9]
 [ 76 134]]
2024-08-02 17:36:12 - INFO - Precision: 0.9370629370629371
2024-08-02 17:36:12 - INFO - Recall: 0.638095238095238
2024-08-02 17:36:12 - INFO - Model evaluated successfully for subset 11.
2024-08-02 17:36:12 - INFO - ------------------------------
2024-08-02 17:36:12 - INFO - EVALUATE MODEL STAGE COMPLETED FOR SUBSET 11
2024-08-02 17:36:12 - INFO - ------------------------------
2024-08-02 17:36:12 - INFO - ------------------
2024-08-02 17:36:12 - INFO - PIPELINE COMPLETED
2024-08-02 17:36:12 - INFO - ------------------
