2024-08-14 12:42:47,824 - INFO - Global Seed set to: 2
2024-08-14 12:42:47,824 - INFO - Outcome Name: Rs_krupitsky_2004
2024-08-14 12:42:47,875 - INFO - Datasets loaded successfully.
2024-08-14 12:42:47,879 - INFO - Starting preprocessing of the merged dataset...
2024-08-14 12:42:47,879 - INFO - ---------------------------------
2024-08-14 12:42:47,879 - INFO - PRE-PROCESSING STAGE STARTING...
2024-08-14 12:42:47,879 - INFO - ---------------------------------
2024-08-14 12:42:47,967 - INFO - Dropped initial columns: ['pain_when', 'is_smoker', 'per_day', 'max', 'amount', 'depression', 'anxiety', 'schizophrenia', 'max', 'amount', 'cocaine_inject_days', 'speedball_inject_days', 'opioid_inject_days', 'speed_inject_days', 'UDS_Alcohol_Count', 'UDS_Mdma/Hallucinogen_Count']
2024-08-14 12:42:48,016 - INFO - Converted Yes/No to binary.
2024-08-14 12:42:48,037 - INFO - Processed TLFB columns with specified columns: ['TLFB_Alcohol_Count', 'TLFB_Amphetamine_Count', 'TLFB_Cocaine_Count', 'TLFB_Heroin_Count', 'TLFB_Benzodiazepine_Count', 'TLFB_Opioid_Count', 'TLFB_THC_Count', 'TLFB_Methadone_Count', 'TLFB_Buprenorphine_Count']
2024-08-14 12:42:48,048 - INFO - Calculated behavioral columns.
2024-08-14 12:42:48,054 - INFO - Moved 'Rs_krupitsky_2004' column to the end.
2024-08-14 12:42:48,142 - INFO - Dropped initial columns: ['msm_npt', 'msm_frq', 'txx_prt']
2024-08-14 12:42:48,164 - INFO - transform_data_with_nan_handling success
2024-08-14 12:42:48,165 - INFO - Renamed columns according to the mapping.
2024-08-14 12:42:48,195 - INFO - Transformed NaN to 0 for binary columns.
2024-08-14 12:42:48,196 - INFO - Transformed and renamed 'heroin_inject_days' column to 'rbsivheroin'.
2024-08-14 12:42:48,197 - INFO - Filled NaN with 0 for 'ftnd' column.
2024-08-14 12:42:48,270 - INFO - Dropped additional columns: ['rbs_iv_days', 'race', 'RBS_cocaine_Days', 'RBS_heroin_Days', 'RBS_opioid_Days', 'RBS_speed_Days', 'RBS_speedball_Days']
2024-08-14 12:42:48,290 - INFO - Converted UDS drug counts to binary.
2024-08-14 12:42:48,352 - INFO - ------------------------------
2024-08-14 12:42:48,353 - INFO - PRE-PROCESSING STAGE COMPLETED
2024-08-14 12:42:48,353 - INFO - ------------------------------
2024-08-14 12:42:48,353 - INFO - Merged dataset preprocessed successfully.
2024-08-14 12:42:48,353 - INFO - Creating demographic subsets from preprocessed data...
2024-08-14 12:42:56,817 - INFO - Created 11 subsets successfully.
2024-08-14 12:42:56,818 - INFO - Creating merged subsets from create_demographics_dfs function
2024-08-14 12:42:56,897 - INFO - Created 11 merged subsets successfully.
2024-08-14 12:42:56,898 - INFO - Subset 1 demographic makeup: 500 1, 242 3, 158 2, 100 4
2024-08-14 12:42:56,898 - INFO - Processing subset 1...
2024-08-14 12:42:56,899 - INFO - -----------------------------
2024-08-14 12:42:56,899 - INFO - TRAIN MODEL STAGE STARTING FOR SUBSET 1...
2024-08-14 12:42:56,899 - INFO - -----------------------------
2024-08-14 12:42:56,904 - INFO - Scaling features and applying LASSO for feature selection...
2024-08-14 12:42:57,287 - INFO - Selected features (including required): ['who', 'RaceEth', 'age', 'is_female', 'is_hispanic', 'unemployed', 'unstableliving', 'education', 'marital', 'UDS_Amphetamine_Count', 'UDS_Benzodiazepine_Count', 'UDS_Buprenorphine_Count', 'UDS_Cocaine_Count', 'UDS_Methadone_Count', 'UDS_Opioid_Count', 'UDS_Sedatives_Count', 'UDS_Thc_Count', 'pain', 'has_schizophrenia', 'has_major_dep', 'has_bipolar', 'has_anx_pan', 'has_brain_damage', 'has_epilepsy', 'has_alcol_dx', 'has_amphetamines_dx', 'has_cannabis_dx', 'has_cocaine_dx', 'has_sedatives_dx', 'ftnd', 'XTRT', 'shared', 'rbsivheroin', 'TLFB_Alcohol_Count', 'TLFB_Amphetamine_Count', 'TLFB_Benzodiazepine_Count', 'TLFB_Buprenorphine_Count', 'TLFB_Cocaine_Count', 'TLFB_Heroin_Count', 'TLFB_Methadone_Count', 'TLFB_Opioid_Count', 'TLFB_THC_Count', 'TLFB_Other', 'Homosexual_Behavior', 'Non_monogamous_Relationships']
2024-08-14 12:42:57,293 - INFO - Fitting logistic regression model with the selected features...
2024-08-14 12:42:58,142 - INFO - Model training completed successfully.
2024-08-14 12:42:58,143 - INFO - Calculating the dynamic threshold based on the proportion of positive outcomes...
2024-08-14 12:42:58,143 - INFO - Ratio of 1s to 0s in the outcome variable: 0.80 : 0.20
2024-08-14 12:42:58,143 - INFO - Dynamic threshold set to: 0.796
2024-08-14 12:42:58,143 - INFO - Model trained and saved successfully for subset 1.
2024-08-14 12:42:58,143 - INFO - ---------------------------
2024-08-14 12:42:58,143 - INFO - TRAIN MODEL STAGE COMPLETED FOR SUBSET 1
2024-08-14 12:42:58,143 - INFO - ---------------------------
2024-08-14 12:42:58,143 - INFO - --------------------------------
2024-08-14 12:42:58,143 - INFO - EVALUATE MODEL STAGE STARTING FOR SUBSET 1...
2024-08-14 12:42:58,143 - INFO - --------------------------------
2024-08-14 12:42:58,156 - INFO - ROC AUC Score: 0.6816435116760272
2024-08-14 12:42:58,156 - INFO - Confusion Matrix: 
[[ 25  26]
 [ 53 146]]
2024-08-14 12:42:58,156 - INFO - Precision: 0.8488372093023255
2024-08-14 12:42:58,156 - INFO - Recall: 0.7336683417085427
2024-08-14 12:42:58,156 - INFO - Model evaluated successfully for subset 1.
2024-08-14 12:42:58,156 - INFO - ------------------------------
2024-08-14 12:42:58,156 - INFO - EVALUATE MODEL STAGE COMPLETED FOR SUBSET 1
2024-08-14 12:42:58,157 - INFO - ------------------------------
2024-08-14 12:42:58,158 - INFO - Subset 2 demographic makeup: 550 1, 213 3, 147 2, 90 4
2024-08-14 12:42:58,158 - INFO - Processing subset 2...
2024-08-14 12:42:58,158 - INFO - -----------------------------
2024-08-14 12:42:58,158 - INFO - TRAIN MODEL STAGE STARTING FOR SUBSET 2...
2024-08-14 12:42:58,158 - INFO - -----------------------------
2024-08-14 12:42:58,167 - INFO - Scaling features and applying LASSO for feature selection...
2024-08-14 12:42:58,590 - INFO - Selected features (including required): ['who', 'RaceEth', 'age', 'is_female', 'is_hispanic', 'unemployed', 'unstableliving', 'education', 'marital', 'UDS_Amphetamine_Count', 'UDS_Benzodiazepine_Count', 'UDS_Buprenorphine_Count', 'UDS_Cocaine_Count', 'UDS_Methadone_Count', 'UDS_Opioid_Count', 'UDS_Sedatives_Count', 'UDS_Thc_Count', 'pain', 'has_schizophrenia', 'has_major_dep', 'has_bipolar', 'has_anx_pan', 'has_brain_damage', 'has_epilepsy', 'has_alcol_dx', 'has_amphetamines_dx', 'has_cannabis_dx', 'has_cocaine_dx', 'has_sedatives_dx', 'ftnd', 'XTRT', 'shared', 'rbsivheroin', 'TLFB_Alcohol_Count', 'TLFB_Amphetamine_Count', 'TLFB_Benzodiazepine_Count', 'TLFB_Buprenorphine_Count', 'TLFB_Cocaine_Count', 'TLFB_Heroin_Count', 'TLFB_Methadone_Count', 'TLFB_Opioid_Count', 'TLFB_THC_Count', 'TLFB_Other', 'Homosexual_Behavior', 'Non_monogamous_Relationships']
2024-08-14 12:42:58,595 - INFO - Fitting logistic regression model with the selected features...
2024-08-14 12:42:59,292 - INFO - Model training completed successfully.
2024-08-14 12:42:59,293 - INFO - Calculating the dynamic threshold based on the proportion of positive outcomes...
2024-08-14 12:42:59,293 - INFO - Ratio of 1s to 0s in the outcome variable: 0.83 : 0.17
2024-08-14 12:42:59,293 - INFO - Dynamic threshold set to: 0.828
2024-08-14 12:42:59,293 - INFO - Model trained and saved successfully for subset 2.
2024-08-14 12:42:59,293 - INFO - ---------------------------
2024-08-14 12:42:59,293 - INFO - TRAIN MODEL STAGE COMPLETED FOR SUBSET 2
2024-08-14 12:42:59,293 - INFO - ---------------------------
2024-08-14 12:42:59,293 - INFO - --------------------------------
2024-08-14 12:42:59,293 - INFO - EVALUATE MODEL STAGE STARTING FOR SUBSET 2...
2024-08-14 12:42:59,294 - INFO - --------------------------------
2024-08-14 12:42:59,306 - INFO - ROC AUC Score: 0.680934726435232
2024-08-14 12:42:59,306 - INFO - Confusion Matrix: 
[[ 25  18]
 [ 89 118]]
2024-08-14 12:42:59,306 - INFO - Precision: 0.8676470588235294
2024-08-14 12:42:59,306 - INFO - Recall: 0.5700483091787439
2024-08-14 12:42:59,306 - INFO - Model evaluated successfully for subset 2.
2024-08-14 12:42:59,306 - INFO - ------------------------------
2024-08-14 12:42:59,306 - INFO - EVALUATE MODEL STAGE COMPLETED FOR SUBSET 2
2024-08-14 12:42:59,307 - INFO - ------------------------------
2024-08-14 12:42:59,308 - INFO - Subset 3 demographic makeup: 600 1, 188 3, 136 2, 76 4
2024-08-14 12:42:59,308 - INFO - Processing subset 3...
2024-08-14 12:42:59,308 - INFO - -----------------------------
2024-08-14 12:42:59,308 - INFO - TRAIN MODEL STAGE STARTING FOR SUBSET 3...
2024-08-14 12:42:59,308 - INFO - -----------------------------
2024-08-14 12:42:59,314 - INFO - Scaling features and applying LASSO for feature selection...
2024-08-14 12:42:59,948 - INFO - Selected features (including required): ['who', 'RaceEth', 'age', 'is_female', 'is_hispanic', 'unemployed', 'unstableliving', 'education', 'marital', 'UDS_Amphetamine_Count', 'UDS_Benzodiazepine_Count', 'UDS_Buprenorphine_Count', 'UDS_Cocaine_Count', 'UDS_Methadone_Count', 'UDS_Opioid_Count', 'UDS_Sedatives_Count', 'UDS_Thc_Count', 'pain', 'has_schizophrenia', 'has_major_dep', 'has_bipolar', 'has_anx_pan', 'has_brain_damage', 'has_epilepsy', 'has_alcol_dx', 'has_amphetamines_dx', 'has_cannabis_dx', 'has_cocaine_dx', 'has_sedatives_dx', 'ftnd', 'XTRT', 'shared', 'rbsivheroin', 'TLFB_Alcohol_Count', 'TLFB_Amphetamine_Count', 'TLFB_Benzodiazepine_Count', 'TLFB_Buprenorphine_Count', 'TLFB_Cocaine_Count', 'TLFB_Heroin_Count', 'TLFB_Methadone_Count', 'TLFB_Opioid_Count', 'TLFB_THC_Count', 'TLFB_Other', 'Homosexual_Behavior', 'Non_monogamous_Relationships']
2024-08-14 12:42:59,957 - INFO - Fitting logistic regression model with the selected features...
2024-08-14 12:43:00,812 - INFO - Model training completed successfully.
2024-08-14 12:43:00,812 - INFO - Calculating the dynamic threshold based on the proportion of positive outcomes...
2024-08-14 12:43:00,813 - INFO - Ratio of 1s to 0s in the outcome variable: 0.87 : 0.13
2024-08-14 12:43:00,813 - INFO - Dynamic threshold set to: 0.868
2024-08-14 12:43:00,814 - INFO - Model trained and saved successfully for subset 3.
2024-08-14 12:43:00,815 - INFO - ---------------------------
2024-08-14 12:43:00,818 - INFO - TRAIN MODEL STAGE COMPLETED FOR SUBSET 3
2024-08-14 12:43:00,819 - INFO - ---------------------------
2024-08-14 12:43:00,819 - INFO - --------------------------------
2024-08-14 12:43:00,819 - INFO - EVALUATE MODEL STAGE STARTING FOR SUBSET 3...
2024-08-14 12:43:00,820 - INFO - --------------------------------
2024-08-14 12:43:00,841 - INFO - ROC AUC Score: 0.6522832006702974
2024-08-14 12:43:00,841 - INFO - Confusion Matrix: 
[[ 29   4]
 [135  82]]
2024-08-14 12:43:00,842 - INFO - Precision: 0.9534883720930233
2024-08-14 12:43:00,842 - INFO - Recall: 0.3778801843317972
2024-08-14 12:43:00,842 - INFO - Model evaluated successfully for subset 3.
2024-08-14 12:43:00,842 - INFO - ------------------------------
2024-08-14 12:43:00,842 - INFO - EVALUATE MODEL STAGE COMPLETED FOR SUBSET 3
2024-08-14 12:43:00,843 - INFO - ------------------------------
2024-08-14 12:43:00,845 - INFO - Subset 4 demographic makeup: 650 1, 164 3, 120 2, 66 4
2024-08-14 12:43:00,845 - INFO - Processing subset 4...
2024-08-14 12:43:00,848 - INFO - -----------------------------
2024-08-14 12:43:00,850 - INFO - TRAIN MODEL STAGE STARTING FOR SUBSET 4...
2024-08-14 12:43:00,851 - INFO - -----------------------------
2024-08-14 12:43:00,863 - INFO - Scaling features and applying LASSO for feature selection...
2024-08-14 12:43:02,384 - INFO - Selected features (including required): ['who', 'RaceEth', 'age', 'is_female', 'is_hispanic', 'unemployed', 'unstableliving', 'education', 'marital', 'UDS_Amphetamine_Count', 'UDS_Benzodiazepine_Count', 'UDS_Buprenorphine_Count', 'UDS_Cocaine_Count', 'UDS_Methadone_Count', 'UDS_Opioid_Count', 'UDS_Sedatives_Count', 'UDS_Thc_Count', 'pain', 'has_schizophrenia', 'has_major_dep', 'has_bipolar', 'has_anx_pan', 'has_brain_damage', 'has_epilepsy', 'has_alcol_dx', 'has_amphetamines_dx', 'has_cannabis_dx', 'has_cocaine_dx', 'has_sedatives_dx', 'ftnd', 'XTRT', 'shared', 'rbsivheroin', 'TLFB_Alcohol_Count', 'TLFB_Amphetamine_Count', 'TLFB_Benzodiazepine_Count', 'TLFB_Buprenorphine_Count', 'TLFB_Cocaine_Count', 'TLFB_Heroin_Count', 'TLFB_Methadone_Count', 'TLFB_Opioid_Count', 'TLFB_THC_Count', 'TLFB_Other', 'Homosexual_Behavior', 'Non_monogamous_Relationships']
2024-08-14 12:43:02,392 - INFO - Fitting logistic regression model with the selected features...
2024-08-14 12:43:03,141 - INFO - Model training completed successfully.
2024-08-14 12:43:03,141 - INFO - Calculating the dynamic threshold based on the proportion of positive outcomes...
2024-08-14 12:43:03,142 - INFO - Ratio of 1s to 0s in the outcome variable: 0.82 : 0.18
2024-08-14 12:43:03,142 - INFO - Dynamic threshold set to: 0.82
2024-08-14 12:43:03,142 - INFO - Model trained and saved successfully for subset 4.
2024-08-14 12:43:03,142 - INFO - ---------------------------
2024-08-14 12:43:03,142 - INFO - TRAIN MODEL STAGE COMPLETED FOR SUBSET 4
2024-08-14 12:43:03,142 - INFO - ---------------------------
2024-08-14 12:43:03,142 - INFO - --------------------------------
2024-08-14 12:43:03,142 - INFO - EVALUATE MODEL STAGE STARTING FOR SUBSET 4...
2024-08-14 12:43:03,142 - INFO - --------------------------------
2024-08-14 12:43:03,155 - INFO - ROC AUC Score: 0.7204336043360433
2024-08-14 12:43:03,155 - INFO - Confusion Matrix: 
[[ 27  18]
 [ 51 154]]
2024-08-14 12:43:03,155 - INFO - Precision: 0.8953488372093024
2024-08-14 12:43:03,156 - INFO - Recall: 0.751219512195122
2024-08-14 12:43:03,156 - INFO - Model evaluated successfully for subset 4.
2024-08-14 12:43:03,156 - INFO - ------------------------------
2024-08-14 12:43:03,156 - INFO - EVALUATE MODEL STAGE COMPLETED FOR SUBSET 4
2024-08-14 12:43:03,156 - INFO - ------------------------------
2024-08-14 12:43:03,157 - INFO - Subset 5 demographic makeup: 700 1, 142 3, 104 2, 54 4
2024-08-14 12:43:03,157 - INFO - Processing subset 5...
2024-08-14 12:43:03,157 - INFO - -----------------------------
2024-08-14 12:43:03,157 - INFO - TRAIN MODEL STAGE STARTING FOR SUBSET 5...
2024-08-14 12:43:03,157 - INFO - -----------------------------
2024-08-14 12:43:03,165 - INFO - Scaling features and applying LASSO for feature selection...
2024-08-14 12:43:04,652 - INFO - Selected features (including required): ['who', 'RaceEth', 'age', 'is_female', 'is_hispanic', 'unemployed', 'unstableliving', 'education', 'marital', 'UDS_Amphetamine_Count', 'UDS_Benzodiazepine_Count', 'UDS_Buprenorphine_Count', 'UDS_Cocaine_Count', 'UDS_Methadone_Count', 'UDS_Opioid_Count', 'UDS_Sedatives_Count', 'UDS_Thc_Count', 'pain', 'has_schizophrenia', 'has_major_dep', 'has_bipolar', 'has_anx_pan', 'has_brain_damage', 'has_epilepsy', 'has_alcol_dx', 'has_amphetamines_dx', 'has_cannabis_dx', 'has_cocaine_dx', 'has_sedatives_dx', 'ftnd', 'XTRT', 'shared', 'rbsivheroin', 'TLFB_Alcohol_Count', 'TLFB_Amphetamine_Count', 'TLFB_Benzodiazepine_Count', 'TLFB_Buprenorphine_Count', 'TLFB_Cocaine_Count', 'TLFB_Heroin_Count', 'TLFB_Methadone_Count', 'TLFB_Opioid_Count', 'TLFB_THC_Count', 'TLFB_Other', 'Homosexual_Behavior', 'Non_monogamous_Relationships']
2024-08-14 12:43:04,658 - INFO - Fitting logistic regression model with the selected features...
2024-08-14 12:43:05,207 - INFO - Model training completed successfully.
2024-08-14 12:43:05,207 - INFO - Calculating the dynamic threshold based on the proportion of positive outcomes...
2024-08-14 12:43:05,208 - INFO - Ratio of 1s to 0s in the outcome variable: 0.88 : 0.12
2024-08-14 12:43:05,208 - INFO - Dynamic threshold set to: 0.876
2024-08-14 12:43:05,209 - INFO - Model trained and saved successfully for subset 5.
2024-08-14 12:43:05,210 - INFO - ---------------------------
2024-08-14 12:43:05,210 - INFO - TRAIN MODEL STAGE COMPLETED FOR SUBSET 5
2024-08-14 12:43:05,212 - INFO - ---------------------------
2024-08-14 12:43:05,214 - INFO - --------------------------------
2024-08-14 12:43:05,214 - INFO - EVALUATE MODEL STAGE STARTING FOR SUBSET 5...
2024-08-14 12:43:05,215 - INFO - --------------------------------
2024-08-14 12:43:05,241 - INFO - ROC AUC Score: 0.6254234791574607
2024-08-14 12:43:05,244 - INFO - Confusion Matrix: 
[[ 23   8]
 [105 114]]
2024-08-14 12:43:05,244 - INFO - Precision: 0.9344262295081968
2024-08-14 12:43:05,245 - INFO - Recall: 0.5205479452054794
2024-08-14 12:43:05,245 - INFO - Model evaluated successfully for subset 5.
2024-08-14 12:43:05,246 - INFO - ------------------------------
2024-08-14 12:43:05,250 - INFO - EVALUATE MODEL STAGE COMPLETED FOR SUBSET 5
2024-08-14 12:43:05,251 - INFO - ------------------------------
2024-08-14 12:43:05,253 - INFO - Subset 6 demographic makeup: 750 1, 114 3, 88 2, 48 4
2024-08-14 12:43:05,253 - INFO - Processing subset 6...
2024-08-14 12:43:05,254 - INFO - -----------------------------
2024-08-14 12:43:05,254 - INFO - TRAIN MODEL STAGE STARTING FOR SUBSET 6...
2024-08-14 12:43:05,255 - INFO - -----------------------------
2024-08-14 12:43:05,269 - INFO - Scaling features and applying LASSO for feature selection...
2024-08-14 12:43:06,035 - INFO - Selected features (including required): ['who', 'RaceEth', 'age', 'is_female', 'is_hispanic', 'unemployed', 'unstableliving', 'education', 'marital', 'UDS_Amphetamine_Count', 'UDS_Benzodiazepine_Count', 'UDS_Buprenorphine_Count', 'UDS_Cocaine_Count', 'UDS_Methadone_Count', 'UDS_Opioid_Count', 'UDS_Sedatives_Count', 'UDS_Thc_Count', 'pain', 'has_schizophrenia', 'has_major_dep', 'has_bipolar', 'has_anx_pan', 'has_brain_damage', 'has_epilepsy', 'has_alcol_dx', 'has_amphetamines_dx', 'has_cannabis_dx', 'has_cocaine_dx', 'has_sedatives_dx', 'ftnd', 'XTRT', 'shared', 'rbsivheroin', 'TLFB_Alcohol_Count', 'TLFB_Amphetamine_Count', 'TLFB_Benzodiazepine_Count', 'TLFB_Buprenorphine_Count', 'TLFB_Cocaine_Count', 'TLFB_Heroin_Count', 'TLFB_Methadone_Count', 'TLFB_Opioid_Count', 'TLFB_THC_Count', 'TLFB_Other', 'Homosexual_Behavior', 'Non_monogamous_Relationships']
2024-08-14 12:43:06,040 - INFO - Fitting logistic regression model with the selected features...
2024-08-14 12:43:06,754 - INFO - Model training completed successfully.
2024-08-14 12:43:06,754 - INFO - Calculating the dynamic threshold based on the proportion of positive outcomes...
2024-08-14 12:43:06,754 - INFO - Ratio of 1s to 0s in the outcome variable: 0.83 : 0.17
2024-08-14 12:43:06,754 - INFO - Dynamic threshold set to: 0.832
2024-08-14 12:43:06,755 - INFO - Model trained and saved successfully for subset 6.
2024-08-14 12:43:06,755 - INFO - ---------------------------
2024-08-14 12:43:06,755 - INFO - TRAIN MODEL STAGE COMPLETED FOR SUBSET 6
2024-08-14 12:43:06,755 - INFO - ---------------------------
2024-08-14 12:43:06,755 - INFO - --------------------------------
2024-08-14 12:43:06,755 - INFO - EVALUATE MODEL STAGE STARTING FOR SUBSET 6...
2024-08-14 12:43:06,755 - INFO - --------------------------------
2024-08-14 12:43:06,776 - INFO - ROC AUC Score: 0.5918040293040293
2024-08-14 12:43:06,776 - INFO - Confusion Matrix: 
[[ 19  23]
 [ 70 138]]
2024-08-14 12:43:06,776 - INFO - Precision: 0.8571428571428571
2024-08-14 12:43:06,776 - INFO - Recall: 0.6634615384615384
2024-08-14 12:43:06,776 - INFO - Model evaluated successfully for subset 6.
2024-08-14 12:43:06,776 - INFO - ------------------------------
2024-08-14 12:43:06,777 - INFO - EVALUATE MODEL STAGE COMPLETED FOR SUBSET 6
2024-08-14 12:43:06,777 - INFO - ------------------------------
2024-08-14 12:43:06,777 - INFO - Subset 7 demographic makeup: 800 1, 87 3, 71 2, 42 4
2024-08-14 12:43:06,778 - INFO - Processing subset 7...
2024-08-14 12:43:06,778 - INFO - -----------------------------
2024-08-14 12:43:06,778 - INFO - TRAIN MODEL STAGE STARTING FOR SUBSET 7...
2024-08-14 12:43:06,778 - INFO - -----------------------------
2024-08-14 12:43:06,784 - INFO - Scaling features and applying LASSO for feature selection...
2024-08-14 12:43:09,701 - INFO - Selected features (including required): ['who', 'RaceEth', 'age', 'is_female', 'is_hispanic', 'unemployed', 'unstableliving', 'education', 'marital', 'UDS_Amphetamine_Count', 'UDS_Benzodiazepine_Count', 'UDS_Buprenorphine_Count', 'UDS_Cocaine_Count', 'UDS_Methadone_Count', 'UDS_Opioid_Count', 'UDS_Sedatives_Count', 'UDS_Thc_Count', 'pain', 'has_schizophrenia', 'has_major_dep', 'has_bipolar', 'has_anx_pan', 'has_brain_damage', 'has_epilepsy', 'has_alcol_dx', 'has_amphetamines_dx', 'has_cannabis_dx', 'has_cocaine_dx', 'has_sedatives_dx', 'ftnd', 'XTRT', 'shared', 'rbsivheroin', 'TLFB_Alcohol_Count', 'TLFB_Amphetamine_Count', 'TLFB_Benzodiazepine_Count', 'TLFB_Buprenorphine_Count', 'TLFB_Cocaine_Count', 'TLFB_Heroin_Count', 'TLFB_Methadone_Count', 'TLFB_Opioid_Count', 'TLFB_THC_Count', 'TLFB_Other', 'Homosexual_Behavior', 'Non_monogamous_Relationships']
2024-08-14 12:43:09,712 - INFO - Fitting logistic regression model with the selected features...
2024-08-14 12:43:11,614 - INFO - Model training completed successfully.
2024-08-14 12:43:11,615 - INFO - Calculating the dynamic threshold based on the proportion of positive outcomes...
2024-08-14 12:43:11,615 - INFO - Ratio of 1s to 0s in the outcome variable: 0.85 : 0.15
2024-08-14 12:43:11,615 - INFO - Dynamic threshold set to: 0.848
2024-08-14 12:43:11,615 - INFO - Model trained and saved successfully for subset 7.
2024-08-14 12:43:11,615 - INFO - ---------------------------
2024-08-14 12:43:11,615 - INFO - TRAIN MODEL STAGE COMPLETED FOR SUBSET 7
2024-08-14 12:43:11,615 - INFO - ---------------------------
2024-08-14 12:43:11,615 - INFO - --------------------------------
2024-08-14 12:43:11,615 - INFO - EVALUATE MODEL STAGE STARTING FOR SUBSET 7...
2024-08-14 12:43:11,615 - INFO - --------------------------------
2024-08-14 12:43:11,631 - INFO - ROC AUC Score: 0.6315789473684211
2024-08-14 12:43:11,631 - INFO - Confusion Matrix: 
[[ 21  17]
 [ 82 130]]
2024-08-14 12:43:11,631 - INFO - Precision: 0.8843537414965986
2024-08-14 12:43:11,632 - INFO - Recall: 0.6132075471698113
2024-08-14 12:43:11,633 - INFO - Model evaluated successfully for subset 7.
2024-08-14 12:43:11,633 - INFO - ------------------------------
2024-08-14 12:43:11,633 - INFO - EVALUATE MODEL STAGE COMPLETED FOR SUBSET 7
2024-08-14 12:43:11,633 - INFO - ------------------------------
2024-08-14 12:43:11,635 - INFO - Subset 8 demographic makeup: 850 1, 66 3, 53 2, 31 4
2024-08-14 12:43:11,635 - INFO - Processing subset 8...
2024-08-14 12:43:11,635 - INFO - -----------------------------
2024-08-14 12:43:11,636 - INFO - TRAIN MODEL STAGE STARTING FOR SUBSET 8...
2024-08-14 12:43:11,636 - INFO - -----------------------------
2024-08-14 12:43:11,644 - INFO - Scaling features and applying LASSO for feature selection...
2024-08-14 12:43:13,947 - INFO - Selected features (including required): ['who', 'RaceEth', 'age', 'is_female', 'is_hispanic', 'unemployed', 'unstableliving', 'education', 'marital', 'UDS_Amphetamine_Count', 'UDS_Benzodiazepine_Count', 'UDS_Buprenorphine_Count', 'UDS_Cocaine_Count', 'UDS_Methadone_Count', 'UDS_Opioid_Count', 'UDS_Sedatives_Count', 'UDS_Thc_Count', 'pain', 'has_schizophrenia', 'has_major_dep', 'has_bipolar', 'has_anx_pan', 'has_brain_damage', 'has_epilepsy', 'has_alcol_dx', 'has_amphetamines_dx', 'has_cannabis_dx', 'has_cocaine_dx', 'has_sedatives_dx', 'ftnd', 'XTRT', 'shared', 'rbsivheroin', 'TLFB_Alcohol_Count', 'TLFB_Amphetamine_Count', 'TLFB_Benzodiazepine_Count', 'TLFB_Buprenorphine_Count', 'TLFB_Cocaine_Count', 'TLFB_Heroin_Count', 'TLFB_Methadone_Count', 'TLFB_Opioid_Count', 'TLFB_THC_Count', 'TLFB_Other', 'Homosexual_Behavior', 'Non_monogamous_Relationships']
2024-08-14 12:43:13,952 - INFO - Fitting logistic regression model with the selected features...
2024-08-14 12:43:14,920 - INFO - Model training completed successfully.
2024-08-14 12:43:14,920 - INFO - Calculating the dynamic threshold based on the proportion of positive outcomes...
2024-08-14 12:43:14,921 - INFO - Ratio of 1s to 0s in the outcome variable: 0.82 : 0.18
2024-08-14 12:43:14,921 - INFO - Dynamic threshold set to: 0.824
2024-08-14 12:43:14,921 - INFO - Model trained and saved successfully for subset 8.
2024-08-14 12:43:14,921 - INFO - ---------------------------
2024-08-14 12:43:14,921 - INFO - TRAIN MODEL STAGE COMPLETED FOR SUBSET 8
2024-08-14 12:43:14,921 - INFO - ---------------------------
2024-08-14 12:43:14,921 - INFO - --------------------------------
2024-08-14 12:43:14,921 - INFO - EVALUATE MODEL STAGE STARTING FOR SUBSET 8...
2024-08-14 12:43:14,921 - INFO - --------------------------------
2024-08-14 12:43:14,942 - INFO - ROC AUC Score: 0.6946160635481025
2024-08-14 12:43:14,944 - INFO - Confusion Matrix: 
[[ 25  19]
 [ 71 135]]
2024-08-14 12:43:14,944 - INFO - Precision: 0.8766233766233766
2024-08-14 12:43:14,944 - INFO - Recall: 0.6553398058252428
2024-08-14 12:43:14,944 - INFO - Model evaluated successfully for subset 8.
2024-08-14 12:43:14,944 - INFO - ------------------------------
2024-08-14 12:43:14,944 - INFO - EVALUATE MODEL STAGE COMPLETED FOR SUBSET 8
2024-08-14 12:43:14,944 - INFO - ------------------------------
2024-08-14 12:43:14,946 - INFO - Subset 9 demographic makeup: 900 1, 45 3, 34 2, 21 4
2024-08-14 12:43:14,946 - INFO - Processing subset 9...
2024-08-14 12:43:14,946 - INFO - -----------------------------
2024-08-14 12:43:14,946 - INFO - TRAIN MODEL STAGE STARTING FOR SUBSET 9...
2024-08-14 12:43:14,946 - INFO - -----------------------------
2024-08-14 12:43:14,952 - INFO - Scaling features and applying LASSO for feature selection...
2024-08-14 12:43:16,895 - INFO - Selected features (including required): ['who', 'RaceEth', 'age', 'is_female', 'is_hispanic', 'unemployed', 'unstableliving', 'education', 'marital', 'UDS_Amphetamine_Count', 'UDS_Benzodiazepine_Count', 'UDS_Buprenorphine_Count', 'UDS_Cocaine_Count', 'UDS_Methadone_Count', 'UDS_Opioid_Count', 'UDS_Sedatives_Count', 'UDS_Thc_Count', 'pain', 'has_schizophrenia', 'has_major_dep', 'has_bipolar', 'has_anx_pan', 'has_brain_damage', 'has_epilepsy', 'has_alcol_dx', 'has_amphetamines_dx', 'has_cannabis_dx', 'has_cocaine_dx', 'has_sedatives_dx', 'ftnd', 'XTRT', 'shared', 'rbsivheroin', 'TLFB_Alcohol_Count', 'TLFB_Amphetamine_Count', 'TLFB_Benzodiazepine_Count', 'TLFB_Buprenorphine_Count', 'TLFB_Cocaine_Count', 'TLFB_Heroin_Count', 'TLFB_Methadone_Count', 'TLFB_Opioid_Count', 'TLFB_THC_Count', 'TLFB_Other', 'Homosexual_Behavior', 'Non_monogamous_Relationships']
2024-08-14 12:43:16,900 - INFO - Fitting logistic regression model with the selected features...
2024-08-14 12:43:17,553 - INFO - Model training completed successfully.
2024-08-14 12:43:17,554 - INFO - Calculating the dynamic threshold based on the proportion of positive outcomes...
2024-08-14 12:43:17,555 - INFO - Ratio of 1s to 0s in the outcome variable: 0.82 : 0.18
2024-08-14 12:43:17,555 - INFO - Dynamic threshold set to: 0.824
2024-08-14 12:43:17,558 - INFO - Model trained and saved successfully for subset 9.
2024-08-14 12:43:17,562 - INFO - ---------------------------
2024-08-14 12:43:17,563 - INFO - TRAIN MODEL STAGE COMPLETED FOR SUBSET 9
2024-08-14 12:43:17,563 - INFO - ---------------------------
2024-08-14 12:43:17,563 - INFO - --------------------------------
2024-08-14 12:43:17,564 - INFO - EVALUATE MODEL STAGE STARTING FOR SUBSET 9...
2024-08-14 12:43:17,565 - INFO - --------------------------------
2024-08-14 12:43:17,591 - INFO - ROC AUC Score: 0.6847969991173875
2024-08-14 12:43:17,592 - INFO - Confusion Matrix: 
[[ 24  20]
 [ 67 139]]
2024-08-14 12:43:17,593 - INFO - Precision: 0.8742138364779874
2024-08-14 12:43:17,595 - INFO - Recall: 0.6747572815533981
2024-08-14 12:43:17,596 - INFO - Model evaluated successfully for subset 9.
2024-08-14 12:43:17,596 - INFO - ------------------------------
2024-08-14 12:43:17,597 - INFO - EVALUATE MODEL STAGE COMPLETED FOR SUBSET 9
2024-08-14 12:43:17,598 - INFO - ------------------------------
2024-08-14 12:43:17,599 - INFO - Subset 10 demographic makeup: 950 1, 24 3, 13 2, 13 4
2024-08-14 12:43:17,600 - INFO - Processing subset 10...
2024-08-14 12:43:17,601 - INFO - -----------------------------
2024-08-14 12:43:17,602 - INFO - TRAIN MODEL STAGE STARTING FOR SUBSET 10...
2024-08-14 12:43:17,603 - INFO - -----------------------------
2024-08-14 12:43:17,612 - INFO - Scaling features and applying LASSO for feature selection...
2024-08-14 12:43:21,307 - INFO - Selected features (including required): ['who', 'RaceEth', 'age', 'is_female', 'is_hispanic', 'unemployed', 'unstableliving', 'education', 'marital', 'UDS_Amphetamine_Count', 'UDS_Benzodiazepine_Count', 'UDS_Buprenorphine_Count', 'UDS_Cocaine_Count', 'UDS_Methadone_Count', 'UDS_Opioid_Count', 'UDS_Sedatives_Count', 'UDS_Thc_Count', 'pain', 'has_schizophrenia', 'has_major_dep', 'has_bipolar', 'has_anx_pan', 'has_brain_damage', 'has_epilepsy', 'has_alcol_dx', 'has_amphetamines_dx', 'has_cannabis_dx', 'has_cocaine_dx', 'has_sedatives_dx', 'ftnd', 'XTRT', 'shared', 'rbsivheroin', 'TLFB_Alcohol_Count', 'TLFB_Amphetamine_Count', 'TLFB_Benzodiazepine_Count', 'TLFB_Buprenorphine_Count', 'TLFB_Cocaine_Count', 'TLFB_Heroin_Count', 'TLFB_Methadone_Count', 'TLFB_Opioid_Count', 'TLFB_THC_Count', 'TLFB_Other', 'Homosexual_Behavior', 'Non_monogamous_Relationships']
2024-08-14 12:43:21,318 - INFO - Fitting logistic regression model with the selected features...
2024-08-14 12:43:21,940 - INFO - Model training completed successfully.
2024-08-14 12:43:21,940 - INFO - Calculating the dynamic threshold based on the proportion of positive outcomes...
2024-08-14 12:43:21,940 - INFO - Ratio of 1s to 0s in the outcome variable: 0.87 : 0.13
2024-08-14 12:43:21,941 - INFO - Dynamic threshold set to: 0.872
2024-08-14 12:43:21,941 - INFO - Model trained and saved successfully for subset 10.
2024-08-14 12:43:21,941 - INFO - ---------------------------
2024-08-14 12:43:21,941 - INFO - TRAIN MODEL STAGE COMPLETED FOR SUBSET 10
2024-08-14 12:43:21,941 - INFO - ---------------------------
2024-08-14 12:43:21,941 - INFO - --------------------------------
2024-08-14 12:43:21,941 - INFO - EVALUATE MODEL STAGE STARTING FOR SUBSET 10...
2024-08-14 12:43:21,941 - INFO - --------------------------------
2024-08-14 12:43:21,955 - INFO - ROC AUC Score: 0.7125860091743119
2024-08-14 12:43:21,955 - INFO - Confusion Matrix: 
[[ 24   8]
 [ 99 119]]
2024-08-14 12:43:21,955 - INFO - Precision: 0.937007874015748
2024-08-14 12:43:21,956 - INFO - Recall: 0.5458715596330275
2024-08-14 12:43:21,956 - INFO - Model evaluated successfully for subset 10.
2024-08-14 12:43:21,959 - INFO - ------------------------------
2024-08-14 12:43:21,962 - INFO - EVALUATE MODEL STAGE COMPLETED FOR SUBSET 10
2024-08-14 12:43:21,965 - INFO - ------------------------------
2024-08-14 12:43:21,967 - INFO - Subset 11 demographic makeup: 1000 1
2024-08-14 12:43:21,968 - INFO - Processing subset 11...
2024-08-14 12:43:21,969 - INFO - -----------------------------
2024-08-14 12:43:21,971 - INFO - TRAIN MODEL STAGE STARTING FOR SUBSET 11...
2024-08-14 12:43:21,973 - INFO - -----------------------------
2024-08-14 12:43:21,988 - INFO - Scaling features and applying LASSO for feature selection...
2024-08-14 12:43:23,195 - INFO - Selected features (including required): ['who', 'age', 'is_female', 'unemployed', 'unstableliving', 'education', 'marital', 'UDS_Amphetamine_Count', 'UDS_Benzodiazepine_Count', 'UDS_Buprenorphine_Count', 'UDS_Cocaine_Count', 'UDS_Methadone_Count', 'UDS_Opioid_Count', 'UDS_Sedatives_Count', 'UDS_Thc_Count', 'pain', 'has_schizophrenia', 'has_major_dep', 'has_bipolar', 'has_anx_pan', 'has_brain_damage', 'has_epilepsy', 'has_alcol_dx', 'has_amphetamines_dx', 'has_cannabis_dx', 'has_cocaine_dx', 'has_sedatives_dx', 'ftnd', 'XTRT', 'shared', 'rbsivheroin', 'TLFB_Alcohol_Count', 'TLFB_Amphetamine_Count', 'TLFB_Benzodiazepine_Count', 'TLFB_Buprenorphine_Count', 'TLFB_Cocaine_Count', 'TLFB_Heroin_Count', 'TLFB_Methadone_Count', 'TLFB_Opioid_Count', 'TLFB_THC_Count', 'TLFB_Other', 'Homosexual_Behavior', 'Non_monogamous_Relationships']
2024-08-14 12:43:23,199 - INFO - Fitting logistic regression model with the selected features...
2024-08-14 12:43:23,911 - INFO - Model training completed successfully.
2024-08-14 12:43:23,911 - INFO - Calculating the dynamic threshold based on the proportion of positive outcomes...
2024-08-14 12:43:23,912 - INFO - Ratio of 1s to 0s in the outcome variable: 0.83 : 0.17
2024-08-14 12:43:23,912 - INFO - Dynamic threshold set to: 0.832
2024-08-14 12:43:23,913 - INFO - Model trained and saved successfully for subset 11.
2024-08-14 12:43:23,913 - INFO - ---------------------------
2024-08-14 12:43:23,913 - INFO - TRAIN MODEL STAGE COMPLETED FOR SUBSET 11
2024-08-14 12:43:23,913 - INFO - ---------------------------
2024-08-14 12:43:23,913 - INFO - --------------------------------
2024-08-14 12:43:23,914 - INFO - EVALUATE MODEL STAGE STARTING FOR SUBSET 11...
2024-08-14 12:43:23,914 - INFO - --------------------------------
2024-08-14 12:43:23,938 - INFO - ROC AUC Score: 0.67742673992674
2024-08-14 12:43:23,939 - INFO - Confusion Matrix: 
[[ 21  21]
 [ 55 153]]
2024-08-14 12:43:23,939 - INFO - Precision: 0.8793103448275862
2024-08-14 12:43:23,939 - INFO - Recall: 0.7355769230769231
2024-08-14 12:43:23,940 - INFO - Model evaluated successfully for subset 11.
2024-08-14 12:43:23,941 - INFO - ------------------------------
2024-08-14 12:43:23,942 - INFO - EVALUATE MODEL STAGE COMPLETED FOR SUBSET 11
2024-08-14 12:43:23,944 - INFO - ------------------------------
2024-08-14 12:43:23,946 - INFO - ------------------
2024-08-14 12:43:23,946 - INFO - PIPELINE COMPLETED
2024-08-14 12:43:23,947 - INFO - ------------------
