2024-08-23 11:28:50,778 - INFO - Global Seed set to: 2
2024-08-23 11:28:50,778 - INFO - Outcome Name: Rs_johnson_1992
2024-08-23 11:28:50,841 - INFO - Datasets loaded successfully.
2024-08-23 11:28:50,861 - INFO - Starting preprocessing of the merged dataset...
2024-08-23 11:28:50,861 - INFO - ---------------------------------
2024-08-23 11:28:50,861 - INFO - PRE-PROCESSING STAGE STARTING...
2024-08-23 11:28:50,861 - INFO - ---------------------------------
2024-08-23 11:28:50,970 - INFO - Dropped initial columns: ['pain_when', 'is_smoker', 'per_day', 'max', 'amount', 'depression', 'anxiety', 'schizophrenia', 'max', 'amount', 'cocaine_inject_days', 'speedball_inject_days', 'opioid_inject_days', 'speed_inject_days', 'UDS_Alcohol_Count', 'UDS_Mdma/Hallucinogen_Count']
2024-08-23 11:28:51,019 - INFO - Converted Yes/No to binary.
2024-08-23 11:28:51,029 - INFO - Processed TLFB columns with specified columns: ['TLFB_Alcohol_Count', 'TLFB_Amphetamine_Count', 'TLFB_Cocaine_Count', 'TLFB_Heroin_Count', 'TLFB_Benzodiazepine_Count', 'TLFB_Opioid_Count', 'TLFB_THC_Count', 'TLFB_Methadone_Count', 'TLFB_Buprenorphine_Count']
2024-08-23 11:28:51,034 - INFO - Calculated behavioral columns.
2024-08-23 11:28:51,036 - INFO - Moved 'Rs_johnson_1992' column to the end.
2024-08-23 11:28:51,148 - INFO - Dropped initial columns: ['msm_npt', 'msm_frq', 'txx_prt']
2024-08-23 11:28:51,170 - INFO - transform_data_with_nan_handling success
2024-08-23 11:28:51,171 - INFO - Renamed columns according to the mapping.
2024-08-23 11:28:51,202 - INFO - Transformed NaN to 0 for binary columns.
2024-08-23 11:28:51,203 - INFO - Transformed and renamed 'heroin_inject_days' column to 'rbsivheroin'.
2024-08-23 11:28:51,204 - INFO - Filled NaN with 0 for 'ftnd' column.
2024-08-23 11:28:51,295 - INFO - Dropped additional columns: ['rbs_iv_days', 'race', 'RBS_cocaine_Days', 'RBS_heroin_Days', 'RBS_opioid_Days', 'RBS_speed_Days', 'RBS_speedball_Days']
2024-08-23 11:28:51,308 - INFO - Converted UDS drug counts to binary.
2024-08-23 11:28:51,407 - INFO - ------------------------------
2024-08-23 11:28:51,408 - INFO - PRE-PROCESSING STAGE COMPLETED
2024-08-23 11:28:51,409 - INFO - ------------------------------
2024-08-23 11:28:51,411 - INFO - Merged dataset preprocessed successfully.
2024-08-23 11:28:51,412 - INFO - Creating demographic subsets from preprocessed data...
2024-08-23 11:28:59,507 - INFO - Created 11 subsets successfully.
2024-08-23 11:28:59,507 - INFO - Creating merged subsets from create_demographics_dfs function
2024-08-23 11:28:59,598 - INFO - Created 11 merged subsets successfully.
2024-08-23 11:28:59,602 - INFO - Subset 1 demographic makeup: 500 1, 242 3, 158 2, 100 4
2024-08-23 11:28:59,602 - INFO - Processing subset 1...
2024-08-23 11:28:59,602 - INFO - -----------------------------
2024-08-23 11:28:59,603 - INFO - TRAIN MODEL STAGE STARTING FOR SUBSET 1...
2024-08-23 11:28:59,603 - INFO - -----------------------------
2024-08-23 11:28:59,608 - INFO - Scaling features and applying LASSO for feature selection...
2024-08-23 11:29:00,995 - INFO - Selected features (including required): ['who', 'RaceEth', 'age', 'is_female', 'is_hispanic', 'unemployed', 'unstableliving', 'education', 'marital', 'UDS_Amphetamine_Count', 'UDS_Benzodiazepine_Count', 'UDS_Buprenorphine_Count', 'UDS_Cocaine_Count', 'UDS_Methadone_Count', 'UDS_Opioid_Count', 'UDS_Sedatives_Count', 'UDS_Thc_Count', 'pain', 'has_schizophrenia', 'has_major_dep', 'has_bipolar', 'has_anx_pan', 'has_brain_damage', 'has_epilepsy', 'has_alcol_dx', 'has_amphetamines_dx', 'has_cannabis_dx', 'has_cocaine_dx', 'has_sedatives_dx', 'ftnd', 'XTRT', 'shared', 'rbsivheroin', 'TLFB_Alcohol_Count', 'TLFB_Amphetamine_Count', 'TLFB_Benzodiazepine_Count', 'TLFB_Buprenorphine_Count', 'TLFB_Cocaine_Count', 'TLFB_Heroin_Count', 'TLFB_Methadone_Count', 'TLFB_Opioid_Count', 'TLFB_THC_Count', 'TLFB_Other', 'Homosexual_Behavior', 'Non_monogamous_Relationships']
2024-08-23 11:29:01,001 - INFO - Fitting logistic regression model with the selected features...
2024-08-23 11:29:01,963 - INFO - Model training completed successfully.
2024-08-23 11:29:01,964 - INFO - Calculating the dynamic threshold based on the proportion of positive outcomes...
2024-08-23 11:29:01,964 - INFO - Ratio of 1s to 0s in the outcome variable: 0.87 : 0.13
2024-08-23 11:29:01,965 - INFO - Dynamic threshold set to: 0.868
2024-08-23 11:29:01,965 - INFO - Model trained and saved successfully for subset 1.
2024-08-23 11:29:01,966 - INFO - ---------------------------
2024-08-23 11:29:01,967 - INFO - TRAIN MODEL STAGE COMPLETED FOR SUBSET 1
2024-08-23 11:29:01,968 - INFO - ---------------------------
2024-08-23 11:29:01,968 - INFO - --------------------------------
2024-08-23 11:29:01,969 - INFO - EVALUATE MODEL STAGE STARTING FOR SUBSET 1...
2024-08-23 11:29:01,969 - INFO - --------------------------------
2024-08-23 11:29:01,992 - INFO - ROC AUC Score: 0.6296606619187264
2024-08-23 11:29:01,993 - INFO - Confusion Matrix: 
[[ 12  21]
 [ 55 162]]
2024-08-23 11:29:01,995 - INFO - Precision: 0.8852459016393442
2024-08-23 11:29:01,995 - INFO - Recall: 0.7465437788018433
2024-08-23 11:29:01,997 - INFO - Model evaluated successfully for subset 1.
2024-08-23 11:29:01,997 - INFO - ------------------------------
2024-08-23 11:29:01,997 - INFO - EVALUATE MODEL STAGE COMPLETED FOR SUBSET 1
2024-08-23 11:29:01,998 - INFO - ------------------------------
2024-08-23 11:29:01,999 - INFO - Subset 2 demographic makeup: 550 1, 213 3, 147 2, 90 4
2024-08-23 11:29:02,011 - INFO - Processing subset 2...
2024-08-23 11:29:02,015 - INFO - -----------------------------
2024-08-23 11:29:02,017 - INFO - TRAIN MODEL STAGE STARTING FOR SUBSET 2...
2024-08-23 11:29:02,024 - INFO - -----------------------------
2024-08-23 11:29:02,035 - INFO - Scaling features and applying LASSO for feature selection...
2024-08-23 11:29:03,550 - INFO - Selected features (including required): ['who', 'RaceEth', 'age', 'is_female', 'is_hispanic', 'unemployed', 'unstableliving', 'education', 'marital', 'UDS_Amphetamine_Count', 'UDS_Benzodiazepine_Count', 'UDS_Buprenorphine_Count', 'UDS_Cocaine_Count', 'UDS_Methadone_Count', 'UDS_Opioid_Count', 'UDS_Sedatives_Count', 'UDS_Thc_Count', 'pain', 'has_schizophrenia', 'has_major_dep', 'has_bipolar', 'has_anx_pan', 'has_brain_damage', 'has_epilepsy', 'has_alcol_dx', 'has_amphetamines_dx', 'has_cannabis_dx', 'has_cocaine_dx', 'has_sedatives_dx', 'ftnd', 'XTRT', 'shared', 'rbsivheroin', 'TLFB_Alcohol_Count', 'TLFB_Amphetamine_Count', 'TLFB_Benzodiazepine_Count', 'TLFB_Buprenorphine_Count', 'TLFB_Cocaine_Count', 'TLFB_Heroin_Count', 'TLFB_Methadone_Count', 'TLFB_Opioid_Count', 'TLFB_THC_Count', 'TLFB_Other', 'Homosexual_Behavior', 'Non_monogamous_Relationships']
2024-08-23 11:29:03,556 - INFO - Fitting logistic regression model with the selected features...
2024-08-23 11:29:04,541 - INFO - Model training completed successfully.
2024-08-23 11:29:04,541 - INFO - Calculating the dynamic threshold based on the proportion of positive outcomes...
2024-08-23 11:29:04,542 - INFO - Ratio of 1s to 0s in the outcome variable: 0.89 : 0.11
2024-08-23 11:29:04,542 - INFO - Dynamic threshold set to: 0.892
2024-08-23 11:29:04,542 - INFO - Model trained and saved successfully for subset 2.
2024-08-23 11:29:04,542 - INFO - ---------------------------
2024-08-23 11:29:04,542 - INFO - TRAIN MODEL STAGE COMPLETED FOR SUBSET 2
2024-08-23 11:29:04,542 - INFO - ---------------------------
2024-08-23 11:29:04,542 - INFO - --------------------------------
2024-08-23 11:29:04,542 - INFO - EVALUATE MODEL STAGE STARTING FOR SUBSET 2...
2024-08-23 11:29:04,542 - INFO - --------------------------------
2024-08-23 11:29:04,555 - INFO - ROC AUC Score: 0.6570337153296795
2024-08-23 11:29:04,555 - INFO - Confusion Matrix: 
[[ 16  11]
 [ 90 133]]
2024-08-23 11:29:04,556 - INFO - Precision: 0.9236111111111112
2024-08-23 11:29:04,556 - INFO - Recall: 0.5964125560538116
2024-08-23 11:29:04,556 - INFO - Model evaluated successfully for subset 2.
2024-08-23 11:29:04,556 - INFO - ------------------------------
2024-08-23 11:29:04,557 - INFO - EVALUATE MODEL STAGE COMPLETED FOR SUBSET 2
2024-08-23 11:29:04,557 - INFO - ------------------------------
2024-08-23 11:29:04,558 - INFO - Subset 3 demographic makeup: 600 1, 188 3, 136 2, 76 4
2024-08-23 11:29:04,558 - INFO - Processing subset 3...
2024-08-23 11:29:04,558 - INFO - -----------------------------
2024-08-23 11:29:04,559 - INFO - TRAIN MODEL STAGE STARTING FOR SUBSET 3...
2024-08-23 11:29:04,559 - INFO - -----------------------------
2024-08-23 11:29:04,565 - INFO - Scaling features and applying LASSO for feature selection...
2024-08-23 11:29:06,185 - INFO - Selected features (including required): ['who', 'RaceEth', 'age', 'is_female', 'is_hispanic', 'unemployed', 'unstableliving', 'education', 'marital', 'UDS_Amphetamine_Count', 'UDS_Benzodiazepine_Count', 'UDS_Buprenorphine_Count', 'UDS_Cocaine_Count', 'UDS_Methadone_Count', 'UDS_Opioid_Count', 'UDS_Sedatives_Count', 'UDS_Thc_Count', 'pain', 'has_schizophrenia', 'has_major_dep', 'has_bipolar', 'has_anx_pan', 'has_brain_damage', 'has_epilepsy', 'has_alcol_dx', 'has_amphetamines_dx', 'has_cannabis_dx', 'has_cocaine_dx', 'has_sedatives_dx', 'ftnd', 'XTRT', 'shared', 'rbsivheroin', 'TLFB_Alcohol_Count', 'TLFB_Amphetamine_Count', 'TLFB_Benzodiazepine_Count', 'TLFB_Buprenorphine_Count', 'TLFB_Cocaine_Count', 'TLFB_Heroin_Count', 'TLFB_Methadone_Count', 'TLFB_Opioid_Count', 'TLFB_THC_Count', 'TLFB_Other', 'Homosexual_Behavior', 'Non_monogamous_Relationships']
2024-08-23 11:29:06,190 - INFO - Fitting logistic regression model with the selected features...
2024-08-23 11:29:07,130 - INFO - Model training completed successfully.
2024-08-23 11:29:07,130 - INFO - Calculating the dynamic threshold based on the proportion of positive outcomes...
2024-08-23 11:29:07,131 - INFO - Ratio of 1s to 0s in the outcome variable: 0.90 : 0.10
2024-08-23 11:29:07,131 - INFO - Dynamic threshold set to: 0.896
2024-08-23 11:29:07,132 - INFO - Model trained and saved successfully for subset 3.
2024-08-23 11:29:07,133 - INFO - ---------------------------
2024-08-23 11:29:07,133 - INFO - TRAIN MODEL STAGE COMPLETED FOR SUBSET 3
2024-08-23 11:29:07,134 - INFO - ---------------------------
2024-08-23 11:29:07,135 - INFO - --------------------------------
2024-08-23 11:29:07,136 - INFO - EVALUATE MODEL STAGE STARTING FOR SUBSET 3...
2024-08-23 11:29:07,136 - INFO - --------------------------------
2024-08-23 11:29:07,156 - INFO - ROC AUC Score: 0.7039835164835165
2024-08-23 11:29:07,158 - INFO - Confusion Matrix: 
[[ 16  10]
 [ 77 147]]
2024-08-23 11:29:07,159 - INFO - Precision: 0.9363057324840764
2024-08-23 11:29:07,160 - INFO - Recall: 0.65625
2024-08-23 11:29:07,161 - INFO - Model evaluated successfully for subset 3.
2024-08-23 11:29:07,162 - INFO - ------------------------------
2024-08-23 11:29:07,163 - INFO - EVALUATE MODEL STAGE COMPLETED FOR SUBSET 3
2024-08-23 11:29:07,163 - INFO - ------------------------------
2024-08-23 11:29:07,165 - INFO - Subset 4 demographic makeup: 650 1, 164 3, 120 2, 66 4
2024-08-23 11:29:07,166 - INFO - Processing subset 4...
2024-08-23 11:29:07,167 - INFO - -----------------------------
2024-08-23 11:29:07,167 - INFO - TRAIN MODEL STAGE STARTING FOR SUBSET 4...
2024-08-23 11:29:07,172 - INFO - -----------------------------
2024-08-23 11:29:07,183 - INFO - Scaling features and applying LASSO for feature selection...
2024-08-23 11:29:10,016 - INFO - Selected features (including required): ['who', 'RaceEth', 'age', 'is_female', 'is_hispanic', 'unemployed', 'unstableliving', 'education', 'marital', 'UDS_Amphetamine_Count', 'UDS_Benzodiazepine_Count', 'UDS_Buprenorphine_Count', 'UDS_Cocaine_Count', 'UDS_Methadone_Count', 'UDS_Opioid_Count', 'UDS_Sedatives_Count', 'UDS_Thc_Count', 'pain', 'has_schizophrenia', 'has_major_dep', 'has_bipolar', 'has_anx_pan', 'has_brain_damage', 'has_epilepsy', 'has_alcol_dx', 'has_amphetamines_dx', 'has_cannabis_dx', 'has_cocaine_dx', 'has_sedatives_dx', 'ftnd', 'XTRT', 'shared', 'rbsivheroin', 'TLFB_Alcohol_Count', 'TLFB_Amphetamine_Count', 'TLFB_Benzodiazepine_Count', 'TLFB_Buprenorphine_Count', 'TLFB_Cocaine_Count', 'TLFB_Heroin_Count', 'TLFB_Methadone_Count', 'TLFB_Opioid_Count', 'TLFB_THC_Count', 'TLFB_Other', 'Homosexual_Behavior', 'Non_monogamous_Relationships']
2024-08-23 11:29:10,023 - INFO - Fitting logistic regression model with the selected features...
2024-08-23 11:29:11,139 - INFO - Model training completed successfully.
2024-08-23 11:29:11,140 - INFO - Calculating the dynamic threshold based on the proportion of positive outcomes...
2024-08-23 11:29:11,140 - INFO - Ratio of 1s to 0s in the outcome variable: 0.88 : 0.12
2024-08-23 11:29:11,140 - INFO - Dynamic threshold set to: 0.884
2024-08-23 11:29:11,140 - INFO - Model trained and saved successfully for subset 4.
2024-08-23 11:29:11,140 - INFO - ---------------------------
2024-08-23 11:29:11,140 - INFO - TRAIN MODEL STAGE COMPLETED FOR SUBSET 4
2024-08-23 11:29:11,140 - INFO - ---------------------------
2024-08-23 11:29:11,141 - INFO - --------------------------------
2024-08-23 11:29:11,141 - INFO - EVALUATE MODEL STAGE STARTING FOR SUBSET 4...
2024-08-23 11:29:11,141 - INFO - --------------------------------
2024-08-23 11:29:11,157 - INFO - ROC AUC Score: 0.6910594476517398
2024-08-23 11:29:11,158 - INFO - Confusion Matrix: 
[[ 12  17]
 [ 46 175]]
2024-08-23 11:29:11,159 - INFO - Precision: 0.9114583333333334
2024-08-23 11:29:11,160 - INFO - Recall: 0.7918552036199095
2024-08-23 11:29:11,160 - INFO - Model evaluated successfully for subset 4.
2024-08-23 11:29:11,162 - INFO - ------------------------------
2024-08-23 11:29:11,164 - INFO - EVALUATE MODEL STAGE COMPLETED FOR SUBSET 4
2024-08-23 11:29:11,166 - INFO - ------------------------------
2024-08-23 11:29:11,174 - INFO - Subset 5 demographic makeup: 700 1, 142 3, 104 2, 54 4
2024-08-23 11:29:11,184 - INFO - Processing subset 5...
2024-08-23 11:29:11,186 - INFO - -----------------------------
2024-08-23 11:29:11,187 - INFO - TRAIN MODEL STAGE STARTING FOR SUBSET 5...
2024-08-23 11:29:11,190 - INFO - -----------------------------
2024-08-23 11:29:11,216 - INFO - Scaling features and applying LASSO for feature selection...
2024-08-23 11:29:14,150 - INFO - Selected features (including required): ['who', 'RaceEth', 'age', 'is_female', 'is_hispanic', 'unemployed', 'unstableliving', 'education', 'marital', 'UDS_Amphetamine_Count', 'UDS_Benzodiazepine_Count', 'UDS_Buprenorphine_Count', 'UDS_Cocaine_Count', 'UDS_Methadone_Count', 'UDS_Opioid_Count', 'UDS_Sedatives_Count', 'UDS_Thc_Count', 'pain', 'has_schizophrenia', 'has_major_dep', 'has_bipolar', 'has_anx_pan', 'has_brain_damage', 'has_epilepsy', 'has_alcol_dx', 'has_amphetamines_dx', 'has_cannabis_dx', 'has_cocaine_dx', 'has_sedatives_dx', 'ftnd', 'XTRT', 'shared', 'rbsivheroin', 'TLFB_Alcohol_Count', 'TLFB_Amphetamine_Count', 'TLFB_Benzodiazepine_Count', 'TLFB_Buprenorphine_Count', 'TLFB_Cocaine_Count', 'TLFB_Heroin_Count', 'TLFB_Methadone_Count', 'TLFB_Opioid_Count', 'TLFB_THC_Count', 'TLFB_Other', 'Homosexual_Behavior', 'Non_monogamous_Relationships']
2024-08-23 11:29:14,155 - INFO - Fitting logistic regression model with the selected features...
2024-08-23 11:29:14,999 - INFO - Model training completed successfully.
2024-08-23 11:29:15,000 - INFO - Calculating the dynamic threshold based on the proportion of positive outcomes...
2024-08-23 11:29:15,002 - INFO - Ratio of 1s to 0s in the outcome variable: 0.92 : 0.08
2024-08-23 11:29:15,007 - INFO - Dynamic threshold set to: 0.924
2024-08-23 11:29:15,008 - INFO - Model trained and saved successfully for subset 5.
2024-08-23 11:29:15,009 - INFO - ---------------------------
2024-08-23 11:29:15,016 - INFO - TRAIN MODEL STAGE COMPLETED FOR SUBSET 5
2024-08-23 11:29:15,017 - INFO - ---------------------------
2024-08-23 11:29:15,018 - INFO - --------------------------------
2024-08-23 11:29:15,019 - INFO - EVALUATE MODEL STAGE STARTING FOR SUBSET 5...
2024-08-23 11:29:15,019 - INFO - --------------------------------
2024-08-23 11:29:15,040 - INFO - ROC AUC Score: 0.6397812713602188
2024-08-23 11:29:15,041 - INFO - Confusion Matrix: 
[[  9  10]
 [ 95 136]]
2024-08-23 11:29:15,045 - INFO - Precision: 0.9315068493150684
2024-08-23 11:29:15,047 - INFO - Recall: 0.5887445887445888
2024-08-23 11:29:15,048 - INFO - Model evaluated successfully for subset 5.
2024-08-23 11:29:15,048 - INFO - ------------------------------
2024-08-23 11:29:15,049 - INFO - EVALUATE MODEL STAGE COMPLETED FOR SUBSET 5
2024-08-23 11:29:15,053 - INFO - ------------------------------
2024-08-23 11:29:15,054 - INFO - Subset 6 demographic makeup: 750 1, 114 3, 88 2, 48 4
2024-08-23 11:29:15,055 - INFO - Processing subset 6...
2024-08-23 11:29:15,058 - INFO - -----------------------------
2024-08-23 11:29:15,059 - INFO - TRAIN MODEL STAGE STARTING FOR SUBSET 6...
2024-08-23 11:29:15,059 - INFO - -----------------------------
2024-08-23 11:29:15,069 - INFO - Scaling features and applying LASSO for feature selection...
2024-08-23 11:29:17,150 - INFO - Selected features (including required): ['who', 'RaceEth', 'age', 'is_female', 'is_hispanic', 'unemployed', 'unstableliving', 'education', 'marital', 'UDS_Amphetamine_Count', 'UDS_Benzodiazepine_Count', 'UDS_Buprenorphine_Count', 'UDS_Cocaine_Count', 'UDS_Methadone_Count', 'UDS_Opioid_Count', 'UDS_Sedatives_Count', 'UDS_Thc_Count', 'pain', 'has_schizophrenia', 'has_major_dep', 'has_bipolar', 'has_anx_pan', 'has_brain_damage', 'has_epilepsy', 'has_alcol_dx', 'has_amphetamines_dx', 'has_cannabis_dx', 'has_cocaine_dx', 'has_sedatives_dx', 'ftnd', 'XTRT', 'shared', 'rbsivheroin', 'TLFB_Alcohol_Count', 'TLFB_Amphetamine_Count', 'TLFB_Benzodiazepine_Count', 'TLFB_Buprenorphine_Count', 'TLFB_Cocaine_Count', 'TLFB_Heroin_Count', 'TLFB_Methadone_Count', 'TLFB_Opioid_Count', 'TLFB_THC_Count', 'TLFB_Other', 'Homosexual_Behavior', 'Non_monogamous_Relationships']
2024-08-23 11:29:17,155 - INFO - Fitting logistic regression model with the selected features...
2024-08-23 11:29:18,092 - INFO - Model training completed successfully.
2024-08-23 11:29:18,093 - INFO - Calculating the dynamic threshold based on the proportion of positive outcomes...
2024-08-23 11:29:18,094 - INFO - Ratio of 1s to 0s in the outcome variable: 0.89 : 0.11
2024-08-23 11:29:18,094 - INFO - Dynamic threshold set to: 0.888
2024-08-23 11:29:18,097 - INFO - Model trained and saved successfully for subset 6.
2024-08-23 11:29:18,098 - INFO - ---------------------------
2024-08-23 11:29:18,100 - INFO - TRAIN MODEL STAGE COMPLETED FOR SUBSET 6
2024-08-23 11:29:18,105 - INFO - ---------------------------
2024-08-23 11:29:18,107 - INFO - --------------------------------
2024-08-23 11:29:18,108 - INFO - EVALUATE MODEL STAGE STARTING FOR SUBSET 6...
2024-08-23 11:29:18,109 - INFO - --------------------------------
2024-08-23 11:29:18,158 - INFO - ROC AUC Score: 0.7104247104247104
2024-08-23 11:29:18,159 - INFO - Confusion Matrix: 
[[ 11  17]
 [ 56 166]]
2024-08-23 11:29:18,159 - INFO - Precision: 0.907103825136612
2024-08-23 11:29:18,164 - INFO - Recall: 0.7477477477477478
2024-08-23 11:29:18,167 - INFO - Model evaluated successfully for subset 6.
2024-08-23 11:29:18,168 - INFO - ------------------------------
2024-08-23 11:29:18,171 - INFO - EVALUATE MODEL STAGE COMPLETED FOR SUBSET 6
2024-08-23 11:29:18,172 - INFO - ------------------------------
2024-08-23 11:29:18,176 - INFO - Subset 7 demographic makeup: 800 1, 87 3, 71 2, 42 4
2024-08-23 11:29:18,176 - INFO - Processing subset 7...
2024-08-23 11:29:18,178 - INFO - -----------------------------
2024-08-23 11:29:18,179 - INFO - TRAIN MODEL STAGE STARTING FOR SUBSET 7...
2024-08-23 11:29:18,190 - INFO - -----------------------------
2024-08-23 11:29:18,209 - INFO - Scaling features and applying LASSO for feature selection...
2024-08-23 11:29:21,976 - INFO - Selected features (including required): ['who', 'RaceEth', 'age', 'is_female', 'is_hispanic', 'unemployed', 'unstableliving', 'education', 'marital', 'UDS_Amphetamine_Count', 'UDS_Benzodiazepine_Count', 'UDS_Buprenorphine_Count', 'UDS_Cocaine_Count', 'UDS_Methadone_Count', 'UDS_Opioid_Count', 'UDS_Sedatives_Count', 'UDS_Thc_Count', 'pain', 'has_schizophrenia', 'has_major_dep', 'has_bipolar', 'has_anx_pan', 'has_brain_damage', 'has_epilepsy', 'has_alcol_dx', 'has_amphetamines_dx', 'has_cannabis_dx', 'has_cocaine_dx', 'has_sedatives_dx', 'ftnd', 'XTRT', 'shared', 'rbsivheroin', 'TLFB_Alcohol_Count', 'TLFB_Amphetamine_Count', 'TLFB_Benzodiazepine_Count', 'TLFB_Buprenorphine_Count', 'TLFB_Cocaine_Count', 'TLFB_Heroin_Count', 'TLFB_Methadone_Count', 'TLFB_Opioid_Count', 'TLFB_THC_Count', 'TLFB_Other', 'Homosexual_Behavior', 'Non_monogamous_Relationships']
2024-08-23 11:29:21,982 - INFO - Fitting logistic regression model with the selected features...
2024-08-23 11:29:22,878 - INFO - Model training completed successfully.
2024-08-23 11:29:22,879 - INFO - Calculating the dynamic threshold based on the proportion of positive outcomes...
2024-08-23 11:29:22,887 - INFO - Ratio of 1s to 0s in the outcome variable: 0.90 : 0.10
2024-08-23 11:29:22,889 - INFO - Dynamic threshold set to: 0.9
2024-08-23 11:29:22,891 - INFO - Model trained and saved successfully for subset 7.
2024-08-23 11:29:22,898 - INFO - ---------------------------
2024-08-23 11:29:22,899 - INFO - TRAIN MODEL STAGE COMPLETED FOR SUBSET 7
2024-08-23 11:29:22,900 - INFO - ---------------------------
2024-08-23 11:29:22,900 - INFO - --------------------------------
2024-08-23 11:29:22,901 - INFO - EVALUATE MODEL STAGE STARTING FOR SUBSET 7...
2024-08-23 11:29:22,902 - INFO - --------------------------------
2024-08-23 11:29:22,920 - INFO - ROC AUC Score: 0.8010666666666667
2024-08-23 11:29:22,923 - INFO - Confusion Matrix: 
[[ 16   9]
 [ 66 159]]
2024-08-23 11:29:22,924 - INFO - Precision: 0.9464285714285714
2024-08-23 11:29:22,924 - INFO - Recall: 0.7066666666666667
2024-08-23 11:29:22,926 - INFO - Model evaluated successfully for subset 7.
2024-08-23 11:29:22,926 - INFO - ------------------------------
2024-08-23 11:29:22,926 - INFO - EVALUATE MODEL STAGE COMPLETED FOR SUBSET 7
2024-08-23 11:29:22,927 - INFO - ------------------------------
2024-08-23 11:29:22,928 - INFO - Subset 8 demographic makeup: 850 1, 66 3, 53 2, 31 4
2024-08-23 11:29:22,928 - INFO - Processing subset 8...
2024-08-23 11:29:22,928 - INFO - -----------------------------
2024-08-23 11:29:22,929 - INFO - TRAIN MODEL STAGE STARTING FOR SUBSET 8...
2024-08-23 11:29:22,930 - INFO - -----------------------------
2024-08-23 11:29:22,946 - INFO - Scaling features and applying LASSO for feature selection...
2024-08-23 11:29:25,741 - INFO - Selected features (including required): ['who', 'RaceEth', 'age', 'is_female', 'is_hispanic', 'unemployed', 'unstableliving', 'education', 'marital', 'UDS_Amphetamine_Count', 'UDS_Benzodiazepine_Count', 'UDS_Buprenorphine_Count', 'UDS_Cocaine_Count', 'UDS_Methadone_Count', 'UDS_Opioid_Count', 'UDS_Sedatives_Count', 'UDS_Thc_Count', 'pain', 'has_schizophrenia', 'has_major_dep', 'has_bipolar', 'has_anx_pan', 'has_brain_damage', 'has_epilepsy', 'has_alcol_dx', 'has_amphetamines_dx', 'has_cannabis_dx', 'has_cocaine_dx', 'has_sedatives_dx', 'ftnd', 'XTRT', 'shared', 'rbsivheroin', 'TLFB_Alcohol_Count', 'TLFB_Amphetamine_Count', 'TLFB_Benzodiazepine_Count', 'TLFB_Buprenorphine_Count', 'TLFB_Cocaine_Count', 'TLFB_Heroin_Count', 'TLFB_Methadone_Count', 'TLFB_Opioid_Count', 'TLFB_THC_Count', 'TLFB_Other', 'Homosexual_Behavior', 'Non_monogamous_Relationships']
2024-08-23 11:29:25,748 - INFO - Fitting logistic regression model with the selected features...
2024-08-23 11:29:26,912 - INFO - Model training completed successfully.
2024-08-23 11:29:26,912 - INFO - Calculating the dynamic threshold based on the proportion of positive outcomes...
2024-08-23 11:29:26,913 - INFO - Ratio of 1s to 0s in the outcome variable: 0.90 : 0.10
2024-08-23 11:29:26,913 - INFO - Dynamic threshold set to: 0.9
2024-08-23 11:29:26,915 - INFO - Model trained and saved successfully for subset 8.
2024-08-23 11:29:26,915 - INFO - ---------------------------
2024-08-23 11:29:26,916 - INFO - TRAIN MODEL STAGE COMPLETED FOR SUBSET 8
2024-08-23 11:29:26,917 - INFO - ---------------------------
2024-08-23 11:29:26,917 - INFO - --------------------------------
2024-08-23 11:29:26,918 - INFO - EVALUATE MODEL STAGE STARTING FOR SUBSET 8...
2024-08-23 11:29:26,919 - INFO - --------------------------------
2024-08-23 11:29:26,955 - INFO - ROC AUC Score: 0.7358222222222222
2024-08-23 11:29:26,959 - INFO - Confusion Matrix: 
[[ 13  12]
 [ 68 157]]
2024-08-23 11:29:26,960 - INFO - Precision: 0.9289940828402367
2024-08-23 11:29:26,960 - INFO - Recall: 0.6977777777777778
2024-08-23 11:29:26,961 - INFO - Model evaluated successfully for subset 8.
2024-08-23 11:29:26,961 - INFO - ------------------------------
2024-08-23 11:29:26,962 - INFO - EVALUATE MODEL STAGE COMPLETED FOR SUBSET 8
2024-08-23 11:29:26,964 - INFO - ------------------------------
2024-08-23 11:29:26,965 - INFO - Subset 9 demographic makeup: 900 1, 45 3, 34 2, 21 4
2024-08-23 11:29:26,966 - INFO - Processing subset 9...
2024-08-23 11:29:26,967 - INFO - -----------------------------
2024-08-23 11:29:26,967 - INFO - TRAIN MODEL STAGE STARTING FOR SUBSET 9...
2024-08-23 11:29:26,968 - INFO - -----------------------------
2024-08-23 11:29:26,977 - INFO - Scaling features and applying LASSO for feature selection...
2024-08-23 11:29:28,689 - INFO - Selected features (including required): ['who', 'RaceEth', 'age', 'is_female', 'is_hispanic', 'unemployed', 'unstableliving', 'education', 'marital', 'UDS_Amphetamine_Count', 'UDS_Benzodiazepine_Count', 'UDS_Buprenorphine_Count', 'UDS_Cocaine_Count', 'UDS_Methadone_Count', 'UDS_Opioid_Count', 'UDS_Sedatives_Count', 'UDS_Thc_Count', 'pain', 'has_schizophrenia', 'has_major_dep', 'has_bipolar', 'has_anx_pan', 'has_brain_damage', 'has_epilepsy', 'has_alcol_dx', 'has_amphetamines_dx', 'has_cannabis_dx', 'has_cocaine_dx', 'has_sedatives_dx', 'ftnd', 'XTRT', 'shared', 'rbsivheroin', 'TLFB_Alcohol_Count', 'TLFB_Amphetamine_Count', 'TLFB_Benzodiazepine_Count', 'TLFB_Buprenorphine_Count', 'TLFB_Cocaine_Count', 'TLFB_Heroin_Count', 'TLFB_Methadone_Count', 'TLFB_Opioid_Count', 'TLFB_THC_Count', 'TLFB_Other', 'Homosexual_Behavior', 'Non_monogamous_Relationships']
2024-08-23 11:29:28,694 - INFO - Fitting logistic regression model with the selected features...
2024-08-23 11:29:29,571 - INFO - Model training completed successfully.
2024-08-23 11:29:29,571 - INFO - Calculating the dynamic threshold based on the proportion of positive outcomes...
2024-08-23 11:29:29,572 - INFO - Ratio of 1s to 0s in the outcome variable: 0.87 : 0.13
2024-08-23 11:29:29,572 - INFO - Dynamic threshold set to: 0.872
2024-08-23 11:29:29,573 - INFO - Model trained and saved successfully for subset 9.
2024-08-23 11:29:29,573 - INFO - ---------------------------
2024-08-23 11:29:29,574 - INFO - TRAIN MODEL STAGE COMPLETED FOR SUBSET 9
2024-08-23 11:29:29,575 - INFO - ---------------------------
2024-08-23 11:29:29,576 - INFO - --------------------------------
2024-08-23 11:29:29,576 - INFO - EVALUATE MODEL STAGE STARTING FOR SUBSET 9...
2024-08-23 11:29:29,577 - INFO - --------------------------------
2024-08-23 11:29:29,595 - INFO - ROC AUC Score: 0.7290711009174311
2024-08-23 11:29:29,598 - INFO - Confusion Matrix: 
[[ 15  17]
 [ 51 167]]
2024-08-23 11:29:29,602 - INFO - Precision: 0.907608695652174
2024-08-23 11:29:29,607 - INFO - Recall: 0.7660550458715596
2024-08-23 11:29:29,610 - INFO - Model evaluated successfully for subset 9.
2024-08-23 11:29:29,610 - INFO - ------------------------------
2024-08-23 11:29:29,611 - INFO - EVALUATE MODEL STAGE COMPLETED FOR SUBSET 9
2024-08-23 11:29:29,611 - INFO - ------------------------------
2024-08-23 11:29:29,613 - INFO - Subset 10 demographic makeup: 950 1, 24 3, 13 2, 13 4
2024-08-23 11:29:29,613 - INFO - Processing subset 10...
2024-08-23 11:29:29,616 - INFO - -----------------------------
2024-08-23 11:29:29,617 - INFO - TRAIN MODEL STAGE STARTING FOR SUBSET 10...
2024-08-23 11:29:29,618 - INFO - -----------------------------
2024-08-23 11:29:29,627 - INFO - Scaling features and applying LASSO for feature selection...
2024-08-23 11:29:31,486 - INFO - Selected features (including required): ['who', 'RaceEth', 'age', 'is_female', 'is_hispanic', 'unemployed', 'unstableliving', 'education', 'marital', 'UDS_Amphetamine_Count', 'UDS_Benzodiazepine_Count', 'UDS_Buprenorphine_Count', 'UDS_Cocaine_Count', 'UDS_Methadone_Count', 'UDS_Opioid_Count', 'UDS_Sedatives_Count', 'UDS_Thc_Count', 'pain', 'has_schizophrenia', 'has_major_dep', 'has_bipolar', 'has_anx_pan', 'has_brain_damage', 'has_epilepsy', 'has_alcol_dx', 'has_amphetamines_dx', 'has_cannabis_dx', 'has_cocaine_dx', 'has_sedatives_dx', 'ftnd', 'XTRT', 'shared', 'rbsivheroin', 'TLFB_Alcohol_Count', 'TLFB_Amphetamine_Count', 'TLFB_Benzodiazepine_Count', 'TLFB_Buprenorphine_Count', 'TLFB_Cocaine_Count', 'TLFB_Heroin_Count', 'TLFB_Methadone_Count', 'TLFB_Opioid_Count', 'TLFB_THC_Count', 'TLFB_Other', 'Homosexual_Behavior', 'Non_monogamous_Relationships']
2024-08-23 11:29:31,491 - INFO - Fitting logistic regression model with the selected features...
2024-08-23 11:29:32,337 - INFO - Model training completed successfully.
2024-08-23 11:29:32,337 - INFO - Calculating the dynamic threshold based on the proportion of positive outcomes...
2024-08-23 11:29:32,337 - INFO - Ratio of 1s to 0s in the outcome variable: 0.93 : 0.07
2024-08-23 11:29:32,338 - INFO - Dynamic threshold set to: 0.928
2024-08-23 11:29:32,338 - INFO - Model trained and saved successfully for subset 10.
2024-08-23 11:29:32,338 - INFO - ---------------------------
2024-08-23 11:29:32,338 - INFO - TRAIN MODEL STAGE COMPLETED FOR SUBSET 10
2024-08-23 11:29:32,338 - INFO - ---------------------------
2024-08-23 11:29:32,338 - INFO - --------------------------------
2024-08-23 11:29:32,338 - INFO - EVALUATE MODEL STAGE STARTING FOR SUBSET 10...
2024-08-23 11:29:32,338 - INFO - --------------------------------
2024-08-23 11:29:32,352 - INFO - ROC AUC Score: 0.7595785440613027
2024-08-23 11:29:32,352 - INFO - Confusion Matrix: 
[[ 13   5]
 [ 98 134]]
2024-08-23 11:29:32,352 - INFO - Precision: 0.9640287769784173
2024-08-23 11:29:32,352 - INFO - Recall: 0.5775862068965517
2024-08-23 11:29:32,352 - INFO - Model evaluated successfully for subset 10.
2024-08-23 11:29:32,352 - INFO - ------------------------------
2024-08-23 11:29:32,352 - INFO - EVALUATE MODEL STAGE COMPLETED FOR SUBSET 10
2024-08-23 11:29:32,352 - INFO - ------------------------------
2024-08-23 11:29:32,353 - INFO - Subset 11 demographic makeup: 1000 1
2024-08-23 11:29:32,353 - INFO - Processing subset 11...
2024-08-23 11:29:32,353 - INFO - -----------------------------
2024-08-23 11:29:32,353 - INFO - TRAIN MODEL STAGE STARTING FOR SUBSET 11...
2024-08-23 11:29:32,354 - INFO - -----------------------------
2024-08-23 11:29:32,360 - INFO - Scaling features and applying LASSO for feature selection...
2024-08-23 11:29:34,142 - INFO - Selected features (including required): ['who', 'age', 'is_female', 'unemployed', 'unstableliving', 'education', 'marital', 'UDS_Amphetamine_Count', 'UDS_Benzodiazepine_Count', 'UDS_Buprenorphine_Count', 'UDS_Cocaine_Count', 'UDS_Methadone_Count', 'UDS_Opioid_Count', 'UDS_Sedatives_Count', 'UDS_Thc_Count', 'pain', 'has_schizophrenia', 'has_major_dep', 'has_bipolar', 'has_anx_pan', 'has_brain_damage', 'has_epilepsy', 'has_alcol_dx', 'has_amphetamines_dx', 'has_cannabis_dx', 'has_cocaine_dx', 'has_sedatives_dx', 'ftnd', 'XTRT', 'shared', 'rbsivheroin', 'TLFB_Alcohol_Count', 'TLFB_Amphetamine_Count', 'TLFB_Benzodiazepine_Count', 'TLFB_Buprenorphine_Count', 'TLFB_Cocaine_Count', 'TLFB_Heroin_Count', 'TLFB_Methadone_Count', 'TLFB_Opioid_Count', 'TLFB_THC_Count', 'TLFB_Other', 'Homosexual_Behavior', 'Non_monogamous_Relationships']
2024-08-23 11:29:34,154 - INFO - Fitting logistic regression model with the selected features...
2024-08-23 11:29:34,919 - INFO - Model training completed successfully.
2024-08-23 11:29:34,920 - INFO - Calculating the dynamic threshold based on the proportion of positive outcomes...
2024-08-23 11:29:34,920 - INFO - Ratio of 1s to 0s in the outcome variable: 0.91 : 0.09
2024-08-23 11:29:34,920 - INFO - Dynamic threshold set to: 0.912
2024-08-23 11:29:34,920 - INFO - Model trained and saved successfully for subset 11.
2024-08-23 11:29:34,920 - INFO - ---------------------------
2024-08-23 11:29:34,920 - INFO - TRAIN MODEL STAGE COMPLETED FOR SUBSET 11
2024-08-23 11:29:34,921 - INFO - ---------------------------
2024-08-23 11:29:34,921 - INFO - --------------------------------
2024-08-23 11:29:34,921 - INFO - EVALUATE MODEL STAGE STARTING FOR SUBSET 11...
2024-08-23 11:29:34,921 - INFO - --------------------------------
2024-08-23 11:29:34,934 - INFO - ROC AUC Score: 0.7527910685805422
2024-08-23 11:29:34,935 - INFO - Confusion Matrix: 
[[ 17   5]
 [ 77 151]]
2024-08-23 11:29:34,935 - INFO - Precision: 0.967948717948718
2024-08-23 11:29:34,935 - INFO - Recall: 0.6622807017543859
2024-08-23 11:29:34,935 - INFO - Model evaluated successfully for subset 11.
2024-08-23 11:29:34,935 - INFO - ------------------------------
2024-08-23 11:29:34,935 - INFO - EVALUATE MODEL STAGE COMPLETED FOR SUBSET 11
2024-08-23 11:29:34,935 - INFO - ------------------------------
2024-08-23 11:29:34,935 - INFO - ------------------
2024-08-23 11:29:34,936 - INFO - PIPELINE COMPLETED
2024-08-23 11:29:34,936 - INFO - ------------------
