2024-08-14 13:56:44,636 - INFO - Global Seed set to: 2
2024-08-14 13:56:44,636 - INFO - Outcome Name: Rs_krupitsky_2004
2024-08-14 13:56:44,677 - INFO - Datasets loaded successfully.
2024-08-14 13:56:44,681 - INFO - Starting preprocessing of the merged dataset...
2024-08-14 13:56:44,681 - INFO - ---------------------------------
2024-08-14 13:56:44,681 - INFO - PRE-PROCESSING STAGE STARTING...
2024-08-14 13:56:44,681 - INFO - ---------------------------------
2024-08-14 13:56:44,771 - INFO - Dropped initial columns: ['pain_when', 'is_smoker', 'per_day', 'max', 'amount', 'depression', 'anxiety', 'schizophrenia', 'max', 'amount', 'cocaine_inject_days', 'speedball_inject_days', 'opioid_inject_days', 'speed_inject_days', 'UDS_Alcohol_Count', 'UDS_Mdma/Hallucinogen_Count']
2024-08-14 13:56:44,820 - INFO - Converted Yes/No to binary.
2024-08-14 13:56:44,828 - INFO - Processed TLFB columns with specified columns: ['TLFB_Alcohol_Count', 'TLFB_Amphetamine_Count', 'TLFB_Cocaine_Count', 'TLFB_Heroin_Count', 'TLFB_Benzodiazepine_Count', 'TLFB_Opioid_Count', 'TLFB_THC_Count', 'TLFB_Methadone_Count', 'TLFB_Buprenorphine_Count']
2024-08-14 13:56:44,833 - INFO - Calculated behavioral columns.
2024-08-14 13:56:44,839 - INFO - Moved 'Rs_krupitsky_2004' column to the end.
2024-08-14 13:56:44,933 - INFO - Dropped initial columns: ['msm_npt', 'msm_frq', 'txx_prt']
2024-08-14 13:56:44,967 - INFO - transform_data_with_nan_handling success
2024-08-14 13:56:44,970 - INFO - Renamed columns according to the mapping.
2024-08-14 13:56:44,992 - INFO - Transformed NaN to 0 for binary columns.
2024-08-14 13:56:44,995 - INFO - Transformed and renamed 'heroin_inject_days' column to 'rbsivheroin'.
2024-08-14 13:56:44,996 - INFO - Filled NaN with 0 for 'ftnd' column.
2024-08-14 13:56:45,070 - INFO - Dropped additional columns: ['rbs_iv_days', 'race', 'RBS_cocaine_Days', 'RBS_heroin_Days', 'RBS_opioid_Days', 'RBS_speed_Days', 'RBS_speedball_Days']
2024-08-14 13:56:45,085 - INFO - Converted UDS drug counts to binary.
2024-08-14 13:56:45,156 - INFO - ------------------------------
2024-08-14 13:56:45,157 - INFO - PRE-PROCESSING STAGE COMPLETED
2024-08-14 13:56:45,158 - INFO - ------------------------------
2024-08-14 13:56:45,159 - INFO - Merged dataset preprocessed successfully.
2024-08-14 13:56:45,160 - INFO - Creating demographic subsets from preprocessed data...
2024-08-14 13:56:54,501 - INFO - Created 11 subsets successfully.
2024-08-14 13:56:54,501 - INFO - Creating merged subsets from create_demographics_dfs function
2024-08-14 13:56:54,591 - INFO - Created 11 merged subsets successfully.
2024-08-14 13:56:54,593 - INFO - Subset 1 demographic makeup: 500 1, 242 3, 158 2, 100 4
2024-08-14 13:56:54,593 - INFO - Processing subset 1...
2024-08-14 13:56:54,593 - INFO - -----------------------------
2024-08-14 13:56:54,594 - INFO - TRAIN MODEL STAGE STARTING FOR SUBSET 1...
2024-08-14 13:56:54,596 - INFO - -----------------------------
2024-08-14 13:56:54,605 - INFO - Scaling features and applying LASSO for feature selection...
2024-08-14 13:56:54,999 - INFO - Selected features (including required): ['who', 'RaceEth', 'age', 'is_female', 'is_hispanic', 'unemployed', 'unstableliving', 'education', 'marital', 'UDS_Amphetamine_Count', 'UDS_Benzodiazepine_Count', 'UDS_Buprenorphine_Count', 'UDS_Cocaine_Count', 'UDS_Methadone_Count', 'UDS_Opioid_Count', 'UDS_Sedatives_Count', 'UDS_Thc_Count', 'pain', 'has_schizophrenia', 'has_major_dep', 'has_bipolar', 'has_anx_pan', 'has_brain_damage', 'has_epilepsy', 'has_alcol_dx', 'has_amphetamines_dx', 'has_cannabis_dx', 'has_cocaine_dx', 'has_sedatives_dx', 'ftnd', 'XTRT', 'shared', 'rbsivheroin', 'TLFB_Alcohol_Count', 'TLFB_Amphetamine_Count', 'TLFB_Benzodiazepine_Count', 'TLFB_Buprenorphine_Count', 'TLFB_Cocaine_Count', 'TLFB_Heroin_Count', 'TLFB_Methadone_Count', 'TLFB_Opioid_Count', 'TLFB_THC_Count', 'TLFB_Other', 'Homosexual_Behavior', 'Non_monogamous_Relationships']
2024-08-14 13:56:55,008 - INFO - Fitting logistic regression model with the selected features...
2024-08-14 13:56:55,839 - INFO - Model training completed successfully.
2024-08-14 13:56:55,839 - INFO - Calculating the dynamic threshold based on the proportion of positive outcomes...
2024-08-14 13:56:55,839 - INFO - Ratio of 1s to 0s in the outcome variable: 0.80 : 0.20
2024-08-14 13:56:55,840 - INFO - Dynamic threshold set to: 0.796
2024-08-14 13:56:55,840 - INFO - Model trained and saved successfully for subset 1.
2024-08-14 13:56:55,840 - INFO - ---------------------------
2024-08-14 13:56:55,840 - INFO - TRAIN MODEL STAGE COMPLETED FOR SUBSET 1
2024-08-14 13:56:55,840 - INFO - ---------------------------
2024-08-14 13:56:55,840 - INFO - --------------------------------
2024-08-14 13:56:55,840 - INFO - EVALUATE MODEL STAGE STARTING FOR SUBSET 1...
2024-08-14 13:56:55,840 - INFO - --------------------------------
2024-08-14 13:56:55,852 - INFO - ROC AUC Score: 0.6816435116760272
2024-08-14 13:56:55,852 - INFO - Confusion Matrix: 
[[ 25  26]
 [ 53 146]]
2024-08-14 13:56:55,852 - INFO - Precision: 0.8488372093023255
2024-08-14 13:56:55,852 - INFO - Recall: 0.7336683417085427
2024-08-14 13:56:55,852 - INFO - Model evaluated successfully for subset 1.
2024-08-14 13:56:55,853 - INFO - ------------------------------
2024-08-14 13:56:55,853 - INFO - EVALUATE MODEL STAGE COMPLETED FOR SUBSET 1
2024-08-14 13:56:55,853 - INFO - ------------------------------
2024-08-14 13:56:55,854 - INFO - Subset 2 demographic makeup: 550 1, 213 3, 147 2, 90 4
2024-08-14 13:56:55,854 - INFO - Processing subset 2...
2024-08-14 13:56:55,854 - INFO - -----------------------------
2024-08-14 13:56:55,854 - INFO - TRAIN MODEL STAGE STARTING FOR SUBSET 2...
2024-08-14 13:56:55,854 - INFO - -----------------------------
2024-08-14 13:56:55,863 - INFO - Scaling features and applying LASSO for feature selection...
2024-08-14 13:56:56,270 - INFO - Selected features (including required): ['who', 'RaceEth', 'age', 'is_female', 'is_hispanic', 'unemployed', 'unstableliving', 'education', 'marital', 'UDS_Amphetamine_Count', 'UDS_Benzodiazepine_Count', 'UDS_Buprenorphine_Count', 'UDS_Cocaine_Count', 'UDS_Methadone_Count', 'UDS_Opioid_Count', 'UDS_Sedatives_Count', 'UDS_Thc_Count', 'pain', 'has_schizophrenia', 'has_major_dep', 'has_bipolar', 'has_anx_pan', 'has_brain_damage', 'has_epilepsy', 'has_alcol_dx', 'has_amphetamines_dx', 'has_cannabis_dx', 'has_cocaine_dx', 'has_sedatives_dx', 'ftnd', 'XTRT', 'shared', 'rbsivheroin', 'TLFB_Alcohol_Count', 'TLFB_Amphetamine_Count', 'TLFB_Benzodiazepine_Count', 'TLFB_Buprenorphine_Count', 'TLFB_Cocaine_Count', 'TLFB_Heroin_Count', 'TLFB_Methadone_Count', 'TLFB_Opioid_Count', 'TLFB_THC_Count', 'TLFB_Other', 'Homosexual_Behavior', 'Non_monogamous_Relationships']
2024-08-14 13:56:56,276 - INFO - Fitting logistic regression model with the selected features...
2024-08-14 13:56:56,935 - INFO - Model training completed successfully.
2024-08-14 13:56:56,935 - INFO - Calculating the dynamic threshold based on the proportion of positive outcomes...
2024-08-14 13:56:56,936 - INFO - Ratio of 1s to 0s in the outcome variable: 0.83 : 0.17
2024-08-14 13:56:56,936 - INFO - Dynamic threshold set to: 0.828
2024-08-14 13:56:56,936 - INFO - Model trained and saved successfully for subset 2.
2024-08-14 13:56:56,936 - INFO - ---------------------------
2024-08-14 13:56:56,936 - INFO - TRAIN MODEL STAGE COMPLETED FOR SUBSET 2
2024-08-14 13:56:56,936 - INFO - ---------------------------
2024-08-14 13:56:56,936 - INFO - --------------------------------
2024-08-14 13:56:56,936 - INFO - EVALUATE MODEL STAGE STARTING FOR SUBSET 2...
2024-08-14 13:56:56,936 - INFO - --------------------------------
2024-08-14 13:56:56,951 - INFO - ROC AUC Score: 0.680934726435232
2024-08-14 13:56:56,951 - INFO - Confusion Matrix: 
[[ 25  18]
 [ 89 118]]
2024-08-14 13:56:56,951 - INFO - Precision: 0.8676470588235294
2024-08-14 13:56:56,951 - INFO - Recall: 0.5700483091787439
2024-08-14 13:56:56,951 - INFO - Model evaluated successfully for subset 2.
2024-08-14 13:56:56,951 - INFO - ------------------------------
2024-08-14 13:56:56,951 - INFO - EVALUATE MODEL STAGE COMPLETED FOR SUBSET 2
2024-08-14 13:56:56,952 - INFO - ------------------------------
2024-08-14 13:56:56,952 - INFO - Subset 3 demographic makeup: 600 1, 188 3, 136 2, 76 4
2024-08-14 13:56:56,952 - INFO - Processing subset 3...
2024-08-14 13:56:56,952 - INFO - -----------------------------
2024-08-14 13:56:56,953 - INFO - TRAIN MODEL STAGE STARTING FOR SUBSET 3...
2024-08-14 13:56:56,953 - INFO - -----------------------------
2024-08-14 13:56:56,960 - INFO - Scaling features and applying LASSO for feature selection...
2024-08-14 13:56:57,451 - INFO - Selected features (including required): ['who', 'RaceEth', 'age', 'is_female', 'is_hispanic', 'unemployed', 'unstableliving', 'education', 'marital', 'UDS_Amphetamine_Count', 'UDS_Benzodiazepine_Count', 'UDS_Buprenorphine_Count', 'UDS_Cocaine_Count', 'UDS_Methadone_Count', 'UDS_Opioid_Count', 'UDS_Sedatives_Count', 'UDS_Thc_Count', 'pain', 'has_schizophrenia', 'has_major_dep', 'has_bipolar', 'has_anx_pan', 'has_brain_damage', 'has_epilepsy', 'has_alcol_dx', 'has_amphetamines_dx', 'has_cannabis_dx', 'has_cocaine_dx', 'has_sedatives_dx', 'ftnd', 'XTRT', 'shared', 'rbsivheroin', 'TLFB_Alcohol_Count', 'TLFB_Amphetamine_Count', 'TLFB_Benzodiazepine_Count', 'TLFB_Buprenorphine_Count', 'TLFB_Cocaine_Count', 'TLFB_Heroin_Count', 'TLFB_Methadone_Count', 'TLFB_Opioid_Count', 'TLFB_THC_Count', 'TLFB_Other', 'Homosexual_Behavior', 'Non_monogamous_Relationships']
2024-08-14 13:56:57,457 - INFO - Fitting logistic regression model with the selected features...
2024-08-14 13:56:58,247 - INFO - Model training completed successfully.
2024-08-14 13:56:58,247 - INFO - Calculating the dynamic threshold based on the proportion of positive outcomes...
2024-08-14 13:56:58,247 - INFO - Ratio of 1s to 0s in the outcome variable: 0.87 : 0.13
2024-08-14 13:56:58,247 - INFO - Dynamic threshold set to: 0.868
2024-08-14 13:56:58,248 - INFO - Model trained and saved successfully for subset 3.
2024-08-14 13:56:58,248 - INFO - ---------------------------
2024-08-14 13:56:58,248 - INFO - TRAIN MODEL STAGE COMPLETED FOR SUBSET 3
2024-08-14 13:56:58,248 - INFO - ---------------------------
2024-08-14 13:56:58,248 - INFO - --------------------------------
2024-08-14 13:56:58,248 - INFO - EVALUATE MODEL STAGE STARTING FOR SUBSET 3...
2024-08-14 13:56:58,248 - INFO - --------------------------------
2024-08-14 13:56:58,260 - INFO - ROC AUC Score: 0.6522832006702974
2024-08-14 13:56:58,261 - INFO - Confusion Matrix: 
[[ 29   4]
 [135  82]]
2024-08-14 13:56:58,261 - INFO - Precision: 0.9534883720930233
2024-08-14 13:56:58,261 - INFO - Recall: 0.3778801843317972
2024-08-14 13:56:58,261 - INFO - Model evaluated successfully for subset 3.
2024-08-14 13:56:58,261 - INFO - ------------------------------
2024-08-14 13:56:58,261 - INFO - EVALUATE MODEL STAGE COMPLETED FOR SUBSET 3
2024-08-14 13:56:58,261 - INFO - ------------------------------
2024-08-14 13:56:58,262 - INFO - Subset 4 demographic makeup: 650 1, 164 3, 120 2, 66 4
2024-08-14 13:56:58,262 - INFO - Processing subset 4...
2024-08-14 13:56:58,262 - INFO - -----------------------------
2024-08-14 13:56:58,262 - INFO - TRAIN MODEL STAGE STARTING FOR SUBSET 4...
2024-08-14 13:56:58,262 - INFO - -----------------------------
2024-08-14 13:56:58,270 - INFO - Scaling features and applying LASSO for feature selection...
2024-08-14 13:56:59,821 - INFO - Selected features (including required): ['who', 'RaceEth', 'age', 'is_female', 'is_hispanic', 'unemployed', 'unstableliving', 'education', 'marital', 'UDS_Amphetamine_Count', 'UDS_Benzodiazepine_Count', 'UDS_Buprenorphine_Count', 'UDS_Cocaine_Count', 'UDS_Methadone_Count', 'UDS_Opioid_Count', 'UDS_Sedatives_Count', 'UDS_Thc_Count', 'pain', 'has_schizophrenia', 'has_major_dep', 'has_bipolar', 'has_anx_pan', 'has_brain_damage', 'has_epilepsy', 'has_alcol_dx', 'has_amphetamines_dx', 'has_cannabis_dx', 'has_cocaine_dx', 'has_sedatives_dx', 'ftnd', 'XTRT', 'shared', 'rbsivheroin', 'TLFB_Alcohol_Count', 'TLFB_Amphetamine_Count', 'TLFB_Benzodiazepine_Count', 'TLFB_Buprenorphine_Count', 'TLFB_Cocaine_Count', 'TLFB_Heroin_Count', 'TLFB_Methadone_Count', 'TLFB_Opioid_Count', 'TLFB_THC_Count', 'TLFB_Other', 'Homosexual_Behavior', 'Non_monogamous_Relationships']
2024-08-14 13:56:59,826 - INFO - Fitting logistic regression model with the selected features...
2024-08-14 13:57:00,476 - INFO - Model training completed successfully.
2024-08-14 13:57:00,476 - INFO - Calculating the dynamic threshold based on the proportion of positive outcomes...
2024-08-14 13:57:00,477 - INFO - Ratio of 1s to 0s in the outcome variable: 0.82 : 0.18
2024-08-14 13:57:00,477 - INFO - Dynamic threshold set to: 0.82
2024-08-14 13:57:00,477 - INFO - Model trained and saved successfully for subset 4.
2024-08-14 13:57:00,478 - INFO - ---------------------------
2024-08-14 13:57:00,480 - INFO - TRAIN MODEL STAGE COMPLETED FOR SUBSET 4
2024-08-14 13:57:00,481 - INFO - ---------------------------
2024-08-14 13:57:00,484 - INFO - --------------------------------
2024-08-14 13:57:00,490 - INFO - EVALUATE MODEL STAGE STARTING FOR SUBSET 4...
2024-08-14 13:57:00,491 - INFO - --------------------------------
2024-08-14 13:57:00,529 - INFO - ROC AUC Score: 0.7204336043360433
2024-08-14 13:57:00,531 - INFO - Confusion Matrix: 
[[ 27  18]
 [ 51 154]]
2024-08-14 13:57:00,532 - INFO - Precision: 0.8953488372093024
2024-08-14 13:57:00,539 - INFO - Recall: 0.751219512195122
2024-08-14 13:57:00,540 - INFO - Model evaluated successfully for subset 4.
2024-08-14 13:57:00,541 - INFO - ------------------------------
2024-08-14 13:57:00,541 - INFO - EVALUATE MODEL STAGE COMPLETED FOR SUBSET 4
2024-08-14 13:57:00,542 - INFO - ------------------------------
2024-08-14 13:57:00,551 - INFO - Subset 5 demographic makeup: 700 1, 142 3, 104 2, 54 4
2024-08-14 13:57:00,552 - INFO - Processing subset 5...
2024-08-14 13:57:00,558 - INFO - -----------------------------
2024-08-14 13:57:00,560 - INFO - TRAIN MODEL STAGE STARTING FOR SUBSET 5...
2024-08-14 13:57:00,561 - INFO - -----------------------------
2024-08-14 13:57:00,571 - INFO - Scaling features and applying LASSO for feature selection...
2024-08-14 13:57:02,069 - INFO - Selected features (including required): ['who', 'RaceEth', 'age', 'is_female', 'is_hispanic', 'unemployed', 'unstableliving', 'education', 'marital', 'UDS_Amphetamine_Count', 'UDS_Benzodiazepine_Count', 'UDS_Buprenorphine_Count', 'UDS_Cocaine_Count', 'UDS_Methadone_Count', 'UDS_Opioid_Count', 'UDS_Sedatives_Count', 'UDS_Thc_Count', 'pain', 'has_schizophrenia', 'has_major_dep', 'has_bipolar', 'has_anx_pan', 'has_brain_damage', 'has_epilepsy', 'has_alcol_dx', 'has_amphetamines_dx', 'has_cannabis_dx', 'has_cocaine_dx', 'has_sedatives_dx', 'ftnd', 'XTRT', 'shared', 'rbsivheroin', 'TLFB_Alcohol_Count', 'TLFB_Amphetamine_Count', 'TLFB_Benzodiazepine_Count', 'TLFB_Buprenorphine_Count', 'TLFB_Cocaine_Count', 'TLFB_Heroin_Count', 'TLFB_Methadone_Count', 'TLFB_Opioid_Count', 'TLFB_THC_Count', 'TLFB_Other', 'Homosexual_Behavior', 'Non_monogamous_Relationships']
2024-08-14 13:57:02,075 - INFO - Fitting logistic regression model with the selected features...
2024-08-14 13:57:02,651 - INFO - Model training completed successfully.
2024-08-14 13:57:02,651 - INFO - Calculating the dynamic threshold based on the proportion of positive outcomes...
2024-08-14 13:57:02,652 - INFO - Ratio of 1s to 0s in the outcome variable: 0.88 : 0.12
2024-08-14 13:57:02,652 - INFO - Dynamic threshold set to: 0.876
2024-08-14 13:57:02,652 - INFO - Model trained and saved successfully for subset 5.
2024-08-14 13:57:02,652 - INFO - ---------------------------
2024-08-14 13:57:02,652 - INFO - TRAIN MODEL STAGE COMPLETED FOR SUBSET 5
2024-08-14 13:57:02,652 - INFO - ---------------------------
2024-08-14 13:57:02,652 - INFO - --------------------------------
2024-08-14 13:57:02,652 - INFO - EVALUATE MODEL STAGE STARTING FOR SUBSET 5...
2024-08-14 13:57:02,652 - INFO - --------------------------------
2024-08-14 13:57:02,665 - INFO - ROC AUC Score: 0.6254234791574607
2024-08-14 13:57:02,665 - INFO - Confusion Matrix: 
[[ 23   8]
 [105 114]]
2024-08-14 13:57:02,665 - INFO - Precision: 0.9344262295081968
2024-08-14 13:57:02,665 - INFO - Recall: 0.5205479452054794
2024-08-14 13:57:02,666 - INFO - Model evaluated successfully for subset 5.
2024-08-14 13:57:02,666 - INFO - ------------------------------
2024-08-14 13:57:02,666 - INFO - EVALUATE MODEL STAGE COMPLETED FOR SUBSET 5
2024-08-14 13:57:02,667 - INFO - ------------------------------
2024-08-14 13:57:02,670 - INFO - Subset 6 demographic makeup: 750 1, 114 3, 88 2, 48 4
2024-08-14 13:57:02,671 - INFO - Processing subset 6...
2024-08-14 13:57:02,671 - INFO - -----------------------------
2024-08-14 13:57:02,671 - INFO - TRAIN MODEL STAGE STARTING FOR SUBSET 6...
2024-08-14 13:57:02,672 - INFO - -----------------------------
2024-08-14 13:57:02,678 - INFO - Scaling features and applying LASSO for feature selection...
2024-08-14 13:57:03,448 - INFO - Selected features (including required): ['who', 'RaceEth', 'age', 'is_female', 'is_hispanic', 'unemployed', 'unstableliving', 'education', 'marital', 'UDS_Amphetamine_Count', 'UDS_Benzodiazepine_Count', 'UDS_Buprenorphine_Count', 'UDS_Cocaine_Count', 'UDS_Methadone_Count', 'UDS_Opioid_Count', 'UDS_Sedatives_Count', 'UDS_Thc_Count', 'pain', 'has_schizophrenia', 'has_major_dep', 'has_bipolar', 'has_anx_pan', 'has_brain_damage', 'has_epilepsy', 'has_alcol_dx', 'has_amphetamines_dx', 'has_cannabis_dx', 'has_cocaine_dx', 'has_sedatives_dx', 'ftnd', 'XTRT', 'shared', 'rbsivheroin', 'TLFB_Alcohol_Count', 'TLFB_Amphetamine_Count', 'TLFB_Benzodiazepine_Count', 'TLFB_Buprenorphine_Count', 'TLFB_Cocaine_Count', 'TLFB_Heroin_Count', 'TLFB_Methadone_Count', 'TLFB_Opioid_Count', 'TLFB_THC_Count', 'TLFB_Other', 'Homosexual_Behavior', 'Non_monogamous_Relationships']
2024-08-14 13:57:03,461 - INFO - Fitting logistic regression model with the selected features...
2024-08-14 13:57:04,153 - INFO - Model training completed successfully.
2024-08-14 13:57:04,153 - INFO - Calculating the dynamic threshold based on the proportion of positive outcomes...
2024-08-14 13:57:04,154 - INFO - Ratio of 1s to 0s in the outcome variable: 0.83 : 0.17
2024-08-14 13:57:04,154 - INFO - Dynamic threshold set to: 0.832
2024-08-14 13:57:04,155 - INFO - Model trained and saved successfully for subset 6.
2024-08-14 13:57:04,156 - INFO - ---------------------------
2024-08-14 13:57:04,157 - INFO - TRAIN MODEL STAGE COMPLETED FOR SUBSET 6
2024-08-14 13:57:04,159 - INFO - ---------------------------
2024-08-14 13:57:04,159 - INFO - --------------------------------
2024-08-14 13:57:04,160 - INFO - EVALUATE MODEL STAGE STARTING FOR SUBSET 6...
2024-08-14 13:57:04,160 - INFO - --------------------------------
2024-08-14 13:57:04,182 - INFO - ROC AUC Score: 0.5918040293040293
2024-08-14 13:57:04,182 - INFO - Confusion Matrix: 
[[ 19  23]
 [ 70 138]]
2024-08-14 13:57:04,183 - INFO - Precision: 0.8571428571428571
2024-08-14 13:57:04,183 - INFO - Recall: 0.6634615384615384
2024-08-14 13:57:04,183 - INFO - Model evaluated successfully for subset 6.
2024-08-14 13:57:04,186 - INFO - ------------------------------
2024-08-14 13:57:04,188 - INFO - EVALUATE MODEL STAGE COMPLETED FOR SUBSET 6
2024-08-14 13:57:04,190 - INFO - ------------------------------
2024-08-14 13:57:04,192 - INFO - Subset 7 demographic makeup: 800 1, 87 3, 71 2, 42 4
2024-08-14 13:57:04,192 - INFO - Processing subset 7...
2024-08-14 13:57:04,192 - INFO - -----------------------------
2024-08-14 13:57:04,193 - INFO - TRAIN MODEL STAGE STARTING FOR SUBSET 7...
2024-08-14 13:57:04,196 - INFO - -----------------------------
2024-08-14 13:57:04,206 - INFO - Scaling features and applying LASSO for feature selection...
2024-08-14 13:57:06,643 - INFO - Selected features (including required): ['who', 'RaceEth', 'age', 'is_female', 'is_hispanic', 'unemployed', 'unstableliving', 'education', 'marital', 'UDS_Amphetamine_Count', 'UDS_Benzodiazepine_Count', 'UDS_Buprenorphine_Count', 'UDS_Cocaine_Count', 'UDS_Methadone_Count', 'UDS_Opioid_Count', 'UDS_Sedatives_Count', 'UDS_Thc_Count', 'pain', 'has_schizophrenia', 'has_major_dep', 'has_bipolar', 'has_anx_pan', 'has_brain_damage', 'has_epilepsy', 'has_alcol_dx', 'has_amphetamines_dx', 'has_cannabis_dx', 'has_cocaine_dx', 'has_sedatives_dx', 'ftnd', 'XTRT', 'shared', 'rbsivheroin', 'TLFB_Alcohol_Count', 'TLFB_Amphetamine_Count', 'TLFB_Benzodiazepine_Count', 'TLFB_Buprenorphine_Count', 'TLFB_Cocaine_Count', 'TLFB_Heroin_Count', 'TLFB_Methadone_Count', 'TLFB_Opioid_Count', 'TLFB_THC_Count', 'TLFB_Other', 'Homosexual_Behavior', 'Non_monogamous_Relationships']
2024-08-14 13:57:06,648 - INFO - Fitting logistic regression model with the selected features...
2024-08-14 13:57:07,615 - INFO - Model training completed successfully.
2024-08-14 13:57:07,615 - INFO - Calculating the dynamic threshold based on the proportion of positive outcomes...
2024-08-14 13:57:07,616 - INFO - Ratio of 1s to 0s in the outcome variable: 0.85 : 0.15
2024-08-14 13:57:07,616 - INFO - Dynamic threshold set to: 0.848
2024-08-14 13:57:07,616 - INFO - Model trained and saved successfully for subset 7.
2024-08-14 13:57:07,616 - INFO - ---------------------------
2024-08-14 13:57:07,616 - INFO - TRAIN MODEL STAGE COMPLETED FOR SUBSET 7
2024-08-14 13:57:07,616 - INFO - ---------------------------
2024-08-14 13:57:07,616 - INFO - --------------------------------
2024-08-14 13:57:07,616 - INFO - EVALUATE MODEL STAGE STARTING FOR SUBSET 7...
2024-08-14 13:57:07,616 - INFO - --------------------------------
2024-08-14 13:57:07,633 - INFO - ROC AUC Score: 0.6315789473684211
2024-08-14 13:57:07,634 - INFO - Confusion Matrix: 
[[ 21  17]
 [ 82 130]]
2024-08-14 13:57:07,634 - INFO - Precision: 0.8843537414965986
2024-08-14 13:57:07,634 - INFO - Recall: 0.6132075471698113
2024-08-14 13:57:07,634 - INFO - Model evaluated successfully for subset 7.
2024-08-14 13:57:07,634 - INFO - ------------------------------
2024-08-14 13:57:07,634 - INFO - EVALUATE MODEL STAGE COMPLETED FOR SUBSET 7
2024-08-14 13:57:07,634 - INFO - ------------------------------
2024-08-14 13:57:07,635 - INFO - Subset 8 demographic makeup: 850 1, 66 3, 53 2, 31 4
2024-08-14 13:57:07,635 - INFO - Processing subset 8...
2024-08-14 13:57:07,636 - INFO - -----------------------------
2024-08-14 13:57:07,636 - INFO - TRAIN MODEL STAGE STARTING FOR SUBSET 8...
2024-08-14 13:57:07,636 - INFO - -----------------------------
2024-08-14 13:57:07,643 - INFO - Scaling features and applying LASSO for feature selection...
2024-08-14 13:57:09,750 - INFO - Selected features (including required): ['who', 'RaceEth', 'age', 'is_female', 'is_hispanic', 'unemployed', 'unstableliving', 'education', 'marital', 'UDS_Amphetamine_Count', 'UDS_Benzodiazepine_Count', 'UDS_Buprenorphine_Count', 'UDS_Cocaine_Count', 'UDS_Methadone_Count', 'UDS_Opioid_Count', 'UDS_Sedatives_Count', 'UDS_Thc_Count', 'pain', 'has_schizophrenia', 'has_major_dep', 'has_bipolar', 'has_anx_pan', 'has_brain_damage', 'has_epilepsy', 'has_alcol_dx', 'has_amphetamines_dx', 'has_cannabis_dx', 'has_cocaine_dx', 'has_sedatives_dx', 'ftnd', 'XTRT', 'shared', 'rbsivheroin', 'TLFB_Alcohol_Count', 'TLFB_Amphetamine_Count', 'TLFB_Benzodiazepine_Count', 'TLFB_Buprenorphine_Count', 'TLFB_Cocaine_Count', 'TLFB_Heroin_Count', 'TLFB_Methadone_Count', 'TLFB_Opioid_Count', 'TLFB_THC_Count', 'TLFB_Other', 'Homosexual_Behavior', 'Non_monogamous_Relationships']
2024-08-14 13:57:09,755 - INFO - Fitting logistic regression model with the selected features...
2024-08-14 13:57:10,773 - INFO - Model training completed successfully.
2024-08-14 13:57:10,773 - INFO - Calculating the dynamic threshold based on the proportion of positive outcomes...
2024-08-14 13:57:10,773 - INFO - Ratio of 1s to 0s in the outcome variable: 0.82 : 0.18
2024-08-14 13:57:10,773 - INFO - Dynamic threshold set to: 0.824
2024-08-14 13:57:10,774 - INFO - Model trained and saved successfully for subset 8.
2024-08-14 13:57:10,774 - INFO - ---------------------------
2024-08-14 13:57:10,774 - INFO - TRAIN MODEL STAGE COMPLETED FOR SUBSET 8
2024-08-14 13:57:10,774 - INFO - ---------------------------
2024-08-14 13:57:10,774 - INFO - --------------------------------
2024-08-14 13:57:10,774 - INFO - EVALUATE MODEL STAGE STARTING FOR SUBSET 8...
2024-08-14 13:57:10,774 - INFO - --------------------------------
2024-08-14 13:57:10,799 - INFO - ROC AUC Score: 0.6946160635481025
2024-08-14 13:57:10,800 - INFO - Confusion Matrix: 
[[ 25  19]
 [ 71 135]]
2024-08-14 13:57:10,800 - INFO - Precision: 0.8766233766233766
2024-08-14 13:57:10,800 - INFO - Recall: 0.6553398058252428
2024-08-14 13:57:10,800 - INFO - Model evaluated successfully for subset 8.
2024-08-14 13:57:10,800 - INFO - ------------------------------
2024-08-14 13:57:10,800 - INFO - EVALUATE MODEL STAGE COMPLETED FOR SUBSET 8
2024-08-14 13:57:10,800 - INFO - ------------------------------
2024-08-14 13:57:10,801 - INFO - Subset 9 demographic makeup: 900 1, 45 3, 34 2, 21 4
2024-08-14 13:57:10,801 - INFO - Processing subset 9...
2024-08-14 13:57:10,801 - INFO - -----------------------------
2024-08-14 13:57:10,801 - INFO - TRAIN MODEL STAGE STARTING FOR SUBSET 9...
2024-08-14 13:57:10,801 - INFO - -----------------------------
2024-08-14 13:57:10,808 - INFO - Scaling features and applying LASSO for feature selection...
2024-08-14 13:57:12,656 - INFO - Selected features (including required): ['who', 'RaceEth', 'age', 'is_female', 'is_hispanic', 'unemployed', 'unstableliving', 'education', 'marital', 'UDS_Amphetamine_Count', 'UDS_Benzodiazepine_Count', 'UDS_Buprenorphine_Count', 'UDS_Cocaine_Count', 'UDS_Methadone_Count', 'UDS_Opioid_Count', 'UDS_Sedatives_Count', 'UDS_Thc_Count', 'pain', 'has_schizophrenia', 'has_major_dep', 'has_bipolar', 'has_anx_pan', 'has_brain_damage', 'has_epilepsy', 'has_alcol_dx', 'has_amphetamines_dx', 'has_cannabis_dx', 'has_cocaine_dx', 'has_sedatives_dx', 'ftnd', 'XTRT', 'shared', 'rbsivheroin', 'TLFB_Alcohol_Count', 'TLFB_Amphetamine_Count', 'TLFB_Benzodiazepine_Count', 'TLFB_Buprenorphine_Count', 'TLFB_Cocaine_Count', 'TLFB_Heroin_Count', 'TLFB_Methadone_Count', 'TLFB_Opioid_Count', 'TLFB_THC_Count', 'TLFB_Other', 'Homosexual_Behavior', 'Non_monogamous_Relationships']
2024-08-14 13:57:12,662 - INFO - Fitting logistic regression model with the selected features...
2024-08-14 13:57:14,027 - INFO - Model training completed successfully.
2024-08-14 13:57:14,027 - INFO - Calculating the dynamic threshold based on the proportion of positive outcomes...
2024-08-14 13:57:14,028 - INFO - Ratio of 1s to 0s in the outcome variable: 0.82 : 0.18
2024-08-14 13:57:14,028 - INFO - Dynamic threshold set to: 0.824
2024-08-14 13:57:14,028 - INFO - Model trained and saved successfully for subset 9.
2024-08-14 13:57:14,028 - INFO - ---------------------------
2024-08-14 13:57:14,028 - INFO - TRAIN MODEL STAGE COMPLETED FOR SUBSET 9
2024-08-14 13:57:14,028 - INFO - ---------------------------
2024-08-14 13:57:14,028 - INFO - --------------------------------
2024-08-14 13:57:14,028 - INFO - EVALUATE MODEL STAGE STARTING FOR SUBSET 9...
2024-08-14 13:57:14,028 - INFO - --------------------------------
2024-08-14 13:57:14,060 - INFO - ROC AUC Score: 0.6847969991173875
2024-08-14 13:57:14,060 - INFO - Confusion Matrix: 
[[ 24  20]
 [ 67 139]]
2024-08-14 13:57:14,060 - INFO - Precision: 0.8742138364779874
2024-08-14 13:57:14,060 - INFO - Recall: 0.6747572815533981
2024-08-14 13:57:14,061 - INFO - Model evaluated successfully for subset 9.
2024-08-14 13:57:14,061 - INFO - ------------------------------
2024-08-14 13:57:14,061 - INFO - EVALUATE MODEL STAGE COMPLETED FOR SUBSET 9
2024-08-14 13:57:14,061 - INFO - ------------------------------
2024-08-14 13:57:14,062 - INFO - Subset 10 demographic makeup: 950 1, 24 3, 13 2, 13 4
2024-08-14 13:57:14,062 - INFO - Processing subset 10...
2024-08-14 13:57:14,062 - INFO - -----------------------------
2024-08-14 13:57:14,062 - INFO - TRAIN MODEL STAGE STARTING FOR SUBSET 10...
2024-08-14 13:57:14,062 - INFO - -----------------------------
2024-08-14 13:57:14,068 - INFO - Scaling features and applying LASSO for feature selection...
2024-08-14 13:57:17,363 - INFO - Selected features (including required): ['who', 'RaceEth', 'age', 'is_female', 'is_hispanic', 'unemployed', 'unstableliving', 'education', 'marital', 'UDS_Amphetamine_Count', 'UDS_Benzodiazepine_Count', 'UDS_Buprenorphine_Count', 'UDS_Cocaine_Count', 'UDS_Methadone_Count', 'UDS_Opioid_Count', 'UDS_Sedatives_Count', 'UDS_Thc_Count', 'pain', 'has_schizophrenia', 'has_major_dep', 'has_bipolar', 'has_anx_pan', 'has_brain_damage', 'has_epilepsy', 'has_alcol_dx', 'has_amphetamines_dx', 'has_cannabis_dx', 'has_cocaine_dx', 'has_sedatives_dx', 'ftnd', 'XTRT', 'shared', 'rbsivheroin', 'TLFB_Alcohol_Count', 'TLFB_Amphetamine_Count', 'TLFB_Benzodiazepine_Count', 'TLFB_Buprenorphine_Count', 'TLFB_Cocaine_Count', 'TLFB_Heroin_Count', 'TLFB_Methadone_Count', 'TLFB_Opioid_Count', 'TLFB_THC_Count', 'TLFB_Other', 'Homosexual_Behavior', 'Non_monogamous_Relationships']
2024-08-14 13:57:17,375 - INFO - Fitting logistic regression model with the selected features...
2024-08-14 13:57:18,228 - INFO - Model training completed successfully.
2024-08-14 13:57:18,228 - INFO - Calculating the dynamic threshold based on the proportion of positive outcomes...
2024-08-14 13:57:18,229 - INFO - Ratio of 1s to 0s in the outcome variable: 0.87 : 0.13
2024-08-14 13:57:18,229 - INFO - Dynamic threshold set to: 0.872
2024-08-14 13:57:18,229 - INFO - Model trained and saved successfully for subset 10.
2024-08-14 13:57:18,229 - INFO - ---------------------------
2024-08-14 13:57:18,229 - INFO - TRAIN MODEL STAGE COMPLETED FOR SUBSET 10
2024-08-14 13:57:18,229 - INFO - ---------------------------
2024-08-14 13:57:18,229 - INFO - --------------------------------
2024-08-14 13:57:18,229 - INFO - EVALUATE MODEL STAGE STARTING FOR SUBSET 10...
2024-08-14 13:57:18,229 - INFO - --------------------------------
2024-08-14 13:57:18,247 - INFO - ROC AUC Score: 0.7125860091743119
2024-08-14 13:57:18,248 - INFO - Confusion Matrix: 
[[ 24   8]
 [ 99 119]]
2024-08-14 13:57:18,248 - INFO - Precision: 0.937007874015748
2024-08-14 13:57:18,248 - INFO - Recall: 0.5458715596330275
2024-08-14 13:57:18,248 - INFO - Model evaluated successfully for subset 10.
2024-08-14 13:57:18,248 - INFO - ------------------------------
2024-08-14 13:57:18,248 - INFO - EVALUATE MODEL STAGE COMPLETED FOR SUBSET 10
2024-08-14 13:57:18,248 - INFO - ------------------------------
2024-08-14 13:57:18,249 - INFO - Subset 11 demographic makeup: 1000 1
2024-08-14 13:57:18,249 - INFO - Processing subset 11...
2024-08-14 13:57:18,250 - INFO - -----------------------------
2024-08-14 13:57:18,250 - INFO - TRAIN MODEL STAGE STARTING FOR SUBSET 11...
2024-08-14 13:57:18,250 - INFO - -----------------------------
2024-08-14 13:57:18,258 - INFO - Scaling features and applying LASSO for feature selection...
2024-08-14 13:57:19,587 - INFO - Selected features (including required): ['who', 'age', 'is_female', 'unemployed', 'unstableliving', 'education', 'marital', 'UDS_Amphetamine_Count', 'UDS_Benzodiazepine_Count', 'UDS_Buprenorphine_Count', 'UDS_Cocaine_Count', 'UDS_Methadone_Count', 'UDS_Opioid_Count', 'UDS_Sedatives_Count', 'UDS_Thc_Count', 'pain', 'has_schizophrenia', 'has_major_dep', 'has_bipolar', 'has_anx_pan', 'has_brain_damage', 'has_epilepsy', 'has_alcol_dx', 'has_amphetamines_dx', 'has_cannabis_dx', 'has_cocaine_dx', 'has_sedatives_dx', 'ftnd', 'XTRT', 'shared', 'rbsivheroin', 'TLFB_Alcohol_Count', 'TLFB_Amphetamine_Count', 'TLFB_Benzodiazepine_Count', 'TLFB_Buprenorphine_Count', 'TLFB_Cocaine_Count', 'TLFB_Heroin_Count', 'TLFB_Methadone_Count', 'TLFB_Opioid_Count', 'TLFB_THC_Count', 'TLFB_Other', 'Homosexual_Behavior', 'Non_monogamous_Relationships']
2024-08-14 13:57:19,592 - INFO - Fitting logistic regression model with the selected features...
2024-08-14 13:57:20,478 - INFO - Model training completed successfully.
2024-08-14 13:57:20,479 - INFO - Calculating the dynamic threshold based on the proportion of positive outcomes...
2024-08-14 13:57:20,479 - INFO - Ratio of 1s to 0s in the outcome variable: 0.83 : 0.17
2024-08-14 13:57:20,479 - INFO - Dynamic threshold set to: 0.832
2024-08-14 13:57:20,479 - INFO - Model trained and saved successfully for subset 11.
2024-08-14 13:57:20,479 - INFO - ---------------------------
2024-08-14 13:57:20,479 - INFO - TRAIN MODEL STAGE COMPLETED FOR SUBSET 11
2024-08-14 13:57:20,479 - INFO - ---------------------------
2024-08-14 13:57:20,479 - INFO - --------------------------------
2024-08-14 13:57:20,480 - INFO - EVALUATE MODEL STAGE STARTING FOR SUBSET 11...
2024-08-14 13:57:20,480 - INFO - --------------------------------
2024-08-14 13:57:20,498 - INFO - ROC AUC Score: 0.67742673992674
2024-08-14 13:57:20,498 - INFO - Confusion Matrix: 
[[ 21  21]
 [ 55 153]]
2024-08-14 13:57:20,498 - INFO - Precision: 0.8793103448275862
2024-08-14 13:57:20,498 - INFO - Recall: 0.7355769230769231
2024-08-14 13:57:20,498 - INFO - Model evaluated successfully for subset 11.
2024-08-14 13:57:20,498 - INFO - ------------------------------
2024-08-14 13:57:20,498 - INFO - EVALUATE MODEL STAGE COMPLETED FOR SUBSET 11
2024-08-14 13:57:20,499 - INFO - ------------------------------
2024-08-14 13:57:20,499 - INFO - ------------------
2024-08-14 13:57:20,499 - INFO - PIPELINE COMPLETED
2024-08-14 13:57:20,500 - INFO - ------------------
