2024-08-29 00:25:34,398 - INFO - Global Seed set to: 42
2024-08-29 00:25:34,398 - INFO - Outcome Name: Rd_kostenB_1993
2024-08-29 00:25:34,408 - INFO - Datasets loaded successfully.
2024-08-29 00:25:34,409 - INFO - Starting preprocessing of the merged dataset...
2024-08-29 00:25:34,410 - INFO - ---------------------------------
2024-08-29 00:25:34,410 - INFO - PRE-PROCESSING STAGE STARTING...
2024-08-29 00:25:34,410 - INFO - ---------------------------------
2024-08-29 00:25:34,455 - INFO - Dropped initial columns: ['pain_when', 'is_smoker', 'per_day', 'max', 'amount', 'depression', 'anxiety', 'schizophrenia', 'max', 'amount', 'cocaine_inject_days', 'speedball_inject_days', 'opioid_inject_days', 'speed_inject_days', 'UDS_Alcohol_Count', 'UDS_Mdma/Hallucinogen_Count']
2024-08-29 00:25:34,473 - INFO - Converted Yes/No to binary.
2024-08-29 00:25:34,476 - INFO - Processed TLFB columns with specified columns: ['TLFB_Alcohol_Count', 'TLFB_Amphetamine_Count', 'TLFB_Cocaine_Count', 'TLFB_Heroin_Count', 'TLFB_Benzodiazepine_Count', 'TLFB_Opioid_Count', 'TLFB_THC_Count', 'TLFB_Methadone_Count', 'TLFB_Buprenorphine_Count']
2024-08-29 00:25:34,477 - INFO - Calculated behavioral columns.
2024-08-29 00:25:34,478 - INFO - Moved 'Rd_kostenB_1993' column to the end.
2024-08-29 00:25:34,522 - INFO - Dropped initial columns: ['msm_npt', 'msm_frq', 'txx_prt']
2024-08-29 00:25:34,527 - INFO - transform_data_with_nan_handling success
2024-08-29 00:25:34,527 - INFO - Renamed columns according to the mapping.
2024-08-29 00:25:34,538 - INFO - Transformed NaN to 0 for binary columns.
2024-08-29 00:25:34,538 - INFO - Transformed and renamed 'heroin_inject_days' column to 'rbsivheroin'.
2024-08-29 00:25:34,538 - INFO - Filled NaN with 0 for 'ftnd' column.
2024-08-29 00:25:34,573 - INFO - Dropped additional columns: ['rbs_iv_days', 'race', 'RBS_cocaine_Days', 'RBS_heroin_Days', 'RBS_opioid_Days', 'RBS_speed_Days', 'RBS_speedball_Days']
2024-08-29 00:25:34,578 - INFO - Converted UDS drug counts to binary.
2024-08-29 00:25:34,601 - INFO - ------------------------------
2024-08-29 00:25:34,601 - INFO - PRE-PROCESSING STAGE COMPLETED
2024-08-29 00:25:34,601 - INFO - ------------------------------
2024-08-29 00:25:34,601 - INFO - Merged dataset preprocessed successfully.
2024-08-29 00:25:34,601 - INFO - Creating demographic subsets from preprocessed data...
2024-08-29 00:25:34,663 - INFO - Created 11 subsets successfully.
2024-08-29 00:25:34,663 - INFO - Creating merged subsets from create_demographics_dfs function
2024-08-29 00:25:34,686 - INFO - Created 11 merged subsets successfully.
2024-08-29 00:25:34,686 - INFO - Subset 1 demographic makeup: 500 1, 248 3, 150 2, 102 4
2024-08-29 00:25:34,686 - INFO - Processing subset 1...
2024-08-29 00:25:34,686 - INFO - -----------------------------
2024-08-29 00:25:34,686 - INFO - TRAIN MODEL STAGE STARTING FOR SUBSET 1...
2024-08-29 00:25:34,686 - INFO - -----------------------------
2024-08-29 00:25:34,688 - INFO - Scaling features and applying LASSO for feature selection...
2024-08-29 00:25:34,761 - INFO - Selected features (including required): ['who', 'RaceEth', 'age', 'is_female', 'is_hispanic', 'unemployed', 'unstableliving', 'education', 'marital', 'UDS_Amphetamine_Count', 'UDS_Benzodiazepine_Count', 'UDS_Buprenorphine_Count', 'UDS_Cocaine_Count', 'UDS_Methadone_Count', 'UDS_Opioid_Count', 'UDS_Sedatives_Count', 'UDS_Thc_Count', 'pain', 'has_schizophrenia', 'has_major_dep', 'has_bipolar', 'has_anx_pan', 'has_brain_damage', 'has_epilepsy', 'has_alcol_dx', 'has_amphetamines_dx', 'has_cannabis_dx', 'has_cocaine_dx', 'has_sedatives_dx', 'ftnd', 'XTRT', 'shared', 'rbsivheroin', 'TLFB_Alcohol_Count', 'TLFB_Amphetamine_Count', 'TLFB_Benzodiazepine_Count', 'TLFB_Buprenorphine_Count', 'TLFB_Cocaine_Count', 'TLFB_Heroin_Count', 'TLFB_Methadone_Count', 'TLFB_Opioid_Count', 'TLFB_THC_Count', 'TLFB_Other', 'Homosexual_Behavior', 'Non_monogamous_Relationships']
2024-08-29 00:25:34,763 - INFO - Fitting logistic regression model with the selected features...
2024-08-29 00:25:34,977 - INFO - Model training completed successfully.
2024-08-29 00:25:34,977 - INFO - Calculating the dynamic threshold based on the proportion of positive outcomes...
2024-08-29 00:25:34,977 - INFO - Ratio of 1s to 0s in the outcome variable: 0.59 : 0.41
2024-08-29 00:25:34,977 - INFO - Dynamic threshold set to: 0.588
2024-08-29 00:25:34,977 - INFO - Model trained and saved successfully for subset 1.
2024-08-29 00:25:34,977 - INFO - ---------------------------
2024-08-29 00:25:34,977 - INFO - TRAIN MODEL STAGE COMPLETED FOR SUBSET 1
2024-08-29 00:25:34,977 - INFO - ---------------------------
2024-08-29 00:25:34,977 - INFO - --------------------------------
2024-08-29 00:25:34,977 - INFO - EVALUATE MODEL STAGE STARTING FOR SUBSET 1...
2024-08-29 00:25:34,977 - INFO - --------------------------------
2024-08-29 00:25:34,982 - INFO - ROC AUC Score: 0.6846311340070008
2024-08-29 00:25:34,982 - INFO - Confusion Matrix: 
[[79 24]
 [75 72]]
2024-08-29 00:25:34,983 - INFO - Precision: 0.75
2024-08-29 00:25:34,983 - INFO - Recall: 0.4897959183673469
2024-08-29 00:25:34,983 - INFO - Model evaluated successfully for subset 1.
2024-08-29 00:25:34,983 - INFO - ------------------------------
2024-08-29 00:25:34,983 - INFO - EVALUATE MODEL STAGE COMPLETED FOR SUBSET 1
2024-08-29 00:25:34,983 - INFO - ------------------------------
2024-08-29 00:25:34,983 - INFO - Subset 2 demographic makeup: 550 1, 222 3, 133 2, 95 4
2024-08-29 00:25:34,983 - INFO - Processing subset 2...
2024-08-29 00:25:34,983 - INFO - -----------------------------
2024-08-29 00:25:34,983 - INFO - TRAIN MODEL STAGE STARTING FOR SUBSET 2...
2024-08-29 00:25:34,983 - INFO - -----------------------------
2024-08-29 00:25:34,986 - INFO - Scaling features and applying LASSO for feature selection...
2024-08-29 00:25:35,069 - INFO - Selected features (including required): ['who', 'RaceEth', 'age', 'is_female', 'is_hispanic', 'unemployed', 'unstableliving', 'education', 'marital', 'UDS_Amphetamine_Count', 'UDS_Benzodiazepine_Count', 'UDS_Buprenorphine_Count', 'UDS_Cocaine_Count', 'UDS_Methadone_Count', 'UDS_Opioid_Count', 'UDS_Sedatives_Count', 'UDS_Thc_Count', 'pain', 'has_schizophrenia', 'has_major_dep', 'has_bipolar', 'has_anx_pan', 'has_brain_damage', 'has_epilepsy', 'has_alcol_dx', 'has_amphetamines_dx', 'has_cannabis_dx', 'has_cocaine_dx', 'has_sedatives_dx', 'ftnd', 'XTRT', 'shared', 'rbsivheroin', 'TLFB_Alcohol_Count', 'TLFB_Amphetamine_Count', 'TLFB_Benzodiazepine_Count', 'TLFB_Buprenorphine_Count', 'TLFB_Cocaine_Count', 'TLFB_Heroin_Count', 'TLFB_Methadone_Count', 'TLFB_Opioid_Count', 'TLFB_THC_Count', 'TLFB_Other', 'Homosexual_Behavior', 'Non_monogamous_Relationships']
2024-08-29 00:25:35,071 - INFO - Fitting logistic regression model with the selected features...
2024-08-29 00:25:35,267 - INFO - Model training completed successfully.
2024-08-29 00:25:35,267 - INFO - Calculating the dynamic threshold based on the proportion of positive outcomes...
2024-08-29 00:25:35,267 - INFO - Ratio of 1s to 0s in the outcome variable: 0.53 : 0.47
2024-08-29 00:25:35,267 - INFO - Dynamic threshold set to: 0.532
2024-08-29 00:25:35,267 - INFO - Model trained and saved successfully for subset 2.
2024-08-29 00:25:35,267 - INFO - ---------------------------
2024-08-29 00:25:35,267 - INFO - TRAIN MODEL STAGE COMPLETED FOR SUBSET 2
2024-08-29 00:25:35,267 - INFO - ---------------------------
2024-08-29 00:25:35,267 - INFO - --------------------------------
2024-08-29 00:25:35,267 - INFO - EVALUATE MODEL STAGE STARTING FOR SUBSET 2...
2024-08-29 00:25:35,267 - INFO - --------------------------------
2024-08-29 00:25:35,274 - INFO - ROC AUC Score: 0.6438532228005913
2024-08-29 00:25:35,274 - INFO - Confusion Matrix: 
[[71 46]
 [46 87]]
2024-08-29 00:25:35,274 - INFO - Precision: 0.6541353383458647
2024-08-29 00:25:35,275 - INFO - Recall: 0.6541353383458647
2024-08-29 00:25:35,275 - INFO - Model evaluated successfully for subset 2.
2024-08-29 00:25:35,275 - INFO - ------------------------------
2024-08-29 00:25:35,275 - INFO - EVALUATE MODEL STAGE COMPLETED FOR SUBSET 2
2024-08-29 00:25:35,275 - INFO - ------------------------------
2024-08-29 00:25:35,275 - INFO - Subset 3 demographic makeup: 600 1, 199 3, 117 2, 84 4
2024-08-29 00:25:35,275 - INFO - Processing subset 3...
2024-08-29 00:25:35,275 - INFO - -----------------------------
2024-08-29 00:25:35,275 - INFO - TRAIN MODEL STAGE STARTING FOR SUBSET 3...
2024-08-29 00:25:35,275 - INFO - -----------------------------
2024-08-29 00:25:35,277 - INFO - Scaling features and applying LASSO for feature selection...
2024-08-29 00:25:35,376 - INFO - Selected features (including required): ['who', 'RaceEth', 'age', 'is_female', 'is_hispanic', 'unemployed', 'unstableliving', 'education', 'marital', 'UDS_Amphetamine_Count', 'UDS_Benzodiazepine_Count', 'UDS_Buprenorphine_Count', 'UDS_Cocaine_Count', 'UDS_Methadone_Count', 'UDS_Opioid_Count', 'UDS_Sedatives_Count', 'UDS_Thc_Count', 'pain', 'has_schizophrenia', 'has_major_dep', 'has_bipolar', 'has_anx_pan', 'has_brain_damage', 'has_epilepsy', 'has_alcol_dx', 'has_amphetamines_dx', 'has_cannabis_dx', 'has_cocaine_dx', 'has_sedatives_dx', 'ftnd', 'XTRT', 'shared', 'rbsivheroin', 'TLFB_Alcohol_Count', 'TLFB_Amphetamine_Count', 'TLFB_Benzodiazepine_Count', 'TLFB_Buprenorphine_Count', 'TLFB_Cocaine_Count', 'TLFB_Heroin_Count', 'TLFB_Methadone_Count', 'TLFB_Opioid_Count', 'TLFB_THC_Count', 'TLFB_Other', 'Homosexual_Behavior', 'Non_monogamous_Relationships']
2024-08-29 00:25:35,378 - INFO - Fitting logistic regression model with the selected features...
2024-08-29 00:25:35,499 - INFO - Model training completed successfully.
2024-08-29 00:25:35,499 - INFO - Calculating the dynamic threshold based on the proportion of positive outcomes...
2024-08-29 00:25:35,499 - INFO - Ratio of 1s to 0s in the outcome variable: 0.54 : 0.46
2024-08-29 00:25:35,499 - INFO - Dynamic threshold set to: 0.544
2024-08-29 00:25:35,499 - INFO - Model trained and saved successfully for subset 3.
2024-08-29 00:25:35,499 - INFO - ---------------------------
2024-08-29 00:25:35,499 - INFO - TRAIN MODEL STAGE COMPLETED FOR SUBSET 3
2024-08-29 00:25:35,499 - INFO - ---------------------------
2024-08-29 00:25:35,499 - INFO - --------------------------------
2024-08-29 00:25:35,499 - INFO - EVALUATE MODEL STAGE STARTING FOR SUBSET 3...
2024-08-29 00:25:35,499 - INFO - --------------------------------
2024-08-29 00:25:35,504 - INFO - ROC AUC Score: 0.7089138286893705
2024-08-29 00:25:35,504 - INFO - Confusion Matrix: 
[[87 27]
 [62 74]]
2024-08-29 00:25:35,504 - INFO - Precision: 0.7326732673267327
2024-08-29 00:25:35,504 - INFO - Recall: 0.5441176470588235
2024-08-29 00:25:35,504 - INFO - Model evaluated successfully for subset 3.
2024-08-29 00:25:35,504 - INFO - ------------------------------
2024-08-29 00:25:35,504 - INFO - EVALUATE MODEL STAGE COMPLETED FOR SUBSET 3
2024-08-29 00:25:35,504 - INFO - ------------------------------
2024-08-29 00:25:35,504 - INFO - Subset 4 demographic makeup: 650 1, 174 3, 102 2, 74 4
2024-08-29 00:25:35,504 - INFO - Processing subset 4...
2024-08-29 00:25:35,504 - INFO - -----------------------------
2024-08-29 00:25:35,504 - INFO - TRAIN MODEL STAGE STARTING FOR SUBSET 4...
2024-08-29 00:25:35,505 - INFO - -----------------------------
2024-08-29 00:25:35,506 - INFO - Scaling features and applying LASSO for feature selection...
2024-08-29 00:25:35,610 - INFO - Selected features (including required): ['who', 'RaceEth', 'age', 'is_female', 'is_hispanic', 'unemployed', 'unstableliving', 'education', 'marital', 'UDS_Amphetamine_Count', 'UDS_Benzodiazepine_Count', 'UDS_Buprenorphine_Count', 'UDS_Cocaine_Count', 'UDS_Methadone_Count', 'UDS_Opioid_Count', 'UDS_Sedatives_Count', 'UDS_Thc_Count', 'pain', 'has_schizophrenia', 'has_major_dep', 'has_bipolar', 'has_anx_pan', 'has_brain_damage', 'has_epilepsy', 'has_alcol_dx', 'has_amphetamines_dx', 'has_cannabis_dx', 'has_cocaine_dx', 'has_sedatives_dx', 'ftnd', 'XTRT', 'shared', 'rbsivheroin', 'TLFB_Alcohol_Count', 'TLFB_Amphetamine_Count', 'TLFB_Benzodiazepine_Count', 'TLFB_Buprenorphine_Count', 'TLFB_Cocaine_Count', 'TLFB_Heroin_Count', 'TLFB_Methadone_Count', 'TLFB_Opioid_Count', 'TLFB_THC_Count', 'TLFB_Other', 'Homosexual_Behavior', 'Non_monogamous_Relationships']
2024-08-29 00:25:35,614 - INFO - Fitting logistic regression model with the selected features...
2024-08-29 00:25:35,781 - INFO - Model training completed successfully.
2024-08-29 00:25:35,781 - INFO - Calculating the dynamic threshold based on the proportion of positive outcomes...
2024-08-29 00:25:35,782 - INFO - Ratio of 1s to 0s in the outcome variable: 0.50 : 0.50
2024-08-29 00:25:35,782 - INFO - Dynamic threshold set to: 0.496
2024-08-29 00:25:35,782 - INFO - Model trained and saved successfully for subset 4.
2024-08-29 00:25:35,782 - INFO - ---------------------------
2024-08-29 00:25:35,782 - INFO - TRAIN MODEL STAGE COMPLETED FOR SUBSET 4
2024-08-29 00:25:35,782 - INFO - ---------------------------
2024-08-29 00:25:35,782 - INFO - --------------------------------
2024-08-29 00:25:35,782 - INFO - EVALUATE MODEL STAGE STARTING FOR SUBSET 4...
2024-08-29 00:25:35,782 - INFO - --------------------------------
2024-08-29 00:25:35,787 - INFO - ROC AUC Score: 0.6567460317460317
2024-08-29 00:25:35,787 - INFO - Confusion Matrix: 
[[64 62]
 [40 84]]
2024-08-29 00:25:35,788 - INFO - Precision: 0.5753424657534246
2024-08-29 00:25:35,788 - INFO - Recall: 0.6774193548387096
2024-08-29 00:25:35,788 - INFO - Model evaluated successfully for subset 4.
2024-08-29 00:25:35,788 - INFO - ------------------------------
2024-08-29 00:25:35,788 - INFO - EVALUATE MODEL STAGE COMPLETED FOR SUBSET 4
2024-08-29 00:25:35,788 - INFO - ------------------------------
2024-08-29 00:25:35,788 - INFO - Subset 5 demographic makeup: 700 1, 148 3, 86 2, 66 4
2024-08-29 00:25:35,788 - INFO - Processing subset 5...
2024-08-29 00:25:35,789 - INFO - -----------------------------
2024-08-29 00:25:35,789 - INFO - TRAIN MODEL STAGE STARTING FOR SUBSET 5...
2024-08-29 00:25:35,789 - INFO - -----------------------------
2024-08-29 00:25:35,791 - INFO - Scaling features and applying LASSO for feature selection...
2024-08-29 00:25:36,139 - INFO - Selected features (including required): ['who', 'RaceEth', 'age', 'is_female', 'is_hispanic', 'unemployed', 'unstableliving', 'education', 'marital', 'UDS_Amphetamine_Count', 'UDS_Benzodiazepine_Count', 'UDS_Buprenorphine_Count', 'UDS_Cocaine_Count', 'UDS_Methadone_Count', 'UDS_Opioid_Count', 'UDS_Sedatives_Count', 'UDS_Thc_Count', 'pain', 'has_schizophrenia', 'has_major_dep', 'has_bipolar', 'has_anx_pan', 'has_brain_damage', 'has_epilepsy', 'has_alcol_dx', 'has_amphetamines_dx', 'has_cannabis_dx', 'has_cocaine_dx', 'has_sedatives_dx', 'ftnd', 'XTRT', 'shared', 'rbsivheroin', 'TLFB_Alcohol_Count', 'TLFB_Amphetamine_Count', 'TLFB_Benzodiazepine_Count', 'TLFB_Buprenorphine_Count', 'TLFB_Cocaine_Count', 'TLFB_Heroin_Count', 'TLFB_Methadone_Count', 'TLFB_Opioid_Count', 'TLFB_THC_Count', 'TLFB_Other', 'Homosexual_Behavior', 'Non_monogamous_Relationships']
2024-08-29 00:25:36,141 - INFO - Fitting logistic regression model with the selected features...
2024-08-29 00:25:36,503 - INFO - Model training completed successfully.
2024-08-29 00:25:36,503 - INFO - Calculating the dynamic threshold based on the proportion of positive outcomes...
2024-08-29 00:25:36,503 - INFO - Ratio of 1s to 0s in the outcome variable: 0.50 : 0.50
2024-08-29 00:25:36,503 - INFO - Dynamic threshold set to: 0.504
2024-08-29 00:25:36,503 - INFO - Model trained and saved successfully for subset 5.
2024-08-29 00:25:36,503 - INFO - ---------------------------
2024-08-29 00:25:36,503 - INFO - TRAIN MODEL STAGE COMPLETED FOR SUBSET 5
2024-08-29 00:25:36,503 - INFO - ---------------------------
2024-08-29 00:25:36,503 - INFO - --------------------------------
2024-08-29 00:25:36,503 - INFO - EVALUATE MODEL STAGE STARTING FOR SUBSET 5...
2024-08-29 00:25:36,504 - INFO - --------------------------------
2024-08-29 00:25:36,508 - INFO - ROC AUC Score: 0.6374807987711213
2024-08-29 00:25:36,508 - INFO - Confusion Matrix: 
[[71 53]
 [47 79]]
2024-08-29 00:25:36,509 - INFO - Precision: 0.5984848484848485
2024-08-29 00:25:36,509 - INFO - Recall: 0.626984126984127
2024-08-29 00:25:36,509 - INFO - Model evaluated successfully for subset 5.
2024-08-29 00:25:36,509 - INFO - ------------------------------
2024-08-29 00:25:36,509 - INFO - EVALUATE MODEL STAGE COMPLETED FOR SUBSET 5
2024-08-29 00:25:36,509 - INFO - ------------------------------
2024-08-29 00:25:36,510 - INFO - Subset 6 demographic makeup: 750 1, 122 3, 72 2, 56 4
2024-08-29 00:25:36,510 - INFO - Processing subset 6...
2024-08-29 00:25:36,510 - INFO - -----------------------------
2024-08-29 00:25:36,510 - INFO - TRAIN MODEL STAGE STARTING FOR SUBSET 6...
2024-08-29 00:25:36,510 - INFO - -----------------------------
2024-08-29 00:25:36,514 - INFO - Scaling features and applying LASSO for feature selection...
2024-08-29 00:25:36,638 - INFO - Selected features (including required): ['who', 'RaceEth', 'age', 'is_female', 'is_hispanic', 'unemployed', 'unstableliving', 'education', 'marital', 'UDS_Amphetamine_Count', 'UDS_Benzodiazepine_Count', 'UDS_Buprenorphine_Count', 'UDS_Cocaine_Count', 'UDS_Methadone_Count', 'UDS_Opioid_Count', 'UDS_Sedatives_Count', 'UDS_Thc_Count', 'pain', 'has_schizophrenia', 'has_major_dep', 'has_bipolar', 'has_anx_pan', 'has_brain_damage', 'has_epilepsy', 'has_alcol_dx', 'has_amphetamines_dx', 'has_cannabis_dx', 'has_cocaine_dx', 'has_sedatives_dx', 'ftnd', 'XTRT', 'shared', 'rbsivheroin', 'TLFB_Alcohol_Count', 'TLFB_Amphetamine_Count', 'TLFB_Benzodiazepine_Count', 'TLFB_Buprenorphine_Count', 'TLFB_Cocaine_Count', 'TLFB_Heroin_Count', 'TLFB_Methadone_Count', 'TLFB_Opioid_Count', 'TLFB_THC_Count', 'TLFB_Other', 'Homosexual_Behavior', 'Non_monogamous_Relationships']
2024-08-29 00:25:36,642 - INFO - Fitting logistic regression model with the selected features...
2024-08-29 00:25:36,938 - INFO - Model training completed successfully.
2024-08-29 00:25:36,939 - INFO - Calculating the dynamic threshold based on the proportion of positive outcomes...
2024-08-29 00:25:36,939 - INFO - Ratio of 1s to 0s in the outcome variable: 0.51 : 0.49
2024-08-29 00:25:36,939 - INFO - Dynamic threshold set to: 0.512
2024-08-29 00:25:36,939 - INFO - Model trained and saved successfully for subset 6.
2024-08-29 00:25:36,939 - INFO - ---------------------------
2024-08-29 00:25:36,939 - INFO - TRAIN MODEL STAGE COMPLETED FOR SUBSET 6
2024-08-29 00:25:36,939 - INFO - ---------------------------
2024-08-29 00:25:36,939 - INFO - --------------------------------
2024-08-29 00:25:36,939 - INFO - EVALUATE MODEL STAGE STARTING FOR SUBSET 6...
2024-08-29 00:25:36,939 - INFO - --------------------------------
2024-08-29 00:25:36,944 - INFO - ROC AUC Score: 0.7071593237704917
2024-08-29 00:25:36,944 - INFO - Confusion Matrix: 
[[77 45]
 [41 87]]
2024-08-29 00:25:36,944 - INFO - Precision: 0.6590909090909091
2024-08-29 00:25:36,944 - INFO - Recall: 0.6796875
2024-08-29 00:25:36,944 - INFO - Model evaluated successfully for subset 6.
2024-08-29 00:25:36,944 - INFO - ------------------------------
2024-08-29 00:25:36,944 - INFO - EVALUATE MODEL STAGE COMPLETED FOR SUBSET 6
2024-08-29 00:25:36,944 - INFO - ------------------------------
2024-08-29 00:25:36,945 - INFO - Subset 7 demographic makeup: 800 1, 96 3, 59 2, 45 4
2024-08-29 00:25:36,945 - INFO - Processing subset 7...
2024-08-29 00:25:36,945 - INFO - -----------------------------
2024-08-29 00:25:36,945 - INFO - TRAIN MODEL STAGE STARTING FOR SUBSET 7...
2024-08-29 00:25:36,945 - INFO - -----------------------------
2024-08-29 00:25:36,947 - INFO - Scaling features and applying LASSO for feature selection...
2024-08-29 00:25:37,511 - INFO - Selected features (including required): ['who', 'RaceEth', 'age', 'is_female', 'is_hispanic', 'unemployed', 'unstableliving', 'education', 'marital', 'UDS_Amphetamine_Count', 'UDS_Benzodiazepine_Count', 'UDS_Buprenorphine_Count', 'UDS_Cocaine_Count', 'UDS_Methadone_Count', 'UDS_Opioid_Count', 'UDS_Sedatives_Count', 'UDS_Thc_Count', 'pain', 'has_schizophrenia', 'has_major_dep', 'has_bipolar', 'has_anx_pan', 'has_brain_damage', 'has_epilepsy', 'has_alcol_dx', 'has_amphetamines_dx', 'has_cannabis_dx', 'has_cocaine_dx', 'has_sedatives_dx', 'ftnd', 'XTRT', 'shared', 'rbsivheroin', 'TLFB_Alcohol_Count', 'TLFB_Amphetamine_Count', 'TLFB_Benzodiazepine_Count', 'TLFB_Buprenorphine_Count', 'TLFB_Cocaine_Count', 'TLFB_Heroin_Count', 'TLFB_Methadone_Count', 'TLFB_Opioid_Count', 'TLFB_THC_Count', 'TLFB_Other', 'Homosexual_Behavior', 'Non_monogamous_Relationships']
2024-08-29 00:25:37,513 - INFO - Fitting logistic regression model with the selected features...
2024-08-29 00:25:37,727 - INFO - Model training completed successfully.
2024-08-29 00:25:37,727 - INFO - Calculating the dynamic threshold based on the proportion of positive outcomes...
2024-08-29 00:25:37,727 - INFO - Ratio of 1s to 0s in the outcome variable: 0.52 : 0.48
2024-08-29 00:25:37,727 - INFO - Dynamic threshold set to: 0.516
2024-08-29 00:25:37,727 - INFO - Model trained and saved successfully for subset 7.
2024-08-29 00:25:37,727 - INFO - ---------------------------
2024-08-29 00:25:37,727 - INFO - TRAIN MODEL STAGE COMPLETED FOR SUBSET 7
2024-08-29 00:25:37,727 - INFO - ---------------------------
2024-08-29 00:25:37,727 - INFO - --------------------------------
2024-08-29 00:25:37,728 - INFO - EVALUATE MODEL STAGE STARTING FOR SUBSET 7...
2024-08-29 00:25:37,728 - INFO - --------------------------------
2024-08-29 00:25:37,732 - INFO - ROC AUC Score: 0.6386699980780318
2024-08-29 00:25:37,733 - INFO - Confusion Matrix: 
[[79 42]
 [52 77]]
2024-08-29 00:25:37,733 - INFO - Precision: 0.6470588235294118
2024-08-29 00:25:37,733 - INFO - Recall: 0.5968992248062015
2024-08-29 00:25:37,733 - INFO - Model evaluated successfully for subset 7.
2024-08-29 00:25:37,733 - INFO - ------------------------------
2024-08-29 00:25:37,733 - INFO - EVALUATE MODEL STAGE COMPLETED FOR SUBSET 7
2024-08-29 00:25:37,733 - INFO - ------------------------------
2024-08-29 00:25:37,733 - INFO - Subset 8 demographic makeup: 850 1, 69 3, 44 2, 37 4
2024-08-29 00:25:37,733 - INFO - Processing subset 8...
2024-08-29 00:25:37,733 - INFO - -----------------------------
2024-08-29 00:25:37,733 - INFO - TRAIN MODEL STAGE STARTING FOR SUBSET 8...
2024-08-29 00:25:37,734 - INFO - -----------------------------
2024-08-29 00:25:37,736 - INFO - Scaling features and applying LASSO for feature selection...
2024-08-29 00:25:38,105 - INFO - Selected features (including required): ['who', 'RaceEth', 'age', 'is_female', 'is_hispanic', 'unemployed', 'unstableliving', 'education', 'marital', 'UDS_Amphetamine_Count', 'UDS_Benzodiazepine_Count', 'UDS_Buprenorphine_Count', 'UDS_Cocaine_Count', 'UDS_Methadone_Count', 'UDS_Opioid_Count', 'UDS_Sedatives_Count', 'UDS_Thc_Count', 'pain', 'has_schizophrenia', 'has_major_dep', 'has_bipolar', 'has_anx_pan', 'has_brain_damage', 'has_epilepsy', 'has_alcol_dx', 'has_amphetamines_dx', 'has_cannabis_dx', 'has_cocaine_dx', 'has_sedatives_dx', 'ftnd', 'XTRT', 'shared', 'rbsivheroin', 'TLFB_Alcohol_Count', 'TLFB_Amphetamine_Count', 'TLFB_Benzodiazepine_Count', 'TLFB_Buprenorphine_Count', 'TLFB_Cocaine_Count', 'TLFB_Heroin_Count', 'TLFB_Methadone_Count', 'TLFB_Opioid_Count', 'TLFB_THC_Count', 'TLFB_Other', 'Homosexual_Behavior', 'Non_monogamous_Relationships']
2024-08-29 00:25:38,106 - INFO - Fitting logistic regression model with the selected features...
2024-08-29 00:25:38,316 - INFO - Model training completed successfully.
2024-08-29 00:25:38,316 - INFO - Calculating the dynamic threshold based on the proportion of positive outcomes...
2024-08-29 00:25:38,317 - INFO - Ratio of 1s to 0s in the outcome variable: 0.52 : 0.48
2024-08-29 00:25:38,317 - INFO - Dynamic threshold set to: 0.52
2024-08-29 00:25:38,317 - INFO - Model trained and saved successfully for subset 8.
2024-08-29 00:25:38,317 - INFO - ---------------------------
2024-08-29 00:25:38,317 - INFO - TRAIN MODEL STAGE COMPLETED FOR SUBSET 8
2024-08-29 00:25:38,317 - INFO - ---------------------------
2024-08-29 00:25:38,317 - INFO - --------------------------------
2024-08-29 00:25:38,317 - INFO - EVALUATE MODEL STAGE STARTING FOR SUBSET 8...
2024-08-29 00:25:38,317 - INFO - --------------------------------
2024-08-29 00:25:38,322 - INFO - ROC AUC Score: 0.6403205128205128
2024-08-29 00:25:38,322 - INFO - Confusion Matrix: 
[[70 50]
 [52 78]]
2024-08-29 00:25:38,322 - INFO - Precision: 0.609375
2024-08-29 00:25:38,322 - INFO - Recall: 0.6
2024-08-29 00:25:38,322 - INFO - Model evaluated successfully for subset 8.
2024-08-29 00:25:38,322 - INFO - ------------------------------
2024-08-29 00:25:38,322 - INFO - EVALUATE MODEL STAGE COMPLETED FOR SUBSET 8
2024-08-29 00:25:38,322 - INFO - ------------------------------
2024-08-29 00:25:38,323 - INFO - Subset 9 demographic makeup: 900 1, 47 3, 30 2, 23 4
2024-08-29 00:25:38,323 - INFO - Processing subset 9...
2024-08-29 00:25:38,323 - INFO - -----------------------------
2024-08-29 00:25:38,323 - INFO - TRAIN MODEL STAGE STARTING FOR SUBSET 9...
2024-08-29 00:25:38,323 - INFO - -----------------------------
2024-08-29 00:25:38,327 - INFO - Scaling features and applying LASSO for feature selection...
2024-08-29 00:25:38,459 - INFO - Selected features (including required): ['who', 'RaceEth', 'age', 'is_female', 'is_hispanic', 'unemployed', 'unstableliving', 'education', 'marital', 'UDS_Amphetamine_Count', 'UDS_Benzodiazepine_Count', 'UDS_Buprenorphine_Count', 'UDS_Cocaine_Count', 'UDS_Methadone_Count', 'UDS_Opioid_Count', 'UDS_Sedatives_Count', 'UDS_Thc_Count', 'pain', 'has_schizophrenia', 'has_major_dep', 'has_bipolar', 'has_anx_pan', 'has_brain_damage', 'has_epilepsy', 'has_alcol_dx', 'has_amphetamines_dx', 'has_cannabis_dx', 'has_cocaine_dx', 'has_sedatives_dx', 'ftnd', 'XTRT', 'shared', 'rbsivheroin', 'TLFB_Alcohol_Count', 'TLFB_Amphetamine_Count', 'TLFB_Benzodiazepine_Count', 'TLFB_Buprenorphine_Count', 'TLFB_Cocaine_Count', 'TLFB_Heroin_Count', 'TLFB_Methadone_Count', 'TLFB_Opioid_Count', 'TLFB_THC_Count', 'TLFB_Other', 'Homosexual_Behavior', 'Non_monogamous_Relationships']
2024-08-29 00:25:38,461 - INFO - Fitting logistic regression model with the selected features...
2024-08-29 00:25:38,809 - INFO - Model training completed successfully.
2024-08-29 00:25:38,809 - INFO - Calculating the dynamic threshold based on the proportion of positive outcomes...
2024-08-29 00:25:38,809 - INFO - Ratio of 1s to 0s in the outcome variable: 0.47 : 0.53
2024-08-29 00:25:38,809 - INFO - Dynamic threshold set to: 0.472
2024-08-29 00:25:38,809 - INFO - Model trained and saved successfully for subset 9.
2024-08-29 00:25:38,809 - INFO - ---------------------------
2024-08-29 00:25:38,809 - INFO - TRAIN MODEL STAGE COMPLETED FOR SUBSET 9
2024-08-29 00:25:38,809 - INFO - ---------------------------
2024-08-29 00:25:38,809 - INFO - --------------------------------
2024-08-29 00:25:38,809 - INFO - EVALUATE MODEL STAGE STARTING FOR SUBSET 9...
2024-08-29 00:25:38,809 - INFO - --------------------------------
2024-08-29 00:25:38,814 - INFO - ROC AUC Score: 0.614663585002568
2024-08-29 00:25:38,814 - INFO - Confusion Matrix: 
[[61 71]
 [37 81]]
2024-08-29 00:25:38,814 - INFO - Precision: 0.5328947368421053
2024-08-29 00:25:38,815 - INFO - Recall: 0.6864406779661016
2024-08-29 00:25:38,815 - INFO - Model evaluated successfully for subset 9.
2024-08-29 00:25:38,815 - INFO - ------------------------------
2024-08-29 00:25:38,815 - INFO - EVALUATE MODEL STAGE COMPLETED FOR SUBSET 9
2024-08-29 00:25:38,815 - INFO - ------------------------------
2024-08-29 00:25:38,815 - INFO - Subset 10 demographic makeup: 950 1, 24 3, 16 2, 10 4
2024-08-29 00:25:38,815 - INFO - Processing subset 10...
2024-08-29 00:25:38,815 - INFO - -----------------------------
2024-08-29 00:25:38,815 - INFO - TRAIN MODEL STAGE STARTING FOR SUBSET 10...
2024-08-29 00:25:38,815 - INFO - -----------------------------
2024-08-29 00:25:38,817 - INFO - Scaling features and applying LASSO for feature selection...
2024-08-29 00:25:38,956 - INFO - Selected features (including required): ['who', 'RaceEth', 'age', 'is_female', 'is_hispanic', 'unemployed', 'unstableliving', 'education', 'marital', 'UDS_Amphetamine_Count', 'UDS_Benzodiazepine_Count', 'UDS_Buprenorphine_Count', 'UDS_Cocaine_Count', 'UDS_Methadone_Count', 'UDS_Opioid_Count', 'UDS_Sedatives_Count', 'UDS_Thc_Count', 'pain', 'has_schizophrenia', 'has_major_dep', 'has_bipolar', 'has_anx_pan', 'has_brain_damage', 'has_epilepsy', 'has_alcol_dx', 'has_amphetamines_dx', 'has_cannabis_dx', 'has_cocaine_dx', 'has_sedatives_dx', 'ftnd', 'XTRT', 'shared', 'rbsivheroin', 'TLFB_Alcohol_Count', 'TLFB_Amphetamine_Count', 'TLFB_Benzodiazepine_Count', 'TLFB_Buprenorphine_Count', 'TLFB_Cocaine_Count', 'TLFB_Heroin_Count', 'TLFB_Methadone_Count', 'TLFB_Opioid_Count', 'TLFB_THC_Count', 'TLFB_Other', 'Homosexual_Behavior', 'Non_monogamous_Relationships']
2024-08-29 00:25:38,960 - INFO - Fitting logistic regression model with the selected features...
2024-08-29 00:25:39,143 - INFO - Model training completed successfully.
2024-08-29 00:25:39,143 - INFO - Calculating the dynamic threshold based on the proportion of positive outcomes...
2024-08-29 00:25:39,143 - INFO - Ratio of 1s to 0s in the outcome variable: 0.48 : 0.52
2024-08-29 00:25:39,143 - INFO - Dynamic threshold set to: 0.48
2024-08-29 00:25:39,143 - INFO - Model trained and saved successfully for subset 10.
2024-08-29 00:25:39,143 - INFO - ---------------------------
2024-08-29 00:25:39,143 - INFO - TRAIN MODEL STAGE COMPLETED FOR SUBSET 10
2024-08-29 00:25:39,143 - INFO - ---------------------------
2024-08-29 00:25:39,143 - INFO - --------------------------------
2024-08-29 00:25:39,143 - INFO - EVALUATE MODEL STAGE STARTING FOR SUBSET 10...
2024-08-29 00:25:39,143 - INFO - --------------------------------
2024-08-29 00:25:39,148 - INFO - ROC AUC Score: 0.6207051282051281
2024-08-29 00:25:39,148 - INFO - Confusion Matrix: 
[[53 77]
 [26 94]]
2024-08-29 00:25:39,148 - INFO - Precision: 0.5497076023391813
2024-08-29 00:25:39,148 - INFO - Recall: 0.7833333333333333
2024-08-29 00:25:39,148 - INFO - Model evaluated successfully for subset 10.
2024-08-29 00:25:39,148 - INFO - ------------------------------
2024-08-29 00:25:39,148 - INFO - EVALUATE MODEL STAGE COMPLETED FOR SUBSET 10
2024-08-29 00:25:39,148 - INFO - ------------------------------
2024-08-29 00:25:39,149 - INFO - Subset 11 demographic makeup: 1000 1
2024-08-29 00:25:39,149 - INFO - Processing subset 11...
2024-08-29 00:25:39,149 - INFO - -----------------------------
2024-08-29 00:25:39,149 - INFO - TRAIN MODEL STAGE STARTING FOR SUBSET 11...
2024-08-29 00:25:39,149 - INFO - -----------------------------
2024-08-29 00:25:39,151 - INFO - Scaling features and applying LASSO for feature selection...
2024-08-29 00:25:39,268 - INFO - Selected features (including required): ['who', 'age', 'is_female', 'unemployed', 'unstableliving', 'education', 'marital', 'UDS_Amphetamine_Count', 'UDS_Benzodiazepine_Count', 'UDS_Buprenorphine_Count', 'UDS_Cocaine_Count', 'UDS_Methadone_Count', 'UDS_Opioid_Count', 'UDS_Sedatives_Count', 'UDS_Thc_Count', 'pain', 'has_schizophrenia', 'has_major_dep', 'has_bipolar', 'has_anx_pan', 'has_brain_damage', 'has_epilepsy', 'has_alcol_dx', 'has_amphetamines_dx', 'has_cannabis_dx', 'has_cocaine_dx', 'has_sedatives_dx', 'ftnd', 'XTRT', 'shared', 'rbsivheroin', 'TLFB_Alcohol_Count', 'TLFB_Amphetamine_Count', 'TLFB_Benzodiazepine_Count', 'TLFB_Buprenorphine_Count', 'TLFB_Cocaine_Count', 'TLFB_Heroin_Count', 'TLFB_Methadone_Count', 'TLFB_Opioid_Count', 'TLFB_THC_Count', 'TLFB_Other', 'Homosexual_Behavior', 'Non_monogamous_Relationships']
2024-08-29 00:25:39,272 - INFO - Fitting logistic regression model with the selected features...
2024-08-29 00:25:39,529 - INFO - Model training completed successfully.
2024-08-29 00:25:39,529 - INFO - Calculating the dynamic threshold based on the proportion of positive outcomes...
2024-08-29 00:25:39,530 - INFO - Ratio of 1s to 0s in the outcome variable: 0.56 : 0.44
2024-08-29 00:25:39,530 - INFO - Dynamic threshold set to: 0.556
2024-08-29 00:25:39,530 - INFO - Model trained and saved successfully for subset 11.
2024-08-29 00:25:39,530 - INFO - ---------------------------
2024-08-29 00:25:39,530 - INFO - TRAIN MODEL STAGE COMPLETED FOR SUBSET 11
2024-08-29 00:25:39,530 - INFO - ---------------------------
2024-08-29 00:25:39,530 - INFO - --------------------------------
2024-08-29 00:25:39,530 - INFO - EVALUATE MODEL STAGE STARTING FOR SUBSET 11...
2024-08-29 00:25:39,530 - INFO - --------------------------------
2024-08-29 00:25:39,535 - INFO - ROC AUC Score: 0.6749627325166894
2024-08-29 00:25:39,535 - INFO - Confusion Matrix: 
[[78 33]
 [57 82]]
2024-08-29 00:25:39,535 - INFO - Precision: 0.7130434782608696
2024-08-29 00:25:39,535 - INFO - Recall: 0.5899280575539568
2024-08-29 00:25:39,535 - INFO - Model evaluated successfully for subset 11.
2024-08-29 00:25:39,535 - INFO - ------------------------------
2024-08-29 00:25:39,535 - INFO - EVALUATE MODEL STAGE COMPLETED FOR SUBSET 11
2024-08-29 00:25:39,535 - INFO - ------------------------------
2024-08-29 00:25:39,538 - INFO - Model predictions saved to csv successfully.
2024-08-29 00:25:39,538 - INFO - ------------------
2024-08-29 00:25:39,538 - INFO - PIPELINE COMPLETED
2024-08-29 00:25:39,538 - INFO - ------------------
