2024-07-31 16:44:57 - INFO - -------------------------------------------
2024-07-31 16:44:57 - INFO - Logging setup complete - starting pipeline.
2024-07-31 16:44:57 - INFO - -------------------------------------------
2024-07-31 16:44:57 - INFO - Global Seed set to: 1722458697
2024-07-31 16:45:04 - INFO - Datasets loaded successfully.
2024-07-31 16:45:04 - INFO - Starting preprocessing of the merged dataset...
2024-07-31 16:45:04 - INFO - ---------------------------------
2024-07-31 16:45:04 - INFO - PRE-PROCESSING STAGE STARTING...
2024-07-31 16:45:04 - INFO - ---------------------------------
2024-07-31 16:45:04 - INFO - Dropped initial columns: ['pain_when', 'is_smoker', 'per_day', 'max', 'amount', 'depression', 'anxiety', 'schizophrenia', 'max', 'amount', 'cocaine_inject_days', 'speedball_inject_days', 'opioid_inject_days', 'speed_inject_days', 'UDS_Alcohol_Count', 'UDS_Mdma/Hallucinogen_Count']
2024-07-31 16:45:04 - INFO - Converted Yes/No to binary.
2024-07-31 16:45:04 - INFO - Processed TLFB columns with specified columns: ['TLFB_Alcohol_Count', 'TLFB_Amphetamine_Count', 'TLFB_Cocaine_Count', 'TLFB_Heroin_Count', 'TLFB_Benzodiazepine_Count', 'TLFB_Opioid_Count', 'TLFB_THC_Count', 'TLFB_Methadone_Count', 'TLFB_Buprenorphine_Count']
2024-07-31 16:45:04 - INFO - Calculated behavioral columns.
2024-07-31 16:45:04 - INFO - Moved 'Rd_kostenB_1993' column to the end.
2024-07-31 16:45:05 - INFO - Dropped initial columns: ['msm_npt', 'msm_frq', 'txx_prt']
2024-07-31 16:45:05 - INFO - transform_data_with_nan_handling success
2024-07-31 16:45:05 - INFO - Renamed columns according to the mapping.
2024-07-31 16:45:05 - INFO - Transformed NaN to 0 for binary columns.
2024-07-31 16:45:05 - INFO - Transformed and renamed 'heroin_inject_days' column to 'rbsivheroin'.
2024-07-31 16:45:05 - INFO - Filled NaN with 0 for 'ftnd' column.
2024-07-31 16:45:05 - INFO - Dropped additional columns: ['rbs_iv_days', 'race', 'RBS_cocaine_Days', 'RBS_heroin_Days', 'RBS_opioid_Days', 'RBS_speed_Days', 'RBS_speedball_Days']
2024-07-31 16:45:05 - INFO - Converted UDS drug counts to binary.
2024-07-31 16:45:05 - INFO - ------------------------------
2024-07-31 16:45:05 - INFO - PRE-PROCESSING STAGE COMPLETED
2024-07-31 16:45:05 - INFO - ------------------------------
2024-07-31 16:45:05 - INFO - Merged dataset preprocessed successfully.
2024-07-31 16:45:05 - INFO - Creating demographic subsets from preprocessed data...
2024-07-31 16:45:13 - INFO - Created 11 subsets successfully.
2024-07-31 16:45:13 - INFO - Creating merged subsets from create_demographics_dfs function
2024-07-31 16:45:13 - INFO - Created 11 merged subsets successfully.
2024-07-31 16:45:13 - INFO - Subset 1 demographic makeup: 500 1, 248 3, 163 2, 89 4
2024-07-31 16:45:13 - INFO - Processing subset 1...
2024-07-31 16:45:13 - INFO - -----------------------------
2024-07-31 16:45:13 - INFO - TRAIN MODEL STAGE STARTING FOR SUBSET 1...
2024-07-31 16:45:13 - INFO - -----------------------------
2024-07-31 16:45:13 - INFO - Scaling features and applying LASSO for feature selection...
2024-07-31 16:45:14 - INFO - Selected features (including required): ['who', 'RaceEth', 'age', 'is_female', 'is_hispanic', 'unemployed', 'unstableliving', 'education', 'marital', 'UDS_Amphetamine_Count', 'UDS_Benzodiazepine_Count', 'UDS_Buprenorphine_Count', 'UDS_Cocaine_Count', 'UDS_Methadone_Count', 'UDS_Opioid_Count', 'UDS_Sedatives_Count', 'UDS_Thc_Count', 'pain', 'has_schizophrenia', 'has_major_dep', 'has_bipolar', 'has_anx_pan', 'has_brain_damage', 'has_epilepsy', 'has_alcol_dx', 'has_amphetamines_dx', 'has_cannabis_dx', 'has_cocaine_dx', 'has_sedatives_dx', 'ftnd', 'XTRT', 'shared', 'rbsivheroin', 'TLFB_Alcohol_Count', 'TLFB_Amphetamine_Count', 'TLFB_Benzodiazepine_Count', 'TLFB_Buprenorphine_Count', 'TLFB_Cocaine_Count', 'TLFB_Heroin_Count', 'TLFB_Methadone_Count', 'TLFB_Opioid_Count', 'TLFB_THC_Count', 'TLFB_Other', 'Homosexual_Behavior', 'Non_monogamous_Relationships']
2024-07-31 16:45:14 - INFO - Fitting logistic regression model with the selected features...
2024-07-31 16:45:15 - INFO - Model training completed successfully.
2024-07-31 16:45:15 - INFO - Calculating the dynamic threshold based on the proportion of positive outcomes...
2024-07-31 16:45:15 - INFO - Ratio of 1s to 0s in the outcome variable: 0.51 : 0.49
2024-07-31 16:45:15 - INFO - Dynamic threshold set to: 0.512
2024-07-31 16:45:15 - INFO - Model trained and saved successfully for subset 1.
2024-07-31 16:45:15 - INFO - ---------------------------
2024-07-31 16:45:15 - INFO - TRAIN MODEL STAGE COMPLETED FOR SUBSET 1
2024-07-31 16:45:15 - INFO - ---------------------------
2024-07-31 16:45:15 - INFO - --------------------------------
2024-07-31 16:45:15 - INFO - EVALUATE MODEL STAGE STARTING FOR SUBSET 1...
2024-07-31 16:45:15 - INFO - --------------------------------
2024-07-31 16:45:15 - INFO - ROC AUC Score: 0.637935450819672
2024-07-31 16:45:15 - INFO - Confusion Matrix: 
[[66 56]
 [49 79]]
2024-07-31 16:45:15 - INFO - Precision: 0.5851851851851851
2024-07-31 16:45:15 - INFO - Recall: 0.6171875
2024-07-31 16:45:15 - INFO - Model evaluated successfully for subset 1.
2024-07-31 16:45:15 - INFO - ------------------------------
2024-07-31 16:45:15 - INFO - EVALUATE MODEL STAGE COMPLETED FOR SUBSET 1
2024-07-31 16:45:15 - INFO - ------------------------------
2024-07-31 16:45:15 - INFO - Subset 2 demographic makeup: 550 1, 224 3, 144 2, 82 4
2024-07-31 16:45:15 - INFO - Processing subset 2...
2024-07-31 16:45:15 - INFO - -----------------------------
2024-07-31 16:45:15 - INFO - TRAIN MODEL STAGE STARTING FOR SUBSET 2...
2024-07-31 16:45:15 - INFO - -----------------------------
2024-07-31 16:45:15 - INFO - Scaling features and applying LASSO for feature selection...
2024-07-31 16:45:16 - INFO - Selected features (including required): ['who', 'RaceEth', 'age', 'is_female', 'is_hispanic', 'unemployed', 'unstableliving', 'education', 'marital', 'UDS_Amphetamine_Count', 'UDS_Benzodiazepine_Count', 'UDS_Buprenorphine_Count', 'UDS_Cocaine_Count', 'UDS_Methadone_Count', 'UDS_Opioid_Count', 'UDS_Sedatives_Count', 'UDS_Thc_Count', 'pain', 'has_schizophrenia', 'has_major_dep', 'has_bipolar', 'has_anx_pan', 'has_brain_damage', 'has_epilepsy', 'has_alcol_dx', 'has_amphetamines_dx', 'has_cannabis_dx', 'has_cocaine_dx', 'has_sedatives_dx', 'ftnd', 'XTRT', 'shared', 'rbsivheroin', 'TLFB_Alcohol_Count', 'TLFB_Amphetamine_Count', 'TLFB_Benzodiazepine_Count', 'TLFB_Buprenorphine_Count', 'TLFB_Cocaine_Count', 'TLFB_Heroin_Count', 'TLFB_Methadone_Count', 'TLFB_Opioid_Count', 'TLFB_THC_Count', 'TLFB_Other', 'Homosexual_Behavior', 'Non_monogamous_Relationships']
2024-07-31 16:45:16 - INFO - Fitting logistic regression model with the selected features...
2024-07-31 16:45:16 - INFO - Model training completed successfully.
2024-07-31 16:45:16 - INFO - Calculating the dynamic threshold based on the proportion of positive outcomes...
2024-07-31 16:45:16 - INFO - Ratio of 1s to 0s in the outcome variable: 0.57 : 0.43
2024-07-31 16:45:16 - INFO - Dynamic threshold set to: 0.572
2024-07-31 16:45:16 - INFO - Model trained and saved successfully for subset 2.
2024-07-31 16:45:16 - INFO - ---------------------------
2024-07-31 16:45:16 - INFO - TRAIN MODEL STAGE COMPLETED FOR SUBSET 2
2024-07-31 16:45:16 - INFO - ---------------------------
2024-07-31 16:45:16 - INFO - --------------------------------
2024-07-31 16:45:16 - INFO - EVALUATE MODEL STAGE STARTING FOR SUBSET 2...
2024-07-31 16:45:16 - INFO - --------------------------------
2024-07-31 16:45:16 - INFO - ROC AUC Score: 0.6848571988758906
2024-07-31 16:45:16 - INFO - Confusion Matrix: 
[[78 29]
 [71 72]]
2024-07-31 16:45:16 - INFO - Precision: 0.7128712871287128
2024-07-31 16:45:16 - INFO - Recall: 0.5034965034965035
2024-07-31 16:45:16 - INFO - Model evaluated successfully for subset 2.
2024-07-31 16:45:16 - INFO - ------------------------------
2024-07-31 16:45:16 - INFO - EVALUATE MODEL STAGE COMPLETED FOR SUBSET 2
2024-07-31 16:45:16 - INFO - ------------------------------
2024-07-31 16:45:16 - INFO - Subset 3 demographic makeup: 600 1, 197 3, 131 2, 72 4
2024-07-31 16:45:16 - INFO - Processing subset 3...
2024-07-31 16:45:16 - INFO - -----------------------------
2024-07-31 16:45:16 - INFO - TRAIN MODEL STAGE STARTING FOR SUBSET 3...
2024-07-31 16:45:16 - INFO - -----------------------------
2024-07-31 16:45:16 - INFO - Scaling features and applying LASSO for feature selection...
2024-07-31 16:45:17 - INFO - Selected features (including required): ['who', 'RaceEth', 'age', 'is_female', 'is_hispanic', 'unemployed', 'unstableliving', 'education', 'marital', 'UDS_Amphetamine_Count', 'UDS_Benzodiazepine_Count', 'UDS_Buprenorphine_Count', 'UDS_Cocaine_Count', 'UDS_Methadone_Count', 'UDS_Opioid_Count', 'UDS_Sedatives_Count', 'UDS_Thc_Count', 'pain', 'has_schizophrenia', 'has_major_dep', 'has_bipolar', 'has_anx_pan', 'has_brain_damage', 'has_epilepsy', 'has_alcol_dx', 'has_amphetamines_dx', 'has_cannabis_dx', 'has_cocaine_dx', 'has_sedatives_dx', 'ftnd', 'XTRT', 'shared', 'rbsivheroin', 'TLFB_Alcohol_Count', 'TLFB_Amphetamine_Count', 'TLFB_Benzodiazepine_Count', 'TLFB_Buprenorphine_Count', 'TLFB_Cocaine_Count', 'TLFB_Heroin_Count', 'TLFB_Methadone_Count', 'TLFB_Opioid_Count', 'TLFB_THC_Count', 'TLFB_Other', 'Homosexual_Behavior', 'Non_monogamous_Relationships']
2024-07-31 16:45:17 - INFO - Fitting logistic regression model with the selected features...
2024-07-31 16:45:17 - INFO - Model training completed successfully.
2024-07-31 16:45:17 - INFO - Calculating the dynamic threshold based on the proportion of positive outcomes...
2024-07-31 16:45:17 - INFO - Ratio of 1s to 0s in the outcome variable: 0.53 : 0.47
2024-07-31 16:45:17 - INFO - Dynamic threshold set to: 0.532
2024-07-31 16:45:17 - INFO - Model trained and saved successfully for subset 3.
2024-07-31 16:45:17 - INFO - ---------------------------
2024-07-31 16:45:17 - INFO - TRAIN MODEL STAGE COMPLETED FOR SUBSET 3
2024-07-31 16:45:17 - INFO - ---------------------------
2024-07-31 16:45:17 - INFO - --------------------------------
2024-07-31 16:45:17 - INFO - EVALUATE MODEL STAGE STARTING FOR SUBSET 3...
2024-07-31 16:45:17 - INFO - --------------------------------
2024-07-31 16:45:18 - INFO - ROC AUC Score: 0.6558704453441295
2024-07-31 16:45:18 - INFO - Confusion Matrix: 
[[71 46]
 [59 74]]
2024-07-31 16:45:18 - INFO - Precision: 0.6166666666666667
2024-07-31 16:45:18 - INFO - Recall: 0.556390977443609
2024-07-31 16:45:18 - INFO - Model evaluated successfully for subset 3.
2024-07-31 16:45:18 - INFO - ------------------------------
2024-07-31 16:45:18 - INFO - EVALUATE MODEL STAGE COMPLETED FOR SUBSET 3
2024-07-31 16:45:18 - INFO - ------------------------------
2024-07-31 16:45:18 - INFO - Subset 4 demographic makeup: 650 1, 174 3, 113 2, 63 4
2024-07-31 16:45:18 - INFO - Processing subset 4...
2024-07-31 16:45:18 - INFO - -----------------------------
2024-07-31 16:45:18 - INFO - TRAIN MODEL STAGE STARTING FOR SUBSET 4...
2024-07-31 16:45:18 - INFO - -----------------------------
2024-07-31 16:45:18 - INFO - Scaling features and applying LASSO for feature selection...
2024-07-31 16:45:18 - INFO - Selected features (including required): ['who', 'RaceEth', 'age', 'is_female', 'is_hispanic', 'unemployed', 'unstableliving', 'education', 'marital', 'UDS_Amphetamine_Count', 'UDS_Benzodiazepine_Count', 'UDS_Buprenorphine_Count', 'UDS_Cocaine_Count', 'UDS_Methadone_Count', 'UDS_Opioid_Count', 'UDS_Sedatives_Count', 'UDS_Thc_Count', 'pain', 'has_schizophrenia', 'has_major_dep', 'has_bipolar', 'has_anx_pan', 'has_brain_damage', 'has_epilepsy', 'has_alcol_dx', 'has_amphetamines_dx', 'has_cannabis_dx', 'has_cocaine_dx', 'has_sedatives_dx', 'ftnd', 'XTRT', 'shared', 'rbsivheroin', 'TLFB_Alcohol_Count', 'TLFB_Amphetamine_Count', 'TLFB_Benzodiazepine_Count', 'TLFB_Buprenorphine_Count', 'TLFB_Cocaine_Count', 'TLFB_Heroin_Count', 'TLFB_Methadone_Count', 'TLFB_Opioid_Count', 'TLFB_THC_Count', 'TLFB_Other', 'Homosexual_Behavior', 'Non_monogamous_Relationships']
2024-07-31 16:45:18 - INFO - Fitting logistic regression model with the selected features...
2024-07-31 16:45:19 - INFO - Model training completed successfully.
2024-07-31 16:45:19 - INFO - Calculating the dynamic threshold based on the proportion of positive outcomes...
2024-07-31 16:45:19 - INFO - Ratio of 1s to 0s in the outcome variable: 0.52 : 0.48
2024-07-31 16:45:19 - INFO - Dynamic threshold set to: 0.524
2024-07-31 16:45:19 - INFO - Model trained and saved successfully for subset 4.
2024-07-31 16:45:19 - INFO - ---------------------------
2024-07-31 16:45:19 - INFO - TRAIN MODEL STAGE COMPLETED FOR SUBSET 4
2024-07-31 16:45:19 - INFO - ---------------------------
2024-07-31 16:45:19 - INFO - --------------------------------
2024-07-31 16:45:19 - INFO - EVALUATE MODEL STAGE STARTING FOR SUBSET 4...
2024-07-31 16:45:19 - INFO - --------------------------------
2024-07-31 16:45:19 - INFO - ROC AUC Score: 0.7122971325934955
2024-07-31 16:45:19 - INFO - Confusion Matrix: 
[[71 48]
 [43 88]]
2024-07-31 16:45:19 - INFO - Precision: 0.6470588235294118
2024-07-31 16:45:19 - INFO - Recall: 0.6717557251908397
2024-07-31 16:45:19 - INFO - Model evaluated successfully for subset 4.
2024-07-31 16:45:19 - INFO - ------------------------------
2024-07-31 16:45:19 - INFO - EVALUATE MODEL STAGE COMPLETED FOR SUBSET 4
2024-07-31 16:45:19 - INFO - ------------------------------
2024-07-31 16:45:19 - INFO - Subset 5 demographic makeup: 700 1, 147 3, 100 2, 53 4
2024-07-31 16:45:19 - INFO - Processing subset 5...
2024-07-31 16:45:19 - INFO - -----------------------------
2024-07-31 16:45:19 - INFO - TRAIN MODEL STAGE STARTING FOR SUBSET 5...
2024-07-31 16:45:19 - INFO - -----------------------------
2024-07-31 16:45:19 - INFO - Scaling features and applying LASSO for feature selection...
2024-07-31 16:45:20 - INFO - Selected features (including required): ['who', 'RaceEth', 'age', 'is_female', 'is_hispanic', 'unemployed', 'unstableliving', 'education', 'marital', 'UDS_Amphetamine_Count', 'UDS_Benzodiazepine_Count', 'UDS_Buprenorphine_Count', 'UDS_Cocaine_Count', 'UDS_Methadone_Count', 'UDS_Opioid_Count', 'UDS_Sedatives_Count', 'UDS_Thc_Count', 'pain', 'has_schizophrenia', 'has_major_dep', 'has_bipolar', 'has_anx_pan', 'has_brain_damage', 'has_epilepsy', 'has_alcol_dx', 'has_amphetamines_dx', 'has_cannabis_dx', 'has_cocaine_dx', 'has_sedatives_dx', 'ftnd', 'XTRT', 'shared', 'rbsivheroin', 'TLFB_Alcohol_Count', 'TLFB_Amphetamine_Count', 'TLFB_Benzodiazepine_Count', 'TLFB_Buprenorphine_Count', 'TLFB_Cocaine_Count', 'TLFB_Heroin_Count', 'TLFB_Methadone_Count', 'TLFB_Opioid_Count', 'TLFB_THC_Count', 'TLFB_Other', 'Homosexual_Behavior', 'Non_monogamous_Relationships']
2024-07-31 16:45:20 - INFO - Fitting logistic regression model with the selected features...
2024-07-31 16:45:21 - INFO - Model training completed successfully.
2024-07-31 16:45:21 - INFO - Calculating the dynamic threshold based on the proportion of positive outcomes...
2024-07-31 16:45:21 - INFO - Ratio of 1s to 0s in the outcome variable: 0.54 : 0.46
2024-07-31 16:45:21 - INFO - Dynamic threshold set to: 0.54
2024-07-31 16:45:21 - INFO - Model trained and saved successfully for subset 5.
2024-07-31 16:45:21 - INFO - ---------------------------
2024-07-31 16:45:21 - INFO - TRAIN MODEL STAGE COMPLETED FOR SUBSET 5
2024-07-31 16:45:21 - INFO - ---------------------------
2024-07-31 16:45:21 - INFO - --------------------------------
2024-07-31 16:45:21 - INFO - EVALUATE MODEL STAGE STARTING FOR SUBSET 5...
2024-07-31 16:45:21 - INFO - --------------------------------
2024-07-31 16:45:21 - INFO - ROC AUC Score: 0.6383896940418681
2024-07-31 16:45:21 - INFO - Confusion Matrix: 
[[62 53]
 [48 87]]
2024-07-31 16:45:21 - INFO - Precision: 0.6214285714285714
2024-07-31 16:45:21 - INFO - Recall: 0.6444444444444445
2024-07-31 16:45:21 - INFO - Model evaluated successfully for subset 5.
2024-07-31 16:45:21 - INFO - ------------------------------
2024-07-31 16:45:21 - INFO - EVALUATE MODEL STAGE COMPLETED FOR SUBSET 5
2024-07-31 16:45:21 - INFO - ------------------------------
2024-07-31 16:45:21 - INFO - Subset 6 demographic makeup: 750 1, 119 3, 87 2, 44 4
2024-07-31 16:45:21 - INFO - Processing subset 6...
2024-07-31 16:45:21 - INFO - -----------------------------
2024-07-31 16:45:21 - INFO - TRAIN MODEL STAGE STARTING FOR SUBSET 6...
2024-07-31 16:45:21 - INFO - -----------------------------
2024-07-31 16:45:21 - INFO - Scaling features and applying LASSO for feature selection...
2024-07-31 16:45:25 - INFO - Selected features (including required): ['who', 'RaceEth', 'age', 'is_female', 'is_hispanic', 'unemployed', 'unstableliving', 'education', 'marital', 'UDS_Amphetamine_Count', 'UDS_Benzodiazepine_Count', 'UDS_Buprenorphine_Count', 'UDS_Cocaine_Count', 'UDS_Methadone_Count', 'UDS_Opioid_Count', 'UDS_Sedatives_Count', 'UDS_Thc_Count', 'pain', 'has_schizophrenia', 'has_major_dep', 'has_bipolar', 'has_anx_pan', 'has_brain_damage', 'has_epilepsy', 'has_alcol_dx', 'has_amphetamines_dx', 'has_cannabis_dx', 'has_cocaine_dx', 'has_sedatives_dx', 'ftnd', 'XTRT', 'shared', 'rbsivheroin', 'TLFB_Alcohol_Count', 'TLFB_Amphetamine_Count', 'TLFB_Benzodiazepine_Count', 'TLFB_Buprenorphine_Count', 'TLFB_Cocaine_Count', 'TLFB_Heroin_Count', 'TLFB_Methadone_Count', 'TLFB_Opioid_Count', 'TLFB_THC_Count', 'TLFB_Other', 'Homosexual_Behavior', 'Non_monogamous_Relationships']
2024-07-31 16:45:25 - INFO - Fitting logistic regression model with the selected features...
2024-07-31 16:45:26 - INFO - Model training completed successfully.
2024-07-31 16:45:26 - INFO - Calculating the dynamic threshold based on the proportion of positive outcomes...
2024-07-31 16:45:26 - INFO - Ratio of 1s to 0s in the outcome variable: 0.58 : 0.42
2024-07-31 16:45:26 - INFO - Dynamic threshold set to: 0.576
2024-07-31 16:45:26 - INFO - Model trained and saved successfully for subset 6.
2024-07-31 16:45:26 - INFO - ---------------------------
2024-07-31 16:45:26 - INFO - TRAIN MODEL STAGE COMPLETED FOR SUBSET 6
2024-07-31 16:45:26 - INFO - ---------------------------
2024-07-31 16:45:26 - INFO - --------------------------------
2024-07-31 16:45:26 - INFO - EVALUATE MODEL STAGE STARTING FOR SUBSET 6...
2024-07-31 16:45:26 - INFO - --------------------------------
2024-07-31 16:45:26 - INFO - ROC AUC Score: 0.629979035639413
2024-07-31 16:45:26 - INFO - Confusion Matrix: 
[[67 39]
 [67 77]]
2024-07-31 16:45:26 - INFO - Precision: 0.6637931034482759
2024-07-31 16:45:26 - INFO - Recall: 0.5347222222222222
2024-07-31 16:45:26 - INFO - Model evaluated successfully for subset 6.
2024-07-31 16:45:26 - INFO - ------------------------------
2024-07-31 16:45:26 - INFO - EVALUATE MODEL STAGE COMPLETED FOR SUBSET 6
2024-07-31 16:45:26 - INFO - ------------------------------
2024-07-31 16:45:26 - INFO - Subset 7 demographic makeup: 800 1, 96 3, 67 2, 37 4
2024-07-31 16:45:26 - INFO - Processing subset 7...
2024-07-31 16:45:26 - INFO - -----------------------------
2024-07-31 16:45:26 - INFO - TRAIN MODEL STAGE STARTING FOR SUBSET 7...
2024-07-31 16:45:26 - INFO - -----------------------------
2024-07-31 16:45:26 - INFO - Scaling features and applying LASSO for feature selection...
2024-07-31 16:45:30 - INFO - Selected features (including required): ['who', 'RaceEth', 'age', 'is_female', 'is_hispanic', 'unemployed', 'unstableliving', 'education', 'marital', 'UDS_Amphetamine_Count', 'UDS_Benzodiazepine_Count', 'UDS_Buprenorphine_Count', 'UDS_Cocaine_Count', 'UDS_Methadone_Count', 'UDS_Opioid_Count', 'UDS_Sedatives_Count', 'UDS_Thc_Count', 'pain', 'has_schizophrenia', 'has_major_dep', 'has_bipolar', 'has_anx_pan', 'has_brain_damage', 'has_epilepsy', 'has_alcol_dx', 'has_amphetamines_dx', 'has_cannabis_dx', 'has_cocaine_dx', 'has_sedatives_dx', 'ftnd', 'XTRT', 'shared', 'rbsivheroin', 'TLFB_Alcohol_Count', 'TLFB_Amphetamine_Count', 'TLFB_Benzodiazepine_Count', 'TLFB_Buprenorphine_Count', 'TLFB_Cocaine_Count', 'TLFB_Heroin_Count', 'TLFB_Methadone_Count', 'TLFB_Opioid_Count', 'TLFB_THC_Count', 'TLFB_Other', 'Homosexual_Behavior', 'Non_monogamous_Relationships']
2024-07-31 16:45:30 - INFO - Fitting logistic regression model with the selected features...
2024-07-31 16:45:31 - INFO - Model training completed successfully.
2024-07-31 16:45:31 - INFO - Calculating the dynamic threshold based on the proportion of positive outcomes...
2024-07-31 16:45:31 - INFO - Ratio of 1s to 0s in the outcome variable: 0.56 : 0.44
2024-07-31 16:45:31 - INFO - Dynamic threshold set to: 0.56
2024-07-31 16:45:31 - INFO - Model trained and saved successfully for subset 7.
2024-07-31 16:45:31 - INFO - ---------------------------
2024-07-31 16:45:31 - INFO - TRAIN MODEL STAGE COMPLETED FOR SUBSET 7
2024-07-31 16:45:31 - INFO - ---------------------------
2024-07-31 16:45:31 - INFO - --------------------------------
2024-07-31 16:45:31 - INFO - EVALUATE MODEL STAGE STARTING FOR SUBSET 7...
2024-07-31 16:45:31 - INFO - --------------------------------
2024-07-31 16:45:31 - INFO - ROC AUC Score: 0.7137662337662338
2024-07-31 16:45:31 - INFO - Confusion Matrix: 
[[76 34]
 [58 82]]
2024-07-31 16:45:31 - INFO - Precision: 0.7068965517241379
2024-07-31 16:45:31 - INFO - Recall: 0.5857142857142857
2024-07-31 16:45:31 - INFO - Model evaluated successfully for subset 7.
2024-07-31 16:45:31 - INFO - ------------------------------
2024-07-31 16:45:31 - INFO - EVALUATE MODEL STAGE COMPLETED FOR SUBSET 7
2024-07-31 16:45:31 - INFO - ------------------------------
2024-07-31 16:45:31 - INFO - Subset 8 demographic makeup: 850 1, 68 3, 52 2, 30 4
2024-07-31 16:45:31 - INFO - Processing subset 8...
2024-07-31 16:45:31 - INFO - -----------------------------
2024-07-31 16:45:31 - INFO - TRAIN MODEL STAGE STARTING FOR SUBSET 8...
2024-07-31 16:45:31 - INFO - -----------------------------
2024-07-31 16:45:31 - INFO - Scaling features and applying LASSO for feature selection...
2024-07-31 16:45:34 - INFO - Selected features (including required): ['who', 'RaceEth', 'age', 'is_female', 'is_hispanic', 'unemployed', 'unstableliving', 'education', 'marital', 'UDS_Amphetamine_Count', 'UDS_Benzodiazepine_Count', 'UDS_Buprenorphine_Count', 'UDS_Cocaine_Count', 'UDS_Methadone_Count', 'UDS_Opioid_Count', 'UDS_Sedatives_Count', 'UDS_Thc_Count', 'pain', 'has_schizophrenia', 'has_major_dep', 'has_bipolar', 'has_anx_pan', 'has_brain_damage', 'has_epilepsy', 'has_alcol_dx', 'has_amphetamines_dx', 'has_cannabis_dx', 'has_cocaine_dx', 'has_sedatives_dx', 'ftnd', 'XTRT', 'shared', 'rbsivheroin', 'TLFB_Alcohol_Count', 'TLFB_Amphetamine_Count', 'TLFB_Benzodiazepine_Count', 'TLFB_Buprenorphine_Count', 'TLFB_Cocaine_Count', 'TLFB_Heroin_Count', 'TLFB_Methadone_Count', 'TLFB_Opioid_Count', 'TLFB_THC_Count', 'TLFB_Other', 'Homosexual_Behavior', 'Non_monogamous_Relationships']
2024-07-31 16:45:34 - INFO - Fitting logistic regression model with the selected features...
2024-07-31 16:45:35 - INFO - Model training completed successfully.
2024-07-31 16:45:35 - INFO - Calculating the dynamic threshold based on the proportion of positive outcomes...
2024-07-31 16:45:35 - INFO - Ratio of 1s to 0s in the outcome variable: 0.59 : 0.41
2024-07-31 16:45:35 - INFO - Dynamic threshold set to: 0.592
2024-07-31 16:45:35 - INFO - Model trained and saved successfully for subset 8.
2024-07-31 16:45:35 - INFO - ---------------------------
2024-07-31 16:45:35 - INFO - TRAIN MODEL STAGE COMPLETED FOR SUBSET 8
2024-07-31 16:45:35 - INFO - ---------------------------
2024-07-31 16:45:35 - INFO - --------------------------------
2024-07-31 16:45:35 - INFO - EVALUATE MODEL STAGE STARTING FOR SUBSET 8...
2024-07-31 16:45:35 - INFO - --------------------------------
2024-07-31 16:45:35 - INFO - ROC AUC Score: 0.6642156862745098
2024-07-31 16:45:35 - INFO - Confusion Matrix: 
[[74 28]
 [71 77]]
2024-07-31 16:45:35 - INFO - Precision: 0.7333333333333333
2024-07-31 16:45:35 - INFO - Recall: 0.5202702702702703
2024-07-31 16:45:35 - INFO - Model evaluated successfully for subset 8.
2024-07-31 16:45:35 - INFO - ------------------------------
2024-07-31 16:45:35 - INFO - EVALUATE MODEL STAGE COMPLETED FOR SUBSET 8
2024-07-31 16:45:35 - INFO - ------------------------------
2024-07-31 16:45:35 - INFO - Subset 9 demographic makeup: 900 1, 44 3, 36 2, 20 4
2024-07-31 16:45:35 - INFO - Processing subset 9...
2024-07-31 16:45:35 - INFO - -----------------------------
2024-07-31 16:45:35 - INFO - TRAIN MODEL STAGE STARTING FOR SUBSET 9...
2024-07-31 16:45:35 - INFO - -----------------------------
2024-07-31 16:45:35 - INFO - Scaling features and applying LASSO for feature selection...
2024-07-31 16:45:38 - INFO - Selected features (including required): ['who', 'RaceEth', 'age', 'is_female', 'is_hispanic', 'unemployed', 'unstableliving', 'education', 'marital', 'UDS_Amphetamine_Count', 'UDS_Benzodiazepine_Count', 'UDS_Buprenorphine_Count', 'UDS_Cocaine_Count', 'UDS_Methadone_Count', 'UDS_Opioid_Count', 'UDS_Sedatives_Count', 'UDS_Thc_Count', 'pain', 'has_schizophrenia', 'has_major_dep', 'has_bipolar', 'has_anx_pan', 'has_brain_damage', 'has_epilepsy', 'has_alcol_dx', 'has_amphetamines_dx', 'has_cannabis_dx', 'has_cocaine_dx', 'has_sedatives_dx', 'ftnd', 'XTRT', 'shared', 'rbsivheroin', 'TLFB_Alcohol_Count', 'TLFB_Amphetamine_Count', 'TLFB_Benzodiazepine_Count', 'TLFB_Buprenorphine_Count', 'TLFB_Cocaine_Count', 'TLFB_Heroin_Count', 'TLFB_Methadone_Count', 'TLFB_Opioid_Count', 'TLFB_THC_Count', 'TLFB_Other', 'Homosexual_Behavior', 'Non_monogamous_Relationships']
2024-07-31 16:45:38 - INFO - Fitting logistic regression model with the selected features...
2024-07-31 16:45:39 - INFO - Model training completed successfully.
2024-07-31 16:45:39 - INFO - Calculating the dynamic threshold based on the proportion of positive outcomes...
2024-07-31 16:45:39 - INFO - Ratio of 1s to 0s in the outcome variable: 0.59 : 0.41
2024-07-31 16:45:39 - INFO - Dynamic threshold set to: 0.588
2024-07-31 16:45:39 - INFO - Model trained and saved successfully for subset 9.
2024-07-31 16:45:39 - INFO - ---------------------------
2024-07-31 16:45:39 - INFO - TRAIN MODEL STAGE COMPLETED FOR SUBSET 9
2024-07-31 16:45:39 - INFO - ---------------------------
2024-07-31 16:45:39 - INFO - --------------------------------
2024-07-31 16:45:39 - INFO - EVALUATE MODEL STAGE STARTING FOR SUBSET 9...
2024-07-31 16:45:39 - INFO - --------------------------------
2024-07-31 16:45:39 - INFO - ROC AUC Score: 0.6438148074763886
2024-07-31 16:45:39 - INFO - Confusion Matrix: 
[[67 36]
 [65 82]]
2024-07-31 16:45:39 - INFO - Precision: 0.6949152542372882
2024-07-31 16:45:39 - INFO - Recall: 0.5578231292517006
2024-07-31 16:45:39 - INFO - Model evaluated successfully for subset 9.
2024-07-31 16:45:39 - INFO - ------------------------------
2024-07-31 16:45:39 - INFO - EVALUATE MODEL STAGE COMPLETED FOR SUBSET 9
2024-07-31 16:45:39 - INFO - ------------------------------
2024-07-31 16:45:39 - INFO - Subset 10 demographic makeup: 950 1, 21 2, 19 3, 10 4
2024-07-31 16:45:39 - INFO - Processing subset 10...
2024-07-31 16:45:39 - INFO - -----------------------------
2024-07-31 16:45:39 - INFO - TRAIN MODEL STAGE STARTING FOR SUBSET 10...
2024-07-31 16:45:39 - INFO - -----------------------------
2024-07-31 16:45:39 - INFO - Scaling features and applying LASSO for feature selection...
2024-07-31 16:45:43 - INFO - Selected features (including required): ['who', 'RaceEth', 'age', 'is_female', 'is_hispanic', 'unemployed', 'unstableliving', 'education', 'marital', 'UDS_Amphetamine_Count', 'UDS_Benzodiazepine_Count', 'UDS_Buprenorphine_Count', 'UDS_Cocaine_Count', 'UDS_Methadone_Count', 'UDS_Opioid_Count', 'UDS_Sedatives_Count', 'UDS_Thc_Count', 'pain', 'has_schizophrenia', 'has_major_dep', 'has_bipolar', 'has_anx_pan', 'has_brain_damage', 'has_epilepsy', 'has_alcol_dx', 'has_amphetamines_dx', 'has_cannabis_dx', 'has_cocaine_dx', 'has_sedatives_dx', 'ftnd', 'XTRT', 'shared', 'rbsivheroin', 'TLFB_Alcohol_Count', 'TLFB_Amphetamine_Count', 'TLFB_Benzodiazepine_Count', 'TLFB_Buprenorphine_Count', 'TLFB_Cocaine_Count', 'TLFB_Heroin_Count', 'TLFB_Methadone_Count', 'TLFB_Opioid_Count', 'TLFB_THC_Count', 'TLFB_Other', 'Homosexual_Behavior', 'Non_monogamous_Relationships']
2024-07-31 16:45:43 - INFO - Fitting logistic regression model with the selected features...
2024-07-31 16:45:43 - INFO - Model training completed successfully.
2024-07-31 16:45:43 - INFO - Calculating the dynamic threshold based on the proportion of positive outcomes...
2024-07-31 16:45:43 - INFO - Ratio of 1s to 0s in the outcome variable: 0.55 : 0.45
2024-07-31 16:45:43 - INFO - Dynamic threshold set to: 0.548
2024-07-31 16:45:43 - INFO - Model trained and saved successfully for subset 10.
2024-07-31 16:45:43 - INFO - ---------------------------
2024-07-31 16:45:43 - INFO - TRAIN MODEL STAGE COMPLETED FOR SUBSET 10
2024-07-31 16:45:43 - INFO - ---------------------------
2024-07-31 16:45:43 - INFO - --------------------------------
2024-07-31 16:45:43 - INFO - EVALUATE MODEL STAGE STARTING FOR SUBSET 10...
2024-07-31 16:45:43 - INFO - --------------------------------
2024-07-31 16:45:43 - INFO - ROC AUC Score: 0.6821910729281054
2024-07-31 16:45:43 - INFO - Confusion Matrix: 
[[65 48]
 [43 94]]
2024-07-31 16:45:43 - INFO - Precision: 0.6619718309859155
2024-07-31 16:45:43 - INFO - Recall: 0.6861313868613139
2024-07-31 16:45:43 - INFO - Model evaluated successfully for subset 10.
2024-07-31 16:45:43 - INFO - ------------------------------
2024-07-31 16:45:43 - INFO - EVALUATE MODEL STAGE COMPLETED FOR SUBSET 10
2024-07-31 16:45:43 - INFO - ------------------------------
2024-07-31 16:45:43 - INFO - Subset 11 demographic makeup: 1000 1
2024-07-31 16:45:43 - INFO - Processing subset 11...
2024-07-31 16:45:43 - INFO - -----------------------------
2024-07-31 16:45:43 - INFO - TRAIN MODEL STAGE STARTING FOR SUBSET 11...
2024-07-31 16:45:43 - INFO - -----------------------------
2024-07-31 16:45:43 - INFO - Scaling features and applying LASSO for feature selection...
2024-07-31 16:45:47 - INFO - Selected features (including required): ['who', 'age', 'is_female', 'unemployed', 'unstableliving', 'education', 'marital', 'UDS_Amphetamine_Count', 'UDS_Benzodiazepine_Count', 'UDS_Buprenorphine_Count', 'UDS_Cocaine_Count', 'UDS_Methadone_Count', 'UDS_Opioid_Count', 'UDS_Sedatives_Count', 'UDS_Thc_Count', 'pain', 'has_schizophrenia', 'has_major_dep', 'has_bipolar', 'has_anx_pan', 'has_brain_damage', 'has_epilepsy', 'has_alcol_dx', 'has_amphetamines_dx', 'has_cannabis_dx', 'has_cocaine_dx', 'has_sedatives_dx', 'ftnd', 'XTRT', 'shared', 'rbsivheroin', 'TLFB_Alcohol_Count', 'TLFB_Amphetamine_Count', 'TLFB_Benzodiazepine_Count', 'TLFB_Buprenorphine_Count', 'TLFB_Cocaine_Count', 'TLFB_Heroin_Count', 'TLFB_Methadone_Count', 'TLFB_Opioid_Count', 'TLFB_THC_Count', 'TLFB_Other', 'Homosexual_Behavior', 'Non_monogamous_Relationships']
2024-07-31 16:45:47 - INFO - Fitting logistic regression model with the selected features...
2024-07-31 16:45:47 - INFO - Model training completed successfully.
2024-07-31 16:45:47 - INFO - Calculating the dynamic threshold based on the proportion of positive outcomes...
2024-07-31 16:45:47 - INFO - Ratio of 1s to 0s in the outcome variable: 0.60 : 0.40
2024-07-31 16:45:47 - INFO - Dynamic threshold set to: 0.6
2024-07-31 16:45:47 - INFO - Model trained and saved successfully for subset 11.
2024-07-31 16:45:47 - INFO - ---------------------------
2024-07-31 16:45:47 - INFO - TRAIN MODEL STAGE COMPLETED FOR SUBSET 11
2024-07-31 16:45:47 - INFO - ---------------------------
2024-07-31 16:45:47 - INFO - --------------------------------
2024-07-31 16:45:47 - INFO - EVALUATE MODEL STAGE STARTING FOR SUBSET 11...
2024-07-31 16:45:47 - INFO - --------------------------------
2024-07-31 16:45:47 - INFO - ROC AUC Score: 0.6854
2024-07-31 16:45:47 - INFO - Confusion Matrix: 
[[79 21]
 [74 76]]
2024-07-31 16:45:47 - INFO - Precision: 0.7835051546391752
2024-07-31 16:45:47 - INFO - Recall: 0.5066666666666667
2024-07-31 16:45:47 - INFO - Model evaluated successfully for subset 11.
2024-07-31 16:45:47 - INFO - ------------------------------
2024-07-31 16:45:47 - INFO - EVALUATE MODEL STAGE COMPLETED FOR SUBSET 11
2024-07-31 16:45:47 - INFO - ------------------------------
2024-07-31 16:45:47 - INFO - ------------------
2024-07-31 16:45:47 - INFO - PIPELINE COMPLETED
2024-07-31 16:45:47 - INFO - ------------------
