2024-07-31 13:43:04 - INFO - -------------------------------------------
2024-07-31 13:43:04 - INFO - Logging setup complete - starting pipeline.
2024-07-31 13:43:04 - INFO - -------------------------------------------
2024-07-31 13:43:04 - INFO - Global Seed set to: 1722447784
2024-07-31 13:43:08 - INFO - Datasets loaded successfully.
2024-07-31 13:43:08 - INFO - Starting preprocessing of the merged dataset...
2024-07-31 13:43:08 - INFO - ---------------------------------
2024-07-31 13:43:08 - INFO - PRE-PROCESSING STAGE STARTING...
2024-07-31 13:43:08 - INFO - ---------------------------------
2024-07-31 13:43:08 - INFO - Dropped initial columns: ['pain_when', 'is_smoker', 'per_day', 'max', 'amount', 'depression', 'anxiety', 'schizophrenia', 'max', 'amount', 'cocaine_inject_days', 'speedball_inject_days', 'opioid_inject_days', 'speed_inject_days', 'UDS_Alcohol_Count', 'UDS_Mdma/Hallucinogen_Count']
2024-07-31 13:43:08 - INFO - Converted Yes/No to binary.
2024-07-31 13:43:08 - INFO - Processed TLFB columns with specified columns: ['TLFB_Alcohol_Count', 'TLFB_Amphetamine_Count', 'TLFB_Cocaine_Count', 'TLFB_Heroin_Count', 'TLFB_Benzodiazepine_Count', 'TLFB_Opioid_Count', 'TLFB_THC_Count', 'TLFB_Methadone_Count', 'TLFB_Buprenorphine_Count']
2024-07-31 13:43:08 - INFO - Calculated behavioral columns.
2024-07-31 13:43:08 - INFO - Moved 'Rs_krupitsky_2004' column to the end.
2024-07-31 13:43:09 - INFO - Dropped initial columns: ['msm_npt', 'msm_frq', 'txx_prt']
2024-07-31 13:43:09 - INFO - transform_data_with_nan_handling success
2024-07-31 13:43:09 - INFO - Renamed columns according to the mapping.
2024-07-31 13:43:09 - INFO - Transformed NaN to 0 for binary columns.
2024-07-31 13:43:09 - INFO - Transformed and renamed 'heroin_inject_days' column to 'rbsivheroin'.
2024-07-31 13:43:09 - INFO - Filled NaN with 0 for 'ftnd' column.
2024-07-31 13:43:09 - INFO - Dropped additional columns: ['rbs_iv_days', 'race', 'RBS_cocaine_Days', 'RBS_heroin_Days', 'RBS_opioid_Days', 'RBS_speed_Days', 'RBS_speedball_Days']
2024-07-31 13:43:09 - INFO - Converted UDS drug counts to binary.
2024-07-31 13:43:09 - INFO - ------------------------------
2024-07-31 13:43:09 - INFO - PRE-PROCESSING STAGE COMPLETED
2024-07-31 13:43:09 - INFO - ------------------------------
2024-07-31 13:43:09 - INFO - Merged dataset preprocessed successfully.
2024-07-31 13:43:09 - INFO - Creating demographic subsets from preprocessed data...
2024-07-31 13:43:17 - INFO - Created 11 subsets successfully.
2024-07-31 13:43:17 - INFO - Creating merged subsets from create_demographics_dfs function
2024-07-31 13:43:17 - INFO - Created 11 merged subsets successfully.
2024-07-31 13:43:17 - INFO - Subset 1 demographic makeup: 500 1, 245 3, 156 2, 99 4
2024-07-31 13:43:17 - INFO - Processing subset 1...
2024-07-31 13:43:17 - INFO - -----------------------------
2024-07-31 13:43:17 - INFO - TRAIN MODEL STAGE STARTING FOR SUBSET 1...
2024-07-31 13:43:17 - INFO - -----------------------------
2024-07-31 13:43:17 - INFO - Scaling features and applying LASSO for feature selection...
2024-07-31 13:43:19 - INFO - Selected features (including required): ['who', 'RaceEth', 'age', 'is_female', 'is_hispanic', 'unemployed', 'unstableliving', 'education', 'marital', 'UDS_Amphetamine_Count', 'UDS_Benzodiazepine_Count', 'UDS_Buprenorphine_Count', 'UDS_Cocaine_Count', 'UDS_Methadone_Count', 'UDS_Opioid_Count', 'UDS_Sedatives_Count', 'UDS_Thc_Count', 'pain', 'has_schizophrenia', 'has_major_dep', 'has_bipolar', 'has_anx_pan', 'has_brain_damage', 'has_epilepsy', 'has_alcol_dx', 'has_amphetamines_dx', 'has_cannabis_dx', 'has_cocaine_dx', 'has_sedatives_dx', 'ftnd', 'XTRT', 'shared', 'rbsivheroin', 'TLFB_Alcohol_Count', 'TLFB_Amphetamine_Count', 'TLFB_Benzodiazepine_Count', 'TLFB_Buprenorphine_Count', 'TLFB_Cocaine_Count', 'TLFB_Heroin_Count', 'TLFB_Methadone_Count', 'TLFB_Opioid_Count', 'TLFB_THC_Count', 'TLFB_Other', 'Homosexual_Behavior', 'Non_monogamous_Relationships']
2024-07-31 13:43:19 - INFO - Fitting logistic regression model with the selected features...
2024-07-31 13:43:19 - INFO - Model training completed successfully.
2024-07-31 13:43:19 - INFO - Calculating the dynamic threshold based on the proportion of positive outcomes...
2024-07-31 13:43:19 - INFO - Ratio of 1s to 0s in the outcome variable: 0.82 : 0.18
2024-07-31 13:43:19 - INFO - Dynamic threshold set to: 0.816
2024-07-31 13:43:19 - INFO - Model trained and saved successfully for subset 1.
2024-07-31 13:43:19 - INFO - ---------------------------
2024-07-31 13:43:19 - INFO - TRAIN MODEL STAGE COMPLETED FOR SUBSET 1
2024-07-31 13:43:19 - INFO - ---------------------------
2024-07-31 13:43:19 - INFO - --------------------------------
2024-07-31 13:43:19 - INFO - EVALUATE MODEL STAGE STARTING FOR SUBSET 1...
2024-07-31 13:43:19 - INFO - --------------------------------
2024-07-31 13:43:20 - INFO - ROC AUC Score: 0.6401321398124468
2024-07-31 13:43:20 - INFO - Confusion Matrix: 
[[ 22  24]
 [ 74 130]]
2024-07-31 13:43:20 - INFO - Precision: 0.8441558441558441
2024-07-31 13:43:20 - INFO - Recall: 0.6372549019607843
2024-07-31 13:43:20 - INFO - Model evaluated successfully for subset 1.
2024-07-31 13:43:20 - INFO - ------------------------------
2024-07-31 13:43:20 - INFO - EVALUATE MODEL STAGE COMPLETED FOR SUBSET 1
2024-07-31 13:43:20 - INFO - ------------------------------
2024-07-31 13:43:20 - INFO - Subset 2 demographic makeup: 550 1, 226 3, 137 2, 87 4
2024-07-31 13:43:20 - INFO - Processing subset 2...
2024-07-31 13:43:20 - INFO - -----------------------------
2024-07-31 13:43:20 - INFO - TRAIN MODEL STAGE STARTING FOR SUBSET 2...
2024-07-31 13:43:20 - INFO - -----------------------------
2024-07-31 13:43:20 - INFO - Scaling features and applying LASSO for feature selection...
2024-07-31 13:43:22 - INFO - Selected features (including required): ['who', 'RaceEth', 'age', 'is_female', 'is_hispanic', 'unemployed', 'unstableliving', 'education', 'marital', 'UDS_Amphetamine_Count', 'UDS_Benzodiazepine_Count', 'UDS_Buprenorphine_Count', 'UDS_Cocaine_Count', 'UDS_Methadone_Count', 'UDS_Opioid_Count', 'UDS_Sedatives_Count', 'UDS_Thc_Count', 'pain', 'has_schizophrenia', 'has_major_dep', 'has_bipolar', 'has_anx_pan', 'has_brain_damage', 'has_epilepsy', 'has_alcol_dx', 'has_amphetamines_dx', 'has_cannabis_dx', 'has_cocaine_dx', 'has_sedatives_dx', 'ftnd', 'XTRT', 'shared', 'rbsivheroin', 'TLFB_Alcohol_Count', 'TLFB_Amphetamine_Count', 'TLFB_Benzodiazepine_Count', 'TLFB_Buprenorphine_Count', 'TLFB_Cocaine_Count', 'TLFB_Heroin_Count', 'TLFB_Methadone_Count', 'TLFB_Opioid_Count', 'TLFB_THC_Count', 'TLFB_Other', 'Homosexual_Behavior', 'Non_monogamous_Relationships']
2024-07-31 13:43:22 - INFO - Fitting logistic regression model with the selected features...
2024-07-31 13:43:23 - INFO - Model training completed successfully.
2024-07-31 13:43:23 - INFO - Calculating the dynamic threshold based on the proportion of positive outcomes...
2024-07-31 13:43:23 - INFO - Ratio of 1s to 0s in the outcome variable: 0.84 : 0.16
2024-07-31 13:43:23 - INFO - Dynamic threshold set to: 0.836
2024-07-31 13:43:23 - INFO - Model trained and saved successfully for subset 2.
2024-07-31 13:43:23 - INFO - ---------------------------
2024-07-31 13:43:23 - INFO - TRAIN MODEL STAGE COMPLETED FOR SUBSET 2
2024-07-31 13:43:23 - INFO - ---------------------------
2024-07-31 13:43:23 - INFO - --------------------------------
2024-07-31 13:43:23 - INFO - EVALUATE MODEL STAGE STARTING FOR SUBSET 2...
2024-07-31 13:43:23 - INFO - --------------------------------
2024-07-31 13:43:23 - INFO - ROC AUC Score: 0.6007702182284982
2024-07-31 13:43:23 - INFO - Confusion Matrix: 
[[ 22  19]
 [ 85 124]]
2024-07-31 13:43:23 - INFO - Precision: 0.8671328671328671
2024-07-31 13:43:23 - INFO - Recall: 0.5933014354066986
2024-07-31 13:43:23 - INFO - Model evaluated successfully for subset 2.
2024-07-31 13:43:23 - INFO - ------------------------------
2024-07-31 13:43:23 - INFO - EVALUATE MODEL STAGE COMPLETED FOR SUBSET 2
2024-07-31 13:43:23 - INFO - ------------------------------
2024-07-31 13:43:23 - INFO - Subset 3 demographic makeup: 600 1, 197 3, 124 2, 79 4
2024-07-31 13:43:23 - INFO - Processing subset 3...
2024-07-31 13:43:23 - INFO - -----------------------------
2024-07-31 13:43:23 - INFO - TRAIN MODEL STAGE STARTING FOR SUBSET 3...
2024-07-31 13:43:23 - INFO - -----------------------------
2024-07-31 13:43:23 - INFO - Scaling features and applying LASSO for feature selection...
2024-07-31 13:43:24 - INFO - Selected features (including required): ['who', 'RaceEth', 'age', 'is_female', 'is_hispanic', 'unemployed', 'unstableliving', 'education', 'marital', 'UDS_Amphetamine_Count', 'UDS_Benzodiazepine_Count', 'UDS_Buprenorphine_Count', 'UDS_Cocaine_Count', 'UDS_Methadone_Count', 'UDS_Opioid_Count', 'UDS_Sedatives_Count', 'UDS_Thc_Count', 'pain', 'has_schizophrenia', 'has_major_dep', 'has_bipolar', 'has_anx_pan', 'has_brain_damage', 'has_epilepsy', 'has_alcol_dx', 'has_amphetamines_dx', 'has_cannabis_dx', 'has_cocaine_dx', 'has_sedatives_dx', 'ftnd', 'XTRT', 'shared', 'rbsivheroin', 'TLFB_Alcohol_Count', 'TLFB_Amphetamine_Count', 'TLFB_Benzodiazepine_Count', 'TLFB_Buprenorphine_Count', 'TLFB_Cocaine_Count', 'TLFB_Heroin_Count', 'TLFB_Methadone_Count', 'TLFB_Opioid_Count', 'TLFB_THC_Count', 'TLFB_Other', 'Homosexual_Behavior', 'Non_monogamous_Relationships']
2024-07-31 13:43:24 - INFO - Fitting logistic regression model with the selected features...
2024-07-31 13:43:25 - INFO - Model training completed successfully.
2024-07-31 13:43:25 - INFO - Calculating the dynamic threshold based on the proportion of positive outcomes...
2024-07-31 13:43:25 - INFO - Ratio of 1s to 0s in the outcome variable: 0.79 : 0.21
2024-07-31 13:43:25 - INFO - Dynamic threshold set to: 0.788
2024-07-31 13:43:25 - INFO - Model trained and saved successfully for subset 3.
2024-07-31 13:43:25 - INFO - ---------------------------
2024-07-31 13:43:25 - INFO - TRAIN MODEL STAGE COMPLETED FOR SUBSET 3
2024-07-31 13:43:25 - INFO - ---------------------------
2024-07-31 13:43:25 - INFO - --------------------------------
2024-07-31 13:43:25 - INFO - EVALUATE MODEL STAGE STARTING FOR SUBSET 3...
2024-07-31 13:43:25 - INFO - --------------------------------
2024-07-31 13:43:25 - INFO - ROC AUC Score: 0.6130638827698496
2024-07-31 13:43:25 - INFO - Confusion Matrix: 
[[ 22  31]
 [ 48 149]]
2024-07-31 13:43:25 - INFO - Precision: 0.8277777777777777
2024-07-31 13:43:25 - INFO - Recall: 0.7563451776649747
2024-07-31 13:43:25 - INFO - Model evaluated successfully for subset 3.
2024-07-31 13:43:25 - INFO - ------------------------------
2024-07-31 13:43:25 - INFO - EVALUATE MODEL STAGE COMPLETED FOR SUBSET 3
2024-07-31 13:43:25 - INFO - ------------------------------
2024-07-31 13:43:25 - INFO - Subset 4 demographic makeup: 650 1, 172 3, 108 2, 70 4
2024-07-31 13:43:25 - INFO - Processing subset 4...
2024-07-31 13:43:25 - INFO - -----------------------------
2024-07-31 13:43:25 - INFO - TRAIN MODEL STAGE STARTING FOR SUBSET 4...
2024-07-31 13:43:25 - INFO - -----------------------------
2024-07-31 13:43:25 - INFO - Scaling features and applying LASSO for feature selection...
2024-07-31 13:43:27 - INFO - Selected features (including required): ['who', 'RaceEth', 'age', 'is_female', 'is_hispanic', 'unemployed', 'unstableliving', 'education', 'marital', 'UDS_Amphetamine_Count', 'UDS_Benzodiazepine_Count', 'UDS_Buprenorphine_Count', 'UDS_Cocaine_Count', 'UDS_Methadone_Count', 'UDS_Opioid_Count', 'UDS_Sedatives_Count', 'UDS_Thc_Count', 'pain', 'has_schizophrenia', 'has_major_dep', 'has_bipolar', 'has_anx_pan', 'has_brain_damage', 'has_epilepsy', 'has_alcol_dx', 'has_amphetamines_dx', 'has_cannabis_dx', 'has_cocaine_dx', 'has_sedatives_dx', 'ftnd', 'XTRT', 'shared', 'rbsivheroin', 'TLFB_Alcohol_Count', 'TLFB_Amphetamine_Count', 'TLFB_Benzodiazepine_Count', 'TLFB_Buprenorphine_Count', 'TLFB_Cocaine_Count', 'TLFB_Heroin_Count', 'TLFB_Methadone_Count', 'TLFB_Opioid_Count', 'TLFB_THC_Count', 'TLFB_Other', 'Homosexual_Behavior', 'Non_monogamous_Relationships']
2024-07-31 13:43:27 - INFO - Fitting logistic regression model with the selected features...
2024-07-31 13:43:28 - INFO - Model training completed successfully.
2024-07-31 13:43:28 - INFO - Calculating the dynamic threshold based on the proportion of positive outcomes...
2024-07-31 13:43:28 - INFO - Ratio of 1s to 0s in the outcome variable: 0.79 : 0.21
2024-07-31 13:43:28 - INFO - Dynamic threshold set to: 0.792
2024-07-31 13:43:28 - INFO - Model trained and saved successfully for subset 4.
2024-07-31 13:43:28 - INFO - ---------------------------
2024-07-31 13:43:28 - INFO - TRAIN MODEL STAGE COMPLETED FOR SUBSET 4
2024-07-31 13:43:28 - INFO - ---------------------------
2024-07-31 13:43:28 - INFO - --------------------------------
2024-07-31 13:43:28 - INFO - EVALUATE MODEL STAGE STARTING FOR SUBSET 4...
2024-07-31 13:43:28 - INFO - --------------------------------
2024-07-31 13:43:28 - INFO - ROC AUC Score: 0.6925990675990675
2024-07-31 13:43:28 - INFO - Confusion Matrix: 
[[ 29  23]
 [ 61 137]]
2024-07-31 13:43:28 - INFO - Precision: 0.85625
2024-07-31 13:43:28 - INFO - Recall: 0.6919191919191919
2024-07-31 13:43:28 - INFO - Model evaluated successfully for subset 4.
2024-07-31 13:43:28 - INFO - ------------------------------
2024-07-31 13:43:28 - INFO - EVALUATE MODEL STAGE COMPLETED FOR SUBSET 4
2024-07-31 13:43:28 - INFO - ------------------------------
2024-07-31 13:43:28 - INFO - Subset 5 demographic makeup: 700 1, 151 3, 88 2, 61 4
2024-07-31 13:43:28 - INFO - Processing subset 5...
2024-07-31 13:43:28 - INFO - -----------------------------
2024-07-31 13:43:28 - INFO - TRAIN MODEL STAGE STARTING FOR SUBSET 5...
2024-07-31 13:43:28 - INFO - -----------------------------
2024-07-31 13:43:28 - INFO - Scaling features and applying LASSO for feature selection...
2024-07-31 13:43:30 - INFO - Selected features (including required): ['who', 'RaceEth', 'age', 'is_female', 'is_hispanic', 'unemployed', 'unstableliving', 'education', 'marital', 'UDS_Amphetamine_Count', 'UDS_Benzodiazepine_Count', 'UDS_Buprenorphine_Count', 'UDS_Cocaine_Count', 'UDS_Methadone_Count', 'UDS_Opioid_Count', 'UDS_Sedatives_Count', 'UDS_Thc_Count', 'pain', 'has_schizophrenia', 'has_major_dep', 'has_bipolar', 'has_anx_pan', 'has_brain_damage', 'has_epilepsy', 'has_alcol_dx', 'has_amphetamines_dx', 'has_cannabis_dx', 'has_cocaine_dx', 'has_sedatives_dx', 'ftnd', 'XTRT', 'shared', 'rbsivheroin', 'TLFB_Alcohol_Count', 'TLFB_Amphetamine_Count', 'TLFB_Benzodiazepine_Count', 'TLFB_Buprenorphine_Count', 'TLFB_Cocaine_Count', 'TLFB_Heroin_Count', 'TLFB_Methadone_Count', 'TLFB_Opioid_Count', 'TLFB_THC_Count', 'TLFB_Other', 'Homosexual_Behavior', 'Non_monogamous_Relationships']
2024-07-31 13:43:30 - INFO - Fitting logistic regression model with the selected features...
2024-07-31 13:43:31 - INFO - Model training completed successfully.
2024-07-31 13:43:31 - INFO - Calculating the dynamic threshold based on the proportion of positive outcomes...
2024-07-31 13:43:31 - INFO - Ratio of 1s to 0s in the outcome variable: 0.80 : 0.20
2024-07-31 13:43:31 - INFO - Dynamic threshold set to: 0.8
2024-07-31 13:43:31 - INFO - Model trained and saved successfully for subset 5.
2024-07-31 13:43:31 - INFO - ---------------------------
2024-07-31 13:43:31 - INFO - TRAIN MODEL STAGE COMPLETED FOR SUBSET 5
2024-07-31 13:43:31 - INFO - ---------------------------
2024-07-31 13:43:31 - INFO - --------------------------------
2024-07-31 13:43:31 - INFO - EVALUATE MODEL STAGE STARTING FOR SUBSET 5...
2024-07-31 13:43:31 - INFO - --------------------------------
2024-07-31 13:43:31 - INFO - ROC AUC Score: 0.5932999999999999
2024-07-31 13:43:31 - INFO - Confusion Matrix: 
[[ 24  26]
 [ 68 132]]
2024-07-31 13:43:31 - INFO - Precision: 0.8354430379746836
2024-07-31 13:43:31 - INFO - Recall: 0.66
2024-07-31 13:43:31 - INFO - Model evaluated successfully for subset 5.
2024-07-31 13:43:31 - INFO - ------------------------------
2024-07-31 13:43:31 - INFO - EVALUATE MODEL STAGE COMPLETED FOR SUBSET 5
2024-07-31 13:43:31 - INFO - ------------------------------
2024-07-31 13:43:31 - INFO - Subset 6 demographic makeup: 750 1, 125 3, 73 2, 52 4
2024-07-31 13:43:31 - INFO - Processing subset 6...
2024-07-31 13:43:31 - INFO - -----------------------------
2024-07-31 13:43:31 - INFO - TRAIN MODEL STAGE STARTING FOR SUBSET 6...
2024-07-31 13:43:31 - INFO - -----------------------------
2024-07-31 13:43:31 - INFO - Scaling features and applying LASSO for feature selection...
2024-07-31 13:43:33 - INFO - Selected features (including required): ['who', 'RaceEth', 'age', 'is_female', 'is_hispanic', 'unemployed', 'unstableliving', 'education', 'marital', 'UDS_Amphetamine_Count', 'UDS_Benzodiazepine_Count', 'UDS_Buprenorphine_Count', 'UDS_Cocaine_Count', 'UDS_Methadone_Count', 'UDS_Opioid_Count', 'UDS_Sedatives_Count', 'UDS_Thc_Count', 'pain', 'has_schizophrenia', 'has_major_dep', 'has_bipolar', 'has_anx_pan', 'has_brain_damage', 'has_epilepsy', 'has_alcol_dx', 'has_amphetamines_dx', 'has_cannabis_dx', 'has_cocaine_dx', 'has_sedatives_dx', 'ftnd', 'XTRT', 'shared', 'rbsivheroin', 'TLFB_Alcohol_Count', 'TLFB_Amphetamine_Count', 'TLFB_Benzodiazepine_Count', 'TLFB_Buprenorphine_Count', 'TLFB_Cocaine_Count', 'TLFB_Heroin_Count', 'TLFB_Methadone_Count', 'TLFB_Opioid_Count', 'TLFB_THC_Count', 'TLFB_Other', 'Homosexual_Behavior', 'Non_monogamous_Relationships']
2024-07-31 13:43:33 - INFO - Fitting logistic regression model with the selected features...
2024-07-31 13:43:34 - INFO - Model training completed successfully.
2024-07-31 13:43:34 - INFO - Calculating the dynamic threshold based on the proportion of positive outcomes...
2024-07-31 13:43:34 - INFO - Ratio of 1s to 0s in the outcome variable: 0.82 : 0.18
2024-07-31 13:43:34 - INFO - Dynamic threshold set to: 0.82
2024-07-31 13:43:34 - INFO - Model trained and saved successfully for subset 6.
2024-07-31 13:43:34 - INFO - ---------------------------
2024-07-31 13:43:34 - INFO - TRAIN MODEL STAGE COMPLETED FOR SUBSET 6
2024-07-31 13:43:34 - INFO - ---------------------------
2024-07-31 13:43:34 - INFO - --------------------------------
2024-07-31 13:43:34 - INFO - EVALUATE MODEL STAGE STARTING FOR SUBSET 6...
2024-07-31 13:43:34 - INFO - --------------------------------
2024-07-31 13:43:34 - INFO - ROC AUC Score: 0.7038482384823849
2024-07-31 13:43:34 - INFO - Confusion Matrix: 
[[ 31  14]
 [ 74 131]]
2024-07-31 13:43:34 - INFO - Precision: 0.903448275862069
2024-07-31 13:43:34 - INFO - Recall: 0.6390243902439025
2024-07-31 13:43:34 - INFO - Model evaluated successfully for subset 6.
2024-07-31 13:43:34 - INFO - ------------------------------
2024-07-31 13:43:34 - INFO - EVALUATE MODEL STAGE COMPLETED FOR SUBSET 6
2024-07-31 13:43:34 - INFO - ------------------------------
2024-07-31 13:43:34 - INFO - Subset 7 demographic makeup: 800 1, 102 3, 58 2, 40 4
2024-07-31 13:43:34 - INFO - Processing subset 7...
2024-07-31 13:43:34 - INFO - -----------------------------
2024-07-31 13:43:34 - INFO - TRAIN MODEL STAGE STARTING FOR SUBSET 7...
2024-07-31 13:43:34 - INFO - -----------------------------
2024-07-31 13:43:34 - INFO - Scaling features and applying LASSO for feature selection...
2024-07-31 13:43:36 - INFO - Selected features (including required): ['who', 'RaceEth', 'age', 'is_female', 'is_hispanic', 'unemployed', 'unstableliving', 'education', 'marital', 'UDS_Amphetamine_Count', 'UDS_Benzodiazepine_Count', 'UDS_Buprenorphine_Count', 'UDS_Cocaine_Count', 'UDS_Methadone_Count', 'UDS_Opioid_Count', 'UDS_Sedatives_Count', 'UDS_Thc_Count', 'pain', 'has_schizophrenia', 'has_major_dep', 'has_bipolar', 'has_anx_pan', 'has_brain_damage', 'has_epilepsy', 'has_alcol_dx', 'has_amphetamines_dx', 'has_cannabis_dx', 'has_cocaine_dx', 'has_sedatives_dx', 'ftnd', 'XTRT', 'shared', 'rbsivheroin', 'TLFB_Alcohol_Count', 'TLFB_Amphetamine_Count', 'TLFB_Benzodiazepine_Count', 'TLFB_Buprenorphine_Count', 'TLFB_Cocaine_Count', 'TLFB_Heroin_Count', 'TLFB_Methadone_Count', 'TLFB_Opioid_Count', 'TLFB_THC_Count', 'TLFB_Other', 'Homosexual_Behavior', 'Non_monogamous_Relationships']
2024-07-31 13:43:36 - INFO - Fitting logistic regression model with the selected features...
2024-07-31 13:43:37 - INFO - Model training completed successfully.
2024-07-31 13:43:37 - INFO - Calculating the dynamic threshold based on the proportion of positive outcomes...
2024-07-31 13:43:37 - INFO - Ratio of 1s to 0s in the outcome variable: 0.79 : 0.21
2024-07-31 13:43:37 - INFO - Dynamic threshold set to: 0.788
2024-07-31 13:43:37 - INFO - Model trained and saved successfully for subset 7.
2024-07-31 13:43:37 - INFO - ---------------------------
2024-07-31 13:43:37 - INFO - TRAIN MODEL STAGE COMPLETED FOR SUBSET 7
2024-07-31 13:43:37 - INFO - ---------------------------
2024-07-31 13:43:37 - INFO - --------------------------------
2024-07-31 13:43:37 - INFO - EVALUATE MODEL STAGE STARTING FOR SUBSET 7...
2024-07-31 13:43:37 - INFO - --------------------------------
2024-07-31 13:43:37 - INFO - ROC AUC Score: 0.664208409156211
2024-07-31 13:43:37 - INFO - Confusion Matrix: 
[[ 33  20]
 [ 71 126]]
2024-07-31 13:43:37 - INFO - Precision: 0.863013698630137
2024-07-31 13:43:37 - INFO - Recall: 0.6395939086294417
2024-07-31 13:43:37 - INFO - Model evaluated successfully for subset 7.
2024-07-31 13:43:37 - INFO - ------------------------------
2024-07-31 13:43:37 - INFO - EVALUATE MODEL STAGE COMPLETED FOR SUBSET 7
2024-07-31 13:43:37 - INFO - ------------------------------
2024-07-31 13:43:37 - INFO - Subset 8 demographic makeup: 850 1, 79 3, 42 2, 29 4
2024-07-31 13:43:37 - INFO - Processing subset 8...
2024-07-31 13:43:37 - INFO - -----------------------------
2024-07-31 13:43:37 - INFO - TRAIN MODEL STAGE STARTING FOR SUBSET 8...
2024-07-31 13:43:37 - INFO - -----------------------------
2024-07-31 13:43:37 - INFO - Scaling features and applying LASSO for feature selection...
2024-07-31 13:43:39 - INFO - Selected features (including required): ['who', 'RaceEth', 'age', 'is_female', 'is_hispanic', 'unemployed', 'unstableliving', 'education', 'marital', 'UDS_Amphetamine_Count', 'UDS_Benzodiazepine_Count', 'UDS_Buprenorphine_Count', 'UDS_Cocaine_Count', 'UDS_Methadone_Count', 'UDS_Opioid_Count', 'UDS_Sedatives_Count', 'UDS_Thc_Count', 'pain', 'has_schizophrenia', 'has_major_dep', 'has_bipolar', 'has_anx_pan', 'has_brain_damage', 'has_epilepsy', 'has_alcol_dx', 'has_amphetamines_dx', 'has_cannabis_dx', 'has_cocaine_dx', 'has_sedatives_dx', 'ftnd', 'XTRT', 'shared', 'rbsivheroin', 'TLFB_Alcohol_Count', 'TLFB_Amphetamine_Count', 'TLFB_Benzodiazepine_Count', 'TLFB_Buprenorphine_Count', 'TLFB_Cocaine_Count', 'TLFB_Heroin_Count', 'TLFB_Methadone_Count', 'TLFB_Opioid_Count', 'TLFB_THC_Count', 'TLFB_Other', 'Homosexual_Behavior', 'Non_monogamous_Relationships']
2024-07-31 13:43:39 - INFO - Fitting logistic regression model with the selected features...
2024-07-31 13:43:40 - INFO - Model training completed successfully.
2024-07-31 13:43:40 - INFO - Calculating the dynamic threshold based on the proportion of positive outcomes...
2024-07-31 13:43:40 - INFO - Ratio of 1s to 0s in the outcome variable: 0.80 : 0.20
2024-07-31 13:43:40 - INFO - Dynamic threshold set to: 0.8
2024-07-31 13:43:40 - INFO - Model trained and saved successfully for subset 8.
2024-07-31 13:43:40 - INFO - ---------------------------
2024-07-31 13:43:40 - INFO - TRAIN MODEL STAGE COMPLETED FOR SUBSET 8
2024-07-31 13:43:40 - INFO - ---------------------------
2024-07-31 13:43:40 - INFO - --------------------------------
2024-07-31 13:43:40 - INFO - EVALUATE MODEL STAGE STARTING FOR SUBSET 8...
2024-07-31 13:43:40 - INFO - --------------------------------
2024-07-31 13:43:40 - INFO - ROC AUC Score: 0.6691
2024-07-31 13:43:40 - INFO - Confusion Matrix: 
[[ 27  23]
 [ 66 134]]
2024-07-31 13:43:40 - INFO - Precision: 0.8535031847133758
2024-07-31 13:43:40 - INFO - Recall: 0.67
2024-07-31 13:43:40 - INFO - Model evaluated successfully for subset 8.
2024-07-31 13:43:40 - INFO - ------------------------------
2024-07-31 13:43:40 - INFO - EVALUATE MODEL STAGE COMPLETED FOR SUBSET 8
2024-07-31 13:43:40 - INFO - ------------------------------
2024-07-31 13:43:40 - INFO - Subset 9 demographic makeup: 900 1, 51 3, 29 2, 20 4
2024-07-31 13:43:40 - INFO - Processing subset 9...
2024-07-31 13:43:40 - INFO - -----------------------------
2024-07-31 13:43:40 - INFO - TRAIN MODEL STAGE STARTING FOR SUBSET 9...
2024-07-31 13:43:40 - INFO - -----------------------------
2024-07-31 13:43:40 - INFO - Scaling features and applying LASSO for feature selection...
2024-07-31 13:43:41 - INFO - Selected features (including required): ['who', 'RaceEth', 'age', 'is_female', 'is_hispanic', 'unemployed', 'unstableliving', 'education', 'marital', 'UDS_Amphetamine_Count', 'UDS_Benzodiazepine_Count', 'UDS_Buprenorphine_Count', 'UDS_Cocaine_Count', 'UDS_Methadone_Count', 'UDS_Opioid_Count', 'UDS_Sedatives_Count', 'UDS_Thc_Count', 'pain', 'has_schizophrenia', 'has_major_dep', 'has_bipolar', 'has_anx_pan', 'has_brain_damage', 'has_epilepsy', 'has_alcol_dx', 'has_amphetamines_dx', 'has_cannabis_dx', 'has_cocaine_dx', 'has_sedatives_dx', 'ftnd', 'XTRT', 'shared', 'rbsivheroin', 'TLFB_Alcohol_Count', 'TLFB_Amphetamine_Count', 'TLFB_Benzodiazepine_Count', 'TLFB_Buprenorphine_Count', 'TLFB_Cocaine_Count', 'TLFB_Heroin_Count', 'TLFB_Methadone_Count', 'TLFB_Opioid_Count', 'TLFB_THC_Count', 'TLFB_Other', 'Homosexual_Behavior', 'Non_monogamous_Relationships']
2024-07-31 13:43:41 - INFO - Fitting logistic regression model with the selected features...
2024-07-31 13:43:42 - INFO - Model training completed successfully.
2024-07-31 13:43:42 - INFO - Calculating the dynamic threshold based on the proportion of positive outcomes...
2024-07-31 13:43:42 - INFO - Ratio of 1s to 0s in the outcome variable: 0.82 : 0.18
2024-07-31 13:43:42 - INFO - Dynamic threshold set to: 0.82
2024-07-31 13:43:42 - INFO - Model trained and saved successfully for subset 9.
2024-07-31 13:43:42 - INFO - ---------------------------
2024-07-31 13:43:42 - INFO - TRAIN MODEL STAGE COMPLETED FOR SUBSET 9
2024-07-31 13:43:42 - INFO - ---------------------------
2024-07-31 13:43:42 - INFO - --------------------------------
2024-07-31 13:43:42 - INFO - EVALUATE MODEL STAGE STARTING FOR SUBSET 9...
2024-07-31 13:43:42 - INFO - --------------------------------
2024-07-31 13:43:42 - INFO - ROC AUC Score: 0.6142005420054201
2024-07-31 13:43:42 - INFO - Confusion Matrix: 
[[ 29  16]
 [ 99 106]]
2024-07-31 13:43:42 - INFO - Precision: 0.8688524590163934
2024-07-31 13:43:42 - INFO - Recall: 0.5170731707317073
2024-07-31 13:43:42 - INFO - Model evaluated successfully for subset 9.
2024-07-31 13:43:42 - INFO - ------------------------------
2024-07-31 13:43:42 - INFO - EVALUATE MODEL STAGE COMPLETED FOR SUBSET 9
2024-07-31 13:43:42 - INFO - ------------------------------
2024-07-31 13:43:42 - INFO - Subset 10 demographic makeup: 950 1, 27 3, 13 2, 10 4
2024-07-31 13:43:42 - INFO - Processing subset 10...
2024-07-31 13:43:42 - INFO - -----------------------------
2024-07-31 13:43:42 - INFO - TRAIN MODEL STAGE STARTING FOR SUBSET 10...
2024-07-31 13:43:42 - INFO - -----------------------------
2024-07-31 13:43:42 - INFO - Scaling features and applying LASSO for feature selection...
2024-07-31 13:43:43 - INFO - Selected features (including required): ['who', 'RaceEth', 'age', 'is_female', 'is_hispanic', 'unemployed', 'unstableliving', 'education', 'marital', 'UDS_Amphetamine_Count', 'UDS_Benzodiazepine_Count', 'UDS_Buprenorphine_Count', 'UDS_Cocaine_Count', 'UDS_Methadone_Count', 'UDS_Opioid_Count', 'UDS_Sedatives_Count', 'UDS_Thc_Count', 'pain', 'has_schizophrenia', 'has_major_dep', 'has_bipolar', 'has_anx_pan', 'has_brain_damage', 'has_epilepsy', 'has_alcol_dx', 'has_amphetamines_dx', 'has_cannabis_dx', 'has_cocaine_dx', 'has_sedatives_dx', 'ftnd', 'XTRT', 'shared', 'rbsivheroin', 'TLFB_Alcohol_Count', 'TLFB_Amphetamine_Count', 'TLFB_Benzodiazepine_Count', 'TLFB_Buprenorphine_Count', 'TLFB_Cocaine_Count', 'TLFB_Heroin_Count', 'TLFB_Methadone_Count', 'TLFB_Opioid_Count', 'TLFB_THC_Count', 'TLFB_Other', 'Homosexual_Behavior', 'Non_monogamous_Relationships']
2024-07-31 13:43:43 - INFO - Fitting logistic regression model with the selected features...
2024-07-31 13:43:44 - INFO - Model training completed successfully.
2024-07-31 13:43:44 - INFO - Calculating the dynamic threshold based on the proportion of positive outcomes...
2024-07-31 13:43:44 - INFO - Ratio of 1s to 0s in the outcome variable: 0.79 : 0.21
2024-07-31 13:43:44 - INFO - Dynamic threshold set to: 0.792
2024-07-31 13:43:44 - INFO - Model trained and saved successfully for subset 10.
2024-07-31 13:43:44 - INFO - ---------------------------
2024-07-31 13:43:44 - INFO - TRAIN MODEL STAGE COMPLETED FOR SUBSET 10
2024-07-31 13:43:44 - INFO - ---------------------------
2024-07-31 13:43:44 - INFO - --------------------------------
2024-07-31 13:43:44 - INFO - EVALUATE MODEL STAGE STARTING FOR SUBSET 10...
2024-07-31 13:43:44 - INFO - --------------------------------
2024-07-31 13:43:44 - INFO - ROC AUC Score: 0.728923853923854
2024-07-31 13:43:44 - INFO - Confusion Matrix: 
[[ 31  21]
 [ 44 154]]
2024-07-31 13:43:44 - INFO - Precision: 0.88
2024-07-31 13:43:44 - INFO - Recall: 0.7777777777777778
2024-07-31 13:43:44 - INFO - Model evaluated successfully for subset 10.
2024-07-31 13:43:44 - INFO - ------------------------------
2024-07-31 13:43:44 - INFO - EVALUATE MODEL STAGE COMPLETED FOR SUBSET 10
2024-07-31 13:43:44 - INFO - ------------------------------
2024-07-31 13:43:44 - INFO - Subset 11 demographic makeup: 1000 1
2024-07-31 13:43:44 - INFO - Processing subset 11...
2024-07-31 13:43:44 - INFO - -----------------------------
2024-07-31 13:43:44 - INFO - TRAIN MODEL STAGE STARTING FOR SUBSET 11...
2024-07-31 13:43:44 - INFO - -----------------------------
2024-07-31 13:43:44 - INFO - Scaling features and applying LASSO for feature selection...
2024-07-31 13:43:46 - INFO - Selected features (including required): ['who', 'age', 'is_female', 'unemployed', 'unstableliving', 'education', 'marital', 'UDS_Amphetamine_Count', 'UDS_Benzodiazepine_Count', 'UDS_Buprenorphine_Count', 'UDS_Cocaine_Count', 'UDS_Methadone_Count', 'UDS_Opioid_Count', 'UDS_Sedatives_Count', 'UDS_Thc_Count', 'pain', 'has_schizophrenia', 'has_major_dep', 'has_bipolar', 'has_anx_pan', 'has_brain_damage', 'has_epilepsy', 'has_alcol_dx', 'has_amphetamines_dx', 'has_cannabis_dx', 'has_cocaine_dx', 'has_sedatives_dx', 'ftnd', 'XTRT', 'shared', 'rbsivheroin', 'TLFB_Alcohol_Count', 'TLFB_Amphetamine_Count', 'TLFB_Benzodiazepine_Count', 'TLFB_Buprenorphine_Count', 'TLFB_Cocaine_Count', 'TLFB_Heroin_Count', 'TLFB_Methadone_Count', 'TLFB_Opioid_Count', 'TLFB_THC_Count', 'TLFB_Other', 'Homosexual_Behavior', 'Non_monogamous_Relationships']
2024-07-31 13:43:46 - INFO - Fitting logistic regression model with the selected features...
2024-07-31 13:43:47 - INFO - Model training completed successfully.
2024-07-31 13:43:47 - INFO - Calculating the dynamic threshold based on the proportion of positive outcomes...
2024-07-31 13:43:47 - INFO - Ratio of 1s to 0s in the outcome variable: 0.82 : 0.18
2024-07-31 13:43:47 - INFO - Dynamic threshold set to: 0.824
2024-07-31 13:43:47 - INFO - Model trained and saved successfully for subset 11.
2024-07-31 13:43:47 - INFO - ---------------------------
2024-07-31 13:43:47 - INFO - TRAIN MODEL STAGE COMPLETED FOR SUBSET 11
2024-07-31 13:43:47 - INFO - ---------------------------
2024-07-31 13:43:47 - INFO - --------------------------------
2024-07-31 13:43:47 - INFO - EVALUATE MODEL STAGE STARTING FOR SUBSET 11...
2024-07-31 13:43:47 - INFO - --------------------------------
2024-07-31 13:43:47 - INFO - ROC AUC Score: 0.6364739629302736
2024-07-31 13:43:47 - INFO - Confusion Matrix: 
[[ 28  16]
 [ 86 120]]
2024-07-31 13:43:47 - INFO - Precision: 0.8823529411764706
2024-07-31 13:43:47 - INFO - Recall: 0.5825242718446602
2024-07-31 13:43:47 - INFO - Model evaluated successfully for subset 11.
2024-07-31 13:43:47 - INFO - ------------------------------
2024-07-31 13:43:47 - INFO - EVALUATE MODEL STAGE COMPLETED FOR SUBSET 11
2024-07-31 13:43:47 - INFO - ------------------------------
2024-07-31 13:43:47 - INFO - ------------------
2024-07-31 13:43:47 - INFO - PIPELINE COMPLETED
2024-07-31 13:43:47 - INFO - ------------------
