2024-07-31 14:35:30 - INFO - -------------------------------------------
2024-07-31 14:35:30 - INFO - Logging setup complete - starting pipeline.
2024-07-31 14:35:30 - INFO - -------------------------------------------
2024-07-31 14:35:30 - INFO - Global Seed set to: 1722450930
2024-07-31 14:35:35 - INFO - Datasets loaded successfully.
2024-07-31 14:35:35 - INFO - Starting preprocessing of the merged dataset...
2024-07-31 14:35:35 - INFO - ---------------------------------
2024-07-31 14:35:35 - INFO - PRE-PROCESSING STAGE STARTING...
2024-07-31 14:35:35 - INFO - ---------------------------------
2024-07-31 14:35:35 - INFO - Dropped initial columns: ['pain_when', 'is_smoker', 'per_day', 'max', 'amount', 'depression', 'anxiety', 'schizophrenia', 'max', 'amount', 'cocaine_inject_days', 'speedball_inject_days', 'opioid_inject_days', 'speed_inject_days', 'UDS_Alcohol_Count', 'UDS_Mdma/Hallucinogen_Count']
2024-07-31 14:35:35 - INFO - Converted Yes/No to binary.
2024-07-31 14:35:35 - INFO - Processed TLFB columns with specified columns: ['TLFB_Alcohol_Count', 'TLFB_Amphetamine_Count', 'TLFB_Cocaine_Count', 'TLFB_Heroin_Count', 'TLFB_Benzodiazepine_Count', 'TLFB_Opioid_Count', 'TLFB_THC_Count', 'TLFB_Methadone_Count', 'TLFB_Buprenorphine_Count']
2024-07-31 14:35:35 - INFO - Calculated behavioral columns.
2024-07-31 14:35:35 - INFO - Moved 'Rs_krupitsky_2004' column to the end.
2024-07-31 14:35:35 - INFO - Dropped initial columns: ['msm_npt', 'msm_frq', 'txx_prt']
2024-07-31 14:35:35 - INFO - transform_data_with_nan_handling success
2024-07-31 14:35:35 - INFO - Renamed columns according to the mapping.
2024-07-31 14:35:35 - INFO - Transformed NaN to 0 for binary columns.
2024-07-31 14:35:35 - INFO - Transformed and renamed 'heroin_inject_days' column to 'rbsivheroin'.
2024-07-31 14:35:35 - INFO - Filled NaN with 0 for 'ftnd' column.
2024-07-31 14:35:36 - INFO - Dropped additional columns: ['rbs_iv_days', 'race', 'RBS_cocaine_Days', 'RBS_heroin_Days', 'RBS_opioid_Days', 'RBS_speed_Days', 'RBS_speedball_Days']
2024-07-31 14:35:36 - INFO - Converted UDS drug counts to binary.
2024-07-31 14:35:36 - INFO - ------------------------------
2024-07-31 14:35:36 - INFO - PRE-PROCESSING STAGE COMPLETED
2024-07-31 14:35:36 - INFO - ------------------------------
2024-07-31 14:35:36 - INFO - Merged dataset preprocessed successfully.
2024-07-31 14:35:36 - INFO - Creating demographic subsets from preprocessed data...
2024-07-31 14:35:44 - INFO - Created 11 subsets successfully.
2024-07-31 14:35:44 - INFO - Creating merged subsets from create_demographics_dfs function
2024-07-31 14:35:44 - INFO - Created 11 merged subsets successfully.
2024-07-31 14:35:44 - INFO - Subset 1 demographic makeup: 500 1, 252 3, 151 2, 97 4
2024-07-31 14:35:44 - INFO - Processing subset 1...
2024-07-31 14:35:44 - INFO - -----------------------------
2024-07-31 14:35:44 - INFO - TRAIN MODEL STAGE STARTING FOR SUBSET 1...
2024-07-31 14:35:44 - INFO - -----------------------------
2024-07-31 14:35:44 - INFO - Scaling features and applying LASSO for feature selection...
2024-07-31 14:35:45 - INFO - Selected features (including required): ['who', 'RaceEth', 'age', 'is_female', 'is_hispanic', 'unemployed', 'unstableliving', 'education', 'marital', 'UDS_Amphetamine_Count', 'UDS_Benzodiazepine_Count', 'UDS_Buprenorphine_Count', 'UDS_Cocaine_Count', 'UDS_Methadone_Count', 'UDS_Opioid_Count', 'UDS_Sedatives_Count', 'UDS_Thc_Count', 'pain', 'has_schizophrenia', 'has_major_dep', 'has_bipolar', 'has_anx_pan', 'has_brain_damage', 'has_epilepsy', 'has_alcol_dx', 'has_amphetamines_dx', 'has_cannabis_dx', 'has_cocaine_dx', 'has_sedatives_dx', 'ftnd', 'XTRT', 'shared', 'rbsivheroin', 'TLFB_Alcohol_Count', 'TLFB_Amphetamine_Count', 'TLFB_Benzodiazepine_Count', 'TLFB_Buprenorphine_Count', 'TLFB_Cocaine_Count', 'TLFB_Heroin_Count', 'TLFB_Methadone_Count', 'TLFB_Opioid_Count', 'TLFB_THC_Count', 'TLFB_Other', 'Homosexual_Behavior', 'Non_monogamous_Relationships']
2024-07-31 14:35:45 - INFO - Fitting logistic regression model with the selected features...
2024-07-31 14:35:46 - INFO - Model training completed successfully.
2024-07-31 14:35:46 - INFO - Calculating the dynamic threshold based on the proportion of positive outcomes...
2024-07-31 14:35:46 - INFO - Ratio of 1s to 0s in the outcome variable: 0.80 : 0.20
2024-07-31 14:35:46 - INFO - Dynamic threshold set to: 0.8
2024-07-31 14:35:46 - INFO - Model trained and saved successfully for subset 1.
2024-07-31 14:35:46 - INFO - ---------------------------
2024-07-31 14:35:46 - INFO - TRAIN MODEL STAGE COMPLETED FOR SUBSET 1
2024-07-31 14:35:46 - INFO - ---------------------------
2024-07-31 14:35:46 - INFO - --------------------------------
2024-07-31 14:35:46 - INFO - EVALUATE MODEL STAGE STARTING FOR SUBSET 1...
2024-07-31 14:35:46 - INFO - --------------------------------
2024-07-31 14:35:46 - INFO - ROC AUC Score: 0.6888000000000001
2024-07-31 14:35:46 - INFO - Confusion Matrix: 
[[ 25  25]
 [ 49 151]]
2024-07-31 14:35:46 - INFO - Precision: 0.8579545454545454
2024-07-31 14:35:46 - INFO - Recall: 0.755
2024-07-31 14:35:46 - INFO - Model evaluated successfully for subset 1.
2024-07-31 14:35:46 - INFO - ------------------------------
2024-07-31 14:35:46 - INFO - EVALUATE MODEL STAGE COMPLETED FOR SUBSET 1
2024-07-31 14:35:46 - INFO - ------------------------------
2024-07-31 14:35:46 - INFO - Subset 2 demographic makeup: 550 1, 225 3, 134 2, 91 4
2024-07-31 14:35:46 - INFO - Processing subset 2...
2024-07-31 14:35:46 - INFO - -----------------------------
2024-07-31 14:35:46 - INFO - TRAIN MODEL STAGE STARTING FOR SUBSET 2...
2024-07-31 14:35:46 - INFO - -----------------------------
2024-07-31 14:35:46 - INFO - Scaling features and applying LASSO for feature selection...
2024-07-31 14:35:47 - INFO - Selected features (including required): ['who', 'RaceEth', 'age', 'is_female', 'is_hispanic', 'unemployed', 'unstableliving', 'education', 'marital', 'UDS_Amphetamine_Count', 'UDS_Benzodiazepine_Count', 'UDS_Buprenorphine_Count', 'UDS_Cocaine_Count', 'UDS_Methadone_Count', 'UDS_Opioid_Count', 'UDS_Sedatives_Count', 'UDS_Thc_Count', 'pain', 'has_schizophrenia', 'has_major_dep', 'has_bipolar', 'has_anx_pan', 'has_brain_damage', 'has_epilepsy', 'has_alcol_dx', 'has_amphetamines_dx', 'has_cannabis_dx', 'has_cocaine_dx', 'has_sedatives_dx', 'ftnd', 'XTRT', 'shared', 'rbsivheroin', 'TLFB_Alcohol_Count', 'TLFB_Amphetamine_Count', 'TLFB_Benzodiazepine_Count', 'TLFB_Buprenorphine_Count', 'TLFB_Cocaine_Count', 'TLFB_Heroin_Count', 'TLFB_Methadone_Count', 'TLFB_Opioid_Count', 'TLFB_THC_Count', 'TLFB_Other', 'Homosexual_Behavior', 'Non_monogamous_Relationships']
2024-07-31 14:35:47 - INFO - Fitting logistic regression model with the selected features...
2024-07-31 14:35:48 - INFO - Model training completed successfully.
2024-07-31 14:35:48 - INFO - Calculating the dynamic threshold based on the proportion of positive outcomes...
2024-07-31 14:35:48 - INFO - Ratio of 1s to 0s in the outcome variable: 0.82 : 0.18
2024-07-31 14:35:48 - INFO - Dynamic threshold set to: 0.824
2024-07-31 14:35:48 - INFO - Model trained and saved successfully for subset 2.
2024-07-31 14:35:48 - INFO - ---------------------------
2024-07-31 14:35:48 - INFO - TRAIN MODEL STAGE COMPLETED FOR SUBSET 2
2024-07-31 14:35:48 - INFO - ---------------------------
2024-07-31 14:35:48 - INFO - --------------------------------
2024-07-31 14:35:48 - INFO - EVALUATE MODEL STAGE STARTING FOR SUBSET 2...
2024-07-31 14:35:48 - INFO - --------------------------------
2024-07-31 14:35:48 - INFO - ROC AUC Score: 0.7097308031774051
2024-07-31 14:35:48 - INFO - Confusion Matrix: 
[[ 32  12]
 [ 73 133]]
2024-07-31 14:35:48 - INFO - Precision: 0.9172413793103448
2024-07-31 14:35:48 - INFO - Recall: 0.6456310679611651
2024-07-31 14:35:48 - INFO - Model evaluated successfully for subset 2.
2024-07-31 14:35:48 - INFO - ------------------------------
2024-07-31 14:35:48 - INFO - EVALUATE MODEL STAGE COMPLETED FOR SUBSET 2
2024-07-31 14:35:48 - INFO - ------------------------------
2024-07-31 14:35:48 - INFO - Subset 3 demographic makeup: 600 1, 198 3, 118 2, 84 4
2024-07-31 14:35:48 - INFO - Processing subset 3...
2024-07-31 14:35:48 - INFO - -----------------------------
2024-07-31 14:35:48 - INFO - TRAIN MODEL STAGE STARTING FOR SUBSET 3...
2024-07-31 14:35:48 - INFO - -----------------------------
2024-07-31 14:35:48 - INFO - Scaling features and applying LASSO for feature selection...
2024-07-31 14:35:49 - INFO - Selected features (including required): ['who', 'RaceEth', 'age', 'is_female', 'is_hispanic', 'unemployed', 'unstableliving', 'education', 'marital', 'UDS_Amphetamine_Count', 'UDS_Benzodiazepine_Count', 'UDS_Buprenorphine_Count', 'UDS_Cocaine_Count', 'UDS_Methadone_Count', 'UDS_Opioid_Count', 'UDS_Sedatives_Count', 'UDS_Thc_Count', 'pain', 'has_schizophrenia', 'has_major_dep', 'has_bipolar', 'has_anx_pan', 'has_brain_damage', 'has_epilepsy', 'has_alcol_dx', 'has_amphetamines_dx', 'has_cannabis_dx', 'has_cocaine_dx', 'has_sedatives_dx', 'ftnd', 'XTRT', 'shared', 'rbsivheroin', 'TLFB_Alcohol_Count', 'TLFB_Amphetamine_Count', 'TLFB_Benzodiazepine_Count', 'TLFB_Buprenorphine_Count', 'TLFB_Cocaine_Count', 'TLFB_Heroin_Count', 'TLFB_Methadone_Count', 'TLFB_Opioid_Count', 'TLFB_THC_Count', 'TLFB_Other', 'Homosexual_Behavior', 'Non_monogamous_Relationships']
2024-07-31 14:35:49 - INFO - Fitting logistic regression model with the selected features...
2024-07-31 14:35:50 - INFO - Model training completed successfully.
2024-07-31 14:35:50 - INFO - Calculating the dynamic threshold based on the proportion of positive outcomes...
2024-07-31 14:35:50 - INFO - Ratio of 1s to 0s in the outcome variable: 0.84 : 0.16
2024-07-31 14:35:50 - INFO - Dynamic threshold set to: 0.84
2024-07-31 14:35:50 - INFO - Model trained and saved successfully for subset 3.
2024-07-31 14:35:50 - INFO - ---------------------------
2024-07-31 14:35:50 - INFO - TRAIN MODEL STAGE COMPLETED FOR SUBSET 3
2024-07-31 14:35:50 - INFO - ---------------------------
2024-07-31 14:35:50 - INFO - --------------------------------
2024-07-31 14:35:50 - INFO - EVALUATE MODEL STAGE STARTING FOR SUBSET 3...
2024-07-31 14:35:50 - INFO - --------------------------------
2024-07-31 14:35:50 - INFO - ROC AUC Score: 0.6421428571428571
2024-07-31 14:35:50 - INFO - Confusion Matrix: 
[[ 22  18]
 [ 74 136]]
2024-07-31 14:35:50 - INFO - Precision: 0.8831168831168831
2024-07-31 14:35:50 - INFO - Recall: 0.6476190476190476
2024-07-31 14:35:50 - INFO - Model evaluated successfully for subset 3.
2024-07-31 14:35:50 - INFO - ------------------------------
2024-07-31 14:35:50 - INFO - EVALUATE MODEL STAGE COMPLETED FOR SUBSET 3
2024-07-31 14:35:50 - INFO - ------------------------------
2024-07-31 14:35:50 - INFO - Subset 4 demographic makeup: 650 1, 176 3, 103 2, 71 4
2024-07-31 14:35:50 - INFO - Processing subset 4...
2024-07-31 14:35:50 - INFO - -----------------------------
2024-07-31 14:35:50 - INFO - TRAIN MODEL STAGE STARTING FOR SUBSET 4...
2024-07-31 14:35:50 - INFO - -----------------------------
2024-07-31 14:35:50 - INFO - Scaling features and applying LASSO for feature selection...
2024-07-31 14:35:52 - INFO - Selected features (including required): ['who', 'RaceEth', 'age', 'is_female', 'is_hispanic', 'unemployed', 'unstableliving', 'education', 'marital', 'UDS_Amphetamine_Count', 'UDS_Benzodiazepine_Count', 'UDS_Buprenorphine_Count', 'UDS_Cocaine_Count', 'UDS_Methadone_Count', 'UDS_Opioid_Count', 'UDS_Sedatives_Count', 'UDS_Thc_Count', 'pain', 'has_schizophrenia', 'has_major_dep', 'has_bipolar', 'has_anx_pan', 'has_brain_damage', 'has_epilepsy', 'has_alcol_dx', 'has_amphetamines_dx', 'has_cannabis_dx', 'has_cocaine_dx', 'has_sedatives_dx', 'ftnd', 'XTRT', 'shared', 'rbsivheroin', 'TLFB_Alcohol_Count', 'TLFB_Amphetamine_Count', 'TLFB_Benzodiazepine_Count', 'TLFB_Buprenorphine_Count', 'TLFB_Cocaine_Count', 'TLFB_Heroin_Count', 'TLFB_Methadone_Count', 'TLFB_Opioid_Count', 'TLFB_THC_Count', 'TLFB_Other', 'Homosexual_Behavior', 'Non_monogamous_Relationships']
2024-07-31 14:35:52 - INFO - Fitting logistic regression model with the selected features...
2024-07-31 14:35:52 - INFO - Model training completed successfully.
2024-07-31 14:35:52 - INFO - Calculating the dynamic threshold based on the proportion of positive outcomes...
2024-07-31 14:35:52 - INFO - Ratio of 1s to 0s in the outcome variable: 0.78 : 0.22
2024-07-31 14:35:52 - INFO - Dynamic threshold set to: 0.776
2024-07-31 14:35:52 - INFO - Model trained and saved successfully for subset 4.
2024-07-31 14:35:52 - INFO - ---------------------------
2024-07-31 14:35:52 - INFO - TRAIN MODEL STAGE COMPLETED FOR SUBSET 4
2024-07-31 14:35:52 - INFO - ---------------------------
2024-07-31 14:35:52 - INFO - --------------------------------
2024-07-31 14:35:52 - INFO - EVALUATE MODEL STAGE STARTING FOR SUBSET 4...
2024-07-31 14:35:52 - INFO - --------------------------------
2024-07-31 14:35:52 - INFO - ROC AUC Score: 0.6149668630338734
2024-07-31 14:35:52 - INFO - Confusion Matrix: 
[[ 21  35]
 [ 40 154]]
2024-07-31 14:35:52 - INFO - Precision: 0.8148148148148148
2024-07-31 14:35:52 - INFO - Recall: 0.7938144329896907
2024-07-31 14:35:52 - INFO - Model evaluated successfully for subset 4.
2024-07-31 14:35:52 - INFO - ------------------------------
2024-07-31 14:35:52 - INFO - EVALUATE MODEL STAGE COMPLETED FOR SUBSET 4
2024-07-31 14:35:52 - INFO - ------------------------------
2024-07-31 14:35:52 - INFO - Subset 5 demographic makeup: 700 1, 152 3, 90 2, 58 4
2024-07-31 14:35:52 - INFO - Processing subset 5...
2024-07-31 14:35:52 - INFO - -----------------------------
2024-07-31 14:35:52 - INFO - TRAIN MODEL STAGE STARTING FOR SUBSET 5...
2024-07-31 14:35:52 - INFO - -----------------------------
2024-07-31 14:35:52 - INFO - Scaling features and applying LASSO for feature selection...
2024-07-31 14:35:53 - INFO - Selected features (including required): ['who', 'RaceEth', 'age', 'is_female', 'is_hispanic', 'unemployed', 'unstableliving', 'education', 'marital', 'UDS_Amphetamine_Count', 'UDS_Benzodiazepine_Count', 'UDS_Buprenorphine_Count', 'UDS_Cocaine_Count', 'UDS_Methadone_Count', 'UDS_Opioid_Count', 'UDS_Sedatives_Count', 'UDS_Thc_Count', 'pain', 'has_schizophrenia', 'has_major_dep', 'has_bipolar', 'has_anx_pan', 'has_brain_damage', 'has_epilepsy', 'has_alcol_dx', 'has_amphetamines_dx', 'has_cannabis_dx', 'has_cocaine_dx', 'has_sedatives_dx', 'ftnd', 'XTRT', 'shared', 'rbsivheroin', 'TLFB_Alcohol_Count', 'TLFB_Amphetamine_Count', 'TLFB_Benzodiazepine_Count', 'TLFB_Buprenorphine_Count', 'TLFB_Cocaine_Count', 'TLFB_Heroin_Count', 'TLFB_Methadone_Count', 'TLFB_Opioid_Count', 'TLFB_THC_Count', 'TLFB_Other', 'Homosexual_Behavior', 'Non_monogamous_Relationships']
2024-07-31 14:35:53 - INFO - Fitting logistic regression model with the selected features...
2024-07-31 14:35:54 - INFO - Model training completed successfully.
2024-07-31 14:35:54 - INFO - Calculating the dynamic threshold based on the proportion of positive outcomes...
2024-07-31 14:35:54 - INFO - Ratio of 1s to 0s in the outcome variable: 0.84 : 0.16
2024-07-31 14:35:54 - INFO - Dynamic threshold set to: 0.84
2024-07-31 14:35:54 - INFO - Model trained and saved successfully for subset 5.
2024-07-31 14:35:54 - INFO - ---------------------------
2024-07-31 14:35:54 - INFO - TRAIN MODEL STAGE COMPLETED FOR SUBSET 5
2024-07-31 14:35:54 - INFO - ---------------------------
2024-07-31 14:35:54 - INFO - --------------------------------
2024-07-31 14:35:54 - INFO - EVALUATE MODEL STAGE STARTING FOR SUBSET 5...
2024-07-31 14:35:54 - INFO - --------------------------------
2024-07-31 14:35:54 - INFO - ROC AUC Score: 0.6178571428571429
2024-07-31 14:35:54 - INFO - Confusion Matrix: 
[[ 24  16]
 [ 93 117]]
2024-07-31 14:35:54 - INFO - Precision: 0.8796992481203008
2024-07-31 14:35:54 - INFO - Recall: 0.5571428571428572
2024-07-31 14:35:54 - INFO - Model evaluated successfully for subset 5.
2024-07-31 14:35:54 - INFO - ------------------------------
2024-07-31 14:35:54 - INFO - EVALUATE MODEL STAGE COMPLETED FOR SUBSET 5
2024-07-31 14:35:54 - INFO - ------------------------------
2024-07-31 14:35:54 - INFO - Subset 6 demographic makeup: 750 1, 126 3, 73 2, 51 4
2024-07-31 14:35:54 - INFO - Processing subset 6...
2024-07-31 14:35:54 - INFO - -----------------------------
2024-07-31 14:35:54 - INFO - TRAIN MODEL STAGE STARTING FOR SUBSET 6...
2024-07-31 14:35:54 - INFO - -----------------------------
2024-07-31 14:35:54 - INFO - Scaling features and applying LASSO for feature selection...
2024-07-31 14:35:54 - INFO - Selected features (including required): ['who', 'RaceEth', 'age', 'is_female', 'is_hispanic', 'unemployed', 'unstableliving', 'education', 'marital', 'UDS_Amphetamine_Count', 'UDS_Benzodiazepine_Count', 'UDS_Buprenorphine_Count', 'UDS_Cocaine_Count', 'UDS_Methadone_Count', 'UDS_Opioid_Count', 'UDS_Sedatives_Count', 'UDS_Thc_Count', 'pain', 'has_schizophrenia', 'has_major_dep', 'has_bipolar', 'has_anx_pan', 'has_brain_damage', 'has_epilepsy', 'has_alcol_dx', 'has_amphetamines_dx', 'has_cannabis_dx', 'has_cocaine_dx', 'has_sedatives_dx', 'ftnd', 'XTRT', 'shared', 'rbsivheroin', 'TLFB_Alcohol_Count', 'TLFB_Amphetamine_Count', 'TLFB_Benzodiazepine_Count', 'TLFB_Buprenorphine_Count', 'TLFB_Cocaine_Count', 'TLFB_Heroin_Count', 'TLFB_Methadone_Count', 'TLFB_Opioid_Count', 'TLFB_THC_Count', 'TLFB_Other', 'Homosexual_Behavior', 'Non_monogamous_Relationships']
2024-07-31 14:35:54 - INFO - Fitting logistic regression model with the selected features...
2024-07-31 14:35:54 - INFO - Model training completed successfully.
2024-07-31 14:35:54 - INFO - Calculating the dynamic threshold based on the proportion of positive outcomes...
2024-07-31 14:35:54 - INFO - Ratio of 1s to 0s in the outcome variable: 0.81 : 0.19
2024-07-31 14:35:54 - INFO - Dynamic threshold set to: 0.812
2024-07-31 14:35:54 - INFO - Model trained and saved successfully for subset 6.
2024-07-31 14:35:54 - INFO - ---------------------------
2024-07-31 14:35:54 - INFO - TRAIN MODEL STAGE COMPLETED FOR SUBSET 6
2024-07-31 14:35:54 - INFO - ---------------------------
2024-07-31 14:35:54 - INFO - --------------------------------
2024-07-31 14:35:54 - INFO - EVALUATE MODEL STAGE STARTING FOR SUBSET 6...
2024-07-31 14:35:54 - INFO - --------------------------------
2024-07-31 14:35:54 - INFO - ROC AUC Score: 0.5629388952939943
2024-07-31 14:35:54 - INFO - Confusion Matrix: 
[[ 21  26]
 [ 76 127]]
2024-07-31 14:35:54 - INFO - Precision: 0.8300653594771242
2024-07-31 14:35:54 - INFO - Recall: 0.625615763546798
2024-07-31 14:35:54 - INFO - Model evaluated successfully for subset 6.
2024-07-31 14:35:54 - INFO - ------------------------------
2024-07-31 14:35:54 - INFO - EVALUATE MODEL STAGE COMPLETED FOR SUBSET 6
2024-07-31 14:35:54 - INFO - ------------------------------
2024-07-31 14:35:54 - INFO - Subset 7 demographic makeup: 800 1, 101 3, 62 2, 37 4
2024-07-31 14:35:54 - INFO - Processing subset 7...
2024-07-31 14:35:54 - INFO - -----------------------------
2024-07-31 14:35:54 - INFO - TRAIN MODEL STAGE STARTING FOR SUBSET 7...
2024-07-31 14:35:54 - INFO - -----------------------------
2024-07-31 14:35:54 - INFO - Scaling features and applying LASSO for feature selection...
2024-07-31 14:35:56 - INFO - Selected features (including required): ['who', 'RaceEth', 'age', 'is_female', 'is_hispanic', 'unemployed', 'unstableliving', 'education', 'marital', 'UDS_Amphetamine_Count', 'UDS_Benzodiazepine_Count', 'UDS_Buprenorphine_Count', 'UDS_Cocaine_Count', 'UDS_Methadone_Count', 'UDS_Opioid_Count', 'UDS_Sedatives_Count', 'UDS_Thc_Count', 'pain', 'has_schizophrenia', 'has_major_dep', 'has_bipolar', 'has_anx_pan', 'has_brain_damage', 'has_epilepsy', 'has_alcol_dx', 'has_amphetamines_dx', 'has_cannabis_dx', 'has_cocaine_dx', 'has_sedatives_dx', 'ftnd', 'XTRT', 'shared', 'rbsivheroin', 'TLFB_Alcohol_Count', 'TLFB_Amphetamine_Count', 'TLFB_Benzodiazepine_Count', 'TLFB_Buprenorphine_Count', 'TLFB_Cocaine_Count', 'TLFB_Heroin_Count', 'TLFB_Methadone_Count', 'TLFB_Opioid_Count', 'TLFB_THC_Count', 'TLFB_Other', 'Homosexual_Behavior', 'Non_monogamous_Relationships']
2024-07-31 14:35:56 - INFO - Fitting logistic regression model with the selected features...
2024-07-31 14:35:57 - INFO - Model training completed successfully.
2024-07-31 14:35:57 - INFO - Calculating the dynamic threshold based on the proportion of positive outcomes...
2024-07-31 14:35:57 - INFO - Ratio of 1s to 0s in the outcome variable: 0.84 : 0.16
2024-07-31 14:35:57 - INFO - Dynamic threshold set to: 0.836
2024-07-31 14:35:57 - INFO - Model trained and saved successfully for subset 7.
2024-07-31 14:35:57 - INFO - ---------------------------
2024-07-31 14:35:57 - INFO - TRAIN MODEL STAGE COMPLETED FOR SUBSET 7
2024-07-31 14:35:57 - INFO - ---------------------------
2024-07-31 14:35:57 - INFO - --------------------------------
2024-07-31 14:35:57 - INFO - EVALUATE MODEL STAGE STARTING FOR SUBSET 7...
2024-07-31 14:35:57 - INFO - --------------------------------
2024-07-31 14:35:57 - INFO - ROC AUC Score: 0.6646049714085657
2024-07-31 14:35:57 - INFO - Confusion Matrix: 
[[ 28  13]
 [ 92 117]]
2024-07-31 14:35:57 - INFO - Precision: 0.9
2024-07-31 14:35:57 - INFO - Recall: 0.5598086124401914
2024-07-31 14:35:57 - INFO - Model evaluated successfully for subset 7.
2024-07-31 14:35:57 - INFO - ------------------------------
2024-07-31 14:35:57 - INFO - EVALUATE MODEL STAGE COMPLETED FOR SUBSET 7
2024-07-31 14:35:57 - INFO - ------------------------------
2024-07-31 14:35:57 - INFO - Subset 8 demographic makeup: 850 1, 77 3, 44 2, 29 4
2024-07-31 14:35:57 - INFO - Processing subset 8...
2024-07-31 14:35:57 - INFO - -----------------------------
2024-07-31 14:35:57 - INFO - TRAIN MODEL STAGE STARTING FOR SUBSET 8...
2024-07-31 14:35:57 - INFO - -----------------------------
2024-07-31 14:35:57 - INFO - Scaling features and applying LASSO for feature selection...
2024-07-31 14:35:58 - INFO - Selected features (including required): ['who', 'RaceEth', 'age', 'is_female', 'is_hispanic', 'unemployed', 'unstableliving', 'education', 'marital', 'UDS_Amphetamine_Count', 'UDS_Benzodiazepine_Count', 'UDS_Buprenorphine_Count', 'UDS_Cocaine_Count', 'UDS_Methadone_Count', 'UDS_Opioid_Count', 'UDS_Sedatives_Count', 'UDS_Thc_Count', 'pain', 'has_schizophrenia', 'has_major_dep', 'has_bipolar', 'has_anx_pan', 'has_brain_damage', 'has_epilepsy', 'has_alcol_dx', 'has_amphetamines_dx', 'has_cannabis_dx', 'has_cocaine_dx', 'has_sedatives_dx', 'ftnd', 'XTRT', 'shared', 'rbsivheroin', 'TLFB_Alcohol_Count', 'TLFB_Amphetamine_Count', 'TLFB_Benzodiazepine_Count', 'TLFB_Buprenorphine_Count', 'TLFB_Cocaine_Count', 'TLFB_Heroin_Count', 'TLFB_Methadone_Count', 'TLFB_Opioid_Count', 'TLFB_THC_Count', 'TLFB_Other', 'Homosexual_Behavior', 'Non_monogamous_Relationships']
2024-07-31 14:35:58 - INFO - Fitting logistic regression model with the selected features...
2024-07-31 14:35:58 - INFO - Model training completed successfully.
2024-07-31 14:35:58 - INFO - Calculating the dynamic threshold based on the proportion of positive outcomes...
2024-07-31 14:35:58 - INFO - Ratio of 1s to 0s in the outcome variable: 0.82 : 0.18
2024-07-31 14:35:58 - INFO - Dynamic threshold set to: 0.824
2024-07-31 14:35:58 - INFO - Model trained and saved successfully for subset 8.
2024-07-31 14:35:58 - INFO - ---------------------------
2024-07-31 14:35:58 - INFO - TRAIN MODEL STAGE COMPLETED FOR SUBSET 8
2024-07-31 14:35:58 - INFO - ---------------------------
2024-07-31 14:35:58 - INFO - --------------------------------
2024-07-31 14:35:58 - INFO - EVALUATE MODEL STAGE STARTING FOR SUBSET 8...
2024-07-31 14:35:58 - INFO - --------------------------------
2024-07-31 14:35:58 - INFO - ROC AUC Score: 0.6497131509267432
2024-07-31 14:35:58 - INFO - Confusion Matrix: 
[[ 26  18]
 [ 78 128]]
2024-07-31 14:35:58 - INFO - Precision: 0.8767123287671232
2024-07-31 14:35:58 - INFO - Recall: 0.6213592233009708
2024-07-31 14:35:58 - INFO - Model evaluated successfully for subset 8.
2024-07-31 14:35:58 - INFO - ------------------------------
2024-07-31 14:35:58 - INFO - EVALUATE MODEL STAGE COMPLETED FOR SUBSET 8
2024-07-31 14:35:58 - INFO - ------------------------------
2024-07-31 14:35:58 - INFO - Subset 9 demographic makeup: 900 1, 48 3, 32 2, 20 4
2024-07-31 14:35:58 - INFO - Processing subset 9...
2024-07-31 14:35:58 - INFO - -----------------------------
2024-07-31 14:35:58 - INFO - TRAIN MODEL STAGE STARTING FOR SUBSET 9...
2024-07-31 14:35:58 - INFO - -----------------------------
2024-07-31 14:35:58 - INFO - Scaling features and applying LASSO for feature selection...
2024-07-31 14:35:59 - INFO - Selected features (including required): ['who', 'RaceEth', 'age', 'is_female', 'is_hispanic', 'unemployed', 'unstableliving', 'education', 'marital', 'UDS_Amphetamine_Count', 'UDS_Benzodiazepine_Count', 'UDS_Buprenorphine_Count', 'UDS_Cocaine_Count', 'UDS_Methadone_Count', 'UDS_Opioid_Count', 'UDS_Sedatives_Count', 'UDS_Thc_Count', 'pain', 'has_schizophrenia', 'has_major_dep', 'has_bipolar', 'has_anx_pan', 'has_brain_damage', 'has_epilepsy', 'has_alcol_dx', 'has_amphetamines_dx', 'has_cannabis_dx', 'has_cocaine_dx', 'has_sedatives_dx', 'ftnd', 'XTRT', 'shared', 'rbsivheroin', 'TLFB_Alcohol_Count', 'TLFB_Amphetamine_Count', 'TLFB_Benzodiazepine_Count', 'TLFB_Buprenorphine_Count', 'TLFB_Cocaine_Count', 'TLFB_Heroin_Count', 'TLFB_Methadone_Count', 'TLFB_Opioid_Count', 'TLFB_THC_Count', 'TLFB_Other', 'Homosexual_Behavior', 'Non_monogamous_Relationships']
2024-07-31 14:35:59 - INFO - Fitting logistic regression model with the selected features...
2024-07-31 14:36:00 - INFO - Model training completed successfully.
2024-07-31 14:36:00 - INFO - Calculating the dynamic threshold based on the proportion of positive outcomes...
2024-07-31 14:36:00 - INFO - Ratio of 1s to 0s in the outcome variable: 0.84 : 0.16
2024-07-31 14:36:00 - INFO - Dynamic threshold set to: 0.836
2024-07-31 14:36:00 - INFO - Model trained and saved successfully for subset 9.
2024-07-31 14:36:00 - INFO - ---------------------------
2024-07-31 14:36:00 - INFO - TRAIN MODEL STAGE COMPLETED FOR SUBSET 9
2024-07-31 14:36:00 - INFO - ---------------------------
2024-07-31 14:36:00 - INFO - --------------------------------
2024-07-31 14:36:00 - INFO - EVALUATE MODEL STAGE STARTING FOR SUBSET 9...
2024-07-31 14:36:00 - INFO - --------------------------------
2024-07-31 14:36:00 - INFO - ROC AUC Score: 0.6407982261640799
2024-07-31 14:36:00 - INFO - Confusion Matrix: 
[[ 28  13]
 [ 96 113]]
2024-07-31 14:36:00 - INFO - Precision: 0.8968253968253969
2024-07-31 14:36:00 - INFO - Recall: 0.5406698564593302
2024-07-31 14:36:00 - INFO - Model evaluated successfully for subset 9.
2024-07-31 14:36:00 - INFO - ------------------------------
2024-07-31 14:36:00 - INFO - EVALUATE MODEL STAGE COMPLETED FOR SUBSET 9
2024-07-31 14:36:00 - INFO - ------------------------------
2024-07-31 14:36:00 - INFO - Subset 10 demographic makeup: 950 1, 24 3, 14 2, 12 4
2024-07-31 14:36:00 - INFO - Processing subset 10...
2024-07-31 14:36:00 - INFO - -----------------------------
2024-07-31 14:36:00 - INFO - TRAIN MODEL STAGE STARTING FOR SUBSET 10...
2024-07-31 14:36:00 - INFO - -----------------------------
2024-07-31 14:36:00 - INFO - Scaling features and applying LASSO for feature selection...
2024-07-31 14:36:01 - INFO - Selected features (including required): ['who', 'RaceEth', 'age', 'is_female', 'is_hispanic', 'unemployed', 'unstableliving', 'education', 'marital', 'UDS_Amphetamine_Count', 'UDS_Benzodiazepine_Count', 'UDS_Buprenorphine_Count', 'UDS_Cocaine_Count', 'UDS_Methadone_Count', 'UDS_Opioid_Count', 'UDS_Sedatives_Count', 'UDS_Thc_Count', 'pain', 'has_schizophrenia', 'has_major_dep', 'has_bipolar', 'has_anx_pan', 'has_brain_damage', 'has_epilepsy', 'has_alcol_dx', 'has_amphetamines_dx', 'has_cannabis_dx', 'has_cocaine_dx', 'has_sedatives_dx', 'ftnd', 'XTRT', 'shared', 'rbsivheroin', 'TLFB_Alcohol_Count', 'TLFB_Amphetamine_Count', 'TLFB_Benzodiazepine_Count', 'TLFB_Buprenorphine_Count', 'TLFB_Cocaine_Count', 'TLFB_Heroin_Count', 'TLFB_Methadone_Count', 'TLFB_Opioid_Count', 'TLFB_THC_Count', 'TLFB_Other', 'Homosexual_Behavior', 'Non_monogamous_Relationships']
2024-07-31 14:36:01 - INFO - Fitting logistic regression model with the selected features...
2024-07-31 14:36:01 - INFO - Model training completed successfully.
2024-07-31 14:36:01 - INFO - Calculating the dynamic threshold based on the proportion of positive outcomes...
2024-07-31 14:36:01 - INFO - Ratio of 1s to 0s in the outcome variable: 0.87 : 0.13
2024-07-31 14:36:01 - INFO - Dynamic threshold set to: 0.872
2024-07-31 14:36:01 - INFO - Model trained and saved successfully for subset 10.
2024-07-31 14:36:01 - INFO - ---------------------------
2024-07-31 14:36:01 - INFO - TRAIN MODEL STAGE COMPLETED FOR SUBSET 10
2024-07-31 14:36:01 - INFO - ---------------------------
2024-07-31 14:36:01 - INFO - --------------------------------
2024-07-31 14:36:01 - INFO - EVALUATE MODEL STAGE STARTING FOR SUBSET 10...
2024-07-31 14:36:01 - INFO - --------------------------------
2024-07-31 14:36:02 - INFO - ROC AUC Score: 0.7025516055045873
2024-07-31 14:36:02 - INFO - Confusion Matrix: 
[[ 25   7]
 [102 116]]
2024-07-31 14:36:02 - INFO - Precision: 0.943089430894309
2024-07-31 14:36:02 - INFO - Recall: 0.5321100917431193
2024-07-31 14:36:02 - INFO - Model evaluated successfully for subset 10.
2024-07-31 14:36:02 - INFO - ------------------------------
2024-07-31 14:36:02 - INFO - EVALUATE MODEL STAGE COMPLETED FOR SUBSET 10
2024-07-31 14:36:02 - INFO - ------------------------------
2024-07-31 14:36:02 - INFO - Subset 11 demographic makeup: 1000 1
2024-07-31 14:36:02 - INFO - Processing subset 11...
2024-07-31 14:36:02 - INFO - -----------------------------
2024-07-31 14:36:02 - INFO - TRAIN MODEL STAGE STARTING FOR SUBSET 11...
2024-07-31 14:36:02 - INFO - -----------------------------
2024-07-31 14:36:02 - INFO - Scaling features and applying LASSO for feature selection...
2024-07-31 14:36:03 - INFO - Selected features (including required): ['who', 'age', 'is_female', 'unemployed', 'unstableliving', 'education', 'marital', 'UDS_Amphetamine_Count', 'UDS_Benzodiazepine_Count', 'UDS_Buprenorphine_Count', 'UDS_Cocaine_Count', 'UDS_Methadone_Count', 'UDS_Opioid_Count', 'UDS_Sedatives_Count', 'UDS_Thc_Count', 'pain', 'has_schizophrenia', 'has_major_dep', 'has_bipolar', 'has_anx_pan', 'has_brain_damage', 'has_epilepsy', 'has_alcol_dx', 'has_amphetamines_dx', 'has_cannabis_dx', 'has_cocaine_dx', 'has_sedatives_dx', 'ftnd', 'XTRT', 'shared', 'rbsivheroin', 'TLFB_Alcohol_Count', 'TLFB_Amphetamine_Count', 'TLFB_Benzodiazepine_Count', 'TLFB_Buprenorphine_Count', 'TLFB_Cocaine_Count', 'TLFB_Heroin_Count', 'TLFB_Methadone_Count', 'TLFB_Opioid_Count', 'TLFB_THC_Count', 'TLFB_Other', 'Homosexual_Behavior', 'Non_monogamous_Relationships']
2024-07-31 14:36:03 - INFO - Fitting logistic regression model with the selected features...
2024-07-31 14:36:04 - INFO - Model training completed successfully.
2024-07-31 14:36:04 - INFO - Calculating the dynamic threshold based on the proportion of positive outcomes...
2024-07-31 14:36:04 - INFO - Ratio of 1s to 0s in the outcome variable: 0.82 : 0.18
2024-07-31 14:36:04 - INFO - Dynamic threshold set to: 0.82
2024-07-31 14:36:04 - INFO - Model trained and saved successfully for subset 11.
2024-07-31 14:36:04 - INFO - ---------------------------
2024-07-31 14:36:04 - INFO - TRAIN MODEL STAGE COMPLETED FOR SUBSET 11
2024-07-31 14:36:04 - INFO - ---------------------------
2024-07-31 14:36:04 - INFO - --------------------------------
2024-07-31 14:36:04 - INFO - EVALUATE MODEL STAGE STARTING FOR SUBSET 11...
2024-07-31 14:36:04 - INFO - --------------------------------
2024-07-31 14:36:04 - INFO - ROC AUC Score: 0.677289972899729
2024-07-31 14:36:04 - INFO - Confusion Matrix: 
[[ 28  17]
 [ 64 141]]
2024-07-31 14:36:04 - INFO - Precision: 0.8924050632911392
2024-07-31 14:36:04 - INFO - Recall: 0.6878048780487804
2024-07-31 14:36:04 - INFO - Model evaluated successfully for subset 11.
2024-07-31 14:36:04 - INFO - ------------------------------
2024-07-31 14:36:04 - INFO - EVALUATE MODEL STAGE COMPLETED FOR SUBSET 11
2024-07-31 14:36:04 - INFO - ------------------------------
2024-07-31 14:36:04 - INFO - ------------------
2024-07-31 14:36:04 - INFO - PIPELINE COMPLETED
2024-07-31 14:36:04 - INFO - ------------------
