2024-08-07 12:03:11,616 - INFO - Global Seed set to: 4
2024-08-07 12:03:11,616 - INFO - Outcome Name: Rd_kostenB_1993
2024-08-07 12:03:11,682 - INFO - Datasets loaded successfully.
2024-08-07 12:03:11,706 - INFO - Starting preprocessing of the merged dataset...
2024-08-07 12:03:11,706 - INFO - ---------------------------------
2024-08-07 12:03:11,706 - INFO - PRE-PROCESSING STAGE STARTING...
2024-08-07 12:03:11,706 - INFO - ---------------------------------
2024-08-07 12:03:11,809 - INFO - Dropped initial columns: ['pain_when', 'is_smoker', 'per_day', 'max', 'amount', 'depression', 'anxiety', 'schizophrenia', 'max', 'amount', 'cocaine_inject_days', 'speedball_inject_days', 'opioid_inject_days', 'speed_inject_days', 'UDS_Alcohol_Count', 'UDS_Mdma/Hallucinogen_Count']
2024-08-07 12:03:11,854 - INFO - Converted Yes/No to binary.
2024-08-07 12:03:11,865 - INFO - Processed TLFB columns with specified columns: ['TLFB_Alcohol_Count', 'TLFB_Amphetamine_Count', 'TLFB_Cocaine_Count', 'TLFB_Heroin_Count', 'TLFB_Benzodiazepine_Count', 'TLFB_Opioid_Count', 'TLFB_THC_Count', 'TLFB_Methadone_Count', 'TLFB_Buprenorphine_Count']
2024-08-07 12:03:11,870 - INFO - Calculated behavioral columns.
2024-08-07 12:03:11,878 - INFO - Moved 'Rd_kostenB_1993' column to the end.
2024-08-07 12:03:11,977 - INFO - Dropped initial columns: ['msm_npt', 'msm_frq', 'txx_prt']
2024-08-07 12:03:11,991 - INFO - transform_data_with_nan_handling success
2024-08-07 12:03:11,992 - INFO - Renamed columns according to the mapping.
2024-08-07 12:03:12,021 - INFO - Transformed NaN to 0 for binary columns.
2024-08-07 12:03:12,022 - INFO - Transformed and renamed 'heroin_inject_days' column to 'rbsivheroin'.
2024-08-07 12:03:12,023 - INFO - Filled NaN with 0 for 'ftnd' column.
2024-08-07 12:03:12,093 - INFO - Dropped additional columns: ['rbs_iv_days', 'race', 'RBS_cocaine_Days', 'RBS_heroin_Days', 'RBS_opioid_Days', 'RBS_speed_Days', 'RBS_speedball_Days']
2024-08-07 12:03:12,107 - INFO - Converted UDS drug counts to binary.
2024-08-07 12:03:12,169 - INFO - ------------------------------
2024-08-07 12:03:12,169 - INFO - PRE-PROCESSING STAGE COMPLETED
2024-08-07 12:03:12,169 - INFO - ------------------------------
2024-08-07 12:03:12,169 - INFO - Merged dataset preprocessed successfully.
2024-08-07 12:03:12,169 - INFO - Creating demographic subsets from preprocessed data...
2024-08-07 12:03:20,671 - INFO - Created 11 subsets successfully.
2024-08-07 12:03:20,671 - INFO - Creating merged subsets from create_demographics_dfs function
2024-08-07 12:03:20,754 - INFO - Created 11 merged subsets successfully.
2024-08-07 12:03:20,761 - INFO - Subset 1 demographic makeup: 500 1, 248 3, 153 2, 99 4
2024-08-07 12:03:20,761 - INFO - Processing subset 1...
2024-08-07 12:03:20,761 - INFO - -----------------------------
2024-08-07 12:03:20,761 - INFO - TRAIN MODEL STAGE STARTING FOR SUBSET 1...
2024-08-07 12:03:20,761 - INFO - -----------------------------
2024-08-07 12:03:20,771 - INFO - Scaling features and applying LASSO for feature selection...
2024-08-07 12:03:22,681 - INFO - Selected features (including required): ['who', 'RaceEth', 'age', 'is_female', 'is_hispanic', 'unemployed', 'unstableliving', 'education', 'marital', 'UDS_Amphetamine_Count', 'UDS_Benzodiazepine_Count', 'UDS_Buprenorphine_Count', 'UDS_Cocaine_Count', 'UDS_Methadone_Count', 'UDS_Opioid_Count', 'UDS_Sedatives_Count', 'UDS_Thc_Count', 'pain', 'has_schizophrenia', 'has_major_dep', 'has_bipolar', 'has_anx_pan', 'has_brain_damage', 'has_epilepsy', 'has_opiates_dx', 'has_alcol_dx', 'has_amphetamines_dx', 'has_cannabis_dx', 'has_cocaine_dx', 'has_sedatives_dx', 'ftnd', 'XTRT', 'shared', 'rbsivheroin', 'TLFB_Alcohol_Count', 'TLFB_Amphetamine_Count', 'TLFB_Benzodiazepine_Count', 'TLFB_Buprenorphine_Count', 'TLFB_Cocaine_Count', 'TLFB_Heroin_Count', 'TLFB_Methadone_Count', 'TLFB_Opioid_Count', 'TLFB_THC_Count', 'TLFB_Other', 'Homosexual_Behavior', 'Non_monogamous_Relationships']
2024-08-07 12:03:22,686 - INFO - Fitting logistic regression model with the selected features...
2024-08-07 12:03:23,247 - INFO - Model training completed successfully.
2024-08-07 12:03:23,247 - INFO - Calculating the dynamic threshold based on the proportion of positive outcomes...
2024-08-07 12:03:23,247 - INFO - Ratio of 1s to 0s in the outcome variable: 0.43 : 0.57
2024-08-07 12:03:23,247 - INFO - Dynamic threshold set to: 0.428
2024-08-07 12:03:23,247 - INFO - Model trained and saved successfully for subset 1.
2024-08-07 12:03:23,248 - INFO - ---------------------------
2024-08-07 12:03:23,248 - INFO - TRAIN MODEL STAGE COMPLETED FOR SUBSET 1
2024-08-07 12:03:23,248 - INFO - ---------------------------
2024-08-07 12:03:23,248 - INFO - --------------------------------
2024-08-07 12:03:23,248 - INFO - EVALUATE MODEL STAGE STARTING FOR SUBSET 1...
2024-08-07 12:03:23,248 - INFO - --------------------------------
2024-08-07 12:03:23,274 - INFO - ROC AUC Score: 0.6540095418600089
2024-08-07 12:03:23,275 - INFO - Confusion Matrix: 
[[75 68]
 [25 82]]
2024-08-07 12:03:23,275 - INFO - Precision: 0.5466666666666666
2024-08-07 12:03:23,275 - INFO - Recall: 0.7663551401869159
2024-08-07 12:03:23,275 - INFO - Model evaluated successfully for subset 1.
2024-08-07 12:03:23,275 - INFO - ------------------------------
2024-08-07 12:03:23,275 - INFO - EVALUATE MODEL STAGE COMPLETED FOR SUBSET 1
2024-08-07 12:03:23,275 - INFO - ------------------------------
2024-08-07 12:03:23,276 - INFO - Subset 2 demographic makeup: 550 1, 221 3, 140 2, 89 4
2024-08-07 12:03:23,277 - INFO - Processing subset 2...
2024-08-07 12:03:23,277 - INFO - -----------------------------
2024-08-07 12:03:23,278 - INFO - TRAIN MODEL STAGE STARTING FOR SUBSET 2...
2024-08-07 12:03:23,278 - INFO - -----------------------------
2024-08-07 12:03:23,284 - INFO - Scaling features and applying LASSO for feature selection...
2024-08-07 12:03:25,258 - INFO - Selected features (including required): ['who', 'RaceEth', 'age', 'is_female', 'is_hispanic', 'unemployed', 'unstableliving', 'education', 'marital', 'UDS_Amphetamine_Count', 'UDS_Benzodiazepine_Count', 'UDS_Buprenorphine_Count', 'UDS_Cocaine_Count', 'UDS_Methadone_Count', 'UDS_Opioid_Count', 'UDS_Sedatives_Count', 'UDS_Thc_Count', 'pain', 'has_schizophrenia', 'has_major_dep', 'has_bipolar', 'has_anx_pan', 'has_brain_damage', 'has_epilepsy', 'has_opiates_dx', 'has_alcol_dx', 'has_amphetamines_dx', 'has_cannabis_dx', 'has_cocaine_dx', 'has_sedatives_dx', 'ftnd', 'XTRT', 'shared', 'rbsivheroin', 'TLFB_Alcohol_Count', 'TLFB_Amphetamine_Count', 'TLFB_Benzodiazepine_Count', 'TLFB_Buprenorphine_Count', 'TLFB_Cocaine_Count', 'TLFB_Heroin_Count', 'TLFB_Methadone_Count', 'TLFB_Opioid_Count', 'TLFB_THC_Count', 'TLFB_Other', 'Homosexual_Behavior', 'Non_monogamous_Relationships']
2024-08-07 12:03:25,264 - INFO - Fitting logistic regression model with the selected features...
2024-08-07 12:03:25,765 - INFO - Model training completed successfully.
2024-08-07 12:03:25,765 - INFO - Calculating the dynamic threshold based on the proportion of positive outcomes...
2024-08-07 12:03:25,766 - INFO - Ratio of 1s to 0s in the outcome variable: 0.48 : 0.52
2024-08-07 12:03:25,766 - INFO - Dynamic threshold set to: 0.48
2024-08-07 12:03:25,767 - INFO - Model trained and saved successfully for subset 2.
2024-08-07 12:03:25,767 - INFO - ---------------------------
2024-08-07 12:03:25,768 - INFO - TRAIN MODEL STAGE COMPLETED FOR SUBSET 2
2024-08-07 12:03:25,768 - INFO - ---------------------------
2024-08-07 12:03:25,768 - INFO - --------------------------------
2024-08-07 12:03:25,768 - INFO - EVALUATE MODEL STAGE STARTING FOR SUBSET 2...
2024-08-07 12:03:25,769 - INFO - --------------------------------
2024-08-07 12:03:25,783 - INFO - ROC AUC Score: 0.6501282051282051
2024-08-07 12:03:25,784 - INFO - Confusion Matrix: 
[[66 64]
 [34 86]]
2024-08-07 12:03:25,791 - INFO - Precision: 0.5733333333333334
2024-08-07 12:03:25,808 - INFO - Recall: 0.7166666666666667
2024-08-07 12:03:25,809 - INFO - Model evaluated successfully for subset 2.
2024-08-07 12:03:25,810 - INFO - ------------------------------
2024-08-07 12:03:25,810 - INFO - EVALUATE MODEL STAGE COMPLETED FOR SUBSET 2
2024-08-07 12:03:25,811 - INFO - ------------------------------
2024-08-07 12:03:25,812 - INFO - Subset 3 demographic makeup: 600 1, 195 3, 123 2, 82 4
2024-08-07 12:03:25,812 - INFO - Processing subset 3...
2024-08-07 12:03:25,813 - INFO - -----------------------------
2024-08-07 12:03:25,813 - INFO - TRAIN MODEL STAGE STARTING FOR SUBSET 3...
2024-08-07 12:03:25,814 - INFO - -----------------------------
2024-08-07 12:03:25,983 - INFO - Scaling features and applying LASSO for feature selection...
2024-08-07 12:03:28,121 - INFO - Selected features (including required): ['who', 'RaceEth', 'age', 'is_female', 'is_hispanic', 'unemployed', 'unstableliving', 'education', 'marital', 'UDS_Amphetamine_Count', 'UDS_Benzodiazepine_Count', 'UDS_Buprenorphine_Count', 'UDS_Cocaine_Count', 'UDS_Methadone_Count', 'UDS_Opioid_Count', 'UDS_Sedatives_Count', 'UDS_Thc_Count', 'pain', 'has_schizophrenia', 'has_major_dep', 'has_bipolar', 'has_anx_pan', 'has_brain_damage', 'has_epilepsy', 'has_opiates_dx', 'has_alcol_dx', 'has_amphetamines_dx', 'has_cannabis_dx', 'has_cocaine_dx', 'has_sedatives_dx', 'ftnd', 'XTRT', 'shared', 'rbsivheroin', 'TLFB_Alcohol_Count', 'TLFB_Amphetamine_Count', 'TLFB_Benzodiazepine_Count', 'TLFB_Buprenorphine_Count', 'TLFB_Cocaine_Count', 'TLFB_Heroin_Count', 'TLFB_Methadone_Count', 'TLFB_Opioid_Count', 'TLFB_THC_Count', 'TLFB_Other', 'Homosexual_Behavior', 'Non_monogamous_Relationships']
2024-08-07 12:03:28,130 - INFO - Fitting logistic regression model with the selected features...
2024-08-07 12:03:29,153 - INFO - Model training completed successfully.
2024-08-07 12:03:29,159 - INFO - Calculating the dynamic threshold based on the proportion of positive outcomes...
2024-08-07 12:03:29,159 - INFO - Ratio of 1s to 0s in the outcome variable: 0.54 : 0.46
2024-08-07 12:03:29,159 - INFO - Dynamic threshold set to: 0.536
2024-08-07 12:03:29,159 - INFO - Model trained and saved successfully for subset 3.
2024-08-07 12:03:29,159 - INFO - ---------------------------
2024-08-07 12:03:29,159 - INFO - TRAIN MODEL STAGE COMPLETED FOR SUBSET 3
2024-08-07 12:03:29,159 - INFO - ---------------------------
2024-08-07 12:03:29,159 - INFO - --------------------------------
2024-08-07 12:03:29,160 - INFO - EVALUATE MODEL STAGE STARTING FOR SUBSET 3...
2024-08-07 12:03:29,160 - INFO - --------------------------------
2024-08-07 12:03:29,172 - INFO - ROC AUC Score: 0.6744724652599073
2024-08-07 12:03:29,172 - INFO - Confusion Matrix: 
[[81 35]
 [59 75]]
2024-08-07 12:03:29,172 - INFO - Precision: 0.6818181818181818
2024-08-07 12:03:29,173 - INFO - Recall: 0.5597014925373134
2024-08-07 12:03:29,173 - INFO - Model evaluated successfully for subset 3.
2024-08-07 12:03:29,173 - INFO - ------------------------------
2024-08-07 12:03:29,173 - INFO - EVALUATE MODEL STAGE COMPLETED FOR SUBSET 3
2024-08-07 12:03:29,173 - INFO - ------------------------------
2024-08-07 12:03:29,174 - INFO - Subset 4 demographic makeup: 650 1, 169 3, 108 2, 73 4
2024-08-07 12:03:29,174 - INFO - Processing subset 4...
2024-08-07 12:03:29,174 - INFO - -----------------------------
2024-08-07 12:03:29,174 - INFO - TRAIN MODEL STAGE STARTING FOR SUBSET 4...
2024-08-07 12:03:29,174 - INFO - -----------------------------
2024-08-07 12:03:29,184 - INFO - Scaling features and applying LASSO for feature selection...
2024-08-07 12:03:31,800 - INFO - Selected features (including required): ['who', 'RaceEth', 'age', 'is_female', 'is_hispanic', 'unemployed', 'unstableliving', 'education', 'marital', 'UDS_Amphetamine_Count', 'UDS_Benzodiazepine_Count', 'UDS_Buprenorphine_Count', 'UDS_Cocaine_Count', 'UDS_Methadone_Count', 'UDS_Opioid_Count', 'UDS_Sedatives_Count', 'UDS_Thc_Count', 'pain', 'has_schizophrenia', 'has_major_dep', 'has_bipolar', 'has_anx_pan', 'has_brain_damage', 'has_epilepsy', 'has_opiates_dx', 'has_alcol_dx', 'has_amphetamines_dx', 'has_cannabis_dx', 'has_cocaine_dx', 'has_sedatives_dx', 'ftnd', 'XTRT', 'shared', 'rbsivheroin', 'TLFB_Alcohol_Count', 'TLFB_Amphetamine_Count', 'TLFB_Benzodiazepine_Count', 'TLFB_Buprenorphine_Count', 'TLFB_Cocaine_Count', 'TLFB_Heroin_Count', 'TLFB_Methadone_Count', 'TLFB_Opioid_Count', 'TLFB_THC_Count', 'TLFB_Other', 'Homosexual_Behavior', 'Non_monogamous_Relationships']
2024-08-07 12:03:31,806 - INFO - Fitting logistic regression model with the selected features...
2024-08-07 12:03:33,076 - INFO - Model training completed successfully.
2024-08-07 12:03:33,077 - INFO - Calculating the dynamic threshold based on the proportion of positive outcomes...
2024-08-07 12:03:33,098 - INFO - Ratio of 1s to 0s in the outcome variable: 0.56 : 0.44
2024-08-07 12:03:33,098 - INFO - Dynamic threshold set to: 0.556
2024-08-07 12:03:33,098 - INFO - Model trained and saved successfully for subset 4.
2024-08-07 12:03:33,099 - INFO - ---------------------------
2024-08-07 12:03:33,099 - INFO - TRAIN MODEL STAGE COMPLETED FOR SUBSET 4
2024-08-07 12:03:33,099 - INFO - ---------------------------
2024-08-07 12:03:33,100 - INFO - --------------------------------
2024-08-07 12:03:33,100 - INFO - EVALUATE MODEL STAGE STARTING FOR SUBSET 4...
2024-08-07 12:03:33,101 - INFO - --------------------------------
2024-08-07 12:03:33,146 - INFO - ROC AUC Score: 0.6677684879123728
2024-08-07 12:03:33,147 - INFO - Confusion Matrix: 
[[78 33]
 [74 65]]
2024-08-07 12:03:33,147 - INFO - Precision: 0.6632653061224489
2024-08-07 12:03:33,147 - INFO - Recall: 0.4676258992805755
2024-08-07 12:03:33,148 - INFO - Model evaluated successfully for subset 4.
2024-08-07 12:03:33,148 - INFO - ------------------------------
2024-08-07 12:03:33,148 - INFO - EVALUATE MODEL STAGE COMPLETED FOR SUBSET 4
2024-08-07 12:03:33,149 - INFO - ------------------------------
2024-08-07 12:03:33,154 - INFO - Subset 5 demographic makeup: 700 1, 145 3, 93 2, 62 4
2024-08-07 12:03:33,155 - INFO - Processing subset 5...
2024-08-07 12:03:33,155 - INFO - -----------------------------
2024-08-07 12:03:33,156 - INFO - TRAIN MODEL STAGE STARTING FOR SUBSET 5...
2024-08-07 12:03:33,157 - INFO - -----------------------------
2024-08-07 12:03:33,175 - INFO - Scaling features and applying LASSO for feature selection...
2024-08-07 12:03:36,371 - INFO - Selected features (including required): ['who', 'RaceEth', 'age', 'is_female', 'is_hispanic', 'unemployed', 'unstableliving', 'education', 'marital', 'UDS_Amphetamine_Count', 'UDS_Benzodiazepine_Count', 'UDS_Buprenorphine_Count', 'UDS_Cocaine_Count', 'UDS_Methadone_Count', 'UDS_Opioid_Count', 'UDS_Sedatives_Count', 'UDS_Thc_Count', 'pain', 'has_schizophrenia', 'has_major_dep', 'has_bipolar', 'has_anx_pan', 'has_brain_damage', 'has_epilepsy', 'has_opiates_dx', 'has_alcol_dx', 'has_amphetamines_dx', 'has_cannabis_dx', 'has_cocaine_dx', 'has_sedatives_dx', 'ftnd', 'XTRT', 'shared', 'rbsivheroin', 'TLFB_Alcohol_Count', 'TLFB_Amphetamine_Count', 'TLFB_Benzodiazepine_Count', 'TLFB_Buprenorphine_Count', 'TLFB_Cocaine_Count', 'TLFB_Heroin_Count', 'TLFB_Methadone_Count', 'TLFB_Opioid_Count', 'TLFB_THC_Count', 'TLFB_Other', 'Homosexual_Behavior', 'Non_monogamous_Relationships']
2024-08-07 12:03:36,384 - INFO - Fitting logistic regression model with the selected features...
2024-08-07 12:03:36,953 - INFO - Model training completed successfully.
2024-08-07 12:03:36,954 - INFO - Calculating the dynamic threshold based on the proportion of positive outcomes...
2024-08-07 12:03:36,954 - INFO - Ratio of 1s to 0s in the outcome variable: 0.48 : 0.52
2024-08-07 12:03:36,954 - INFO - Dynamic threshold set to: 0.48
2024-08-07 12:03:36,954 - INFO - Model trained and saved successfully for subset 5.
2024-08-07 12:03:36,954 - INFO - ---------------------------
2024-08-07 12:03:36,954 - INFO - TRAIN MODEL STAGE COMPLETED FOR SUBSET 5
2024-08-07 12:03:36,954 - INFO - ---------------------------
2024-08-07 12:03:36,954 - INFO - --------------------------------
2024-08-07 12:03:36,954 - INFO - EVALUATE MODEL STAGE STARTING FOR SUBSET 5...
2024-08-07 12:03:36,954 - INFO - --------------------------------
2024-08-07 12:03:36,968 - INFO - ROC AUC Score: 0.6412179487179487
2024-08-07 12:03:36,968 - INFO - Confusion Matrix: 
[[56 74]
 [30 90]]
2024-08-07 12:03:36,968 - INFO - Precision: 0.5487804878048781
2024-08-07 12:03:36,970 - INFO - Recall: 0.75
2024-08-07 12:03:36,971 - INFO - Model evaluated successfully for subset 5.
2024-08-07 12:03:36,971 - INFO - ------------------------------
2024-08-07 12:03:36,971 - INFO - EVALUATE MODEL STAGE COMPLETED FOR SUBSET 5
2024-08-07 12:03:36,971 - INFO - ------------------------------
2024-08-07 12:03:36,972 - INFO - Subset 6 demographic makeup: 750 1, 126 3, 73 2, 51 4
2024-08-07 12:03:36,972 - INFO - Processing subset 6...
2024-08-07 12:03:36,972 - INFO - -----------------------------
2024-08-07 12:03:36,973 - INFO - TRAIN MODEL STAGE STARTING FOR SUBSET 6...
2024-08-07 12:03:36,973 - INFO - -----------------------------
2024-08-07 12:03:36,979 - INFO - Scaling features and applying LASSO for feature selection...
2024-08-07 12:03:39,316 - INFO - Selected features (including required): ['who', 'RaceEth', 'age', 'is_female', 'is_hispanic', 'unemployed', 'unstableliving', 'education', 'marital', 'UDS_Amphetamine_Count', 'UDS_Benzodiazepine_Count', 'UDS_Buprenorphine_Count', 'UDS_Cocaine_Count', 'UDS_Methadone_Count', 'UDS_Opioid_Count', 'UDS_Sedatives_Count', 'UDS_Thc_Count', 'pain', 'has_schizophrenia', 'has_major_dep', 'has_bipolar', 'has_anx_pan', 'has_brain_damage', 'has_epilepsy', 'has_opiates_dx', 'has_alcol_dx', 'has_amphetamines_dx', 'has_cannabis_dx', 'has_cocaine_dx', 'has_sedatives_dx', 'ftnd', 'XTRT', 'shared', 'rbsivheroin', 'TLFB_Alcohol_Count', 'TLFB_Amphetamine_Count', 'TLFB_Benzodiazepine_Count', 'TLFB_Buprenorphine_Count', 'TLFB_Cocaine_Count', 'TLFB_Heroin_Count', 'TLFB_Methadone_Count', 'TLFB_Opioid_Count', 'TLFB_THC_Count', 'TLFB_Other', 'Homosexual_Behavior', 'Non_monogamous_Relationships']
2024-08-07 12:03:39,324 - INFO - Fitting logistic regression model with the selected features...
2024-08-07 12:03:40,282 - INFO - Model training completed successfully.
2024-08-07 12:03:40,288 - INFO - Calculating the dynamic threshold based on the proportion of positive outcomes...
2024-08-07 12:03:40,289 - INFO - Ratio of 1s to 0s in the outcome variable: 0.50 : 0.50
2024-08-07 12:03:40,290 - INFO - Dynamic threshold set to: 0.504
2024-08-07 12:03:40,290 - INFO - Model trained and saved successfully for subset 6.
2024-08-07 12:03:40,290 - INFO - ---------------------------
2024-08-07 12:03:40,290 - INFO - TRAIN MODEL STAGE COMPLETED FOR SUBSET 6
2024-08-07 12:03:40,290 - INFO - ---------------------------
2024-08-07 12:03:40,290 - INFO - --------------------------------
2024-08-07 12:03:40,290 - INFO - EVALUATE MODEL STAGE STARTING FOR SUBSET 6...
2024-08-07 12:03:40,290 - INFO - --------------------------------
2024-08-07 12:03:40,305 - INFO - ROC AUC Score: 0.6296082949308756
2024-08-07 12:03:40,306 - INFO - Confusion Matrix: 
[[61 63]
 [47 79]]
2024-08-07 12:03:40,306 - INFO - Precision: 0.5563380281690141
2024-08-07 12:03:40,306 - INFO - Recall: 0.626984126984127
2024-08-07 12:03:40,306 - INFO - Model evaluated successfully for subset 6.
2024-08-07 12:03:40,306 - INFO - ------------------------------
2024-08-07 12:03:40,307 - INFO - EVALUATE MODEL STAGE COMPLETED FOR SUBSET 6
2024-08-07 12:03:40,307 - INFO - ------------------------------
2024-08-07 12:03:40,308 - INFO - Subset 7 demographic makeup: 800 1, 104 3, 59 2, 37 4
2024-08-07 12:03:40,308 - INFO - Processing subset 7...
2024-08-07 12:03:40,308 - INFO - -----------------------------
2024-08-07 12:03:40,308 - INFO - TRAIN MODEL STAGE STARTING FOR SUBSET 7...
2024-08-07 12:03:40,308 - INFO - -----------------------------
2024-08-07 12:03:40,316 - INFO - Scaling features and applying LASSO for feature selection...
2024-08-07 12:03:43,748 - INFO - Selected features (including required): ['who', 'RaceEth', 'age', 'is_female', 'is_hispanic', 'unemployed', 'unstableliving', 'education', 'marital', 'UDS_Amphetamine_Count', 'UDS_Benzodiazepine_Count', 'UDS_Buprenorphine_Count', 'UDS_Cocaine_Count', 'UDS_Methadone_Count', 'UDS_Opioid_Count', 'UDS_Sedatives_Count', 'UDS_Thc_Count', 'pain', 'has_schizophrenia', 'has_major_dep', 'has_bipolar', 'has_anx_pan', 'has_brain_damage', 'has_epilepsy', 'has_opiates_dx', 'has_alcol_dx', 'has_amphetamines_dx', 'has_cannabis_dx', 'has_cocaine_dx', 'has_sedatives_dx', 'ftnd', 'XTRT', 'shared', 'rbsivheroin', 'TLFB_Alcohol_Count', 'TLFB_Amphetamine_Count', 'TLFB_Benzodiazepine_Count', 'TLFB_Buprenorphine_Count', 'TLFB_Cocaine_Count', 'TLFB_Heroin_Count', 'TLFB_Methadone_Count', 'TLFB_Opioid_Count', 'TLFB_THC_Count', 'TLFB_Other', 'Homosexual_Behavior', 'Non_monogamous_Relationships']
2024-08-07 12:03:43,752 - INFO - Fitting logistic regression model with the selected features...
2024-08-07 12:03:44,432 - INFO - Model training completed successfully.
2024-08-07 12:03:44,432 - INFO - Calculating the dynamic threshold based on the proportion of positive outcomes...
2024-08-07 12:03:44,433 - INFO - Ratio of 1s to 0s in the outcome variable: 0.47 : 0.53
2024-08-07 12:03:44,433 - INFO - Dynamic threshold set to: 0.472
2024-08-07 12:03:44,434 - INFO - Model trained and saved successfully for subset 7.
2024-08-07 12:03:44,435 - INFO - ---------------------------
2024-08-07 12:03:44,436 - INFO - TRAIN MODEL STAGE COMPLETED FOR SUBSET 7
2024-08-07 12:03:44,440 - INFO - ---------------------------
2024-08-07 12:03:44,442 - INFO - --------------------------------
2024-08-07 12:03:44,442 - INFO - EVALUATE MODEL STAGE STARTING FOR SUBSET 7...
2024-08-07 12:03:44,443 - INFO - --------------------------------
2024-08-07 12:03:44,467 - INFO - ROC AUC Score: 0.6438751926040062
2024-08-07 12:03:44,469 - INFO - Confusion Matrix: 
[[57 75]
 [27 91]]
2024-08-07 12:03:44,485 - INFO - Precision: 0.5481927710843374
2024-08-07 12:03:44,493 - INFO - Recall: 0.7711864406779662
2024-08-07 12:03:44,494 - INFO - Model evaluated successfully for subset 7.
2024-08-07 12:03:44,495 - INFO - ------------------------------
2024-08-07 12:03:44,496 - INFO - EVALUATE MODEL STAGE COMPLETED FOR SUBSET 7
2024-08-07 12:03:44,504 - INFO - ------------------------------
2024-08-07 12:03:44,505 - INFO - Subset 8 demographic makeup: 850 1, 77 3, 46 2, 27 4
2024-08-07 12:03:44,506 - INFO - Processing subset 8...
2024-08-07 12:03:44,510 - INFO - -----------------------------
2024-08-07 12:03:44,511 - INFO - TRAIN MODEL STAGE STARTING FOR SUBSET 8...
2024-08-07 12:03:44,514 - INFO - -----------------------------
2024-08-07 12:03:44,525 - INFO - Scaling features and applying LASSO for feature selection...
2024-08-07 12:03:46,671 - INFO - Selected features (including required): ['who', 'RaceEth', 'age', 'is_female', 'is_hispanic', 'unemployed', 'unstableliving', 'education', 'marital', 'UDS_Amphetamine_Count', 'UDS_Benzodiazepine_Count', 'UDS_Buprenorphine_Count', 'UDS_Cocaine_Count', 'UDS_Methadone_Count', 'UDS_Opioid_Count', 'UDS_Sedatives_Count', 'UDS_Thc_Count', 'pain', 'has_schizophrenia', 'has_major_dep', 'has_bipolar', 'has_anx_pan', 'has_brain_damage', 'has_epilepsy', 'has_opiates_dx', 'has_alcol_dx', 'has_amphetamines_dx', 'has_cannabis_dx', 'has_cocaine_dx', 'has_sedatives_dx', 'ftnd', 'XTRT', 'shared', 'rbsivheroin', 'TLFB_Alcohol_Count', 'TLFB_Amphetamine_Count', 'TLFB_Benzodiazepine_Count', 'TLFB_Buprenorphine_Count', 'TLFB_Cocaine_Count', 'TLFB_Heroin_Count', 'TLFB_Methadone_Count', 'TLFB_Opioid_Count', 'TLFB_THC_Count', 'TLFB_Other', 'Homosexual_Behavior', 'Non_monogamous_Relationships']
2024-08-07 12:03:46,677 - INFO - Fitting logistic regression model with the selected features...
2024-08-07 12:03:47,256 - INFO - Model training completed successfully.
2024-08-07 12:03:47,257 - INFO - Calculating the dynamic threshold based on the proportion of positive outcomes...
2024-08-07 12:03:47,257 - INFO - Ratio of 1s to 0s in the outcome variable: 0.55 : 0.45
2024-08-07 12:03:47,257 - INFO - Dynamic threshold set to: 0.552
2024-08-07 12:03:47,257 - INFO - Model trained and saved successfully for subset 8.
2024-08-07 12:03:47,257 - INFO - ---------------------------
2024-08-07 12:03:47,257 - INFO - TRAIN MODEL STAGE COMPLETED FOR SUBSET 8
2024-08-07 12:03:47,258 - INFO - ---------------------------
2024-08-07 12:03:47,258 - INFO - --------------------------------
2024-08-07 12:03:47,258 - INFO - EVALUATE MODEL STAGE STARTING FOR SUBSET 8...
2024-08-07 12:03:47,258 - INFO - --------------------------------
2024-08-07 12:03:47,275 - INFO - ROC AUC Score: 0.6554089026915113
2024-08-07 12:03:47,275 - INFO - Confusion Matrix: 
[[71 41]
 [53 85]]
2024-08-07 12:03:47,275 - INFO - Precision: 0.6746031746031746
2024-08-07 12:03:47,275 - INFO - Recall: 0.6159420289855072
2024-08-07 12:03:47,275 - INFO - Model evaluated successfully for subset 8.
2024-08-07 12:03:47,276 - INFO - ------------------------------
2024-08-07 12:03:47,276 - INFO - EVALUATE MODEL STAGE COMPLETED FOR SUBSET 8
2024-08-07 12:03:47,276 - INFO - ------------------------------
2024-08-07 12:03:47,277 - INFO - Subset 9 demographic makeup: 900 1, 50 3, 32 2, 18 4
2024-08-07 12:03:47,277 - INFO - Processing subset 9...
2024-08-07 12:03:47,277 - INFO - -----------------------------
2024-08-07 12:03:47,277 - INFO - TRAIN MODEL STAGE STARTING FOR SUBSET 9...
2024-08-07 12:03:47,277 - INFO - -----------------------------
2024-08-07 12:03:47,283 - INFO - Scaling features and applying LASSO for feature selection...
2024-08-07 12:03:49,505 - INFO - Selected features (including required): ['who', 'RaceEth', 'age', 'is_female', 'is_hispanic', 'unemployed', 'unstableliving', 'education', 'marital', 'UDS_Amphetamine_Count', 'UDS_Benzodiazepine_Count', 'UDS_Buprenorphine_Count', 'UDS_Cocaine_Count', 'UDS_Methadone_Count', 'UDS_Opioid_Count', 'UDS_Sedatives_Count', 'UDS_Thc_Count', 'pain', 'has_schizophrenia', 'has_major_dep', 'has_bipolar', 'has_anx_pan', 'has_brain_damage', 'has_epilepsy', 'has_opiates_dx', 'has_alcol_dx', 'has_amphetamines_dx', 'has_cannabis_dx', 'has_cocaine_dx', 'has_sedatives_dx', 'ftnd', 'XTRT', 'shared', 'rbsivheroin', 'TLFB_Alcohol_Count', 'TLFB_Amphetamine_Count', 'TLFB_Benzodiazepine_Count', 'TLFB_Buprenorphine_Count', 'TLFB_Cocaine_Count', 'TLFB_Heroin_Count', 'TLFB_Methadone_Count', 'TLFB_Opioid_Count', 'TLFB_THC_Count', 'TLFB_Other', 'Homosexual_Behavior', 'Non_monogamous_Relationships']
2024-08-07 12:03:49,514 - INFO - Fitting logistic regression model with the selected features...
2024-08-07 12:03:50,216 - INFO - Model training completed successfully.
2024-08-07 12:03:50,221 - INFO - Calculating the dynamic threshold based on the proportion of positive outcomes...
2024-08-07 12:03:50,222 - INFO - Ratio of 1s to 0s in the outcome variable: 0.52 : 0.48
2024-08-07 12:03:50,222 - INFO - Dynamic threshold set to: 0.524
2024-08-07 12:03:50,222 - INFO - Model trained and saved successfully for subset 9.
2024-08-07 12:03:50,222 - INFO - ---------------------------
2024-08-07 12:03:50,222 - INFO - TRAIN MODEL STAGE COMPLETED FOR SUBSET 9
2024-08-07 12:03:50,222 - INFO - ---------------------------
2024-08-07 12:03:50,222 - INFO - --------------------------------
2024-08-07 12:03:50,222 - INFO - EVALUATE MODEL STAGE STARTING FOR SUBSET 9...
2024-08-07 12:03:50,222 - INFO - --------------------------------
2024-08-07 12:03:50,236 - INFO - ROC AUC Score: 0.6583488357174931
2024-08-07 12:03:50,236 - INFO - Confusion Matrix: 
[[71 48]
 [49 82]]
2024-08-07 12:03:50,236 - INFO - Precision: 0.6307692307692307
2024-08-07 12:03:50,237 - INFO - Recall: 0.6259541984732825
2024-08-07 12:03:50,237 - INFO - Model evaluated successfully for subset 9.
2024-08-07 12:03:50,237 - INFO - ------------------------------
2024-08-07 12:03:50,237 - INFO - EVALUATE MODEL STAGE COMPLETED FOR SUBSET 9
2024-08-07 12:03:50,237 - INFO - ------------------------------
2024-08-07 12:03:50,238 - INFO - Subset 10 demographic makeup: 950 1, 25 3, 16 2, 9 4
2024-08-07 12:03:50,238 - INFO - Processing subset 10...
2024-08-07 12:03:50,238 - INFO - -----------------------------
2024-08-07 12:03:50,239 - INFO - TRAIN MODEL STAGE STARTING FOR SUBSET 10...
2024-08-07 12:03:50,239 - INFO - -----------------------------
2024-08-07 12:03:50,245 - INFO - Scaling features and applying LASSO for feature selection...
2024-08-07 12:03:52,804 - INFO - Selected features (including required): ['who', 'RaceEth', 'age', 'is_female', 'is_hispanic', 'unemployed', 'unstableliving', 'education', 'marital', 'UDS_Amphetamine_Count', 'UDS_Benzodiazepine_Count', 'UDS_Buprenorphine_Count', 'UDS_Cocaine_Count', 'UDS_Methadone_Count', 'UDS_Opioid_Count', 'UDS_Sedatives_Count', 'UDS_Thc_Count', 'pain', 'has_schizophrenia', 'has_major_dep', 'has_bipolar', 'has_anx_pan', 'has_brain_damage', 'has_epilepsy', 'has_opiates_dx', 'has_alcol_dx', 'has_amphetamines_dx', 'has_cannabis_dx', 'has_cocaine_dx', 'has_sedatives_dx', 'ftnd', 'XTRT', 'shared', 'rbsivheroin', 'TLFB_Alcohol_Count', 'TLFB_Amphetamine_Count', 'TLFB_Benzodiazepine_Count', 'TLFB_Buprenorphine_Count', 'TLFB_Cocaine_Count', 'TLFB_Heroin_Count', 'TLFB_Methadone_Count', 'TLFB_Opioid_Count', 'TLFB_THC_Count', 'TLFB_Other', 'Homosexual_Behavior', 'Non_monogamous_Relationships']
2024-08-07 12:03:52,815 - INFO - Fitting logistic regression model with the selected features...
2024-08-07 12:03:53,371 - INFO - Model training completed successfully.
2024-08-07 12:03:53,371 - INFO - Calculating the dynamic threshold based on the proportion of positive outcomes...
2024-08-07 12:03:53,371 - INFO - Ratio of 1s to 0s in the outcome variable: 0.52 : 0.48
2024-08-07 12:03:53,371 - INFO - Dynamic threshold set to: 0.524
2024-08-07 12:03:53,371 - INFO - Model trained and saved successfully for subset 10.
2024-08-07 12:03:53,372 - INFO - ---------------------------
2024-08-07 12:03:53,372 - INFO - TRAIN MODEL STAGE COMPLETED FOR SUBSET 10
2024-08-07 12:03:53,372 - INFO - ---------------------------
2024-08-07 12:03:53,372 - INFO - --------------------------------
2024-08-07 12:03:53,372 - INFO - EVALUATE MODEL STAGE STARTING FOR SUBSET 10...
2024-08-07 12:03:53,372 - INFO - --------------------------------
2024-08-07 12:03:53,386 - INFO - ROC AUC Score: 0.6199243056001026
2024-08-07 12:03:53,386 - INFO - Confusion Matrix: 
[[59 60]
 [49 82]]
2024-08-07 12:03:53,386 - INFO - Precision: 0.5774647887323944
2024-08-07 12:03:53,386 - INFO - Recall: 0.6259541984732825
2024-08-07 12:03:53,386 - INFO - Model evaluated successfully for subset 10.
2024-08-07 12:03:53,387 - INFO - ------------------------------
2024-08-07 12:03:53,387 - INFO - EVALUATE MODEL STAGE COMPLETED FOR SUBSET 10
2024-08-07 12:03:53,387 - INFO - ------------------------------
2024-08-07 12:03:53,387 - INFO - Subset 11 demographic makeup: 1000 1
2024-08-07 12:03:53,387 - INFO - Processing subset 11...
2024-08-07 12:03:53,388 - INFO - -----------------------------
2024-08-07 12:03:53,388 - INFO - TRAIN MODEL STAGE STARTING FOR SUBSET 11...
2024-08-07 12:03:53,388 - INFO - -----------------------------
2024-08-07 12:03:53,395 - INFO - Scaling features and applying LASSO for feature selection...
2024-08-07 12:03:56,100 - INFO - Selected features (including required): ['who', 'age', 'is_female', 'unemployed', 'unstableliving', 'education', 'marital', 'UDS_Amphetamine_Count', 'UDS_Benzodiazepine_Count', 'UDS_Buprenorphine_Count', 'UDS_Cocaine_Count', 'UDS_Methadone_Count', 'UDS_Opioid_Count', 'UDS_Sedatives_Count', 'UDS_Thc_Count', 'pain', 'has_schizophrenia', 'has_major_dep', 'has_bipolar', 'has_anx_pan', 'has_brain_damage', 'has_epilepsy', 'has_opiates_dx', 'has_alcol_dx', 'has_amphetamines_dx', 'has_cannabis_dx', 'has_cocaine_dx', 'has_sedatives_dx', 'ftnd', 'XTRT', 'shared', 'rbsivheroin', 'TLFB_Alcohol_Count', 'TLFB_Amphetamine_Count', 'TLFB_Benzodiazepine_Count', 'TLFB_Buprenorphine_Count', 'TLFB_Cocaine_Count', 'TLFB_Heroin_Count', 'TLFB_Methadone_Count', 'TLFB_Opioid_Count', 'TLFB_THC_Count', 'TLFB_Other', 'Homosexual_Behavior', 'Non_monogamous_Relationships']
2024-08-07 12:03:56,104 - INFO - Fitting logistic regression model with the selected features...
2024-08-07 12:03:56,544 - INFO - Model training completed successfully.
2024-08-07 12:03:56,544 - INFO - Calculating the dynamic threshold based on the proportion of positive outcomes...
2024-08-07 12:03:56,545 - INFO - Ratio of 1s to 0s in the outcome variable: 0.54 : 0.46
2024-08-07 12:03:56,545 - INFO - Dynamic threshold set to: 0.544
2024-08-07 12:03:56,545 - INFO - Model trained and saved successfully for subset 11.
2024-08-07 12:03:56,546 - INFO - ---------------------------
2024-08-07 12:03:56,546 - INFO - TRAIN MODEL STAGE COMPLETED FOR SUBSET 11
2024-08-07 12:03:56,546 - INFO - ---------------------------
2024-08-07 12:03:56,547 - INFO - --------------------------------
2024-08-07 12:03:56,547 - INFO - EVALUATE MODEL STAGE STARTING FOR SUBSET 11...
2024-08-07 12:03:56,547 - INFO - --------------------------------
2024-08-07 12:03:56,568 - INFO - ROC AUC Score: 0.6741486068111455
2024-08-07 12:03:56,568 - INFO - Confusion Matrix: 
[[67 47]
 [50 86]]
2024-08-07 12:03:56,570 - INFO - Precision: 0.6466165413533834
2024-08-07 12:03:56,576 - INFO - Recall: 0.6323529411764706
2024-08-07 12:03:56,577 - INFO - Model evaluated successfully for subset 11.
2024-08-07 12:03:56,577 - INFO - ------------------------------
2024-08-07 12:03:56,577 - INFO - EVALUATE MODEL STAGE COMPLETED FOR SUBSET 11
2024-08-07 12:03:56,578 - INFO - ------------------------------
2024-08-07 12:03:56,579 - INFO - ------------------
2024-08-07 12:03:56,579 - INFO - PIPELINE COMPLETED
2024-08-07 12:03:56,579 - INFO - ------------------
