2024-08-29 00:06:02,702 - INFO - Global Seed set to: 42
2024-08-29 00:06:02,702 - INFO - Outcome Name: Rd_kostenB_1993
2024-08-29 00:06:02,714 - INFO - Datasets loaded successfully.
2024-08-29 00:06:02,715 - INFO - Starting preprocessing of the merged dataset...
2024-08-29 00:06:02,715 - INFO - ---------------------------------
2024-08-29 00:06:02,715 - INFO - PRE-PROCESSING STAGE STARTING...
2024-08-29 00:06:02,716 - INFO - ---------------------------------
2024-08-29 00:06:02,759 - INFO - Dropped initial columns: ['pain_when', 'is_smoker', 'per_day', 'max', 'amount', 'depression', 'anxiety', 'schizophrenia', 'max', 'amount', 'cocaine_inject_days', 'speedball_inject_days', 'opioid_inject_days', 'speed_inject_days', 'UDS_Alcohol_Count', 'UDS_Mdma/Hallucinogen_Count']
2024-08-29 00:06:02,780 - INFO - Converted Yes/No to binary.
2024-08-29 00:06:02,783 - INFO - Processed TLFB columns with specified columns: ['TLFB_Alcohol_Count', 'TLFB_Amphetamine_Count', 'TLFB_Cocaine_Count', 'TLFB_Heroin_Count', 'TLFB_Benzodiazepine_Count', 'TLFB_Opioid_Count', 'TLFB_THC_Count', 'TLFB_Methadone_Count', 'TLFB_Buprenorphine_Count']
2024-08-29 00:06:02,784 - INFO - Calculated behavioral columns.
2024-08-29 00:06:02,785 - INFO - Moved 'Rd_kostenB_1993' column to the end.
2024-08-29 00:06:02,819 - INFO - Dropped initial columns: ['msm_npt', 'msm_frq', 'txx_prt']
2024-08-29 00:06:02,825 - INFO - transform_data_with_nan_handling success
2024-08-29 00:06:02,825 - INFO - Renamed columns according to the mapping.
2024-08-29 00:06:02,834 - INFO - Transformed NaN to 0 for binary columns.
2024-08-29 00:06:02,834 - INFO - Transformed and renamed 'heroin_inject_days' column to 'rbsivheroin'.
2024-08-29 00:06:02,835 - INFO - Filled NaN with 0 for 'ftnd' column.
2024-08-29 00:06:02,863 - INFO - Dropped additional columns: ['rbs_iv_days', 'race', 'RBS_cocaine_Days', 'RBS_heroin_Days', 'RBS_opioid_Days', 'RBS_speed_Days', 'RBS_speedball_Days']
2024-08-29 00:06:02,868 - INFO - Converted UDS drug counts to binary.
2024-08-29 00:06:02,892 - INFO - ------------------------------
2024-08-29 00:06:02,892 - INFO - PRE-PROCESSING STAGE COMPLETED
2024-08-29 00:06:02,892 - INFO - ------------------------------
2024-08-29 00:06:02,892 - INFO - Merged dataset preprocessed successfully.
2024-08-29 00:06:02,892 - INFO - Creating demographic subsets from preprocessed data...
2024-08-29 00:06:02,953 - INFO - Created 11 subsets successfully.
2024-08-29 00:06:02,953 - INFO - Creating merged subsets from create_demographics_dfs function
2024-08-29 00:06:02,980 - INFO - Created 11 merged subsets successfully.
2024-08-29 00:06:02,981 - INFO - Subset 1 demographic makeup: 500 1, 248 3, 150 2, 102 4
2024-08-29 00:06:02,981 - INFO - Processing subset 1...
2024-08-29 00:06:02,981 - INFO - -----------------------------
2024-08-29 00:06:02,981 - INFO - TRAIN MODEL STAGE STARTING FOR SUBSET 1...
2024-08-29 00:06:02,981 - INFO - -----------------------------
2024-08-29 00:06:02,983 - INFO - Scaling features and applying LASSO for feature selection...
2024-08-29 00:06:03,056 - INFO - Selected features (including required): ['who', 'RaceEth', 'age', 'is_female', 'is_hispanic', 'unemployed', 'unstableliving', 'education', 'marital', 'UDS_Amphetamine_Count', 'UDS_Benzodiazepine_Count', 'UDS_Buprenorphine_Count', 'UDS_Cocaine_Count', 'UDS_Methadone_Count', 'UDS_Opioid_Count', 'UDS_Sedatives_Count', 'UDS_Thc_Count', 'pain', 'has_schizophrenia', 'has_major_dep', 'has_bipolar', 'has_anx_pan', 'has_brain_damage', 'has_epilepsy', 'has_alcol_dx', 'has_amphetamines_dx', 'has_cannabis_dx', 'has_cocaine_dx', 'has_sedatives_dx', 'ftnd', 'XTRT', 'shared', 'rbsivheroin', 'TLFB_Alcohol_Count', 'TLFB_Amphetamine_Count', 'TLFB_Benzodiazepine_Count', 'TLFB_Buprenorphine_Count', 'TLFB_Cocaine_Count', 'TLFB_Heroin_Count', 'TLFB_Methadone_Count', 'TLFB_Opioid_Count', 'TLFB_THC_Count', 'TLFB_Other', 'Homosexual_Behavior', 'Non_monogamous_Relationships']
2024-08-29 00:06:03,058 - INFO - Fitting logistic regression model with the selected features...
2024-08-29 00:06:03,345 - INFO - Model training completed successfully.
2024-08-29 00:06:03,345 - INFO - Calculating the dynamic threshold based on the proportion of positive outcomes...
2024-08-29 00:06:03,345 - INFO - Ratio of 1s to 0s in the outcome variable: 0.59 : 0.41
2024-08-29 00:06:03,345 - INFO - Dynamic threshold set to: 0.588
2024-08-29 00:06:03,345 - INFO - Model trained and saved successfully for subset 1.
2024-08-29 00:06:03,345 - INFO - ---------------------------
2024-08-29 00:06:03,345 - INFO - TRAIN MODEL STAGE COMPLETED FOR SUBSET 1
2024-08-29 00:06:03,346 - INFO - ---------------------------
2024-08-29 00:06:03,346 - INFO - --------------------------------
2024-08-29 00:06:03,346 - INFO - EVALUATE MODEL STAGE STARTING FOR SUBSET 1...
2024-08-29 00:06:03,346 - INFO - --------------------------------
2024-08-29 00:06:03,351 - INFO - ROC AUC Score: 0.6846311340070008
2024-08-29 00:06:03,351 - INFO - Confusion Matrix: 
[[79 24]
 [75 72]]
2024-08-29 00:06:03,351 - INFO - Precision: 0.75
2024-08-29 00:06:03,351 - INFO - Recall: 0.4897959183673469
2024-08-29 00:06:03,351 - INFO - Model evaluated successfully for subset 1.
2024-08-29 00:06:03,351 - INFO - ------------------------------
2024-08-29 00:06:03,351 - INFO - EVALUATE MODEL STAGE COMPLETED FOR SUBSET 1
2024-08-29 00:06:03,351 - INFO - ------------------------------
2024-08-29 00:06:03,351 - INFO - Subset 2 demographic makeup: 550 1, 222 3, 133 2, 95 4
2024-08-29 00:06:03,351 - INFO - Processing subset 2...
2024-08-29 00:06:03,352 - INFO - -----------------------------
2024-08-29 00:06:03,352 - INFO - TRAIN MODEL STAGE STARTING FOR SUBSET 2...
2024-08-29 00:06:03,352 - INFO - -----------------------------
2024-08-29 00:06:03,354 - INFO - Scaling features and applying LASSO for feature selection...
2024-08-29 00:06:03,443 - INFO - Selected features (including required): ['who', 'RaceEth', 'age', 'is_female', 'is_hispanic', 'unemployed', 'unstableliving', 'education', 'marital', 'UDS_Amphetamine_Count', 'UDS_Benzodiazepine_Count', 'UDS_Buprenorphine_Count', 'UDS_Cocaine_Count', 'UDS_Methadone_Count', 'UDS_Opioid_Count', 'UDS_Sedatives_Count', 'UDS_Thc_Count', 'pain', 'has_schizophrenia', 'has_major_dep', 'has_bipolar', 'has_anx_pan', 'has_brain_damage', 'has_epilepsy', 'has_alcol_dx', 'has_amphetamines_dx', 'has_cannabis_dx', 'has_cocaine_dx', 'has_sedatives_dx', 'ftnd', 'XTRT', 'shared', 'rbsivheroin', 'TLFB_Alcohol_Count', 'TLFB_Amphetamine_Count', 'TLFB_Benzodiazepine_Count', 'TLFB_Buprenorphine_Count', 'TLFB_Cocaine_Count', 'TLFB_Heroin_Count', 'TLFB_Methadone_Count', 'TLFB_Opioid_Count', 'TLFB_THC_Count', 'TLFB_Other', 'Homosexual_Behavior', 'Non_monogamous_Relationships']
2024-08-29 00:06:03,445 - INFO - Fitting logistic regression model with the selected features...
2024-08-29 00:06:03,648 - INFO - Model training completed successfully.
2024-08-29 00:06:03,649 - INFO - Calculating the dynamic threshold based on the proportion of positive outcomes...
2024-08-29 00:06:03,649 - INFO - Ratio of 1s to 0s in the outcome variable: 0.53 : 0.47
2024-08-29 00:06:03,649 - INFO - Dynamic threshold set to: 0.532
2024-08-29 00:06:03,649 - INFO - Model trained and saved successfully for subset 2.
2024-08-29 00:06:03,649 - INFO - ---------------------------
2024-08-29 00:06:03,649 - INFO - TRAIN MODEL STAGE COMPLETED FOR SUBSET 2
2024-08-29 00:06:03,649 - INFO - ---------------------------
2024-08-29 00:06:03,649 - INFO - --------------------------------
2024-08-29 00:06:03,649 - INFO - EVALUATE MODEL STAGE STARTING FOR SUBSET 2...
2024-08-29 00:06:03,649 - INFO - --------------------------------
2024-08-29 00:06:03,654 - INFO - ROC AUC Score: 0.6438532228005913
2024-08-29 00:06:03,654 - INFO - Confusion Matrix: 
[[71 46]
 [46 87]]
2024-08-29 00:06:03,654 - INFO - Precision: 0.6541353383458647
2024-08-29 00:06:03,655 - INFO - Recall: 0.6541353383458647
2024-08-29 00:06:03,655 - INFO - Model evaluated successfully for subset 2.
2024-08-29 00:06:03,655 - INFO - ------------------------------
2024-08-29 00:06:03,655 - INFO - EVALUATE MODEL STAGE COMPLETED FOR SUBSET 2
2024-08-29 00:06:03,655 - INFO - ------------------------------
2024-08-29 00:06:03,655 - INFO - Subset 3 demographic makeup: 600 1, 199 3, 117 2, 84 4
2024-08-29 00:06:03,655 - INFO - Processing subset 3...
2024-08-29 00:06:03,655 - INFO - -----------------------------
2024-08-29 00:06:03,655 - INFO - TRAIN MODEL STAGE STARTING FOR SUBSET 3...
2024-08-29 00:06:03,655 - INFO - -----------------------------
2024-08-29 00:06:03,657 - INFO - Scaling features and applying LASSO for feature selection...
2024-08-29 00:06:03,752 - INFO - Selected features (including required): ['who', 'RaceEth', 'age', 'is_female', 'is_hispanic', 'unemployed', 'unstableliving', 'education', 'marital', 'UDS_Amphetamine_Count', 'UDS_Benzodiazepine_Count', 'UDS_Buprenorphine_Count', 'UDS_Cocaine_Count', 'UDS_Methadone_Count', 'UDS_Opioid_Count', 'UDS_Sedatives_Count', 'UDS_Thc_Count', 'pain', 'has_schizophrenia', 'has_major_dep', 'has_bipolar', 'has_anx_pan', 'has_brain_damage', 'has_epilepsy', 'has_alcol_dx', 'has_amphetamines_dx', 'has_cannabis_dx', 'has_cocaine_dx', 'has_sedatives_dx', 'ftnd', 'XTRT', 'shared', 'rbsivheroin', 'TLFB_Alcohol_Count', 'TLFB_Amphetamine_Count', 'TLFB_Benzodiazepine_Count', 'TLFB_Buprenorphine_Count', 'TLFB_Cocaine_Count', 'TLFB_Heroin_Count', 'TLFB_Methadone_Count', 'TLFB_Opioid_Count', 'TLFB_THC_Count', 'TLFB_Other', 'Homosexual_Behavior', 'Non_monogamous_Relationships']
2024-08-29 00:06:03,754 - INFO - Fitting logistic regression model with the selected features...
2024-08-29 00:06:03,914 - INFO - Model training completed successfully.
2024-08-29 00:06:03,914 - INFO - Calculating the dynamic threshold based on the proportion of positive outcomes...
2024-08-29 00:06:03,915 - INFO - Ratio of 1s to 0s in the outcome variable: 0.54 : 0.46
2024-08-29 00:06:03,915 - INFO - Dynamic threshold set to: 0.544
2024-08-29 00:06:03,915 - INFO - Model trained and saved successfully for subset 3.
2024-08-29 00:06:03,916 - INFO - ---------------------------
2024-08-29 00:06:03,916 - INFO - TRAIN MODEL STAGE COMPLETED FOR SUBSET 3
2024-08-29 00:06:03,916 - INFO - ---------------------------
2024-08-29 00:06:03,916 - INFO - --------------------------------
2024-08-29 00:06:03,916 - INFO - EVALUATE MODEL STAGE STARTING FOR SUBSET 3...
2024-08-29 00:06:03,916 - INFO - --------------------------------
2024-08-29 00:06:03,921 - INFO - ROC AUC Score: 0.7089138286893705
2024-08-29 00:06:03,921 - INFO - Confusion Matrix: 
[[87 27]
 [62 74]]
2024-08-29 00:06:03,921 - INFO - Precision: 0.7326732673267327
2024-08-29 00:06:03,921 - INFO - Recall: 0.5441176470588235
2024-08-29 00:06:03,922 - INFO - Model evaluated successfully for subset 3.
2024-08-29 00:06:03,922 - INFO - ------------------------------
2024-08-29 00:06:03,922 - INFO - EVALUATE MODEL STAGE COMPLETED FOR SUBSET 3
2024-08-29 00:06:03,922 - INFO - ------------------------------
2024-08-29 00:06:03,923 - INFO - Subset 4 demographic makeup: 650 1, 174 3, 102 2, 74 4
2024-08-29 00:06:03,923 - INFO - Processing subset 4...
2024-08-29 00:06:03,923 - INFO - -----------------------------
2024-08-29 00:06:03,923 - INFO - TRAIN MODEL STAGE STARTING FOR SUBSET 4...
2024-08-29 00:06:03,923 - INFO - -----------------------------
2024-08-29 00:06:03,925 - INFO - Scaling features and applying LASSO for feature selection...
2024-08-29 00:06:04,026 - INFO - Selected features (including required): ['who', 'RaceEth', 'age', 'is_female', 'is_hispanic', 'unemployed', 'unstableliving', 'education', 'marital', 'UDS_Amphetamine_Count', 'UDS_Benzodiazepine_Count', 'UDS_Buprenorphine_Count', 'UDS_Cocaine_Count', 'UDS_Methadone_Count', 'UDS_Opioid_Count', 'UDS_Sedatives_Count', 'UDS_Thc_Count', 'pain', 'has_schizophrenia', 'has_major_dep', 'has_bipolar', 'has_anx_pan', 'has_brain_damage', 'has_epilepsy', 'has_alcol_dx', 'has_amphetamines_dx', 'has_cannabis_dx', 'has_cocaine_dx', 'has_sedatives_dx', 'ftnd', 'XTRT', 'shared', 'rbsivheroin', 'TLFB_Alcohol_Count', 'TLFB_Amphetamine_Count', 'TLFB_Benzodiazepine_Count', 'TLFB_Buprenorphine_Count', 'TLFB_Cocaine_Count', 'TLFB_Heroin_Count', 'TLFB_Methadone_Count', 'TLFB_Opioid_Count', 'TLFB_THC_Count', 'TLFB_Other', 'Homosexual_Behavior', 'Non_monogamous_Relationships']
2024-08-29 00:06:04,030 - INFO - Fitting logistic regression model with the selected features...
2024-08-29 00:06:04,195 - INFO - Model training completed successfully.
2024-08-29 00:06:04,195 - INFO - Calculating the dynamic threshold based on the proportion of positive outcomes...
2024-08-29 00:06:04,196 - INFO - Ratio of 1s to 0s in the outcome variable: 0.50 : 0.50
2024-08-29 00:06:04,196 - INFO - Dynamic threshold set to: 0.496
2024-08-29 00:06:04,196 - INFO - Model trained and saved successfully for subset 4.
2024-08-29 00:06:04,196 - INFO - ---------------------------
2024-08-29 00:06:04,196 - INFO - TRAIN MODEL STAGE COMPLETED FOR SUBSET 4
2024-08-29 00:06:04,196 - INFO - ---------------------------
2024-08-29 00:06:04,196 - INFO - --------------------------------
2024-08-29 00:06:04,196 - INFO - EVALUATE MODEL STAGE STARTING FOR SUBSET 4...
2024-08-29 00:06:04,196 - INFO - --------------------------------
2024-08-29 00:06:04,206 - INFO - ROC AUC Score: 0.6567460317460317
2024-08-29 00:06:04,206 - INFO - Confusion Matrix: 
[[64 62]
 [40 84]]
2024-08-29 00:06:04,206 - INFO - Precision: 0.5753424657534246
2024-08-29 00:06:04,206 - INFO - Recall: 0.6774193548387096
2024-08-29 00:06:04,206 - INFO - Model evaluated successfully for subset 4.
2024-08-29 00:06:04,206 - INFO - ------------------------------
2024-08-29 00:06:04,206 - INFO - EVALUATE MODEL STAGE COMPLETED FOR SUBSET 4
2024-08-29 00:06:04,206 - INFO - ------------------------------
2024-08-29 00:06:04,207 - INFO - Subset 5 demographic makeup: 700 1, 148 3, 86 2, 66 4
2024-08-29 00:06:04,207 - INFO - Processing subset 5...
2024-08-29 00:06:04,207 - INFO - -----------------------------
2024-08-29 00:06:04,207 - INFO - TRAIN MODEL STAGE STARTING FOR SUBSET 5...
2024-08-29 00:06:04,207 - INFO - -----------------------------
2024-08-29 00:06:04,209 - INFO - Scaling features and applying LASSO for feature selection...
2024-08-29 00:06:04,534 - INFO - Selected features (including required): ['who', 'RaceEth', 'age', 'is_female', 'is_hispanic', 'unemployed', 'unstableliving', 'education', 'marital', 'UDS_Amphetamine_Count', 'UDS_Benzodiazepine_Count', 'UDS_Buprenorphine_Count', 'UDS_Cocaine_Count', 'UDS_Methadone_Count', 'UDS_Opioid_Count', 'UDS_Sedatives_Count', 'UDS_Thc_Count', 'pain', 'has_schizophrenia', 'has_major_dep', 'has_bipolar', 'has_anx_pan', 'has_brain_damage', 'has_epilepsy', 'has_alcol_dx', 'has_amphetamines_dx', 'has_cannabis_dx', 'has_cocaine_dx', 'has_sedatives_dx', 'ftnd', 'XTRT', 'shared', 'rbsivheroin', 'TLFB_Alcohol_Count', 'TLFB_Amphetamine_Count', 'TLFB_Benzodiazepine_Count', 'TLFB_Buprenorphine_Count', 'TLFB_Cocaine_Count', 'TLFB_Heroin_Count', 'TLFB_Methadone_Count', 'TLFB_Opioid_Count', 'TLFB_THC_Count', 'TLFB_Other', 'Homosexual_Behavior', 'Non_monogamous_Relationships']
2024-08-29 00:06:04,536 - INFO - Fitting logistic regression model with the selected features...
2024-08-29 00:06:04,875 - INFO - Model training completed successfully.
2024-08-29 00:06:04,875 - INFO - Calculating the dynamic threshold based on the proportion of positive outcomes...
2024-08-29 00:06:04,876 - INFO - Ratio of 1s to 0s in the outcome variable: 0.50 : 0.50
2024-08-29 00:06:04,876 - INFO - Dynamic threshold set to: 0.504
2024-08-29 00:06:04,876 - INFO - Model trained and saved successfully for subset 5.
2024-08-29 00:06:04,876 - INFO - ---------------------------
2024-08-29 00:06:04,876 - INFO - TRAIN MODEL STAGE COMPLETED FOR SUBSET 5
2024-08-29 00:06:04,876 - INFO - ---------------------------
2024-08-29 00:06:04,876 - INFO - --------------------------------
2024-08-29 00:06:04,876 - INFO - EVALUATE MODEL STAGE STARTING FOR SUBSET 5...
2024-08-29 00:06:04,876 - INFO - --------------------------------
2024-08-29 00:06:04,883 - INFO - ROC AUC Score: 0.6374807987711213
2024-08-29 00:06:04,884 - INFO - Confusion Matrix: 
[[71 53]
 [47 79]]
2024-08-29 00:06:04,884 - INFO - Precision: 0.5984848484848485
2024-08-29 00:06:04,884 - INFO - Recall: 0.626984126984127
2024-08-29 00:06:04,884 - INFO - Model evaluated successfully for subset 5.
2024-08-29 00:06:04,884 - INFO - ------------------------------
2024-08-29 00:06:04,884 - INFO - EVALUATE MODEL STAGE COMPLETED FOR SUBSET 5
2024-08-29 00:06:04,884 - INFO - ------------------------------
2024-08-29 00:06:04,885 - INFO - Subset 6 demographic makeup: 750 1, 122 3, 72 2, 56 4
2024-08-29 00:06:04,885 - INFO - Processing subset 6...
2024-08-29 00:06:04,885 - INFO - -----------------------------
2024-08-29 00:06:04,885 - INFO - TRAIN MODEL STAGE STARTING FOR SUBSET 6...
2024-08-29 00:06:04,885 - INFO - -----------------------------
2024-08-29 00:06:04,890 - INFO - Scaling features and applying LASSO for feature selection...
2024-08-29 00:06:05,017 - INFO - Selected features (including required): ['who', 'RaceEth', 'age', 'is_female', 'is_hispanic', 'unemployed', 'unstableliving', 'education', 'marital', 'UDS_Amphetamine_Count', 'UDS_Benzodiazepine_Count', 'UDS_Buprenorphine_Count', 'UDS_Cocaine_Count', 'UDS_Methadone_Count', 'UDS_Opioid_Count', 'UDS_Sedatives_Count', 'UDS_Thc_Count', 'pain', 'has_schizophrenia', 'has_major_dep', 'has_bipolar', 'has_anx_pan', 'has_brain_damage', 'has_epilepsy', 'has_alcol_dx', 'has_amphetamines_dx', 'has_cannabis_dx', 'has_cocaine_dx', 'has_sedatives_dx', 'ftnd', 'XTRT', 'shared', 'rbsivheroin', 'TLFB_Alcohol_Count', 'TLFB_Amphetamine_Count', 'TLFB_Benzodiazepine_Count', 'TLFB_Buprenorphine_Count', 'TLFB_Cocaine_Count', 'TLFB_Heroin_Count', 'TLFB_Methadone_Count', 'TLFB_Opioid_Count', 'TLFB_THC_Count', 'TLFB_Other', 'Homosexual_Behavior', 'Non_monogamous_Relationships']
2024-08-29 00:06:05,021 - INFO - Fitting logistic regression model with the selected features...
2024-08-29 00:06:05,286 - INFO - Model training completed successfully.
2024-08-29 00:06:05,286 - INFO - Calculating the dynamic threshold based on the proportion of positive outcomes...
2024-08-29 00:06:05,286 - INFO - Ratio of 1s to 0s in the outcome variable: 0.51 : 0.49
2024-08-29 00:06:05,286 - INFO - Dynamic threshold set to: 0.512
2024-08-29 00:06:05,286 - INFO - Model trained and saved successfully for subset 6.
2024-08-29 00:06:05,286 - INFO - ---------------------------
2024-08-29 00:06:05,287 - INFO - TRAIN MODEL STAGE COMPLETED FOR SUBSET 6
2024-08-29 00:06:05,287 - INFO - ---------------------------
2024-08-29 00:06:05,287 - INFO - --------------------------------
2024-08-29 00:06:05,287 - INFO - EVALUATE MODEL STAGE STARTING FOR SUBSET 6...
2024-08-29 00:06:05,287 - INFO - --------------------------------
2024-08-29 00:06:05,291 - INFO - ROC AUC Score: 0.7071593237704917
2024-08-29 00:06:05,291 - INFO - Confusion Matrix: 
[[77 45]
 [41 87]]
2024-08-29 00:06:05,292 - INFO - Precision: 0.6590909090909091
2024-08-29 00:06:05,292 - INFO - Recall: 0.6796875
2024-08-29 00:06:05,292 - INFO - Model evaluated successfully for subset 6.
2024-08-29 00:06:05,292 - INFO - ------------------------------
2024-08-29 00:06:05,292 - INFO - EVALUATE MODEL STAGE COMPLETED FOR SUBSET 6
2024-08-29 00:06:05,292 - INFO - ------------------------------
2024-08-29 00:06:05,292 - INFO - Subset 7 demographic makeup: 800 1, 96 3, 59 2, 45 4
2024-08-29 00:06:05,292 - INFO - Processing subset 7...
2024-08-29 00:06:05,292 - INFO - -----------------------------
2024-08-29 00:06:05,292 - INFO - TRAIN MODEL STAGE STARTING FOR SUBSET 7...
2024-08-29 00:06:05,292 - INFO - -----------------------------
2024-08-29 00:06:05,294 - INFO - Scaling features and applying LASSO for feature selection...
2024-08-29 00:06:05,869 - INFO - Selected features (including required): ['who', 'RaceEth', 'age', 'is_female', 'is_hispanic', 'unemployed', 'unstableliving', 'education', 'marital', 'UDS_Amphetamine_Count', 'UDS_Benzodiazepine_Count', 'UDS_Buprenorphine_Count', 'UDS_Cocaine_Count', 'UDS_Methadone_Count', 'UDS_Opioid_Count', 'UDS_Sedatives_Count', 'UDS_Thc_Count', 'pain', 'has_schizophrenia', 'has_major_dep', 'has_bipolar', 'has_anx_pan', 'has_brain_damage', 'has_epilepsy', 'has_alcol_dx', 'has_amphetamines_dx', 'has_cannabis_dx', 'has_cocaine_dx', 'has_sedatives_dx', 'ftnd', 'XTRT', 'shared', 'rbsivheroin', 'TLFB_Alcohol_Count', 'TLFB_Amphetamine_Count', 'TLFB_Benzodiazepine_Count', 'TLFB_Buprenorphine_Count', 'TLFB_Cocaine_Count', 'TLFB_Heroin_Count', 'TLFB_Methadone_Count', 'TLFB_Opioid_Count', 'TLFB_THC_Count', 'TLFB_Other', 'Homosexual_Behavior', 'Non_monogamous_Relationships']
2024-08-29 00:06:05,871 - INFO - Fitting logistic regression model with the selected features...
2024-08-29 00:06:06,132 - INFO - Model training completed successfully.
2024-08-29 00:06:06,132 - INFO - Calculating the dynamic threshold based on the proportion of positive outcomes...
2024-08-29 00:06:06,132 - INFO - Ratio of 1s to 0s in the outcome variable: 0.52 : 0.48
2024-08-29 00:06:06,133 - INFO - Dynamic threshold set to: 0.516
2024-08-29 00:06:06,133 - INFO - Model trained and saved successfully for subset 7.
2024-08-29 00:06:06,133 - INFO - ---------------------------
2024-08-29 00:06:06,133 - INFO - TRAIN MODEL STAGE COMPLETED FOR SUBSET 7
2024-08-29 00:06:06,133 - INFO - ---------------------------
2024-08-29 00:06:06,133 - INFO - --------------------------------
2024-08-29 00:06:06,133 - INFO - EVALUATE MODEL STAGE STARTING FOR SUBSET 7...
2024-08-29 00:06:06,133 - INFO - --------------------------------
2024-08-29 00:06:06,138 - INFO - ROC AUC Score: 0.6386699980780318
2024-08-29 00:06:06,138 - INFO - Confusion Matrix: 
[[79 42]
 [52 77]]
2024-08-29 00:06:06,138 - INFO - Precision: 0.6470588235294118
2024-08-29 00:06:06,138 - INFO - Recall: 0.5968992248062015
2024-08-29 00:06:06,138 - INFO - Model evaluated successfully for subset 7.
2024-08-29 00:06:06,138 - INFO - ------------------------------
2024-08-29 00:06:06,138 - INFO - EVALUATE MODEL STAGE COMPLETED FOR SUBSET 7
2024-08-29 00:06:06,138 - INFO - ------------------------------
2024-08-29 00:06:06,138 - INFO - Subset 8 demographic makeup: 850 1, 69 3, 44 2, 37 4
2024-08-29 00:06:06,138 - INFO - Processing subset 8...
2024-08-29 00:06:06,138 - INFO - -----------------------------
2024-08-29 00:06:06,138 - INFO - TRAIN MODEL STAGE STARTING FOR SUBSET 8...
2024-08-29 00:06:06,138 - INFO - -----------------------------
2024-08-29 00:06:06,140 - INFO - Scaling features and applying LASSO for feature selection...
2024-08-29 00:06:06,519 - INFO - Selected features (including required): ['who', 'RaceEth', 'age', 'is_female', 'is_hispanic', 'unemployed', 'unstableliving', 'education', 'marital', 'UDS_Amphetamine_Count', 'UDS_Benzodiazepine_Count', 'UDS_Buprenorphine_Count', 'UDS_Cocaine_Count', 'UDS_Methadone_Count', 'UDS_Opioid_Count', 'UDS_Sedatives_Count', 'UDS_Thc_Count', 'pain', 'has_schizophrenia', 'has_major_dep', 'has_bipolar', 'has_anx_pan', 'has_brain_damage', 'has_epilepsy', 'has_alcol_dx', 'has_amphetamines_dx', 'has_cannabis_dx', 'has_cocaine_dx', 'has_sedatives_dx', 'ftnd', 'XTRT', 'shared', 'rbsivheroin', 'TLFB_Alcohol_Count', 'TLFB_Amphetamine_Count', 'TLFB_Benzodiazepine_Count', 'TLFB_Buprenorphine_Count', 'TLFB_Cocaine_Count', 'TLFB_Heroin_Count', 'TLFB_Methadone_Count', 'TLFB_Opioid_Count', 'TLFB_THC_Count', 'TLFB_Other', 'Homosexual_Behavior', 'Non_monogamous_Relationships']
2024-08-29 00:06:06,521 - INFO - Fitting logistic regression model with the selected features...
2024-08-29 00:06:06,761 - INFO - Model training completed successfully.
2024-08-29 00:06:06,761 - INFO - Calculating the dynamic threshold based on the proportion of positive outcomes...
2024-08-29 00:06:06,761 - INFO - Ratio of 1s to 0s in the outcome variable: 0.52 : 0.48
2024-08-29 00:06:06,761 - INFO - Dynamic threshold set to: 0.52
2024-08-29 00:06:06,761 - INFO - Model trained and saved successfully for subset 8.
2024-08-29 00:06:06,761 - INFO - ---------------------------
2024-08-29 00:06:06,761 - INFO - TRAIN MODEL STAGE COMPLETED FOR SUBSET 8
2024-08-29 00:06:06,761 - INFO - ---------------------------
2024-08-29 00:06:06,761 - INFO - --------------------------------
2024-08-29 00:06:06,761 - INFO - EVALUATE MODEL STAGE STARTING FOR SUBSET 8...
2024-08-29 00:06:06,761 - INFO - --------------------------------
2024-08-29 00:06:06,766 - INFO - ROC AUC Score: 0.6403205128205128
2024-08-29 00:06:06,766 - INFO - Confusion Matrix: 
[[70 50]
 [52 78]]
2024-08-29 00:06:06,766 - INFO - Precision: 0.609375
2024-08-29 00:06:06,767 - INFO - Recall: 0.6
2024-08-29 00:06:06,767 - INFO - Model evaluated successfully for subset 8.
2024-08-29 00:06:06,768 - INFO - ------------------------------
2024-08-29 00:06:06,768 - INFO - EVALUATE MODEL STAGE COMPLETED FOR SUBSET 8
2024-08-29 00:06:06,768 - INFO - ------------------------------
2024-08-29 00:06:06,768 - INFO - Subset 9 demographic makeup: 900 1, 47 3, 30 2, 23 4
2024-08-29 00:06:06,769 - INFO - Processing subset 9...
2024-08-29 00:06:06,769 - INFO - -----------------------------
2024-08-29 00:06:06,769 - INFO - TRAIN MODEL STAGE STARTING FOR SUBSET 9...
2024-08-29 00:06:06,769 - INFO - -----------------------------
2024-08-29 00:06:06,773 - INFO - Scaling features and applying LASSO for feature selection...
2024-08-29 00:06:06,903 - INFO - Selected features (including required): ['who', 'RaceEth', 'age', 'is_female', 'is_hispanic', 'unemployed', 'unstableliving', 'education', 'marital', 'UDS_Amphetamine_Count', 'UDS_Benzodiazepine_Count', 'UDS_Buprenorphine_Count', 'UDS_Cocaine_Count', 'UDS_Methadone_Count', 'UDS_Opioid_Count', 'UDS_Sedatives_Count', 'UDS_Thc_Count', 'pain', 'has_schizophrenia', 'has_major_dep', 'has_bipolar', 'has_anx_pan', 'has_brain_damage', 'has_epilepsy', 'has_alcol_dx', 'has_amphetamines_dx', 'has_cannabis_dx', 'has_cocaine_dx', 'has_sedatives_dx', 'ftnd', 'XTRT', 'shared', 'rbsivheroin', 'TLFB_Alcohol_Count', 'TLFB_Amphetamine_Count', 'TLFB_Benzodiazepine_Count', 'TLFB_Buprenorphine_Count', 'TLFB_Cocaine_Count', 'TLFB_Heroin_Count', 'TLFB_Methadone_Count', 'TLFB_Opioid_Count', 'TLFB_THC_Count', 'TLFB_Other', 'Homosexual_Behavior', 'Non_monogamous_Relationships']
2024-08-29 00:06:06,908 - INFO - Fitting logistic regression model with the selected features...
2024-08-29 00:06:07,260 - INFO - Model training completed successfully.
2024-08-29 00:06:07,261 - INFO - Calculating the dynamic threshold based on the proportion of positive outcomes...
2024-08-29 00:06:07,261 - INFO - Ratio of 1s to 0s in the outcome variable: 0.47 : 0.53
2024-08-29 00:06:07,261 - INFO - Dynamic threshold set to: 0.472
2024-08-29 00:06:07,261 - INFO - Model trained and saved successfully for subset 9.
2024-08-29 00:06:07,261 - INFO - ---------------------------
2024-08-29 00:06:07,261 - INFO - TRAIN MODEL STAGE COMPLETED FOR SUBSET 9
2024-08-29 00:06:07,261 - INFO - ---------------------------
2024-08-29 00:06:07,261 - INFO - --------------------------------
2024-08-29 00:06:07,261 - INFO - EVALUATE MODEL STAGE STARTING FOR SUBSET 9...
2024-08-29 00:06:07,261 - INFO - --------------------------------
2024-08-29 00:06:07,267 - INFO - ROC AUC Score: 0.614663585002568
2024-08-29 00:06:07,267 - INFO - Confusion Matrix: 
[[61 71]
 [37 81]]
2024-08-29 00:06:07,268 - INFO - Precision: 0.5328947368421053
2024-08-29 00:06:07,268 - INFO - Recall: 0.6864406779661016
2024-08-29 00:06:07,268 - INFO - Model evaluated successfully for subset 9.
2024-08-29 00:06:07,268 - INFO - ------------------------------
2024-08-29 00:06:07,268 - INFO - EVALUATE MODEL STAGE COMPLETED FOR SUBSET 9
2024-08-29 00:06:07,268 - INFO - ------------------------------
2024-08-29 00:06:07,268 - INFO - Subset 10 demographic makeup: 950 1, 24 3, 16 2, 10 4
2024-08-29 00:06:07,268 - INFO - Processing subset 10...
2024-08-29 00:06:07,268 - INFO - -----------------------------
2024-08-29 00:06:07,268 - INFO - TRAIN MODEL STAGE STARTING FOR SUBSET 10...
2024-08-29 00:06:07,268 - INFO - -----------------------------
2024-08-29 00:06:07,270 - INFO - Scaling features and applying LASSO for feature selection...
2024-08-29 00:06:07,408 - INFO - Selected features (including required): ['who', 'RaceEth', 'age', 'is_female', 'is_hispanic', 'unemployed', 'unstableliving', 'education', 'marital', 'UDS_Amphetamine_Count', 'UDS_Benzodiazepine_Count', 'UDS_Buprenorphine_Count', 'UDS_Cocaine_Count', 'UDS_Methadone_Count', 'UDS_Opioid_Count', 'UDS_Sedatives_Count', 'UDS_Thc_Count', 'pain', 'has_schizophrenia', 'has_major_dep', 'has_bipolar', 'has_anx_pan', 'has_brain_damage', 'has_epilepsy', 'has_alcol_dx', 'has_amphetamines_dx', 'has_cannabis_dx', 'has_cocaine_dx', 'has_sedatives_dx', 'ftnd', 'XTRT', 'shared', 'rbsivheroin', 'TLFB_Alcohol_Count', 'TLFB_Amphetamine_Count', 'TLFB_Benzodiazepine_Count', 'TLFB_Buprenorphine_Count', 'TLFB_Cocaine_Count', 'TLFB_Heroin_Count', 'TLFB_Methadone_Count', 'TLFB_Opioid_Count', 'TLFB_THC_Count', 'TLFB_Other', 'Homosexual_Behavior', 'Non_monogamous_Relationships']
2024-08-29 00:06:07,413 - INFO - Fitting logistic regression model with the selected features...
2024-08-29 00:06:07,604 - INFO - Model training completed successfully.
2024-08-29 00:06:07,604 - INFO - Calculating the dynamic threshold based on the proportion of positive outcomes...
2024-08-29 00:06:07,604 - INFO - Ratio of 1s to 0s in the outcome variable: 0.48 : 0.52
2024-08-29 00:06:07,604 - INFO - Dynamic threshold set to: 0.48
2024-08-29 00:06:07,604 - INFO - Model trained and saved successfully for subset 10.
2024-08-29 00:06:07,604 - INFO - ---------------------------
2024-08-29 00:06:07,604 - INFO - TRAIN MODEL STAGE COMPLETED FOR SUBSET 10
2024-08-29 00:06:07,604 - INFO - ---------------------------
2024-08-29 00:06:07,604 - INFO - --------------------------------
2024-08-29 00:06:07,604 - INFO - EVALUATE MODEL STAGE STARTING FOR SUBSET 10...
2024-08-29 00:06:07,604 - INFO - --------------------------------
2024-08-29 00:06:07,614 - INFO - ROC AUC Score: 0.6207051282051281
2024-08-29 00:06:07,614 - INFO - Confusion Matrix: 
[[53 77]
 [26 94]]
2024-08-29 00:06:07,614 - INFO - Precision: 0.5497076023391813
2024-08-29 00:06:07,614 - INFO - Recall: 0.7833333333333333
2024-08-29 00:06:07,614 - INFO - Model evaluated successfully for subset 10.
2024-08-29 00:06:07,614 - INFO - ------------------------------
2024-08-29 00:06:07,614 - INFO - EVALUATE MODEL STAGE COMPLETED FOR SUBSET 10
2024-08-29 00:06:07,614 - INFO - ------------------------------
2024-08-29 00:06:07,614 - INFO - Subset 11 demographic makeup: 1000 1
2024-08-29 00:06:07,615 - INFO - Processing subset 11...
2024-08-29 00:06:07,615 - INFO - -----------------------------
2024-08-29 00:06:07,615 - INFO - TRAIN MODEL STAGE STARTING FOR SUBSET 11...
2024-08-29 00:06:07,615 - INFO - -----------------------------
2024-08-29 00:06:07,617 - INFO - Scaling features and applying LASSO for feature selection...
2024-08-29 00:06:07,738 - INFO - Selected features (including required): ['who', 'age', 'is_female', 'unemployed', 'unstableliving', 'education', 'marital', 'UDS_Amphetamine_Count', 'UDS_Benzodiazepine_Count', 'UDS_Buprenorphine_Count', 'UDS_Cocaine_Count', 'UDS_Methadone_Count', 'UDS_Opioid_Count', 'UDS_Sedatives_Count', 'UDS_Thc_Count', 'pain', 'has_schizophrenia', 'has_major_dep', 'has_bipolar', 'has_anx_pan', 'has_brain_damage', 'has_epilepsy', 'has_alcol_dx', 'has_amphetamines_dx', 'has_cannabis_dx', 'has_cocaine_dx', 'has_sedatives_dx', 'ftnd', 'XTRT', 'shared', 'rbsivheroin', 'TLFB_Alcohol_Count', 'TLFB_Amphetamine_Count', 'TLFB_Benzodiazepine_Count', 'TLFB_Buprenorphine_Count', 'TLFB_Cocaine_Count', 'TLFB_Heroin_Count', 'TLFB_Methadone_Count', 'TLFB_Opioid_Count', 'TLFB_THC_Count', 'TLFB_Other', 'Homosexual_Behavior', 'Non_monogamous_Relationships']
2024-08-29 00:06:07,742 - INFO - Fitting logistic regression model with the selected features...
2024-08-29 00:06:08,040 - INFO - Model training completed successfully.
2024-08-29 00:06:08,040 - INFO - Calculating the dynamic threshold based on the proportion of positive outcomes...
2024-08-29 00:06:08,041 - INFO - Ratio of 1s to 0s in the outcome variable: 0.56 : 0.44
2024-08-29 00:06:08,041 - INFO - Dynamic threshold set to: 0.556
2024-08-29 00:06:08,041 - INFO - Model trained and saved successfully for subset 11.
2024-08-29 00:06:08,041 - INFO - ---------------------------
2024-08-29 00:06:08,041 - INFO - TRAIN MODEL STAGE COMPLETED FOR SUBSET 11
2024-08-29 00:06:08,041 - INFO - ---------------------------
2024-08-29 00:06:08,041 - INFO - --------------------------------
2024-08-29 00:06:08,041 - INFO - EVALUATE MODEL STAGE STARTING FOR SUBSET 11...
2024-08-29 00:06:08,041 - INFO - --------------------------------
2024-08-29 00:06:08,046 - INFO - ROC AUC Score: 0.6749627325166894
2024-08-29 00:06:08,046 - INFO - Confusion Matrix: 
[[78 33]
 [57 82]]
2024-08-29 00:06:08,046 - INFO - Precision: 0.7130434782608696
2024-08-29 00:06:08,046 - INFO - Recall: 0.5899280575539568
2024-08-29 00:06:08,046 - INFO - Model evaluated successfully for subset 11.
2024-08-29 00:06:08,046 - INFO - ------------------------------
2024-08-29 00:06:08,046 - INFO - EVALUATE MODEL STAGE COMPLETED FOR SUBSET 11
2024-08-29 00:06:08,046 - INFO - ------------------------------
2024-08-29 00:06:08,049 - INFO - Model predictions saved to csv successfully.
2024-08-29 00:06:08,049 - INFO - ------------------
2024-08-29 00:06:08,049 - INFO - PIPELINE COMPLETED
2024-08-29 00:06:08,049 - INFO - ------------------
