2024-08-05 13:21:16,835 - INFO - Global Seed set to: 23
2024-08-05 13:21:16,836 - INFO - Outcome Name: Rd_kostenB_1993
2024-08-05 13:21:16,875 - INFO - Datasets loaded successfully.
2024-08-05 13:21:16,891 - INFO - Starting preprocessing of the merged dataset...
2024-08-05 13:21:16,891 - INFO - ---------------------------------
2024-08-05 13:21:16,891 - INFO - PRE-PROCESSING STAGE STARTING...
2024-08-05 13:21:16,891 - INFO - ---------------------------------
2024-08-05 13:21:17,132 - INFO - Dropped initial columns: ['pain_when', 'is_smoker', 'per_day', 'max', 'amount', 'depression', 'anxiety', 'schizophrenia', 'max', 'amount', 'cocaine_inject_days', 'speedball_inject_days', 'opioid_inject_days', 'speed_inject_days', 'UDS_Alcohol_Count', 'UDS_Mdma/Hallucinogen_Count']
2024-08-05 13:21:17,307 - INFO - Converted Yes/No to binary.
2024-08-05 13:21:17,323 - INFO - Processed TLFB columns with specified columns: ['TLFB_Alcohol_Count', 'TLFB_Amphetamine_Count', 'TLFB_Cocaine_Count', 'TLFB_Heroin_Count', 'TLFB_Benzodiazepine_Count', 'TLFB_Opioid_Count', 'TLFB_THC_Count', 'TLFB_Methadone_Count', 'TLFB_Buprenorphine_Count']
2024-08-05 13:21:17,329 - INFO - Calculated behavioral columns.
2024-08-05 13:21:17,333 - INFO - Moved 'Rd_kostenB_1993' column to the end.
2024-08-05 13:21:17,654 - INFO - Dropped initial columns: ['msm_npt', 'msm_frq', 'txx_prt']
2024-08-05 13:21:17,703 - INFO - transform_data_with_nan_handling success
2024-08-05 13:21:17,705 - INFO - Renamed columns according to the mapping.
2024-08-05 13:21:17,737 - INFO - Transformed NaN to 0 for binary columns.
2024-08-05 13:21:17,741 - INFO - Transformed and renamed 'heroin_inject_days' column to 'rbsivheroin'.
2024-08-05 13:21:17,743 - INFO - Filled NaN with 0 for 'ftnd' column.
2024-08-05 13:21:17,929 - INFO - Dropped additional columns: ['rbs_iv_days', 'race', 'RBS_cocaine_Days', 'RBS_heroin_Days', 'RBS_opioid_Days', 'RBS_speed_Days', 'RBS_speedball_Days']
2024-08-05 13:21:18,108 - INFO - Converted UDS drug counts to binary.
2024-08-05 13:21:18,253 - INFO - ------------------------------
2024-08-05 13:21:18,254 - INFO - PRE-PROCESSING STAGE COMPLETED
2024-08-05 13:21:18,254 - INFO - ------------------------------
2024-08-05 13:21:18,255 - INFO - Merged dataset preprocessed successfully.
2024-08-05 13:21:18,256 - INFO - Creating demographic subsets from preprocessed data...
2024-08-05 13:21:26,148 - INFO - Created 11 subsets successfully.
2024-08-05 13:21:26,148 - INFO - Creating merged subsets from create_demographics_dfs function
2024-08-05 13:21:26,231 - INFO - Created 11 merged subsets successfully.
2024-08-05 13:21:26,231 - INFO - Subset 1 demographic makeup: 500 1, 249 3, 153 2, 98 4
2024-08-05 13:21:26,232 - INFO - Processing subset 1...
2024-08-05 13:21:26,232 - INFO - -----------------------------
2024-08-05 13:21:26,232 - INFO - TRAIN MODEL STAGE STARTING FOR SUBSET 1...
2024-08-05 13:21:26,232 - INFO - -----------------------------
2024-08-05 13:21:26,237 - INFO - Scaling features and applying LASSO for feature selection...
2024-08-05 13:21:26,525 - INFO - Selected features (including required): ['who', 'RaceEth', 'age', 'is_female', 'is_hispanic', 'unemployed', 'unstableliving', 'education', 'marital', 'UDS_Amphetamine_Count', 'UDS_Benzodiazepine_Count', 'UDS_Buprenorphine_Count', 'UDS_Cocaine_Count', 'UDS_Methadone_Count', 'UDS_Opioid_Count', 'UDS_Sedatives_Count', 'UDS_Thc_Count', 'pain', 'has_schizophrenia', 'has_major_dep', 'has_bipolar', 'has_anx_pan', 'has_brain_damage', 'has_epilepsy', 'has_alcol_dx', 'has_amphetamines_dx', 'has_cannabis_dx', 'has_cocaine_dx', 'has_sedatives_dx', 'ftnd', 'XTRT', 'shared', 'rbsivheroin', 'TLFB_Alcohol_Count', 'TLFB_Amphetamine_Count', 'TLFB_Benzodiazepine_Count', 'TLFB_Buprenorphine_Count', 'TLFB_Cocaine_Count', 'TLFB_Heroin_Count', 'TLFB_Methadone_Count', 'TLFB_Opioid_Count', 'TLFB_THC_Count', 'TLFB_Other', 'Homosexual_Behavior', 'Non_monogamous_Relationships']
2024-08-05 13:21:26,534 - INFO - Fitting logistic regression model with the selected features...
2024-08-05 13:21:27,010 - INFO - Model training completed successfully.
2024-08-05 13:21:27,010 - INFO - Calculating the dynamic threshold based on the proportion of positive outcomes...
2024-08-05 13:21:27,011 - INFO - Ratio of 1s to 0s in the outcome variable: 0.49 : 0.51
2024-08-05 13:21:27,018 - INFO - Dynamic threshold set to: 0.488
2024-08-05 13:21:27,020 - INFO - Model trained and saved successfully for subset 1.
2024-08-05 13:21:27,021 - INFO - ---------------------------
2024-08-05 13:21:27,023 - INFO - TRAIN MODEL STAGE COMPLETED FOR SUBSET 1
2024-08-05 13:21:27,024 - INFO - ---------------------------
2024-08-05 13:21:27,025 - INFO - --------------------------------
2024-08-05 13:21:27,025 - INFO - EVALUATE MODEL STAGE STARTING FOR SUBSET 1...
2024-08-05 13:21:27,027 - INFO - --------------------------------
2024-08-05 13:21:27,046 - INFO - ROC AUC Score: 0.6296746926229507
2024-08-05 13:21:27,046 - INFO - Confusion Matrix: 
[[75 53]
 [49 73]]
2024-08-05 13:21:27,047 - INFO - Precision: 0.5793650793650794
2024-08-05 13:21:27,047 - INFO - Recall: 0.5983606557377049
2024-08-05 13:21:27,047 - INFO - Model evaluated successfully for subset 1.
2024-08-05 13:21:27,048 - INFO - ------------------------------
2024-08-05 13:21:27,048 - INFO - EVALUATE MODEL STAGE COMPLETED FOR SUBSET 1
2024-08-05 13:21:27,049 - INFO - ------------------------------
2024-08-05 13:21:27,050 - INFO - Subset 2 demographic makeup: 550 1, 226 3, 133 2, 91 4
2024-08-05 13:21:27,054 - INFO - Processing subset 2...
2024-08-05 13:21:27,055 - INFO - -----------------------------
2024-08-05 13:21:27,056 - INFO - TRAIN MODEL STAGE STARTING FOR SUBSET 2...
2024-08-05 13:21:27,056 - INFO - -----------------------------
2024-08-05 13:21:27,252 - INFO - Scaling features and applying LASSO for feature selection...
2024-08-05 13:21:27,449 - INFO - Selected features (including required): ['who', 'RaceEth', 'age', 'is_female', 'is_hispanic', 'unemployed', 'unstableliving', 'education', 'marital', 'UDS_Amphetamine_Count', 'UDS_Benzodiazepine_Count', 'UDS_Buprenorphine_Count', 'UDS_Cocaine_Count', 'UDS_Methadone_Count', 'UDS_Opioid_Count', 'UDS_Sedatives_Count', 'UDS_Thc_Count', 'pain', 'has_schizophrenia', 'has_major_dep', 'has_bipolar', 'has_anx_pan', 'has_brain_damage', 'has_epilepsy', 'has_alcol_dx', 'has_amphetamines_dx', 'has_cannabis_dx', 'has_cocaine_dx', 'has_sedatives_dx', 'ftnd', 'XTRT', 'shared', 'rbsivheroin', 'TLFB_Alcohol_Count', 'TLFB_Amphetamine_Count', 'TLFB_Benzodiazepine_Count', 'TLFB_Buprenorphine_Count', 'TLFB_Cocaine_Count', 'TLFB_Heroin_Count', 'TLFB_Methadone_Count', 'TLFB_Opioid_Count', 'TLFB_THC_Count', 'TLFB_Other', 'Homosexual_Behavior', 'Non_monogamous_Relationships']
2024-08-05 13:21:27,453 - INFO - Fitting logistic regression model with the selected features...
2024-08-05 13:21:28,035 - INFO - Model training completed successfully.
2024-08-05 13:21:28,036 - INFO - Calculating the dynamic threshold based on the proportion of positive outcomes...
2024-08-05 13:21:28,037 - INFO - Ratio of 1s to 0s in the outcome variable: 0.53 : 0.47
2024-08-05 13:21:28,037 - INFO - Dynamic threshold set to: 0.528
2024-08-05 13:21:28,037 - INFO - Model trained and saved successfully for subset 2.
2024-08-05 13:21:28,038 - INFO - ---------------------------
2024-08-05 13:21:28,039 - INFO - TRAIN MODEL STAGE COMPLETED FOR SUBSET 2
2024-08-05 13:21:28,042 - INFO - ---------------------------
2024-08-05 13:21:28,042 - INFO - --------------------------------
2024-08-05 13:21:28,044 - INFO - EVALUATE MODEL STAGE STARTING FOR SUBSET 2...
2024-08-05 13:21:28,044 - INFO - --------------------------------
2024-08-05 13:21:28,089 - INFO - ROC AUC Score: 0.6363636363636364
2024-08-05 13:21:28,094 - INFO - Confusion Matrix: 
[[88 30]
 [64 68]]
2024-08-05 13:21:28,095 - INFO - Precision: 0.6938775510204082
2024-08-05 13:21:28,096 - INFO - Recall: 0.5151515151515151
2024-08-05 13:21:28,097 - INFO - Model evaluated successfully for subset 2.
2024-08-05 13:21:28,098 - INFO - ------------------------------
2024-08-05 13:21:28,110 - INFO - EVALUATE MODEL STAGE COMPLETED FOR SUBSET 2
2024-08-05 13:21:28,111 - INFO - ------------------------------
2024-08-05 13:21:28,116 - INFO - Subset 3 demographic makeup: 600 1, 201 3, 121 2, 78 4
2024-08-05 13:21:28,116 - INFO - Processing subset 3...
2024-08-05 13:21:28,117 - INFO - -----------------------------
2024-08-05 13:21:28,118 - INFO - TRAIN MODEL STAGE STARTING FOR SUBSET 3...
2024-08-05 13:21:28,118 - INFO - -----------------------------
2024-08-05 13:21:28,128 - INFO - Scaling features and applying LASSO for feature selection...
2024-08-05 13:21:28,319 - INFO - Selected features (including required): ['who', 'RaceEth', 'age', 'is_female', 'is_hispanic', 'unemployed', 'unstableliving', 'education', 'marital', 'UDS_Amphetamine_Count', 'UDS_Benzodiazepine_Count', 'UDS_Buprenorphine_Count', 'UDS_Cocaine_Count', 'UDS_Methadone_Count', 'UDS_Opioid_Count', 'UDS_Sedatives_Count', 'UDS_Thc_Count', 'pain', 'has_schizophrenia', 'has_major_dep', 'has_bipolar', 'has_anx_pan', 'has_brain_damage', 'has_epilepsy', 'has_alcol_dx', 'has_amphetamines_dx', 'has_cannabis_dx', 'has_cocaine_dx', 'has_sedatives_dx', 'ftnd', 'XTRT', 'shared', 'rbsivheroin', 'TLFB_Alcohol_Count', 'TLFB_Amphetamine_Count', 'TLFB_Benzodiazepine_Count', 'TLFB_Buprenorphine_Count', 'TLFB_Cocaine_Count', 'TLFB_Heroin_Count', 'TLFB_Methadone_Count', 'TLFB_Opioid_Count', 'TLFB_THC_Count', 'TLFB_Other', 'Homosexual_Behavior', 'Non_monogamous_Relationships']
2024-08-05 13:21:28,324 - INFO - Fitting logistic regression model with the selected features...
2024-08-05 13:21:28,769 - INFO - Model training completed successfully.
2024-08-05 13:21:28,769 - INFO - Calculating the dynamic threshold based on the proportion of positive outcomes...
2024-08-05 13:21:28,769 - INFO - Ratio of 1s to 0s in the outcome variable: 0.56 : 0.44
2024-08-05 13:21:28,769 - INFO - Dynamic threshold set to: 0.56
2024-08-05 13:21:28,769 - INFO - Model trained and saved successfully for subset 3.
2024-08-05 13:21:28,770 - INFO - ---------------------------
2024-08-05 13:21:28,770 - INFO - TRAIN MODEL STAGE COMPLETED FOR SUBSET 3
2024-08-05 13:21:28,770 - INFO - ---------------------------
2024-08-05 13:21:28,770 - INFO - --------------------------------
2024-08-05 13:21:28,770 - INFO - EVALUATE MODEL STAGE STARTING FOR SUBSET 3...
2024-08-05 13:21:28,770 - INFO - --------------------------------
2024-08-05 13:21:28,793 - INFO - ROC AUC Score: 0.6501948051948051
2024-08-05 13:21:28,793 - INFO - Confusion Matrix: 
[[77 33]
 [61 79]]
2024-08-05 13:21:28,794 - INFO - Precision: 0.7053571428571429
2024-08-05 13:21:28,794 - INFO - Recall: 0.5642857142857143
2024-08-05 13:21:28,794 - INFO - Model evaluated successfully for subset 3.
2024-08-05 13:21:28,794 - INFO - ------------------------------
2024-08-05 13:21:28,794 - INFO - EVALUATE MODEL STAGE COMPLETED FOR SUBSET 3
2024-08-05 13:21:28,794 - INFO - ------------------------------
2024-08-05 13:21:28,795 - INFO - Subset 4 demographic makeup: 650 1, 174 3, 106 2, 70 4
2024-08-05 13:21:28,795 - INFO - Processing subset 4...
2024-08-05 13:21:28,795 - INFO - -----------------------------
2024-08-05 13:21:28,795 - INFO - TRAIN MODEL STAGE STARTING FOR SUBSET 4...
2024-08-05 13:21:28,795 - INFO - -----------------------------
2024-08-05 13:21:28,802 - INFO - Scaling features and applying LASSO for feature selection...
2024-08-05 13:21:29,034 - INFO - Selected features (including required): ['who', 'RaceEth', 'age', 'is_female', 'is_hispanic', 'unemployed', 'unstableliving', 'education', 'marital', 'UDS_Amphetamine_Count', 'UDS_Benzodiazepine_Count', 'UDS_Buprenorphine_Count', 'UDS_Cocaine_Count', 'UDS_Methadone_Count', 'UDS_Opioid_Count', 'UDS_Sedatives_Count', 'UDS_Thc_Count', 'pain', 'has_schizophrenia', 'has_major_dep', 'has_bipolar', 'has_anx_pan', 'has_brain_damage', 'has_epilepsy', 'has_alcol_dx', 'has_amphetamines_dx', 'has_cannabis_dx', 'has_cocaine_dx', 'has_sedatives_dx', 'ftnd', 'XTRT', 'shared', 'rbsivheroin', 'TLFB_Alcohol_Count', 'TLFB_Amphetamine_Count', 'TLFB_Benzodiazepine_Count', 'TLFB_Buprenorphine_Count', 'TLFB_Cocaine_Count', 'TLFB_Heroin_Count', 'TLFB_Methadone_Count', 'TLFB_Opioid_Count', 'TLFB_THC_Count', 'TLFB_Other', 'Homosexual_Behavior', 'Non_monogamous_Relationships']
2024-08-05 13:21:29,040 - INFO - Fitting logistic regression model with the selected features...
2024-08-05 13:21:29,856 - INFO - Model training completed successfully.
2024-08-05 13:21:29,856 - INFO - Calculating the dynamic threshold based on the proportion of positive outcomes...
2024-08-05 13:21:29,857 - INFO - Ratio of 1s to 0s in the outcome variable: 0.47 : 0.53
2024-08-05 13:21:29,857 - INFO - Dynamic threshold set to: 0.472
2024-08-05 13:21:29,857 - INFO - Model trained and saved successfully for subset 4.
2024-08-05 13:21:29,857 - INFO - ---------------------------
2024-08-05 13:21:29,857 - INFO - TRAIN MODEL STAGE COMPLETED FOR SUBSET 4
2024-08-05 13:21:29,857 - INFO - ---------------------------
2024-08-05 13:21:29,857 - INFO - --------------------------------
2024-08-05 13:21:29,857 - INFO - EVALUATE MODEL STAGE STARTING FOR SUBSET 4...
2024-08-05 13:21:29,857 - INFO - --------------------------------
2024-08-05 13:21:29,869 - INFO - ROC AUC Score: 0.6142783769902413
2024-08-05 13:21:29,869 - INFO - Confusion Matrix: 
[[65 67]
 [38 80]]
2024-08-05 13:21:29,870 - INFO - Precision: 0.54421768707483
2024-08-05 13:21:29,870 - INFO - Recall: 0.6779661016949152
2024-08-05 13:21:29,870 - INFO - Model evaluated successfully for subset 4.
2024-08-05 13:21:29,870 - INFO - ------------------------------
2024-08-05 13:21:29,870 - INFO - EVALUATE MODEL STAGE COMPLETED FOR SUBSET 4
2024-08-05 13:21:29,870 - INFO - ------------------------------
2024-08-05 13:21:29,871 - INFO - Subset 5 demographic makeup: 700 1, 152 3, 91 2, 57 4
2024-08-05 13:21:29,871 - INFO - Processing subset 5...
2024-08-05 13:21:29,871 - INFO - -----------------------------
2024-08-05 13:21:29,871 - INFO - TRAIN MODEL STAGE STARTING FOR SUBSET 5...
2024-08-05 13:21:29,871 - INFO - -----------------------------
2024-08-05 13:21:29,882 - INFO - Scaling features and applying LASSO for feature selection...
2024-08-05 13:21:30,095 - INFO - Selected features (including required): ['who', 'RaceEth', 'age', 'is_female', 'is_hispanic', 'unemployed', 'unstableliving', 'education', 'marital', 'UDS_Amphetamine_Count', 'UDS_Benzodiazepine_Count', 'UDS_Buprenorphine_Count', 'UDS_Cocaine_Count', 'UDS_Methadone_Count', 'UDS_Opioid_Count', 'UDS_Sedatives_Count', 'UDS_Thc_Count', 'pain', 'has_schizophrenia', 'has_major_dep', 'has_bipolar', 'has_anx_pan', 'has_brain_damage', 'has_epilepsy', 'has_alcol_dx', 'has_amphetamines_dx', 'has_cannabis_dx', 'has_cocaine_dx', 'has_sedatives_dx', 'ftnd', 'XTRT', 'shared', 'rbsivheroin', 'TLFB_Alcohol_Count', 'TLFB_Amphetamine_Count', 'TLFB_Benzodiazepine_Count', 'TLFB_Buprenorphine_Count', 'TLFB_Cocaine_Count', 'TLFB_Heroin_Count', 'TLFB_Methadone_Count', 'TLFB_Opioid_Count', 'TLFB_THC_Count', 'TLFB_Other', 'Homosexual_Behavior', 'Non_monogamous_Relationships']
2024-08-05 13:21:30,100 - INFO - Fitting logistic regression model with the selected features...
2024-08-05 13:21:30,736 - INFO - Model training completed successfully.
2024-08-05 13:21:30,736 - INFO - Calculating the dynamic threshold based on the proportion of positive outcomes...
2024-08-05 13:21:30,736 - INFO - Ratio of 1s to 0s in the outcome variable: 0.50 : 0.50
2024-08-05 13:21:30,736 - INFO - Dynamic threshold set to: 0.5
2024-08-05 13:21:30,736 - INFO - Model trained and saved successfully for subset 5.
2024-08-05 13:21:30,736 - INFO - ---------------------------
2024-08-05 13:21:30,736 - INFO - TRAIN MODEL STAGE COMPLETED FOR SUBSET 5
2024-08-05 13:21:30,737 - INFO - ---------------------------
2024-08-05 13:21:30,737 - INFO - --------------------------------
2024-08-05 13:21:30,737 - INFO - EVALUATE MODEL STAGE STARTING FOR SUBSET 5...
2024-08-05 13:21:30,737 - INFO - --------------------------------
2024-08-05 13:21:30,750 - INFO - ROC AUC Score: 0.6723199999999999
2024-08-05 13:21:30,750 - INFO - Confusion Matrix: 
[[70 55]
 [39 86]]
2024-08-05 13:21:30,750 - INFO - Precision: 0.6099290780141844
2024-08-05 13:21:30,750 - INFO - Recall: 0.688
2024-08-05 13:21:30,750 - INFO - Model evaluated successfully for subset 5.
2024-08-05 13:21:30,750 - INFO - ------------------------------
2024-08-05 13:21:30,751 - INFO - EVALUATE MODEL STAGE COMPLETED FOR SUBSET 5
2024-08-05 13:21:30,751 - INFO - ------------------------------
2024-08-05 13:21:30,751 - INFO - Subset 6 demographic makeup: 750 1, 131 3, 72 2, 47 4
2024-08-05 13:21:30,751 - INFO - Processing subset 6...
2024-08-05 13:21:30,752 - INFO - -----------------------------
2024-08-05 13:21:30,752 - INFO - TRAIN MODEL STAGE STARTING FOR SUBSET 6...
2024-08-05 13:21:30,752 - INFO - -----------------------------
2024-08-05 13:21:30,760 - INFO - Scaling features and applying LASSO for feature selection...
2024-08-05 13:21:31,007 - INFO - Selected features (including required): ['who', 'RaceEth', 'age', 'is_female', 'is_hispanic', 'unemployed', 'unstableliving', 'education', 'marital', 'UDS_Amphetamine_Count', 'UDS_Benzodiazepine_Count', 'UDS_Buprenorphine_Count', 'UDS_Cocaine_Count', 'UDS_Methadone_Count', 'UDS_Opioid_Count', 'UDS_Sedatives_Count', 'UDS_Thc_Count', 'pain', 'has_schizophrenia', 'has_major_dep', 'has_bipolar', 'has_anx_pan', 'has_brain_damage', 'has_epilepsy', 'has_alcol_dx', 'has_amphetamines_dx', 'has_cannabis_dx', 'has_cocaine_dx', 'has_sedatives_dx', 'ftnd', 'XTRT', 'shared', 'rbsivheroin', 'TLFB_Alcohol_Count', 'TLFB_Amphetamine_Count', 'TLFB_Benzodiazepine_Count', 'TLFB_Buprenorphine_Count', 'TLFB_Cocaine_Count', 'TLFB_Heroin_Count', 'TLFB_Methadone_Count', 'TLFB_Opioid_Count', 'TLFB_THC_Count', 'TLFB_Other', 'Homosexual_Behavior', 'Non_monogamous_Relationships']
2024-08-05 13:21:31,015 - INFO - Fitting logistic regression model with the selected features...
2024-08-05 13:21:31,702 - INFO - Model training completed successfully.
2024-08-05 13:21:31,702 - INFO - Calculating the dynamic threshold based on the proportion of positive outcomes...
2024-08-05 13:21:31,703 - INFO - Ratio of 1s to 0s in the outcome variable: 0.51 : 0.49
2024-08-05 13:21:31,703 - INFO - Dynamic threshold set to: 0.512
2024-08-05 13:21:31,703 - INFO - Model trained and saved successfully for subset 6.
2024-08-05 13:21:31,703 - INFO - ---------------------------
2024-08-05 13:21:31,703 - INFO - TRAIN MODEL STAGE COMPLETED FOR SUBSET 6
2024-08-05 13:21:31,703 - INFO - ---------------------------
2024-08-05 13:21:31,703 - INFO - --------------------------------
2024-08-05 13:21:31,703 - INFO - EVALUATE MODEL STAGE STARTING FOR SUBSET 6...
2024-08-05 13:21:31,703 - INFO - --------------------------------
2024-08-05 13:21:31,717 - INFO - ROC AUC Score: 0.6451716188524591
2024-08-05 13:21:31,718 - INFO - Confusion Matrix: 
[[53 69]
 [38 90]]
2024-08-05 13:21:31,718 - INFO - Precision: 0.5660377358490566
2024-08-05 13:21:31,718 - INFO - Recall: 0.703125
2024-08-05 13:21:31,718 - INFO - Model evaluated successfully for subset 6.
2024-08-05 13:21:31,718 - INFO - ------------------------------
2024-08-05 13:21:31,718 - INFO - EVALUATE MODEL STAGE COMPLETED FOR SUBSET 6
2024-08-05 13:21:31,718 - INFO - ------------------------------
2024-08-05 13:21:31,719 - INFO - Subset 7 demographic makeup: 800 1, 105 3, 56 2, 39 4
2024-08-05 13:21:31,719 - INFO - Processing subset 7...
2024-08-05 13:21:31,719 - INFO - -----------------------------
2024-08-05 13:21:31,719 - INFO - TRAIN MODEL STAGE STARTING FOR SUBSET 7...
2024-08-05 13:21:31,719 - INFO - -----------------------------
2024-08-05 13:21:31,727 - INFO - Scaling features and applying LASSO for feature selection...
2024-08-05 13:21:33,258 - INFO - Selected features (including required): ['who', 'RaceEth', 'age', 'is_female', 'is_hispanic', 'unemployed', 'unstableliving', 'education', 'marital', 'UDS_Amphetamine_Count', 'UDS_Benzodiazepine_Count', 'UDS_Buprenorphine_Count', 'UDS_Cocaine_Count', 'UDS_Methadone_Count', 'UDS_Opioid_Count', 'UDS_Sedatives_Count', 'UDS_Thc_Count', 'pain', 'has_schizophrenia', 'has_major_dep', 'has_bipolar', 'has_anx_pan', 'has_brain_damage', 'has_epilepsy', 'has_alcol_dx', 'has_amphetamines_dx', 'has_cannabis_dx', 'has_cocaine_dx', 'has_sedatives_dx', 'ftnd', 'XTRT', 'shared', 'rbsivheroin', 'TLFB_Alcohol_Count', 'TLFB_Amphetamine_Count', 'TLFB_Benzodiazepine_Count', 'TLFB_Buprenorphine_Count', 'TLFB_Cocaine_Count', 'TLFB_Heroin_Count', 'TLFB_Methadone_Count', 'TLFB_Opioid_Count', 'TLFB_THC_Count', 'TLFB_Other', 'Homosexual_Behavior', 'Non_monogamous_Relationships']
2024-08-05 13:21:33,263 - INFO - Fitting logistic regression model with the selected features...
2024-08-05 13:21:33,790 - INFO - Model training completed successfully.
2024-08-05 13:21:33,790 - INFO - Calculating the dynamic threshold based on the proportion of positive outcomes...
2024-08-05 13:21:33,792 - INFO - Ratio of 1s to 0s in the outcome variable: 0.58 : 0.42
2024-08-05 13:21:33,792 - INFO - Dynamic threshold set to: 0.576
2024-08-05 13:21:33,793 - INFO - Model trained and saved successfully for subset 7.
2024-08-05 13:21:33,794 - INFO - ---------------------------
2024-08-05 13:21:33,796 - INFO - TRAIN MODEL STAGE COMPLETED FOR SUBSET 7
2024-08-05 13:21:33,797 - INFO - ---------------------------
2024-08-05 13:21:33,798 - INFO - --------------------------------
2024-08-05 13:21:33,798 - INFO - EVALUATE MODEL STAGE STARTING FOR SUBSET 7...
2024-08-05 13:21:33,799 - INFO - --------------------------------
2024-08-05 13:21:33,823 - INFO - ROC AUC Score: 0.6243448637316562
2024-08-05 13:21:33,824 - INFO - Confusion Matrix: 
[[73 33]
 [69 75]]
2024-08-05 13:21:33,824 - INFO - Precision: 0.6944444444444444
2024-08-05 13:21:33,824 - INFO - Recall: 0.5208333333333334
2024-08-05 13:21:33,829 - INFO - Model evaluated successfully for subset 7.
2024-08-05 13:21:33,830 - INFO - ------------------------------
2024-08-05 13:21:33,831 - INFO - EVALUATE MODEL STAGE COMPLETED FOR SUBSET 7
2024-08-05 13:21:33,831 - INFO - ------------------------------
2024-08-05 13:21:33,833 - INFO - Subset 8 demographic makeup: 850 1, 80 3, 40 2, 30 4
2024-08-05 13:21:33,836 - INFO - Processing subset 8...
2024-08-05 13:21:33,837 - INFO - -----------------------------
2024-08-05 13:21:33,838 - INFO - TRAIN MODEL STAGE STARTING FOR SUBSET 8...
2024-08-05 13:21:33,838 - INFO - -----------------------------
2024-08-05 13:21:33,849 - INFO - Scaling features and applying LASSO for feature selection...
2024-08-05 13:21:34,093 - INFO - Selected features (including required): ['who', 'RaceEth', 'age', 'is_female', 'is_hispanic', 'unemployed', 'unstableliving', 'education', 'marital', 'UDS_Amphetamine_Count', 'UDS_Benzodiazepine_Count', 'UDS_Buprenorphine_Count', 'UDS_Cocaine_Count', 'UDS_Methadone_Count', 'UDS_Opioid_Count', 'UDS_Sedatives_Count', 'UDS_Thc_Count', 'pain', 'has_schizophrenia', 'has_major_dep', 'has_bipolar', 'has_anx_pan', 'has_brain_damage', 'has_epilepsy', 'has_alcol_dx', 'has_amphetamines_dx', 'has_cannabis_dx', 'has_cocaine_dx', 'has_sedatives_dx', 'ftnd', 'XTRT', 'shared', 'rbsivheroin', 'TLFB_Alcohol_Count', 'TLFB_Amphetamine_Count', 'TLFB_Benzodiazepine_Count', 'TLFB_Buprenorphine_Count', 'TLFB_Cocaine_Count', 'TLFB_Heroin_Count', 'TLFB_Methadone_Count', 'TLFB_Opioid_Count', 'TLFB_THC_Count', 'TLFB_Other', 'Homosexual_Behavior', 'Non_monogamous_Relationships']
2024-08-05 13:21:34,098 - INFO - Fitting logistic regression model with the selected features...
2024-08-05 13:21:34,632 - INFO - Model training completed successfully.
2024-08-05 13:21:34,633 - INFO - Calculating the dynamic threshold based on the proportion of positive outcomes...
2024-08-05 13:21:34,633 - INFO - Ratio of 1s to 0s in the outcome variable: 0.56 : 0.44
2024-08-05 13:21:34,633 - INFO - Dynamic threshold set to: 0.556
2024-08-05 13:21:34,633 - INFO - Model trained and saved successfully for subset 8.
2024-08-05 13:21:34,633 - INFO - ---------------------------
2024-08-05 13:21:34,633 - INFO - TRAIN MODEL STAGE COMPLETED FOR SUBSET 8
2024-08-05 13:21:34,633 - INFO - ---------------------------
2024-08-05 13:21:34,633 - INFO - --------------------------------
2024-08-05 13:21:34,634 - INFO - EVALUATE MODEL STAGE STARTING FOR SUBSET 8...
2024-08-05 13:21:34,634 - INFO - --------------------------------
2024-08-05 13:21:34,648 - INFO - ROC AUC Score: 0.6261585326333527
2024-08-05 13:21:34,649 - INFO - Confusion Matrix: 
[[75 36]
 [60 79]]
2024-08-05 13:21:34,649 - INFO - Precision: 0.6869565217391305
2024-08-05 13:21:34,649 - INFO - Recall: 0.5683453237410072
2024-08-05 13:21:34,649 - INFO - Model evaluated successfully for subset 8.
2024-08-05 13:21:34,649 - INFO - ------------------------------
2024-08-05 13:21:34,649 - INFO - EVALUATE MODEL STAGE COMPLETED FOR SUBSET 8
2024-08-05 13:21:34,649 - INFO - ------------------------------
2024-08-05 13:21:34,650 - INFO - Subset 9 demographic makeup: 900 1, 48 3, 32 2, 20 4
2024-08-05 13:21:34,650 - INFO - Processing subset 9...
2024-08-05 13:21:34,650 - INFO - -----------------------------
2024-08-05 13:21:34,650 - INFO - TRAIN MODEL STAGE STARTING FOR SUBSET 9...
2024-08-05 13:21:34,650 - INFO - -----------------------------
2024-08-05 13:21:34,656 - INFO - Scaling features and applying LASSO for feature selection...
2024-08-05 13:21:35,545 - INFO - Selected features (including required): ['who', 'RaceEth', 'age', 'is_female', 'is_hispanic', 'unemployed', 'unstableliving', 'education', 'marital', 'UDS_Amphetamine_Count', 'UDS_Benzodiazepine_Count', 'UDS_Buprenorphine_Count', 'UDS_Cocaine_Count', 'UDS_Methadone_Count', 'UDS_Opioid_Count', 'UDS_Sedatives_Count', 'UDS_Thc_Count', 'pain', 'has_schizophrenia', 'has_major_dep', 'has_bipolar', 'has_anx_pan', 'has_brain_damage', 'has_epilepsy', 'has_alcol_dx', 'has_amphetamines_dx', 'has_cannabis_dx', 'has_cocaine_dx', 'has_sedatives_dx', 'ftnd', 'XTRT', 'shared', 'rbsivheroin', 'TLFB_Alcohol_Count', 'TLFB_Amphetamine_Count', 'TLFB_Benzodiazepine_Count', 'TLFB_Buprenorphine_Count', 'TLFB_Cocaine_Count', 'TLFB_Heroin_Count', 'TLFB_Methadone_Count', 'TLFB_Opioid_Count', 'TLFB_THC_Count', 'TLFB_Other', 'Homosexual_Behavior', 'Non_monogamous_Relationships']
2024-08-05 13:21:35,551 - INFO - Fitting logistic regression model with the selected features...
2024-08-05 13:21:35,902 - INFO - Model training completed successfully.
2024-08-05 13:21:35,902 - INFO - Calculating the dynamic threshold based on the proportion of positive outcomes...
2024-08-05 13:21:35,903 - INFO - Ratio of 1s to 0s in the outcome variable: 0.62 : 0.38
2024-08-05 13:21:35,903 - INFO - Dynamic threshold set to: 0.62
2024-08-05 13:21:35,903 - INFO - Model trained and saved successfully for subset 9.
2024-08-05 13:21:35,904 - INFO - ---------------------------
2024-08-05 13:21:35,905 - INFO - TRAIN MODEL STAGE COMPLETED FOR SUBSET 9
2024-08-05 13:21:35,907 - INFO - ---------------------------
2024-08-05 13:21:35,908 - INFO - --------------------------------
2024-08-05 13:21:35,909 - INFO - EVALUATE MODEL STAGE STARTING FOR SUBSET 9...
2024-08-05 13:21:35,909 - INFO - --------------------------------
2024-08-05 13:21:35,930 - INFO - ROC AUC Score: 0.6889643463497453
2024-08-05 13:21:35,931 - INFO - Confusion Matrix: 
[[81 14]
 [85 70]]
2024-08-05 13:21:35,931 - INFO - Precision: 0.8333333333333334
2024-08-05 13:21:35,931 - INFO - Recall: 0.45161290322580644
2024-08-05 13:21:35,932 - INFO - Model evaluated successfully for subset 9.
2024-08-05 13:21:35,933 - INFO - ------------------------------
2024-08-05 13:21:35,934 - INFO - EVALUATE MODEL STAGE COMPLETED FOR SUBSET 9
2024-08-05 13:21:35,938 - INFO - ------------------------------
2024-08-05 13:21:35,940 - INFO - Subset 10 demographic makeup: 950 1, 25 3, 13 2, 12 4
2024-08-05 13:21:35,940 - INFO - Processing subset 10...
2024-08-05 13:21:35,941 - INFO - -----------------------------
2024-08-05 13:21:35,941 - INFO - TRAIN MODEL STAGE STARTING FOR SUBSET 10...
2024-08-05 13:21:35,942 - INFO - -----------------------------
2024-08-05 13:21:35,951 - INFO - Scaling features and applying LASSO for feature selection...
2024-08-05 13:21:36,851 - INFO - Selected features (including required): ['who', 'RaceEth', 'age', 'is_female', 'is_hispanic', 'unemployed', 'unstableliving', 'education', 'marital', 'UDS_Amphetamine_Count', 'UDS_Benzodiazepine_Count', 'UDS_Buprenorphine_Count', 'UDS_Cocaine_Count', 'UDS_Methadone_Count', 'UDS_Opioid_Count', 'UDS_Sedatives_Count', 'UDS_Thc_Count', 'pain', 'has_schizophrenia', 'has_major_dep', 'has_bipolar', 'has_anx_pan', 'has_brain_damage', 'has_epilepsy', 'has_alcol_dx', 'has_amphetamines_dx', 'has_cannabis_dx', 'has_cocaine_dx', 'has_sedatives_dx', 'ftnd', 'XTRT', 'shared', 'rbsivheroin', 'TLFB_Alcohol_Count', 'TLFB_Amphetamine_Count', 'TLFB_Benzodiazepine_Count', 'TLFB_Buprenorphine_Count', 'TLFB_Cocaine_Count', 'TLFB_Heroin_Count', 'TLFB_Methadone_Count', 'TLFB_Opioid_Count', 'TLFB_THC_Count', 'TLFB_Other', 'Homosexual_Behavior', 'Non_monogamous_Relationships']
2024-08-05 13:21:36,856 - INFO - Fitting logistic regression model with the selected features...
2024-08-05 13:21:37,627 - INFO - Model training completed successfully.
2024-08-05 13:21:37,628 - INFO - Calculating the dynamic threshold based on the proportion of positive outcomes...
2024-08-05 13:21:37,628 - INFO - Ratio of 1s to 0s in the outcome variable: 0.58 : 0.42
2024-08-05 13:21:37,628 - INFO - Dynamic threshold set to: 0.584
2024-08-05 13:21:37,628 - INFO - Model trained and saved successfully for subset 10.
2024-08-05 13:21:37,628 - INFO - ---------------------------
2024-08-05 13:21:37,628 - INFO - TRAIN MODEL STAGE COMPLETED FOR SUBSET 10
2024-08-05 13:21:37,628 - INFO - ---------------------------
2024-08-05 13:21:37,628 - INFO - --------------------------------
2024-08-05 13:21:37,628 - INFO - EVALUATE MODEL STAGE STARTING FOR SUBSET 10...
2024-08-05 13:21:37,629 - INFO - --------------------------------
2024-08-05 13:21:37,653 - INFO - ROC AUC Score: 0.6151870389884089
2024-08-05 13:21:37,654 - INFO - Confusion Matrix: 
[[70 34]
 [65 81]]
2024-08-05 13:21:37,654 - INFO - Precision: 0.7043478260869566
2024-08-05 13:21:37,654 - INFO - Recall: 0.5547945205479452
2024-08-05 13:21:37,654 - INFO - Model evaluated successfully for subset 10.
2024-08-05 13:21:37,655 - INFO - ------------------------------
2024-08-05 13:21:37,655 - INFO - EVALUATE MODEL STAGE COMPLETED FOR SUBSET 10
2024-08-05 13:21:37,655 - INFO - ------------------------------
2024-08-05 13:21:37,656 - INFO - Subset 11 demographic makeup: 1000 1
2024-08-05 13:21:37,656 - INFO - Processing subset 11...
2024-08-05 13:21:37,656 - INFO - -----------------------------
2024-08-05 13:21:37,656 - INFO - TRAIN MODEL STAGE STARTING FOR SUBSET 11...
2024-08-05 13:21:37,656 - INFO - -----------------------------
2024-08-05 13:21:37,661 - INFO - Scaling features and applying LASSO for feature selection...
2024-08-05 13:21:38,853 - INFO - Selected features (including required): ['who', 'age', 'is_female', 'unemployed', 'unstableliving', 'education', 'marital', 'UDS_Amphetamine_Count', 'UDS_Benzodiazepine_Count', 'UDS_Buprenorphine_Count', 'UDS_Cocaine_Count', 'UDS_Methadone_Count', 'UDS_Opioid_Count', 'UDS_Sedatives_Count', 'UDS_Thc_Count', 'pain', 'has_schizophrenia', 'has_major_dep', 'has_bipolar', 'has_anx_pan', 'has_brain_damage', 'has_epilepsy', 'has_alcol_dx', 'has_amphetamines_dx', 'has_cannabis_dx', 'has_cocaine_dx', 'has_sedatives_dx', 'ftnd', 'XTRT', 'shared', 'rbsivheroin', 'TLFB_Alcohol_Count', 'TLFB_Amphetamine_Count', 'TLFB_Benzodiazepine_Count', 'TLFB_Buprenorphine_Count', 'TLFB_Cocaine_Count', 'TLFB_Heroin_Count', 'TLFB_Methadone_Count', 'TLFB_Opioid_Count', 'TLFB_THC_Count', 'TLFB_Other', 'Homosexual_Behavior', 'Non_monogamous_Relationships']
2024-08-05 13:21:38,871 - INFO - Fitting logistic regression model with the selected features...
2024-08-05 13:21:41,293 - INFO - Model training completed successfully.
2024-08-05 13:21:41,293 - INFO - Calculating the dynamic threshold based on the proportion of positive outcomes...
2024-08-05 13:21:41,293 - INFO - Ratio of 1s to 0s in the outcome variable: 0.60 : 0.40
2024-08-05 13:21:41,293 - INFO - Dynamic threshold set to: 0.6
2024-08-05 13:21:41,294 - INFO - Model trained and saved successfully for subset 11.
2024-08-05 13:21:41,294 - INFO - ---------------------------
2024-08-05 13:21:41,294 - INFO - TRAIN MODEL STAGE COMPLETED FOR SUBSET 11
2024-08-05 13:21:41,294 - INFO - ---------------------------
2024-08-05 13:21:41,294 - INFO - --------------------------------
2024-08-05 13:21:41,294 - INFO - EVALUATE MODEL STAGE STARTING FOR SUBSET 11...
2024-08-05 13:21:41,294 - INFO - --------------------------------
2024-08-05 13:21:41,307 - INFO - ROC AUC Score: 0.6333333333333333
2024-08-05 13:21:41,308 - INFO - Confusion Matrix: 
[[73 27]
 [83 67]]
2024-08-05 13:21:41,308 - INFO - Precision: 0.7127659574468085
2024-08-05 13:21:41,308 - INFO - Recall: 0.44666666666666666
2024-08-05 13:21:41,308 - INFO - Model evaluated successfully for subset 11.
2024-08-05 13:21:41,308 - INFO - ------------------------------
2024-08-05 13:21:41,308 - INFO - EVALUATE MODEL STAGE COMPLETED FOR SUBSET 11
2024-08-05 13:21:41,309 - INFO - ------------------------------
2024-08-05 13:21:41,309 - INFO - ------------------
2024-08-05 13:21:41,309 - INFO - PIPELINE COMPLETED
2024-08-05 13:21:41,309 - INFO - ------------------
