2024-07-31 14:43:31 - INFO - -------------------------------------------
2024-07-31 14:43:31 - INFO - Logging setup complete - starting pipeline.
2024-07-31 14:43:31 - INFO - -------------------------------------------
2024-07-31 14:43:31 - INFO - Global Seed set to: 1722451411
2024-07-31 14:43:36 - INFO - Datasets loaded successfully.
2024-07-31 14:43:36 - INFO - Starting preprocessing of the merged dataset...
2024-07-31 14:43:36 - INFO - ---------------------------------
2024-07-31 14:43:36 - INFO - PRE-PROCESSING STAGE STARTING...
2024-07-31 14:43:36 - INFO - ---------------------------------
2024-07-31 14:43:36 - INFO - Dropped initial columns: ['pain_when', 'is_smoker', 'per_day', 'max', 'amount', 'depression', 'anxiety', 'schizophrenia', 'max', 'amount', 'cocaine_inject_days', 'speedball_inject_days', 'opioid_inject_days', 'speed_inject_days', 'UDS_Alcohol_Count', 'UDS_Mdma/Hallucinogen_Count']
2024-07-31 14:43:36 - INFO - Converted Yes/No to binary.
2024-07-31 14:43:36 - INFO - Processed TLFB columns with specified columns: ['TLFB_Alcohol_Count', 'TLFB_Amphetamine_Count', 'TLFB_Cocaine_Count', 'TLFB_Heroin_Count', 'TLFB_Benzodiazepine_Count', 'TLFB_Opioid_Count', 'TLFB_THC_Count', 'TLFB_Methadone_Count', 'TLFB_Buprenorphine_Count']
2024-07-31 14:43:36 - INFO - Calculated behavioral columns.
2024-07-31 14:43:36 - INFO - Moved 'Rd_kostenB_1993' column to the end.
2024-07-31 14:43:37 - INFO - Dropped initial columns: ['msm_npt', 'msm_frq', 'txx_prt']
2024-07-31 14:43:37 - INFO - transform_data_with_nan_handling success
2024-07-31 14:43:37 - INFO - Renamed columns according to the mapping.
2024-07-31 14:43:37 - INFO - Transformed NaN to 0 for binary columns.
2024-07-31 14:43:37 - INFO - Transformed and renamed 'heroin_inject_days' column to 'rbsivheroin'.
2024-07-31 14:43:37 - INFO - Filled NaN with 0 for 'ftnd' column.
2024-07-31 14:43:37 - INFO - Dropped additional columns: ['rbs_iv_days', 'race', 'RBS_cocaine_Days', 'RBS_heroin_Days', 'RBS_opioid_Days', 'RBS_speed_Days', 'RBS_speedball_Days']
2024-07-31 14:43:37 - INFO - Converted UDS drug counts to binary.
2024-07-31 14:43:37 - INFO - ------------------------------
2024-07-31 14:43:37 - INFO - PRE-PROCESSING STAGE COMPLETED
2024-07-31 14:43:37 - INFO - ------------------------------
2024-07-31 14:43:37 - INFO - Merged dataset preprocessed successfully.
2024-07-31 14:43:37 - INFO - Creating demographic subsets from preprocessed data...
2024-07-31 14:43:45 - INFO - Created 11 subsets successfully.
2024-07-31 14:43:45 - INFO - Creating merged subsets from create_demographics_dfs function
2024-07-31 14:43:45 - INFO - Created 11 merged subsets successfully.
2024-07-31 14:43:45 - INFO - Subset 1 demographic makeup: 500 1, 248 3, 149 2, 103 4
2024-07-31 14:43:45 - INFO - Processing subset 1...
2024-07-31 14:43:45 - INFO - -----------------------------
2024-07-31 14:43:45 - INFO - TRAIN MODEL STAGE STARTING FOR SUBSET 1...
2024-07-31 14:43:45 - INFO - -----------------------------
2024-07-31 14:43:45 - INFO - Scaling features and applying LASSO for feature selection...
2024-07-31 14:43:46 - INFO - Selected features (including required): ['who', 'RaceEth', 'age', 'is_female', 'is_hispanic', 'unemployed', 'unstableliving', 'education', 'marital', 'UDS_Amphetamine_Count', 'UDS_Benzodiazepine_Count', 'UDS_Buprenorphine_Count', 'UDS_Cocaine_Count', 'UDS_Methadone_Count', 'UDS_Opioid_Count', 'UDS_Sedatives_Count', 'UDS_Thc_Count', 'pain', 'has_schizophrenia', 'has_major_dep', 'has_bipolar', 'has_anx_pan', 'has_brain_damage', 'has_epilepsy', 'has_alcol_dx', 'has_amphetamines_dx', 'has_cannabis_dx', 'has_cocaine_dx', 'has_sedatives_dx', 'ftnd', 'XTRT', 'shared', 'rbsivheroin', 'TLFB_Alcohol_Count', 'TLFB_Amphetamine_Count', 'TLFB_Benzodiazepine_Count', 'TLFB_Buprenorphine_Count', 'TLFB_Cocaine_Count', 'TLFB_Heroin_Count', 'TLFB_Methadone_Count', 'TLFB_Opioid_Count', 'TLFB_THC_Count', 'TLFB_Other', 'Homosexual_Behavior', 'Non_monogamous_Relationships']
2024-07-31 14:43:46 - INFO - Fitting logistic regression model with the selected features...
2024-07-31 14:43:47 - INFO - Model training completed successfully.
2024-07-31 14:43:47 - INFO - Calculating the dynamic threshold based on the proportion of positive outcomes...
2024-07-31 14:43:47 - INFO - Ratio of 1s to 0s in the outcome variable: 0.54 : 0.46
2024-07-31 14:43:47 - INFO - Dynamic threshold set to: 0.54
2024-07-31 14:43:47 - INFO - Model trained and saved successfully for subset 1.
2024-07-31 14:43:47 - INFO - ---------------------------
2024-07-31 14:43:47 - INFO - TRAIN MODEL STAGE COMPLETED FOR SUBSET 1
2024-07-31 14:43:47 - INFO - ---------------------------
2024-07-31 14:43:47 - INFO - --------------------------------
2024-07-31 14:43:47 - INFO - EVALUATE MODEL STAGE STARTING FOR SUBSET 1...
2024-07-31 14:43:47 - INFO - --------------------------------
2024-07-31 14:43:47 - INFO - ROC AUC Score: 0.6296296296296297
2024-07-31 14:43:47 - INFO - Confusion Matrix: 
[[74 41]
 [56 79]]
2024-07-31 14:43:47 - INFO - Precision: 0.6583333333333333
2024-07-31 14:43:47 - INFO - Recall: 0.5851851851851851
2024-07-31 14:43:47 - INFO - Model evaluated successfully for subset 1.
2024-07-31 14:43:47 - INFO - ------------------------------
2024-07-31 14:43:47 - INFO - EVALUATE MODEL STAGE COMPLETED FOR SUBSET 1
2024-07-31 14:43:47 - INFO - ------------------------------
2024-07-31 14:43:47 - INFO - Subset 2 demographic makeup: 550 1, 218 3, 136 2, 96 4
2024-07-31 14:43:47 - INFO - Processing subset 2...
2024-07-31 14:43:47 - INFO - -----------------------------
2024-07-31 14:43:47 - INFO - TRAIN MODEL STAGE STARTING FOR SUBSET 2...
2024-07-31 14:43:47 - INFO - -----------------------------
2024-07-31 14:43:47 - INFO - Scaling features and applying LASSO for feature selection...
2024-07-31 14:43:47 - INFO - Selected features (including required): ['who', 'RaceEth', 'age', 'is_female', 'is_hispanic', 'unemployed', 'unstableliving', 'education', 'marital', 'UDS_Amphetamine_Count', 'UDS_Benzodiazepine_Count', 'UDS_Buprenorphine_Count', 'UDS_Cocaine_Count', 'UDS_Methadone_Count', 'UDS_Opioid_Count', 'UDS_Sedatives_Count', 'UDS_Thc_Count', 'pain', 'has_schizophrenia', 'has_major_dep', 'has_bipolar', 'has_anx_pan', 'has_brain_damage', 'has_epilepsy', 'has_alcol_dx', 'has_amphetamines_dx', 'has_cannabis_dx', 'has_cocaine_dx', 'has_sedatives_dx', 'ftnd', 'XTRT', 'shared', 'rbsivheroin', 'TLFB_Alcohol_Count', 'TLFB_Amphetamine_Count', 'TLFB_Benzodiazepine_Count', 'TLFB_Buprenorphine_Count', 'TLFB_Cocaine_Count', 'TLFB_Heroin_Count', 'TLFB_Methadone_Count', 'TLFB_Opioid_Count', 'TLFB_THC_Count', 'TLFB_Other', 'Homosexual_Behavior', 'Non_monogamous_Relationships']
2024-07-31 14:43:47 - INFO - Fitting logistic regression model with the selected features...
2024-07-31 14:43:48 - INFO - Model training completed successfully.
2024-07-31 14:43:48 - INFO - Calculating the dynamic threshold based on the proportion of positive outcomes...
2024-07-31 14:43:48 - INFO - Ratio of 1s to 0s in the outcome variable: 0.52 : 0.48
2024-07-31 14:43:48 - INFO - Dynamic threshold set to: 0.524
2024-07-31 14:43:48 - INFO - Model trained and saved successfully for subset 2.
2024-07-31 14:43:48 - INFO - ---------------------------
2024-07-31 14:43:48 - INFO - TRAIN MODEL STAGE COMPLETED FOR SUBSET 2
2024-07-31 14:43:48 - INFO - ---------------------------
2024-07-31 14:43:48 - INFO - --------------------------------
2024-07-31 14:43:48 - INFO - EVALUATE MODEL STAGE STARTING FOR SUBSET 2...
2024-07-31 14:43:48 - INFO - --------------------------------
2024-07-31 14:43:48 - INFO - ROC AUC Score: 0.6196035666174867
2024-07-31 14:43:48 - INFO - Confusion Matrix: 
[[87 32]
 [70 61]]
2024-07-31 14:43:48 - INFO - Precision: 0.6559139784946236
2024-07-31 14:43:48 - INFO - Recall: 0.46564885496183206
2024-07-31 14:43:48 - INFO - Model evaluated successfully for subset 2.
2024-07-31 14:43:48 - INFO - ------------------------------
2024-07-31 14:43:48 - INFO - EVALUATE MODEL STAGE COMPLETED FOR SUBSET 2
2024-07-31 14:43:48 - INFO - ------------------------------
2024-07-31 14:43:48 - INFO - Subset 3 demographic makeup: 600 1, 193 3, 121 2, 86 4
2024-07-31 14:43:48 - INFO - Processing subset 3...
2024-07-31 14:43:48 - INFO - -----------------------------
2024-07-31 14:43:48 - INFO - TRAIN MODEL STAGE STARTING FOR SUBSET 3...
2024-07-31 14:43:48 - INFO - -----------------------------
2024-07-31 14:43:48 - INFO - Scaling features and applying LASSO for feature selection...
2024-07-31 14:43:49 - INFO - Selected features (including required): ['who', 'RaceEth', 'age', 'is_female', 'is_hispanic', 'unemployed', 'unstableliving', 'education', 'marital', 'UDS_Amphetamine_Count', 'UDS_Benzodiazepine_Count', 'UDS_Buprenorphine_Count', 'UDS_Cocaine_Count', 'UDS_Methadone_Count', 'UDS_Opioid_Count', 'UDS_Sedatives_Count', 'UDS_Thc_Count', 'pain', 'has_schizophrenia', 'has_major_dep', 'has_bipolar', 'has_anx_pan', 'has_brain_damage', 'has_epilepsy', 'has_alcol_dx', 'has_amphetamines_dx', 'has_cannabis_dx', 'has_cocaine_dx', 'has_sedatives_dx', 'ftnd', 'XTRT', 'shared', 'rbsivheroin', 'TLFB_Alcohol_Count', 'TLFB_Amphetamine_Count', 'TLFB_Benzodiazepine_Count', 'TLFB_Buprenorphine_Count', 'TLFB_Cocaine_Count', 'TLFB_Heroin_Count', 'TLFB_Methadone_Count', 'TLFB_Opioid_Count', 'TLFB_THC_Count', 'TLFB_Other', 'Homosexual_Behavior', 'Non_monogamous_Relationships']
2024-07-31 14:43:49 - INFO - Fitting logistic regression model with the selected features...
2024-07-31 14:43:49 - INFO - Model training completed successfully.
2024-07-31 14:43:49 - INFO - Calculating the dynamic threshold based on the proportion of positive outcomes...
2024-07-31 14:43:49 - INFO - Ratio of 1s to 0s in the outcome variable: 0.58 : 0.42
2024-07-31 14:43:49 - INFO - Dynamic threshold set to: 0.584
2024-07-31 14:43:49 - INFO - Model trained and saved successfully for subset 3.
2024-07-31 14:43:49 - INFO - ---------------------------
2024-07-31 14:43:49 - INFO - TRAIN MODEL STAGE COMPLETED FOR SUBSET 3
2024-07-31 14:43:49 - INFO - ---------------------------
2024-07-31 14:43:49 - INFO - --------------------------------
2024-07-31 14:43:49 - INFO - EVALUATE MODEL STAGE STARTING FOR SUBSET 3...
2024-07-31 14:43:49 - INFO - --------------------------------
2024-07-31 14:43:49 - INFO - ROC AUC Score: 0.6190068493150683
2024-07-31 14:43:49 - INFO - Confusion Matrix: 
[[73 31]
 [81 65]]
2024-07-31 14:43:49 - INFO - Precision: 0.6770833333333334
2024-07-31 14:43:49 - INFO - Recall: 0.4452054794520548
2024-07-31 14:43:49 - INFO - Model evaluated successfully for subset 3.
2024-07-31 14:43:49 - INFO - ------------------------------
2024-07-31 14:43:49 - INFO - EVALUATE MODEL STAGE COMPLETED FOR SUBSET 3
2024-07-31 14:43:49 - INFO - ------------------------------
2024-07-31 14:43:49 - INFO - Subset 4 demographic makeup: 650 1, 173 3, 102 2, 75 4
2024-07-31 14:43:49 - INFO - Processing subset 4...
2024-07-31 14:43:49 - INFO - -----------------------------
2024-07-31 14:43:49 - INFO - TRAIN MODEL STAGE STARTING FOR SUBSET 4...
2024-07-31 14:43:49 - INFO - -----------------------------
2024-07-31 14:43:49 - INFO - Scaling features and applying LASSO for feature selection...
2024-07-31 14:43:50 - INFO - Selected features (including required): ['who', 'RaceEth', 'age', 'is_female', 'is_hispanic', 'unemployed', 'unstableliving', 'education', 'marital', 'UDS_Amphetamine_Count', 'UDS_Benzodiazepine_Count', 'UDS_Buprenorphine_Count', 'UDS_Cocaine_Count', 'UDS_Methadone_Count', 'UDS_Opioid_Count', 'UDS_Sedatives_Count', 'UDS_Thc_Count', 'pain', 'has_schizophrenia', 'has_major_dep', 'has_bipolar', 'has_anx_pan', 'has_brain_damage', 'has_epilepsy', 'has_alcol_dx', 'has_amphetamines_dx', 'has_cannabis_dx', 'has_cocaine_dx', 'has_sedatives_dx', 'ftnd', 'XTRT', 'shared', 'rbsivheroin', 'TLFB_Alcohol_Count', 'TLFB_Amphetamine_Count', 'TLFB_Benzodiazepine_Count', 'TLFB_Buprenorphine_Count', 'TLFB_Cocaine_Count', 'TLFB_Heroin_Count', 'TLFB_Methadone_Count', 'TLFB_Opioid_Count', 'TLFB_THC_Count', 'TLFB_Other', 'Homosexual_Behavior', 'Non_monogamous_Relationships']
2024-07-31 14:43:50 - INFO - Fitting logistic regression model with the selected features...
2024-07-31 14:43:51 - INFO - Model training completed successfully.
2024-07-31 14:43:51 - INFO - Calculating the dynamic threshold based on the proportion of positive outcomes...
2024-07-31 14:43:51 - INFO - Ratio of 1s to 0s in the outcome variable: 0.52 : 0.48
2024-07-31 14:43:51 - INFO - Dynamic threshold set to: 0.52
2024-07-31 14:43:51 - INFO - Model trained and saved successfully for subset 4.
2024-07-31 14:43:51 - INFO - ---------------------------
2024-07-31 14:43:51 - INFO - TRAIN MODEL STAGE COMPLETED FOR SUBSET 4
2024-07-31 14:43:51 - INFO - ---------------------------
2024-07-31 14:43:51 - INFO - --------------------------------
2024-07-31 14:43:51 - INFO - EVALUATE MODEL STAGE STARTING FOR SUBSET 4...
2024-07-31 14:43:51 - INFO - --------------------------------
2024-07-31 14:43:51 - INFO - ROC AUC Score: 0.6571153846153845
2024-07-31 14:43:51 - INFO - Confusion Matrix: 
[[68 52]
 [48 82]]
2024-07-31 14:43:51 - INFO - Precision: 0.6119402985074627
2024-07-31 14:43:51 - INFO - Recall: 0.6307692307692307
2024-07-31 14:43:51 - INFO - Model evaluated successfully for subset 4.
2024-07-31 14:43:51 - INFO - ------------------------------
2024-07-31 14:43:51 - INFO - EVALUATE MODEL STAGE COMPLETED FOR SUBSET 4
2024-07-31 14:43:51 - INFO - ------------------------------
2024-07-31 14:43:51 - INFO - Subset 5 demographic makeup: 700 1, 143 3, 92 2, 65 4
2024-07-31 14:43:51 - INFO - Processing subset 5...
2024-07-31 14:43:51 - INFO - -----------------------------
2024-07-31 14:43:51 - INFO - TRAIN MODEL STAGE STARTING FOR SUBSET 5...
2024-07-31 14:43:51 - INFO - -----------------------------
2024-07-31 14:43:51 - INFO - Scaling features and applying LASSO for feature selection...
2024-07-31 14:43:52 - INFO - Selected features (including required): ['who', 'RaceEth', 'age', 'is_female', 'is_hispanic', 'unemployed', 'unstableliving', 'education', 'marital', 'UDS_Amphetamine_Count', 'UDS_Benzodiazepine_Count', 'UDS_Buprenorphine_Count', 'UDS_Cocaine_Count', 'UDS_Methadone_Count', 'UDS_Opioid_Count', 'UDS_Sedatives_Count', 'UDS_Thc_Count', 'pain', 'has_schizophrenia', 'has_major_dep', 'has_bipolar', 'has_anx_pan', 'has_brain_damage', 'has_epilepsy', 'has_alcol_dx', 'has_amphetamines_dx', 'has_cannabis_dx', 'has_cocaine_dx', 'has_sedatives_dx', 'ftnd', 'XTRT', 'shared', 'rbsivheroin', 'TLFB_Alcohol_Count', 'TLFB_Amphetamine_Count', 'TLFB_Benzodiazepine_Count', 'TLFB_Buprenorphine_Count', 'TLFB_Cocaine_Count', 'TLFB_Heroin_Count', 'TLFB_Methadone_Count', 'TLFB_Opioid_Count', 'TLFB_THC_Count', 'TLFB_Other', 'Homosexual_Behavior', 'Non_monogamous_Relationships']
2024-07-31 14:43:52 - INFO - Fitting logistic regression model with the selected features...
2024-07-31 14:43:52 - INFO - Model training completed successfully.
2024-07-31 14:43:52 - INFO - Calculating the dynamic threshold based on the proportion of positive outcomes...
2024-07-31 14:43:52 - INFO - Ratio of 1s to 0s in the outcome variable: 0.62 : 0.38
2024-07-31 14:43:52 - INFO - Dynamic threshold set to: 0.616
2024-07-31 14:43:52 - INFO - Model trained and saved successfully for subset 5.
2024-07-31 14:43:52 - INFO - ---------------------------
2024-07-31 14:43:52 - INFO - TRAIN MODEL STAGE COMPLETED FOR SUBSET 5
2024-07-31 14:43:52 - INFO - ---------------------------
2024-07-31 14:43:52 - INFO - --------------------------------
2024-07-31 14:43:52 - INFO - EVALUATE MODEL STAGE STARTING FOR SUBSET 5...
2024-07-31 14:43:52 - INFO - --------------------------------
2024-07-31 14:43:52 - INFO - ROC AUC Score: 0.6667343073593074
2024-07-31 14:43:52 - INFO - Confusion Matrix: 
[[72 24]
 [80 74]]
2024-07-31 14:43:52 - INFO - Precision: 0.7551020408163265
2024-07-31 14:43:52 - INFO - Recall: 0.4805194805194805
2024-07-31 14:43:52 - INFO - Model evaluated successfully for subset 5.
2024-07-31 14:43:52 - INFO - ------------------------------
2024-07-31 14:43:52 - INFO - EVALUATE MODEL STAGE COMPLETED FOR SUBSET 5
2024-07-31 14:43:52 - INFO - ------------------------------
2024-07-31 14:43:52 - INFO - Subset 6 demographic makeup: 750 1, 111 3, 83 2, 56 4
2024-07-31 14:43:52 - INFO - Processing subset 6...
2024-07-31 14:43:52 - INFO - -----------------------------
2024-07-31 14:43:52 - INFO - TRAIN MODEL STAGE STARTING FOR SUBSET 6...
2024-07-31 14:43:52 - INFO - -----------------------------
2024-07-31 14:43:52 - INFO - Scaling features and applying LASSO for feature selection...
2024-07-31 14:43:53 - INFO - Selected features (including required): ['who', 'RaceEth', 'age', 'is_female', 'is_hispanic', 'unemployed', 'unstableliving', 'education', 'marital', 'UDS_Amphetamine_Count', 'UDS_Benzodiazepine_Count', 'UDS_Buprenorphine_Count', 'UDS_Cocaine_Count', 'UDS_Methadone_Count', 'UDS_Opioid_Count', 'UDS_Sedatives_Count', 'UDS_Thc_Count', 'pain', 'has_schizophrenia', 'has_major_dep', 'has_bipolar', 'has_anx_pan', 'has_brain_damage', 'has_epilepsy', 'has_alcol_dx', 'has_amphetamines_dx', 'has_cannabis_dx', 'has_cocaine_dx', 'has_sedatives_dx', 'ftnd', 'XTRT', 'shared', 'rbsivheroin', 'TLFB_Alcohol_Count', 'TLFB_Amphetamine_Count', 'TLFB_Benzodiazepine_Count', 'TLFB_Buprenorphine_Count', 'TLFB_Cocaine_Count', 'TLFB_Heroin_Count', 'TLFB_Methadone_Count', 'TLFB_Opioid_Count', 'TLFB_THC_Count', 'TLFB_Other', 'Homosexual_Behavior', 'Non_monogamous_Relationships']
2024-07-31 14:43:53 - INFO - Fitting logistic regression model with the selected features...
2024-07-31 14:43:54 - INFO - Model training completed successfully.
2024-07-31 14:43:54 - INFO - Calculating the dynamic threshold based on the proportion of positive outcomes...
2024-07-31 14:43:54 - INFO - Ratio of 1s to 0s in the outcome variable: 0.58 : 0.42
2024-07-31 14:43:54 - INFO - Dynamic threshold set to: 0.58
2024-07-31 14:43:54 - INFO - Model trained and saved successfully for subset 6.
2024-07-31 14:43:54 - INFO - ---------------------------
2024-07-31 14:43:54 - INFO - TRAIN MODEL STAGE COMPLETED FOR SUBSET 6
2024-07-31 14:43:54 - INFO - ---------------------------
2024-07-31 14:43:54 - INFO - --------------------------------
2024-07-31 14:43:54 - INFO - EVALUATE MODEL STAGE STARTING FOR SUBSET 6...
2024-07-31 14:43:54 - INFO - --------------------------------
2024-07-31 14:43:54 - INFO - ROC AUC Score: 0.6811822660098521
2024-07-31 14:43:54 - INFO - Confusion Matrix: 
[[74 31]
 [65 80]]
2024-07-31 14:43:54 - INFO - Precision: 0.7207207207207207
2024-07-31 14:43:54 - INFO - Recall: 0.5517241379310345
2024-07-31 14:43:54 - INFO - Model evaluated successfully for subset 6.
2024-07-31 14:43:54 - INFO - ------------------------------
2024-07-31 14:43:54 - INFO - EVALUATE MODEL STAGE COMPLETED FOR SUBSET 6
2024-07-31 14:43:54 - INFO - ------------------------------
2024-07-31 14:43:54 - INFO - Subset 7 demographic makeup: 800 1, 89 3, 69 2, 42 4
2024-07-31 14:43:54 - INFO - Processing subset 7...
2024-07-31 14:43:54 - INFO - -----------------------------
2024-07-31 14:43:54 - INFO - TRAIN MODEL STAGE STARTING FOR SUBSET 7...
2024-07-31 14:43:54 - INFO - -----------------------------
2024-07-31 14:43:54 - INFO - Scaling features and applying LASSO for feature selection...
2024-07-31 14:43:59 - INFO - Selected features (including required): ['who', 'RaceEth', 'age', 'is_female', 'is_hispanic', 'unemployed', 'unstableliving', 'education', 'marital', 'UDS_Amphetamine_Count', 'UDS_Benzodiazepine_Count', 'UDS_Buprenorphine_Count', 'UDS_Cocaine_Count', 'UDS_Methadone_Count', 'UDS_Opioid_Count', 'UDS_Sedatives_Count', 'UDS_Thc_Count', 'pain', 'has_schizophrenia', 'has_major_dep', 'has_bipolar', 'has_anx_pan', 'has_brain_damage', 'has_epilepsy', 'has_alcol_dx', 'has_amphetamines_dx', 'has_cannabis_dx', 'has_cocaine_dx', 'has_sedatives_dx', 'ftnd', 'XTRT', 'shared', 'rbsivheroin', 'TLFB_Alcohol_Count', 'TLFB_Amphetamine_Count', 'TLFB_Benzodiazepine_Count', 'TLFB_Buprenorphine_Count', 'TLFB_Cocaine_Count', 'TLFB_Heroin_Count', 'TLFB_Methadone_Count', 'TLFB_Opioid_Count', 'TLFB_THC_Count', 'TLFB_Other', 'Homosexual_Behavior', 'Non_monogamous_Relationships']
2024-07-31 14:43:59 - INFO - Fitting logistic regression model with the selected features...
2024-07-31 14:44:00 - INFO - Model training completed successfully.
2024-07-31 14:44:00 - INFO - Calculating the dynamic threshold based on the proportion of positive outcomes...
2024-07-31 14:44:00 - INFO - Ratio of 1s to 0s in the outcome variable: 0.55 : 0.45
2024-07-31 14:44:00 - INFO - Dynamic threshold set to: 0.548
2024-07-31 14:44:00 - INFO - Model trained and saved successfully for subset 7.
2024-07-31 14:44:00 - INFO - ---------------------------
2024-07-31 14:44:00 - INFO - TRAIN MODEL STAGE COMPLETED FOR SUBSET 7
2024-07-31 14:44:00 - INFO - ---------------------------
2024-07-31 14:44:00 - INFO - --------------------------------
2024-07-31 14:44:00 - INFO - EVALUATE MODEL STAGE STARTING FOR SUBSET 7...
2024-07-31 14:44:00 - INFO - --------------------------------
2024-07-31 14:44:00 - INFO - ROC AUC Score: 0.6564821393966798
2024-07-31 14:44:00 - INFO - Confusion Matrix: 
[[66 47]
 [56 81]]
2024-07-31 14:44:00 - INFO - Precision: 0.6328125
2024-07-31 14:44:00 - INFO - Recall: 0.5912408759124088
2024-07-31 14:44:00 - INFO - Model evaluated successfully for subset 7.
2024-07-31 14:44:00 - INFO - ------------------------------
2024-07-31 14:44:00 - INFO - EVALUATE MODEL STAGE COMPLETED FOR SUBSET 7
2024-07-31 14:44:00 - INFO - ------------------------------
2024-07-31 14:44:00 - INFO - Subset 8 demographic makeup: 850 1, 68 3, 50 2, 32 4
2024-07-31 14:44:00 - INFO - Processing subset 8...
2024-07-31 14:44:00 - INFO - -----------------------------
2024-07-31 14:44:00 - INFO - TRAIN MODEL STAGE STARTING FOR SUBSET 8...
2024-07-31 14:44:00 - INFO - -----------------------------
2024-07-31 14:44:00 - INFO - Scaling features and applying LASSO for feature selection...
2024-07-31 14:44:04 - INFO - Selected features (including required): ['who', 'RaceEth', 'age', 'is_female', 'is_hispanic', 'unemployed', 'unstableliving', 'education', 'marital', 'UDS_Amphetamine_Count', 'UDS_Benzodiazepine_Count', 'UDS_Buprenorphine_Count', 'UDS_Cocaine_Count', 'UDS_Methadone_Count', 'UDS_Opioid_Count', 'UDS_Sedatives_Count', 'UDS_Thc_Count', 'pain', 'has_schizophrenia', 'has_major_dep', 'has_bipolar', 'has_anx_pan', 'has_brain_damage', 'has_epilepsy', 'has_alcol_dx', 'has_amphetamines_dx', 'has_cannabis_dx', 'has_cocaine_dx', 'has_sedatives_dx', 'ftnd', 'XTRT', 'shared', 'rbsivheroin', 'TLFB_Alcohol_Count', 'TLFB_Amphetamine_Count', 'TLFB_Benzodiazepine_Count', 'TLFB_Buprenorphine_Count', 'TLFB_Cocaine_Count', 'TLFB_Heroin_Count', 'TLFB_Methadone_Count', 'TLFB_Opioid_Count', 'TLFB_THC_Count', 'TLFB_Other', 'Homosexual_Behavior', 'Non_monogamous_Relationships']
2024-07-31 14:44:04 - INFO - Fitting logistic regression model with the selected features...
2024-07-31 14:44:05 - INFO - Model training completed successfully.
2024-07-31 14:44:05 - INFO - Calculating the dynamic threshold based on the proportion of positive outcomes...
2024-07-31 14:44:05 - INFO - Ratio of 1s to 0s in the outcome variable: 0.56 : 0.44
2024-07-31 14:44:05 - INFO - Dynamic threshold set to: 0.56
2024-07-31 14:44:05 - INFO - Model trained and saved successfully for subset 8.
2024-07-31 14:44:05 - INFO - ---------------------------
2024-07-31 14:44:05 - INFO - TRAIN MODEL STAGE COMPLETED FOR SUBSET 8
2024-07-31 14:44:05 - INFO - ---------------------------
2024-07-31 14:44:05 - INFO - --------------------------------
2024-07-31 14:44:05 - INFO - EVALUATE MODEL STAGE STARTING FOR SUBSET 8...
2024-07-31 14:44:05 - INFO - --------------------------------
2024-07-31 14:44:05 - INFO - ROC AUC Score: 0.7017532467532468
2024-07-31 14:44:05 - INFO - Confusion Matrix: 
[[71 39]
 [47 93]]
2024-07-31 14:44:05 - INFO - Precision: 0.7045454545454546
2024-07-31 14:44:05 - INFO - Recall: 0.6642857142857143
2024-07-31 14:44:05 - INFO - Model evaluated successfully for subset 8.
2024-07-31 14:44:05 - INFO - ------------------------------
2024-07-31 14:44:05 - INFO - EVALUATE MODEL STAGE COMPLETED FOR SUBSET 8
2024-07-31 14:44:05 - INFO - ------------------------------
2024-07-31 14:44:05 - INFO - Subset 9 demographic makeup: 900 1, 44 3, 33 2, 23 4
2024-07-31 14:44:05 - INFO - Processing subset 9...
2024-07-31 14:44:05 - INFO - -----------------------------
2024-07-31 14:44:05 - INFO - TRAIN MODEL STAGE STARTING FOR SUBSET 9...
2024-07-31 14:44:05 - INFO - -----------------------------
2024-07-31 14:44:05 - INFO - Scaling features and applying LASSO for feature selection...
2024-07-31 14:44:09 - INFO - Selected features (including required): ['who', 'RaceEth', 'age', 'is_female', 'is_hispanic', 'unemployed', 'unstableliving', 'education', 'marital', 'UDS_Amphetamine_Count', 'UDS_Benzodiazepine_Count', 'UDS_Buprenorphine_Count', 'UDS_Cocaine_Count', 'UDS_Methadone_Count', 'UDS_Opioid_Count', 'UDS_Sedatives_Count', 'UDS_Thc_Count', 'pain', 'has_schizophrenia', 'has_major_dep', 'has_bipolar', 'has_anx_pan', 'has_brain_damage', 'has_epilepsy', 'has_alcol_dx', 'has_amphetamines_dx', 'has_cannabis_dx', 'has_cocaine_dx', 'has_sedatives_dx', 'ftnd', 'XTRT', 'shared', 'rbsivheroin', 'TLFB_Alcohol_Count', 'TLFB_Amphetamine_Count', 'TLFB_Benzodiazepine_Count', 'TLFB_Buprenorphine_Count', 'TLFB_Cocaine_Count', 'TLFB_Heroin_Count', 'TLFB_Methadone_Count', 'TLFB_Opioid_Count', 'TLFB_THC_Count', 'TLFB_Other', 'Homosexual_Behavior', 'Non_monogamous_Relationships']
2024-07-31 14:44:09 - INFO - Fitting logistic regression model with the selected features...
2024-07-31 14:44:09 - INFO - Model training completed successfully.
2024-07-31 14:44:09 - INFO - Calculating the dynamic threshold based on the proportion of positive outcomes...
2024-07-31 14:44:09 - INFO - Ratio of 1s to 0s in the outcome variable: 0.62 : 0.38
2024-07-31 14:44:09 - INFO - Dynamic threshold set to: 0.624
2024-07-31 14:44:09 - INFO - Model trained and saved successfully for subset 9.
2024-07-31 14:44:09 - INFO - ---------------------------
2024-07-31 14:44:09 - INFO - TRAIN MODEL STAGE COMPLETED FOR SUBSET 9
2024-07-31 14:44:09 - INFO - ---------------------------
2024-07-31 14:44:09 - INFO - --------------------------------
2024-07-31 14:44:09 - INFO - EVALUATE MODEL STAGE STARTING FOR SUBSET 9...
2024-07-31 14:44:09 - INFO - --------------------------------
2024-07-31 14:44:09 - INFO - ROC AUC Score: 0.67253136933988
2024-07-31 14:44:09 - INFO - Confusion Matrix: 
[[78 16]
 [85 71]]
2024-07-31 14:44:09 - INFO - Precision: 0.8160919540229885
2024-07-31 14:44:09 - INFO - Recall: 0.4551282051282051
2024-07-31 14:44:09 - INFO - Model evaluated successfully for subset 9.
2024-07-31 14:44:09 - INFO - ------------------------------
2024-07-31 14:44:09 - INFO - EVALUATE MODEL STAGE COMPLETED FOR SUBSET 9
2024-07-31 14:44:09 - INFO - ------------------------------
2024-07-31 14:44:09 - INFO - Subset 10 demographic makeup: 950 1, 26 3, 13 4, 11 2
2024-07-31 14:44:09 - INFO - Processing subset 10...
2024-07-31 14:44:09 - INFO - -----------------------------
2024-07-31 14:44:09 - INFO - TRAIN MODEL STAGE STARTING FOR SUBSET 10...
2024-07-31 14:44:09 - INFO - -----------------------------
2024-07-31 14:44:09 - INFO - Scaling features and applying LASSO for feature selection...
2024-07-31 14:44:13 - INFO - Selected features (including required): ['who', 'RaceEth', 'age', 'is_female', 'is_hispanic', 'unemployed', 'unstableliving', 'education', 'marital', 'UDS_Amphetamine_Count', 'UDS_Benzodiazepine_Count', 'UDS_Buprenorphine_Count', 'UDS_Cocaine_Count', 'UDS_Methadone_Count', 'UDS_Opioid_Count', 'UDS_Sedatives_Count', 'UDS_Thc_Count', 'pain', 'has_schizophrenia', 'has_major_dep', 'has_bipolar', 'has_anx_pan', 'has_brain_damage', 'has_epilepsy', 'has_alcol_dx', 'has_amphetamines_dx', 'has_cannabis_dx', 'has_cocaine_dx', 'has_sedatives_dx', 'ftnd', 'XTRT', 'shared', 'rbsivheroin', 'TLFB_Alcohol_Count', 'TLFB_Amphetamine_Count', 'TLFB_Benzodiazepine_Count', 'TLFB_Buprenorphine_Count', 'TLFB_Cocaine_Count', 'TLFB_Heroin_Count', 'TLFB_Methadone_Count', 'TLFB_Opioid_Count', 'TLFB_THC_Count', 'TLFB_Other', 'Homosexual_Behavior', 'Non_monogamous_Relationships']
2024-07-31 14:44:13 - INFO - Fitting logistic regression model with the selected features...
2024-07-31 14:44:14 - INFO - Model training completed successfully.
2024-07-31 14:44:14 - INFO - Calculating the dynamic threshold based on the proportion of positive outcomes...
2024-07-31 14:44:14 - INFO - Ratio of 1s to 0s in the outcome variable: 0.59 : 0.41
2024-07-31 14:44:14 - INFO - Dynamic threshold set to: 0.592
2024-07-31 14:44:14 - INFO - Model trained and saved successfully for subset 10.
2024-07-31 14:44:14 - INFO - ---------------------------
2024-07-31 14:44:14 - INFO - TRAIN MODEL STAGE COMPLETED FOR SUBSET 10
2024-07-31 14:44:14 - INFO - ---------------------------
2024-07-31 14:44:14 - INFO - --------------------------------
2024-07-31 14:44:14 - INFO - EVALUATE MODEL STAGE STARTING FOR SUBSET 10...
2024-07-31 14:44:14 - INFO - --------------------------------
2024-07-31 14:44:14 - INFO - ROC AUC Score: 0.6640169581346052
2024-07-31 14:44:14 - INFO - Confusion Matrix: 
[[67 35]
 [75 73]]
2024-07-31 14:44:14 - INFO - Precision: 0.6759259259259259
2024-07-31 14:44:14 - INFO - Recall: 0.49324324324324326
2024-07-31 14:44:14 - INFO - Model evaluated successfully for subset 10.
2024-07-31 14:44:14 - INFO - ------------------------------
2024-07-31 14:44:14 - INFO - EVALUATE MODEL STAGE COMPLETED FOR SUBSET 10
2024-07-31 14:44:14 - INFO - ------------------------------
2024-07-31 14:44:14 - INFO - Subset 11 demographic makeup: 1000 1
2024-07-31 14:44:14 - INFO - Processing subset 11...
2024-07-31 14:44:14 - INFO - -----------------------------
2024-07-31 14:44:14 - INFO - TRAIN MODEL STAGE STARTING FOR SUBSET 11...
2024-07-31 14:44:14 - INFO - -----------------------------
2024-07-31 14:44:14 - INFO - Scaling features and applying LASSO for feature selection...
2024-07-31 14:44:18 - INFO - Selected features (including required): ['who', 'age', 'is_female', 'unemployed', 'unstableliving', 'education', 'marital', 'UDS_Amphetamine_Count', 'UDS_Benzodiazepine_Count', 'UDS_Buprenorphine_Count', 'UDS_Cocaine_Count', 'UDS_Methadone_Count', 'UDS_Opioid_Count', 'UDS_Sedatives_Count', 'UDS_Thc_Count', 'pain', 'has_schizophrenia', 'has_major_dep', 'has_bipolar', 'has_anx_pan', 'has_brain_damage', 'has_epilepsy', 'has_alcol_dx', 'has_amphetamines_dx', 'has_cannabis_dx', 'has_cocaine_dx', 'has_sedatives_dx', 'ftnd', 'XTRT', 'shared', 'rbsivheroin', 'TLFB_Alcohol_Count', 'TLFB_Amphetamine_Count', 'TLFB_Benzodiazepine_Count', 'TLFB_Buprenorphine_Count', 'TLFB_Cocaine_Count', 'TLFB_Heroin_Count', 'TLFB_Methadone_Count', 'TLFB_Opioid_Count', 'TLFB_THC_Count', 'TLFB_Other', 'Homosexual_Behavior', 'Non_monogamous_Relationships']
2024-07-31 14:44:18 - INFO - Fitting logistic regression model with the selected features...
2024-07-31 14:44:19 - INFO - Model training completed successfully.
2024-07-31 14:44:19 - INFO - Calculating the dynamic threshold based on the proportion of positive outcomes...
2024-07-31 14:44:19 - INFO - Ratio of 1s to 0s in the outcome variable: 0.51 : 0.49
2024-07-31 14:44:19 - INFO - Dynamic threshold set to: 0.508
2024-07-31 14:44:19 - INFO - Model trained and saved successfully for subset 11.
2024-07-31 14:44:19 - INFO - ---------------------------
2024-07-31 14:44:19 - INFO - TRAIN MODEL STAGE COMPLETED FOR SUBSET 11
2024-07-31 14:44:19 - INFO - ---------------------------
2024-07-31 14:44:19 - INFO - --------------------------------
2024-07-31 14:44:19 - INFO - EVALUATE MODEL STAGE STARTING FOR SUBSET 11...
2024-07-31 14:44:19 - INFO - --------------------------------
2024-07-31 14:44:19 - INFO - ROC AUC Score: 0.5894629025030408
2024-07-31 14:44:19 - INFO - Confusion Matrix: 
[[58 65]
 [53 74]]
2024-07-31 14:44:19 - INFO - Precision: 0.5323741007194245
2024-07-31 14:44:19 - INFO - Recall: 0.5826771653543307
2024-07-31 14:44:19 - INFO - Model evaluated successfully for subset 11.
2024-07-31 14:44:19 - INFO - ------------------------------
2024-07-31 14:44:19 - INFO - EVALUATE MODEL STAGE COMPLETED FOR SUBSET 11
2024-07-31 14:44:19 - INFO - ------------------------------
2024-07-31 14:44:19 - INFO - ------------------
2024-07-31 14:44:19 - INFO - PIPELINE COMPLETED
2024-07-31 14:44:19 - INFO - ------------------
