2024-08-02 18:06:18,998 - INFO - Global Seed set to: 1722636378
2024-08-02 18:06:51,344 - INFO - Outcome Name: ctn0094_relapse_event
2024-08-02 18:06:51,410 - INFO - Datasets loaded successfully.
2024-08-02 18:06:51,430 - INFO - Starting preprocessing of the merged dataset...
2024-08-02 18:06:51,430 - INFO - ---------------------------------
2024-08-02 18:06:51,430 - INFO - PRE-PROCESSING STAGE STARTING...
2024-08-02 18:06:51,430 - INFO - ---------------------------------
2024-08-02 18:06:51,541 - INFO - Dropped initial columns: ['pain_when', 'is_smoker', 'per_day', 'max', 'amount', 'depression', 'anxiety', 'schizophrenia', 'max', 'amount', 'cocaine_inject_days', 'speedball_inject_days', 'opioid_inject_days', 'speed_inject_days', 'UDS_Alcohol_Count', 'UDS_Mdma/Hallucinogen_Count']
2024-08-02 18:06:51,584 - INFO - Converted Yes/No to binary.
2024-08-02 18:06:51,593 - INFO - Processed TLFB columns with specified columns: ['TLFB_Alcohol_Count', 'TLFB_Amphetamine_Count', 'TLFB_Cocaine_Count', 'TLFB_Heroin_Count', 'TLFB_Benzodiazepine_Count', 'TLFB_Opioid_Count', 'TLFB_THC_Count', 'TLFB_Methadone_Count', 'TLFB_Buprenorphine_Count']
2024-08-02 18:06:51,597 - INFO - Calculated behavioral columns.
2024-08-02 18:06:51,601 - INFO - Moved 'ctn0094_relapse_event' column to the end.
2024-08-02 18:06:51,683 - INFO - Dropped initial columns: ['msm_npt', 'msm_frq', 'txx_prt']
2024-08-02 18:06:51,700 - INFO - transform_data_with_nan_handling success
2024-08-02 18:06:51,700 - INFO - Renamed columns according to the mapping.
2024-08-02 18:06:51,730 - INFO - Transformed NaN to 0 for binary columns.
2024-08-02 18:06:51,731 - INFO - Transformed and renamed 'heroin_inject_days' column to 'rbsivheroin'.
2024-08-02 18:06:51,732 - INFO - Filled NaN with 0 for 'ftnd' column.
2024-08-02 18:06:51,815 - INFO - Dropped additional columns: ['rbs_iv_days', 'race', 'RBS_cocaine_Days', 'RBS_heroin_Days', 'RBS_opioid_Days', 'RBS_speed_Days', 'RBS_speedball_Days']
2024-08-02 18:06:51,834 - INFO - Converted UDS drug counts to binary.
2024-08-02 18:06:51,889 - INFO - ------------------------------
2024-08-02 18:06:51,890 - INFO - PRE-PROCESSING STAGE COMPLETED
2024-08-02 18:06:51,890 - INFO - ------------------------------
2024-08-02 18:06:51,890 - INFO - Merged dataset preprocessed successfully.
2024-08-02 18:06:51,890 - INFO - Creating demographic subsets from preprocessed data...
2024-08-02 18:07:01,234 - INFO - Created 11 subsets successfully.
2024-08-02 18:07:01,239 - INFO - Creating merged subsets from create_demographics_dfs function
2024-08-02 18:07:01,322 - INFO - Created 11 merged subsets successfully.
2024-08-02 18:07:01,327 - INFO - Subset 1 demographic makeup: 500 1, 252 3, 150 2, 98 4
2024-08-02 18:07:01,329 - INFO - Processing subset 1...
2024-08-02 18:07:01,330 - INFO - -----------------------------
2024-08-02 18:07:01,331 - INFO - TRAIN MODEL STAGE STARTING FOR SUBSET 1...
2024-08-02 18:07:01,331 - INFO - -----------------------------
2024-08-02 18:07:01,337 - INFO - Scaling features and applying LASSO for feature selection...
2024-08-02 18:07:02,324 - INFO - Selected features (including required): ['who', 'RaceEth', 'age', 'is_female', 'is_hispanic', 'unemployed', 'unstableliving', 'education', 'marital', 'UDS_Amphetamine_Count', 'UDS_Benzodiazepine_Count', 'UDS_Buprenorphine_Count', 'UDS_Cocaine_Count', 'UDS_Methadone_Count', 'UDS_Opioid_Count', 'UDS_Sedatives_Count', 'UDS_Thc_Count', 'pain', 'has_schizophrenia', 'has_major_dep', 'has_bipolar', 'has_anx_pan', 'has_brain_damage', 'has_epilepsy', 'has_alcol_dx', 'has_amphetamines_dx', 'has_cannabis_dx', 'has_cocaine_dx', 'has_sedatives_dx', 'ftnd', 'XTRT', 'shared', 'rbsivheroin', 'TLFB_Alcohol_Count', 'TLFB_Amphetamine_Count', 'TLFB_Benzodiazepine_Count', 'TLFB_Buprenorphine_Count', 'TLFB_Cocaine_Count', 'TLFB_Heroin_Count', 'TLFB_Methadone_Count', 'TLFB_Opioid_Count', 'TLFB_THC_Count', 'TLFB_Other', 'Homosexual_Behavior', 'Non_monogamous_Relationships']
2024-08-02 18:07:02,331 - INFO - Fitting logistic regression model with the selected features...
2024-08-02 18:07:02,777 - INFO - Model training completed successfully.
2024-08-02 18:07:02,778 - INFO - Calculating the dynamic threshold based on the proportion of positive outcomes...
2024-08-02 18:07:02,781 - INFO - Ratio of 1s to 0s in the outcome variable: 0.75 : 0.25
2024-08-02 18:07:02,783 - INFO - Dynamic threshold set to: 0.752
2024-08-02 18:07:02,783 - INFO - Model trained and saved successfully for subset 1.
2024-08-02 18:07:02,783 - INFO - ---------------------------
2024-08-02 18:07:02,783 - INFO - TRAIN MODEL STAGE COMPLETED FOR SUBSET 1
2024-08-02 18:07:02,783 - INFO - ---------------------------
2024-08-02 18:07:02,783 - INFO - --------------------------------
2024-08-02 18:07:02,784 - INFO - EVALUATE MODEL STAGE STARTING FOR SUBSET 1...
2024-08-02 18:07:02,784 - INFO - --------------------------------
2024-08-02 18:07:02,821 - INFO - ROC AUC Score: 0.6088709677419356
2024-08-02 18:07:02,822 - INFO - Confusion Matrix: 
[[ 27  35]
 [ 55 133]]
2024-08-02 18:07:02,825 - INFO - Precision: 0.7916666666666666
2024-08-02 18:07:02,831 - INFO - Recall: 0.7074468085106383
2024-08-02 18:07:02,832 - INFO - Model evaluated successfully for subset 1.
2024-08-02 18:07:02,833 - INFO - ------------------------------
2024-08-02 18:07:02,834 - INFO - EVALUATE MODEL STAGE COMPLETED FOR SUBSET 1
2024-08-02 18:07:02,834 - INFO - ------------------------------
2024-08-02 18:07:02,840 - INFO - Subset 2 demographic makeup: 550 1, 224 3, 137 2, 89 4
2024-08-02 18:07:02,841 - INFO - Processing subset 2...
2024-08-02 18:07:02,841 - INFO - -----------------------------
2024-08-02 18:07:02,841 - INFO - TRAIN MODEL STAGE STARTING FOR SUBSET 2...
2024-08-02 18:07:02,842 - INFO - -----------------------------
2024-08-02 18:07:02,855 - INFO - Scaling features and applying LASSO for feature selection...
2024-08-02 18:07:03,837 - INFO - Selected features (including required): ['who', 'RaceEth', 'age', 'is_female', 'is_hispanic', 'unemployed', 'unstableliving', 'education', 'marital', 'UDS_Amphetamine_Count', 'UDS_Benzodiazepine_Count', 'UDS_Buprenorphine_Count', 'UDS_Cocaine_Count', 'UDS_Methadone_Count', 'UDS_Opioid_Count', 'UDS_Sedatives_Count', 'UDS_Thc_Count', 'pain', 'has_schizophrenia', 'has_major_dep', 'has_bipolar', 'has_anx_pan', 'has_brain_damage', 'has_epilepsy', 'has_alcol_dx', 'has_amphetamines_dx', 'has_cannabis_dx', 'has_cocaine_dx', 'has_sedatives_dx', 'ftnd', 'XTRT', 'shared', 'rbsivheroin', 'TLFB_Alcohol_Count', 'TLFB_Amphetamine_Count', 'TLFB_Benzodiazepine_Count', 'TLFB_Buprenorphine_Count', 'TLFB_Cocaine_Count', 'TLFB_Heroin_Count', 'TLFB_Methadone_Count', 'TLFB_Opioid_Count', 'TLFB_THC_Count', 'TLFB_Other', 'Homosexual_Behavior', 'Non_monogamous_Relationships']
2024-08-02 18:07:03,842 - INFO - Fitting logistic regression model with the selected features...
2024-08-02 18:07:04,515 - INFO - Model training completed successfully.
2024-08-02 18:07:04,517 - INFO - Calculating the dynamic threshold based on the proportion of positive outcomes...
2024-08-02 18:07:04,521 - INFO - Ratio of 1s to 0s in the outcome variable: 0.78 : 0.22
2024-08-02 18:07:04,523 - INFO - Dynamic threshold set to: 0.784
2024-08-02 18:07:04,523 - INFO - Model trained and saved successfully for subset 2.
2024-08-02 18:07:04,525 - INFO - ---------------------------
2024-08-02 18:07:04,525 - INFO - TRAIN MODEL STAGE COMPLETED FOR SUBSET 2
2024-08-02 18:07:04,525 - INFO - ---------------------------
2024-08-02 18:07:04,527 - INFO - --------------------------------
2024-08-02 18:07:04,528 - INFO - EVALUATE MODEL STAGE STARTING FOR SUBSET 2...
2024-08-02 18:07:04,533 - INFO - --------------------------------
2024-08-02 18:07:04,556 - INFO - ROC AUC Score: 0.5732237339380196
2024-08-02 18:07:04,557 - INFO - Confusion Matrix: 
[[ 26  28]
 [ 86 110]]
2024-08-02 18:07:04,558 - INFO - Precision: 0.7971014492753623
2024-08-02 18:07:04,558 - INFO - Recall: 0.5612244897959183
2024-08-02 18:07:04,559 - INFO - Model evaluated successfully for subset 2.
2024-08-02 18:07:04,559 - INFO - ------------------------------
2024-08-02 18:07:04,560 - INFO - EVALUATE MODEL STAGE COMPLETED FOR SUBSET 2
2024-08-02 18:07:04,565 - INFO - ------------------------------
2024-08-02 18:07:04,569 - INFO - Subset 3 demographic makeup: 600 1, 196 3, 124 2, 80 4
2024-08-02 18:07:04,582 - INFO - Processing subset 3...
2024-08-02 18:07:04,583 - INFO - -----------------------------
2024-08-02 18:07:04,592 - INFO - TRAIN MODEL STAGE STARTING FOR SUBSET 3...
2024-08-02 18:07:04,593 - INFO - -----------------------------
2024-08-02 18:07:04,600 - INFO - Scaling features and applying LASSO for feature selection...
2024-08-02 18:07:05,035 - INFO - Selected features (including required): ['who', 'RaceEth', 'age', 'is_female', 'is_hispanic', 'unemployed', 'unstableliving', 'education', 'marital', 'UDS_Amphetamine_Count', 'UDS_Benzodiazepine_Count', 'UDS_Buprenorphine_Count', 'UDS_Cocaine_Count', 'UDS_Methadone_Count', 'UDS_Opioid_Count', 'UDS_Sedatives_Count', 'UDS_Thc_Count', 'pain', 'has_schizophrenia', 'has_major_dep', 'has_bipolar', 'has_anx_pan', 'has_brain_damage', 'has_epilepsy', 'has_alcol_dx', 'has_amphetamines_dx', 'has_cannabis_dx', 'has_cocaine_dx', 'has_sedatives_dx', 'ftnd', 'XTRT', 'shared', 'rbsivheroin', 'TLFB_Alcohol_Count', 'TLFB_Amphetamine_Count', 'TLFB_Benzodiazepine_Count', 'TLFB_Buprenorphine_Count', 'TLFB_Cocaine_Count', 'TLFB_Heroin_Count', 'TLFB_Methadone_Count', 'TLFB_Opioid_Count', 'TLFB_THC_Count', 'TLFB_Other', 'Homosexual_Behavior', 'Non_monogamous_Relationships']
2024-08-02 18:07:05,040 - INFO - Fitting logistic regression model with the selected features...
2024-08-02 18:07:05,843 - INFO - Model training completed successfully.
2024-08-02 18:07:05,843 - INFO - Calculating the dynamic threshold based on the proportion of positive outcomes...
2024-08-02 18:07:05,843 - INFO - Ratio of 1s to 0s in the outcome variable: 0.78 : 0.22
2024-08-02 18:07:05,843 - INFO - Dynamic threshold set to: 0.78
2024-08-02 18:07:05,843 - INFO - Model trained and saved successfully for subset 3.
2024-08-02 18:07:05,844 - INFO - ---------------------------
2024-08-02 18:07:05,844 - INFO - TRAIN MODEL STAGE COMPLETED FOR SUBSET 3
2024-08-02 18:07:05,844 - INFO - ---------------------------
2024-08-02 18:07:05,844 - INFO - --------------------------------
2024-08-02 18:07:05,844 - INFO - EVALUATE MODEL STAGE STARTING FOR SUBSET 3...
2024-08-02 18:07:05,844 - INFO - --------------------------------
2024-08-02 18:07:05,857 - INFO - ROC AUC Score: 0.6062470862470862
2024-08-02 18:07:05,857 - INFO - Confusion Matrix: 
[[ 30  25]
 [ 83 112]]
2024-08-02 18:07:05,857 - INFO - Precision: 0.8175182481751825
2024-08-02 18:07:05,857 - INFO - Recall: 0.5743589743589743
2024-08-02 18:07:05,857 - INFO - Model evaluated successfully for subset 3.
2024-08-02 18:07:05,857 - INFO - ------------------------------
2024-08-02 18:07:05,858 - INFO - EVALUATE MODEL STAGE COMPLETED FOR SUBSET 3
2024-08-02 18:07:05,858 - INFO - ------------------------------
2024-08-02 18:07:05,858 - INFO - Subset 4 demographic makeup: 650 1, 170 3, 108 2, 72 4
2024-08-02 18:07:05,858 - INFO - Processing subset 4...
2024-08-02 18:07:05,859 - INFO - -----------------------------
2024-08-02 18:07:05,859 - INFO - TRAIN MODEL STAGE STARTING FOR SUBSET 4...
2024-08-02 18:07:05,859 - INFO - -----------------------------
2024-08-02 18:07:05,867 - INFO - Scaling features and applying LASSO for feature selection...
2024-08-02 18:07:06,171 - INFO - Selected features (including required): ['who', 'RaceEth', 'age', 'is_female', 'is_hispanic', 'unemployed', 'unstableliving', 'education', 'marital', 'UDS_Amphetamine_Count', 'UDS_Benzodiazepine_Count', 'UDS_Buprenorphine_Count', 'UDS_Cocaine_Count', 'UDS_Methadone_Count', 'UDS_Opioid_Count', 'UDS_Sedatives_Count', 'UDS_Thc_Count', 'pain', 'has_schizophrenia', 'has_major_dep', 'has_bipolar', 'has_anx_pan', 'has_brain_damage', 'has_epilepsy', 'has_alcol_dx', 'has_amphetamines_dx', 'has_cannabis_dx', 'has_cocaine_dx', 'has_sedatives_dx', 'ftnd', 'XTRT', 'shared', 'rbsivheroin', 'TLFB_Alcohol_Count', 'TLFB_Amphetamine_Count', 'TLFB_Benzodiazepine_Count', 'TLFB_Buprenorphine_Count', 'TLFB_Cocaine_Count', 'TLFB_Heroin_Count', 'TLFB_Methadone_Count', 'TLFB_Opioid_Count', 'TLFB_THC_Count', 'TLFB_Other', 'Homosexual_Behavior', 'Non_monogamous_Relationships']
2024-08-02 18:07:06,177 - INFO - Fitting logistic regression model with the selected features...
2024-08-02 18:07:06,711 - INFO - Model training completed successfully.
2024-08-02 18:07:06,711 - INFO - Calculating the dynamic threshold based on the proportion of positive outcomes...
2024-08-02 18:07:06,712 - INFO - Ratio of 1s to 0s in the outcome variable: 0.77 : 0.23
2024-08-02 18:07:06,712 - INFO - Dynamic threshold set to: 0.768
2024-08-02 18:07:06,712 - INFO - Model trained and saved successfully for subset 4.
2024-08-02 18:07:06,712 - INFO - ---------------------------
2024-08-02 18:07:06,712 - INFO - TRAIN MODEL STAGE COMPLETED FOR SUBSET 4
2024-08-02 18:07:06,712 - INFO - ---------------------------
2024-08-02 18:07:06,712 - INFO - --------------------------------
2024-08-02 18:07:06,712 - INFO - EVALUATE MODEL STAGE STARTING FOR SUBSET 4...
2024-08-02 18:07:06,712 - INFO - --------------------------------
2024-08-02 18:07:06,733 - INFO - ROC AUC Score: 0.5854885057471265
2024-08-02 18:07:06,734 - INFO - Confusion Matrix: 
[[36 22]
 [99 93]]
2024-08-02 18:07:06,735 - INFO - Precision: 0.808695652173913
2024-08-02 18:07:06,735 - INFO - Recall: 0.484375
2024-08-02 18:07:06,735 - INFO - Model evaluated successfully for subset 4.
2024-08-02 18:07:06,735 - INFO - ------------------------------
2024-08-02 18:07:06,735 - INFO - EVALUATE MODEL STAGE COMPLETED FOR SUBSET 4
2024-08-02 18:07:06,735 - INFO - ------------------------------
2024-08-02 18:07:06,736 - INFO - Subset 5 demographic makeup: 700 1, 142 3, 99 2, 59 4
2024-08-02 18:07:06,736 - INFO - Processing subset 5...
2024-08-02 18:07:06,736 - INFO - -----------------------------
2024-08-02 18:07:06,736 - INFO - TRAIN MODEL STAGE STARTING FOR SUBSET 5...
2024-08-02 18:07:06,736 - INFO - -----------------------------
2024-08-02 18:07:06,743 - INFO - Scaling features and applying LASSO for feature selection...
2024-08-02 18:07:07,242 - INFO - Selected features (including required): ['who', 'RaceEth', 'age', 'is_female', 'is_hispanic', 'unemployed', 'unstableliving', 'education', 'marital', 'UDS_Amphetamine_Count', 'UDS_Benzodiazepine_Count', 'UDS_Buprenorphine_Count', 'UDS_Cocaine_Count', 'UDS_Methadone_Count', 'UDS_Opioid_Count', 'UDS_Sedatives_Count', 'UDS_Thc_Count', 'pain', 'has_schizophrenia', 'has_major_dep', 'has_bipolar', 'has_anx_pan', 'has_brain_damage', 'has_epilepsy', 'has_alcol_dx', 'has_amphetamines_dx', 'has_cannabis_dx', 'has_cocaine_dx', 'has_sedatives_dx', 'ftnd', 'XTRT', 'shared', 'rbsivheroin', 'TLFB_Alcohol_Count', 'TLFB_Amphetamine_Count', 'TLFB_Benzodiazepine_Count', 'TLFB_Buprenorphine_Count', 'TLFB_Cocaine_Count', 'TLFB_Heroin_Count', 'TLFB_Methadone_Count', 'TLFB_Opioid_Count', 'TLFB_THC_Count', 'TLFB_Other', 'Homosexual_Behavior', 'Non_monogamous_Relationships']
2024-08-02 18:07:07,266 - INFO - Fitting logistic regression model with the selected features...
2024-08-02 18:07:08,638 - INFO - Model training completed successfully.
2024-08-02 18:07:08,638 - INFO - Calculating the dynamic threshold based on the proportion of positive outcomes...
2024-08-02 18:07:08,639 - INFO - Ratio of 1s to 0s in the outcome variable: 0.72 : 0.28
2024-08-02 18:07:08,639 - INFO - Dynamic threshold set to: 0.716
2024-08-02 18:07:08,640 - INFO - Model trained and saved successfully for subset 5.
2024-08-02 18:07:08,640 - INFO - ---------------------------
2024-08-02 18:07:08,640 - INFO - TRAIN MODEL STAGE COMPLETED FOR SUBSET 5
2024-08-02 18:07:08,640 - INFO - ---------------------------
2024-08-02 18:07:08,640 - INFO - --------------------------------
2024-08-02 18:07:08,640 - INFO - EVALUATE MODEL STAGE STARTING FOR SUBSET 5...
2024-08-02 18:07:08,641 - INFO - --------------------------------
2024-08-02 18:07:08,673 - INFO - ROC AUC Score: 0.6031159021166103
2024-08-02 18:07:08,679 - INFO - Confusion Matrix: 
[[ 30  41]
 [ 46 133]]
2024-08-02 18:07:08,691 - INFO - Precision: 0.764367816091954
2024-08-02 18:07:08,692 - INFO - Recall: 0.7430167597765364
2024-08-02 18:07:08,693 - INFO - Model evaluated successfully for subset 5.
2024-08-02 18:07:08,693 - INFO - ------------------------------
2024-08-02 18:07:08,694 - INFO - EVALUATE MODEL STAGE COMPLETED FOR SUBSET 5
2024-08-02 18:07:08,694 - INFO - ------------------------------
2024-08-02 18:07:08,696 - INFO - Subset 6 demographic makeup: 750 1, 114 3, 84 2, 52 4
2024-08-02 18:07:08,696 - INFO - Processing subset 6...
2024-08-02 18:07:08,696 - INFO - -----------------------------
2024-08-02 18:07:08,696 - INFO - TRAIN MODEL STAGE STARTING FOR SUBSET 6...
2024-08-02 18:07:08,697 - INFO - -----------------------------
2024-08-02 18:07:08,731 - INFO - Scaling features and applying LASSO for feature selection...
2024-08-02 18:07:09,091 - INFO - Selected features (including required): ['who', 'RaceEth', 'age', 'is_female', 'is_hispanic', 'unemployed', 'unstableliving', 'education', 'marital', 'UDS_Amphetamine_Count', 'UDS_Benzodiazepine_Count', 'UDS_Buprenorphine_Count', 'UDS_Cocaine_Count', 'UDS_Methadone_Count', 'UDS_Opioid_Count', 'UDS_Sedatives_Count', 'UDS_Thc_Count', 'pain', 'has_schizophrenia', 'has_major_dep', 'has_bipolar', 'has_anx_pan', 'has_brain_damage', 'has_epilepsy', 'has_alcol_dx', 'has_amphetamines_dx', 'has_cannabis_dx', 'has_cocaine_dx', 'has_sedatives_dx', 'ftnd', 'XTRT', 'shared', 'rbsivheroin', 'TLFB_Alcohol_Count', 'TLFB_Amphetamine_Count', 'TLFB_Benzodiazepine_Count', 'TLFB_Buprenorphine_Count', 'TLFB_Cocaine_Count', 'TLFB_Heroin_Count', 'TLFB_Methadone_Count', 'TLFB_Opioid_Count', 'TLFB_THC_Count', 'TLFB_Other', 'Homosexual_Behavior', 'Non_monogamous_Relationships']
2024-08-02 18:07:09,101 - INFO - Fitting logistic regression model with the selected features...
2024-08-02 18:07:09,899 - INFO - Model training completed successfully.
2024-08-02 18:07:09,899 - INFO - Calculating the dynamic threshold based on the proportion of positive outcomes...
2024-08-02 18:07:09,899 - INFO - Ratio of 1s to 0s in the outcome variable: 0.74 : 0.26
2024-08-02 18:07:09,899 - INFO - Dynamic threshold set to: 0.74
2024-08-02 18:07:09,900 - INFO - Model trained and saved successfully for subset 6.
2024-08-02 18:07:09,900 - INFO - ---------------------------
2024-08-02 18:07:09,900 - INFO - TRAIN MODEL STAGE COMPLETED FOR SUBSET 6
2024-08-02 18:07:09,900 - INFO - ---------------------------
2024-08-02 18:07:09,900 - INFO - --------------------------------
2024-08-02 18:07:09,900 - INFO - EVALUATE MODEL STAGE STARTING FOR SUBSET 6...
2024-08-02 18:07:09,900 - INFO - --------------------------------
2024-08-02 18:07:09,914 - INFO - ROC AUC Score: 0.6261122661122661
2024-08-02 18:07:09,915 - INFO - Confusion Matrix: 
[[ 38  27]
 [ 78 107]]
2024-08-02 18:07:09,915 - INFO - Precision: 0.7985074626865671
2024-08-02 18:07:09,915 - INFO - Recall: 0.5783783783783784
2024-08-02 18:07:09,915 - INFO - Model evaluated successfully for subset 6.
2024-08-02 18:07:09,915 - INFO - ------------------------------
2024-08-02 18:07:09,915 - INFO - EVALUATE MODEL STAGE COMPLETED FOR SUBSET 6
2024-08-02 18:07:09,915 - INFO - ------------------------------
2024-08-02 18:07:09,916 - INFO - Subset 7 demographic makeup: 800 1, 98 3, 63 2, 39 4
2024-08-02 18:07:09,916 - INFO - Processing subset 7...
2024-08-02 18:07:09,916 - INFO - -----------------------------
2024-08-02 18:07:09,916 - INFO - TRAIN MODEL STAGE STARTING FOR SUBSET 7...
2024-08-02 18:07:09,916 - INFO - -----------------------------
2024-08-02 18:07:09,923 - INFO - Scaling features and applying LASSO for feature selection...
2024-08-02 18:07:12,450 - INFO - Selected features (including required): ['who', 'RaceEth', 'age', 'is_female', 'is_hispanic', 'unemployed', 'unstableliving', 'education', 'marital', 'UDS_Amphetamine_Count', 'UDS_Benzodiazepine_Count', 'UDS_Buprenorphine_Count', 'UDS_Cocaine_Count', 'UDS_Methadone_Count', 'UDS_Opioid_Count', 'UDS_Sedatives_Count', 'UDS_Thc_Count', 'pain', 'has_schizophrenia', 'has_major_dep', 'has_bipolar', 'has_anx_pan', 'has_brain_damage', 'has_epilepsy', 'has_alcol_dx', 'has_amphetamines_dx', 'has_cannabis_dx', 'has_cocaine_dx', 'has_sedatives_dx', 'ftnd', 'XTRT', 'shared', 'rbsivheroin', 'TLFB_Alcohol_Count', 'TLFB_Amphetamine_Count', 'TLFB_Benzodiazepine_Count', 'TLFB_Buprenorphine_Count', 'TLFB_Cocaine_Count', 'TLFB_Heroin_Count', 'TLFB_Methadone_Count', 'TLFB_Opioid_Count', 'TLFB_THC_Count', 'TLFB_Other', 'Homosexual_Behavior', 'Non_monogamous_Relationships']
2024-08-02 18:07:12,461 - INFO - Fitting logistic regression model with the selected features...
2024-08-02 18:07:12,952 - INFO - Model training completed successfully.
2024-08-02 18:07:12,953 - INFO - Calculating the dynamic threshold based on the proportion of positive outcomes...
2024-08-02 18:07:12,954 - INFO - Ratio of 1s to 0s in the outcome variable: 0.71 : 0.29
2024-08-02 18:07:12,955 - INFO - Dynamic threshold set to: 0.708
2024-08-02 18:07:12,955 - INFO - Model trained and saved successfully for subset 7.
2024-08-02 18:07:12,956 - INFO - ---------------------------
2024-08-02 18:07:12,958 - INFO - TRAIN MODEL STAGE COMPLETED FOR SUBSET 7
2024-08-02 18:07:12,964 - INFO - ---------------------------
2024-08-02 18:07:12,965 - INFO - --------------------------------
2024-08-02 18:07:12,967 - INFO - EVALUATE MODEL STAGE STARTING FOR SUBSET 7...
2024-08-02 18:07:12,969 - INFO - --------------------------------
2024-08-02 18:07:12,995 - INFO - ROC AUC Score: 0.6636483244330935
2024-08-02 18:07:12,995 - INFO - Confusion Matrix: 
[[ 39  34]
 [ 45 132]]
2024-08-02 18:07:12,996 - INFO - Precision: 0.7951807228915663
2024-08-02 18:07:12,997 - INFO - Recall: 0.7457627118644068
2024-08-02 18:07:12,997 - INFO - Model evaluated successfully for subset 7.
2024-08-02 18:07:12,999 - INFO - ------------------------------
2024-08-02 18:07:13,002 - INFO - EVALUATE MODEL STAGE COMPLETED FOR SUBSET 7
2024-08-02 18:07:13,004 - INFO - ------------------------------
2024-08-02 18:07:13,007 - INFO - Subset 8 demographic makeup: 850 1, 70 3, 50 2, 30 4
2024-08-02 18:07:13,008 - INFO - Processing subset 8...
2024-08-02 18:07:13,008 - INFO - -----------------------------
2024-08-02 18:07:13,009 - INFO - TRAIN MODEL STAGE STARTING FOR SUBSET 8...
2024-08-02 18:07:13,010 - INFO - -----------------------------
2024-08-02 18:07:13,022 - INFO - Scaling features and applying LASSO for feature selection...
2024-08-02 18:07:13,377 - INFO - Selected features (including required): ['who', 'RaceEth', 'age', 'is_female', 'is_hispanic', 'unemployed', 'unstableliving', 'education', 'marital', 'UDS_Amphetamine_Count', 'UDS_Benzodiazepine_Count', 'UDS_Buprenorphine_Count', 'UDS_Cocaine_Count', 'UDS_Methadone_Count', 'UDS_Opioid_Count', 'UDS_Sedatives_Count', 'UDS_Thc_Count', 'pain', 'has_schizophrenia', 'has_major_dep', 'has_bipolar', 'has_anx_pan', 'has_brain_damage', 'has_epilepsy', 'has_alcol_dx', 'has_amphetamines_dx', 'has_cannabis_dx', 'has_cocaine_dx', 'has_sedatives_dx', 'ftnd', 'XTRT', 'shared', 'rbsivheroin', 'TLFB_Alcohol_Count', 'TLFB_Amphetamine_Count', 'TLFB_Benzodiazepine_Count', 'TLFB_Buprenorphine_Count', 'TLFB_Cocaine_Count', 'TLFB_Heroin_Count', 'TLFB_Methadone_Count', 'TLFB_Opioid_Count', 'TLFB_THC_Count', 'TLFB_Other', 'Homosexual_Behavior', 'Non_monogamous_Relationships']
2024-08-02 18:07:13,382 - INFO - Fitting logistic regression model with the selected features...
2024-08-02 18:07:14,038 - INFO - Model training completed successfully.
2024-08-02 18:07:14,038 - INFO - Calculating the dynamic threshold based on the proportion of positive outcomes...
2024-08-02 18:07:14,039 - INFO - Ratio of 1s to 0s in the outcome variable: 0.72 : 0.28
2024-08-02 18:07:14,039 - INFO - Dynamic threshold set to: 0.72
2024-08-02 18:07:14,040 - INFO - Model trained and saved successfully for subset 8.
2024-08-02 18:07:14,040 - INFO - ---------------------------
2024-08-02 18:07:14,042 - INFO - TRAIN MODEL STAGE COMPLETED FOR SUBSET 8
2024-08-02 18:07:14,044 - INFO - ---------------------------
2024-08-02 18:07:14,044 - INFO - --------------------------------
2024-08-02 18:07:14,045 - INFO - EVALUATE MODEL STAGE STARTING FOR SUBSET 8...
2024-08-02 18:07:14,045 - INFO - --------------------------------
2024-08-02 18:07:14,069 - INFO - ROC AUC Score: 0.7054761904761905
2024-08-02 18:07:14,069 - INFO - Confusion Matrix: 
[[ 44  26]
 [ 57 123]]
2024-08-02 18:07:14,070 - INFO - Precision: 0.825503355704698
2024-08-02 18:07:14,070 - INFO - Recall: 0.6833333333333333
2024-08-02 18:07:14,070 - INFO - Model evaluated successfully for subset 8.
2024-08-02 18:07:14,076 - INFO - ------------------------------
2024-08-02 18:07:14,078 - INFO - EVALUATE MODEL STAGE COMPLETED FOR SUBSET 8
2024-08-02 18:07:14,079 - INFO - ------------------------------
2024-08-02 18:07:14,086 - INFO - Subset 9 demographic makeup: 900 1, 45 3, 34 2, 21 4
2024-08-02 18:07:14,088 - INFO - Processing subset 9...
2024-08-02 18:07:14,088 - INFO - -----------------------------
2024-08-02 18:07:14,088 - INFO - TRAIN MODEL STAGE STARTING FOR SUBSET 9...
2024-08-02 18:07:14,088 - INFO - -----------------------------
2024-08-02 18:07:14,096 - INFO - Scaling features and applying LASSO for feature selection...
2024-08-02 18:07:14,847 - INFO - Selected features (including required): ['who', 'RaceEth', 'age', 'is_female', 'is_hispanic', 'unemployed', 'unstableliving', 'education', 'marital', 'UDS_Amphetamine_Count', 'UDS_Benzodiazepine_Count', 'UDS_Buprenorphine_Count', 'UDS_Cocaine_Count', 'UDS_Methadone_Count', 'UDS_Opioid_Count', 'UDS_Sedatives_Count', 'UDS_Thc_Count', 'pain', 'has_schizophrenia', 'has_major_dep', 'has_bipolar', 'has_anx_pan', 'has_brain_damage', 'has_epilepsy', 'has_alcol_dx', 'has_amphetamines_dx', 'has_cannabis_dx', 'has_cocaine_dx', 'has_sedatives_dx', 'ftnd', 'XTRT', 'shared', 'rbsivheroin', 'TLFB_Alcohol_Count', 'TLFB_Amphetamine_Count', 'TLFB_Benzodiazepine_Count', 'TLFB_Buprenorphine_Count', 'TLFB_Cocaine_Count', 'TLFB_Heroin_Count', 'TLFB_Methadone_Count', 'TLFB_Opioid_Count', 'TLFB_THC_Count', 'TLFB_Other', 'Homosexual_Behavior', 'Non_monogamous_Relationships']
2024-08-02 18:07:14,852 - INFO - Fitting logistic regression model with the selected features...
2024-08-02 18:07:15,233 - INFO - Model training completed successfully.
2024-08-02 18:07:15,234 - INFO - Calculating the dynamic threshold based on the proportion of positive outcomes...
2024-08-02 18:07:15,234 - INFO - Ratio of 1s to 0s in the outcome variable: 0.74 : 0.26
2024-08-02 18:07:15,234 - INFO - Dynamic threshold set to: 0.74
2024-08-02 18:07:15,234 - INFO - Model trained and saved successfully for subset 9.
2024-08-02 18:07:15,234 - INFO - ---------------------------
2024-08-02 18:07:15,234 - INFO - TRAIN MODEL STAGE COMPLETED FOR SUBSET 9
2024-08-02 18:07:15,234 - INFO - ---------------------------
2024-08-02 18:07:15,234 - INFO - --------------------------------
2024-08-02 18:07:15,234 - INFO - EVALUATE MODEL STAGE STARTING FOR SUBSET 9...
2024-08-02 18:07:15,235 - INFO - --------------------------------
2024-08-02 18:07:15,247 - INFO - ROC AUC Score: 0.7209147609147609
2024-08-02 18:07:15,247 - INFO - Confusion Matrix: 
[[ 43  22]
 [ 55 130]]
2024-08-02 18:07:15,247 - INFO - Precision: 0.8552631578947368
2024-08-02 18:07:15,247 - INFO - Recall: 0.7027027027027027
2024-08-02 18:07:15,247 - INFO - Model evaluated successfully for subset 9.
2024-08-02 18:07:15,247 - INFO - ------------------------------
2024-08-02 18:07:15,248 - INFO - EVALUATE MODEL STAGE COMPLETED FOR SUBSET 9
2024-08-02 18:07:15,248 - INFO - ------------------------------
2024-08-02 18:07:15,249 - INFO - Subset 10 demographic makeup: 950 1, 25 3, 20 2, 5 4
2024-08-02 18:07:15,249 - INFO - Processing subset 10...
2024-08-02 18:07:15,249 - INFO - -----------------------------
2024-08-02 18:07:15,249 - INFO - TRAIN MODEL STAGE STARTING FOR SUBSET 10...
2024-08-02 18:07:15,249 - INFO - -----------------------------
2024-08-02 18:07:15,259 - INFO - Scaling features and applying LASSO for feature selection...
2024-08-02 18:07:15,985 - INFO - Selected features (including required): ['who', 'RaceEth', 'age', 'is_female', 'is_hispanic', 'unemployed', 'unstableliving', 'education', 'marital', 'UDS_Amphetamine_Count', 'UDS_Benzodiazepine_Count', 'UDS_Buprenorphine_Count', 'UDS_Cocaine_Count', 'UDS_Methadone_Count', 'UDS_Opioid_Count', 'UDS_Sedatives_Count', 'UDS_Thc_Count', 'pain', 'has_schizophrenia', 'has_major_dep', 'has_bipolar', 'has_anx_pan', 'has_brain_damage', 'has_epilepsy', 'has_alcol_dx', 'has_amphetamines_dx', 'has_cannabis_dx', 'has_cocaine_dx', 'has_sedatives_dx', 'ftnd', 'XTRT', 'shared', 'rbsivheroin', 'TLFB_Alcohol_Count', 'TLFB_Amphetamine_Count', 'TLFB_Benzodiazepine_Count', 'TLFB_Buprenorphine_Count', 'TLFB_Cocaine_Count', 'TLFB_Heroin_Count', 'TLFB_Methadone_Count', 'TLFB_Opioid_Count', 'TLFB_THC_Count', 'TLFB_Other', 'Homosexual_Behavior', 'Non_monogamous_Relationships']
2024-08-02 18:07:15,991 - INFO - Fitting logistic regression model with the selected features...
2024-08-02 18:07:16,646 - INFO - Model training completed successfully.
2024-08-02 18:07:16,647 - INFO - Calculating the dynamic threshold based on the proportion of positive outcomes...
2024-08-02 18:07:16,648 - INFO - Ratio of 1s to 0s in the outcome variable: 0.76 : 0.24
2024-08-02 18:07:16,649 - INFO - Dynamic threshold set to: 0.756
2024-08-02 18:07:16,654 - INFO - Model trained and saved successfully for subset 10.
2024-08-02 18:07:16,656 - INFO - ---------------------------
2024-08-02 18:07:16,657 - INFO - TRAIN MODEL STAGE COMPLETED FOR SUBSET 10
2024-08-02 18:07:16,657 - INFO - ---------------------------
2024-08-02 18:07:16,657 - INFO - --------------------------------
2024-08-02 18:07:16,657 - INFO - EVALUATE MODEL STAGE STARTING FOR SUBSET 10...
2024-08-02 18:07:16,657 - INFO - --------------------------------
2024-08-02 18:07:16,691 - INFO - ROC AUC Score: 0.6458495966692688
2024-08-02 18:07:16,691 - INFO - Confusion Matrix: 
[[ 36  25]
 [ 75 114]]
2024-08-02 18:07:16,691 - INFO - Precision: 0.8201438848920863
2024-08-02 18:07:16,692 - INFO - Recall: 0.6031746031746031
2024-08-02 18:07:16,692 - INFO - Model evaluated successfully for subset 10.
2024-08-02 18:07:16,693 - INFO - ------------------------------
2024-08-02 18:07:16,693 - INFO - EVALUATE MODEL STAGE COMPLETED FOR SUBSET 10
2024-08-02 18:07:16,693 - INFO - ------------------------------
2024-08-02 18:07:16,695 - INFO - Subset 11 demographic makeup: 1000 1
2024-08-02 18:07:16,695 - INFO - Processing subset 11...
2024-08-02 18:07:16,695 - INFO - -----------------------------
2024-08-02 18:07:16,696 - INFO - TRAIN MODEL STAGE STARTING FOR SUBSET 11...
2024-08-02 18:07:16,696 - INFO - -----------------------------
2024-08-02 18:07:16,704 - INFO - Scaling features and applying LASSO for feature selection...
2024-08-02 18:07:17,433 - INFO - Selected features (including required): ['who', 'age', 'is_female', 'unemployed', 'unstableliving', 'education', 'marital', 'UDS_Amphetamine_Count', 'UDS_Benzodiazepine_Count', 'UDS_Buprenorphine_Count', 'UDS_Cocaine_Count', 'UDS_Methadone_Count', 'UDS_Opioid_Count', 'UDS_Sedatives_Count', 'UDS_Thc_Count', 'pain', 'has_schizophrenia', 'has_major_dep', 'has_bipolar', 'has_anx_pan', 'has_brain_damage', 'has_epilepsy', 'has_alcol_dx', 'has_amphetamines_dx', 'has_cannabis_dx', 'has_cocaine_dx', 'has_sedatives_dx', 'ftnd', 'XTRT', 'shared', 'rbsivheroin', 'TLFB_Alcohol_Count', 'TLFB_Amphetamine_Count', 'TLFB_Benzodiazepine_Count', 'TLFB_Buprenorphine_Count', 'TLFB_Cocaine_Count', 'TLFB_Heroin_Count', 'TLFB_Methadone_Count', 'TLFB_Opioid_Count', 'TLFB_THC_Count', 'TLFB_Other', 'Homosexual_Behavior', 'Non_monogamous_Relationships']
2024-08-02 18:07:17,438 - INFO - Fitting logistic regression model with the selected features...
2024-08-02 18:07:18,164 - INFO - Model training completed successfully.
2024-08-02 18:07:18,164 - INFO - Calculating the dynamic threshold based on the proportion of positive outcomes...
2024-08-02 18:07:18,164 - INFO - Ratio of 1s to 0s in the outcome variable: 0.74 : 0.26
2024-08-02 18:07:18,164 - INFO - Dynamic threshold set to: 0.744
2024-08-02 18:07:18,164 - INFO - Model trained and saved successfully for subset 11.
2024-08-02 18:07:18,165 - INFO - ---------------------------
2024-08-02 18:07:18,165 - INFO - TRAIN MODEL STAGE COMPLETED FOR SUBSET 11
2024-08-02 18:07:18,165 - INFO - ---------------------------
2024-08-02 18:07:18,165 - INFO - --------------------------------
2024-08-02 18:07:18,165 - INFO - EVALUATE MODEL STAGE STARTING FOR SUBSET 11...
2024-08-02 18:07:18,165 - INFO - --------------------------------
2024-08-02 18:07:18,177 - INFO - ROC AUC Score: 0.6946404569892473
2024-08-02 18:07:18,178 - INFO - Confusion Matrix: 
[[ 37  27]
 [ 51 135]]
2024-08-02 18:07:18,178 - INFO - Precision: 0.8333333333333334
2024-08-02 18:07:18,179 - INFO - Recall: 0.7258064516129032
2024-08-02 18:07:18,179 - INFO - Model evaluated successfully for subset 11.
2024-08-02 18:07:18,179 - INFO - ------------------------------
2024-08-02 18:07:18,184 - INFO - EVALUATE MODEL STAGE COMPLETED FOR SUBSET 11
2024-08-02 18:07:18,186 - INFO - ------------------------------
2024-08-02 18:07:18,186 - INFO - ------------------
2024-08-02 18:07:18,187 - INFO - PIPELINE COMPLETED
2024-08-02 18:07:18,188 - INFO - ------------------
