2024-08-14 11:31:00,251 - INFO - Global Seed set to: 2
2024-08-14 11:31:00,252 - INFO - Outcome Name: ctn0094_relapse_event
2024-08-14 11:31:00,300 - INFO - Datasets loaded successfully.
2024-08-14 11:31:00,304 - INFO - Starting preprocessing of the merged dataset...
2024-08-14 11:31:00,304 - INFO - ---------------------------------
2024-08-14 11:31:00,305 - INFO - PRE-PROCESSING STAGE STARTING...
2024-08-14 11:31:00,305 - INFO - ---------------------------------
2024-08-14 11:31:00,409 - INFO - Dropped initial columns: ['pain_when', 'is_smoker', 'per_day', 'max', 'amount', 'depression', 'anxiety', 'schizophrenia', 'max', 'amount', 'cocaine_inject_days', 'speedball_inject_days', 'opioid_inject_days', 'speed_inject_days', 'UDS_Alcohol_Count', 'UDS_Mdma/Hallucinogen_Count']
2024-08-14 11:31:00,470 - INFO - Converted Yes/No to binary.
2024-08-14 11:31:00,480 - INFO - Processed TLFB columns with specified columns: ['TLFB_Alcohol_Count', 'TLFB_Amphetamine_Count', 'TLFB_Cocaine_Count', 'TLFB_Heroin_Count', 'TLFB_Benzodiazepine_Count', 'TLFB_Opioid_Count', 'TLFB_THC_Count', 'TLFB_Methadone_Count', 'TLFB_Buprenorphine_Count']
2024-08-14 11:31:00,483 - INFO - Calculated behavioral columns.
2024-08-14 11:31:00,485 - INFO - Moved 'ctn0094_relapse_event' column to the end.
2024-08-14 11:31:00,616 - INFO - Dropped initial columns: ['msm_npt', 'msm_frq', 'txx_prt']
2024-08-14 11:31:00,648 - INFO - transform_data_with_nan_handling success
2024-08-14 11:31:00,650 - INFO - Renamed columns according to the mapping.
2024-08-14 11:31:00,690 - INFO - Transformed NaN to 0 for binary columns.
2024-08-14 11:31:00,691 - INFO - Transformed and renamed 'heroin_inject_days' column to 'rbsivheroin'.
2024-08-14 11:31:00,692 - INFO - Filled NaN with 0 for 'ftnd' column.
2024-08-14 11:31:00,761 - INFO - Dropped additional columns: ['rbs_iv_days', 'race', 'RBS_cocaine_Days', 'RBS_heroin_Days', 'RBS_opioid_Days', 'RBS_speed_Days', 'RBS_speedball_Days']
2024-08-14 11:31:00,776 - INFO - Converted UDS drug counts to binary.
2024-08-14 11:31:00,853 - INFO - ------------------------------
2024-08-14 11:31:00,855 - INFO - PRE-PROCESSING STAGE COMPLETED
2024-08-14 11:31:00,860 - INFO - ------------------------------
2024-08-14 11:31:00,862 - INFO - Merged dataset preprocessed successfully.
2024-08-14 11:31:00,863 - INFO - Creating demographic subsets from preprocessed data...
2024-08-14 11:31:09,201 - INFO - Created 11 subsets successfully.
2024-08-14 11:31:09,201 - INFO - Creating merged subsets from create_demographics_dfs function
2024-08-14 11:31:09,282 - INFO - Created 11 merged subsets successfully.
2024-08-14 11:31:09,283 - INFO - Subset 1 demographic makeup: 500 1, 242 3, 158 2, 100 4
2024-08-14 11:31:09,283 - INFO - Processing subset 1...
2024-08-14 11:31:09,283 - INFO - -----------------------------
2024-08-14 11:31:09,283 - INFO - TRAIN MODEL STAGE STARTING FOR SUBSET 1...
2024-08-14 11:31:09,283 - INFO - -----------------------------
2024-08-14 11:31:09,289 - INFO - Scaling features and applying LASSO for feature selection...
2024-08-14 11:31:09,609 - INFO - Selected features (including required): ['who', 'RaceEth', 'age', 'is_female', 'is_hispanic', 'unemployed', 'unstableliving', 'education', 'marital', 'UDS_Amphetamine_Count', 'UDS_Benzodiazepine_Count', 'UDS_Buprenorphine_Count', 'UDS_Cocaine_Count', 'UDS_Methadone_Count', 'UDS_Opioid_Count', 'UDS_Sedatives_Count', 'UDS_Thc_Count', 'pain', 'has_schizophrenia', 'has_major_dep', 'has_bipolar', 'has_anx_pan', 'has_brain_damage', 'has_epilepsy', 'has_alcol_dx', 'has_amphetamines_dx', 'has_cannabis_dx', 'has_cocaine_dx', 'has_sedatives_dx', 'ftnd', 'XTRT', 'shared', 'rbsivheroin', 'TLFB_Alcohol_Count', 'TLFB_Amphetamine_Count', 'TLFB_Benzodiazepine_Count', 'TLFB_Buprenorphine_Count', 'TLFB_Cocaine_Count', 'TLFB_Heroin_Count', 'TLFB_Methadone_Count', 'TLFB_Opioid_Count', 'TLFB_THC_Count', 'TLFB_Other', 'Homosexual_Behavior', 'Non_monogamous_Relationships']
2024-08-14 11:31:09,614 - INFO - Fitting logistic regression model with the selected features...
2024-08-14 11:31:10,359 - INFO - Model training completed successfully.
2024-08-14 11:31:10,360 - INFO - Calculating the dynamic threshold based on the proportion of positive outcomes...
2024-08-14 11:31:10,361 - INFO - Ratio of 1s to 0s in the outcome variable: 0.72 : 0.28
2024-08-14 11:31:10,361 - INFO - Dynamic threshold set to: 0.724
2024-08-14 11:31:10,361 - INFO - Model trained and saved successfully for subset 1.
2024-08-14 11:31:10,362 - INFO - ---------------------------
2024-08-14 11:31:10,363 - INFO - TRAIN MODEL STAGE COMPLETED FOR SUBSET 1
2024-08-14 11:31:10,365 - INFO - ---------------------------
2024-08-14 11:31:10,366 - INFO - --------------------------------
2024-08-14 11:31:10,367 - INFO - EVALUATE MODEL STAGE STARTING FOR SUBSET 1...
2024-08-14 11:31:10,367 - INFO - --------------------------------
2024-08-14 11:31:10,393 - INFO - ROC AUC Score: 0.6172631916086155
2024-08-14 11:31:10,395 - INFO - Confusion Matrix: 
[[ 25  44]
 [ 45 136]]
2024-08-14 11:31:10,395 - INFO - Precision: 0.7555555555555555
2024-08-14 11:31:10,396 - INFO - Recall: 0.7513812154696132
2024-08-14 11:31:10,396 - INFO - Model evaluated successfully for subset 1.
2024-08-14 11:31:10,397 - INFO - ------------------------------
2024-08-14 11:31:10,397 - INFO - EVALUATE MODEL STAGE COMPLETED FOR SUBSET 1
2024-08-14 11:31:10,398 - INFO - ------------------------------
2024-08-14 11:31:10,400 - INFO - Subset 2 demographic makeup: 550 1, 213 3, 147 2, 90 4
2024-08-14 11:31:10,400 - INFO - Processing subset 2...
2024-08-14 11:31:10,402 - INFO - -----------------------------
2024-08-14 11:31:10,403 - INFO - TRAIN MODEL STAGE STARTING FOR SUBSET 2...
2024-08-14 11:31:10,403 - INFO - -----------------------------
2024-08-14 11:31:10,414 - INFO - Scaling features and applying LASSO for feature selection...
2024-08-14 11:31:10,805 - INFO - Selected features (including required): ['who', 'RaceEth', 'age', 'is_female', 'is_hispanic', 'unemployed', 'unstableliving', 'education', 'marital', 'UDS_Amphetamine_Count', 'UDS_Benzodiazepine_Count', 'UDS_Buprenorphine_Count', 'UDS_Cocaine_Count', 'UDS_Methadone_Count', 'UDS_Opioid_Count', 'UDS_Sedatives_Count', 'UDS_Thc_Count', 'pain', 'has_schizophrenia', 'has_major_dep', 'has_bipolar', 'has_anx_pan', 'has_brain_damage', 'has_epilepsy', 'has_alcol_dx', 'has_amphetamines_dx', 'has_cannabis_dx', 'has_cocaine_dx', 'has_sedatives_dx', 'ftnd', 'XTRT', 'shared', 'rbsivheroin', 'TLFB_Alcohol_Count', 'TLFB_Amphetamine_Count', 'TLFB_Benzodiazepine_Count', 'TLFB_Buprenorphine_Count', 'TLFB_Cocaine_Count', 'TLFB_Heroin_Count', 'TLFB_Methadone_Count', 'TLFB_Opioid_Count', 'TLFB_THC_Count', 'TLFB_Other', 'Homosexual_Behavior', 'Non_monogamous_Relationships']
2024-08-14 11:31:10,810 - INFO - Fitting logistic regression model with the selected features...
2024-08-14 11:31:11,700 - INFO - Model training completed successfully.
2024-08-14 11:31:11,700 - INFO - Calculating the dynamic threshold based on the proportion of positive outcomes...
2024-08-14 11:31:11,701 - INFO - Ratio of 1s to 0s in the outcome variable: 0.78 : 0.22
2024-08-14 11:31:11,701 - INFO - Dynamic threshold set to: 0.776
2024-08-14 11:31:11,701 - INFO - Model trained and saved successfully for subset 2.
2024-08-14 11:31:11,701 - INFO - ---------------------------
2024-08-14 11:31:11,701 - INFO - TRAIN MODEL STAGE COMPLETED FOR SUBSET 2
2024-08-14 11:31:11,701 - INFO - ---------------------------
2024-08-14 11:31:11,701 - INFO - --------------------------------
2024-08-14 11:31:11,701 - INFO - EVALUATE MODEL STAGE STARTING FOR SUBSET 2...
2024-08-14 11:31:11,701 - INFO - --------------------------------
2024-08-14 11:31:11,714 - INFO - ROC AUC Score: 0.6292341678939617
2024-08-14 11:31:11,714 - INFO - Confusion Matrix: 
[[ 37  19]
 [ 91 103]]
2024-08-14 11:31:11,714 - INFO - Precision: 0.8442622950819673
2024-08-14 11:31:11,715 - INFO - Recall: 0.5309278350515464
2024-08-14 11:31:11,715 - INFO - Model evaluated successfully for subset 2.
2024-08-14 11:31:11,715 - INFO - ------------------------------
2024-08-14 11:31:11,715 - INFO - EVALUATE MODEL STAGE COMPLETED FOR SUBSET 2
2024-08-14 11:31:11,715 - INFO - ------------------------------
2024-08-14 11:31:11,716 - INFO - Subset 3 demographic makeup: 600 1, 188 3, 136 2, 76 4
2024-08-14 11:31:11,716 - INFO - Processing subset 3...
2024-08-14 11:31:11,716 - INFO - -----------------------------
2024-08-14 11:31:11,716 - INFO - TRAIN MODEL STAGE STARTING FOR SUBSET 3...
2024-08-14 11:31:11,716 - INFO - -----------------------------
2024-08-14 11:31:11,724 - INFO - Scaling features and applying LASSO for feature selection...
2024-08-14 11:31:12,097 - INFO - Selected features (including required): ['who', 'RaceEth', 'age', 'is_female', 'is_hispanic', 'unemployed', 'unstableliving', 'education', 'marital', 'UDS_Amphetamine_Count', 'UDS_Benzodiazepine_Count', 'UDS_Buprenorphine_Count', 'UDS_Cocaine_Count', 'UDS_Methadone_Count', 'UDS_Opioid_Count', 'UDS_Sedatives_Count', 'UDS_Thc_Count', 'pain', 'has_schizophrenia', 'has_major_dep', 'has_bipolar', 'has_anx_pan', 'has_brain_damage', 'has_epilepsy', 'has_alcol_dx', 'has_amphetamines_dx', 'has_cannabis_dx', 'has_cocaine_dx', 'has_sedatives_dx', 'ftnd', 'XTRT', 'shared', 'rbsivheroin', 'TLFB_Alcohol_Count', 'TLFB_Amphetamine_Count', 'TLFB_Benzodiazepine_Count', 'TLFB_Buprenorphine_Count', 'TLFB_Cocaine_Count', 'TLFB_Heroin_Count', 'TLFB_Methadone_Count', 'TLFB_Opioid_Count', 'TLFB_THC_Count', 'TLFB_Other', 'Homosexual_Behavior', 'Non_monogamous_Relationships']
2024-08-14 11:31:12,102 - INFO - Fitting logistic regression model with the selected features...
2024-08-14 11:31:12,577 - INFO - Model training completed successfully.
2024-08-14 11:31:12,577 - INFO - Calculating the dynamic threshold based on the proportion of positive outcomes...
2024-08-14 11:31:12,579 - INFO - Ratio of 1s to 0s in the outcome variable: 0.81 : 0.19
2024-08-14 11:31:12,579 - INFO - Dynamic threshold set to: 0.812
2024-08-14 11:31:12,582 - INFO - Model trained and saved successfully for subset 3.
2024-08-14 11:31:12,584 - INFO - ---------------------------
2024-08-14 11:31:12,584 - INFO - TRAIN MODEL STAGE COMPLETED FOR SUBSET 3
2024-08-14 11:31:12,585 - INFO - ---------------------------
2024-08-14 11:31:12,585 - INFO - --------------------------------
2024-08-14 11:31:12,586 - INFO - EVALUATE MODEL STAGE STARTING FOR SUBSET 3...
2024-08-14 11:31:12,587 - INFO - --------------------------------
2024-08-14 11:31:12,612 - INFO - ROC AUC Score: 0.5848443559375327
2024-08-14 11:31:12,613 - INFO - Confusion Matrix: 
[[ 37  10]
 [129  74]]
2024-08-14 11:31:12,615 - INFO - Precision: 0.8809523809523809
2024-08-14 11:31:12,616 - INFO - Recall: 0.3645320197044335
2024-08-14 11:31:12,622 - INFO - Model evaluated successfully for subset 3.
2024-08-14 11:31:12,622 - INFO - ------------------------------
2024-08-14 11:31:12,623 - INFO - EVALUATE MODEL STAGE COMPLETED FOR SUBSET 3
2024-08-14 11:31:12,623 - INFO - ------------------------------
2024-08-14 11:31:12,625 - INFO - Subset 4 demographic makeup: 650 1, 164 3, 120 2, 66 4
2024-08-14 11:31:12,625 - INFO - Processing subset 4...
2024-08-14 11:31:12,625 - INFO - -----------------------------
2024-08-14 11:31:12,626 - INFO - TRAIN MODEL STAGE STARTING FOR SUBSET 4...
2024-08-14 11:31:12,626 - INFO - -----------------------------
2024-08-14 11:31:12,640 - INFO - Scaling features and applying LASSO for feature selection...
2024-08-14 11:31:13,321 - INFO - Selected features (including required): ['who', 'RaceEth', 'age', 'is_female', 'is_hispanic', 'unemployed', 'unstableliving', 'education', 'marital', 'UDS_Amphetamine_Count', 'UDS_Benzodiazepine_Count', 'UDS_Buprenorphine_Count', 'UDS_Cocaine_Count', 'UDS_Methadone_Count', 'UDS_Opioid_Count', 'UDS_Sedatives_Count', 'UDS_Thc_Count', 'pain', 'has_schizophrenia', 'has_major_dep', 'has_bipolar', 'has_anx_pan', 'has_brain_damage', 'has_epilepsy', 'has_alcol_dx', 'has_amphetamines_dx', 'has_cannabis_dx', 'has_cocaine_dx', 'has_sedatives_dx', 'ftnd', 'XTRT', 'shared', 'rbsivheroin', 'TLFB_Alcohol_Count', 'TLFB_Amphetamine_Count', 'TLFB_Benzodiazepine_Count', 'TLFB_Buprenorphine_Count', 'TLFB_Cocaine_Count', 'TLFB_Heroin_Count', 'TLFB_Methadone_Count', 'TLFB_Opioid_Count', 'TLFB_THC_Count', 'TLFB_Other', 'Homosexual_Behavior', 'Non_monogamous_Relationships']
2024-08-14 11:31:13,327 - INFO - Fitting logistic regression model with the selected features...
2024-08-14 11:31:13,889 - INFO - Model training completed successfully.
2024-08-14 11:31:13,890 - INFO - Calculating the dynamic threshold based on the proportion of positive outcomes...
2024-08-14 11:31:13,890 - INFO - Ratio of 1s to 0s in the outcome variable: 0.77 : 0.23
2024-08-14 11:31:13,890 - INFO - Dynamic threshold set to: 0.768
2024-08-14 11:31:13,890 - INFO - Model trained and saved successfully for subset 4.
2024-08-14 11:31:13,890 - INFO - ---------------------------
2024-08-14 11:31:13,890 - INFO - TRAIN MODEL STAGE COMPLETED FOR SUBSET 4
2024-08-14 11:31:13,890 - INFO - ---------------------------
2024-08-14 11:31:13,890 - INFO - --------------------------------
2024-08-14 11:31:13,890 - INFO - EVALUATE MODEL STAGE STARTING FOR SUBSET 4...
2024-08-14 11:31:13,890 - INFO - --------------------------------
2024-08-14 11:31:13,903 - INFO - ROC AUC Score: 0.6463721264367815
2024-08-14 11:31:13,903 - INFO - Confusion Matrix: 
[[ 26  32]
 [ 58 134]]
2024-08-14 11:31:13,903 - INFO - Precision: 0.8072289156626506
2024-08-14 11:31:13,904 - INFO - Recall: 0.6979166666666666
2024-08-14 11:31:13,904 - INFO - Model evaluated successfully for subset 4.
2024-08-14 11:31:13,904 - INFO - ------------------------------
2024-08-14 11:31:13,904 - INFO - EVALUATE MODEL STAGE COMPLETED FOR SUBSET 4
2024-08-14 11:31:13,904 - INFO - ------------------------------
2024-08-14 11:31:13,905 - INFO - Subset 5 demographic makeup: 700 1, 142 3, 104 2, 54 4
2024-08-14 11:31:13,905 - INFO - Processing subset 5...
2024-08-14 11:31:13,905 - INFO - -----------------------------
2024-08-14 11:31:13,905 - INFO - TRAIN MODEL STAGE STARTING FOR SUBSET 5...
2024-08-14 11:31:13,905 - INFO - -----------------------------
2024-08-14 11:31:13,915 - INFO - Scaling features and applying LASSO for feature selection...
2024-08-14 11:31:14,622 - INFO - Selected features (including required): ['who', 'RaceEth', 'age', 'is_female', 'is_hispanic', 'unemployed', 'unstableliving', 'education', 'marital', 'UDS_Amphetamine_Count', 'UDS_Benzodiazepine_Count', 'UDS_Buprenorphine_Count', 'UDS_Cocaine_Count', 'UDS_Methadone_Count', 'UDS_Opioid_Count', 'UDS_Sedatives_Count', 'UDS_Thc_Count', 'pain', 'has_schizophrenia', 'has_major_dep', 'has_bipolar', 'has_anx_pan', 'has_brain_damage', 'has_epilepsy', 'has_alcol_dx', 'has_amphetamines_dx', 'has_cannabis_dx', 'has_cocaine_dx', 'has_sedatives_dx', 'ftnd', 'XTRT', 'shared', 'rbsivheroin', 'TLFB_Alcohol_Count', 'TLFB_Amphetamine_Count', 'TLFB_Benzodiazepine_Count', 'TLFB_Buprenorphine_Count', 'TLFB_Cocaine_Count', 'TLFB_Heroin_Count', 'TLFB_Methadone_Count', 'TLFB_Opioid_Count', 'TLFB_THC_Count', 'TLFB_Other', 'Homosexual_Behavior', 'Non_monogamous_Relationships']
2024-08-14 11:31:14,627 - INFO - Fitting logistic regression model with the selected features...
2024-08-14 11:31:15,177 - INFO - Model training completed successfully.
2024-08-14 11:31:15,179 - INFO - Calculating the dynamic threshold based on the proportion of positive outcomes...
2024-08-14 11:31:15,179 - INFO - Ratio of 1s to 0s in the outcome variable: 0.80 : 0.20
2024-08-14 11:31:15,180 - INFO - Dynamic threshold set to: 0.8
2024-08-14 11:31:15,181 - INFO - Model trained and saved successfully for subset 5.
2024-08-14 11:31:15,183 - INFO - ---------------------------
2024-08-14 11:31:15,184 - INFO - TRAIN MODEL STAGE COMPLETED FOR SUBSET 5
2024-08-14 11:31:15,186 - INFO - ---------------------------
2024-08-14 11:31:15,187 - INFO - --------------------------------
2024-08-14 11:31:15,188 - INFO - EVALUATE MODEL STAGE STARTING FOR SUBSET 5...
2024-08-14 11:31:15,188 - INFO - --------------------------------
2024-08-14 11:31:15,227 - INFO - ROC AUC Score: 0.6001
2024-08-14 11:31:15,231 - INFO - Confusion Matrix: 
[[ 29  21]
 [ 81 119]]
2024-08-14 11:31:15,233 - INFO - Precision: 0.85
2024-08-14 11:31:15,234 - INFO - Recall: 0.595
2024-08-14 11:31:15,235 - INFO - Model evaluated successfully for subset 5.
2024-08-14 11:31:15,236 - INFO - ------------------------------
2024-08-14 11:31:15,237 - INFO - EVALUATE MODEL STAGE COMPLETED FOR SUBSET 5
2024-08-14 11:31:15,237 - INFO - ------------------------------
2024-08-14 11:31:15,239 - INFO - Subset 6 demographic makeup: 750 1, 114 3, 88 2, 48 4
2024-08-14 11:31:15,243 - INFO - Processing subset 6...
2024-08-14 11:31:15,243 - INFO - -----------------------------
2024-08-14 11:31:15,244 - INFO - TRAIN MODEL STAGE STARTING FOR SUBSET 6...
2024-08-14 11:31:15,245 - INFO - -----------------------------
2024-08-14 11:31:15,267 - INFO - Scaling features and applying LASSO for feature selection...
2024-08-14 11:31:15,910 - INFO - Selected features (including required): ['who', 'RaceEth', 'age', 'is_female', 'is_hispanic', 'unemployed', 'unstableliving', 'education', 'marital', 'UDS_Amphetamine_Count', 'UDS_Benzodiazepine_Count', 'UDS_Buprenorphine_Count', 'UDS_Cocaine_Count', 'UDS_Methadone_Count', 'UDS_Opioid_Count', 'UDS_Sedatives_Count', 'UDS_Thc_Count', 'pain', 'has_schizophrenia', 'has_major_dep', 'has_bipolar', 'has_anx_pan', 'has_brain_damage', 'has_epilepsy', 'has_alcol_dx', 'has_amphetamines_dx', 'has_cannabis_dx', 'has_cocaine_dx', 'has_sedatives_dx', 'ftnd', 'XTRT', 'shared', 'rbsivheroin', 'TLFB_Alcohol_Count', 'TLFB_Amphetamine_Count', 'TLFB_Benzodiazepine_Count', 'TLFB_Buprenorphine_Count', 'TLFB_Cocaine_Count', 'TLFB_Heroin_Count', 'TLFB_Methadone_Count', 'TLFB_Opioid_Count', 'TLFB_THC_Count', 'TLFB_Other', 'Homosexual_Behavior', 'Non_monogamous_Relationships']
2024-08-14 11:31:15,915 - INFO - Fitting logistic regression model with the selected features...
2024-08-14 11:31:16,590 - INFO - Model training completed successfully.
2024-08-14 11:31:16,590 - INFO - Calculating the dynamic threshold based on the proportion of positive outcomes...
2024-08-14 11:31:16,590 - INFO - Ratio of 1s to 0s in the outcome variable: 0.77 : 0.23
2024-08-14 11:31:16,590 - INFO - Dynamic threshold set to: 0.768
2024-08-14 11:31:16,590 - INFO - Model trained and saved successfully for subset 6.
2024-08-14 11:31:16,591 - INFO - ---------------------------
2024-08-14 11:31:16,591 - INFO - TRAIN MODEL STAGE COMPLETED FOR SUBSET 6
2024-08-14 11:31:16,591 - INFO - ---------------------------
2024-08-14 11:31:16,591 - INFO - --------------------------------
2024-08-14 11:31:16,591 - INFO - EVALUATE MODEL STAGE STARTING FOR SUBSET 6...
2024-08-14 11:31:16,591 - INFO - --------------------------------
2024-08-14 11:31:16,604 - INFO - ROC AUC Score: 0.5644755747126436
2024-08-14 11:31:16,604 - INFO - Confusion Matrix: 
[[ 26  32]
 [ 72 120]]
2024-08-14 11:31:16,604 - INFO - Precision: 0.7894736842105263
2024-08-14 11:31:16,605 - INFO - Recall: 0.625
2024-08-14 11:31:16,605 - INFO - Model evaluated successfully for subset 6.
2024-08-14 11:31:16,605 - INFO - ------------------------------
2024-08-14 11:31:16,605 - INFO - EVALUATE MODEL STAGE COMPLETED FOR SUBSET 6
2024-08-14 11:31:16,605 - INFO - ------------------------------
2024-08-14 11:31:16,605 - INFO - Subset 7 demographic makeup: 800 1, 87 3, 71 2, 42 4
2024-08-14 11:31:16,606 - INFO - Processing subset 7...
2024-08-14 11:31:16,606 - INFO - -----------------------------
2024-08-14 11:31:16,606 - INFO - TRAIN MODEL STAGE STARTING FOR SUBSET 7...
2024-08-14 11:31:16,606 - INFO - -----------------------------
2024-08-14 11:31:16,613 - INFO - Scaling features and applying LASSO for feature selection...
2024-08-14 11:31:20,163 - INFO - Selected features (including required): ['who', 'RaceEth', 'age', 'is_female', 'is_hispanic', 'unemployed', 'unstableliving', 'education', 'marital', 'UDS_Amphetamine_Count', 'UDS_Benzodiazepine_Count', 'UDS_Buprenorphine_Count', 'UDS_Cocaine_Count', 'UDS_Methadone_Count', 'UDS_Opioid_Count', 'UDS_Sedatives_Count', 'UDS_Thc_Count', 'pain', 'has_schizophrenia', 'has_major_dep', 'has_bipolar', 'has_anx_pan', 'has_brain_damage', 'has_epilepsy', 'has_alcol_dx', 'has_amphetamines_dx', 'has_cannabis_dx', 'has_cocaine_dx', 'has_sedatives_dx', 'ftnd', 'XTRT', 'shared', 'rbsivheroin', 'TLFB_Alcohol_Count', 'TLFB_Amphetamine_Count', 'TLFB_Benzodiazepine_Count', 'TLFB_Buprenorphine_Count', 'TLFB_Cocaine_Count', 'TLFB_Heroin_Count', 'TLFB_Methadone_Count', 'TLFB_Opioid_Count', 'TLFB_THC_Count', 'TLFB_Other', 'Homosexual_Behavior', 'Non_monogamous_Relationships']
2024-08-14 11:31:20,168 - INFO - Fitting logistic regression model with the selected features...
2024-08-14 11:31:20,651 - INFO - Model training completed successfully.
2024-08-14 11:31:20,652 - INFO - Calculating the dynamic threshold based on the proportion of positive outcomes...
2024-08-14 11:31:20,652 - INFO - Ratio of 1s to 0s in the outcome variable: 0.81 : 0.19
2024-08-14 11:31:20,652 - INFO - Dynamic threshold set to: 0.808
2024-08-14 11:31:20,652 - INFO - Model trained and saved successfully for subset 7.
2024-08-14 11:31:20,652 - INFO - ---------------------------
2024-08-14 11:31:20,652 - INFO - TRAIN MODEL STAGE COMPLETED FOR SUBSET 7
2024-08-14 11:31:20,652 - INFO - ---------------------------
2024-08-14 11:31:20,652 - INFO - --------------------------------
2024-08-14 11:31:20,652 - INFO - EVALUATE MODEL STAGE STARTING FOR SUBSET 7...
2024-08-14 11:31:20,652 - INFO - --------------------------------
2024-08-14 11:31:20,668 - INFO - ROC AUC Score: 0.6579001650165017
2024-08-14 11:31:20,668 - INFO - Confusion Matrix: 
[[ 35  13]
 [ 89 113]]
2024-08-14 11:31:20,668 - INFO - Precision: 0.8968253968253969
2024-08-14 11:31:20,669 - INFO - Recall: 0.5594059405940595
2024-08-14 11:31:20,669 - INFO - Model evaluated successfully for subset 7.
2024-08-14 11:31:20,669 - INFO - ------------------------------
2024-08-14 11:31:20,669 - INFO - EVALUATE MODEL STAGE COMPLETED FOR SUBSET 7
2024-08-14 11:31:20,669 - INFO - ------------------------------
2024-08-14 11:31:20,669 - INFO - Subset 8 demographic makeup: 850 1, 66 3, 53 2, 31 4
2024-08-14 11:31:20,670 - INFO - Processing subset 8...
2024-08-14 11:31:20,670 - INFO - -----------------------------
2024-08-14 11:31:20,670 - INFO - TRAIN MODEL STAGE STARTING FOR SUBSET 8...
2024-08-14 11:31:20,670 - INFO - -----------------------------
2024-08-14 11:31:20,681 - INFO - Scaling features and applying LASSO for feature selection...
2024-08-14 11:31:21,520 - INFO - Selected features (including required): ['who', 'RaceEth', 'age', 'is_female', 'is_hispanic', 'unemployed', 'unstableliving', 'education', 'marital', 'UDS_Amphetamine_Count', 'UDS_Benzodiazepine_Count', 'UDS_Buprenorphine_Count', 'UDS_Cocaine_Count', 'UDS_Methadone_Count', 'UDS_Opioid_Count', 'UDS_Sedatives_Count', 'UDS_Thc_Count', 'pain', 'has_schizophrenia', 'has_major_dep', 'has_bipolar', 'has_anx_pan', 'has_brain_damage', 'has_epilepsy', 'has_alcol_dx', 'has_amphetamines_dx', 'has_cannabis_dx', 'has_cocaine_dx', 'has_sedatives_dx', 'ftnd', 'XTRT', 'shared', 'rbsivheroin', 'TLFB_Alcohol_Count', 'TLFB_Amphetamine_Count', 'TLFB_Benzodiazepine_Count', 'TLFB_Buprenorphine_Count', 'TLFB_Cocaine_Count', 'TLFB_Heroin_Count', 'TLFB_Methadone_Count', 'TLFB_Opioid_Count', 'TLFB_THC_Count', 'TLFB_Other', 'Homosexual_Behavior', 'Non_monogamous_Relationships']
2024-08-14 11:31:21,529 - INFO - Fitting logistic regression model with the selected features...
2024-08-14 11:31:21,906 - INFO - Model training completed successfully.
2024-08-14 11:31:21,906 - INFO - Calculating the dynamic threshold based on the proportion of positive outcomes...
2024-08-14 11:31:21,906 - INFO - Ratio of 1s to 0s in the outcome variable: 0.77 : 0.23
2024-08-14 11:31:21,906 - INFO - Dynamic threshold set to: 0.772
2024-08-14 11:31:21,907 - INFO - Model trained and saved successfully for subset 8.
2024-08-14 11:31:21,907 - INFO - ---------------------------
2024-08-14 11:31:21,907 - INFO - TRAIN MODEL STAGE COMPLETED FOR SUBSET 8
2024-08-14 11:31:21,907 - INFO - ---------------------------
2024-08-14 11:31:21,907 - INFO - --------------------------------
2024-08-14 11:31:21,907 - INFO - EVALUATE MODEL STAGE STARTING FOR SUBSET 8...
2024-08-14 11:31:21,907 - INFO - --------------------------------
2024-08-14 11:31:21,919 - INFO - ROC AUC Score: 0.6785746750295428
2024-08-14 11:31:21,919 - INFO - Confusion Matrix: 
[[ 36  21]
 [ 79 114]]
2024-08-14 11:31:21,920 - INFO - Precision: 0.8444444444444444
2024-08-14 11:31:21,920 - INFO - Recall: 0.5906735751295337
2024-08-14 11:31:21,920 - INFO - Model evaluated successfully for subset 8.
2024-08-14 11:31:21,920 - INFO - ------------------------------
2024-08-14 11:31:21,920 - INFO - EVALUATE MODEL STAGE COMPLETED FOR SUBSET 8
2024-08-14 11:31:21,920 - INFO - ------------------------------
2024-08-14 11:31:21,921 - INFO - Subset 9 demographic makeup: 900 1, 45 3, 34 2, 21 4
2024-08-14 11:31:21,921 - INFO - Processing subset 9...
2024-08-14 11:31:21,921 - INFO - -----------------------------
2024-08-14 11:31:21,921 - INFO - TRAIN MODEL STAGE STARTING FOR SUBSET 9...
2024-08-14 11:31:21,921 - INFO - -----------------------------
2024-08-14 11:31:21,929 - INFO - Scaling features and applying LASSO for feature selection...
2024-08-14 11:31:22,350 - INFO - Selected features (including required): ['who', 'RaceEth', 'age', 'is_female', 'is_hispanic', 'unemployed', 'unstableliving', 'education', 'marital', 'UDS_Amphetamine_Count', 'UDS_Benzodiazepine_Count', 'UDS_Buprenorphine_Count', 'UDS_Cocaine_Count', 'UDS_Methadone_Count', 'UDS_Opioid_Count', 'UDS_Sedatives_Count', 'UDS_Thc_Count', 'pain', 'has_schizophrenia', 'has_major_dep', 'has_bipolar', 'has_anx_pan', 'has_brain_damage', 'has_epilepsy', 'has_alcol_dx', 'has_amphetamines_dx', 'has_cannabis_dx', 'has_cocaine_dx', 'has_sedatives_dx', 'ftnd', 'XTRT', 'shared', 'rbsivheroin', 'TLFB_Alcohol_Count', 'TLFB_Amphetamine_Count', 'TLFB_Benzodiazepine_Count', 'TLFB_Buprenorphine_Count', 'TLFB_Cocaine_Count', 'TLFB_Heroin_Count', 'TLFB_Methadone_Count', 'TLFB_Opioid_Count', 'TLFB_THC_Count', 'TLFB_Other', 'Homosexual_Behavior', 'Non_monogamous_Relationships']
2024-08-14 11:31:22,358 - INFO - Fitting logistic regression model with the selected features...
2024-08-14 11:31:22,889 - INFO - Model training completed successfully.
2024-08-14 11:31:22,890 - INFO - Calculating the dynamic threshold based on the proportion of positive outcomes...
2024-08-14 11:31:22,890 - INFO - Ratio of 1s to 0s in the outcome variable: 0.78 : 0.22
2024-08-14 11:31:22,890 - INFO - Dynamic threshold set to: 0.78
2024-08-14 11:31:22,890 - INFO - Model trained and saved successfully for subset 9.
2024-08-14 11:31:22,890 - INFO - ---------------------------
2024-08-14 11:31:22,890 - INFO - TRAIN MODEL STAGE COMPLETED FOR SUBSET 9
2024-08-14 11:31:22,890 - INFO - ---------------------------
2024-08-14 11:31:22,891 - INFO - --------------------------------
2024-08-14 11:31:22,891 - INFO - EVALUATE MODEL STAGE STARTING FOR SUBSET 9...
2024-08-14 11:31:22,891 - INFO - --------------------------------
2024-08-14 11:31:22,907 - INFO - ROC AUC Score: 0.6780419580419581
2024-08-14 11:31:22,907 - INFO - Confusion Matrix: 
[[ 39  16]
 [ 85 110]]
2024-08-14 11:31:22,908 - INFO - Precision: 0.873015873015873
2024-08-14 11:31:22,908 - INFO - Recall: 0.5641025641025641
2024-08-14 11:31:22,908 - INFO - Model evaluated successfully for subset 9.
2024-08-14 11:31:22,908 - INFO - ------------------------------
2024-08-14 11:31:22,908 - INFO - EVALUATE MODEL STAGE COMPLETED FOR SUBSET 9
2024-08-14 11:31:22,908 - INFO - ------------------------------
2024-08-14 11:31:22,909 - INFO - Subset 10 demographic makeup: 950 1, 24 3, 13 2, 13 4
2024-08-14 11:31:22,909 - INFO - Processing subset 10...
2024-08-14 11:31:22,909 - INFO - -----------------------------
2024-08-14 11:31:22,909 - INFO - TRAIN MODEL STAGE STARTING FOR SUBSET 10...
2024-08-14 11:31:22,909 - INFO - -----------------------------
2024-08-14 11:31:22,917 - INFO - Scaling features and applying LASSO for feature selection...
2024-08-14 11:31:24,018 - INFO - Selected features (including required): ['who', 'RaceEth', 'age', 'is_female', 'is_hispanic', 'unemployed', 'unstableliving', 'education', 'marital', 'UDS_Amphetamine_Count', 'UDS_Benzodiazepine_Count', 'UDS_Buprenorphine_Count', 'UDS_Cocaine_Count', 'UDS_Methadone_Count', 'UDS_Opioid_Count', 'UDS_Sedatives_Count', 'UDS_Thc_Count', 'pain', 'has_schizophrenia', 'has_major_dep', 'has_bipolar', 'has_anx_pan', 'has_brain_damage', 'has_epilepsy', 'has_alcol_dx', 'has_amphetamines_dx', 'has_cannabis_dx', 'has_cocaine_dx', 'has_sedatives_dx', 'ftnd', 'XTRT', 'shared', 'rbsivheroin', 'TLFB_Alcohol_Count', 'TLFB_Amphetamine_Count', 'TLFB_Benzodiazepine_Count', 'TLFB_Buprenorphine_Count', 'TLFB_Cocaine_Count', 'TLFB_Heroin_Count', 'TLFB_Methadone_Count', 'TLFB_Opioid_Count', 'TLFB_THC_Count', 'TLFB_Other', 'Homosexual_Behavior', 'Non_monogamous_Relationships']
2024-08-14 11:31:24,027 - INFO - Fitting logistic regression model with the selected features...
2024-08-14 11:31:24,559 - INFO - Model training completed successfully.
2024-08-14 11:31:24,560 - INFO - Calculating the dynamic threshold based on the proportion of positive outcomes...
2024-08-14 11:31:24,560 - INFO - Ratio of 1s to 0s in the outcome variable: 0.80 : 0.20
2024-08-14 11:31:24,560 - INFO - Dynamic threshold set to: 0.8
2024-08-14 11:31:24,560 - INFO - Model trained and saved successfully for subset 10.
2024-08-14 11:31:24,560 - INFO - ---------------------------
2024-08-14 11:31:24,560 - INFO - TRAIN MODEL STAGE COMPLETED FOR SUBSET 10
2024-08-14 11:31:24,560 - INFO - ---------------------------
2024-08-14 11:31:24,560 - INFO - --------------------------------
2024-08-14 11:31:24,560 - INFO - EVALUATE MODEL STAGE STARTING FOR SUBSET 10...
2024-08-14 11:31:24,561 - INFO - --------------------------------
2024-08-14 11:31:24,574 - INFO - ROC AUC Score: 0.6705
2024-08-14 11:31:24,574 - INFO - Confusion Matrix: 
[[ 36  14]
 [ 90 110]]
2024-08-14 11:31:24,574 - INFO - Precision: 0.8870967741935484
2024-08-14 11:31:24,574 - INFO - Recall: 0.55
2024-08-14 11:31:24,575 - INFO - Model evaluated successfully for subset 10.
2024-08-14 11:31:24,575 - INFO - ------------------------------
2024-08-14 11:31:24,575 - INFO - EVALUATE MODEL STAGE COMPLETED FOR SUBSET 10
2024-08-14 11:31:24,575 - INFO - ------------------------------
2024-08-14 11:31:24,575 - INFO - Subset 11 demographic makeup: 1000 1
2024-08-14 11:31:24,576 - INFO - Processing subset 11...
2024-08-14 11:31:24,576 - INFO - -----------------------------
2024-08-14 11:31:24,576 - INFO - TRAIN MODEL STAGE STARTING FOR SUBSET 11...
2024-08-14 11:31:24,576 - INFO - -----------------------------
2024-08-14 11:31:24,581 - INFO - Scaling features and applying LASSO for feature selection...
2024-08-14 11:31:24,959 - INFO - Selected features (including required): ['who', 'age', 'is_female', 'unemployed', 'unstableliving', 'education', 'marital', 'UDS_Amphetamine_Count', 'UDS_Benzodiazepine_Count', 'UDS_Buprenorphine_Count', 'UDS_Cocaine_Count', 'UDS_Methadone_Count', 'UDS_Opioid_Count', 'UDS_Sedatives_Count', 'UDS_Thc_Count', 'pain', 'has_schizophrenia', 'has_major_dep', 'has_bipolar', 'has_anx_pan', 'has_brain_damage', 'has_epilepsy', 'has_alcol_dx', 'has_amphetamines_dx', 'has_cannabis_dx', 'has_cocaine_dx', 'has_sedatives_dx', 'ftnd', 'XTRT', 'shared', 'rbsivheroin', 'TLFB_Alcohol_Count', 'TLFB_Amphetamine_Count', 'TLFB_Benzodiazepine_Count', 'TLFB_Buprenorphine_Count', 'TLFB_Cocaine_Count', 'TLFB_Heroin_Count', 'TLFB_Methadone_Count', 'TLFB_Opioid_Count', 'TLFB_THC_Count', 'TLFB_Other', 'Homosexual_Behavior', 'Non_monogamous_Relationships']
2024-08-14 11:31:24,964 - INFO - Fitting logistic regression model with the selected features...
2024-08-14 11:31:25,631 - INFO - Model training completed successfully.
2024-08-14 11:31:25,631 - INFO - Calculating the dynamic threshold based on the proportion of positive outcomes...
2024-08-14 11:31:25,631 - INFO - Ratio of 1s to 0s in the outcome variable: 0.77 : 0.23
2024-08-14 11:31:25,632 - INFO - Dynamic threshold set to: 0.772
2024-08-14 11:31:25,632 - INFO - Model trained and saved successfully for subset 11.
2024-08-14 11:31:25,632 - INFO - ---------------------------
2024-08-14 11:31:25,632 - INFO - TRAIN MODEL STAGE COMPLETED FOR SUBSET 11
2024-08-14 11:31:25,632 - INFO - ---------------------------
2024-08-14 11:31:25,632 - INFO - --------------------------------
2024-08-14 11:31:25,632 - INFO - EVALUATE MODEL STAGE STARTING FOR SUBSET 11...
2024-08-14 11:31:25,632 - INFO - --------------------------------
2024-08-14 11:31:25,648 - INFO - ROC AUC Score: 0.6751204435960367
2024-08-14 11:31:25,648 - INFO - Confusion Matrix: 
[[ 34  23]
 [ 61 132]]
2024-08-14 11:31:25,649 - INFO - Precision: 0.8516129032258064
2024-08-14 11:31:25,649 - INFO - Recall: 0.6839378238341969
2024-08-14 11:31:25,649 - INFO - Model evaluated successfully for subset 11.
2024-08-14 11:31:25,650 - INFO - ------------------------------
2024-08-14 11:31:25,650 - INFO - EVALUATE MODEL STAGE COMPLETED FOR SUBSET 11
2024-08-14 11:31:25,650 - INFO - ------------------------------
2024-08-14 11:31:25,650 - INFO - ------------------
2024-08-14 11:31:25,650 - INFO - PIPELINE COMPLETED
2024-08-14 11:31:25,650 - INFO - ------------------
