2024-08-14 12:45:36,526 - INFO - Global Seed set to: 1
2024-08-14 12:45:36,526 - INFO - Outcome Name: Rd_kostenB_1993
2024-08-14 12:45:36,597 - INFO - Datasets loaded successfully.
2024-08-14 12:45:36,773 - INFO - Starting preprocessing of the merged dataset...
2024-08-14 12:45:36,775 - INFO - ---------------------------------
2024-08-14 12:45:36,776 - INFO - PRE-PROCESSING STAGE STARTING...
2024-08-14 12:45:36,779 - INFO - ---------------------------------
2024-08-14 12:45:37,073 - INFO - Dropped initial columns: ['pain_when', 'is_smoker', 'per_day', 'max', 'amount', 'depression', 'anxiety', 'schizophrenia', 'max', 'amount', 'cocaine_inject_days', 'speedball_inject_days', 'opioid_inject_days', 'speed_inject_days', 'UDS_Alcohol_Count', 'UDS_Mdma/Hallucinogen_Count']
2024-08-14 12:45:37,116 - INFO - Converted Yes/No to binary.
2024-08-14 12:45:37,126 - INFO - Processed TLFB columns with specified columns: ['TLFB_Alcohol_Count', 'TLFB_Amphetamine_Count', 'TLFB_Cocaine_Count', 'TLFB_Heroin_Count', 'TLFB_Benzodiazepine_Count', 'TLFB_Opioid_Count', 'TLFB_THC_Count', 'TLFB_Methadone_Count', 'TLFB_Buprenorphine_Count']
2024-08-14 12:45:37,128 - INFO - Calculated behavioral columns.
2024-08-14 12:45:37,131 - INFO - Moved 'Rd_kostenB_1993' column to the end.
2024-08-14 12:45:37,285 - INFO - Dropped initial columns: ['msm_npt', 'msm_frq', 'txx_prt']
2024-08-14 12:45:37,349 - INFO - transform_data_with_nan_handling success
2024-08-14 12:45:37,350 - INFO - Renamed columns according to the mapping.
2024-08-14 12:45:37,497 - INFO - Transformed NaN to 0 for binary columns.
2024-08-14 12:45:37,498 - INFO - Transformed and renamed 'heroin_inject_days' column to 'rbsivheroin'.
2024-08-14 12:45:37,499 - INFO - Filled NaN with 0 for 'ftnd' column.
2024-08-14 12:45:37,972 - INFO - Dropped additional columns: ['rbs_iv_days', 'race', 'RBS_cocaine_Days', 'RBS_heroin_Days', 'RBS_opioid_Days', 'RBS_speed_Days', 'RBS_speedball_Days']
2024-08-14 12:45:38,086 - INFO - Converted UDS drug counts to binary.
2024-08-14 12:45:38,265 - INFO - ------------------------------
2024-08-14 12:45:38,266 - INFO - PRE-PROCESSING STAGE COMPLETED
2024-08-14 12:45:38,266 - INFO - ------------------------------
2024-08-14 12:45:38,267 - INFO - Merged dataset preprocessed successfully.
2024-08-14 12:45:38,267 - INFO - Creating demographic subsets from preprocessed data...
2024-08-14 12:45:47,414 - INFO - Created 11 subsets successfully.
2024-08-14 12:45:47,414 - INFO - Creating merged subsets from create_demographics_dfs function
2024-08-14 12:45:47,496 - INFO - Created 11 merged subsets successfully.
2024-08-14 12:45:47,498 - INFO - Subset 1 demographic makeup: 500 1, 239 3, 162 2, 99 4
2024-08-14 12:45:47,504 - INFO - Processing subset 1...
2024-08-14 12:45:47,506 - INFO - -----------------------------
2024-08-14 12:45:47,507 - INFO - TRAIN MODEL STAGE STARTING FOR SUBSET 1...
2024-08-14 12:45:47,507 - INFO - -----------------------------
2024-08-14 12:45:47,562 - INFO - Scaling features and applying LASSO for feature selection...
2024-08-14 12:45:47,812 - INFO - Selected features (including required): ['who', 'RaceEth', 'age', 'is_female', 'is_hispanic', 'unemployed', 'unstableliving', 'education', 'marital', 'UDS_Amphetamine_Count', 'UDS_Benzodiazepine_Count', 'UDS_Buprenorphine_Count', 'UDS_Cocaine_Count', 'UDS_Methadone_Count', 'UDS_Opioid_Count', 'UDS_Sedatives_Count', 'UDS_Thc_Count', 'pain', 'has_schizophrenia', 'has_major_dep', 'has_bipolar', 'has_anx_pan', 'has_brain_damage', 'has_epilepsy', 'has_alcol_dx', 'has_amphetamines_dx', 'has_cannabis_dx', 'has_cocaine_dx', 'has_sedatives_dx', 'ftnd', 'XTRT', 'shared', 'rbsivheroin', 'TLFB_Alcohol_Count', 'TLFB_Amphetamine_Count', 'TLFB_Benzodiazepine_Count', 'TLFB_Buprenorphine_Count', 'TLFB_Cocaine_Count', 'TLFB_Heroin_Count', 'TLFB_Methadone_Count', 'TLFB_Opioid_Count', 'TLFB_THC_Count', 'TLFB_Other', 'Homosexual_Behavior', 'Non_monogamous_Relationships']
2024-08-14 12:45:47,824 - INFO - Fitting logistic regression model with the selected features...
2024-08-14 12:45:48,563 - INFO - Model training completed successfully.
2024-08-14 12:45:48,564 - INFO - Calculating the dynamic threshold based on the proportion of positive outcomes...
2024-08-14 12:45:48,565 - INFO - Ratio of 1s to 0s in the outcome variable: 0.52 : 0.48
2024-08-14 12:45:48,568 - INFO - Dynamic threshold set to: 0.516
2024-08-14 12:45:48,576 - INFO - Model trained and saved successfully for subset 1.
2024-08-14 12:45:48,576 - INFO - ---------------------------
2024-08-14 12:45:48,577 - INFO - TRAIN MODEL STAGE COMPLETED FOR SUBSET 1
2024-08-14 12:45:48,578 - INFO - ---------------------------
2024-08-14 12:45:48,578 - INFO - --------------------------------
2024-08-14 12:45:48,579 - INFO - EVALUATE MODEL STAGE STARTING FOR SUBSET 1...
2024-08-14 12:45:48,579 - INFO - --------------------------------
2024-08-14 12:45:48,598 - INFO - ROC AUC Score: 0.696585303350631
2024-08-14 12:45:48,599 - INFO - Confusion Matrix: 
[[85 36]
 [47 82]]
2024-08-14 12:45:48,599 - INFO - Precision: 0.6949152542372882
2024-08-14 12:45:48,599 - INFO - Recall: 0.6356589147286822
2024-08-14 12:45:48,600 - INFO - Model evaluated successfully for subset 1.
2024-08-14 12:45:48,605 - INFO - ------------------------------
2024-08-14 12:45:48,608 - INFO - EVALUATE MODEL STAGE COMPLETED FOR SUBSET 1
2024-08-14 12:45:48,608 - INFO - ------------------------------
2024-08-14 12:45:48,610 - INFO - Subset 2 demographic makeup: 550 1, 216 3, 146 2, 88 4
2024-08-14 12:45:48,610 - INFO - Processing subset 2...
2024-08-14 12:45:48,611 - INFO - -----------------------------
2024-08-14 12:45:48,613 - INFO - TRAIN MODEL STAGE STARTING FOR SUBSET 2...
2024-08-14 12:45:48,614 - INFO - -----------------------------
2024-08-14 12:45:48,625 - INFO - Scaling features and applying LASSO for feature selection...
2024-08-14 12:45:48,840 - INFO - Selected features (including required): ['who', 'RaceEth', 'age', 'is_female', 'is_hispanic', 'unemployed', 'unstableliving', 'education', 'marital', 'UDS_Amphetamine_Count', 'UDS_Benzodiazepine_Count', 'UDS_Buprenorphine_Count', 'UDS_Cocaine_Count', 'UDS_Methadone_Count', 'UDS_Opioid_Count', 'UDS_Sedatives_Count', 'UDS_Thc_Count', 'pain', 'has_schizophrenia', 'has_major_dep', 'has_bipolar', 'has_anx_pan', 'has_brain_damage', 'has_epilepsy', 'has_alcol_dx', 'has_amphetamines_dx', 'has_cannabis_dx', 'has_cocaine_dx', 'has_sedatives_dx', 'ftnd', 'XTRT', 'shared', 'rbsivheroin', 'TLFB_Alcohol_Count', 'TLFB_Amphetamine_Count', 'TLFB_Benzodiazepine_Count', 'TLFB_Buprenorphine_Count', 'TLFB_Cocaine_Count', 'TLFB_Heroin_Count', 'TLFB_Methadone_Count', 'TLFB_Opioid_Count', 'TLFB_THC_Count', 'TLFB_Other', 'Homosexual_Behavior', 'Non_monogamous_Relationships']
2024-08-14 12:45:48,848 - INFO - Fitting logistic regression model with the selected features...
2024-08-14 12:45:49,840 - INFO - Model training completed successfully.
2024-08-14 12:45:49,840 - INFO - Calculating the dynamic threshold based on the proportion of positive outcomes...
2024-08-14 12:45:49,841 - INFO - Ratio of 1s to 0s in the outcome variable: 0.49 : 0.51
2024-08-14 12:45:49,841 - INFO - Dynamic threshold set to: 0.488
2024-08-14 12:45:49,841 - INFO - Model trained and saved successfully for subset 2.
2024-08-14 12:45:49,841 - INFO - ---------------------------
2024-08-14 12:45:49,841 - INFO - TRAIN MODEL STAGE COMPLETED FOR SUBSET 2
2024-08-14 12:45:49,841 - INFO - ---------------------------
2024-08-14 12:45:49,841 - INFO - --------------------------------
2024-08-14 12:45:49,841 - INFO - EVALUATE MODEL STAGE STARTING FOR SUBSET 2...
2024-08-14 12:45:49,841 - INFO - --------------------------------
2024-08-14 12:45:49,859 - INFO - ROC AUC Score: 0.681608606557377
2024-08-14 12:45:49,859 - INFO - Confusion Matrix: 
[[73 55]
 [47 75]]
2024-08-14 12:45:49,859 - INFO - Precision: 0.5769230769230769
2024-08-14 12:45:49,859 - INFO - Recall: 0.6147540983606558
2024-08-14 12:45:49,860 - INFO - Model evaluated successfully for subset 2.
2024-08-14 12:45:49,860 - INFO - ------------------------------
2024-08-14 12:45:49,860 - INFO - EVALUATE MODEL STAGE COMPLETED FOR SUBSET 2
2024-08-14 12:45:49,860 - INFO - ------------------------------
2024-08-14 12:45:49,861 - INFO - Subset 3 demographic makeup: 600 1, 190 3, 137 2, 73 4
2024-08-14 12:45:49,861 - INFO - Processing subset 3...
2024-08-14 12:45:49,861 - INFO - -----------------------------
2024-08-14 12:45:49,861 - INFO - TRAIN MODEL STAGE STARTING FOR SUBSET 3...
2024-08-14 12:45:49,861 - INFO - -----------------------------
2024-08-14 12:45:49,869 - INFO - Scaling features and applying LASSO for feature selection...
2024-08-14 12:45:50,066 - INFO - Selected features (including required): ['who', 'RaceEth', 'age', 'is_female', 'is_hispanic', 'unemployed', 'unstableliving', 'education', 'marital', 'UDS_Amphetamine_Count', 'UDS_Benzodiazepine_Count', 'UDS_Buprenorphine_Count', 'UDS_Cocaine_Count', 'UDS_Methadone_Count', 'UDS_Opioid_Count', 'UDS_Sedatives_Count', 'UDS_Thc_Count', 'pain', 'has_schizophrenia', 'has_major_dep', 'has_bipolar', 'has_anx_pan', 'has_brain_damage', 'has_epilepsy', 'has_alcol_dx', 'has_amphetamines_dx', 'has_cannabis_dx', 'has_cocaine_dx', 'has_sedatives_dx', 'ftnd', 'XTRT', 'shared', 'rbsivheroin', 'TLFB_Alcohol_Count', 'TLFB_Amphetamine_Count', 'TLFB_Benzodiazepine_Count', 'TLFB_Buprenorphine_Count', 'TLFB_Cocaine_Count', 'TLFB_Heroin_Count', 'TLFB_Methadone_Count', 'TLFB_Opioid_Count', 'TLFB_THC_Count', 'TLFB_Other', 'Homosexual_Behavior', 'Non_monogamous_Relationships']
2024-08-14 12:45:50,071 - INFO - Fitting logistic regression model with the selected features...
2024-08-14 12:45:51,019 - INFO - Model training completed successfully.
2024-08-14 12:45:51,019 - INFO - Calculating the dynamic threshold based on the proportion of positive outcomes...
2024-08-14 12:45:51,020 - INFO - Ratio of 1s to 0s in the outcome variable: 0.47 : 0.53
2024-08-14 12:45:51,020 - INFO - Dynamic threshold set to: 0.472
2024-08-14 12:45:51,020 - INFO - Model trained and saved successfully for subset 3.
2024-08-14 12:45:51,020 - INFO - ---------------------------
2024-08-14 12:45:51,020 - INFO - TRAIN MODEL STAGE COMPLETED FOR SUBSET 3
2024-08-14 12:45:51,020 - INFO - ---------------------------
2024-08-14 12:45:51,020 - INFO - --------------------------------
2024-08-14 12:45:51,020 - INFO - EVALUATE MODEL STAGE STARTING FOR SUBSET 3...
2024-08-14 12:45:51,020 - INFO - --------------------------------
2024-08-14 12:45:51,040 - INFO - ROC AUC Score: 0.5982280431432975
2024-08-14 12:45:51,041 - INFO - Confusion Matrix: 
[[66 66]
 [45 73]]
2024-08-14 12:45:51,041 - INFO - Precision: 0.5251798561151079
2024-08-14 12:45:51,041 - INFO - Recall: 0.6186440677966102
2024-08-14 12:45:51,041 - INFO - Model evaluated successfully for subset 3.
2024-08-14 12:45:51,041 - INFO - ------------------------------
2024-08-14 12:45:51,041 - INFO - EVALUATE MODEL STAGE COMPLETED FOR SUBSET 3
2024-08-14 12:45:51,041 - INFO - ------------------------------
2024-08-14 12:45:51,042 - INFO - Subset 4 demographic makeup: 650 1, 169 3, 116 2, 65 4
2024-08-14 12:45:51,042 - INFO - Processing subset 4...
2024-08-14 12:45:51,042 - INFO - -----------------------------
2024-08-14 12:45:51,043 - INFO - TRAIN MODEL STAGE STARTING FOR SUBSET 4...
2024-08-14 12:45:51,043 - INFO - -----------------------------
2024-08-14 12:45:51,048 - INFO - Scaling features and applying LASSO for feature selection...
2024-08-14 12:45:51,246 - INFO - Selected features (including required): ['who', 'RaceEth', 'age', 'is_female', 'is_hispanic', 'unemployed', 'unstableliving', 'education', 'marital', 'UDS_Amphetamine_Count', 'UDS_Benzodiazepine_Count', 'UDS_Buprenorphine_Count', 'UDS_Cocaine_Count', 'UDS_Methadone_Count', 'UDS_Opioid_Count', 'UDS_Sedatives_Count', 'UDS_Thc_Count', 'pain', 'has_schizophrenia', 'has_major_dep', 'has_bipolar', 'has_anx_pan', 'has_brain_damage', 'has_epilepsy', 'has_alcol_dx', 'has_amphetamines_dx', 'has_cannabis_dx', 'has_cocaine_dx', 'has_sedatives_dx', 'ftnd', 'XTRT', 'shared', 'rbsivheroin', 'TLFB_Alcohol_Count', 'TLFB_Amphetamine_Count', 'TLFB_Benzodiazepine_Count', 'TLFB_Buprenorphine_Count', 'TLFB_Cocaine_Count', 'TLFB_Heroin_Count', 'TLFB_Methadone_Count', 'TLFB_Opioid_Count', 'TLFB_THC_Count', 'TLFB_Other', 'Homosexual_Behavior', 'Non_monogamous_Relationships']
2024-08-14 12:45:51,268 - INFO - Fitting logistic regression model with the selected features...
2024-08-14 12:45:52,059 - INFO - Model training completed successfully.
2024-08-14 12:45:52,059 - INFO - Calculating the dynamic threshold based on the proportion of positive outcomes...
2024-08-14 12:45:52,059 - INFO - Ratio of 1s to 0s in the outcome variable: 0.54 : 0.46
2024-08-14 12:45:52,060 - INFO - Dynamic threshold set to: 0.544
2024-08-14 12:45:52,060 - INFO - Model trained and saved successfully for subset 4.
2024-08-14 12:45:52,060 - INFO - ---------------------------
2024-08-14 12:45:52,060 - INFO - TRAIN MODEL STAGE COMPLETED FOR SUBSET 4
2024-08-14 12:45:52,060 - INFO - ---------------------------
2024-08-14 12:45:52,060 - INFO - --------------------------------
2024-08-14 12:45:52,060 - INFO - EVALUATE MODEL STAGE STARTING FOR SUBSET 4...
2024-08-14 12:45:52,060 - INFO - --------------------------------
2024-08-14 12:45:52,078 - INFO - ROC AUC Score: 0.6651831785345718
2024-08-14 12:45:52,078 - INFO - Confusion Matrix: 
[[75 39]
 [61 75]]
2024-08-14 12:45:52,079 - INFO - Precision: 0.6578947368421053
2024-08-14 12:45:52,079 - INFO - Recall: 0.5514705882352942
2024-08-14 12:45:52,079 - INFO - Model evaluated successfully for subset 4.
2024-08-14 12:45:52,079 - INFO - ------------------------------
2024-08-14 12:45:52,079 - INFO - EVALUATE MODEL STAGE COMPLETED FOR SUBSET 4
2024-08-14 12:45:52,079 - INFO - ------------------------------
2024-08-14 12:45:52,080 - INFO - Subset 5 demographic makeup: 700 1, 147 3, 97 2, 56 4
2024-08-14 12:45:52,080 - INFO - Processing subset 5...
2024-08-14 12:45:52,080 - INFO - -----------------------------
2024-08-14 12:45:52,080 - INFO - TRAIN MODEL STAGE STARTING FOR SUBSET 5...
2024-08-14 12:45:52,080 - INFO - -----------------------------
2024-08-14 12:45:52,088 - INFO - Scaling features and applying LASSO for feature selection...
2024-08-14 12:45:52,335 - INFO - Selected features (including required): ['who', 'RaceEth', 'age', 'is_female', 'is_hispanic', 'unemployed', 'unstableliving', 'education', 'marital', 'UDS_Amphetamine_Count', 'UDS_Benzodiazepine_Count', 'UDS_Buprenorphine_Count', 'UDS_Cocaine_Count', 'UDS_Methadone_Count', 'UDS_Opioid_Count', 'UDS_Sedatives_Count', 'UDS_Thc_Count', 'pain', 'has_schizophrenia', 'has_major_dep', 'has_bipolar', 'has_anx_pan', 'has_brain_damage', 'has_epilepsy', 'has_alcol_dx', 'has_amphetamines_dx', 'has_cannabis_dx', 'has_cocaine_dx', 'has_sedatives_dx', 'ftnd', 'XTRT', 'shared', 'rbsivheroin', 'TLFB_Alcohol_Count', 'TLFB_Amphetamine_Count', 'TLFB_Benzodiazepine_Count', 'TLFB_Buprenorphine_Count', 'TLFB_Cocaine_Count', 'TLFB_Heroin_Count', 'TLFB_Methadone_Count', 'TLFB_Opioid_Count', 'TLFB_THC_Count', 'TLFB_Other', 'Homosexual_Behavior', 'Non_monogamous_Relationships']
2024-08-14 12:45:52,340 - INFO - Fitting logistic regression model with the selected features...
2024-08-14 12:45:53,238 - INFO - Model training completed successfully.
2024-08-14 12:45:53,239 - INFO - Calculating the dynamic threshold based on the proportion of positive outcomes...
2024-08-14 12:45:53,239 - INFO - Ratio of 1s to 0s in the outcome variable: 0.54 : 0.46
2024-08-14 12:45:53,239 - INFO - Dynamic threshold set to: 0.54
2024-08-14 12:45:53,239 - INFO - Model trained and saved successfully for subset 5.
2024-08-14 12:45:53,240 - INFO - ---------------------------
2024-08-14 12:45:53,240 - INFO - TRAIN MODEL STAGE COMPLETED FOR SUBSET 5
2024-08-14 12:45:53,240 - INFO - ---------------------------
2024-08-14 12:45:53,240 - INFO - --------------------------------
2024-08-14 12:45:53,240 - INFO - EVALUATE MODEL STAGE STARTING FOR SUBSET 5...
2024-08-14 12:45:53,240 - INFO - --------------------------------
2024-08-14 12:45:53,257 - INFO - ROC AUC Score: 0.637938808373591
2024-08-14 12:45:53,257 - INFO - Confusion Matrix: 
[[72 43]
 [57 78]]
2024-08-14 12:45:53,258 - INFO - Precision: 0.6446280991735537
2024-08-14 12:45:53,258 - INFO - Recall: 0.5777777777777777
2024-08-14 12:45:53,258 - INFO - Model evaluated successfully for subset 5.
2024-08-14 12:45:53,258 - INFO - ------------------------------
2024-08-14 12:45:53,258 - INFO - EVALUATE MODEL STAGE COMPLETED FOR SUBSET 5
2024-08-14 12:45:53,259 - INFO - ------------------------------
2024-08-14 12:45:53,259 - INFO - Subset 6 demographic makeup: 750 1, 125 3, 79 2, 46 4
2024-08-14 12:45:53,259 - INFO - Processing subset 6...
2024-08-14 12:45:53,260 - INFO - -----------------------------
2024-08-14 12:45:53,260 - INFO - TRAIN MODEL STAGE STARTING FOR SUBSET 6...
2024-08-14 12:45:53,260 - INFO - -----------------------------
2024-08-14 12:45:53,267 - INFO - Scaling features and applying LASSO for feature selection...
2024-08-14 12:45:53,664 - INFO - Selected features (including required): ['who', 'RaceEth', 'age', 'is_female', 'is_hispanic', 'unemployed', 'unstableliving', 'education', 'marital', 'UDS_Amphetamine_Count', 'UDS_Benzodiazepine_Count', 'UDS_Buprenorphine_Count', 'UDS_Cocaine_Count', 'UDS_Methadone_Count', 'UDS_Opioid_Count', 'UDS_Sedatives_Count', 'UDS_Thc_Count', 'pain', 'has_schizophrenia', 'has_major_dep', 'has_bipolar', 'has_anx_pan', 'has_brain_damage', 'has_epilepsy', 'has_alcol_dx', 'has_amphetamines_dx', 'has_cannabis_dx', 'has_cocaine_dx', 'has_sedatives_dx', 'ftnd', 'XTRT', 'shared', 'rbsivheroin', 'TLFB_Alcohol_Count', 'TLFB_Amphetamine_Count', 'TLFB_Benzodiazepine_Count', 'TLFB_Buprenorphine_Count', 'TLFB_Cocaine_Count', 'TLFB_Heroin_Count', 'TLFB_Methadone_Count', 'TLFB_Opioid_Count', 'TLFB_THC_Count', 'TLFB_Other', 'Homosexual_Behavior', 'Non_monogamous_Relationships']
2024-08-14 12:45:53,670 - INFO - Fitting logistic regression model with the selected features...
2024-08-14 12:45:54,380 - INFO - Model training completed successfully.
2024-08-14 12:45:54,380 - INFO - Calculating the dynamic threshold based on the proportion of positive outcomes...
2024-08-14 12:45:54,380 - INFO - Ratio of 1s to 0s in the outcome variable: 0.52 : 0.48
2024-08-14 12:45:54,380 - INFO - Dynamic threshold set to: 0.52
2024-08-14 12:45:54,380 - INFO - Model trained and saved successfully for subset 6.
2024-08-14 12:45:54,381 - INFO - ---------------------------
2024-08-14 12:45:54,381 - INFO - TRAIN MODEL STAGE COMPLETED FOR SUBSET 6
2024-08-14 12:45:54,381 - INFO - ---------------------------
2024-08-14 12:45:54,381 - INFO - --------------------------------
2024-08-14 12:45:54,381 - INFO - EVALUATE MODEL STAGE STARTING FOR SUBSET 6...
2024-08-14 12:45:54,381 - INFO - --------------------------------
2024-08-14 12:45:54,400 - INFO - ROC AUC Score: 0.6243589743589744
2024-08-14 12:45:54,401 - INFO - Confusion Matrix: 
[[66 54]
 [56 74]]
2024-08-14 12:45:54,401 - INFO - Precision: 0.578125
2024-08-14 12:45:54,401 - INFO - Recall: 0.5692307692307692
2024-08-14 12:45:54,401 - INFO - Model evaluated successfully for subset 6.
2024-08-14 12:45:54,401 - INFO - ------------------------------
2024-08-14 12:45:54,401 - INFO - EVALUATE MODEL STAGE COMPLETED FOR SUBSET 6
2024-08-14 12:45:54,401 - INFO - ------------------------------
2024-08-14 12:45:54,402 - INFO - Subset 7 demographic makeup: 800 1, 101 3, 68 2, 31 4
2024-08-14 12:45:54,402 - INFO - Processing subset 7...
2024-08-14 12:45:54,402 - INFO - -----------------------------
2024-08-14 12:45:54,402 - INFO - TRAIN MODEL STAGE STARTING FOR SUBSET 7...
2024-08-14 12:45:54,402 - INFO - -----------------------------
2024-08-14 12:45:54,409 - INFO - Scaling features and applying LASSO for feature selection...
2024-08-14 12:45:56,307 - INFO - Selected features (including required): ['who', 'RaceEth', 'age', 'is_female', 'is_hispanic', 'unemployed', 'unstableliving', 'education', 'marital', 'UDS_Amphetamine_Count', 'UDS_Benzodiazepine_Count', 'UDS_Buprenorphine_Count', 'UDS_Cocaine_Count', 'UDS_Methadone_Count', 'UDS_Opioid_Count', 'UDS_Sedatives_Count', 'UDS_Thc_Count', 'pain', 'has_schizophrenia', 'has_major_dep', 'has_bipolar', 'has_anx_pan', 'has_brain_damage', 'has_epilepsy', 'has_alcol_dx', 'has_amphetamines_dx', 'has_cannabis_dx', 'has_cocaine_dx', 'has_sedatives_dx', 'ftnd', 'XTRT', 'shared', 'rbsivheroin', 'TLFB_Alcohol_Count', 'TLFB_Amphetamine_Count', 'TLFB_Benzodiazepine_Count', 'TLFB_Buprenorphine_Count', 'TLFB_Cocaine_Count', 'TLFB_Heroin_Count', 'TLFB_Methadone_Count', 'TLFB_Opioid_Count', 'TLFB_THC_Count', 'TLFB_Other', 'Homosexual_Behavior', 'Non_monogamous_Relationships']
2024-08-14 12:45:56,313 - INFO - Fitting logistic regression model with the selected features...
2024-08-14 12:45:56,859 - INFO - Model training completed successfully.
2024-08-14 12:45:56,859 - INFO - Calculating the dynamic threshold based on the proportion of positive outcomes...
2024-08-14 12:45:56,860 - INFO - Ratio of 1s to 0s in the outcome variable: 0.55 : 0.45
2024-08-14 12:45:56,860 - INFO - Dynamic threshold set to: 0.552
2024-08-14 12:45:56,861 - INFO - Model trained and saved successfully for subset 7.
2024-08-14 12:45:56,861 - INFO - ---------------------------
2024-08-14 12:45:56,862 - INFO - TRAIN MODEL STAGE COMPLETED FOR SUBSET 7
2024-08-14 12:45:56,865 - INFO - ---------------------------
2024-08-14 12:45:56,866 - INFO - --------------------------------
2024-08-14 12:45:56,866 - INFO - EVALUATE MODEL STAGE STARTING FOR SUBSET 7...
2024-08-14 12:45:56,866 - INFO - --------------------------------
2024-08-14 12:45:56,891 - INFO - ROC AUC Score: 0.6396221532091096
2024-08-14 12:45:56,892 - INFO - Confusion Matrix: 
[[67 45]
 [60 78]]
2024-08-14 12:45:56,893 - INFO - Precision: 0.6341463414634146
2024-08-14 12:45:56,894 - INFO - Recall: 0.5652173913043478
2024-08-14 12:45:56,895 - INFO - Model evaluated successfully for subset 7.
2024-08-14 12:45:56,896 - INFO - ------------------------------
2024-08-14 12:45:56,898 - INFO - EVALUATE MODEL STAGE COMPLETED FOR SUBSET 7
2024-08-14 12:45:56,898 - INFO - ------------------------------
2024-08-14 12:45:56,900 - INFO - Subset 8 demographic makeup: 850 1, 78 3, 49 2, 23 4
2024-08-14 12:45:56,900 - INFO - Processing subset 8...
2024-08-14 12:45:56,901 - INFO - -----------------------------
2024-08-14 12:45:56,901 - INFO - TRAIN MODEL STAGE STARTING FOR SUBSET 8...
2024-08-14 12:45:56,901 - INFO - -----------------------------
2024-08-14 12:45:56,908 - INFO - Scaling features and applying LASSO for feature selection...
2024-08-14 12:45:57,203 - INFO - Selected features (including required): ['who', 'RaceEth', 'age', 'is_female', 'is_hispanic', 'unemployed', 'unstableliving', 'education', 'marital', 'UDS_Amphetamine_Count', 'UDS_Benzodiazepine_Count', 'UDS_Buprenorphine_Count', 'UDS_Cocaine_Count', 'UDS_Methadone_Count', 'UDS_Opioid_Count', 'UDS_Sedatives_Count', 'UDS_Thc_Count', 'pain', 'has_schizophrenia', 'has_major_dep', 'has_bipolar', 'has_anx_pan', 'has_brain_damage', 'has_epilepsy', 'has_alcol_dx', 'has_amphetamines_dx', 'has_cannabis_dx', 'has_cocaine_dx', 'has_sedatives_dx', 'ftnd', 'XTRT', 'shared', 'rbsivheroin', 'TLFB_Alcohol_Count', 'TLFB_Amphetamine_Count', 'TLFB_Benzodiazepine_Count', 'TLFB_Buprenorphine_Count', 'TLFB_Cocaine_Count', 'TLFB_Heroin_Count', 'TLFB_Methadone_Count', 'TLFB_Opioid_Count', 'TLFB_THC_Count', 'TLFB_Other', 'Homosexual_Behavior', 'Non_monogamous_Relationships']
2024-08-14 12:45:57,208 - INFO - Fitting logistic regression model with the selected features...
2024-08-14 12:45:57,761 - INFO - Model training completed successfully.
2024-08-14 12:45:57,761 - INFO - Calculating the dynamic threshold based on the proportion of positive outcomes...
2024-08-14 12:45:57,762 - INFO - Ratio of 1s to 0s in the outcome variable: 0.55 : 0.45
2024-08-14 12:45:57,762 - INFO - Dynamic threshold set to: 0.552
2024-08-14 12:45:57,762 - INFO - Model trained and saved successfully for subset 8.
2024-08-14 12:45:57,762 - INFO - ---------------------------
2024-08-14 12:45:57,762 - INFO - TRAIN MODEL STAGE COMPLETED FOR SUBSET 8
2024-08-14 12:45:57,762 - INFO - ---------------------------
2024-08-14 12:45:57,762 - INFO - --------------------------------
2024-08-14 12:45:57,762 - INFO - EVALUATE MODEL STAGE STARTING FOR SUBSET 8...
2024-08-14 12:45:57,762 - INFO - --------------------------------
2024-08-14 12:45:57,777 - INFO - ROC AUC Score: 0.6484213250517598
2024-08-14 12:45:57,777 - INFO - Confusion Matrix: 
[[71 41]
 [51 87]]
2024-08-14 12:45:57,778 - INFO - Precision: 0.6796875
2024-08-14 12:45:57,778 - INFO - Recall: 0.6304347826086957
2024-08-14 12:45:57,778 - INFO - Model evaluated successfully for subset 8.
2024-08-14 12:45:57,778 - INFO - ------------------------------
2024-08-14 12:45:57,778 - INFO - EVALUATE MODEL STAGE COMPLETED FOR SUBSET 8
2024-08-14 12:45:57,778 - INFO - ------------------------------
2024-08-14 12:45:57,779 - INFO - Subset 9 demographic makeup: 900 1, 55 3, 31 2, 14 4
2024-08-14 12:45:57,779 - INFO - Processing subset 9...
2024-08-14 12:45:57,779 - INFO - -----------------------------
2024-08-14 12:45:57,780 - INFO - TRAIN MODEL STAGE STARTING FOR SUBSET 9...
2024-08-14 12:45:57,780 - INFO - -----------------------------
2024-08-14 12:45:57,786 - INFO - Scaling features and applying LASSO for feature selection...
2024-08-14 12:45:58,087 - INFO - Selected features (including required): ['who', 'RaceEth', 'age', 'is_female', 'is_hispanic', 'unemployed', 'unstableliving', 'education', 'marital', 'UDS_Amphetamine_Count', 'UDS_Benzodiazepine_Count', 'UDS_Buprenorphine_Count', 'UDS_Cocaine_Count', 'UDS_Methadone_Count', 'UDS_Opioid_Count', 'UDS_Sedatives_Count', 'UDS_Thc_Count', 'pain', 'has_schizophrenia', 'has_major_dep', 'has_bipolar', 'has_anx_pan', 'has_brain_damage', 'has_epilepsy', 'has_alcol_dx', 'has_amphetamines_dx', 'has_cannabis_dx', 'has_cocaine_dx', 'has_sedatives_dx', 'ftnd', 'XTRT', 'shared', 'rbsivheroin', 'TLFB_Alcohol_Count', 'TLFB_Amphetamine_Count', 'TLFB_Benzodiazepine_Count', 'TLFB_Buprenorphine_Count', 'TLFB_Cocaine_Count', 'TLFB_Heroin_Count', 'TLFB_Methadone_Count', 'TLFB_Opioid_Count', 'TLFB_THC_Count', 'TLFB_Other', 'Homosexual_Behavior', 'Non_monogamous_Relationships']
2024-08-14 12:45:58,092 - INFO - Fitting logistic regression model with the selected features...
2024-08-14 12:45:58,476 - INFO - Model training completed successfully.
2024-08-14 12:45:58,477 - INFO - Calculating the dynamic threshold based on the proportion of positive outcomes...
2024-08-14 12:45:58,477 - INFO - Ratio of 1s to 0s in the outcome variable: 0.55 : 0.45
2024-08-14 12:45:58,477 - INFO - Dynamic threshold set to: 0.548
2024-08-14 12:45:58,477 - INFO - Model trained and saved successfully for subset 9.
2024-08-14 12:45:58,477 - INFO - ---------------------------
2024-08-14 12:45:58,477 - INFO - TRAIN MODEL STAGE COMPLETED FOR SUBSET 9
2024-08-14 12:45:58,477 - INFO - ---------------------------
2024-08-14 12:45:58,477 - INFO - --------------------------------
2024-08-14 12:45:58,477 - INFO - EVALUATE MODEL STAGE STARTING FOR SUBSET 9...
2024-08-14 12:45:58,478 - INFO - --------------------------------
2024-08-14 12:45:58,492 - INFO - ROC AUC Score: 0.6077772753698082
2024-08-14 12:45:58,492 - INFO - Confusion Matrix: 
[[55 58]
 [59 78]]
2024-08-14 12:45:58,492 - INFO - Precision: 0.5735294117647058
2024-08-14 12:45:58,492 - INFO - Recall: 0.5693430656934306
2024-08-14 12:45:58,492 - INFO - Model evaluated successfully for subset 9.
2024-08-14 12:45:58,492 - INFO - ------------------------------
2024-08-14 12:45:58,493 - INFO - EVALUATE MODEL STAGE COMPLETED FOR SUBSET 9
2024-08-14 12:45:58,493 - INFO - ------------------------------
2024-08-14 12:45:58,494 - INFO - Subset 10 demographic makeup: 950 1, 28 3, 14 2, 8 4
2024-08-14 12:45:58,494 - INFO - Processing subset 10...
2024-08-14 12:45:58,494 - INFO - -----------------------------
2024-08-14 12:45:58,494 - INFO - TRAIN MODEL STAGE STARTING FOR SUBSET 10...
2024-08-14 12:45:58,494 - INFO - -----------------------------
2024-08-14 12:45:58,499 - INFO - Scaling features and applying LASSO for feature selection...
2024-08-14 12:45:58,855 - INFO - Selected features (including required): ['who', 'RaceEth', 'age', 'is_female', 'is_hispanic', 'unemployed', 'unstableliving', 'education', 'marital', 'UDS_Amphetamine_Count', 'UDS_Benzodiazepine_Count', 'UDS_Buprenorphine_Count', 'UDS_Cocaine_Count', 'UDS_Methadone_Count', 'UDS_Opioid_Count', 'UDS_Sedatives_Count', 'UDS_Thc_Count', 'pain', 'has_schizophrenia', 'has_major_dep', 'has_bipolar', 'has_anx_pan', 'has_brain_damage', 'has_epilepsy', 'has_alcol_dx', 'has_amphetamines_dx', 'has_cannabis_dx', 'has_cocaine_dx', 'has_sedatives_dx', 'ftnd', 'XTRT', 'shared', 'rbsivheroin', 'TLFB_Alcohol_Count', 'TLFB_Amphetamine_Count', 'TLFB_Benzodiazepine_Count', 'TLFB_Buprenorphine_Count', 'TLFB_Cocaine_Count', 'TLFB_Heroin_Count', 'TLFB_Methadone_Count', 'TLFB_Opioid_Count', 'TLFB_THC_Count', 'TLFB_Other', 'Homosexual_Behavior', 'Non_monogamous_Relationships']
2024-08-14 12:45:58,867 - INFO - Fitting logistic regression model with the selected features...
2024-08-14 12:45:59,706 - INFO - Model training completed successfully.
2024-08-14 12:45:59,706 - INFO - Calculating the dynamic threshold based on the proportion of positive outcomes...
2024-08-14 12:45:59,707 - INFO - Ratio of 1s to 0s in the outcome variable: 0.59 : 0.41
2024-08-14 12:45:59,707 - INFO - Dynamic threshold set to: 0.592
2024-08-14 12:45:59,707 - INFO - Model trained and saved successfully for subset 10.
2024-08-14 12:45:59,707 - INFO - ---------------------------
2024-08-14 12:45:59,707 - INFO - TRAIN MODEL STAGE COMPLETED FOR SUBSET 10
2024-08-14 12:45:59,707 - INFO - ---------------------------
2024-08-14 12:45:59,707 - INFO - --------------------------------
2024-08-14 12:45:59,707 - INFO - EVALUATE MODEL STAGE STARTING FOR SUBSET 10...
2024-08-14 12:45:59,707 - INFO - --------------------------------
2024-08-14 12:45:59,735 - INFO - ROC AUC Score: 0.6506359300476948
2024-08-14 12:45:59,736 - INFO - Confusion Matrix: 
[[66 36]
 [64 84]]
2024-08-14 12:45:59,737 - INFO - Precision: 0.7
2024-08-14 12:45:59,737 - INFO - Recall: 0.5675675675675675
2024-08-14 12:45:59,738 - INFO - Model evaluated successfully for subset 10.
2024-08-14 12:45:59,738 - INFO - ------------------------------
2024-08-14 12:45:59,738 - INFO - EVALUATE MODEL STAGE COMPLETED FOR SUBSET 10
2024-08-14 12:45:59,738 - INFO - ------------------------------
2024-08-14 12:45:59,739 - INFO - Subset 11 demographic makeup: 1000 1
2024-08-14 12:45:59,740 - INFO - Processing subset 11...
2024-08-14 12:45:59,740 - INFO - -----------------------------
2024-08-14 12:45:59,740 - INFO - TRAIN MODEL STAGE STARTING FOR SUBSET 11...
2024-08-14 12:45:59,740 - INFO - -----------------------------
2024-08-14 12:45:59,747 - INFO - Scaling features and applying LASSO for feature selection...
2024-08-14 12:46:00,661 - INFO - Selected features (including required): ['who', 'age', 'is_female', 'unemployed', 'unstableliving', 'education', 'marital', 'UDS_Amphetamine_Count', 'UDS_Benzodiazepine_Count', 'UDS_Buprenorphine_Count', 'UDS_Cocaine_Count', 'UDS_Methadone_Count', 'UDS_Opioid_Count', 'UDS_Sedatives_Count', 'UDS_Thc_Count', 'pain', 'has_schizophrenia', 'has_major_dep', 'has_bipolar', 'has_anx_pan', 'has_brain_damage', 'has_epilepsy', 'has_alcol_dx', 'has_amphetamines_dx', 'has_cannabis_dx', 'has_cocaine_dx', 'has_sedatives_dx', 'ftnd', 'XTRT', 'shared', 'rbsivheroin', 'TLFB_Alcohol_Count', 'TLFB_Amphetamine_Count', 'TLFB_Benzodiazepine_Count', 'TLFB_Buprenorphine_Count', 'TLFB_Cocaine_Count', 'TLFB_Heroin_Count', 'TLFB_Methadone_Count', 'TLFB_Opioid_Count', 'TLFB_THC_Count', 'TLFB_Other', 'Homosexual_Behavior', 'Non_monogamous_Relationships']
2024-08-14 12:46:00,667 - INFO - Fitting logistic regression model with the selected features...
2024-08-14 12:46:01,246 - INFO - Model training completed successfully.
2024-08-14 12:46:01,246 - INFO - Calculating the dynamic threshold based on the proportion of positive outcomes...
2024-08-14 12:46:01,247 - INFO - Ratio of 1s to 0s in the outcome variable: 0.60 : 0.40
2024-08-14 12:46:01,247 - INFO - Dynamic threshold set to: 0.596
2024-08-14 12:46:01,247 - INFO - Model trained and saved successfully for subset 11.
2024-08-14 12:46:01,247 - INFO - ---------------------------
2024-08-14 12:46:01,247 - INFO - TRAIN MODEL STAGE COMPLETED FOR SUBSET 11
2024-08-14 12:46:01,247 - INFO - ---------------------------
2024-08-14 12:46:01,247 - INFO - --------------------------------
2024-08-14 12:46:01,247 - INFO - EVALUATE MODEL STAGE STARTING FOR SUBSET 11...
2024-08-14 12:46:01,248 - INFO - --------------------------------
2024-08-14 12:46:01,260 - INFO - ROC AUC Score: 0.6474184331184796
2024-08-14 12:46:01,260 - INFO - Confusion Matrix: 
[[73 28]
 [78 71]]
2024-08-14 12:46:01,260 - INFO - Precision: 0.7171717171717171
2024-08-14 12:46:01,260 - INFO - Recall: 0.47651006711409394
2024-08-14 12:46:01,260 - INFO - Model evaluated successfully for subset 11.
2024-08-14 12:46:01,261 - INFO - ------------------------------
2024-08-14 12:46:01,261 - INFO - EVALUATE MODEL STAGE COMPLETED FOR SUBSET 11
2024-08-14 12:46:01,261 - INFO - ------------------------------
2024-08-14 12:46:01,261 - INFO - ------------------
2024-08-14 12:46:01,261 - INFO - PIPELINE COMPLETED
2024-08-14 12:46:01,261 - INFO - ------------------
