2024-07-08 13:38:11 - INFO - -------------------------------------------
2024-07-08 13:38:11 - INFO - Logging setup complete - starting pipeline.
2024-07-08 13:38:11 - INFO - -------------------------------------------
2024-07-08 13:38:15 - INFO - Datasets loaded successfully.
2024-07-08 13:38:15 - INFO - Starting preprocessing of the merged dataset...
2024-07-08 13:38:15 - INFO - ---------------------------------
2024-07-08 13:38:15 - INFO - PRE-PROCESSING STAGE STARTING...
2024-07-08 13:38:15 - INFO - ---------------------------------
2024-07-08 13:38:15 - INFO - Dropped initial columns: ['pain_when', 'is_smoker', 'per_day', 'max', 'amount', 'depression', 'anxiety', 'schizophrenia', 'max', 'amount', 'cocaine_inject_days', 'speedball_inject_days', 'opioid_inject_days', 'speed_inject_days', 'UDS_Alcohol_Count', 'UDS_Mdma/Hallucinogen_Count']
2024-07-08 13:38:15 - INFO - Converted Yes/No to binary.
2024-07-08 13:38:15 - INFO - Processed TLFB columns with specified columns: ['TLFB_Alcohol_Count', 'TLFB_Amphetamine_Count', 'TLFB_Cocaine_Count', 'TLFB_Heroin_Count', 'TLFB_Benzodiazepine_Count', 'TLFB_Opioid_Count', 'TLFB_THC_Count', 'TLFB_Methadone_Count', 'TLFB_Buprenorphine_Count']
2024-07-08 13:38:15 - INFO - Calculated behavioral columns.
2024-07-08 13:38:15 - INFO - Moved 'Rd_kostenB_1993' column to the end.
2024-07-08 13:38:15 - INFO - Dropped initial columns: ['msm_npt', 'msm_frq', 'txx_prt']
2024-07-08 13:38:15 - INFO - transform_data_with_nan_handling success
2024-07-08 13:38:15 - INFO - Renamed columns according to the mapping.
2024-07-08 13:38:16 - INFO - Transformed NaN to 0 for binary columns.
2024-07-08 13:38:16 - INFO - Transformed and renamed 'heroin_inject_days' column to 'rbsivheroin'.
2024-07-08 13:38:16 - INFO - Filled NaN with 0 for 'ftnd' column.
2024-07-08 13:38:16 - INFO - Dropped additional columns: ['rbs_iv_days', 'race', 'RBS_cocaine_Days', 'RBS_heroin_Days', 'RBS_opioid_Days', 'RBS_speed_Days', 'RBS_speedball_Days']
2024-07-08 13:38:16 - INFO - Converted UDS drug counts to binary.
2024-07-08 13:38:16 - INFO - ------------------------------
2024-07-08 13:38:16 - INFO - PRE-PROCESSING STAGE COMPLETED
2024-07-08 13:38:16 - INFO - ------------------------------
2024-07-08 13:38:16 - INFO - Merged dataset preprocessed successfully.
2024-07-08 13:38:16 - INFO - Creating demographic subsets from preprocessed data...
2024-07-08 13:38:23 - INFO - Created 11 subsets successfully.
2024-07-08 13:38:23 - INFO - Creating merged subsets from create_demographics_dfs function
2024-07-08 13:38:23 - INFO - Created 11 subsets successfully.
2024-07-08 13:38:23 - INFO - Subset 1 demographic makeup: 500 1, 242 3, 162 2, 96 4
2024-07-08 13:38:23 - INFO - Processing subset 1...
2024-07-08 13:38:23 - INFO - -----------------------------
2024-07-08 13:38:23 - INFO - TRAIN MODEL STAGE STARTING FOR SUBSET 1...
2024-07-08 13:38:23 - INFO - -----------------------------
2024-07-08 13:38:23 - INFO - Scaling features and applying LASSO for feature selection...
2024-07-08 13:38:24 - INFO - Selected features (including required): ['who', 'RaceEth', 'age', 'is_female', 'is_hispanic', 'unemployed', 'unstableliving', 'education', 'marital', 'UDS_Amphetamine_Count', 'UDS_Benzodiazepine_Count', 'UDS_Buprenorphine_Count', 'UDS_Cocaine_Count', 'UDS_Methadone_Count', 'UDS_Opioid_Count', 'UDS_Sedatives_Count', 'UDS_Thc_Count', 'pain', 'has_schizophrenia', 'has_major_dep', 'has_bipolar', 'has_anx_pan', 'has_brain_damage', 'has_epilepsy', 'has_alcol_dx', 'has_amphetamines_dx', 'has_cannabis_dx', 'has_cocaine_dx', 'has_sedatives_dx', 'ftnd', 'XTRT', 'shared', 'rbsivheroin', 'TLFB_Alcohol_Count', 'TLFB_Amphetamine_Count', 'TLFB_Benzodiazepine_Count', 'TLFB_Buprenorphine_Count', 'TLFB_Cocaine_Count', 'TLFB_Heroin_Count', 'TLFB_Methadone_Count', 'TLFB_Opioid_Count', 'TLFB_THC_Count', 'TLFB_Other', 'Homosexual_Behavior', 'Non_monogamous_Relationships']
2024-07-08 13:38:24 - INFO - Fitting logistic regression model with the selected features...
2024-07-08 13:38:24 - INFO - Model training completed successfully.
2024-07-08 13:38:24 - INFO - Calculating the dynamic threshold based on the proportion of positive outcomes...
2024-07-08 13:38:24 - INFO - Ratio of 1s to 0s in the outcome variable: 0.53 : 0.47
2024-07-08 13:38:24 - INFO - Dynamic threshold set to: 0.532
2024-07-08 13:38:24 - INFO - Model trained and saved successfully for subset 1.
2024-07-08 13:38:24 - INFO - ---------------------------
2024-07-08 13:38:24 - INFO - TRAIN MODEL STAGE COMPLETED FOR SUBSET 1
2024-07-08 13:38:24 - INFO - ---------------------------
2024-07-08 13:38:24 - INFO - --------------------------------
2024-07-08 13:38:24 - INFO - EVALUATE MODEL STAGE STARTING FOR SUBSET 1...
2024-07-08 13:38:24 - INFO - --------------------------------
2024-07-08 13:38:24 - INFO - ROC AUC Score: 0.6171197223828803
2024-07-08 13:38:24 - INFO - Confusion Matrix: 
[[76 41]
 [63 70]]
2024-07-08 13:38:24 - INFO - Precision: 0.6306306306306306
2024-07-08 13:38:24 - INFO - Recall: 0.5263157894736842
2024-07-08 13:38:24 - INFO - Model evaluated successfully for subset 1.
2024-07-08 13:38:24 - INFO - ------------------------------
2024-07-08 13:38:24 - INFO - EVALUATE MODEL STAGE COMPLETED FOR SUBSET 1
2024-07-08 13:38:24 - INFO - ------------------------------
2024-07-08 13:38:24 - INFO - Subset 2 demographic makeup: 550 1, 216 3, 147 2, 87 4
2024-07-08 13:38:24 - INFO - Processing subset 2...
2024-07-08 13:38:24 - INFO - -----------------------------
2024-07-08 13:38:24 - INFO - TRAIN MODEL STAGE STARTING FOR SUBSET 2...
2024-07-08 13:38:24 - INFO - -----------------------------
2024-07-08 13:38:24 - INFO - Scaling features and applying LASSO for feature selection...
2024-07-08 13:38:25 - INFO - Selected features (including required): ['who', 'RaceEth', 'age', 'is_female', 'is_hispanic', 'unemployed', 'unstableliving', 'education', 'marital', 'UDS_Amphetamine_Count', 'UDS_Benzodiazepine_Count', 'UDS_Buprenorphine_Count', 'UDS_Cocaine_Count', 'UDS_Methadone_Count', 'UDS_Opioid_Count', 'UDS_Sedatives_Count', 'UDS_Thc_Count', 'pain', 'has_schizophrenia', 'has_major_dep', 'has_bipolar', 'has_anx_pan', 'has_brain_damage', 'has_epilepsy', 'has_alcol_dx', 'has_amphetamines_dx', 'has_cannabis_dx', 'has_cocaine_dx', 'has_sedatives_dx', 'ftnd', 'XTRT', 'shared', 'rbsivheroin', 'TLFB_Alcohol_Count', 'TLFB_Amphetamine_Count', 'TLFB_Benzodiazepine_Count', 'TLFB_Buprenorphine_Count', 'TLFB_Cocaine_Count', 'TLFB_Heroin_Count', 'TLFB_Methadone_Count', 'TLFB_Opioid_Count', 'TLFB_THC_Count', 'TLFB_Other', 'Homosexual_Behavior', 'Non_monogamous_Relationships']
2024-07-08 13:38:25 - INFO - Fitting logistic regression model with the selected features...
2024-07-08 13:38:25 - INFO - Model training completed successfully.
2024-07-08 13:38:25 - INFO - Calculating the dynamic threshold based on the proportion of positive outcomes...
2024-07-08 13:38:25 - INFO - Ratio of 1s to 0s in the outcome variable: 0.54 : 0.46
2024-07-08 13:38:25 - INFO - Dynamic threshold set to: 0.54
2024-07-08 13:38:25 - INFO - Model trained and saved successfully for subset 2.
2024-07-08 13:38:25 - INFO - ---------------------------
2024-07-08 13:38:25 - INFO - TRAIN MODEL STAGE COMPLETED FOR SUBSET 2
2024-07-08 13:38:25 - INFO - ---------------------------
2024-07-08 13:38:25 - INFO - --------------------------------
2024-07-08 13:38:25 - INFO - EVALUATE MODEL STAGE STARTING FOR SUBSET 2...
2024-07-08 13:38:25 - INFO - --------------------------------
2024-07-08 13:38:25 - INFO - ROC AUC Score: 0.5695330112721417
2024-07-08 13:38:25 - INFO - Confusion Matrix: 
[[63 52]
 [63 72]]
2024-07-08 13:38:25 - INFO - Precision: 0.5806451612903226
2024-07-08 13:38:25 - INFO - Recall: 0.5333333333333333
2024-07-08 13:38:25 - INFO - Model evaluated successfully for subset 2.
2024-07-08 13:38:25 - INFO - ------------------------------
2024-07-08 13:38:25 - INFO - EVALUATE MODEL STAGE COMPLETED FOR SUBSET 2
2024-07-08 13:38:25 - INFO - ------------------------------
2024-07-08 13:38:25 - INFO - Subset 3 demographic makeup: 600 1, 194 3, 131 2, 75 4
2024-07-08 13:38:25 - INFO - Processing subset 3...
2024-07-08 13:38:25 - INFO - -----------------------------
2024-07-08 13:38:25 - INFO - TRAIN MODEL STAGE STARTING FOR SUBSET 3...
2024-07-08 13:38:25 - INFO - -----------------------------
2024-07-08 13:38:25 - INFO - Scaling features and applying LASSO for feature selection...
2024-07-08 13:38:25 - INFO - Selected features (including required): ['who', 'RaceEth', 'age', 'is_female', 'is_hispanic', 'unemployed', 'unstableliving', 'education', 'marital', 'UDS_Amphetamine_Count', 'UDS_Benzodiazepine_Count', 'UDS_Buprenorphine_Count', 'UDS_Cocaine_Count', 'UDS_Methadone_Count', 'UDS_Opioid_Count', 'UDS_Sedatives_Count', 'UDS_Thc_Count', 'pain', 'has_schizophrenia', 'has_major_dep', 'has_bipolar', 'has_anx_pan', 'has_brain_damage', 'has_epilepsy', 'has_alcol_dx', 'has_amphetamines_dx', 'has_cannabis_dx', 'has_cocaine_dx', 'has_sedatives_dx', 'ftnd', 'XTRT', 'shared', 'rbsivheroin', 'TLFB_Alcohol_Count', 'TLFB_Amphetamine_Count', 'TLFB_Benzodiazepine_Count', 'TLFB_Buprenorphine_Count', 'TLFB_Cocaine_Count', 'TLFB_Heroin_Count', 'TLFB_Methadone_Count', 'TLFB_Opioid_Count', 'TLFB_THC_Count', 'TLFB_Other', 'Homosexual_Behavior', 'Non_monogamous_Relationships']
2024-07-08 13:38:25 - INFO - Fitting logistic regression model with the selected features...
2024-07-08 13:38:26 - INFO - Model training completed successfully.
2024-07-08 13:38:26 - INFO - Calculating the dynamic threshold based on the proportion of positive outcomes...
2024-07-08 13:38:26 - INFO - Ratio of 1s to 0s in the outcome variable: 0.51 : 0.49
2024-07-08 13:38:26 - INFO - Dynamic threshold set to: 0.508
2024-07-08 13:38:26 - INFO - Model trained and saved successfully for subset 3.
2024-07-08 13:38:26 - INFO - ---------------------------
2024-07-08 13:38:26 - INFO - TRAIN MODEL STAGE COMPLETED FOR SUBSET 3
2024-07-08 13:38:26 - INFO - ---------------------------
2024-07-08 13:38:26 - INFO - --------------------------------
2024-07-08 13:38:26 - INFO - EVALUATE MODEL STAGE STARTING FOR SUBSET 3...
2024-07-08 13:38:26 - INFO - --------------------------------
2024-07-08 13:38:26 - INFO - ROC AUC Score: 0.6300492926189104
2024-07-08 13:38:26 - INFO - Confusion Matrix: 
[[65 58]
 [43 84]]
2024-07-08 13:38:26 - INFO - Precision: 0.5915492957746479
2024-07-08 13:38:26 - INFO - Recall: 0.6614173228346457
2024-07-08 13:38:26 - INFO - Model evaluated successfully for subset 3.
2024-07-08 13:38:26 - INFO - ------------------------------
2024-07-08 13:38:26 - INFO - EVALUATE MODEL STAGE COMPLETED FOR SUBSET 3
2024-07-08 13:38:26 - INFO - ------------------------------
2024-07-08 13:38:26 - INFO - Subset 4 demographic makeup: 650 1, 166 3, 119 2, 65 4
2024-07-08 13:38:26 - INFO - Processing subset 4...
2024-07-08 13:38:26 - INFO - -----------------------------
2024-07-08 13:38:26 - INFO - TRAIN MODEL STAGE STARTING FOR SUBSET 4...
2024-07-08 13:38:26 - INFO - -----------------------------
2024-07-08 13:38:26 - INFO - Scaling features and applying LASSO for feature selection...
2024-07-08 13:38:26 - INFO - Selected features (including required): ['who', 'RaceEth', 'age', 'is_female', 'is_hispanic', 'unemployed', 'unstableliving', 'education', 'marital', 'UDS_Amphetamine_Count', 'UDS_Benzodiazepine_Count', 'UDS_Buprenorphine_Count', 'UDS_Cocaine_Count', 'UDS_Methadone_Count', 'UDS_Opioid_Count', 'UDS_Sedatives_Count', 'UDS_Thc_Count', 'pain', 'has_schizophrenia', 'has_major_dep', 'has_bipolar', 'has_anx_pan', 'has_brain_damage', 'has_epilepsy', 'has_alcol_dx', 'has_amphetamines_dx', 'has_cannabis_dx', 'has_cocaine_dx', 'has_sedatives_dx', 'ftnd', 'XTRT', 'shared', 'rbsivheroin', 'TLFB_Alcohol_Count', 'TLFB_Amphetamine_Count', 'TLFB_Benzodiazepine_Count', 'TLFB_Buprenorphine_Count', 'TLFB_Cocaine_Count', 'TLFB_Heroin_Count', 'TLFB_Methadone_Count', 'TLFB_Opioid_Count', 'TLFB_THC_Count', 'TLFB_Other', 'Homosexual_Behavior', 'Non_monogamous_Relationships']
2024-07-08 13:38:26 - INFO - Fitting logistic regression model with the selected features...
2024-07-08 13:38:27 - INFO - Model training completed successfully.
2024-07-08 13:38:27 - INFO - Calculating the dynamic threshold based on the proportion of positive outcomes...
2024-07-08 13:38:27 - INFO - Ratio of 1s to 0s in the outcome variable: 0.56 : 0.44
2024-07-08 13:38:27 - INFO - Dynamic threshold set to: 0.564
2024-07-08 13:38:27 - INFO - Model trained and saved successfully for subset 4.
2024-07-08 13:38:27 - INFO - ---------------------------
2024-07-08 13:38:27 - INFO - TRAIN MODEL STAGE COMPLETED FOR SUBSET 4
2024-07-08 13:38:27 - INFO - ---------------------------
2024-07-08 13:38:27 - INFO - --------------------------------
2024-07-08 13:38:27 - INFO - EVALUATE MODEL STAGE STARTING FOR SUBSET 4...
2024-07-08 13:38:27 - INFO - --------------------------------
2024-07-08 13:38:27 - INFO - ROC AUC Score: 0.6116858611490662
2024-07-08 13:38:27 - INFO - Confusion Matrix: 
[[73 36]
 [73 68]]
2024-07-08 13:38:27 - INFO - Precision: 0.6538461538461539
2024-07-08 13:38:27 - INFO - Recall: 0.48226950354609927
2024-07-08 13:38:27 - INFO - Model evaluated successfully for subset 4.
2024-07-08 13:38:27 - INFO - ------------------------------
2024-07-08 13:38:27 - INFO - EVALUATE MODEL STAGE COMPLETED FOR SUBSET 4
2024-07-08 13:38:27 - INFO - ------------------------------
2024-07-08 13:38:27 - INFO - Subset 5 demographic makeup: 700 1, 142 3, 100 2, 58 4
2024-07-08 13:38:27 - INFO - Processing subset 5...
2024-07-08 13:38:27 - INFO - -----------------------------
2024-07-08 13:38:27 - INFO - TRAIN MODEL STAGE STARTING FOR SUBSET 5...
2024-07-08 13:38:27 - INFO - -----------------------------
2024-07-08 13:38:27 - INFO - Scaling features and applying LASSO for feature selection...
2024-07-08 13:38:27 - INFO - Selected features (including required): ['who', 'RaceEth', 'age', 'is_female', 'is_hispanic', 'unemployed', 'unstableliving', 'education', 'marital', 'UDS_Amphetamine_Count', 'UDS_Benzodiazepine_Count', 'UDS_Buprenorphine_Count', 'UDS_Cocaine_Count', 'UDS_Methadone_Count', 'UDS_Opioid_Count', 'UDS_Sedatives_Count', 'UDS_Thc_Count', 'pain', 'has_schizophrenia', 'has_major_dep', 'has_bipolar', 'has_anx_pan', 'has_brain_damage', 'has_epilepsy', 'has_alcol_dx', 'has_amphetamines_dx', 'has_cannabis_dx', 'has_cocaine_dx', 'has_sedatives_dx', 'ftnd', 'XTRT', 'shared', 'rbsivheroin', 'TLFB_Alcohol_Count', 'TLFB_Amphetamine_Count', 'TLFB_Benzodiazepine_Count', 'TLFB_Buprenorphine_Count', 'TLFB_Cocaine_Count', 'TLFB_Heroin_Count', 'TLFB_Methadone_Count', 'TLFB_Opioid_Count', 'TLFB_THC_Count', 'TLFB_Other', 'Homosexual_Behavior', 'Non_monogamous_Relationships']
2024-07-08 13:38:27 - INFO - Fitting logistic regression model with the selected features...
2024-07-08 13:38:28 - INFO - Model training completed successfully.
2024-07-08 13:38:28 - INFO - Calculating the dynamic threshold based on the proportion of positive outcomes...
2024-07-08 13:38:28 - INFO - Ratio of 1s to 0s in the outcome variable: 0.54 : 0.46
2024-07-08 13:38:28 - INFO - Dynamic threshold set to: 0.536
2024-07-08 13:38:28 - INFO - Model trained and saved successfully for subset 5.
2024-07-08 13:38:28 - INFO - ---------------------------
2024-07-08 13:38:28 - INFO - TRAIN MODEL STAGE COMPLETED FOR SUBSET 5
2024-07-08 13:38:28 - INFO - ---------------------------
2024-07-08 13:38:28 - INFO - --------------------------------
2024-07-08 13:38:28 - INFO - EVALUATE MODEL STAGE STARTING FOR SUBSET 5...
2024-07-08 13:38:28 - INFO - --------------------------------
2024-07-08 13:38:28 - INFO - ROC AUC Score: 0.609559958826557
2024-07-08 13:38:28 - INFO - Confusion Matrix: 
[[61 55]
 [55 79]]
2024-07-08 13:38:28 - INFO - Precision: 0.5895522388059702
2024-07-08 13:38:28 - INFO - Recall: 0.5895522388059702
2024-07-08 13:38:28 - INFO - Model evaluated successfully for subset 5.
2024-07-08 13:38:28 - INFO - ------------------------------
2024-07-08 13:38:28 - INFO - EVALUATE MODEL STAGE COMPLETED FOR SUBSET 5
2024-07-08 13:38:28 - INFO - ------------------------------
2024-07-08 13:38:28 - INFO - Subset 6 demographic makeup: 750 1, 119 3, 83 2, 48 4
2024-07-08 13:38:28 - INFO - Processing subset 6...
2024-07-08 13:38:28 - INFO - -----------------------------
2024-07-08 13:38:28 - INFO - TRAIN MODEL STAGE STARTING FOR SUBSET 6...
2024-07-08 13:38:28 - INFO - -----------------------------
2024-07-08 13:38:28 - INFO - Scaling features and applying LASSO for feature selection...
2024-07-08 13:38:28 - INFO - Selected features (including required): ['who', 'RaceEth', 'age', 'is_female', 'is_hispanic', 'unemployed', 'unstableliving', 'education', 'marital', 'UDS_Amphetamine_Count', 'UDS_Benzodiazepine_Count', 'UDS_Buprenorphine_Count', 'UDS_Cocaine_Count', 'UDS_Methadone_Count', 'UDS_Opioid_Count', 'UDS_Sedatives_Count', 'UDS_Thc_Count', 'pain', 'has_schizophrenia', 'has_major_dep', 'has_bipolar', 'has_anx_pan', 'has_brain_damage', 'has_epilepsy', 'has_alcol_dx', 'has_amphetamines_dx', 'has_cannabis_dx', 'has_cocaine_dx', 'has_sedatives_dx', 'ftnd', 'XTRT', 'shared', 'rbsivheroin', 'TLFB_Alcohol_Count', 'TLFB_Amphetamine_Count', 'TLFB_Benzodiazepine_Count', 'TLFB_Buprenorphine_Count', 'TLFB_Cocaine_Count', 'TLFB_Heroin_Count', 'TLFB_Methadone_Count', 'TLFB_Opioid_Count', 'TLFB_THC_Count', 'TLFB_Other', 'Homosexual_Behavior', 'Non_monogamous_Relationships']
2024-07-08 13:38:28 - INFO - Fitting logistic regression model with the selected features...
2024-07-08 13:38:29 - INFO - Model training completed successfully.
2024-07-08 13:38:29 - INFO - Calculating the dynamic threshold based on the proportion of positive outcomes...
2024-07-08 13:38:29 - INFO - Ratio of 1s to 0s in the outcome variable: 0.50 : 0.50
2024-07-08 13:38:29 - INFO - Dynamic threshold set to: 0.5
2024-07-08 13:38:29 - INFO - Model trained and saved successfully for subset 6.
2024-07-08 13:38:29 - INFO - ---------------------------
2024-07-08 13:38:29 - INFO - TRAIN MODEL STAGE COMPLETED FOR SUBSET 6
2024-07-08 13:38:29 - INFO - ---------------------------
2024-07-08 13:38:29 - INFO - --------------------------------
2024-07-08 13:38:29 - INFO - EVALUATE MODEL STAGE STARTING FOR SUBSET 6...
2024-07-08 13:38:29 - INFO - --------------------------------
2024-07-08 13:38:29 - INFO - ROC AUC Score: 0.626048
2024-07-08 13:38:29 - INFO - Confusion Matrix: 
[[55 70]
 [38 87]]
2024-07-08 13:38:29 - INFO - Precision: 0.554140127388535
2024-07-08 13:38:29 - INFO - Recall: 0.696
2024-07-08 13:38:29 - INFO - Model evaluated successfully for subset 6.
2024-07-08 13:38:29 - INFO - ------------------------------
2024-07-08 13:38:29 - INFO - EVALUATE MODEL STAGE COMPLETED FOR SUBSET 6
2024-07-08 13:38:29 - INFO - ------------------------------
2024-07-08 13:38:29 - INFO - Subset 7 demographic makeup: 800 1, 90 3, 70 2, 40 4
2024-07-08 13:38:29 - INFO - Processing subset 7...
2024-07-08 13:38:29 - INFO - -----------------------------
2024-07-08 13:38:29 - INFO - TRAIN MODEL STAGE STARTING FOR SUBSET 7...
2024-07-08 13:38:29 - INFO - -----------------------------
2024-07-08 13:38:29 - INFO - Scaling features and applying LASSO for feature selection...
2024-07-08 13:38:30 - INFO - Selected features (including required): ['who', 'RaceEth', 'age', 'is_female', 'is_hispanic', 'unemployed', 'unstableliving', 'education', 'marital', 'UDS_Amphetamine_Count', 'UDS_Benzodiazepine_Count', 'UDS_Buprenorphine_Count', 'UDS_Cocaine_Count', 'UDS_Methadone_Count', 'UDS_Opioid_Count', 'UDS_Sedatives_Count', 'UDS_Thc_Count', 'pain', 'has_schizophrenia', 'has_major_dep', 'has_bipolar', 'has_anx_pan', 'has_brain_damage', 'has_epilepsy', 'has_alcol_dx', 'has_amphetamines_dx', 'has_cannabis_dx', 'has_cocaine_dx', 'has_sedatives_dx', 'ftnd', 'XTRT', 'shared', 'rbsivheroin', 'TLFB_Alcohol_Count', 'TLFB_Amphetamine_Count', 'TLFB_Benzodiazepine_Count', 'TLFB_Buprenorphine_Count', 'TLFB_Cocaine_Count', 'TLFB_Heroin_Count', 'TLFB_Methadone_Count', 'TLFB_Opioid_Count', 'TLFB_THC_Count', 'TLFB_Other', 'Homosexual_Behavior', 'Non_monogamous_Relationships']
2024-07-08 13:38:30 - INFO - Fitting logistic regression model with the selected features...
2024-07-08 13:38:31 - INFO - Model training completed successfully.
2024-07-08 13:38:31 - INFO - Calculating the dynamic threshold based on the proportion of positive outcomes...
2024-07-08 13:38:31 - INFO - Ratio of 1s to 0s in the outcome variable: 0.56 : 0.44
2024-07-08 13:38:31 - INFO - Dynamic threshold set to: 0.564
2024-07-08 13:38:31 - INFO - Model trained and saved successfully for subset 7.
2024-07-08 13:38:31 - INFO - ---------------------------
2024-07-08 13:38:31 - INFO - TRAIN MODEL STAGE COMPLETED FOR SUBSET 7
2024-07-08 13:38:31 - INFO - ---------------------------
2024-07-08 13:38:31 - INFO - --------------------------------
2024-07-08 13:38:31 - INFO - EVALUATE MODEL STAGE STARTING FOR SUBSET 7...
2024-07-08 13:38:31 - INFO - --------------------------------
2024-07-08 13:38:31 - INFO - ROC AUC Score: 0.6103194742663803
2024-07-08 13:38:31 - INFO - Confusion Matrix: 
[[66 43]
 [64 77]]
2024-07-08 13:38:31 - INFO - Precision: 0.6416666666666667
2024-07-08 13:38:31 - INFO - Recall: 0.5460992907801419
2024-07-08 13:38:31 - INFO - Model evaluated successfully for subset 7.
2024-07-08 13:38:31 - INFO - ------------------------------
2024-07-08 13:38:31 - INFO - EVALUATE MODEL STAGE COMPLETED FOR SUBSET 7
2024-07-08 13:38:31 - INFO - ------------------------------
2024-07-08 13:38:31 - INFO - Subset 8 demographic makeup: 850 1, 66 3, 56 2, 28 4
2024-07-08 13:38:31 - INFO - Processing subset 8...
2024-07-08 13:38:31 - INFO - -----------------------------
2024-07-08 13:38:31 - INFO - TRAIN MODEL STAGE STARTING FOR SUBSET 8...
2024-07-08 13:38:31 - INFO - -----------------------------
2024-07-08 13:38:31 - INFO - Scaling features and applying LASSO for feature selection...
2024-07-08 13:38:31 - INFO - Selected features (including required): ['who', 'RaceEth', 'age', 'is_female', 'is_hispanic', 'unemployed', 'unstableliving', 'education', 'marital', 'UDS_Amphetamine_Count', 'UDS_Benzodiazepine_Count', 'UDS_Buprenorphine_Count', 'UDS_Cocaine_Count', 'UDS_Methadone_Count', 'UDS_Opioid_Count', 'UDS_Sedatives_Count', 'UDS_Thc_Count', 'pain', 'has_schizophrenia', 'has_major_dep', 'has_bipolar', 'has_anx_pan', 'has_brain_damage', 'has_epilepsy', 'has_alcol_dx', 'has_amphetamines_dx', 'has_cannabis_dx', 'has_cocaine_dx', 'has_sedatives_dx', 'ftnd', 'XTRT', 'shared', 'rbsivheroin', 'TLFB_Alcohol_Count', 'TLFB_Amphetamine_Count', 'TLFB_Benzodiazepine_Count', 'TLFB_Buprenorphine_Count', 'TLFB_Cocaine_Count', 'TLFB_Heroin_Count', 'TLFB_Methadone_Count', 'TLFB_Opioid_Count', 'TLFB_THC_Count', 'TLFB_Other', 'Homosexual_Behavior', 'Non_monogamous_Relationships']
2024-07-08 13:38:31 - INFO - Fitting logistic regression model with the selected features...
2024-07-08 13:38:32 - INFO - Model training completed successfully.
2024-07-08 13:38:32 - INFO - Calculating the dynamic threshold based on the proportion of positive outcomes...
2024-07-08 13:38:32 - INFO - Ratio of 1s to 0s in the outcome variable: 0.56 : 0.44
2024-07-08 13:38:32 - INFO - Dynamic threshold set to: 0.56
2024-07-08 13:38:32 - INFO - Model trained and saved successfully for subset 8.
2024-07-08 13:38:32 - INFO - ---------------------------
2024-07-08 13:38:32 - INFO - TRAIN MODEL STAGE COMPLETED FOR SUBSET 8
2024-07-08 13:38:32 - INFO - ---------------------------
2024-07-08 13:38:32 - INFO - --------------------------------
2024-07-08 13:38:32 - INFO - EVALUATE MODEL STAGE STARTING FOR SUBSET 8...
2024-07-08 13:38:32 - INFO - --------------------------------
2024-07-08 13:38:32 - INFO - ROC AUC Score: 0.6064285714285714
2024-07-08 13:38:32 - INFO - Confusion Matrix: 
[[58 52]
 [58 82]]
2024-07-08 13:38:32 - INFO - Precision: 0.6119402985074627
2024-07-08 13:38:32 - INFO - Recall: 0.5857142857142857
2024-07-08 13:38:32 - INFO - Model evaluated successfully for subset 8.
2024-07-08 13:38:32 - INFO - ------------------------------
2024-07-08 13:38:32 - INFO - EVALUATE MODEL STAGE COMPLETED FOR SUBSET 8
2024-07-08 13:38:32 - INFO - ------------------------------
2024-07-08 13:38:32 - INFO - Subset 9 demographic makeup: 900 1, 47 3, 36 2, 17 4
2024-07-08 13:38:32 - INFO - Processing subset 9...
2024-07-08 13:38:32 - INFO - -----------------------------
2024-07-08 13:38:32 - INFO - TRAIN MODEL STAGE STARTING FOR SUBSET 9...
2024-07-08 13:38:32 - INFO - -----------------------------
2024-07-08 13:38:32 - INFO - Scaling features and applying LASSO for feature selection...
2024-07-08 13:38:32 - INFO - Selected features (including required): ['who', 'RaceEth', 'age', 'is_female', 'is_hispanic', 'unemployed', 'unstableliving', 'education', 'marital', 'UDS_Amphetamine_Count', 'UDS_Benzodiazepine_Count', 'UDS_Buprenorphine_Count', 'UDS_Cocaine_Count', 'UDS_Methadone_Count', 'UDS_Opioid_Count', 'UDS_Sedatives_Count', 'UDS_Thc_Count', 'pain', 'has_schizophrenia', 'has_major_dep', 'has_bipolar', 'has_anx_pan', 'has_brain_damage', 'has_epilepsy', 'has_alcol_dx', 'has_amphetamines_dx', 'has_cannabis_dx', 'has_cocaine_dx', 'has_sedatives_dx', 'ftnd', 'XTRT', 'shared', 'rbsivheroin', 'TLFB_Alcohol_Count', 'TLFB_Amphetamine_Count', 'TLFB_Benzodiazepine_Count', 'TLFB_Buprenorphine_Count', 'TLFB_Cocaine_Count', 'TLFB_Heroin_Count', 'TLFB_Methadone_Count', 'TLFB_Opioid_Count', 'TLFB_THC_Count', 'TLFB_Other', 'Homosexual_Behavior', 'Non_monogamous_Relationships']
2024-07-08 13:38:32 - INFO - Fitting logistic regression model with the selected features...
2024-07-08 13:38:33 - INFO - Model training completed successfully.
2024-07-08 13:38:33 - INFO - Calculating the dynamic threshold based on the proportion of positive outcomes...
2024-07-08 13:38:33 - INFO - Ratio of 1s to 0s in the outcome variable: 0.54 : 0.46
2024-07-08 13:38:33 - INFO - Dynamic threshold set to: 0.536
2024-07-08 13:38:33 - INFO - Model trained and saved successfully for subset 9.
2024-07-08 13:38:33 - INFO - ---------------------------
2024-07-08 13:38:33 - INFO - TRAIN MODEL STAGE COMPLETED FOR SUBSET 9
2024-07-08 13:38:33 - INFO - ---------------------------
2024-07-08 13:38:33 - INFO - --------------------------------
2024-07-08 13:38:33 - INFO - EVALUATE MODEL STAGE STARTING FOR SUBSET 9...
2024-07-08 13:38:33 - INFO - --------------------------------
2024-07-08 13:38:33 - INFO - ROC AUC Score: 0.6133556356150283
2024-07-08 13:38:33 - INFO - Confusion Matrix: 
[[57 59]
 [51 83]]
2024-07-08 13:38:33 - INFO - Precision: 0.5845070422535211
2024-07-08 13:38:33 - INFO - Recall: 0.6194029850746269
2024-07-08 13:38:33 - INFO - Model evaluated successfully for subset 9.
2024-07-08 13:38:33 - INFO - ------------------------------
2024-07-08 13:38:33 - INFO - EVALUATE MODEL STAGE COMPLETED FOR SUBSET 9
2024-07-08 13:38:33 - INFO - ------------------------------
2024-07-08 13:38:33 - INFO - Subset 10 demographic makeup: 950 1, 24 3, 17 2, 9 4
2024-07-08 13:38:33 - INFO - Processing subset 10...
2024-07-08 13:38:33 - INFO - -----------------------------
2024-07-08 13:38:33 - INFO - TRAIN MODEL STAGE STARTING FOR SUBSET 10...
2024-07-08 13:38:33 - INFO - -----------------------------
2024-07-08 13:38:33 - INFO - Scaling features and applying LASSO for feature selection...
2024-07-08 13:38:34 - INFO - Selected features (including required): ['who', 'RaceEth', 'age', 'is_female', 'is_hispanic', 'unemployed', 'unstableliving', 'education', 'marital', 'UDS_Amphetamine_Count', 'UDS_Benzodiazepine_Count', 'UDS_Buprenorphine_Count', 'UDS_Cocaine_Count', 'UDS_Methadone_Count', 'UDS_Opioid_Count', 'UDS_Sedatives_Count', 'UDS_Thc_Count', 'pain', 'has_schizophrenia', 'has_major_dep', 'has_bipolar', 'has_anx_pan', 'has_brain_damage', 'has_epilepsy', 'has_alcol_dx', 'has_amphetamines_dx', 'has_cannabis_dx', 'has_cocaine_dx', 'has_sedatives_dx', 'ftnd', 'XTRT', 'shared', 'rbsivheroin', 'TLFB_Alcohol_Count', 'TLFB_Amphetamine_Count', 'TLFB_Benzodiazepine_Count', 'TLFB_Buprenorphine_Count', 'TLFB_Cocaine_Count', 'TLFB_Heroin_Count', 'TLFB_Methadone_Count', 'TLFB_Opioid_Count', 'TLFB_THC_Count', 'TLFB_Other', 'Homosexual_Behavior', 'Non_monogamous_Relationships']
2024-07-08 13:38:34 - INFO - Fitting logistic regression model with the selected features...
2024-07-08 13:38:34 - INFO - Model training completed successfully.
2024-07-08 13:38:34 - INFO - Calculating the dynamic threshold based on the proportion of positive outcomes...
2024-07-08 13:38:34 - INFO - Ratio of 1s to 0s in the outcome variable: 0.54 : 0.46
2024-07-08 13:38:34 - INFO - Dynamic threshold set to: 0.54
2024-07-08 13:38:34 - INFO - Model trained and saved successfully for subset 10.
2024-07-08 13:38:34 - INFO - ---------------------------
2024-07-08 13:38:34 - INFO - TRAIN MODEL STAGE COMPLETED FOR SUBSET 10
2024-07-08 13:38:34 - INFO - ---------------------------
2024-07-08 13:38:34 - INFO - --------------------------------
2024-07-08 13:38:34 - INFO - EVALUATE MODEL STAGE STARTING FOR SUBSET 10...
2024-07-08 13:38:34 - INFO - --------------------------------
2024-07-08 13:38:34 - INFO - ROC AUC Score: 0.6439291465378422
2024-07-08 13:38:34 - INFO - Confusion Matrix: 
[[58 57]
 [46 89]]
2024-07-08 13:38:34 - INFO - Precision: 0.6095890410958904
2024-07-08 13:38:34 - INFO - Recall: 0.6592592592592592
2024-07-08 13:38:34 - INFO - Model evaluated successfully for subset 10.
2024-07-08 13:38:34 - INFO - ------------------------------
2024-07-08 13:38:34 - INFO - EVALUATE MODEL STAGE COMPLETED FOR SUBSET 10
2024-07-08 13:38:34 - INFO - ------------------------------
2024-07-08 13:38:34 - INFO - Subset 11 demographic makeup: 1000 1
2024-07-08 13:38:34 - INFO - Processing subset 11...
2024-07-08 13:38:34 - INFO - -----------------------------
2024-07-08 13:38:34 - INFO - TRAIN MODEL STAGE STARTING FOR SUBSET 11...
2024-07-08 13:38:34 - INFO - -----------------------------
2024-07-08 13:38:34 - INFO - Scaling features and applying LASSO for feature selection...
2024-07-08 13:38:35 - INFO - Selected features (including required): ['who', 'age', 'is_female', 'unemployed', 'unstableliving', 'education', 'marital', 'UDS_Amphetamine_Count', 'UDS_Benzodiazepine_Count', 'UDS_Buprenorphine_Count', 'UDS_Cocaine_Count', 'UDS_Methadone_Count', 'UDS_Opioid_Count', 'UDS_Sedatives_Count', 'UDS_Thc_Count', 'pain', 'has_schizophrenia', 'has_major_dep', 'has_bipolar', 'has_anx_pan', 'has_brain_damage', 'has_epilepsy', 'has_alcol_dx', 'has_amphetamines_dx', 'has_cannabis_dx', 'has_cocaine_dx', 'has_sedatives_dx', 'ftnd', 'XTRT', 'shared', 'rbsivheroin', 'TLFB_Alcohol_Count', 'TLFB_Amphetamine_Count', 'TLFB_Benzodiazepine_Count', 'TLFB_Buprenorphine_Count', 'TLFB_Cocaine_Count', 'TLFB_Heroin_Count', 'TLFB_Methadone_Count', 'TLFB_Opioid_Count', 'TLFB_THC_Count', 'TLFB_Other', 'Homosexual_Behavior', 'Non_monogamous_Relationships']
2024-07-08 13:38:35 - INFO - Fitting logistic regression model with the selected features...
2024-07-08 13:38:36 - INFO - Model training completed successfully.
2024-07-08 13:38:36 - INFO - Calculating the dynamic threshold based on the proportion of positive outcomes...
2024-07-08 13:38:36 - INFO - Ratio of 1s to 0s in the outcome variable: 0.55 : 0.45
2024-07-08 13:38:36 - INFO - Dynamic threshold set to: 0.552
2024-07-08 13:38:36 - INFO - Model trained and saved successfully for subset 11.
2024-07-08 13:38:36 - INFO - ---------------------------
2024-07-08 13:38:36 - INFO - TRAIN MODEL STAGE COMPLETED FOR SUBSET 11
2024-07-08 13:38:36 - INFO - ---------------------------
2024-07-08 13:38:36 - INFO - --------------------------------
2024-07-08 13:38:36 - INFO - EVALUATE MODEL STAGE STARTING FOR SUBSET 11...
2024-07-08 13:38:36 - INFO - --------------------------------
2024-07-08 13:38:36 - INFO - ROC AUC Score: 0.5932971014492754
2024-07-08 13:38:36 - INFO - Confusion Matrix: 
[[67 45]
 [65 73]]
2024-07-08 13:38:36 - INFO - Precision: 0.6186440677966102
2024-07-08 13:38:36 - INFO - Recall: 0.5289855072463768
2024-07-08 13:38:36 - INFO - Model evaluated successfully for subset 11.
2024-07-08 13:38:36 - INFO - ------------------------------
2024-07-08 13:38:36 - INFO - EVALUATE MODEL STAGE COMPLETED FOR SUBSET 11
2024-07-08 13:38:36 - INFO - ------------------------------
2024-07-08 13:38:36 - INFO - ------------------
2024-07-08 13:38:36 - INFO - PIPELINE COMPLETED
2024-07-08 13:38:36 - INFO - ------------------
