2024-07-31 16:54:46 - INFO - -------------------------------------------
2024-07-31 16:54:46 - INFO - Logging setup complete - starting pipeline.
2024-07-31 16:54:46 - INFO - -------------------------------------------
2024-07-31 16:54:46 - INFO - Global Seed set to: 1722459286
2024-07-31 16:54:51 - INFO - Datasets loaded successfully.
2024-07-31 16:54:51 - INFO - Starting preprocessing of the merged dataset...
2024-07-31 16:54:51 - INFO - ---------------------------------
2024-07-31 16:54:51 - INFO - PRE-PROCESSING STAGE STARTING...
2024-07-31 16:54:51 - INFO - ---------------------------------
2024-07-31 16:54:51 - INFO - Dropped initial columns: ['pain_when', 'is_smoker', 'per_day', 'max', 'amount', 'depression', 'anxiety', 'schizophrenia', 'max', 'amount', 'cocaine_inject_days', 'speedball_inject_days', 'opioid_inject_days', 'speed_inject_days', 'UDS_Alcohol_Count', 'UDS_Mdma/Hallucinogen_Count']
2024-07-31 16:54:51 - INFO - Converted Yes/No to binary.
2024-07-31 16:54:51 - INFO - Processed TLFB columns with specified columns: ['TLFB_Alcohol_Count', 'TLFB_Amphetamine_Count', 'TLFB_Cocaine_Count', 'TLFB_Heroin_Count', 'TLFB_Benzodiazepine_Count', 'TLFB_Opioid_Count', 'TLFB_THC_Count', 'TLFB_Methadone_Count', 'TLFB_Buprenorphine_Count']
2024-07-31 16:54:51 - INFO - Calculated behavioral columns.
2024-07-31 16:54:51 - INFO - Moved 'ctn0094_relapse_event' column to the end.
2024-07-31 16:54:52 - INFO - Dropped initial columns: ['msm_npt', 'msm_frq', 'txx_prt']
2024-07-31 16:54:52 - INFO - transform_data_with_nan_handling success
2024-07-31 16:54:52 - INFO - Renamed columns according to the mapping.
2024-07-31 16:54:52 - INFO - Transformed NaN to 0 for binary columns.
2024-07-31 16:54:52 - INFO - Transformed and renamed 'heroin_inject_days' column to 'rbsivheroin'.
2024-07-31 16:54:52 - INFO - Filled NaN with 0 for 'ftnd' column.
2024-07-31 16:54:52 - INFO - Dropped additional columns: ['rbs_iv_days', 'race', 'RBS_cocaine_Days', 'RBS_heroin_Days', 'RBS_opioid_Days', 'RBS_speed_Days', 'RBS_speedball_Days']
2024-07-31 16:54:52 - INFO - Converted UDS drug counts to binary.
2024-07-31 16:54:52 - INFO - ------------------------------
2024-07-31 16:54:52 - INFO - PRE-PROCESSING STAGE COMPLETED
2024-07-31 16:54:52 - INFO - ------------------------------
2024-07-31 16:54:52 - INFO - Merged dataset preprocessed successfully.
2024-07-31 16:54:52 - INFO - Creating demographic subsets from preprocessed data...
2024-07-31 16:55:01 - INFO - Created 11 subsets successfully.
2024-07-31 16:55:01 - INFO - Creating merged subsets from create_demographics_dfs function
2024-07-31 16:55:01 - INFO - Created 11 merged subsets successfully.
2024-07-31 16:55:01 - INFO - Subset 1 demographic makeup: 500 1, 241 3, 162 2, 97 4
2024-07-31 16:55:01 - INFO - Processing subset 1...
2024-07-31 16:55:01 - INFO - -----------------------------
2024-07-31 16:55:01 - INFO - TRAIN MODEL STAGE STARTING FOR SUBSET 1...
2024-07-31 16:55:01 - INFO - -----------------------------
2024-07-31 16:55:01 - INFO - Scaling features and applying LASSO for feature selection...
2024-07-31 16:55:02 - INFO - Selected features (including required): ['who', 'RaceEth', 'age', 'is_female', 'is_hispanic', 'unemployed', 'unstableliving', 'education', 'marital', 'UDS_Amphetamine_Count', 'UDS_Benzodiazepine_Count', 'UDS_Buprenorphine_Count', 'UDS_Cocaine_Count', 'UDS_Methadone_Count', 'UDS_Opioid_Count', 'UDS_Sedatives_Count', 'UDS_Thc_Count', 'pain', 'has_schizophrenia', 'has_major_dep', 'has_bipolar', 'has_anx_pan', 'has_brain_damage', 'has_epilepsy', 'has_alcol_dx', 'has_amphetamines_dx', 'has_cannabis_dx', 'has_cocaine_dx', 'has_sedatives_dx', 'ftnd', 'XTRT', 'shared', 'rbsivheroin', 'TLFB_Alcohol_Count', 'TLFB_Amphetamine_Count', 'TLFB_Benzodiazepine_Count', 'TLFB_Buprenorphine_Count', 'TLFB_Cocaine_Count', 'TLFB_Heroin_Count', 'TLFB_Methadone_Count', 'TLFB_Opioid_Count', 'TLFB_THC_Count', 'TLFB_Other', 'Homosexual_Behavior', 'Non_monogamous_Relationships']
2024-07-31 16:55:02 - INFO - Fitting logistic regression model with the selected features...
2024-07-31 16:55:02 - INFO - Model training completed successfully.
2024-07-31 16:55:02 - INFO - Calculating the dynamic threshold based on the proportion of positive outcomes...
2024-07-31 16:55:02 - INFO - Ratio of 1s to 0s in the outcome variable: 0.75 : 0.25
2024-07-31 16:55:02 - INFO - Dynamic threshold set to: 0.752
2024-07-31 16:55:02 - INFO - Model trained and saved successfully for subset 1.
2024-07-31 16:55:02 - INFO - ---------------------------
2024-07-31 16:55:02 - INFO - TRAIN MODEL STAGE COMPLETED FOR SUBSET 1
2024-07-31 16:55:02 - INFO - ---------------------------
2024-07-31 16:55:02 - INFO - --------------------------------
2024-07-31 16:55:02 - INFO - EVALUATE MODEL STAGE STARTING FOR SUBSET 1...
2024-07-31 16:55:02 - INFO - --------------------------------
2024-07-31 16:55:02 - INFO - ROC AUC Score: 0.5406657515442691
2024-07-31 16:55:02 - INFO - Confusion Matrix: 
[[ 21  41]
 [ 55 133]]
2024-07-31 16:55:02 - INFO - Precision: 0.764367816091954
2024-07-31 16:55:02 - INFO - Recall: 0.7074468085106383
2024-07-31 16:55:02 - INFO - Model evaluated successfully for subset 1.
2024-07-31 16:55:02 - INFO - ------------------------------
2024-07-31 16:55:02 - INFO - EVALUATE MODEL STAGE COMPLETED FOR SUBSET 1
2024-07-31 16:55:02 - INFO - ------------------------------
2024-07-31 16:55:02 - INFO - Subset 2 demographic makeup: 550 1, 215 3, 143 2, 92 4
2024-07-31 16:55:02 - INFO - Processing subset 2...
2024-07-31 16:55:02 - INFO - -----------------------------
2024-07-31 16:55:02 - INFO - TRAIN MODEL STAGE STARTING FOR SUBSET 2...
2024-07-31 16:55:02 - INFO - -----------------------------
2024-07-31 16:55:02 - INFO - Scaling features and applying LASSO for feature selection...
2024-07-31 16:55:03 - INFO - Selected features (including required): ['who', 'RaceEth', 'age', 'is_female', 'is_hispanic', 'unemployed', 'unstableliving', 'education', 'marital', 'UDS_Amphetamine_Count', 'UDS_Benzodiazepine_Count', 'UDS_Buprenorphine_Count', 'UDS_Cocaine_Count', 'UDS_Methadone_Count', 'UDS_Opioid_Count', 'UDS_Sedatives_Count', 'UDS_Thc_Count', 'pain', 'has_schizophrenia', 'has_major_dep', 'has_bipolar', 'has_anx_pan', 'has_brain_damage', 'has_epilepsy', 'has_alcol_dx', 'has_amphetamines_dx', 'has_cannabis_dx', 'has_cocaine_dx', 'has_sedatives_dx', 'ftnd', 'XTRT', 'shared', 'rbsivheroin', 'TLFB_Alcohol_Count', 'TLFB_Amphetamine_Count', 'TLFB_Benzodiazepine_Count', 'TLFB_Buprenorphine_Count', 'TLFB_Cocaine_Count', 'TLFB_Heroin_Count', 'TLFB_Methadone_Count', 'TLFB_Opioid_Count', 'TLFB_THC_Count', 'TLFB_Other', 'Homosexual_Behavior', 'Non_monogamous_Relationships']
2024-07-31 16:55:03 - INFO - Fitting logistic regression model with the selected features...
2024-07-31 16:55:04 - INFO - Model training completed successfully.
2024-07-31 16:55:04 - INFO - Calculating the dynamic threshold based on the proportion of positive outcomes...
2024-07-31 16:55:04 - INFO - Ratio of 1s to 0s in the outcome variable: 0.77 : 0.23
2024-07-31 16:55:04 - INFO - Dynamic threshold set to: 0.772
2024-07-31 16:55:04 - INFO - Model trained and saved successfully for subset 2.
2024-07-31 16:55:04 - INFO - ---------------------------
2024-07-31 16:55:04 - INFO - TRAIN MODEL STAGE COMPLETED FOR SUBSET 2
2024-07-31 16:55:04 - INFO - ---------------------------
2024-07-31 16:55:04 - INFO - --------------------------------
2024-07-31 16:55:04 - INFO - EVALUATE MODEL STAGE STARTING FOR SUBSET 2...
2024-07-31 16:55:04 - INFO - --------------------------------
2024-07-31 16:55:04 - INFO - ROC AUC Score: 0.6115807653849649
2024-07-31 16:55:04 - INFO - Confusion Matrix: 
[[ 34  23]
 [ 86 107]]
2024-07-31 16:55:04 - INFO - Precision: 0.823076923076923
2024-07-31 16:55:04 - INFO - Recall: 0.5544041450777202
2024-07-31 16:55:04 - INFO - Model evaluated successfully for subset 2.
2024-07-31 16:55:04 - INFO - ------------------------------
2024-07-31 16:55:04 - INFO - EVALUATE MODEL STAGE COMPLETED FOR SUBSET 2
2024-07-31 16:55:04 - INFO - ------------------------------
2024-07-31 16:55:04 - INFO - Subset 3 demographic makeup: 600 1, 188 3, 127 2, 85 4
2024-07-31 16:55:04 - INFO - Processing subset 3...
2024-07-31 16:55:04 - INFO - -----------------------------
2024-07-31 16:55:04 - INFO - TRAIN MODEL STAGE STARTING FOR SUBSET 3...
2024-07-31 16:55:04 - INFO - -----------------------------
2024-07-31 16:55:04 - INFO - Scaling features and applying LASSO for feature selection...
2024-07-31 16:55:05 - INFO - Selected features (including required): ['who', 'RaceEth', 'age', 'is_female', 'is_hispanic', 'unemployed', 'unstableliving', 'education', 'marital', 'UDS_Amphetamine_Count', 'UDS_Benzodiazepine_Count', 'UDS_Buprenorphine_Count', 'UDS_Cocaine_Count', 'UDS_Methadone_Count', 'UDS_Opioid_Count', 'UDS_Sedatives_Count', 'UDS_Thc_Count', 'pain', 'has_schizophrenia', 'has_major_dep', 'has_bipolar', 'has_anx_pan', 'has_brain_damage', 'has_epilepsy', 'has_alcol_dx', 'has_amphetamines_dx', 'has_cannabis_dx', 'has_cocaine_dx', 'has_sedatives_dx', 'ftnd', 'XTRT', 'shared', 'rbsivheroin', 'TLFB_Alcohol_Count', 'TLFB_Amphetamine_Count', 'TLFB_Benzodiazepine_Count', 'TLFB_Buprenorphine_Count', 'TLFB_Cocaine_Count', 'TLFB_Heroin_Count', 'TLFB_Methadone_Count', 'TLFB_Opioid_Count', 'TLFB_THC_Count', 'TLFB_Other', 'Homosexual_Behavior', 'Non_monogamous_Relationships']
2024-07-31 16:55:05 - INFO - Fitting logistic regression model with the selected features...
2024-07-31 16:55:05 - INFO - Model training completed successfully.
2024-07-31 16:55:05 - INFO - Calculating the dynamic threshold based on the proportion of positive outcomes...
2024-07-31 16:55:05 - INFO - Ratio of 1s to 0s in the outcome variable: 0.81 : 0.19
2024-07-31 16:55:05 - INFO - Dynamic threshold set to: 0.812
2024-07-31 16:55:05 - INFO - Model trained and saved successfully for subset 3.
2024-07-31 16:55:05 - INFO - ---------------------------
2024-07-31 16:55:05 - INFO - TRAIN MODEL STAGE COMPLETED FOR SUBSET 3
2024-07-31 16:55:05 - INFO - ---------------------------
2024-07-31 16:55:05 - INFO - --------------------------------
2024-07-31 16:55:05 - INFO - EVALUATE MODEL STAGE STARTING FOR SUBSET 3...
2024-07-31 16:55:05 - INFO - --------------------------------
2024-07-31 16:55:05 - INFO - ROC AUC Score: 0.5693323550990462
2024-07-31 16:55:05 - INFO - Confusion Matrix: 
[[ 31  16]
 [104  99]]
2024-07-31 16:55:05 - INFO - Precision: 0.8608695652173913
2024-07-31 16:55:05 - INFO - Recall: 0.4876847290640394
2024-07-31 16:55:05 - INFO - Model evaluated successfully for subset 3.
2024-07-31 16:55:05 - INFO - ------------------------------
2024-07-31 16:55:05 - INFO - EVALUATE MODEL STAGE COMPLETED FOR SUBSET 3
2024-07-31 16:55:05 - INFO - ------------------------------
2024-07-31 16:55:05 - INFO - Subset 4 demographic makeup: 650 1, 163 3, 115 2, 72 4
2024-07-31 16:55:05 - INFO - Processing subset 4...
2024-07-31 16:55:05 - INFO - -----------------------------
2024-07-31 16:55:05 - INFO - TRAIN MODEL STAGE STARTING FOR SUBSET 4...
2024-07-31 16:55:05 - INFO - -----------------------------
2024-07-31 16:55:05 - INFO - Scaling features and applying LASSO for feature selection...
2024-07-31 16:55:06 - INFO - Selected features (including required): ['who', 'RaceEth', 'age', 'is_female', 'is_hispanic', 'unemployed', 'unstableliving', 'education', 'marital', 'UDS_Amphetamine_Count', 'UDS_Benzodiazepine_Count', 'UDS_Buprenorphine_Count', 'UDS_Cocaine_Count', 'UDS_Methadone_Count', 'UDS_Opioid_Count', 'UDS_Sedatives_Count', 'UDS_Thc_Count', 'pain', 'has_schizophrenia', 'has_major_dep', 'has_bipolar', 'has_anx_pan', 'has_brain_damage', 'has_epilepsy', 'has_alcol_dx', 'has_amphetamines_dx', 'has_cannabis_dx', 'has_cocaine_dx', 'has_sedatives_dx', 'ftnd', 'XTRT', 'shared', 'rbsivheroin', 'TLFB_Alcohol_Count', 'TLFB_Amphetamine_Count', 'TLFB_Benzodiazepine_Count', 'TLFB_Buprenorphine_Count', 'TLFB_Cocaine_Count', 'TLFB_Heroin_Count', 'TLFB_Methadone_Count', 'TLFB_Opioid_Count', 'TLFB_THC_Count', 'TLFB_Other', 'Homosexual_Behavior', 'Non_monogamous_Relationships']
2024-07-31 16:55:06 - INFO - Fitting logistic regression model with the selected features...
2024-07-31 16:55:07 - INFO - Model training completed successfully.
2024-07-31 16:55:07 - INFO - Calculating the dynamic threshold based on the proportion of positive outcomes...
2024-07-31 16:55:07 - INFO - Ratio of 1s to 0s in the outcome variable: 0.76 : 0.24
2024-07-31 16:55:07 - INFO - Dynamic threshold set to: 0.756
2024-07-31 16:55:07 - INFO - Model trained and saved successfully for subset 4.
2024-07-31 16:55:07 - INFO - ---------------------------
2024-07-31 16:55:07 - INFO - TRAIN MODEL STAGE COMPLETED FOR SUBSET 4
2024-07-31 16:55:07 - INFO - ---------------------------
2024-07-31 16:55:07 - INFO - --------------------------------
2024-07-31 16:55:07 - INFO - EVALUATE MODEL STAGE STARTING FOR SUBSET 4...
2024-07-31 16:55:07 - INFO - --------------------------------
2024-07-31 16:55:07 - INFO - ROC AUC Score: 0.6941625466215631
2024-07-31 16:55:07 - INFO - Confusion Matrix: 
[[ 32  29]
 [ 53 136]]
2024-07-31 16:55:07 - INFO - Precision: 0.8242424242424242
2024-07-31 16:55:07 - INFO - Recall: 0.7195767195767195
2024-07-31 16:55:07 - INFO - Model evaluated successfully for subset 4.
2024-07-31 16:55:07 - INFO - ------------------------------
2024-07-31 16:55:07 - INFO - EVALUATE MODEL STAGE COMPLETED FOR SUBSET 4
2024-07-31 16:55:07 - INFO - ------------------------------
2024-07-31 16:55:07 - INFO - Subset 5 demographic makeup: 700 1, 137 3, 101 2, 62 4
2024-07-31 16:55:07 - INFO - Processing subset 5...
2024-07-31 16:55:07 - INFO - -----------------------------
2024-07-31 16:55:07 - INFO - TRAIN MODEL STAGE STARTING FOR SUBSET 5...
2024-07-31 16:55:07 - INFO - -----------------------------
2024-07-31 16:55:07 - INFO - Scaling features and applying LASSO for feature selection...
2024-07-31 16:55:08 - INFO - Selected features (including required): ['who', 'RaceEth', 'age', 'is_female', 'is_hispanic', 'unemployed', 'unstableliving', 'education', 'marital', 'UDS_Amphetamine_Count', 'UDS_Benzodiazepine_Count', 'UDS_Buprenorphine_Count', 'UDS_Cocaine_Count', 'UDS_Methadone_Count', 'UDS_Opioid_Count', 'UDS_Sedatives_Count', 'UDS_Thc_Count', 'pain', 'has_schizophrenia', 'has_major_dep', 'has_bipolar', 'has_anx_pan', 'has_brain_damage', 'has_epilepsy', 'has_alcol_dx', 'has_amphetamines_dx', 'has_cannabis_dx', 'has_cocaine_dx', 'has_sedatives_dx', 'ftnd', 'XTRT', 'shared', 'rbsivheroin', 'TLFB_Alcohol_Count', 'TLFB_Amphetamine_Count', 'TLFB_Benzodiazepine_Count', 'TLFB_Buprenorphine_Count', 'TLFB_Cocaine_Count', 'TLFB_Heroin_Count', 'TLFB_Methadone_Count', 'TLFB_Opioid_Count', 'TLFB_THC_Count', 'TLFB_Other', 'Homosexual_Behavior', 'Non_monogamous_Relationships']
2024-07-31 16:55:08 - INFO - Fitting logistic regression model with the selected features...
2024-07-31 16:55:08 - INFO - Model training completed successfully.
2024-07-31 16:55:08 - INFO - Calculating the dynamic threshold based on the proportion of positive outcomes...
2024-07-31 16:55:08 - INFO - Ratio of 1s to 0s in the outcome variable: 0.80 : 0.20
2024-07-31 16:55:08 - INFO - Dynamic threshold set to: 0.796
2024-07-31 16:55:08 - INFO - Model trained and saved successfully for subset 5.
2024-07-31 16:55:08 - INFO - ---------------------------
2024-07-31 16:55:08 - INFO - TRAIN MODEL STAGE COMPLETED FOR SUBSET 5
2024-07-31 16:55:08 - INFO - ---------------------------
2024-07-31 16:55:08 - INFO - --------------------------------
2024-07-31 16:55:08 - INFO - EVALUATE MODEL STAGE STARTING FOR SUBSET 5...
2024-07-31 16:55:08 - INFO - --------------------------------
2024-07-31 16:55:08 - INFO - ROC AUC Score: 0.652872204158045
2024-07-31 16:55:08 - INFO - Confusion Matrix: 
[[ 36  15]
 [100  99]]
2024-07-31 16:55:08 - INFO - Precision: 0.868421052631579
2024-07-31 16:55:08 - INFO - Recall: 0.49748743718592964
2024-07-31 16:55:08 - INFO - Model evaluated successfully for subset 5.
2024-07-31 16:55:08 - INFO - ------------------------------
2024-07-31 16:55:08 - INFO - EVALUATE MODEL STAGE COMPLETED FOR SUBSET 5
2024-07-31 16:55:08 - INFO - ------------------------------
2024-07-31 16:55:08 - INFO - Subset 6 demographic makeup: 750 1, 112 3, 87 2, 51 4
2024-07-31 16:55:08 - INFO - Processing subset 6...
2024-07-31 16:55:08 - INFO - -----------------------------
2024-07-31 16:55:08 - INFO - TRAIN MODEL STAGE STARTING FOR SUBSET 6...
2024-07-31 16:55:08 - INFO - -----------------------------
2024-07-31 16:55:08 - INFO - Scaling features and applying LASSO for feature selection...
2024-07-31 16:55:09 - INFO - Selected features (including required): ['who', 'RaceEth', 'age', 'is_female', 'is_hispanic', 'unemployed', 'unstableliving', 'education', 'marital', 'UDS_Amphetamine_Count', 'UDS_Benzodiazepine_Count', 'UDS_Buprenorphine_Count', 'UDS_Cocaine_Count', 'UDS_Methadone_Count', 'UDS_Opioid_Count', 'UDS_Sedatives_Count', 'UDS_Thc_Count', 'pain', 'has_schizophrenia', 'has_major_dep', 'has_bipolar', 'has_anx_pan', 'has_brain_damage', 'has_epilepsy', 'has_alcol_dx', 'has_amphetamines_dx', 'has_cannabis_dx', 'has_cocaine_dx', 'has_sedatives_dx', 'ftnd', 'XTRT', 'shared', 'rbsivheroin', 'TLFB_Alcohol_Count', 'TLFB_Amphetamine_Count', 'TLFB_Benzodiazepine_Count', 'TLFB_Buprenorphine_Count', 'TLFB_Cocaine_Count', 'TLFB_Heroin_Count', 'TLFB_Methadone_Count', 'TLFB_Opioid_Count', 'TLFB_THC_Count', 'TLFB_Other', 'Homosexual_Behavior', 'Non_monogamous_Relationships']
2024-07-31 16:55:09 - INFO - Fitting logistic regression model with the selected features...
2024-07-31 16:55:10 - INFO - Model training completed successfully.
2024-07-31 16:55:10 - INFO - Calculating the dynamic threshold based on the proportion of positive outcomes...
2024-07-31 16:55:10 - INFO - Ratio of 1s to 0s in the outcome variable: 0.74 : 0.26
2024-07-31 16:55:10 - INFO - Dynamic threshold set to: 0.74
2024-07-31 16:55:10 - INFO - Model trained and saved successfully for subset 6.
2024-07-31 16:55:10 - INFO - ---------------------------
2024-07-31 16:55:10 - INFO - TRAIN MODEL STAGE COMPLETED FOR SUBSET 6
2024-07-31 16:55:10 - INFO - ---------------------------
2024-07-31 16:55:10 - INFO - --------------------------------
2024-07-31 16:55:10 - INFO - EVALUATE MODEL STAGE STARTING FOR SUBSET 6...
2024-07-31 16:55:10 - INFO - --------------------------------
2024-07-31 16:55:10 - INFO - ROC AUC Score: 0.6416632016632018
2024-07-31 16:55:10 - INFO - Confusion Matrix: 
[[ 36  29]
 [ 59 126]]
2024-07-31 16:55:10 - INFO - Precision: 0.8129032258064516
2024-07-31 16:55:10 - INFO - Recall: 0.6810810810810811
2024-07-31 16:55:10 - INFO - Model evaluated successfully for subset 6.
2024-07-31 16:55:10 - INFO - ------------------------------
2024-07-31 16:55:10 - INFO - EVALUATE MODEL STAGE COMPLETED FOR SUBSET 6
2024-07-31 16:55:10 - INFO - ------------------------------
2024-07-31 16:55:10 - INFO - Subset 7 demographic makeup: 800 1, 81 3, 71 2, 48 4
2024-07-31 16:55:10 - INFO - Processing subset 7...
2024-07-31 16:55:10 - INFO - -----------------------------
2024-07-31 16:55:10 - INFO - TRAIN MODEL STAGE STARTING FOR SUBSET 7...
2024-07-31 16:55:10 - INFO - -----------------------------
2024-07-31 16:55:10 - INFO - Scaling features and applying LASSO for feature selection...
2024-07-31 16:55:14 - INFO - Selected features (including required): ['who', 'RaceEth', 'age', 'is_female', 'is_hispanic', 'unemployed', 'unstableliving', 'education', 'marital', 'UDS_Amphetamine_Count', 'UDS_Benzodiazepine_Count', 'UDS_Buprenorphine_Count', 'UDS_Cocaine_Count', 'UDS_Methadone_Count', 'UDS_Opioid_Count', 'UDS_Sedatives_Count', 'UDS_Thc_Count', 'pain', 'has_schizophrenia', 'has_major_dep', 'has_bipolar', 'has_anx_pan', 'has_brain_damage', 'has_epilepsy', 'has_alcol_dx', 'has_amphetamines_dx', 'has_cannabis_dx', 'has_cocaine_dx', 'has_sedatives_dx', 'ftnd', 'XTRT', 'shared', 'rbsivheroin', 'TLFB_Alcohol_Count', 'TLFB_Amphetamine_Count', 'TLFB_Benzodiazepine_Count', 'TLFB_Buprenorphine_Count', 'TLFB_Cocaine_Count', 'TLFB_Heroin_Count', 'TLFB_Methadone_Count', 'TLFB_Opioid_Count', 'TLFB_THC_Count', 'TLFB_Other', 'Homosexual_Behavior', 'Non_monogamous_Relationships']
2024-07-31 16:55:14 - INFO - Fitting logistic regression model with the selected features...
2024-07-31 16:55:14 - INFO - Model training completed successfully.
2024-07-31 16:55:14 - INFO - Calculating the dynamic threshold based on the proportion of positive outcomes...
2024-07-31 16:55:14 - INFO - Ratio of 1s to 0s in the outcome variable: 0.74 : 0.26
2024-07-31 16:55:14 - INFO - Dynamic threshold set to: 0.74
2024-07-31 16:55:14 - INFO - Model trained and saved successfully for subset 7.
2024-07-31 16:55:14 - INFO - ---------------------------
2024-07-31 16:55:14 - INFO - TRAIN MODEL STAGE COMPLETED FOR SUBSET 7
2024-07-31 16:55:14 - INFO - ---------------------------
2024-07-31 16:55:14 - INFO - --------------------------------
2024-07-31 16:55:14 - INFO - EVALUATE MODEL STAGE STARTING FOR SUBSET 7...
2024-07-31 16:55:14 - INFO - --------------------------------
2024-07-31 16:55:15 - INFO - ROC AUC Score: 0.693887733887734
2024-07-31 16:55:15 - INFO - Confusion Matrix: 
[[ 37  28]
 [ 65 120]]
2024-07-31 16:55:15 - INFO - Precision: 0.8108108108108109
2024-07-31 16:55:15 - INFO - Recall: 0.6486486486486487
2024-07-31 16:55:15 - INFO - Model evaluated successfully for subset 7.
2024-07-31 16:55:15 - INFO - ------------------------------
2024-07-31 16:55:15 - INFO - EVALUATE MODEL STAGE COMPLETED FOR SUBSET 7
2024-07-31 16:55:15 - INFO - ------------------------------
2024-07-31 16:55:15 - INFO - Subset 8 demographic makeup: 850 1, 63 3, 51 2, 36 4
2024-07-31 16:55:15 - INFO - Processing subset 8...
2024-07-31 16:55:15 - INFO - -----------------------------
2024-07-31 16:55:15 - INFO - TRAIN MODEL STAGE STARTING FOR SUBSET 8...
2024-07-31 16:55:15 - INFO - -----------------------------
2024-07-31 16:55:15 - INFO - Scaling features and applying LASSO for feature selection...
2024-07-31 16:55:15 - INFO - Selected features (including required): ['who', 'RaceEth', 'age', 'is_female', 'is_hispanic', 'unemployed', 'unstableliving', 'education', 'marital', 'UDS_Amphetamine_Count', 'UDS_Benzodiazepine_Count', 'UDS_Buprenorphine_Count', 'UDS_Cocaine_Count', 'UDS_Methadone_Count', 'UDS_Opioid_Count', 'UDS_Sedatives_Count', 'UDS_Thc_Count', 'pain', 'has_schizophrenia', 'has_major_dep', 'has_bipolar', 'has_anx_pan', 'has_brain_damage', 'has_epilepsy', 'has_alcol_dx', 'has_amphetamines_dx', 'has_cannabis_dx', 'has_cocaine_dx', 'has_sedatives_dx', 'ftnd', 'XTRT', 'shared', 'rbsivheroin', 'TLFB_Alcohol_Count', 'TLFB_Amphetamine_Count', 'TLFB_Benzodiazepine_Count', 'TLFB_Buprenorphine_Count', 'TLFB_Cocaine_Count', 'TLFB_Heroin_Count', 'TLFB_Methadone_Count', 'TLFB_Opioid_Count', 'TLFB_THC_Count', 'TLFB_Other', 'Homosexual_Behavior', 'Non_monogamous_Relationships']
2024-07-31 16:55:15 - INFO - Fitting logistic regression model with the selected features...
2024-07-31 16:55:16 - INFO - Model training completed successfully.
2024-07-31 16:55:16 - INFO - Calculating the dynamic threshold based on the proportion of positive outcomes...
2024-07-31 16:55:16 - INFO - Ratio of 1s to 0s in the outcome variable: 0.70 : 0.30
2024-07-31 16:55:16 - INFO - Dynamic threshold set to: 0.696
2024-07-31 16:55:16 - INFO - Model trained and saved successfully for subset 8.
2024-07-31 16:55:16 - INFO - ---------------------------
2024-07-31 16:55:16 - INFO - TRAIN MODEL STAGE COMPLETED FOR SUBSET 8
2024-07-31 16:55:16 - INFO - ---------------------------
2024-07-31 16:55:16 - INFO - --------------------------------
2024-07-31 16:55:16 - INFO - EVALUATE MODEL STAGE STARTING FOR SUBSET 8...
2024-07-31 16:55:16 - INFO - --------------------------------
2024-07-31 16:55:16 - INFO - ROC AUC Score: 0.6445856019358741
2024-07-31 16:55:16 - INFO - Confusion Matrix: 
[[ 31  45]
 [ 46 128]]
2024-07-31 16:55:16 - INFO - Precision: 0.7398843930635838
2024-07-31 16:55:16 - INFO - Recall: 0.735632183908046
2024-07-31 16:55:16 - INFO - Model evaluated successfully for subset 8.
2024-07-31 16:55:16 - INFO - ------------------------------
2024-07-31 16:55:16 - INFO - EVALUATE MODEL STAGE COMPLETED FOR SUBSET 8
2024-07-31 16:55:16 - INFO - ------------------------------
2024-07-31 16:55:16 - INFO - Subset 9 demographic makeup: 900 1, 43 3, 31 2, 26 4
2024-07-31 16:55:16 - INFO - Processing subset 9...
2024-07-31 16:55:16 - INFO - -----------------------------
2024-07-31 16:55:16 - INFO - TRAIN MODEL STAGE STARTING FOR SUBSET 9...
2024-07-31 16:55:16 - INFO - -----------------------------
2024-07-31 16:55:16 - INFO - Scaling features and applying LASSO for feature selection...
2024-07-31 16:55:17 - INFO - Selected features (including required): ['who', 'RaceEth', 'age', 'is_female', 'is_hispanic', 'unemployed', 'unstableliving', 'education', 'marital', 'UDS_Amphetamine_Count', 'UDS_Benzodiazepine_Count', 'UDS_Buprenorphine_Count', 'UDS_Cocaine_Count', 'UDS_Methadone_Count', 'UDS_Opioid_Count', 'UDS_Sedatives_Count', 'UDS_Thc_Count', 'pain', 'has_schizophrenia', 'has_major_dep', 'has_bipolar', 'has_anx_pan', 'has_brain_damage', 'has_epilepsy', 'has_alcol_dx', 'has_amphetamines_dx', 'has_cannabis_dx', 'has_cocaine_dx', 'has_sedatives_dx', 'ftnd', 'XTRT', 'shared', 'rbsivheroin', 'TLFB_Alcohol_Count', 'TLFB_Amphetamine_Count', 'TLFB_Benzodiazepine_Count', 'TLFB_Buprenorphine_Count', 'TLFB_Cocaine_Count', 'TLFB_Heroin_Count', 'TLFB_Methadone_Count', 'TLFB_Opioid_Count', 'TLFB_THC_Count', 'TLFB_Other', 'Homosexual_Behavior', 'Non_monogamous_Relationships']
2024-07-31 16:55:17 - INFO - Fitting logistic regression model with the selected features...
2024-07-31 16:55:18 - INFO - Model training completed successfully.
2024-07-31 16:55:18 - INFO - Calculating the dynamic threshold based on the proportion of positive outcomes...
2024-07-31 16:55:18 - INFO - Ratio of 1s to 0s in the outcome variable: 0.72 : 0.28
2024-07-31 16:55:18 - INFO - Dynamic threshold set to: 0.72
2024-07-31 16:55:18 - INFO - Model trained and saved successfully for subset 9.
2024-07-31 16:55:18 - INFO - ---------------------------
2024-07-31 16:55:18 - INFO - TRAIN MODEL STAGE COMPLETED FOR SUBSET 9
2024-07-31 16:55:18 - INFO - ---------------------------
2024-07-31 16:55:18 - INFO - --------------------------------
2024-07-31 16:55:18 - INFO - EVALUATE MODEL STAGE STARTING FOR SUBSET 9...
2024-07-31 16:55:18 - INFO - --------------------------------
2024-07-31 16:55:18 - INFO - ROC AUC Score: 0.7219047619047619
2024-07-31 16:55:18 - INFO - Confusion Matrix: 
[[ 45  25]
 [ 46 134]]
2024-07-31 16:55:18 - INFO - Precision: 0.8427672955974843
2024-07-31 16:55:18 - INFO - Recall: 0.7444444444444445
2024-07-31 16:55:18 - INFO - Model evaluated successfully for subset 9.
2024-07-31 16:55:18 - INFO - ------------------------------
2024-07-31 16:55:18 - INFO - EVALUATE MODEL STAGE COMPLETED FOR SUBSET 9
2024-07-31 16:55:18 - INFO - ------------------------------
2024-07-31 16:55:18 - INFO - Subset 10 demographic makeup: 950 1, 19 2, 18 3, 13 4
2024-07-31 16:55:18 - INFO - Processing subset 10...
2024-07-31 16:55:18 - INFO - -----------------------------
2024-07-31 16:55:18 - INFO - TRAIN MODEL STAGE STARTING FOR SUBSET 10...
2024-07-31 16:55:18 - INFO - -----------------------------
2024-07-31 16:55:18 - INFO - Scaling features and applying LASSO for feature selection...
2024-07-31 16:55:18 - INFO - Selected features (including required): ['who', 'RaceEth', 'age', 'is_female', 'is_hispanic', 'unemployed', 'unstableliving', 'education', 'marital', 'UDS_Amphetamine_Count', 'UDS_Benzodiazepine_Count', 'UDS_Buprenorphine_Count', 'UDS_Cocaine_Count', 'UDS_Methadone_Count', 'UDS_Opioid_Count', 'UDS_Sedatives_Count', 'UDS_Thc_Count', 'pain', 'has_schizophrenia', 'has_major_dep', 'has_bipolar', 'has_anx_pan', 'has_brain_damage', 'has_epilepsy', 'has_alcol_dx', 'has_amphetamines_dx', 'has_cannabis_dx', 'has_cocaine_dx', 'has_sedatives_dx', 'ftnd', 'XTRT', 'shared', 'rbsivheroin', 'TLFB_Alcohol_Count', 'TLFB_Amphetamine_Count', 'TLFB_Benzodiazepine_Count', 'TLFB_Buprenorphine_Count', 'TLFB_Cocaine_Count', 'TLFB_Heroin_Count', 'TLFB_Methadone_Count', 'TLFB_Opioid_Count', 'TLFB_THC_Count', 'TLFB_Other', 'Homosexual_Behavior', 'Non_monogamous_Relationships']
2024-07-31 16:55:18 - INFO - Fitting logistic regression model with the selected features...
2024-07-31 16:55:19 - INFO - Model training completed successfully.
2024-07-31 16:55:19 - INFO - Calculating the dynamic threshold based on the proportion of positive outcomes...
2024-07-31 16:55:19 - INFO - Ratio of 1s to 0s in the outcome variable: 0.69 : 0.31
2024-07-31 16:55:19 - INFO - Dynamic threshold set to: 0.688
2024-07-31 16:55:19 - INFO - Model trained and saved successfully for subset 10.
2024-07-31 16:55:19 - INFO - ---------------------------
2024-07-31 16:55:19 - INFO - TRAIN MODEL STAGE COMPLETED FOR SUBSET 10
2024-07-31 16:55:19 - INFO - ---------------------------
2024-07-31 16:55:19 - INFO - --------------------------------
2024-07-31 16:55:19 - INFO - EVALUATE MODEL STAGE STARTING FOR SUBSET 10...
2024-07-31 16:55:19 - INFO - --------------------------------
2024-07-31 16:55:19 - INFO - ROC AUC Score: 0.7186940966010733
2024-07-31 16:55:19 - INFO - Confusion Matrix: 
[[ 41  37]
 [ 44 128]]
2024-07-31 16:55:19 - INFO - Precision: 0.7757575757575758
2024-07-31 16:55:19 - INFO - Recall: 0.7441860465116279
2024-07-31 16:55:19 - INFO - Model evaluated successfully for subset 10.
2024-07-31 16:55:19 - INFO - ------------------------------
2024-07-31 16:55:19 - INFO - EVALUATE MODEL STAGE COMPLETED FOR SUBSET 10
2024-07-31 16:55:19 - INFO - ------------------------------
2024-07-31 16:55:19 - INFO - Subset 11 demographic makeup: 1000 1
2024-07-31 16:55:19 - INFO - Processing subset 11...
2024-07-31 16:55:19 - INFO - -----------------------------
2024-07-31 16:55:19 - INFO - TRAIN MODEL STAGE STARTING FOR SUBSET 11...
2024-07-31 16:55:19 - INFO - -----------------------------
2024-07-31 16:55:19 - INFO - Scaling features and applying LASSO for feature selection...
2024-07-31 16:55:19 - INFO - Selected features (including required): ['who', 'age', 'is_female', 'unemployed', 'unstableliving', 'education', 'marital', 'UDS_Amphetamine_Count', 'UDS_Benzodiazepine_Count', 'UDS_Buprenorphine_Count', 'UDS_Cocaine_Count', 'UDS_Methadone_Count', 'UDS_Opioid_Count', 'UDS_Sedatives_Count', 'UDS_Thc_Count', 'pain', 'has_schizophrenia', 'has_major_dep', 'has_bipolar', 'has_anx_pan', 'has_brain_damage', 'has_epilepsy', 'has_alcol_dx', 'has_amphetamines_dx', 'has_cannabis_dx', 'has_cocaine_dx', 'has_sedatives_dx', 'ftnd', 'XTRT', 'shared', 'rbsivheroin', 'TLFB_Alcohol_Count', 'TLFB_Amphetamine_Count', 'TLFB_Benzodiazepine_Count', 'TLFB_Buprenorphine_Count', 'TLFB_Cocaine_Count', 'TLFB_Heroin_Count', 'TLFB_Methadone_Count', 'TLFB_Opioid_Count', 'TLFB_THC_Count', 'TLFB_Other', 'Homosexual_Behavior', 'Non_monogamous_Relationships']
2024-07-31 16:55:19 - INFO - Fitting logistic regression model with the selected features...
2024-07-31 16:55:21 - INFO - Model training completed successfully.
2024-07-31 16:55:21 - INFO - Calculating the dynamic threshold based on the proportion of positive outcomes...
2024-07-31 16:55:21 - INFO - Ratio of 1s to 0s in the outcome variable: 0.74 : 0.26
2024-07-31 16:55:21 - INFO - Dynamic threshold set to: 0.736
2024-07-31 16:55:21 - INFO - Model trained and saved successfully for subset 11.
2024-07-31 16:55:21 - INFO - ---------------------------
2024-07-31 16:55:21 - INFO - TRAIN MODEL STAGE COMPLETED FOR SUBSET 11
2024-07-31 16:55:21 - INFO - ---------------------------
2024-07-31 16:55:21 - INFO - --------------------------------
2024-07-31 16:55:21 - INFO - EVALUATE MODEL STAGE STARTING FOR SUBSET 11...
2024-07-31 16:55:21 - INFO - --------------------------------
2024-07-31 16:55:21 - INFO - ROC AUC Score: 0.7288372859025034
2024-07-31 16:55:21 - INFO - Confusion Matrix: 
[[ 45  21]
 [ 62 122]]
2024-07-31 16:55:21 - INFO - Precision: 0.8531468531468531
2024-07-31 16:55:21 - INFO - Recall: 0.6630434782608695
2024-07-31 16:55:21 - INFO - Model evaluated successfully for subset 11.
2024-07-31 16:55:21 - INFO - ------------------------------
2024-07-31 16:55:21 - INFO - EVALUATE MODEL STAGE COMPLETED FOR SUBSET 11
2024-07-31 16:55:21 - INFO - ------------------------------
2024-07-31 16:55:21 - INFO - ------------------
2024-07-31 16:55:21 - INFO - PIPELINE COMPLETED
2024-07-31 16:55:21 - INFO - ------------------
