2024-08-14 11:30:23,771 - INFO - Global Seed set to: 23
2024-08-14 11:30:23,771 - INFO - Outcome Name: ctn0094_relapse_event
2024-08-14 11:30:23,814 - INFO - Datasets loaded successfully.
2024-08-14 11:30:23,818 - INFO - Starting preprocessing of the merged dataset...
2024-08-14 11:30:23,818 - INFO - ---------------------------------
2024-08-14 11:30:23,818 - INFO - PRE-PROCESSING STAGE STARTING...
2024-08-14 11:30:23,818 - INFO - ---------------------------------
2024-08-14 11:30:23,964 - INFO - Dropped initial columns: ['pain_when', 'is_smoker', 'per_day', 'max', 'amount', 'depression', 'anxiety', 'schizophrenia', 'max', 'amount', 'cocaine_inject_days', 'speedball_inject_days', 'opioid_inject_days', 'speed_inject_days', 'UDS_Alcohol_Count', 'UDS_Mdma/Hallucinogen_Count']
2024-08-14 11:30:24,214 - INFO - Converted Yes/No to binary.
2024-08-14 11:30:24,241 - INFO - Processed TLFB columns with specified columns: ['TLFB_Alcohol_Count', 'TLFB_Amphetamine_Count', 'TLFB_Cocaine_Count', 'TLFB_Heroin_Count', 'TLFB_Benzodiazepine_Count', 'TLFB_Opioid_Count', 'TLFB_THC_Count', 'TLFB_Methadone_Count', 'TLFB_Buprenorphine_Count']
2024-08-14 11:30:24,247 - INFO - Calculated behavioral columns.
2024-08-14 11:30:24,251 - INFO - Moved 'ctn0094_relapse_event' column to the end.
2024-08-14 11:30:24,640 - INFO - Dropped initial columns: ['msm_npt', 'msm_frq', 'txx_prt']
2024-08-14 11:30:24,667 - INFO - transform_data_with_nan_handling success
2024-08-14 11:30:24,674 - INFO - Renamed columns according to the mapping.
2024-08-14 11:30:24,719 - INFO - Transformed NaN to 0 for binary columns.
2024-08-14 11:30:24,721 - INFO - Transformed and renamed 'heroin_inject_days' column to 'rbsivheroin'.
2024-08-14 11:30:24,727 - INFO - Filled NaN with 0 for 'ftnd' column.
2024-08-14 11:30:24,886 - INFO - Dropped additional columns: ['rbs_iv_days', 'race', 'RBS_cocaine_Days', 'RBS_heroin_Days', 'RBS_opioid_Days', 'RBS_speed_Days', 'RBS_speedball_Days']
2024-08-14 11:30:24,901 - INFO - Converted UDS drug counts to binary.
2024-08-14 11:30:24,974 - INFO - ------------------------------
2024-08-14 11:30:24,974 - INFO - PRE-PROCESSING STAGE COMPLETED
2024-08-14 11:30:24,975 - INFO - ------------------------------
2024-08-14 11:30:24,975 - INFO - Merged dataset preprocessed successfully.
2024-08-14 11:30:24,976 - INFO - Creating demographic subsets from preprocessed data...
2024-08-14 11:30:33,851 - INFO - Created 11 subsets successfully.
2024-08-14 11:30:33,851 - INFO - Creating merged subsets from create_demographics_dfs function
2024-08-14 11:30:33,944 - INFO - Created 11 merged subsets successfully.
2024-08-14 11:30:33,945 - INFO - Subset 1 demographic makeup: 500 1, 249 3, 153 2, 98 4
2024-08-14 11:30:33,946 - INFO - Processing subset 1...
2024-08-14 11:30:33,946 - INFO - -----------------------------
2024-08-14 11:30:33,946 - INFO - TRAIN MODEL STAGE STARTING FOR SUBSET 1...
2024-08-14 11:30:33,946 - INFO - -----------------------------
2024-08-14 11:30:33,951 - INFO - Scaling features and applying LASSO for feature selection...
2024-08-14 11:30:38,150 - INFO - Selected features (including required): ['who', 'RaceEth', 'age', 'is_female', 'is_hispanic', 'unemployed', 'unstableliving', 'education', 'marital', 'UDS_Amphetamine_Count', 'UDS_Benzodiazepine_Count', 'UDS_Buprenorphine_Count', 'UDS_Cocaine_Count', 'UDS_Methadone_Count', 'UDS_Opioid_Count', 'UDS_Sedatives_Count', 'UDS_Thc_Count', 'pain', 'has_schizophrenia', 'has_major_dep', 'has_bipolar', 'has_anx_pan', 'has_brain_damage', 'has_epilepsy', 'has_alcol_dx', 'has_amphetamines_dx', 'has_cannabis_dx', 'has_cocaine_dx', 'has_sedatives_dx', 'ftnd', 'XTRT', 'shared', 'rbsivheroin', 'TLFB_Alcohol_Count', 'TLFB_Amphetamine_Count', 'TLFB_Benzodiazepine_Count', 'TLFB_Buprenorphine_Count', 'TLFB_Cocaine_Count', 'TLFB_Heroin_Count', 'TLFB_Methadone_Count', 'TLFB_Opioid_Count', 'TLFB_THC_Count', 'TLFB_Other', 'Homosexual_Behavior', 'Non_monogamous_Relationships']
2024-08-14 11:30:38,156 - INFO - Fitting logistic regression model with the selected features...
2024-08-14 11:30:38,979 - INFO - Model training completed successfully.
2024-08-14 11:30:38,979 - INFO - Calculating the dynamic threshold based on the proportion of positive outcomes...
2024-08-14 11:30:38,979 - INFO - Ratio of 1s to 0s in the outcome variable: 0.76 : 0.24
2024-08-14 11:30:38,979 - INFO - Dynamic threshold set to: 0.764
2024-08-14 11:30:38,980 - INFO - Model trained and saved successfully for subset 1.
2024-08-14 11:30:38,980 - INFO - ---------------------------
2024-08-14 11:30:38,980 - INFO - TRAIN MODEL STAGE COMPLETED FOR SUBSET 1
2024-08-14 11:30:38,980 - INFO - ---------------------------
2024-08-14 11:30:38,980 - INFO - --------------------------------
2024-08-14 11:30:38,980 - INFO - EVALUATE MODEL STAGE STARTING FOR SUBSET 1...
2024-08-14 11:30:38,980 - INFO - --------------------------------
2024-08-14 11:30:39,001 - INFO - ROC AUC Score: 0.5947289022983406
2024-08-14 11:30:39,002 - INFO - Confusion Matrix: 
[[ 32  27]
 [ 77 114]]
2024-08-14 11:30:39,002 - INFO - Precision: 0.8085106382978723
2024-08-14 11:30:39,002 - INFO - Recall: 0.5968586387434555
2024-08-14 11:30:39,002 - INFO - Model evaluated successfully for subset 1.
2024-08-14 11:30:39,002 - INFO - ------------------------------
2024-08-14 11:30:39,002 - INFO - EVALUATE MODEL STAGE COMPLETED FOR SUBSET 1
2024-08-14 11:30:39,002 - INFO - ------------------------------
2024-08-14 11:30:39,004 - INFO - Subset 2 demographic makeup: 550 1, 226 3, 133 2, 91 4
2024-08-14 11:30:39,005 - INFO - Processing subset 2...
2024-08-14 11:30:39,005 - INFO - -----------------------------
2024-08-14 11:30:39,005 - INFO - TRAIN MODEL STAGE STARTING FOR SUBSET 2...
2024-08-14 11:30:39,005 - INFO - -----------------------------
2024-08-14 11:30:39,015 - INFO - Scaling features and applying LASSO for feature selection...
2024-08-14 11:30:42,932 - INFO - Selected features (including required): ['who', 'RaceEth', 'age', 'is_female', 'is_hispanic', 'unemployed', 'unstableliving', 'education', 'marital', 'UDS_Amphetamine_Count', 'UDS_Benzodiazepine_Count', 'UDS_Buprenorphine_Count', 'UDS_Cocaine_Count', 'UDS_Methadone_Count', 'UDS_Opioid_Count', 'UDS_Sedatives_Count', 'UDS_Thc_Count', 'pain', 'has_schizophrenia', 'has_major_dep', 'has_bipolar', 'has_anx_pan', 'has_brain_damage', 'has_epilepsy', 'has_alcol_dx', 'has_amphetamines_dx', 'has_cannabis_dx', 'has_cocaine_dx', 'has_sedatives_dx', 'ftnd', 'XTRT', 'shared', 'rbsivheroin', 'TLFB_Alcohol_Count', 'TLFB_Amphetamine_Count', 'TLFB_Benzodiazepine_Count', 'TLFB_Buprenorphine_Count', 'TLFB_Cocaine_Count', 'TLFB_Heroin_Count', 'TLFB_Methadone_Count', 'TLFB_Opioid_Count', 'TLFB_THC_Count', 'TLFB_Other', 'Homosexual_Behavior', 'Non_monogamous_Relationships']
2024-08-14 11:30:42,938 - INFO - Fitting logistic regression model with the selected features...
2024-08-14 11:30:43,397 - INFO - Model training completed successfully.
2024-08-14 11:30:43,397 - INFO - Calculating the dynamic threshold based on the proportion of positive outcomes...
2024-08-14 11:30:43,397 - INFO - Ratio of 1s to 0s in the outcome variable: 0.79 : 0.21
2024-08-14 11:30:43,397 - INFO - Dynamic threshold set to: 0.788
2024-08-14 11:30:43,398 - INFO - Model trained and saved successfully for subset 2.
2024-08-14 11:30:43,398 - INFO - ---------------------------
2024-08-14 11:30:43,398 - INFO - TRAIN MODEL STAGE COMPLETED FOR SUBSET 2
2024-08-14 11:30:43,398 - INFO - ---------------------------
2024-08-14 11:30:43,398 - INFO - --------------------------------
2024-08-14 11:30:43,398 - INFO - EVALUATE MODEL STAGE STARTING FOR SUBSET 2...
2024-08-14 11:30:43,398 - INFO - --------------------------------
2024-08-14 11:30:43,411 - INFO - ROC AUC Score: 0.6092328321042045
2024-08-14 11:30:43,411 - INFO - Confusion Matrix: 
[[ 36  17]
 [112  85]]
2024-08-14 11:30:43,411 - INFO - Precision: 0.8333333333333334
2024-08-14 11:30:43,411 - INFO - Recall: 0.43147208121827413
2024-08-14 11:30:43,412 - INFO - Model evaluated successfully for subset 2.
2024-08-14 11:30:43,412 - INFO - ------------------------------
2024-08-14 11:30:43,412 - INFO - EVALUATE MODEL STAGE COMPLETED FOR SUBSET 2
2024-08-14 11:30:43,412 - INFO - ------------------------------
2024-08-14 11:30:43,413 - INFO - Subset 3 demographic makeup: 600 1, 201 3, 121 2, 78 4
2024-08-14 11:30:43,413 - INFO - Processing subset 3...
2024-08-14 11:30:43,413 - INFO - -----------------------------
2024-08-14 11:30:43,413 - INFO - TRAIN MODEL STAGE STARTING FOR SUBSET 3...
2024-08-14 11:30:43,413 - INFO - -----------------------------
2024-08-14 11:30:43,423 - INFO - Scaling features and applying LASSO for feature selection...
2024-08-14 11:30:44,357 - INFO - Selected features (including required): ['who', 'RaceEth', 'age', 'is_female', 'is_hispanic', 'unemployed', 'unstableliving', 'education', 'marital', 'UDS_Amphetamine_Count', 'UDS_Benzodiazepine_Count', 'UDS_Buprenorphine_Count', 'UDS_Cocaine_Count', 'UDS_Methadone_Count', 'UDS_Opioid_Count', 'UDS_Sedatives_Count', 'UDS_Thc_Count', 'pain', 'has_schizophrenia', 'has_major_dep', 'has_bipolar', 'has_anx_pan', 'has_brain_damage', 'has_epilepsy', 'has_alcol_dx', 'has_amphetamines_dx', 'has_cannabis_dx', 'has_cocaine_dx', 'has_sedatives_dx', 'ftnd', 'XTRT', 'shared', 'rbsivheroin', 'TLFB_Alcohol_Count', 'TLFB_Amphetamine_Count', 'TLFB_Benzodiazepine_Count', 'TLFB_Buprenorphine_Count', 'TLFB_Cocaine_Count', 'TLFB_Heroin_Count', 'TLFB_Methadone_Count', 'TLFB_Opioid_Count', 'TLFB_THC_Count', 'TLFB_Other', 'Homosexual_Behavior', 'Non_monogamous_Relationships']
2024-08-14 11:30:44,362 - INFO - Fitting logistic regression model with the selected features...
2024-08-14 11:30:45,330 - INFO - Model training completed successfully.
2024-08-14 11:30:45,330 - INFO - Calculating the dynamic threshold based on the proportion of positive outcomes...
2024-08-14 11:30:45,330 - INFO - Ratio of 1s to 0s in the outcome variable: 0.74 : 0.26
2024-08-14 11:30:45,330 - INFO - Dynamic threshold set to: 0.736
2024-08-14 11:30:45,330 - INFO - Model trained and saved successfully for subset 3.
2024-08-14 11:30:45,330 - INFO - ---------------------------
2024-08-14 11:30:45,330 - INFO - TRAIN MODEL STAGE COMPLETED FOR SUBSET 3
2024-08-14 11:30:45,330 - INFO - ---------------------------
2024-08-14 11:30:45,331 - INFO - --------------------------------
2024-08-14 11:30:45,331 - INFO - EVALUATE MODEL STAGE STARTING FOR SUBSET 3...
2024-08-14 11:30:45,331 - INFO - --------------------------------
2024-08-14 11:30:45,346 - INFO - ROC AUC Score: 0.6127305665349143
2024-08-14 11:30:45,347 - INFO - Confusion Matrix: 
[[ 33  33]
 [ 61 123]]
2024-08-14 11:30:45,347 - INFO - Precision: 0.7884615384615384
2024-08-14 11:30:45,347 - INFO - Recall: 0.6684782608695652
2024-08-14 11:30:45,347 - INFO - Model evaluated successfully for subset 3.
2024-08-14 11:30:45,347 - INFO - ------------------------------
2024-08-14 11:30:45,347 - INFO - EVALUATE MODEL STAGE COMPLETED FOR SUBSET 3
2024-08-14 11:30:45,347 - INFO - ------------------------------
2024-08-14 11:30:45,348 - INFO - Subset 4 demographic makeup: 650 1, 174 3, 106 2, 70 4
2024-08-14 11:30:45,348 - INFO - Processing subset 4...
2024-08-14 11:30:45,348 - INFO - -----------------------------
2024-08-14 11:30:45,348 - INFO - TRAIN MODEL STAGE STARTING FOR SUBSET 4...
2024-08-14 11:30:45,348 - INFO - -----------------------------
2024-08-14 11:30:45,355 - INFO - Scaling features and applying LASSO for feature selection...
2024-08-14 11:30:46,616 - INFO - Selected features (including required): ['who', 'RaceEth', 'age', 'is_female', 'is_hispanic', 'unemployed', 'unstableliving', 'education', 'marital', 'UDS_Amphetamine_Count', 'UDS_Benzodiazepine_Count', 'UDS_Buprenorphine_Count', 'UDS_Cocaine_Count', 'UDS_Methadone_Count', 'UDS_Opioid_Count', 'UDS_Sedatives_Count', 'UDS_Thc_Count', 'pain', 'has_schizophrenia', 'has_major_dep', 'has_bipolar', 'has_anx_pan', 'has_brain_damage', 'has_epilepsy', 'has_alcol_dx', 'has_amphetamines_dx', 'has_cannabis_dx', 'has_cocaine_dx', 'has_sedatives_dx', 'ftnd', 'XTRT', 'shared', 'rbsivheroin', 'TLFB_Alcohol_Count', 'TLFB_Amphetamine_Count', 'TLFB_Benzodiazepine_Count', 'TLFB_Buprenorphine_Count', 'TLFB_Cocaine_Count', 'TLFB_Heroin_Count', 'TLFB_Methadone_Count', 'TLFB_Opioid_Count', 'TLFB_THC_Count', 'TLFB_Other', 'Homosexual_Behavior', 'Non_monogamous_Relationships']
2024-08-14 11:30:46,627 - INFO - Fitting logistic regression model with the selected features...
2024-08-14 11:30:49,261 - INFO - Model training completed successfully.
2024-08-14 11:30:49,262 - INFO - Calculating the dynamic threshold based on the proportion of positive outcomes...
2024-08-14 11:30:49,262 - INFO - Ratio of 1s to 0s in the outcome variable: 0.80 : 0.20
2024-08-14 11:30:49,262 - INFO - Dynamic threshold set to: 0.8
2024-08-14 11:30:49,263 - INFO - Model trained and saved successfully for subset 4.
2024-08-14 11:30:49,263 - INFO - ---------------------------
2024-08-14 11:30:49,263 - INFO - TRAIN MODEL STAGE COMPLETED FOR SUBSET 4
2024-08-14 11:30:49,263 - INFO - ---------------------------
2024-08-14 11:30:49,263 - INFO - --------------------------------
2024-08-14 11:30:49,263 - INFO - EVALUATE MODEL STAGE STARTING FOR SUBSET 4...
2024-08-14 11:30:49,263 - INFO - --------------------------------
2024-08-14 11:30:49,278 - INFO - ROC AUC Score: 0.5976
2024-08-14 11:30:49,279 - INFO - Confusion Matrix: 
[[ 31  19]
 [107  93]]
2024-08-14 11:30:49,279 - INFO - Precision: 0.8303571428571429
2024-08-14 11:30:49,279 - INFO - Recall: 0.465
2024-08-14 11:30:49,279 - INFO - Model evaluated successfully for subset 4.
2024-08-14 11:30:49,279 - INFO - ------------------------------
2024-08-14 11:30:49,279 - INFO - EVALUATE MODEL STAGE COMPLETED FOR SUBSET 4
2024-08-14 11:30:49,279 - INFO - ------------------------------
2024-08-14 11:30:49,280 - INFO - Subset 5 demographic makeup: 700 1, 152 3, 91 2, 57 4
2024-08-14 11:30:49,280 - INFO - Processing subset 5...
2024-08-14 11:30:49,280 - INFO - -----------------------------
2024-08-14 11:30:49,280 - INFO - TRAIN MODEL STAGE STARTING FOR SUBSET 5...
2024-08-14 11:30:49,280 - INFO - -----------------------------
2024-08-14 11:30:49,286 - INFO - Scaling features and applying LASSO for feature selection...
2024-08-14 11:30:49,539 - INFO - Selected features (including required): ['who', 'RaceEth', 'age', 'is_female', 'is_hispanic', 'unemployed', 'unstableliving', 'education', 'marital', 'UDS_Amphetamine_Count', 'UDS_Benzodiazepine_Count', 'UDS_Buprenorphine_Count', 'UDS_Cocaine_Count', 'UDS_Methadone_Count', 'UDS_Opioid_Count', 'UDS_Sedatives_Count', 'UDS_Thc_Count', 'pain', 'has_schizophrenia', 'has_major_dep', 'has_bipolar', 'has_anx_pan', 'has_brain_damage', 'has_epilepsy', 'has_alcol_dx', 'has_amphetamines_dx', 'has_cannabis_dx', 'has_cocaine_dx', 'has_sedatives_dx', 'ftnd', 'XTRT', 'shared', 'rbsivheroin', 'TLFB_Alcohol_Count', 'TLFB_Amphetamine_Count', 'TLFB_Benzodiazepine_Count', 'TLFB_Buprenorphine_Count', 'TLFB_Cocaine_Count', 'TLFB_Heroin_Count', 'TLFB_Methadone_Count', 'TLFB_Opioid_Count', 'TLFB_THC_Count', 'TLFB_Other', 'Homosexual_Behavior', 'Non_monogamous_Relationships']
2024-08-14 11:30:49,545 - INFO - Fitting logistic regression model with the selected features...
2024-08-14 11:30:50,500 - INFO - Model training completed successfully.
2024-08-14 11:30:50,501 - INFO - Calculating the dynamic threshold based on the proportion of positive outcomes...
2024-08-14 11:30:50,501 - INFO - Ratio of 1s to 0s in the outcome variable: 0.74 : 0.26
2024-08-14 11:30:50,501 - INFO - Dynamic threshold set to: 0.736
2024-08-14 11:30:50,501 - INFO - Model trained and saved successfully for subset 5.
2024-08-14 11:30:50,501 - INFO - ---------------------------
2024-08-14 11:30:50,501 - INFO - TRAIN MODEL STAGE COMPLETED FOR SUBSET 5
2024-08-14 11:30:50,501 - INFO - ---------------------------
2024-08-14 11:30:50,501 - INFO - --------------------------------
2024-08-14 11:30:50,502 - INFO - EVALUATE MODEL STAGE STARTING FOR SUBSET 5...
2024-08-14 11:30:50,502 - INFO - --------------------------------
2024-08-14 11:30:50,515 - INFO - ROC AUC Score: 0.5847332015810276
2024-08-14 11:30:50,523 - INFO - Confusion Matrix: 
[[ 26  40]
 [ 64 120]]
2024-08-14 11:30:50,523 - INFO - Precision: 0.75
2024-08-14 11:30:50,524 - INFO - Recall: 0.6521739130434783
2024-08-14 11:30:50,524 - INFO - Model evaluated successfully for subset 5.
2024-08-14 11:30:50,529 - INFO - ------------------------------
2024-08-14 11:30:50,531 - INFO - EVALUATE MODEL STAGE COMPLETED FOR SUBSET 5
2024-08-14 11:30:50,531 - INFO - ------------------------------
2024-08-14 11:30:50,533 - INFO - Subset 6 demographic makeup: 750 1, 131 3, 72 2, 47 4
2024-08-14 11:30:50,534 - INFO - Processing subset 6...
2024-08-14 11:30:50,536 - INFO - -----------------------------
2024-08-14 11:30:50,538 - INFO - TRAIN MODEL STAGE STARTING FOR SUBSET 6...
2024-08-14 11:30:50,539 - INFO - -----------------------------
2024-08-14 11:30:50,551 - INFO - Scaling features and applying LASSO for feature selection...
2024-08-14 11:30:50,804 - INFO - Selected features (including required): ['who', 'RaceEth', 'age', 'is_female', 'is_hispanic', 'unemployed', 'unstableliving', 'education', 'marital', 'UDS_Amphetamine_Count', 'UDS_Benzodiazepine_Count', 'UDS_Buprenorphine_Count', 'UDS_Cocaine_Count', 'UDS_Methadone_Count', 'UDS_Opioid_Count', 'UDS_Sedatives_Count', 'UDS_Thc_Count', 'pain', 'has_schizophrenia', 'has_major_dep', 'has_bipolar', 'has_anx_pan', 'has_brain_damage', 'has_epilepsy', 'has_alcol_dx', 'has_amphetamines_dx', 'has_cannabis_dx', 'has_cocaine_dx', 'has_sedatives_dx', 'ftnd', 'XTRT', 'shared', 'rbsivheroin', 'TLFB_Alcohol_Count', 'TLFB_Amphetamine_Count', 'TLFB_Benzodiazepine_Count', 'TLFB_Buprenorphine_Count', 'TLFB_Cocaine_Count', 'TLFB_Heroin_Count', 'TLFB_Methadone_Count', 'TLFB_Opioid_Count', 'TLFB_THC_Count', 'TLFB_Other', 'Homosexual_Behavior', 'Non_monogamous_Relationships']
2024-08-14 11:30:50,809 - INFO - Fitting logistic regression model with the selected features...
2024-08-14 11:30:51,687 - INFO - Model training completed successfully.
2024-08-14 11:30:51,687 - INFO - Calculating the dynamic threshold based on the proportion of positive outcomes...
2024-08-14 11:30:51,687 - INFO - Ratio of 1s to 0s in the outcome variable: 0.72 : 0.28
2024-08-14 11:30:51,688 - INFO - Dynamic threshold set to: 0.72
2024-08-14 11:30:51,688 - INFO - Model trained and saved successfully for subset 6.
2024-08-14 11:30:51,688 - INFO - ---------------------------
2024-08-14 11:30:51,688 - INFO - TRAIN MODEL STAGE COMPLETED FOR SUBSET 6
2024-08-14 11:30:51,688 - INFO - ---------------------------
2024-08-14 11:30:51,688 - INFO - --------------------------------
2024-08-14 11:30:51,688 - INFO - EVALUATE MODEL STAGE STARTING FOR SUBSET 6...
2024-08-14 11:30:51,688 - INFO - --------------------------------
2024-08-14 11:30:51,713 - INFO - ROC AUC Score: 0.6436507936507936
2024-08-14 11:30:51,713 - INFO - Confusion Matrix: 
[[ 39  31]
 [ 57 123]]
2024-08-14 11:30:51,713 - INFO - Precision: 0.7987012987012987
2024-08-14 11:30:51,714 - INFO - Recall: 0.6833333333333333
2024-08-14 11:30:51,714 - INFO - Model evaluated successfully for subset 6.
2024-08-14 11:30:51,714 - INFO - ------------------------------
2024-08-14 11:30:51,714 - INFO - EVALUATE MODEL STAGE COMPLETED FOR SUBSET 6
2024-08-14 11:30:51,714 - INFO - ------------------------------
2024-08-14 11:30:51,715 - INFO - Subset 7 demographic makeup: 800 1, 105 3, 56 2, 39 4
2024-08-14 11:30:51,715 - INFO - Processing subset 7...
2024-08-14 11:30:51,715 - INFO - -----------------------------
2024-08-14 11:30:51,715 - INFO - TRAIN MODEL STAGE STARTING FOR SUBSET 7...
2024-08-14 11:30:51,715 - INFO - -----------------------------
2024-08-14 11:30:51,722 - INFO - Scaling features and applying LASSO for feature selection...
2024-08-14 11:30:54,244 - INFO - Selected features (including required): ['who', 'RaceEth', 'age', 'is_female', 'is_hispanic', 'unemployed', 'unstableliving', 'education', 'marital', 'UDS_Amphetamine_Count', 'UDS_Benzodiazepine_Count', 'UDS_Buprenorphine_Count', 'UDS_Cocaine_Count', 'UDS_Methadone_Count', 'UDS_Opioid_Count', 'UDS_Sedatives_Count', 'UDS_Thc_Count', 'pain', 'has_schizophrenia', 'has_major_dep', 'has_bipolar', 'has_anx_pan', 'has_brain_damage', 'has_epilepsy', 'has_alcol_dx', 'has_amphetamines_dx', 'has_cannabis_dx', 'has_cocaine_dx', 'has_sedatives_dx', 'ftnd', 'XTRT', 'shared', 'rbsivheroin', 'TLFB_Alcohol_Count', 'TLFB_Amphetamine_Count', 'TLFB_Benzodiazepine_Count', 'TLFB_Buprenorphine_Count', 'TLFB_Cocaine_Count', 'TLFB_Heroin_Count', 'TLFB_Methadone_Count', 'TLFB_Opioid_Count', 'TLFB_THC_Count', 'TLFB_Other', 'Homosexual_Behavior', 'Non_monogamous_Relationships']
2024-08-14 11:30:54,250 - INFO - Fitting logistic regression model with the selected features...
2024-08-14 11:30:55,072 - INFO - Model training completed successfully.
2024-08-14 11:30:55,072 - INFO - Calculating the dynamic threshold based on the proportion of positive outcomes...
2024-08-14 11:30:55,073 - INFO - Ratio of 1s to 0s in the outcome variable: 0.71 : 0.29
2024-08-14 11:30:55,073 - INFO - Dynamic threshold set to: 0.708
2024-08-14 11:30:55,074 - INFO - Model trained and saved successfully for subset 7.
2024-08-14 11:30:55,075 - INFO - ---------------------------
2024-08-14 11:30:55,077 - INFO - TRAIN MODEL STAGE COMPLETED FOR SUBSET 7
2024-08-14 11:30:55,078 - INFO - ---------------------------
2024-08-14 11:30:55,079 - INFO - --------------------------------
2024-08-14 11:30:55,080 - INFO - EVALUATE MODEL STAGE STARTING FOR SUBSET 7...
2024-08-14 11:30:55,080 - INFO - --------------------------------
2024-08-14 11:30:55,105 - INFO - ROC AUC Score: 0.6360188839873075
2024-08-14 11:30:55,106 - INFO - Confusion Matrix: 
[[ 32  41]
 [ 50 127]]
2024-08-14 11:30:55,107 - INFO - Precision: 0.7559523809523809
2024-08-14 11:30:55,110 - INFO - Recall: 0.7175141242937854
2024-08-14 11:30:55,110 - INFO - Model evaluated successfully for subset 7.
2024-08-14 11:30:55,111 - INFO - ------------------------------
2024-08-14 11:30:55,111 - INFO - EVALUATE MODEL STAGE COMPLETED FOR SUBSET 7
2024-08-14 11:30:55,112 - INFO - ------------------------------
2024-08-14 11:30:55,113 - INFO - Subset 8 demographic makeup: 850 1, 80 3, 40 2, 30 4
2024-08-14 11:30:55,113 - INFO - Processing subset 8...
2024-08-14 11:30:55,113 - INFO - -----------------------------
2024-08-14 11:30:55,114 - INFO - TRAIN MODEL STAGE STARTING FOR SUBSET 8...
2024-08-14 11:30:55,114 - INFO - -----------------------------
2024-08-14 11:30:55,124 - INFO - Scaling features and applying LASSO for feature selection...
2024-08-14 11:30:55,407 - INFO - Selected features (including required): ['who', 'RaceEth', 'age', 'is_female', 'is_hispanic', 'unemployed', 'unstableliving', 'education', 'marital', 'UDS_Amphetamine_Count', 'UDS_Benzodiazepine_Count', 'UDS_Buprenorphine_Count', 'UDS_Cocaine_Count', 'UDS_Methadone_Count', 'UDS_Opioid_Count', 'UDS_Sedatives_Count', 'UDS_Thc_Count', 'pain', 'has_schizophrenia', 'has_major_dep', 'has_bipolar', 'has_anx_pan', 'has_brain_damage', 'has_epilepsy', 'has_alcol_dx', 'has_amphetamines_dx', 'has_cannabis_dx', 'has_cocaine_dx', 'has_sedatives_dx', 'ftnd', 'XTRT', 'shared', 'rbsivheroin', 'TLFB_Alcohol_Count', 'TLFB_Amphetamine_Count', 'TLFB_Benzodiazepine_Count', 'TLFB_Buprenorphine_Count', 'TLFB_Cocaine_Count', 'TLFB_Heroin_Count', 'TLFB_Methadone_Count', 'TLFB_Opioid_Count', 'TLFB_THC_Count', 'TLFB_Other', 'Homosexual_Behavior', 'Non_monogamous_Relationships']
2024-08-14 11:30:55,412 - INFO - Fitting logistic regression model with the selected features...
2024-08-14 11:30:55,893 - INFO - Model training completed successfully.
2024-08-14 11:30:55,893 - INFO - Calculating the dynamic threshold based on the proportion of positive outcomes...
2024-08-14 11:30:55,894 - INFO - Ratio of 1s to 0s in the outcome variable: 0.75 : 0.25
2024-08-14 11:30:55,895 - INFO - Dynamic threshold set to: 0.752
2024-08-14 11:30:55,895 - INFO - Model trained and saved successfully for subset 8.
2024-08-14 11:30:55,896 - INFO - ---------------------------
2024-08-14 11:30:55,897 - INFO - TRAIN MODEL STAGE COMPLETED FOR SUBSET 8
2024-08-14 11:30:55,898 - INFO - ---------------------------
2024-08-14 11:30:55,899 - INFO - --------------------------------
2024-08-14 11:30:55,900 - INFO - EVALUATE MODEL STAGE STARTING FOR SUBSET 8...
2024-08-14 11:30:55,900 - INFO - --------------------------------
2024-08-14 11:30:55,923 - INFO - ROC AUC Score: 0.6164207275223061
2024-08-14 11:30:55,923 - INFO - Confusion Matrix: 
[[ 37  25]
 [ 74 114]]
2024-08-14 11:30:55,924 - INFO - Precision: 0.8201438848920863
2024-08-14 11:30:55,924 - INFO - Recall: 0.6063829787234043
2024-08-14 11:30:55,925 - INFO - Model evaluated successfully for subset 8.
2024-08-14 11:30:55,926 - INFO - ------------------------------
2024-08-14 11:30:55,927 - INFO - EVALUATE MODEL STAGE COMPLETED FOR SUBSET 8
2024-08-14 11:30:55,929 - INFO - ------------------------------
2024-08-14 11:30:55,934 - INFO - Subset 9 demographic makeup: 900 1, 48 3, 32 2, 20 4
2024-08-14 11:30:55,935 - INFO - Processing subset 9...
2024-08-14 11:30:55,935 - INFO - -----------------------------
2024-08-14 11:30:55,936 - INFO - TRAIN MODEL STAGE STARTING FOR SUBSET 9...
2024-08-14 11:30:55,937 - INFO - -----------------------------
2024-08-14 11:30:55,954 - INFO - Scaling features and applying LASSO for feature selection...
2024-08-14 11:30:56,826 - INFO - Selected features (including required): ['who', 'RaceEth', 'age', 'is_female', 'is_hispanic', 'unemployed', 'unstableliving', 'education', 'marital', 'UDS_Amphetamine_Count', 'UDS_Benzodiazepine_Count', 'UDS_Buprenorphine_Count', 'UDS_Cocaine_Count', 'UDS_Methadone_Count', 'UDS_Opioid_Count', 'UDS_Sedatives_Count', 'UDS_Thc_Count', 'pain', 'has_schizophrenia', 'has_major_dep', 'has_bipolar', 'has_anx_pan', 'has_brain_damage', 'has_epilepsy', 'has_alcol_dx', 'has_amphetamines_dx', 'has_cannabis_dx', 'has_cocaine_dx', 'has_sedatives_dx', 'ftnd', 'XTRT', 'shared', 'rbsivheroin', 'TLFB_Alcohol_Count', 'TLFB_Amphetamine_Count', 'TLFB_Benzodiazepine_Count', 'TLFB_Buprenorphine_Count', 'TLFB_Cocaine_Count', 'TLFB_Heroin_Count', 'TLFB_Methadone_Count', 'TLFB_Opioid_Count', 'TLFB_THC_Count', 'TLFB_Other', 'Homosexual_Behavior', 'Non_monogamous_Relationships']
2024-08-14 11:30:56,834 - INFO - Fitting logistic regression model with the selected features...
2024-08-14 11:30:57,662 - INFO - Model training completed successfully.
2024-08-14 11:30:57,662 - INFO - Calculating the dynamic threshold based on the proportion of positive outcomes...
2024-08-14 11:30:57,662 - INFO - Ratio of 1s to 0s in the outcome variable: 0.72 : 0.28
2024-08-14 11:30:57,662 - INFO - Dynamic threshold set to: 0.72
2024-08-14 11:30:57,662 - INFO - Model trained and saved successfully for subset 9.
2024-08-14 11:30:57,662 - INFO - ---------------------------
2024-08-14 11:30:57,663 - INFO - TRAIN MODEL STAGE COMPLETED FOR SUBSET 9
2024-08-14 11:30:57,663 - INFO - ---------------------------
2024-08-14 11:30:57,663 - INFO - --------------------------------
2024-08-14 11:30:57,663 - INFO - EVALUATE MODEL STAGE STARTING FOR SUBSET 9...
2024-08-14 11:30:57,663 - INFO - --------------------------------
2024-08-14 11:30:57,675 - INFO - ROC AUC Score: 0.7093650793650794
2024-08-14 11:30:57,675 - INFO - Confusion Matrix: 
[[ 41  29]
 [ 52 128]]
2024-08-14 11:30:57,675 - INFO - Precision: 0.8152866242038217
2024-08-14 11:30:57,675 - INFO - Recall: 0.7111111111111111
2024-08-14 11:30:57,675 - INFO - Model evaluated successfully for subset 9.
2024-08-14 11:30:57,675 - INFO - ------------------------------
2024-08-14 11:30:57,675 - INFO - EVALUATE MODEL STAGE COMPLETED FOR SUBSET 9
2024-08-14 11:30:57,676 - INFO - ------------------------------
2024-08-14 11:30:57,677 - INFO - Subset 10 demographic makeup: 950 1, 25 3, 13 2, 12 4
2024-08-14 11:30:57,677 - INFO - Processing subset 10...
2024-08-14 11:30:57,677 - INFO - -----------------------------
2024-08-14 11:30:57,677 - INFO - TRAIN MODEL STAGE STARTING FOR SUBSET 10...
2024-08-14 11:30:57,677 - INFO - -----------------------------
2024-08-14 11:30:57,683 - INFO - Scaling features and applying LASSO for feature selection...
2024-08-14 11:30:58,505 - INFO - Selected features (including required): ['who', 'RaceEth', 'age', 'is_female', 'is_hispanic', 'unemployed', 'unstableliving', 'education', 'marital', 'UDS_Amphetamine_Count', 'UDS_Benzodiazepine_Count', 'UDS_Buprenorphine_Count', 'UDS_Cocaine_Count', 'UDS_Methadone_Count', 'UDS_Opioid_Count', 'UDS_Sedatives_Count', 'UDS_Thc_Count', 'pain', 'has_schizophrenia', 'has_major_dep', 'has_bipolar', 'has_anx_pan', 'has_brain_damage', 'has_epilepsy', 'has_alcol_dx', 'has_amphetamines_dx', 'has_cannabis_dx', 'has_cocaine_dx', 'has_sedatives_dx', 'ftnd', 'XTRT', 'shared', 'rbsivheroin', 'TLFB_Alcohol_Count', 'TLFB_Amphetamine_Count', 'TLFB_Benzodiazepine_Count', 'TLFB_Buprenorphine_Count', 'TLFB_Cocaine_Count', 'TLFB_Heroin_Count', 'TLFB_Methadone_Count', 'TLFB_Opioid_Count', 'TLFB_THC_Count', 'TLFB_Other', 'Homosexual_Behavior', 'Non_monogamous_Relationships']
2024-08-14 11:30:58,511 - INFO - Fitting logistic regression model with the selected features...
2024-08-14 11:30:58,942 - INFO - Model training completed successfully.
2024-08-14 11:30:58,942 - INFO - Calculating the dynamic threshold based on the proportion of positive outcomes...
2024-08-14 11:30:58,942 - INFO - Ratio of 1s to 0s in the outcome variable: 0.72 : 0.28
2024-08-14 11:30:58,942 - INFO - Dynamic threshold set to: 0.724
2024-08-14 11:30:58,942 - INFO - Model trained and saved successfully for subset 10.
2024-08-14 11:30:58,942 - INFO - ---------------------------
2024-08-14 11:30:58,942 - INFO - TRAIN MODEL STAGE COMPLETED FOR SUBSET 10
2024-08-14 11:30:58,943 - INFO - ---------------------------
2024-08-14 11:30:58,943 - INFO - --------------------------------
2024-08-14 11:30:58,943 - INFO - EVALUATE MODEL STAGE STARTING FOR SUBSET 10...
2024-08-14 11:30:58,943 - INFO - --------------------------------
2024-08-14 11:30:58,956 - INFO - ROC AUC Score: 0.654976379213708
2024-08-14 11:30:58,956 - INFO - Confusion Matrix: 
[[ 39  30]
 [ 62 119]]
2024-08-14 11:30:58,956 - INFO - Precision: 0.7986577181208053
2024-08-14 11:30:58,956 - INFO - Recall: 0.6574585635359116
2024-08-14 11:30:58,956 - INFO - Model evaluated successfully for subset 10.
2024-08-14 11:30:58,956 - INFO - ------------------------------
2024-08-14 11:30:58,957 - INFO - EVALUATE MODEL STAGE COMPLETED FOR SUBSET 10
2024-08-14 11:30:58,957 - INFO - ------------------------------
2024-08-14 11:30:58,957 - INFO - Subset 11 demographic makeup: 1000 1
2024-08-14 11:30:58,958 - INFO - Processing subset 11...
2024-08-14 11:30:58,958 - INFO - -----------------------------
2024-08-14 11:30:58,958 - INFO - TRAIN MODEL STAGE STARTING FOR SUBSET 11...
2024-08-14 11:30:58,958 - INFO - -----------------------------
2024-08-14 11:30:58,967 - INFO - Scaling features and applying LASSO for feature selection...
2024-08-14 11:30:59,314 - INFO - Selected features (including required): ['who', 'age', 'is_female', 'unemployed', 'unstableliving', 'education', 'marital', 'UDS_Amphetamine_Count', 'UDS_Benzodiazepine_Count', 'UDS_Buprenorphine_Count', 'UDS_Cocaine_Count', 'UDS_Methadone_Count', 'UDS_Opioid_Count', 'UDS_Sedatives_Count', 'UDS_Thc_Count', 'pain', 'has_schizophrenia', 'has_major_dep', 'has_bipolar', 'has_anx_pan', 'has_brain_damage', 'has_epilepsy', 'has_alcol_dx', 'has_amphetamines_dx', 'has_cannabis_dx', 'has_cocaine_dx', 'has_sedatives_dx', 'ftnd', 'XTRT', 'shared', 'rbsivheroin', 'TLFB_Alcohol_Count', 'TLFB_Amphetamine_Count', 'TLFB_Benzodiazepine_Count', 'TLFB_Buprenorphine_Count', 'TLFB_Cocaine_Count', 'TLFB_Heroin_Count', 'TLFB_Methadone_Count', 'TLFB_Opioid_Count', 'TLFB_THC_Count', 'TLFB_Other', 'Homosexual_Behavior', 'Non_monogamous_Relationships']
2024-08-14 11:30:59,319 - INFO - Fitting logistic regression model with the selected features...
2024-08-14 11:31:00,228 - INFO - Model training completed successfully.
2024-08-14 11:31:00,229 - INFO - Calculating the dynamic threshold based on the proportion of positive outcomes...
2024-08-14 11:31:00,229 - INFO - Ratio of 1s to 0s in the outcome variable: 0.72 : 0.28
2024-08-14 11:31:00,229 - INFO - Dynamic threshold set to: 0.724
2024-08-14 11:31:00,229 - INFO - Model trained and saved successfully for subset 11.
2024-08-14 11:31:00,229 - INFO - ---------------------------
2024-08-14 11:31:00,229 - INFO - TRAIN MODEL STAGE COMPLETED FOR SUBSET 11
2024-08-14 11:31:00,229 - INFO - ---------------------------
2024-08-14 11:31:00,229 - INFO - --------------------------------
2024-08-14 11:31:00,229 - INFO - EVALUATE MODEL STAGE STARTING FOR SUBSET 11...
2024-08-14 11:31:00,230 - INFO - --------------------------------
2024-08-14 11:31:00,243 - INFO - ROC AUC Score: 0.6332772840099288
2024-08-14 11:31:00,243 - INFO - Confusion Matrix: 
[[ 34  35]
 [ 49 132]]
2024-08-14 11:31:00,243 - INFO - Precision: 0.7904191616766467
2024-08-14 11:31:00,243 - INFO - Recall: 0.7292817679558011
2024-08-14 11:31:00,243 - INFO - Model evaluated successfully for subset 11.
2024-08-14 11:31:00,243 - INFO - ------------------------------
2024-08-14 11:31:00,243 - INFO - EVALUATE MODEL STAGE COMPLETED FOR SUBSET 11
2024-08-14 11:31:00,243 - INFO - ------------------------------
2024-08-14 11:31:00,244 - INFO - ------------------
2024-08-14 11:31:00,244 - INFO - PIPELINE COMPLETED
2024-08-14 11:31:00,244 - INFO - ------------------
