2024-08-14 11:35:32,299 - INFO - Global Seed set to: 2
2024-08-14 11:35:32,299 - INFO - Outcome Name: Ab_krupitskyA_2011
2024-08-14 11:35:32,347 - INFO - Datasets loaded successfully.
2024-08-14 11:35:32,356 - INFO - Starting preprocessing of the merged dataset...
2024-08-14 11:35:32,356 - INFO - ---------------------------------
2024-08-14 11:35:32,356 - INFO - PRE-PROCESSING STAGE STARTING...
2024-08-14 11:35:32,357 - INFO - ---------------------------------
2024-08-14 11:35:32,451 - INFO - Dropped initial columns: ['pain_when', 'is_smoker', 'per_day', 'max', 'amount', 'depression', 'anxiety', 'schizophrenia', 'max', 'amount', 'cocaine_inject_days', 'speedball_inject_days', 'opioid_inject_days', 'speed_inject_days', 'UDS_Alcohol_Count', 'UDS_Mdma/Hallucinogen_Count']
2024-08-14 11:35:32,490 - INFO - Converted Yes/No to binary.
2024-08-14 11:35:32,497 - INFO - Processed TLFB columns with specified columns: ['TLFB_Alcohol_Count', 'TLFB_Amphetamine_Count', 'TLFB_Cocaine_Count', 'TLFB_Heroin_Count', 'TLFB_Benzodiazepine_Count', 'TLFB_Opioid_Count', 'TLFB_THC_Count', 'TLFB_Methadone_Count', 'TLFB_Buprenorphine_Count']
2024-08-14 11:35:32,499 - INFO - Calculated behavioral columns.
2024-08-14 11:35:32,502 - INFO - Moved 'Ab_krupitskyA_2011' column to the end.
2024-08-14 11:35:32,595 - INFO - Dropped initial columns: ['msm_npt', 'msm_frq', 'txx_prt']
2024-08-14 11:35:32,621 - INFO - transform_data_with_nan_handling success
2024-08-14 11:35:32,622 - INFO - Renamed columns according to the mapping.
2024-08-14 11:35:32,649 - INFO - Transformed NaN to 0 for binary columns.
2024-08-14 11:35:32,650 - INFO - Transformed and renamed 'heroin_inject_days' column to 'rbsivheroin'.
2024-08-14 11:35:32,651 - INFO - Filled NaN with 0 for 'ftnd' column.
2024-08-14 11:35:32,741 - INFO - Dropped additional columns: ['rbs_iv_days', 'race', 'RBS_cocaine_Days', 'RBS_heroin_Days', 'RBS_opioid_Days', 'RBS_speed_Days', 'RBS_speedball_Days']
2024-08-14 11:35:32,760 - INFO - Converted UDS drug counts to binary.
2024-08-14 11:35:32,825 - INFO - ------------------------------
2024-08-14 11:35:32,825 - INFO - PRE-PROCESSING STAGE COMPLETED
2024-08-14 11:35:32,825 - INFO - ------------------------------
2024-08-14 11:35:32,825 - INFO - Merged dataset preprocessed successfully.
2024-08-14 11:35:32,826 - INFO - Creating demographic subsets from preprocessed data...
2024-08-14 11:35:41,159 - INFO - Created 11 subsets successfully.
2024-08-14 11:35:41,160 - INFO - Creating merged subsets from create_demographics_dfs function
2024-08-14 11:35:41,270 - INFO - Created 11 merged subsets successfully.
2024-08-14 11:35:41,271 - INFO - Subset 1 demographic makeup: 500 1, 242 3, 158 2, 100 4
2024-08-14 11:35:41,271 - INFO - Processing subset 1...
2024-08-14 11:35:41,271 - INFO - -----------------------------
2024-08-14 11:35:41,272 - INFO - TRAIN MODEL STAGE STARTING FOR SUBSET 1...
2024-08-14 11:35:41,272 - INFO - -----------------------------
2024-08-14 11:35:41,277 - INFO - Scaling features and applying LASSO for feature selection...
2024-08-14 11:35:47,920 - INFO - Selected features (including required): ['who', 'RaceEth', 'age', 'is_female', 'is_hispanic', 'unemployed', 'unstableliving', 'education', 'marital', 'UDS_Amphetamine_Count', 'UDS_Benzodiazepine_Count', 'UDS_Buprenorphine_Count', 'UDS_Cocaine_Count', 'UDS_Methadone_Count', 'UDS_Opioid_Count', 'UDS_Sedatives_Count', 'UDS_Thc_Count', 'pain', 'has_schizophrenia', 'has_major_dep', 'has_bipolar', 'has_anx_pan', 'has_brain_damage', 'has_epilepsy', 'has_alcol_dx', 'has_amphetamines_dx', 'has_cannabis_dx', 'has_cocaine_dx', 'has_sedatives_dx', 'ftnd', 'XTRT', 'shared', 'rbsivheroin', 'TLFB_Alcohol_Count', 'TLFB_Amphetamine_Count', 'TLFB_Benzodiazepine_Count', 'TLFB_Buprenorphine_Count', 'TLFB_Cocaine_Count', 'TLFB_Heroin_Count', 'TLFB_Methadone_Count', 'TLFB_Opioid_Count', 'TLFB_THC_Count', 'TLFB_Other', 'Homosexual_Behavior', 'Non_monogamous_Relationships']
2024-08-14 11:35:47,926 - INFO - Fitting logistic regression model with the selected features...
2024-08-14 11:35:48,757 - INFO - Model training completed successfully.
2024-08-14 11:35:48,758 - INFO - Calculating the dynamic threshold based on the proportion of positive outcomes...
2024-08-14 11:35:48,760 - INFO - Ratio of 1s to 0s in the outcome variable: 0.04 : 0.96
2024-08-14 11:35:48,761 - INFO - Dynamic threshold set to: 0.04
2024-08-14 11:35:48,764 - INFO - Model trained and saved successfully for subset 1.
2024-08-14 11:35:48,765 - INFO - ---------------------------
2024-08-14 11:35:48,767 - INFO - TRAIN MODEL STAGE COMPLETED FOR SUBSET 1
2024-08-14 11:35:48,773 - INFO - ---------------------------
2024-08-14 11:35:48,773 - INFO - --------------------------------
2024-08-14 11:35:48,774 - INFO - EVALUATE MODEL STAGE STARTING FOR SUBSET 1...
2024-08-14 11:35:48,774 - INFO - --------------------------------
2024-08-14 11:35:48,800 - INFO - ROC AUC Score: 0.6141666666666667
2024-08-14 11:35:48,800 - INFO - Confusion Matrix: 
[[142  98]
 [  5   5]]
2024-08-14 11:35:48,801 - INFO - Precision: 0.04854368932038835
2024-08-14 11:35:48,801 - INFO - Recall: 0.5
2024-08-14 11:35:48,801 - INFO - Model evaluated successfully for subset 1.
2024-08-14 11:35:48,801 - INFO - ------------------------------
2024-08-14 11:35:48,802 - INFO - EVALUATE MODEL STAGE COMPLETED FOR SUBSET 1
2024-08-14 11:35:48,804 - INFO - ------------------------------
2024-08-14 11:35:48,807 - INFO - Subset 2 demographic makeup: 550 1, 213 3, 147 2, 90 4
2024-08-14 11:35:48,810 - INFO - Processing subset 2...
2024-08-14 11:35:48,813 - INFO - -----------------------------
2024-08-14 11:35:48,813 - INFO - TRAIN MODEL STAGE STARTING FOR SUBSET 2...
2024-08-14 11:35:48,814 - INFO - -----------------------------
2024-08-14 11:35:48,831 - INFO - Scaling features and applying LASSO for feature selection...
2024-08-14 11:35:55,547 - INFO - Selected features (including required): ['who', 'RaceEth', 'age', 'is_female', 'is_hispanic', 'unemployed', 'unstableliving', 'education', 'marital', 'UDS_Amphetamine_Count', 'UDS_Benzodiazepine_Count', 'UDS_Buprenorphine_Count', 'UDS_Cocaine_Count', 'UDS_Methadone_Count', 'UDS_Opioid_Count', 'UDS_Sedatives_Count', 'UDS_Thc_Count', 'pain', 'has_schizophrenia', 'has_major_dep', 'has_bipolar', 'has_anx_pan', 'has_brain_damage', 'has_epilepsy', 'has_alcol_dx', 'has_amphetamines_dx', 'has_cannabis_dx', 'has_cocaine_dx', 'has_sedatives_dx', 'ftnd', 'XTRT', 'shared', 'rbsivheroin', 'TLFB_Alcohol_Count', 'TLFB_Amphetamine_Count', 'TLFB_Benzodiazepine_Count', 'TLFB_Buprenorphine_Count', 'TLFB_Cocaine_Count', 'TLFB_Heroin_Count', 'TLFB_Methadone_Count', 'TLFB_Opioid_Count', 'TLFB_THC_Count', 'TLFB_Other', 'Homosexual_Behavior', 'Non_monogamous_Relationships']
2024-08-14 11:35:55,552 - INFO - Fitting logistic regression model with the selected features...
2024-08-14 11:35:56,554 - INFO - Model training completed successfully.
2024-08-14 11:35:56,554 - INFO - Calculating the dynamic threshold based on the proportion of positive outcomes...
2024-08-14 11:35:56,555 - INFO - Ratio of 1s to 0s in the outcome variable: 0.04 : 0.96
2024-08-14 11:35:56,555 - INFO - Dynamic threshold set to: 0.044
2024-08-14 11:35:56,555 - INFO - Model trained and saved successfully for subset 2.
2024-08-14 11:35:56,555 - INFO - ---------------------------
2024-08-14 11:35:56,555 - INFO - TRAIN MODEL STAGE COMPLETED FOR SUBSET 2
2024-08-14 11:35:56,555 - INFO - ---------------------------
2024-08-14 11:35:56,555 - INFO - --------------------------------
2024-08-14 11:35:56,555 - INFO - EVALUATE MODEL STAGE STARTING FOR SUBSET 2...
2024-08-14 11:35:56,555 - INFO - --------------------------------
2024-08-14 11:35:56,567 - INFO - ROC AUC Score: 0.5332826169646254
2024-08-14 11:35:56,568 - INFO - Confusion Matrix: 
[[143  96]
 [  7   4]]
2024-08-14 11:35:56,568 - INFO - Precision: 0.04
2024-08-14 11:35:56,568 - INFO - Recall: 0.36363636363636365
2024-08-14 11:35:56,568 - INFO - Model evaluated successfully for subset 2.
2024-08-14 11:35:56,568 - INFO - ------------------------------
2024-08-14 11:35:56,568 - INFO - EVALUATE MODEL STAGE COMPLETED FOR SUBSET 2
2024-08-14 11:35:56,568 - INFO - ------------------------------
2024-08-14 11:35:56,569 - INFO - Subset 3 demographic makeup: 600 1, 188 3, 136 2, 76 4
2024-08-14 11:35:56,569 - INFO - Processing subset 3...
2024-08-14 11:35:56,573 - INFO - -----------------------------
2024-08-14 11:35:56,573 - INFO - TRAIN MODEL STAGE STARTING FOR SUBSET 3...
2024-08-14 11:35:56,573 - INFO - -----------------------------
2024-08-14 11:35:56,583 - INFO - Scaling features and applying LASSO for feature selection...
2024-08-14 11:36:03,057 - INFO - Selected features (including required): ['who', 'RaceEth', 'age', 'is_female', 'is_hispanic', 'unemployed', 'unstableliving', 'education', 'marital', 'UDS_Amphetamine_Count', 'UDS_Benzodiazepine_Count', 'UDS_Buprenorphine_Count', 'UDS_Cocaine_Count', 'UDS_Methadone_Count', 'UDS_Opioid_Count', 'UDS_Sedatives_Count', 'UDS_Thc_Count', 'pain', 'has_schizophrenia', 'has_major_dep', 'has_bipolar', 'has_anx_pan', 'has_brain_damage', 'has_epilepsy', 'has_alcol_dx', 'has_amphetamines_dx', 'has_cannabis_dx', 'has_cocaine_dx', 'has_sedatives_dx', 'ftnd', 'XTRT', 'shared', 'rbsivheroin', 'TLFB_Alcohol_Count', 'TLFB_Amphetamine_Count', 'TLFB_Benzodiazepine_Count', 'TLFB_Buprenorphine_Count', 'TLFB_Cocaine_Count', 'TLFB_Heroin_Count', 'TLFB_Methadone_Count', 'TLFB_Opioid_Count', 'TLFB_THC_Count', 'TLFB_Other', 'Homosexual_Behavior', 'Non_monogamous_Relationships']
2024-08-14 11:36:03,062 - INFO - Fitting logistic regression model with the selected features...
2024-08-14 11:36:03,941 - INFO - Model training completed successfully.
2024-08-14 11:36:03,941 - INFO - Calculating the dynamic threshold based on the proportion of positive outcomes...
2024-08-14 11:36:03,942 - INFO - Ratio of 1s to 0s in the outcome variable: 0.03 : 0.97
2024-08-14 11:36:03,942 - INFO - Dynamic threshold set to: 0.028
2024-08-14 11:36:03,942 - INFO - Model trained and saved successfully for subset 3.
2024-08-14 11:36:03,942 - INFO - ---------------------------
2024-08-14 11:36:03,942 - INFO - TRAIN MODEL STAGE COMPLETED FOR SUBSET 3
2024-08-14 11:36:03,942 - INFO - ---------------------------
2024-08-14 11:36:03,942 - INFO - --------------------------------
2024-08-14 11:36:03,942 - INFO - EVALUATE MODEL STAGE STARTING FOR SUBSET 3...
2024-08-14 11:36:03,942 - INFO - --------------------------------
2024-08-14 11:36:03,961 - INFO - ROC AUC Score: 0.5920047031158142
2024-08-14 11:36:03,962 - INFO - Confusion Matrix: 
[[109 134]
 [  2   5]]
2024-08-14 11:36:03,962 - INFO - Precision: 0.03597122302158273
2024-08-14 11:36:03,962 - INFO - Recall: 0.7142857142857143
2024-08-14 11:36:03,962 - INFO - Model evaluated successfully for subset 3.
2024-08-14 11:36:03,962 - INFO - ------------------------------
2024-08-14 11:36:03,962 - INFO - EVALUATE MODEL STAGE COMPLETED FOR SUBSET 3
2024-08-14 11:36:03,962 - INFO - ------------------------------
2024-08-14 11:36:03,963 - INFO - Subset 4 demographic makeup: 650 1, 164 3, 120 2, 66 4
2024-08-14 11:36:03,963 - INFO - Processing subset 4...
2024-08-14 11:36:03,963 - INFO - -----------------------------
2024-08-14 11:36:03,963 - INFO - TRAIN MODEL STAGE STARTING FOR SUBSET 4...
2024-08-14 11:36:03,963 - INFO - -----------------------------
2024-08-14 11:36:03,969 - INFO - Scaling features and applying LASSO for feature selection...
2024-08-14 11:36:09,351 - INFO - Selected features (including required): ['who', 'RaceEth', 'age', 'is_female', 'is_hispanic', 'unemployed', 'unstableliving', 'education', 'marital', 'UDS_Amphetamine_Count', 'UDS_Benzodiazepine_Count', 'UDS_Buprenorphine_Count', 'UDS_Cocaine_Count', 'UDS_Methadone_Count', 'UDS_Opioid_Count', 'UDS_Sedatives_Count', 'UDS_Thc_Count', 'pain', 'has_schizophrenia', 'has_major_dep', 'has_bipolar', 'has_anx_pan', 'has_brain_damage', 'has_epilepsy', 'has_alcol_dx', 'has_amphetamines_dx', 'has_cannabis_dx', 'has_cocaine_dx', 'has_sedatives_dx', 'ftnd', 'XTRT', 'shared', 'rbsivheroin', 'TLFB_Alcohol_Count', 'TLFB_Amphetamine_Count', 'TLFB_Benzodiazepine_Count', 'TLFB_Buprenorphine_Count', 'TLFB_Cocaine_Count', 'TLFB_Heroin_Count', 'TLFB_Methadone_Count', 'TLFB_Opioid_Count', 'TLFB_THC_Count', 'TLFB_Other', 'Homosexual_Behavior', 'Non_monogamous_Relationships']
2024-08-14 11:36:09,356 - INFO - Fitting logistic regression model with the selected features...
2024-08-14 11:36:10,085 - INFO - Model training completed successfully.
2024-08-14 11:36:10,085 - INFO - Calculating the dynamic threshold based on the proportion of positive outcomes...
2024-08-14 11:36:10,085 - INFO - Ratio of 1s to 0s in the outcome variable: 0.05 : 0.95
2024-08-14 11:36:10,085 - INFO - Dynamic threshold set to: 0.048
2024-08-14 11:36:10,085 - INFO - Model trained and saved successfully for subset 4.
2024-08-14 11:36:10,085 - INFO - ---------------------------
2024-08-14 11:36:10,085 - INFO - TRAIN MODEL STAGE COMPLETED FOR SUBSET 4
2024-08-14 11:36:10,086 - INFO - ---------------------------
2024-08-14 11:36:10,086 - INFO - --------------------------------
2024-08-14 11:36:10,086 - INFO - EVALUATE MODEL STAGE STARTING FOR SUBSET 4...
2024-08-14 11:36:10,086 - INFO - --------------------------------
2024-08-14 11:36:10,098 - INFO - ROC AUC Score: 0.5182072829131652
2024-08-14 11:36:10,098 - INFO - Confusion Matrix: 
[[178  60]
 [  9   3]]
2024-08-14 11:36:10,099 - INFO - Precision: 0.047619047619047616
2024-08-14 11:36:10,099 - INFO - Recall: 0.25
2024-08-14 11:36:10,099 - INFO - Model evaluated successfully for subset 4.
2024-08-14 11:36:10,099 - INFO - ------------------------------
2024-08-14 11:36:10,099 - INFO - EVALUATE MODEL STAGE COMPLETED FOR SUBSET 4
2024-08-14 11:36:10,099 - INFO - ------------------------------
2024-08-14 11:36:10,100 - INFO - Subset 5 demographic makeup: 700 1, 142 3, 104 2, 54 4
2024-08-14 11:36:10,100 - INFO - Processing subset 5...
2024-08-14 11:36:10,100 - INFO - -----------------------------
2024-08-14 11:36:10,100 - INFO - TRAIN MODEL STAGE STARTING FOR SUBSET 5...
2024-08-14 11:36:10,100 - INFO - -----------------------------
2024-08-14 11:36:10,108 - INFO - Scaling features and applying LASSO for feature selection...
2024-08-14 11:36:15,442 - INFO - Selected features (including required): ['who', 'RaceEth', 'age', 'is_female', 'is_hispanic', 'unemployed', 'unstableliving', 'education', 'marital', 'UDS_Amphetamine_Count', 'UDS_Benzodiazepine_Count', 'UDS_Buprenorphine_Count', 'UDS_Cocaine_Count', 'UDS_Methadone_Count', 'UDS_Opioid_Count', 'UDS_Sedatives_Count', 'UDS_Thc_Count', 'pain', 'has_schizophrenia', 'has_major_dep', 'has_bipolar', 'has_anx_pan', 'has_brain_damage', 'has_epilepsy', 'has_alcol_dx', 'has_amphetamines_dx', 'has_cannabis_dx', 'has_cocaine_dx', 'has_sedatives_dx', 'ftnd', 'XTRT', 'shared', 'rbsivheroin', 'TLFB_Alcohol_Count', 'TLFB_Amphetamine_Count', 'TLFB_Benzodiazepine_Count', 'TLFB_Buprenorphine_Count', 'TLFB_Cocaine_Count', 'TLFB_Heroin_Count', 'TLFB_Methadone_Count', 'TLFB_Opioid_Count', 'TLFB_THC_Count', 'TLFB_Other', 'Homosexual_Behavior', 'Non_monogamous_Relationships']
2024-08-14 11:36:15,447 - INFO - Fitting logistic regression model with the selected features...
2024-08-14 11:36:16,389 - INFO - Model training completed successfully.
2024-08-14 11:36:16,390 - INFO - Calculating the dynamic threshold based on the proportion of positive outcomes...
2024-08-14 11:36:16,390 - INFO - Ratio of 1s to 0s in the outcome variable: 0.04 : 0.96
2024-08-14 11:36:16,391 - INFO - Dynamic threshold set to: 0.04
2024-08-14 11:36:16,391 - INFO - Model trained and saved successfully for subset 5.
2024-08-14 11:36:16,392 - INFO - ---------------------------
2024-08-14 11:36:16,395 - INFO - TRAIN MODEL STAGE COMPLETED FOR SUBSET 5
2024-08-14 11:36:16,397 - INFO - ---------------------------
2024-08-14 11:36:16,397 - INFO - --------------------------------
2024-08-14 11:36:16,398 - INFO - EVALUATE MODEL STAGE STARTING FOR SUBSET 5...
2024-08-14 11:36:16,398 - INFO - --------------------------------
2024-08-14 11:36:16,439 - INFO - ROC AUC Score: 0.5895833333333333
2024-08-14 11:36:16,440 - INFO - Confusion Matrix: 
[[166  74]
 [  6   4]]
2024-08-14 11:36:16,441 - INFO - Precision: 0.05128205128205128
2024-08-14 11:36:16,442 - INFO - Recall: 0.4
2024-08-14 11:36:16,443 - INFO - Model evaluated successfully for subset 5.
2024-08-14 11:36:16,446 - INFO - ------------------------------
2024-08-14 11:36:16,447 - INFO - EVALUATE MODEL STAGE COMPLETED FOR SUBSET 5
2024-08-14 11:36:16,447 - INFO - ------------------------------
2024-08-14 11:36:16,449 - INFO - Subset 6 demographic makeup: 750 1, 114 3, 88 2, 48 4
2024-08-14 11:36:16,451 - INFO - Processing subset 6...
2024-08-14 11:36:16,464 - INFO - -----------------------------
2024-08-14 11:36:16,483 - INFO - TRAIN MODEL STAGE STARTING FOR SUBSET 6...
2024-08-14 11:36:16,508 - INFO - -----------------------------
2024-08-14 11:36:16,577 - INFO - Scaling features and applying LASSO for feature selection...
2024-08-14 11:36:22,067 - INFO - Selected features (including required): ['who', 'RaceEth', 'age', 'is_female', 'is_hispanic', 'unemployed', 'unstableliving', 'education', 'marital', 'UDS_Amphetamine_Count', 'UDS_Benzodiazepine_Count', 'UDS_Buprenorphine_Count', 'UDS_Cocaine_Count', 'UDS_Methadone_Count', 'UDS_Opioid_Count', 'UDS_Sedatives_Count', 'UDS_Thc_Count', 'pain', 'has_schizophrenia', 'has_major_dep', 'has_bipolar', 'has_anx_pan', 'has_brain_damage', 'has_epilepsy', 'has_alcol_dx', 'has_amphetamines_dx', 'has_cannabis_dx', 'has_cocaine_dx', 'has_sedatives_dx', 'ftnd', 'XTRT', 'shared', 'rbsivheroin', 'TLFB_Alcohol_Count', 'TLFB_Amphetamine_Count', 'TLFB_Benzodiazepine_Count', 'TLFB_Buprenorphine_Count', 'TLFB_Cocaine_Count', 'TLFB_Heroin_Count', 'TLFB_Methadone_Count', 'TLFB_Opioid_Count', 'TLFB_THC_Count', 'TLFB_Other', 'Homosexual_Behavior', 'Non_monogamous_Relationships']
2024-08-14 11:36:22,072 - INFO - Fitting logistic regression model with the selected features...
2024-08-14 11:36:23,063 - INFO - Model training completed successfully.
2024-08-14 11:36:23,064 - INFO - Calculating the dynamic threshold based on the proportion of positive outcomes...
2024-08-14 11:36:23,064 - INFO - Ratio of 1s to 0s in the outcome variable: 0.06 : 0.94
2024-08-14 11:36:23,064 - INFO - Dynamic threshold set to: 0.06
2024-08-14 11:36:23,064 - INFO - Model trained and saved successfully for subset 6.
2024-08-14 11:36:23,065 - INFO - ---------------------------
2024-08-14 11:36:23,065 - INFO - TRAIN MODEL STAGE COMPLETED FOR SUBSET 6
2024-08-14 11:36:23,065 - INFO - ---------------------------
2024-08-14 11:36:23,065 - INFO - --------------------------------
2024-08-14 11:36:23,065 - INFO - EVALUATE MODEL STAGE STARTING FOR SUBSET 6...
2024-08-14 11:36:23,065 - INFO - --------------------------------
2024-08-14 11:36:23,079 - INFO - ROC AUC Score: 0.6411347517730497
2024-08-14 11:36:23,079 - INFO - Confusion Matrix: 
[[186  49]
 [ 10   5]]
2024-08-14 11:36:23,080 - INFO - Precision: 0.09259259259259259
2024-08-14 11:36:23,080 - INFO - Recall: 0.3333333333333333
2024-08-14 11:36:23,080 - INFO - Model evaluated successfully for subset 6.
2024-08-14 11:36:23,081 - INFO - ------------------------------
2024-08-14 11:36:23,081 - INFO - EVALUATE MODEL STAGE COMPLETED FOR SUBSET 6
2024-08-14 11:36:23,081 - INFO - ------------------------------
2024-08-14 11:36:23,083 - INFO - Subset 7 demographic makeup: 800 1, 87 3, 71 2, 42 4
2024-08-14 11:36:23,083 - INFO - Processing subset 7...
2024-08-14 11:36:23,083 - INFO - -----------------------------
2024-08-14 11:36:23,083 - INFO - TRAIN MODEL STAGE STARTING FOR SUBSET 7...
2024-08-14 11:36:23,083 - INFO - -----------------------------
2024-08-14 11:36:23,091 - INFO - Scaling features and applying LASSO for feature selection...
2024-08-14 11:36:29,585 - INFO - Selected features (including required): ['who', 'RaceEth', 'age', 'is_female', 'is_hispanic', 'unemployed', 'unstableliving', 'education', 'marital', 'UDS_Amphetamine_Count', 'UDS_Benzodiazepine_Count', 'UDS_Buprenorphine_Count', 'UDS_Cocaine_Count', 'UDS_Methadone_Count', 'UDS_Opioid_Count', 'UDS_Sedatives_Count', 'UDS_Thc_Count', 'pain', 'has_schizophrenia', 'has_major_dep', 'has_bipolar', 'has_anx_pan', 'has_brain_damage', 'has_epilepsy', 'has_alcol_dx', 'has_amphetamines_dx', 'has_cannabis_dx', 'has_cocaine_dx', 'has_sedatives_dx', 'ftnd', 'XTRT', 'shared', 'rbsivheroin', 'TLFB_Alcohol_Count', 'TLFB_Amphetamine_Count', 'TLFB_Benzodiazepine_Count', 'TLFB_Buprenorphine_Count', 'TLFB_Cocaine_Count', 'TLFB_Heroin_Count', 'TLFB_Methadone_Count', 'TLFB_Opioid_Count', 'TLFB_THC_Count', 'TLFB_Other', 'Homosexual_Behavior', 'Non_monogamous_Relationships']
2024-08-14 11:36:29,592 - INFO - Fitting logistic regression model with the selected features...
2024-08-14 11:36:30,761 - INFO - Model training completed successfully.
2024-08-14 11:36:30,761 - INFO - Calculating the dynamic threshold based on the proportion of positive outcomes...
2024-08-14 11:36:30,762 - INFO - Ratio of 1s to 0s in the outcome variable: 0.04 : 0.96
2024-08-14 11:36:30,762 - INFO - Dynamic threshold set to: 0.04
2024-08-14 11:36:30,762 - INFO - Model trained and saved successfully for subset 7.
2024-08-14 11:36:30,762 - INFO - ---------------------------
2024-08-14 11:36:30,762 - INFO - TRAIN MODEL STAGE COMPLETED FOR SUBSET 7
2024-08-14 11:36:30,762 - INFO - ---------------------------
2024-08-14 11:36:30,762 - INFO - --------------------------------
2024-08-14 11:36:30,762 - INFO - EVALUATE MODEL STAGE STARTING FOR SUBSET 7...
2024-08-14 11:36:30,762 - INFO - --------------------------------
2024-08-14 11:36:30,776 - INFO - ROC AUC Score: 0.6883333333333334
2024-08-14 11:36:30,777 - INFO - Confusion Matrix: 
[[152  88]
 [  3   7]]
2024-08-14 11:36:30,777 - INFO - Precision: 0.07368421052631578
2024-08-14 11:36:30,777 - INFO - Recall: 0.7
2024-08-14 11:36:30,777 - INFO - Model evaluated successfully for subset 7.
2024-08-14 11:36:30,777 - INFO - ------------------------------
2024-08-14 11:36:30,777 - INFO - EVALUATE MODEL STAGE COMPLETED FOR SUBSET 7
2024-08-14 11:36:30,777 - INFO - ------------------------------
2024-08-14 11:36:30,779 - INFO - Subset 8 demographic makeup: 850 1, 66 3, 53 2, 31 4
2024-08-14 11:36:30,779 - INFO - Processing subset 8...
2024-08-14 11:36:30,779 - INFO - -----------------------------
2024-08-14 11:36:30,779 - INFO - TRAIN MODEL STAGE STARTING FOR SUBSET 8...
2024-08-14 11:36:30,779 - INFO - -----------------------------
2024-08-14 11:36:30,785 - INFO - Scaling features and applying LASSO for feature selection...
2024-08-14 11:36:34,639 - INFO - Selected features (including required): ['who', 'RaceEth', 'age', 'is_female', 'is_hispanic', 'unemployed', 'unstableliving', 'education', 'marital', 'UDS_Amphetamine_Count', 'UDS_Benzodiazepine_Count', 'UDS_Buprenorphine_Count', 'UDS_Cocaine_Count', 'UDS_Methadone_Count', 'UDS_Opioid_Count', 'UDS_Sedatives_Count', 'UDS_Thc_Count', 'pain', 'has_schizophrenia', 'has_major_dep', 'has_bipolar', 'has_anx_pan', 'has_brain_damage', 'has_epilepsy', 'has_alcol_dx', 'has_amphetamines_dx', 'has_cannabis_dx', 'has_cocaine_dx', 'has_sedatives_dx', 'ftnd', 'XTRT', 'shared', 'rbsivheroin', 'TLFB_Alcohol_Count', 'TLFB_Amphetamine_Count', 'TLFB_Benzodiazepine_Count', 'TLFB_Buprenorphine_Count', 'TLFB_Cocaine_Count', 'TLFB_Heroin_Count', 'TLFB_Methadone_Count', 'TLFB_Opioid_Count', 'TLFB_THC_Count', 'TLFB_Other', 'Homosexual_Behavior', 'Non_monogamous_Relationships']
2024-08-14 11:36:34,645 - INFO - Fitting logistic regression model with the selected features...
2024-08-14 11:36:35,414 - INFO - Model training completed successfully.
2024-08-14 11:36:35,415 - INFO - Calculating the dynamic threshold based on the proportion of positive outcomes...
2024-08-14 11:36:35,415 - INFO - Ratio of 1s to 0s in the outcome variable: 0.07 : 0.93
2024-08-14 11:36:35,415 - INFO - Dynamic threshold set to: 0.068
2024-08-14 11:36:35,415 - INFO - Model trained and saved successfully for subset 8.
2024-08-14 11:36:35,415 - INFO - ---------------------------
2024-08-14 11:36:35,415 - INFO - TRAIN MODEL STAGE COMPLETED FOR SUBSET 8
2024-08-14 11:36:35,415 - INFO - ---------------------------
2024-08-14 11:36:35,415 - INFO - --------------------------------
2024-08-14 11:36:35,415 - INFO - EVALUATE MODEL STAGE STARTING FOR SUBSET 8...
2024-08-14 11:36:35,415 - INFO - --------------------------------
2024-08-14 11:36:35,428 - INFO - ROC AUC Score: 0.5639989901540015
2024-08-14 11:36:35,429 - INFO - Confusion Matrix: 
[[191  42]
 [ 12   5]]
2024-08-14 11:36:35,429 - INFO - Precision: 0.10638297872340426
2024-08-14 11:36:35,429 - INFO - Recall: 0.29411764705882354
2024-08-14 11:36:35,429 - INFO - Model evaluated successfully for subset 8.
2024-08-14 11:36:35,431 - INFO - ------------------------------
2024-08-14 11:36:35,431 - INFO - EVALUATE MODEL STAGE COMPLETED FOR SUBSET 8
2024-08-14 11:36:35,431 - INFO - ------------------------------
2024-08-14 11:36:35,432 - INFO - Subset 9 demographic makeup: 900 1, 45 3, 34 2, 21 4
2024-08-14 11:36:35,433 - INFO - Processing subset 9...
2024-08-14 11:36:35,433 - INFO - -----------------------------
2024-08-14 11:36:35,433 - INFO - TRAIN MODEL STAGE STARTING FOR SUBSET 9...
2024-08-14 11:36:35,433 - INFO - -----------------------------
2024-08-14 11:36:35,441 - INFO - Scaling features and applying LASSO for feature selection...
2024-08-14 11:36:39,286 - INFO - Selected features (including required): ['who', 'RaceEth', 'age', 'is_female', 'is_hispanic', 'unemployed', 'unstableliving', 'education', 'marital', 'UDS_Amphetamine_Count', 'UDS_Benzodiazepine_Count', 'UDS_Buprenorphine_Count', 'UDS_Cocaine_Count', 'UDS_Methadone_Count', 'UDS_Opioid_Count', 'UDS_Sedatives_Count', 'UDS_Thc_Count', 'pain', 'has_schizophrenia', 'has_major_dep', 'has_bipolar', 'has_anx_pan', 'has_brain_damage', 'has_epilepsy', 'has_alcol_dx', 'has_amphetamines_dx', 'has_cannabis_dx', 'has_cocaine_dx', 'has_sedatives_dx', 'ftnd', 'XTRT', 'shared', 'rbsivheroin', 'TLFB_Alcohol_Count', 'TLFB_Amphetamine_Count', 'TLFB_Benzodiazepine_Count', 'TLFB_Buprenorphine_Count', 'TLFB_Cocaine_Count', 'TLFB_Heroin_Count', 'TLFB_Methadone_Count', 'TLFB_Opioid_Count', 'TLFB_THC_Count', 'TLFB_Other', 'Homosexual_Behavior', 'Non_monogamous_Relationships']
2024-08-14 11:36:39,291 - INFO - Fitting logistic regression model with the selected features...
2024-08-14 11:36:40,119 - INFO - Model training completed successfully.
2024-08-14 11:36:40,119 - INFO - Calculating the dynamic threshold based on the proportion of positive outcomes...
2024-08-14 11:36:40,119 - INFO - Ratio of 1s to 0s in the outcome variable: 0.04 : 0.96
2024-08-14 11:36:40,120 - INFO - Dynamic threshold set to: 0.044
2024-08-14 11:36:40,120 - INFO - Model trained and saved successfully for subset 9.
2024-08-14 11:36:40,120 - INFO - ---------------------------
2024-08-14 11:36:40,120 - INFO - TRAIN MODEL STAGE COMPLETED FOR SUBSET 9
2024-08-14 11:36:40,120 - INFO - ---------------------------
2024-08-14 11:36:40,120 - INFO - --------------------------------
2024-08-14 11:36:40,120 - INFO - EVALUATE MODEL STAGE STARTING FOR SUBSET 9...
2024-08-14 11:36:40,120 - INFO - --------------------------------
2024-08-14 11:36:40,135 - INFO - ROC AUC Score: 0.5104602510460252
2024-08-14 11:36:40,135 - INFO - Confusion Matrix: 
[[180  59]
 [  8   3]]
2024-08-14 11:36:40,136 - INFO - Precision: 0.04838709677419355
2024-08-14 11:36:40,136 - INFO - Recall: 0.2727272727272727
2024-08-14 11:36:40,136 - INFO - Model evaluated successfully for subset 9.
2024-08-14 11:36:40,136 - INFO - ------------------------------
2024-08-14 11:36:40,136 - INFO - EVALUATE MODEL STAGE COMPLETED FOR SUBSET 9
2024-08-14 11:36:40,136 - INFO - ------------------------------
2024-08-14 11:36:40,137 - INFO - Subset 10 demographic makeup: 950 1, 24 3, 13 2, 13 4
2024-08-14 11:36:40,137 - INFO - Processing subset 10...
2024-08-14 11:36:40,137 - INFO - -----------------------------
2024-08-14 11:36:40,137 - INFO - TRAIN MODEL STAGE STARTING FOR SUBSET 10...
2024-08-14 11:36:40,137 - INFO - -----------------------------
2024-08-14 11:36:40,144 - INFO - Scaling features and applying LASSO for feature selection...
2024-08-14 11:36:43,874 - INFO - Selected features (including required): ['who', 'RaceEth', 'age', 'is_female', 'is_hispanic', 'unemployed', 'unstableliving', 'education', 'marital', 'UDS_Amphetamine_Count', 'UDS_Benzodiazepine_Count', 'UDS_Buprenorphine_Count', 'UDS_Cocaine_Count', 'UDS_Methadone_Count', 'UDS_Opioid_Count', 'UDS_Sedatives_Count', 'UDS_Thc_Count', 'pain', 'has_schizophrenia', 'has_major_dep', 'has_bipolar', 'has_anx_pan', 'has_brain_damage', 'has_epilepsy', 'has_alcol_dx', 'has_amphetamines_dx', 'has_cannabis_dx', 'has_cocaine_dx', 'has_sedatives_dx', 'ftnd', 'XTRT', 'shared', 'rbsivheroin', 'TLFB_Alcohol_Count', 'TLFB_Amphetamine_Count', 'TLFB_Benzodiazepine_Count', 'TLFB_Buprenorphine_Count', 'TLFB_Cocaine_Count', 'TLFB_Heroin_Count', 'TLFB_Methadone_Count', 'TLFB_Opioid_Count', 'TLFB_THC_Count', 'TLFB_Other', 'Homosexual_Behavior', 'Non_monogamous_Relationships']
2024-08-14 11:36:43,880 - INFO - Fitting logistic regression model with the selected features...
2024-08-14 11:36:44,762 - INFO - Model training completed successfully.
2024-08-14 11:36:44,762 - INFO - Calculating the dynamic threshold based on the proportion of positive outcomes...
2024-08-14 11:36:44,762 - INFO - Ratio of 1s to 0s in the outcome variable: 0.04 : 0.96
2024-08-14 11:36:44,762 - INFO - Dynamic threshold set to: 0.036
2024-08-14 11:36:44,762 - INFO - Model trained and saved successfully for subset 10.
2024-08-14 11:36:44,762 - INFO - ---------------------------
2024-08-14 11:36:44,763 - INFO - TRAIN MODEL STAGE COMPLETED FOR SUBSET 10
2024-08-14 11:36:44,763 - INFO - ---------------------------
2024-08-14 11:36:44,763 - INFO - --------------------------------
2024-08-14 11:36:44,763 - INFO - EVALUATE MODEL STAGE STARTING FOR SUBSET 10...
2024-08-14 11:36:44,763 - INFO - --------------------------------
2024-08-14 11:36:44,775 - INFO - ROC AUC Score: 0.6307053941908713
2024-08-14 11:36:44,775 - INFO - Confusion Matrix: 
[[166  75]
 [  4   5]]
2024-08-14 11:36:44,775 - INFO - Precision: 0.0625
2024-08-14 11:36:44,776 - INFO - Recall: 0.5555555555555556
2024-08-14 11:36:44,776 - INFO - Model evaluated successfully for subset 10.
2024-08-14 11:36:44,776 - INFO - ------------------------------
2024-08-14 11:36:44,776 - INFO - EVALUATE MODEL STAGE COMPLETED FOR SUBSET 10
2024-08-14 11:36:44,776 - INFO - ------------------------------
2024-08-14 11:36:44,777 - INFO - Subset 11 demographic makeup: 1000 1
2024-08-14 11:36:44,777 - INFO - Processing subset 11...
2024-08-14 11:36:44,777 - INFO - -----------------------------
2024-08-14 11:36:44,777 - INFO - TRAIN MODEL STAGE STARTING FOR SUBSET 11...
2024-08-14 11:36:44,777 - INFO - -----------------------------
2024-08-14 11:36:44,785 - INFO - Scaling features and applying LASSO for feature selection...
2024-08-14 11:36:49,002 - INFO - Selected features (including required): ['who', 'age', 'is_female', 'unemployed', 'unstableliving', 'education', 'marital', 'UDS_Amphetamine_Count', 'UDS_Benzodiazepine_Count', 'UDS_Buprenorphine_Count', 'UDS_Cocaine_Count', 'UDS_Methadone_Count', 'UDS_Opioid_Count', 'UDS_Sedatives_Count', 'UDS_Thc_Count', 'pain', 'has_schizophrenia', 'has_major_dep', 'has_bipolar', 'has_anx_pan', 'has_brain_damage', 'has_epilepsy', 'has_alcol_dx', 'has_amphetamines_dx', 'has_cannabis_dx', 'has_cocaine_dx', 'has_sedatives_dx', 'ftnd', 'XTRT', 'shared', 'rbsivheroin', 'TLFB_Alcohol_Count', 'TLFB_Amphetamine_Count', 'TLFB_Benzodiazepine_Count', 'TLFB_Buprenorphine_Count', 'TLFB_Cocaine_Count', 'TLFB_Heroin_Count', 'TLFB_Methadone_Count', 'TLFB_Opioid_Count', 'TLFB_THC_Count', 'TLFB_Other', 'Homosexual_Behavior', 'Non_monogamous_Relationships']
2024-08-14 11:36:49,008 - INFO - Fitting logistic regression model with the selected features...
2024-08-14 11:36:49,712 - INFO - Model training completed successfully.
2024-08-14 11:36:49,713 - INFO - Calculating the dynamic threshold based on the proportion of positive outcomes...
2024-08-14 11:36:49,713 - INFO - Ratio of 1s to 0s in the outcome variable: 0.04 : 0.96
2024-08-14 11:36:49,713 - INFO - Dynamic threshold set to: 0.04
2024-08-14 11:36:49,713 - INFO - Model trained and saved successfully for subset 11.
2024-08-14 11:36:49,713 - INFO - ---------------------------
2024-08-14 11:36:49,713 - INFO - TRAIN MODEL STAGE COMPLETED FOR SUBSET 11
2024-08-14 11:36:49,713 - INFO - ---------------------------
2024-08-14 11:36:49,714 - INFO - --------------------------------
2024-08-14 11:36:49,714 - INFO - EVALUATE MODEL STAGE STARTING FOR SUBSET 11...
2024-08-14 11:36:49,714 - INFO - --------------------------------
2024-08-14 11:36:49,727 - INFO - ROC AUC Score: 0.6183333333333334
2024-08-14 11:36:49,727 - INFO - Confusion Matrix: 
[[173  67]
 [  6   4]]
2024-08-14 11:36:49,727 - INFO - Precision: 0.056338028169014086
2024-08-14 11:36:49,727 - INFO - Recall: 0.4
2024-08-14 11:36:49,728 - INFO - Model evaluated successfully for subset 11.
2024-08-14 11:36:49,728 - INFO - ------------------------------
2024-08-14 11:36:49,728 - INFO - EVALUATE MODEL STAGE COMPLETED FOR SUBSET 11
2024-08-14 11:36:49,728 - INFO - ------------------------------
2024-08-14 11:36:49,728 - INFO - ------------------
2024-08-14 11:36:49,728 - INFO - PIPELINE COMPLETED
2024-08-14 11:36:49,728 - INFO - ------------------
