2024-08-14 12:46:26,014 - INFO - Global Seed set to: 2
2024-08-14 12:46:26,015 - INFO - Outcome Name: Rd_kostenB_1993
2024-08-14 12:46:26,054 - INFO - Datasets loaded successfully.
2024-08-14 12:46:26,059 - INFO - Starting preprocessing of the merged dataset...
2024-08-14 12:46:26,061 - INFO - ---------------------------------
2024-08-14 12:46:26,062 - INFO - PRE-PROCESSING STAGE STARTING...
2024-08-14 12:46:26,062 - INFO - ---------------------------------
2024-08-14 12:46:26,162 - INFO - Dropped initial columns: ['pain_when', 'is_smoker', 'per_day', 'max', 'amount', 'depression', 'anxiety', 'schizophrenia', 'max', 'amount', 'cocaine_inject_days', 'speedball_inject_days', 'opioid_inject_days', 'speed_inject_days', 'UDS_Alcohol_Count', 'UDS_Mdma/Hallucinogen_Count']
2024-08-14 12:46:26,215 - INFO - Converted Yes/No to binary.
2024-08-14 12:46:26,222 - INFO - Processed TLFB columns with specified columns: ['TLFB_Alcohol_Count', 'TLFB_Amphetamine_Count', 'TLFB_Cocaine_Count', 'TLFB_Heroin_Count', 'TLFB_Benzodiazepine_Count', 'TLFB_Opioid_Count', 'TLFB_THC_Count', 'TLFB_Methadone_Count', 'TLFB_Buprenorphine_Count']
2024-08-14 12:46:26,224 - INFO - Calculated behavioral columns.
2024-08-14 12:46:26,226 - INFO - Moved 'Rd_kostenB_1993' column to the end.
2024-08-14 12:46:26,307 - INFO - Dropped initial columns: ['msm_npt', 'msm_frq', 'txx_prt']
2024-08-14 12:46:26,321 - INFO - transform_data_with_nan_handling success
2024-08-14 12:46:26,321 - INFO - Renamed columns according to the mapping.
2024-08-14 12:46:26,345 - INFO - Transformed NaN to 0 for binary columns.
2024-08-14 12:46:26,346 - INFO - Transformed and renamed 'heroin_inject_days' column to 'rbsivheroin'.
2024-08-14 12:46:26,347 - INFO - Filled NaN with 0 for 'ftnd' column.
2024-08-14 12:46:26,420 - INFO - Dropped additional columns: ['rbs_iv_days', 'race', 'RBS_cocaine_Days', 'RBS_heroin_Days', 'RBS_opioid_Days', 'RBS_speed_Days', 'RBS_speedball_Days']
2024-08-14 12:46:26,436 - INFO - Converted UDS drug counts to binary.
2024-08-14 12:46:26,493 - INFO - ------------------------------
2024-08-14 12:46:26,494 - INFO - PRE-PROCESSING STAGE COMPLETED
2024-08-14 12:46:26,495 - INFO - ------------------------------
2024-08-14 12:46:26,495 - INFO - Merged dataset preprocessed successfully.
2024-08-14 12:46:26,496 - INFO - Creating demographic subsets from preprocessed data...
2024-08-14 12:46:34,094 - INFO - Created 11 subsets successfully.
2024-08-14 12:46:34,094 - INFO - Creating merged subsets from create_demographics_dfs function
2024-08-14 12:46:34,178 - INFO - Created 11 merged subsets successfully.
2024-08-14 12:46:34,180 - INFO - Subset 1 demographic makeup: 500 1, 242 3, 158 2, 100 4
2024-08-14 12:46:34,185 - INFO - Processing subset 1...
2024-08-14 12:46:34,187 - INFO - -----------------------------
2024-08-14 12:46:34,188 - INFO - TRAIN MODEL STAGE STARTING FOR SUBSET 1...
2024-08-14 12:46:34,188 - INFO - -----------------------------
2024-08-14 12:46:34,209 - INFO - Scaling features and applying LASSO for feature selection...
2024-08-14 12:46:34,454 - INFO - Selected features (including required): ['who', 'RaceEth', 'age', 'is_female', 'is_hispanic', 'unemployed', 'unstableliving', 'education', 'marital', 'UDS_Amphetamine_Count', 'UDS_Benzodiazepine_Count', 'UDS_Buprenorphine_Count', 'UDS_Cocaine_Count', 'UDS_Methadone_Count', 'UDS_Opioid_Count', 'UDS_Sedatives_Count', 'UDS_Thc_Count', 'pain', 'has_schizophrenia', 'has_major_dep', 'has_bipolar', 'has_anx_pan', 'has_brain_damage', 'has_epilepsy', 'has_alcol_dx', 'has_amphetamines_dx', 'has_cannabis_dx', 'has_cocaine_dx', 'has_sedatives_dx', 'ftnd', 'XTRT', 'shared', 'rbsivheroin', 'TLFB_Alcohol_Count', 'TLFB_Amphetamine_Count', 'TLFB_Benzodiazepine_Count', 'TLFB_Buprenorphine_Count', 'TLFB_Cocaine_Count', 'TLFB_Heroin_Count', 'TLFB_Methadone_Count', 'TLFB_Opioid_Count', 'TLFB_THC_Count', 'TLFB_Other', 'Homosexual_Behavior', 'Non_monogamous_Relationships']
2024-08-14 12:46:34,459 - INFO - Fitting logistic regression model with the selected features...
2024-08-14 12:46:34,863 - INFO - Model training completed successfully.
2024-08-14 12:46:34,863 - INFO - Calculating the dynamic threshold based on the proportion of positive outcomes...
2024-08-14 12:46:34,863 - INFO - Ratio of 1s to 0s in the outcome variable: 0.54 : 0.46
2024-08-14 12:46:34,863 - INFO - Dynamic threshold set to: 0.536
2024-08-14 12:46:34,864 - INFO - Model trained and saved successfully for subset 1.
2024-08-14 12:46:34,864 - INFO - ---------------------------
2024-08-14 12:46:34,864 - INFO - TRAIN MODEL STAGE COMPLETED FOR SUBSET 1
2024-08-14 12:46:34,864 - INFO - ---------------------------
2024-08-14 12:46:34,864 - INFO - --------------------------------
2024-08-14 12:46:34,864 - INFO - EVALUATE MODEL STAGE STARTING FOR SUBSET 1...
2024-08-14 12:46:34,864 - INFO - --------------------------------
2024-08-14 12:46:34,880 - INFO - ROC AUC Score: 0.6560087493566649
2024-08-14 12:46:34,880 - INFO - Confusion Matrix: 
[[75 41]
 [52 82]]
2024-08-14 12:46:34,881 - INFO - Precision: 0.6666666666666666
2024-08-14 12:46:34,881 - INFO - Recall: 0.6119402985074627
2024-08-14 12:46:34,881 - INFO - Model evaluated successfully for subset 1.
2024-08-14 12:46:34,881 - INFO - ------------------------------
2024-08-14 12:46:34,881 - INFO - EVALUATE MODEL STAGE COMPLETED FOR SUBSET 1
2024-08-14 12:46:34,881 - INFO - ------------------------------
2024-08-14 12:46:34,886 - INFO - Subset 2 demographic makeup: 550 1, 213 3, 147 2, 90 4
2024-08-14 12:46:34,886 - INFO - Processing subset 2...
2024-08-14 12:46:34,886 - INFO - -----------------------------
2024-08-14 12:46:34,886 - INFO - TRAIN MODEL STAGE STARTING FOR SUBSET 2...
2024-08-14 12:46:34,886 - INFO - -----------------------------
2024-08-14 12:46:34,893 - INFO - Scaling features and applying LASSO for feature selection...
2024-08-14 12:46:35,184 - INFO - Selected features (including required): ['who', 'RaceEth', 'age', 'is_female', 'is_hispanic', 'unemployed', 'unstableliving', 'education', 'marital', 'UDS_Amphetamine_Count', 'UDS_Benzodiazepine_Count', 'UDS_Buprenorphine_Count', 'UDS_Cocaine_Count', 'UDS_Methadone_Count', 'UDS_Opioid_Count', 'UDS_Sedatives_Count', 'UDS_Thc_Count', 'pain', 'has_schizophrenia', 'has_major_dep', 'has_bipolar', 'has_anx_pan', 'has_brain_damage', 'has_epilepsy', 'has_alcol_dx', 'has_amphetamines_dx', 'has_cannabis_dx', 'has_cocaine_dx', 'has_sedatives_dx', 'ftnd', 'XTRT', 'shared', 'rbsivheroin', 'TLFB_Alcohol_Count', 'TLFB_Amphetamine_Count', 'TLFB_Benzodiazepine_Count', 'TLFB_Buprenorphine_Count', 'TLFB_Cocaine_Count', 'TLFB_Heroin_Count', 'TLFB_Methadone_Count', 'TLFB_Opioid_Count', 'TLFB_THC_Count', 'TLFB_Other', 'Homosexual_Behavior', 'Non_monogamous_Relationships']
2024-08-14 12:46:35,189 - INFO - Fitting logistic regression model with the selected features...
2024-08-14 12:46:35,568 - INFO - Model training completed successfully.
2024-08-14 12:46:35,569 - INFO - Calculating the dynamic threshold based on the proportion of positive outcomes...
2024-08-14 12:46:35,570 - INFO - Ratio of 1s to 0s in the outcome variable: 0.54 : 0.46
2024-08-14 12:46:35,570 - INFO - Dynamic threshold set to: 0.536
2024-08-14 12:46:35,570 - INFO - Model trained and saved successfully for subset 2.
2024-08-14 12:46:35,571 - INFO - ---------------------------
2024-08-14 12:46:35,572 - INFO - TRAIN MODEL STAGE COMPLETED FOR SUBSET 2
2024-08-14 12:46:35,574 - INFO - ---------------------------
2024-08-14 12:46:35,575 - INFO - --------------------------------
2024-08-14 12:46:35,576 - INFO - EVALUATE MODEL STAGE STARTING FOR SUBSET 2...
2024-08-14 12:46:35,576 - INFO - --------------------------------
2024-08-14 12:46:35,616 - INFO - ROC AUC Score: 0.6208183221821926
2024-08-14 12:46:35,617 - INFO - Confusion Matrix: 
[[77 39]
 [66 68]]
2024-08-14 12:46:35,617 - INFO - Precision: 0.6355140186915887
2024-08-14 12:46:35,617 - INFO - Recall: 0.5074626865671642
2024-08-14 12:46:35,618 - INFO - Model evaluated successfully for subset 2.
2024-08-14 12:46:35,619 - INFO - ------------------------------
2024-08-14 12:46:35,622 - INFO - EVALUATE MODEL STAGE COMPLETED FOR SUBSET 2
2024-08-14 12:46:35,623 - INFO - ------------------------------
2024-08-14 12:46:35,624 - INFO - Subset 3 demographic makeup: 600 1, 188 3, 136 2, 76 4
2024-08-14 12:46:35,624 - INFO - Processing subset 3...
2024-08-14 12:46:35,625 - INFO - -----------------------------
2024-08-14 12:46:35,625 - INFO - TRAIN MODEL STAGE STARTING FOR SUBSET 3...
2024-08-14 12:46:35,626 - INFO - -----------------------------
2024-08-14 12:46:35,638 - INFO - Scaling features and applying LASSO for feature selection...
2024-08-14 12:46:35,908 - INFO - Selected features (including required): ['who', 'RaceEth', 'age', 'is_female', 'is_hispanic', 'unemployed', 'unstableliving', 'education', 'marital', 'UDS_Amphetamine_Count', 'UDS_Benzodiazepine_Count', 'UDS_Buprenorphine_Count', 'UDS_Cocaine_Count', 'UDS_Methadone_Count', 'UDS_Opioid_Count', 'UDS_Sedatives_Count', 'UDS_Thc_Count', 'pain', 'has_schizophrenia', 'has_major_dep', 'has_bipolar', 'has_anx_pan', 'has_brain_damage', 'has_epilepsy', 'has_alcol_dx', 'has_amphetamines_dx', 'has_cannabis_dx', 'has_cocaine_dx', 'has_sedatives_dx', 'ftnd', 'XTRT', 'shared', 'rbsivheroin', 'TLFB_Alcohol_Count', 'TLFB_Amphetamine_Count', 'TLFB_Benzodiazepine_Count', 'TLFB_Buprenorphine_Count', 'TLFB_Cocaine_Count', 'TLFB_Heroin_Count', 'TLFB_Methadone_Count', 'TLFB_Opioid_Count', 'TLFB_THC_Count', 'TLFB_Other', 'Homosexual_Behavior', 'Non_monogamous_Relationships']
2024-08-14 12:46:35,913 - INFO - Fitting logistic regression model with the selected features...
2024-08-14 12:46:36,311 - INFO - Model training completed successfully.
2024-08-14 12:46:36,311 - INFO - Calculating the dynamic threshold based on the proportion of positive outcomes...
2024-08-14 12:46:36,312 - INFO - Ratio of 1s to 0s in the outcome variable: 0.51 : 0.49
2024-08-14 12:46:36,312 - INFO - Dynamic threshold set to: 0.512
2024-08-14 12:46:36,313 - INFO - Model trained and saved successfully for subset 3.
2024-08-14 12:46:36,314 - INFO - ---------------------------
2024-08-14 12:46:36,314 - INFO - TRAIN MODEL STAGE COMPLETED FOR SUBSET 3
2024-08-14 12:46:36,316 - INFO - ---------------------------
2024-08-14 12:46:36,316 - INFO - --------------------------------
2024-08-14 12:46:36,317 - INFO - EVALUATE MODEL STAGE STARTING FOR SUBSET 3...
2024-08-14 12:46:36,318 - INFO - --------------------------------
2024-08-14 12:46:36,340 - INFO - ROC AUC Score: 0.6607325819672131
2024-08-14 12:46:36,341 - INFO - Confusion Matrix: 
[[83 39]
 [58 70]]
2024-08-14 12:46:36,341 - INFO - Precision: 0.6422018348623854
2024-08-14 12:46:36,342 - INFO - Recall: 0.546875
2024-08-14 12:46:36,351 - INFO - Model evaluated successfully for subset 3.
2024-08-14 12:46:36,353 - INFO - ------------------------------
2024-08-14 12:46:36,355 - INFO - EVALUATE MODEL STAGE COMPLETED FOR SUBSET 3
2024-08-14 12:46:36,355 - INFO - ------------------------------
2024-08-14 12:46:36,356 - INFO - Subset 4 demographic makeup: 650 1, 164 3, 120 2, 66 4
2024-08-14 12:46:36,356 - INFO - Processing subset 4...
2024-08-14 12:46:36,357 - INFO - -----------------------------
2024-08-14 12:46:36,357 - INFO - TRAIN MODEL STAGE STARTING FOR SUBSET 4...
2024-08-14 12:46:36,358 - INFO - -----------------------------
2024-08-14 12:46:36,369 - INFO - Scaling features and applying LASSO for feature selection...
2024-08-14 12:46:36,827 - INFO - Selected features (including required): ['who', 'RaceEth', 'age', 'is_female', 'is_hispanic', 'unemployed', 'unstableliving', 'education', 'marital', 'UDS_Amphetamine_Count', 'UDS_Benzodiazepine_Count', 'UDS_Buprenorphine_Count', 'UDS_Cocaine_Count', 'UDS_Methadone_Count', 'UDS_Opioid_Count', 'UDS_Sedatives_Count', 'UDS_Thc_Count', 'pain', 'has_schizophrenia', 'has_major_dep', 'has_bipolar', 'has_anx_pan', 'has_brain_damage', 'has_epilepsy', 'has_alcol_dx', 'has_amphetamines_dx', 'has_cannabis_dx', 'has_cocaine_dx', 'has_sedatives_dx', 'ftnd', 'XTRT', 'shared', 'rbsivheroin', 'TLFB_Alcohol_Count', 'TLFB_Amphetamine_Count', 'TLFB_Benzodiazepine_Count', 'TLFB_Buprenorphine_Count', 'TLFB_Cocaine_Count', 'TLFB_Heroin_Count', 'TLFB_Methadone_Count', 'TLFB_Opioid_Count', 'TLFB_THC_Count', 'TLFB_Other', 'Homosexual_Behavior', 'Non_monogamous_Relationships']
2024-08-14 12:46:36,832 - INFO - Fitting logistic regression model with the selected features...
2024-08-14 12:46:37,477 - INFO - Model training completed successfully.
2024-08-14 12:46:37,477 - INFO - Calculating the dynamic threshold based on the proportion of positive outcomes...
2024-08-14 12:46:37,477 - INFO - Ratio of 1s to 0s in the outcome variable: 0.48 : 0.52
2024-08-14 12:46:37,477 - INFO - Dynamic threshold set to: 0.484
2024-08-14 12:46:37,477 - INFO - Model trained and saved successfully for subset 4.
2024-08-14 12:46:37,478 - INFO - ---------------------------
2024-08-14 12:46:37,478 - INFO - TRAIN MODEL STAGE COMPLETED FOR SUBSET 4
2024-08-14 12:46:37,478 - INFO - ---------------------------
2024-08-14 12:46:37,478 - INFO - --------------------------------
2024-08-14 12:46:37,478 - INFO - EVALUATE MODEL STAGE STARTING FOR SUBSET 4...
2024-08-14 12:46:37,478 - INFO - --------------------------------
2024-08-14 12:46:37,492 - INFO - ROC AUC Score: 0.6580178102376835
2024-08-14 12:46:37,492 - INFO - Confusion Matrix: 
[[86 43]
 [51 70]]
2024-08-14 12:46:37,492 - INFO - Precision: 0.6194690265486725
2024-08-14 12:46:37,492 - INFO - Recall: 0.5785123966942148
2024-08-14 12:46:37,493 - INFO - Model evaluated successfully for subset 4.
2024-08-14 12:46:37,493 - INFO - ------------------------------
2024-08-14 12:46:37,493 - INFO - EVALUATE MODEL STAGE COMPLETED FOR SUBSET 4
2024-08-14 12:46:37,493 - INFO - ------------------------------
2024-08-14 12:46:37,496 - INFO - Subset 5 demographic makeup: 700 1, 142 3, 104 2, 54 4
2024-08-14 12:46:37,496 - INFO - Processing subset 5...
2024-08-14 12:46:37,496 - INFO - -----------------------------
2024-08-14 12:46:37,496 - INFO - TRAIN MODEL STAGE STARTING FOR SUBSET 5...
2024-08-14 12:46:37,496 - INFO - -----------------------------
2024-08-14 12:46:37,503 - INFO - Scaling features and applying LASSO for feature selection...
2024-08-14 12:46:37,931 - INFO - Selected features (including required): ['who', 'RaceEth', 'age', 'is_female', 'is_hispanic', 'unemployed', 'unstableliving', 'education', 'marital', 'UDS_Amphetamine_Count', 'UDS_Benzodiazepine_Count', 'UDS_Buprenorphine_Count', 'UDS_Cocaine_Count', 'UDS_Methadone_Count', 'UDS_Opioid_Count', 'UDS_Sedatives_Count', 'UDS_Thc_Count', 'pain', 'has_schizophrenia', 'has_major_dep', 'has_bipolar', 'has_anx_pan', 'has_brain_damage', 'has_epilepsy', 'has_alcol_dx', 'has_amphetamines_dx', 'has_cannabis_dx', 'has_cocaine_dx', 'has_sedatives_dx', 'ftnd', 'XTRT', 'shared', 'rbsivheroin', 'TLFB_Alcohol_Count', 'TLFB_Amphetamine_Count', 'TLFB_Benzodiazepine_Count', 'TLFB_Buprenorphine_Count', 'TLFB_Cocaine_Count', 'TLFB_Heroin_Count', 'TLFB_Methadone_Count', 'TLFB_Opioid_Count', 'TLFB_THC_Count', 'TLFB_Other', 'Homosexual_Behavior', 'Non_monogamous_Relationships']
2024-08-14 12:46:37,946 - INFO - Fitting logistic regression model with the selected features...
2024-08-14 12:46:39,309 - INFO - Model training completed successfully.
2024-08-14 12:46:39,309 - INFO - Calculating the dynamic threshold based on the proportion of positive outcomes...
2024-08-14 12:46:39,310 - INFO - Ratio of 1s to 0s in the outcome variable: 0.46 : 0.54
2024-08-14 12:46:39,310 - INFO - Dynamic threshold set to: 0.464
2024-08-14 12:46:39,311 - INFO - Model trained and saved successfully for subset 5.
2024-08-14 12:46:39,312 - INFO - ---------------------------
2024-08-14 12:46:39,313 - INFO - TRAIN MODEL STAGE COMPLETED FOR SUBSET 5
2024-08-14 12:46:39,313 - INFO - ---------------------------
2024-08-14 12:46:39,314 - INFO - --------------------------------
2024-08-14 12:46:39,317 - INFO - EVALUATE MODEL STAGE STARTING FOR SUBSET 5...
2024-08-14 12:46:39,317 - INFO - --------------------------------
2024-08-14 12:46:39,337 - INFO - ROC AUC Score: 0.6388317035512094
2024-08-14 12:46:39,337 - INFO - Confusion Matrix: 
[[70 64]
 [38 78]]
2024-08-14 12:46:39,338 - INFO - Precision: 0.5492957746478874
2024-08-14 12:46:39,338 - INFO - Recall: 0.6724137931034483
2024-08-14 12:46:39,338 - INFO - Model evaluated successfully for subset 5.
2024-08-14 12:46:39,339 - INFO - ------------------------------
2024-08-14 12:46:39,339 - INFO - EVALUATE MODEL STAGE COMPLETED FOR SUBSET 5
2024-08-14 12:46:39,340 - INFO - ------------------------------
2024-08-14 12:46:39,343 - INFO - Subset 6 demographic makeup: 750 1, 114 3, 88 2, 48 4
2024-08-14 12:46:39,345 - INFO - Processing subset 6...
2024-08-14 12:46:39,349 - INFO - -----------------------------
2024-08-14 12:46:39,349 - INFO - TRAIN MODEL STAGE STARTING FOR SUBSET 6...
2024-08-14 12:46:39,350 - INFO - -----------------------------
2024-08-14 12:46:39,368 - INFO - Scaling features and applying LASSO for feature selection...
2024-08-14 12:46:40,195 - INFO - Selected features (including required): ['who', 'RaceEth', 'age', 'is_female', 'is_hispanic', 'unemployed', 'unstableliving', 'education', 'marital', 'UDS_Amphetamine_Count', 'UDS_Benzodiazepine_Count', 'UDS_Buprenorphine_Count', 'UDS_Cocaine_Count', 'UDS_Methadone_Count', 'UDS_Opioid_Count', 'UDS_Sedatives_Count', 'UDS_Thc_Count', 'pain', 'has_schizophrenia', 'has_major_dep', 'has_bipolar', 'has_anx_pan', 'has_brain_damage', 'has_epilepsy', 'has_alcol_dx', 'has_amphetamines_dx', 'has_cannabis_dx', 'has_cocaine_dx', 'has_sedatives_dx', 'ftnd', 'XTRT', 'shared', 'rbsivheroin', 'TLFB_Alcohol_Count', 'TLFB_Amphetamine_Count', 'TLFB_Benzodiazepine_Count', 'TLFB_Buprenorphine_Count', 'TLFB_Cocaine_Count', 'TLFB_Heroin_Count', 'TLFB_Methadone_Count', 'TLFB_Opioid_Count', 'TLFB_THC_Count', 'TLFB_Other', 'Homosexual_Behavior', 'Non_monogamous_Relationships']
2024-08-14 12:46:40,201 - INFO - Fitting logistic regression model with the selected features...
2024-08-14 12:46:43,415 - INFO - Model training completed successfully.
2024-08-14 12:46:43,415 - INFO - Calculating the dynamic threshold based on the proportion of positive outcomes...
2024-08-14 12:46:43,416 - INFO - Ratio of 1s to 0s in the outcome variable: 0.54 : 0.46
2024-08-14 12:46:43,416 - INFO - Dynamic threshold set to: 0.54
2024-08-14 12:46:43,416 - INFO - Model trained and saved successfully for subset 6.
2024-08-14 12:46:43,416 - INFO - ---------------------------
2024-08-14 12:46:43,416 - INFO - TRAIN MODEL STAGE COMPLETED FOR SUBSET 6
2024-08-14 12:46:43,416 - INFO - ---------------------------
2024-08-14 12:46:43,416 - INFO - --------------------------------
2024-08-14 12:46:43,416 - INFO - EVALUATE MODEL STAGE STARTING FOR SUBSET 6...
2024-08-14 12:46:43,416 - INFO - --------------------------------
2024-08-14 12:46:43,441 - INFO - ROC AUC Score: 0.6669243156199678
2024-08-14 12:46:43,441 - INFO - Confusion Matrix: 
[[74 41]
 [56 79]]
2024-08-14 12:46:43,441 - INFO - Precision: 0.6583333333333333
2024-08-14 12:46:43,441 - INFO - Recall: 0.5851851851851851
2024-08-14 12:46:43,441 - INFO - Model evaluated successfully for subset 6.
2024-08-14 12:46:43,441 - INFO - ------------------------------
2024-08-14 12:46:43,441 - INFO - EVALUATE MODEL STAGE COMPLETED FOR SUBSET 6
2024-08-14 12:46:43,441 - INFO - ------------------------------
2024-08-14 12:46:43,443 - INFO - Subset 7 demographic makeup: 800 1, 87 3, 71 2, 42 4
2024-08-14 12:46:43,444 - INFO - Processing subset 7...
2024-08-14 12:46:43,445 - INFO - -----------------------------
2024-08-14 12:46:43,445 - INFO - TRAIN MODEL STAGE STARTING FOR SUBSET 7...
2024-08-14 12:46:43,445 - INFO - -----------------------------
2024-08-14 12:46:43,451 - INFO - Scaling features and applying LASSO for feature selection...
2024-08-14 12:46:45,385 - INFO - Selected features (including required): ['who', 'RaceEth', 'age', 'is_female', 'is_hispanic', 'unemployed', 'unstableliving', 'education', 'marital', 'UDS_Amphetamine_Count', 'UDS_Benzodiazepine_Count', 'UDS_Buprenorphine_Count', 'UDS_Cocaine_Count', 'UDS_Methadone_Count', 'UDS_Opioid_Count', 'UDS_Sedatives_Count', 'UDS_Thc_Count', 'pain', 'has_schizophrenia', 'has_major_dep', 'has_bipolar', 'has_anx_pan', 'has_brain_damage', 'has_epilepsy', 'has_alcol_dx', 'has_amphetamines_dx', 'has_cannabis_dx', 'has_cocaine_dx', 'has_sedatives_dx', 'ftnd', 'XTRT', 'shared', 'rbsivheroin', 'TLFB_Alcohol_Count', 'TLFB_Amphetamine_Count', 'TLFB_Benzodiazepine_Count', 'TLFB_Buprenorphine_Count', 'TLFB_Cocaine_Count', 'TLFB_Heroin_Count', 'TLFB_Methadone_Count', 'TLFB_Opioid_Count', 'TLFB_THC_Count', 'TLFB_Other', 'Homosexual_Behavior', 'Non_monogamous_Relationships']
2024-08-14 12:46:45,407 - INFO - Fitting logistic regression model with the selected features...
2024-08-14 12:46:47,302 - INFO - Model training completed successfully.
2024-08-14 12:46:47,302 - INFO - Calculating the dynamic threshold based on the proportion of positive outcomes...
2024-08-14 12:46:47,302 - INFO - Ratio of 1s to 0s in the outcome variable: 0.54 : 0.46
2024-08-14 12:46:47,303 - INFO - Dynamic threshold set to: 0.54
2024-08-14 12:46:47,303 - INFO - Model trained and saved successfully for subset 7.
2024-08-14 12:46:47,303 - INFO - ---------------------------
2024-08-14 12:46:47,303 - INFO - TRAIN MODEL STAGE COMPLETED FOR SUBSET 7
2024-08-14 12:46:47,303 - INFO - ---------------------------
2024-08-14 12:46:47,303 - INFO - --------------------------------
2024-08-14 12:46:47,303 - INFO - EVALUATE MODEL STAGE STARTING FOR SUBSET 7...
2024-08-14 12:46:47,303 - INFO - --------------------------------
2024-08-14 12:46:47,324 - INFO - ROC AUC Score: 0.6139130434782608
2024-08-14 12:46:47,325 - INFO - Confusion Matrix: 
[[70 45]
 [64 71]]
2024-08-14 12:46:47,325 - INFO - Precision: 0.6120689655172413
2024-08-14 12:46:47,325 - INFO - Recall: 0.5259259259259259
2024-08-14 12:46:47,325 - INFO - Model evaluated successfully for subset 7.
2024-08-14 12:46:47,325 - INFO - ------------------------------
2024-08-14 12:46:47,325 - INFO - EVALUATE MODEL STAGE COMPLETED FOR SUBSET 7
2024-08-14 12:46:47,325 - INFO - ------------------------------
2024-08-14 12:46:47,326 - INFO - Subset 8 demographic makeup: 850 1, 66 3, 53 2, 31 4
2024-08-14 12:46:47,326 - INFO - Processing subset 8...
2024-08-14 12:46:47,326 - INFO - -----------------------------
2024-08-14 12:46:47,326 - INFO - TRAIN MODEL STAGE STARTING FOR SUBSET 8...
2024-08-14 12:46:47,326 - INFO - -----------------------------
2024-08-14 12:46:47,332 - INFO - Scaling features and applying LASSO for feature selection...
2024-08-14 12:46:47,874 - INFO - Selected features (including required): ['who', 'RaceEth', 'age', 'is_female', 'is_hispanic', 'unemployed', 'unstableliving', 'education', 'marital', 'UDS_Amphetamine_Count', 'UDS_Benzodiazepine_Count', 'UDS_Buprenorphine_Count', 'UDS_Cocaine_Count', 'UDS_Methadone_Count', 'UDS_Opioid_Count', 'UDS_Sedatives_Count', 'UDS_Thc_Count', 'pain', 'has_schizophrenia', 'has_major_dep', 'has_bipolar', 'has_anx_pan', 'has_brain_damage', 'has_epilepsy', 'has_alcol_dx', 'has_amphetamines_dx', 'has_cannabis_dx', 'has_cocaine_dx', 'has_sedatives_dx', 'ftnd', 'XTRT', 'shared', 'rbsivheroin', 'TLFB_Alcohol_Count', 'TLFB_Amphetamine_Count', 'TLFB_Benzodiazepine_Count', 'TLFB_Buprenorphine_Count', 'TLFB_Cocaine_Count', 'TLFB_Heroin_Count', 'TLFB_Methadone_Count', 'TLFB_Opioid_Count', 'TLFB_THC_Count', 'TLFB_Other', 'Homosexual_Behavior', 'Non_monogamous_Relationships']
2024-08-14 12:46:47,880 - INFO - Fitting logistic regression model with the selected features...
2024-08-14 12:46:48,872 - INFO - Model training completed successfully.
2024-08-14 12:46:48,872 - INFO - Calculating the dynamic threshold based on the proportion of positive outcomes...
2024-08-14 12:46:48,873 - INFO - Ratio of 1s to 0s in the outcome variable: 0.54 : 0.46
2024-08-14 12:46:48,873 - INFO - Dynamic threshold set to: 0.544
2024-08-14 12:46:48,873 - INFO - Model trained and saved successfully for subset 8.
2024-08-14 12:46:48,873 - INFO - ---------------------------
2024-08-14 12:46:48,873 - INFO - TRAIN MODEL STAGE COMPLETED FOR SUBSET 8
2024-08-14 12:46:48,873 - INFO - ---------------------------
2024-08-14 12:46:48,873 - INFO - --------------------------------
2024-08-14 12:46:48,873 - INFO - EVALUATE MODEL STAGE STARTING FOR SUBSET 8...
2024-08-14 12:46:48,874 - INFO - --------------------------------
2024-08-14 12:46:48,899 - INFO - ROC AUC Score: 0.6239035087719298
2024-08-14 12:46:48,900 - INFO - Confusion Matrix: 
[[73 41]
 [54 82]]
2024-08-14 12:46:48,900 - INFO - Precision: 0.6666666666666666
2024-08-14 12:46:48,900 - INFO - Recall: 0.6029411764705882
2024-08-14 12:46:48,900 - INFO - Model evaluated successfully for subset 8.
2024-08-14 12:46:48,900 - INFO - ------------------------------
2024-08-14 12:46:48,900 - INFO - EVALUATE MODEL STAGE COMPLETED FOR SUBSET 8
2024-08-14 12:46:48,900 - INFO - ------------------------------
2024-08-14 12:46:48,903 - INFO - Subset 9 demographic makeup: 900 1, 45 3, 34 2, 21 4
2024-08-14 12:46:48,904 - INFO - Processing subset 9...
2024-08-14 12:46:48,904 - INFO - -----------------------------
2024-08-14 12:46:48,904 - INFO - TRAIN MODEL STAGE STARTING FOR SUBSET 9...
2024-08-14 12:46:48,904 - INFO - -----------------------------
2024-08-14 12:46:48,910 - INFO - Scaling features and applying LASSO for feature selection...
2024-08-14 12:46:49,340 - INFO - Selected features (including required): ['who', 'RaceEth', 'age', 'is_female', 'is_hispanic', 'unemployed', 'unstableliving', 'education', 'marital', 'UDS_Amphetamine_Count', 'UDS_Benzodiazepine_Count', 'UDS_Buprenorphine_Count', 'UDS_Cocaine_Count', 'UDS_Methadone_Count', 'UDS_Opioid_Count', 'UDS_Sedatives_Count', 'UDS_Thc_Count', 'pain', 'has_schizophrenia', 'has_major_dep', 'has_bipolar', 'has_anx_pan', 'has_brain_damage', 'has_epilepsy', 'has_alcol_dx', 'has_amphetamines_dx', 'has_cannabis_dx', 'has_cocaine_dx', 'has_sedatives_dx', 'ftnd', 'XTRT', 'shared', 'rbsivheroin', 'TLFB_Alcohol_Count', 'TLFB_Amphetamine_Count', 'TLFB_Benzodiazepine_Count', 'TLFB_Buprenorphine_Count', 'TLFB_Cocaine_Count', 'TLFB_Heroin_Count', 'TLFB_Methadone_Count', 'TLFB_Opioid_Count', 'TLFB_THC_Count', 'TLFB_Other', 'Homosexual_Behavior', 'Non_monogamous_Relationships']
2024-08-14 12:46:49,348 - INFO - Fitting logistic regression model with the selected features...
2024-08-14 12:46:50,250 - INFO - Model training completed successfully.
2024-08-14 12:46:50,250 - INFO - Calculating the dynamic threshold based on the proportion of positive outcomes...
2024-08-14 12:46:50,250 - INFO - Ratio of 1s to 0s in the outcome variable: 0.51 : 0.49
2024-08-14 12:46:50,250 - INFO - Dynamic threshold set to: 0.512
2024-08-14 12:46:50,250 - INFO - Model trained and saved successfully for subset 9.
2024-08-14 12:46:50,250 - INFO - ---------------------------
2024-08-14 12:46:50,250 - INFO - TRAIN MODEL STAGE COMPLETED FOR SUBSET 9
2024-08-14 12:46:50,251 - INFO - ---------------------------
2024-08-14 12:46:50,251 - INFO - --------------------------------
2024-08-14 12:46:50,251 - INFO - EVALUATE MODEL STAGE STARTING FOR SUBSET 9...
2024-08-14 12:46:50,251 - INFO - --------------------------------
2024-08-14 12:46:50,265 - INFO - ROC AUC Score: 0.6728355532786886
2024-08-14 12:46:50,266 - INFO - Confusion Matrix: 
[[69 53]
 [43 85]]
2024-08-14 12:46:50,266 - INFO - Precision: 0.6159420289855072
2024-08-14 12:46:50,266 - INFO - Recall: 0.6640625
2024-08-14 12:46:50,268 - INFO - Model evaluated successfully for subset 9.
2024-08-14 12:46:50,268 - INFO - ------------------------------
2024-08-14 12:46:50,268 - INFO - EVALUATE MODEL STAGE COMPLETED FOR SUBSET 9
2024-08-14 12:46:50,268 - INFO - ------------------------------
2024-08-14 12:46:50,269 - INFO - Subset 10 demographic makeup: 950 1, 24 3, 13 2, 13 4
2024-08-14 12:46:50,269 - INFO - Processing subset 10...
2024-08-14 12:46:50,270 - INFO - -----------------------------
2024-08-14 12:46:50,270 - INFO - TRAIN MODEL STAGE STARTING FOR SUBSET 10...
2024-08-14 12:46:50,270 - INFO - -----------------------------
2024-08-14 12:46:50,276 - INFO - Scaling features and applying LASSO for feature selection...
2024-08-14 12:46:51,420 - INFO - Selected features (including required): ['who', 'RaceEth', 'age', 'is_female', 'is_hispanic', 'unemployed', 'unstableliving', 'education', 'marital', 'UDS_Amphetamine_Count', 'UDS_Benzodiazepine_Count', 'UDS_Buprenorphine_Count', 'UDS_Cocaine_Count', 'UDS_Methadone_Count', 'UDS_Opioid_Count', 'UDS_Sedatives_Count', 'UDS_Thc_Count', 'pain', 'has_schizophrenia', 'has_major_dep', 'has_bipolar', 'has_anx_pan', 'has_brain_damage', 'has_epilepsy', 'has_alcol_dx', 'has_amphetamines_dx', 'has_cannabis_dx', 'has_cocaine_dx', 'has_sedatives_dx', 'ftnd', 'XTRT', 'shared', 'rbsivheroin', 'TLFB_Alcohol_Count', 'TLFB_Amphetamine_Count', 'TLFB_Benzodiazepine_Count', 'TLFB_Buprenorphine_Count', 'TLFB_Cocaine_Count', 'TLFB_Heroin_Count', 'TLFB_Methadone_Count', 'TLFB_Opioid_Count', 'TLFB_THC_Count', 'TLFB_Other', 'Homosexual_Behavior', 'Non_monogamous_Relationships']
2024-08-14 12:46:51,425 - INFO - Fitting logistic regression model with the selected features...
2024-08-14 12:46:52,040 - INFO - Model training completed successfully.
2024-08-14 12:46:52,041 - INFO - Calculating the dynamic threshold based on the proportion of positive outcomes...
2024-08-14 12:46:52,041 - INFO - Ratio of 1s to 0s in the outcome variable: 0.50 : 0.50
2024-08-14 12:46:52,041 - INFO - Dynamic threshold set to: 0.5
2024-08-14 12:46:52,041 - INFO - Model trained and saved successfully for subset 10.
2024-08-14 12:46:52,041 - INFO - ---------------------------
2024-08-14 12:46:52,041 - INFO - TRAIN MODEL STAGE COMPLETED FOR SUBSET 10
2024-08-14 12:46:52,041 - INFO - ---------------------------
2024-08-14 12:46:52,041 - INFO - --------------------------------
2024-08-14 12:46:52,042 - INFO - EVALUATE MODEL STAGE STARTING FOR SUBSET 10...
2024-08-14 12:46:52,042 - INFO - --------------------------------
2024-08-14 12:46:52,066 - INFO - ROC AUC Score: 0.635904
2024-08-14 12:46:52,067 - INFO - Confusion Matrix: 
[[66 59]
 [46 79]]
2024-08-14 12:46:52,067 - INFO - Precision: 0.572463768115942
2024-08-14 12:46:52,067 - INFO - Recall: 0.632
2024-08-14 12:46:52,067 - INFO - Model evaluated successfully for subset 10.
2024-08-14 12:46:52,067 - INFO - ------------------------------
2024-08-14 12:46:52,067 - INFO - EVALUATE MODEL STAGE COMPLETED FOR SUBSET 10
2024-08-14 12:46:52,067 - INFO - ------------------------------
2024-08-14 12:46:52,068 - INFO - Subset 11 demographic makeup: 1000 1
2024-08-14 12:46:52,068 - INFO - Processing subset 11...
2024-08-14 12:46:52,068 - INFO - -----------------------------
2024-08-14 12:46:52,068 - INFO - TRAIN MODEL STAGE STARTING FOR SUBSET 11...
2024-08-14 12:46:52,068 - INFO - -----------------------------
2024-08-14 12:46:52,074 - INFO - Scaling features and applying LASSO for feature selection...
2024-08-14 12:46:54,163 - INFO - Selected features (including required): ['who', 'age', 'is_female', 'unemployed', 'unstableliving', 'education', 'marital', 'UDS_Amphetamine_Count', 'UDS_Benzodiazepine_Count', 'UDS_Buprenorphine_Count', 'UDS_Cocaine_Count', 'UDS_Methadone_Count', 'UDS_Opioid_Count', 'UDS_Sedatives_Count', 'UDS_Thc_Count', 'pain', 'has_schizophrenia', 'has_major_dep', 'has_bipolar', 'has_anx_pan', 'has_brain_damage', 'has_epilepsy', 'has_alcol_dx', 'has_amphetamines_dx', 'has_cannabis_dx', 'has_cocaine_dx', 'has_sedatives_dx', 'ftnd', 'XTRT', 'shared', 'rbsivheroin', 'TLFB_Alcohol_Count', 'TLFB_Amphetamine_Count', 'TLFB_Benzodiazepine_Count', 'TLFB_Buprenorphine_Count', 'TLFB_Cocaine_Count', 'TLFB_Heroin_Count', 'TLFB_Methadone_Count', 'TLFB_Opioid_Count', 'TLFB_THC_Count', 'TLFB_Other', 'Homosexual_Behavior', 'Non_monogamous_Relationships']
2024-08-14 12:46:54,181 - INFO - Fitting logistic regression model with the selected features...
2024-08-14 12:46:55,797 - INFO - Model training completed successfully.
2024-08-14 12:46:55,798 - INFO - Calculating the dynamic threshold based on the proportion of positive outcomes...
2024-08-14 12:46:55,799 - INFO - Ratio of 1s to 0s in the outcome variable: 0.57 : 0.43
2024-08-14 12:46:55,799 - INFO - Dynamic threshold set to: 0.572
2024-08-14 12:46:55,799 - INFO - Model trained and saved successfully for subset 11.
2024-08-14 12:46:55,800 - INFO - ---------------------------
2024-08-14 12:46:55,800 - INFO - TRAIN MODEL STAGE COMPLETED FOR SUBSET 11
2024-08-14 12:46:55,801 - INFO - ---------------------------
2024-08-14 12:46:55,803 - INFO - --------------------------------
2024-08-14 12:46:55,805 - INFO - EVALUATE MODEL STAGE STARTING FOR SUBSET 11...
2024-08-14 12:46:55,805 - INFO - --------------------------------
2024-08-14 12:46:55,826 - INFO - ROC AUC Score: 0.5944709496111364
2024-08-14 12:46:55,826 - INFO - Confusion Matrix: 
[[71 36]
 [70 73]]
2024-08-14 12:46:55,827 - INFO - Precision: 0.6697247706422018
2024-08-14 12:46:55,827 - INFO - Recall: 0.5104895104895105
2024-08-14 12:46:55,827 - INFO - Model evaluated successfully for subset 11.
2024-08-14 12:46:55,827 - INFO - ------------------------------
2024-08-14 12:46:55,828 - INFO - EVALUATE MODEL STAGE COMPLETED FOR SUBSET 11
2024-08-14 12:46:55,828 - INFO - ------------------------------
2024-08-14 12:46:55,828 - INFO - ------------------
2024-08-14 12:46:55,828 - INFO - PIPELINE COMPLETED
2024-08-14 12:46:55,829 - INFO - ------------------
