2024-06-13 14:57:01 - INFO - -------------------------------------------
2024-06-13 14:57:01 - INFO - Logging setup complete - starting pipeline.
2024-06-13 14:57:01 - INFO - -------------------------------------------
2024-06-13 14:57:05 - INFO - Datasets loaded successfully.
2024-06-13 14:57:05 - INFO - Selected outcome column 'Ab_ling_1998' successfully.
2024-06-13 14:57:05 - INFO - Starting merge of dataset and selected outcome...
2024-06-13 14:57:05 - INFO - Dataset merged successfully with selected outcome.
2024-06-13 14:57:05 - INFO - Starting preprocessing of the merged dataset...
2024-06-13 14:57:05 - INFO - ---------------------------------
2024-06-13 14:57:05 - INFO - PRE-PROCESSING STAGE STARTING...
2024-06-13 14:57:05 - INFO - ---------------------------------
2024-06-13 14:57:05 - INFO - Dropped initial columns: ['pain_when', 'is_smoker', 'per_day', 'max', 'amount', 'depression', 'anxiety', 'schizophrenia', 'max', 'amount', 'cocaine_inject_days', 'speedball_inject_days', 'opioid_inject_days', 'speed_inject_days', 'UDS_Alcohol_Count', 'UDS_Mdma/Hallucinogen_Count']
2024-06-13 14:57:05 - INFO - Converted Yes/No to binary.
2024-06-13 14:57:05 - INFO - Processed TLFB columns with specified columns: ['TLFB_Alcohol_Count', 'TLFB_Amphetamine_Count', 'TLFB_Cocaine_Count', 'TLFB_Heroin_Count', 'TLFB_Benzodiazepine_Count', 'TLFB_Opioid_Count', 'TLFB_THC_Count', 'TLFB_Methadone_Count', 'TLFB_Buprenorphine_Count']
2024-06-13 14:57:05 - INFO - Calculated behavioral columns.
2024-06-13 14:57:05 - INFO - Moved 'Ab_ling_1998' column to the end.
2024-06-13 14:57:05 - INFO - Dropped initial columns: ['msm_npt', 'msm_frq', 'txx_prt']
2024-06-13 14:57:05 - INFO - transform_data_with_nan_handling success
2024-06-13 14:57:05 - INFO - Renamed columns according to the mapping.
2024-06-13 14:57:05 - INFO - Transformed NaN to 0 for binary columns.
2024-06-13 14:57:05 - INFO - Transformed and renamed 'heroin_inject_days' column to 'rbsivheroin'.
2024-06-13 14:57:05 - INFO - Filled NaN with 0 for 'ftnd' column.
2024-06-13 14:57:05 - INFO - Dropped additional columns: ['rbs_iv_days', 'race', 'RBS_cocaine_Days', 'RBS_heroin_Days', 'RBS_opioid_Days', 'RBS_speed_Days', 'RBS_speedball_Days']
2024-06-13 14:57:05 - INFO - Converted UDS drug counts to binary.
2024-06-13 14:57:05 - INFO - ------------------------------
2024-06-13 14:57:05 - INFO - PRE-PROCESSING STAGE COMPLETED
2024-06-13 14:57:05 - INFO - ------------------------------
2024-06-13 14:57:05 - INFO - Merged dataset preprocessed successfully.
2024-06-13 14:57:05 - INFO - Creating demographic subsets from preprocessed data...
2024-06-13 14:57:06 - INFO - Created 11 subsets successfully.
2024-06-13 14:57:06 - INFO - Processing subset 1...
2024-06-13 14:57:06 - INFO - -----------------------------
2024-06-13 14:57:06 - INFO - TRAIN MODEL STAGE STARTING FOR SUBSET 1...
2024-06-13 14:57:06 - INFO - -----------------------------
2024-06-13 14:57:06 - ERROR - Error during model training for subset 1: "['Ab_ling_1998'] not found in axis"
2024-06-13 14:57:06 - INFO - Processing subset 2...
2024-06-13 14:57:06 - INFO - -----------------------------
2024-06-13 14:57:06 - INFO - TRAIN MODEL STAGE STARTING FOR SUBSET 2...
2024-06-13 14:57:06 - INFO - -----------------------------
2024-06-13 14:57:06 - ERROR - Error during model training for subset 2: "['Ab_ling_1998'] not found in axis"
2024-06-13 14:57:06 - INFO - Processing subset 3...
2024-06-13 14:57:06 - INFO - -----------------------------
2024-06-13 14:57:06 - INFO - TRAIN MODEL STAGE STARTING FOR SUBSET 3...
2024-06-13 14:57:06 - INFO - -----------------------------
2024-06-13 14:57:06 - ERROR - Error during model training for subset 3: "['Ab_ling_1998'] not found in axis"
2024-06-13 14:57:06 - INFO - Processing subset 4...
2024-06-13 14:57:06 - INFO - -----------------------------
2024-06-13 14:57:06 - INFO - TRAIN MODEL STAGE STARTING FOR SUBSET 4...
2024-06-13 14:57:06 - INFO - -----------------------------
2024-06-13 14:57:06 - ERROR - Error during model training for subset 4: "['Ab_ling_1998'] not found in axis"
2024-06-13 14:57:06 - INFO - Processing subset 5...
2024-06-13 14:57:06 - INFO - -----------------------------
2024-06-13 14:57:06 - INFO - TRAIN MODEL STAGE STARTING FOR SUBSET 5...
2024-06-13 14:57:06 - INFO - -----------------------------
2024-06-13 14:57:06 - ERROR - Error during model training for subset 5: "['Ab_ling_1998'] not found in axis"
2024-06-13 14:57:06 - INFO - Processing subset 6...
2024-06-13 14:57:06 - INFO - -----------------------------
2024-06-13 14:57:06 - INFO - TRAIN MODEL STAGE STARTING FOR SUBSET 6...
2024-06-13 14:57:06 - INFO - -----------------------------
2024-06-13 14:57:06 - ERROR - Error during model training for subset 6: "['Ab_ling_1998'] not found in axis"
2024-06-13 14:57:06 - INFO - Processing subset 7...
2024-06-13 14:57:06 - INFO - -----------------------------
2024-06-13 14:57:06 - INFO - TRAIN MODEL STAGE STARTING FOR SUBSET 7...
2024-06-13 14:57:06 - INFO - -----------------------------
2024-06-13 14:57:06 - ERROR - Error during model training for subset 7: "['Ab_ling_1998'] not found in axis"
2024-06-13 14:57:06 - INFO - Processing subset 8...
2024-06-13 14:57:06 - INFO - -----------------------------
2024-06-13 14:57:06 - INFO - TRAIN MODEL STAGE STARTING FOR SUBSET 8...
2024-06-13 14:57:06 - INFO - -----------------------------
2024-06-13 14:57:06 - ERROR - Error during model training for subset 8: "['Ab_ling_1998'] not found in axis"
2024-06-13 14:57:06 - INFO - Processing subset 9...
2024-06-13 14:57:06 - INFO - -----------------------------
2024-06-13 14:57:06 - INFO - TRAIN MODEL STAGE STARTING FOR SUBSET 9...
2024-06-13 14:57:06 - INFO - -----------------------------
2024-06-13 14:57:06 - ERROR - Error during model training for subset 9: "['Ab_ling_1998'] not found in axis"
2024-06-13 14:57:06 - INFO - Processing subset 10...
2024-06-13 14:57:06 - INFO - -----------------------------
2024-06-13 14:57:06 - INFO - TRAIN MODEL STAGE STARTING FOR SUBSET 10...
2024-06-13 14:57:06 - INFO - -----------------------------
2024-06-13 14:57:06 - ERROR - Error during model training for subset 10: "['Ab_ling_1998'] not found in axis"
2024-06-13 14:57:06 - INFO - Processing subset 11...
2024-06-13 14:57:06 - INFO - -----------------------------
2024-06-13 14:57:06 - INFO - TRAIN MODEL STAGE STARTING FOR SUBSET 11...
2024-06-13 14:57:06 - INFO - -----------------------------
2024-06-13 14:57:06 - ERROR - Error during model training for subset 11: "['Ab_ling_1998'] not found in axis"
2024-06-13 14:57:06 - INFO - ------------------
2024-06-13 14:57:06 - INFO - PIPELINE COMPLETED
2024-06-13 14:57:06 - INFO - ------------------
