2024-07-31 15:05:09 - INFO - -------------------------------------------
2024-07-31 15:05:09 - INFO - Logging setup complete - starting pipeline.
2024-07-31 15:05:09 - INFO - -------------------------------------------
2024-07-31 15:05:09 - INFO - Global Seed set to: 1722452709
2024-07-31 15:05:13 - INFO - Datasets loaded successfully.
2024-07-31 15:05:13 - INFO - Starting preprocessing of the merged dataset...
2024-07-31 15:05:13 - INFO - ---------------------------------
2024-07-31 15:05:13 - INFO - PRE-PROCESSING STAGE STARTING...
2024-07-31 15:05:13 - INFO - ---------------------------------
2024-07-31 15:05:13 - INFO - Dropped initial columns: ['pain_when', 'is_smoker', 'per_day', 'max', 'amount', 'depression', 'anxiety', 'schizophrenia', 'max', 'amount', 'cocaine_inject_days', 'speedball_inject_days', 'opioid_inject_days', 'speed_inject_days', 'UDS_Alcohol_Count', 'UDS_Mdma/Hallucinogen_Count']
2024-07-31 15:05:13 - INFO - Converted Yes/No to binary.
2024-07-31 15:05:13 - INFO - Processed TLFB columns with specified columns: ['TLFB_Alcohol_Count', 'TLFB_Amphetamine_Count', 'TLFB_Cocaine_Count', 'TLFB_Heroin_Count', 'TLFB_Benzodiazepine_Count', 'TLFB_Opioid_Count', 'TLFB_THC_Count', 'TLFB_Methadone_Count', 'TLFB_Buprenorphine_Count']
2024-07-31 15:05:13 - INFO - Calculated behavioral columns.
2024-07-31 15:05:13 - INFO - Moved 'Rd_kostenB_1993' column to the end.
2024-07-31 15:05:13 - INFO - Dropped initial columns: ['msm_npt', 'msm_frq', 'txx_prt']
2024-07-31 15:05:13 - INFO - transform_data_with_nan_handling success
2024-07-31 15:05:13 - INFO - Renamed columns according to the mapping.
2024-07-31 15:05:13 - INFO - Transformed NaN to 0 for binary columns.
2024-07-31 15:05:13 - INFO - Transformed and renamed 'heroin_inject_days' column to 'rbsivheroin'.
2024-07-31 15:05:13 - INFO - Filled NaN with 0 for 'ftnd' column.
2024-07-31 15:05:13 - INFO - Dropped additional columns: ['rbs_iv_days', 'race', 'RBS_cocaine_Days', 'RBS_heroin_Days', 'RBS_opioid_Days', 'RBS_speed_Days', 'RBS_speedball_Days']
2024-07-31 15:05:13 - INFO - Converted UDS drug counts to binary.
2024-07-31 15:05:13 - INFO - ------------------------------
2024-07-31 15:05:13 - INFO - PRE-PROCESSING STAGE COMPLETED
2024-07-31 15:05:13 - INFO - ------------------------------
2024-07-31 15:05:13 - INFO - Merged dataset preprocessed successfully.
2024-07-31 15:05:13 - INFO - Creating demographic subsets from preprocessed data...
2024-07-31 15:05:22 - INFO - Created 11 subsets successfully.
2024-07-31 15:05:22 - INFO - Creating merged subsets from create_demographics_dfs function
2024-07-31 15:05:22 - INFO - Created 11 merged subsets successfully.
2024-07-31 15:05:22 - INFO - Subset 1 demographic makeup: 500 1, 261 3, 141 2, 98 4
2024-07-31 15:05:22 - INFO - Processing subset 1...
2024-07-31 15:05:22 - INFO - -----------------------------
2024-07-31 15:05:22 - INFO - TRAIN MODEL STAGE STARTING FOR SUBSET 1...
2024-07-31 15:05:22 - INFO - -----------------------------
2024-07-31 15:05:22 - INFO - Scaling features and applying LASSO for feature selection...
2024-07-31 15:05:25 - INFO - Selected features (including required): ['who', 'RaceEth', 'age', 'is_female', 'is_hispanic', 'unemployed', 'unstableliving', 'education', 'marital', 'UDS_Amphetamine_Count', 'UDS_Benzodiazepine_Count', 'UDS_Buprenorphine_Count', 'UDS_Cocaine_Count', 'UDS_Methadone_Count', 'UDS_Opioid_Count', 'UDS_Sedatives_Count', 'UDS_Thc_Count', 'pain', 'has_schizophrenia', 'has_major_dep', 'has_bipolar', 'has_anx_pan', 'has_brain_damage', 'has_epilepsy', 'has_opiates_dx', 'has_alcol_dx', 'has_amphetamines_dx', 'has_cannabis_dx', 'has_cocaine_dx', 'has_sedatives_dx', 'ftnd', 'XTRT', 'shared', 'rbsivheroin', 'TLFB_Alcohol_Count', 'TLFB_Amphetamine_Count', 'TLFB_Benzodiazepine_Count', 'TLFB_Buprenorphine_Count', 'TLFB_Cocaine_Count', 'TLFB_Heroin_Count', 'TLFB_Methadone_Count', 'TLFB_Opioid_Count', 'TLFB_THC_Count', 'TLFB_Other', 'Homosexual_Behavior', 'Non_monogamous_Relationships']
2024-07-31 15:05:25 - INFO - Fitting logistic regression model with the selected features...
2024-07-31 15:05:26 - INFO - Model training completed successfully.
2024-07-31 15:05:26 - INFO - Calculating the dynamic threshold based on the proportion of positive outcomes...
2024-07-31 15:05:26 - INFO - Ratio of 1s to 0s in the outcome variable: 0.48 : 0.52
2024-07-31 15:05:26 - INFO - Dynamic threshold set to: 0.484
2024-07-31 15:05:26 - INFO - Model trained and saved successfully for subset 1.
2024-07-31 15:05:26 - INFO - ---------------------------
2024-07-31 15:05:26 - INFO - TRAIN MODEL STAGE COMPLETED FOR SUBSET 1
2024-07-31 15:05:26 - INFO - ---------------------------
2024-07-31 15:05:26 - INFO - --------------------------------
2024-07-31 15:05:26 - INFO - EVALUATE MODEL STAGE STARTING FOR SUBSET 1...
2024-07-31 15:05:26 - INFO - --------------------------------
2024-07-31 15:05:26 - INFO - ROC AUC Score: 0.665705682619002
2024-07-31 15:05:26 - INFO - Confusion Matrix: 
[[79 50]
 [46 75]]
2024-07-31 15:05:26 - INFO - Precision: 0.6
2024-07-31 15:05:26 - INFO - Recall: 0.6198347107438017
2024-07-31 15:05:26 - INFO - Model evaluated successfully for subset 1.
2024-07-31 15:05:26 - INFO - ------------------------------
2024-07-31 15:05:26 - INFO - EVALUATE MODEL STAGE COMPLETED FOR SUBSET 1
2024-07-31 15:05:26 - INFO - ------------------------------
2024-07-31 15:05:26 - INFO - Subset 2 demographic makeup: 550 1, 231 3, 130 2, 89 4
2024-07-31 15:05:26 - INFO - Processing subset 2...
2024-07-31 15:05:26 - INFO - -----------------------------
2024-07-31 15:05:26 - INFO - TRAIN MODEL STAGE STARTING FOR SUBSET 2...
2024-07-31 15:05:26 - INFO - -----------------------------
2024-07-31 15:05:26 - INFO - Scaling features and applying LASSO for feature selection...
2024-07-31 15:05:30 - INFO - Selected features (including required): ['who', 'RaceEth', 'age', 'is_female', 'is_hispanic', 'unemployed', 'unstableliving', 'education', 'marital', 'UDS_Amphetamine_Count', 'UDS_Benzodiazepine_Count', 'UDS_Buprenorphine_Count', 'UDS_Cocaine_Count', 'UDS_Methadone_Count', 'UDS_Opioid_Count', 'UDS_Sedatives_Count', 'UDS_Thc_Count', 'pain', 'has_schizophrenia', 'has_major_dep', 'has_bipolar', 'has_anx_pan', 'has_brain_damage', 'has_epilepsy', 'has_opiates_dx', 'has_alcol_dx', 'has_amphetamines_dx', 'has_cannabis_dx', 'has_cocaine_dx', 'has_sedatives_dx', 'ftnd', 'XTRT', 'shared', 'rbsivheroin', 'TLFB_Alcohol_Count', 'TLFB_Amphetamine_Count', 'TLFB_Benzodiazepine_Count', 'TLFB_Buprenorphine_Count', 'TLFB_Cocaine_Count', 'TLFB_Heroin_Count', 'TLFB_Methadone_Count', 'TLFB_Opioid_Count', 'TLFB_THC_Count', 'TLFB_Other', 'Homosexual_Behavior', 'Non_monogamous_Relationships']
2024-07-31 15:05:30 - INFO - Fitting logistic regression model with the selected features...
2024-07-31 15:05:30 - INFO - Model training completed successfully.
2024-07-31 15:05:30 - INFO - Calculating the dynamic threshold based on the proportion of positive outcomes...
2024-07-31 15:05:30 - INFO - Ratio of 1s to 0s in the outcome variable: 0.50 : 0.50
2024-07-31 15:05:30 - INFO - Dynamic threshold set to: 0.496
2024-07-31 15:05:30 - INFO - Model trained and saved successfully for subset 2.
2024-07-31 15:05:30 - INFO - ---------------------------
2024-07-31 15:05:30 - INFO - TRAIN MODEL STAGE COMPLETED FOR SUBSET 2
2024-07-31 15:05:30 - INFO - ---------------------------
2024-07-31 15:05:30 - INFO - --------------------------------
2024-07-31 15:05:30 - INFO - EVALUATE MODEL STAGE STARTING FOR SUBSET 2...
2024-07-31 15:05:30 - INFO - --------------------------------
2024-07-31 15:05:30 - INFO - ROC AUC Score: 0.6561699948796723
2024-07-31 15:05:30 - INFO - Confusion Matrix: 
[[93 33]
 [57 67]]
2024-07-31 15:05:30 - INFO - Precision: 0.67
2024-07-31 15:05:30 - INFO - Recall: 0.5403225806451613
2024-07-31 15:05:30 - INFO - Model evaluated successfully for subset 2.
2024-07-31 15:05:30 - INFO - ------------------------------
2024-07-31 15:05:30 - INFO - EVALUATE MODEL STAGE COMPLETED FOR SUBSET 2
2024-07-31 15:05:30 - INFO - ------------------------------
2024-07-31 15:05:30 - INFO - Subset 3 demographic makeup: 600 1, 204 3, 116 2, 80 4
2024-07-31 15:05:30 - INFO - Processing subset 3...
2024-07-31 15:05:30 - INFO - -----------------------------
2024-07-31 15:05:30 - INFO - TRAIN MODEL STAGE STARTING FOR SUBSET 3...
2024-07-31 15:05:30 - INFO - -----------------------------
2024-07-31 15:05:30 - INFO - Scaling features and applying LASSO for feature selection...
2024-07-31 15:05:32 - INFO - Selected features (including required): ['who', 'RaceEth', 'age', 'is_female', 'is_hispanic', 'unemployed', 'unstableliving', 'education', 'marital', 'UDS_Amphetamine_Count', 'UDS_Benzodiazepine_Count', 'UDS_Buprenorphine_Count', 'UDS_Cocaine_Count', 'UDS_Methadone_Count', 'UDS_Opioid_Count', 'UDS_Sedatives_Count', 'UDS_Thc_Count', 'pain', 'has_schizophrenia', 'has_major_dep', 'has_bipolar', 'has_anx_pan', 'has_brain_damage', 'has_epilepsy', 'has_opiates_dx', 'has_alcol_dx', 'has_amphetamines_dx', 'has_cannabis_dx', 'has_cocaine_dx', 'has_sedatives_dx', 'ftnd', 'XTRT', 'shared', 'rbsivheroin', 'TLFB_Alcohol_Count', 'TLFB_Amphetamine_Count', 'TLFB_Benzodiazepine_Count', 'TLFB_Buprenorphine_Count', 'TLFB_Cocaine_Count', 'TLFB_Heroin_Count', 'TLFB_Methadone_Count', 'TLFB_Opioid_Count', 'TLFB_THC_Count', 'TLFB_Other', 'Homosexual_Behavior', 'Non_monogamous_Relationships']
2024-07-31 15:05:32 - INFO - Fitting logistic regression model with the selected features...
2024-07-31 15:05:33 - INFO - Model training completed successfully.
2024-07-31 15:05:33 - INFO - Calculating the dynamic threshold based on the proportion of positive outcomes...
2024-07-31 15:05:33 - INFO - Ratio of 1s to 0s in the outcome variable: 0.47 : 0.53
2024-07-31 15:05:33 - INFO - Dynamic threshold set to: 0.472
2024-07-31 15:05:33 - INFO - Model trained and saved successfully for subset 3.
2024-07-31 15:05:33 - INFO - ---------------------------
2024-07-31 15:05:33 - INFO - TRAIN MODEL STAGE COMPLETED FOR SUBSET 3
2024-07-31 15:05:33 - INFO - ---------------------------
2024-07-31 15:05:33 - INFO - --------------------------------
2024-07-31 15:05:33 - INFO - EVALUATE MODEL STAGE STARTING FOR SUBSET 3...
2024-07-31 15:05:33 - INFO - --------------------------------
2024-07-31 15:05:33 - INFO - ROC AUC Score: 0.6602465331278891
2024-07-31 15:05:33 - INFO - Confusion Matrix: 
[[75 57]
 [46 72]]
2024-07-31 15:05:33 - INFO - Precision: 0.5581395348837209
2024-07-31 15:05:33 - INFO - Recall: 0.6101694915254238
2024-07-31 15:05:33 - INFO - Model evaluated successfully for subset 3.
2024-07-31 15:05:33 - INFO - ------------------------------
2024-07-31 15:05:33 - INFO - EVALUATE MODEL STAGE COMPLETED FOR SUBSET 3
2024-07-31 15:05:33 - INFO - ------------------------------
2024-07-31 15:05:33 - INFO - Subset 4 demographic makeup: 650 1, 174 3, 104 2, 72 4
2024-07-31 15:05:33 - INFO - Processing subset 4...
2024-07-31 15:05:33 - INFO - -----------------------------
2024-07-31 15:05:33 - INFO - TRAIN MODEL STAGE STARTING FOR SUBSET 4...
2024-07-31 15:05:33 - INFO - -----------------------------
2024-07-31 15:05:33 - INFO - Scaling features and applying LASSO for feature selection...
2024-07-31 15:05:35 - INFO - Selected features (including required): ['who', 'RaceEth', 'age', 'is_female', 'is_hispanic', 'unemployed', 'unstableliving', 'education', 'marital', 'UDS_Amphetamine_Count', 'UDS_Benzodiazepine_Count', 'UDS_Buprenorphine_Count', 'UDS_Cocaine_Count', 'UDS_Methadone_Count', 'UDS_Opioid_Count', 'UDS_Sedatives_Count', 'UDS_Thc_Count', 'pain', 'has_schizophrenia', 'has_major_dep', 'has_bipolar', 'has_anx_pan', 'has_brain_damage', 'has_epilepsy', 'has_opiates_dx', 'has_alcol_dx', 'has_amphetamines_dx', 'has_cannabis_dx', 'has_cocaine_dx', 'has_sedatives_dx', 'ftnd', 'XTRT', 'shared', 'rbsivheroin', 'TLFB_Alcohol_Count', 'TLFB_Amphetamine_Count', 'TLFB_Benzodiazepine_Count', 'TLFB_Buprenorphine_Count', 'TLFB_Cocaine_Count', 'TLFB_Heroin_Count', 'TLFB_Methadone_Count', 'TLFB_Opioid_Count', 'TLFB_THC_Count', 'TLFB_Other', 'Homosexual_Behavior', 'Non_monogamous_Relationships']
2024-07-31 15:05:35 - INFO - Fitting logistic regression model with the selected features...
2024-07-31 15:05:35 - INFO - Model training completed successfully.
2024-07-31 15:05:35 - INFO - Calculating the dynamic threshold based on the proportion of positive outcomes...
2024-07-31 15:05:35 - INFO - Ratio of 1s to 0s in the outcome variable: 0.52 : 0.48
2024-07-31 15:05:35 - INFO - Dynamic threshold set to: 0.516
2024-07-31 15:05:35 - INFO - Model trained and saved successfully for subset 4.
2024-07-31 15:05:35 - INFO - ---------------------------
2024-07-31 15:05:35 - INFO - TRAIN MODEL STAGE COMPLETED FOR SUBSET 4
2024-07-31 15:05:35 - INFO - ---------------------------
2024-07-31 15:05:35 - INFO - --------------------------------
2024-07-31 15:05:35 - INFO - EVALUATE MODEL STAGE STARTING FOR SUBSET 4...
2024-07-31 15:05:35 - INFO - --------------------------------
2024-07-31 15:05:35 - INFO - ROC AUC Score: 0.6933179575885706
2024-07-31 15:05:35 - INFO - Confusion Matrix: 
[[83 38]
 [52 77]]
2024-07-31 15:05:35 - INFO - Precision: 0.6695652173913044
2024-07-31 15:05:35 - INFO - Recall: 0.5968992248062015
2024-07-31 15:05:35 - INFO - Model evaluated successfully for subset 4.
2024-07-31 15:05:35 - INFO - ------------------------------
2024-07-31 15:05:35 - INFO - EVALUATE MODEL STAGE COMPLETED FOR SUBSET 4
2024-07-31 15:05:35 - INFO - ------------------------------
2024-07-31 15:05:35 - INFO - Subset 5 demographic makeup: 700 1, 149 3, 90 2, 61 4
2024-07-31 15:05:35 - INFO - Processing subset 5...
2024-07-31 15:05:35 - INFO - -----------------------------
2024-07-31 15:05:35 - INFO - TRAIN MODEL STAGE STARTING FOR SUBSET 5...
2024-07-31 15:05:35 - INFO - -----------------------------
2024-07-31 15:05:35 - INFO - Scaling features and applying LASSO for feature selection...
2024-07-31 15:05:38 - INFO - Selected features (including required): ['who', 'RaceEth', 'age', 'is_female', 'is_hispanic', 'unemployed', 'unstableliving', 'education', 'marital', 'UDS_Amphetamine_Count', 'UDS_Benzodiazepine_Count', 'UDS_Buprenorphine_Count', 'UDS_Cocaine_Count', 'UDS_Methadone_Count', 'UDS_Opioid_Count', 'UDS_Sedatives_Count', 'UDS_Thc_Count', 'pain', 'has_schizophrenia', 'has_major_dep', 'has_bipolar', 'has_anx_pan', 'has_brain_damage', 'has_epilepsy', 'has_opiates_dx', 'has_alcol_dx', 'has_amphetamines_dx', 'has_cannabis_dx', 'has_cocaine_dx', 'has_sedatives_dx', 'ftnd', 'XTRT', 'shared', 'rbsivheroin', 'TLFB_Alcohol_Count', 'TLFB_Amphetamine_Count', 'TLFB_Benzodiazepine_Count', 'TLFB_Buprenorphine_Count', 'TLFB_Cocaine_Count', 'TLFB_Heroin_Count', 'TLFB_Methadone_Count', 'TLFB_Opioid_Count', 'TLFB_THC_Count', 'TLFB_Other', 'Homosexual_Behavior', 'Non_monogamous_Relationships']
2024-07-31 15:05:38 - INFO - Fitting logistic regression model with the selected features...
2024-07-31 15:05:39 - INFO - Model training completed successfully.
2024-07-31 15:05:39 - INFO - Calculating the dynamic threshold based on the proportion of positive outcomes...
2024-07-31 15:05:39 - INFO - Ratio of 1s to 0s in the outcome variable: 0.48 : 0.52
2024-07-31 15:05:39 - INFO - Dynamic threshold set to: 0.484
2024-07-31 15:05:39 - INFO - Model trained and saved successfully for subset 5.
2024-07-31 15:05:39 - INFO - ---------------------------
2024-07-31 15:05:39 - INFO - TRAIN MODEL STAGE COMPLETED FOR SUBSET 5
2024-07-31 15:05:39 - INFO - ---------------------------
2024-07-31 15:05:39 - INFO - --------------------------------
2024-07-31 15:05:39 - INFO - EVALUATE MODEL STAGE STARTING FOR SUBSET 5...
2024-07-31 15:05:39 - INFO - --------------------------------
2024-07-31 15:05:39 - INFO - ROC AUC Score: 0.668076109936575
2024-07-31 15:05:39 - INFO - Confusion Matrix: 
[[78 51]
 [38 83]]
2024-07-31 15:05:39 - INFO - Precision: 0.6194029850746269
2024-07-31 15:05:39 - INFO - Recall: 0.6859504132231405
2024-07-31 15:05:39 - INFO - Model evaluated successfully for subset 5.
2024-07-31 15:05:39 - INFO - ------------------------------
2024-07-31 15:05:39 - INFO - EVALUATE MODEL STAGE COMPLETED FOR SUBSET 5
2024-07-31 15:05:39 - INFO - ------------------------------
2024-07-31 15:05:39 - INFO - Subset 6 demographic makeup: 750 1, 129 3, 72 2, 49 4
2024-07-31 15:05:39 - INFO - Processing subset 6...
2024-07-31 15:05:39 - INFO - -----------------------------
2024-07-31 15:05:39 - INFO - TRAIN MODEL STAGE STARTING FOR SUBSET 6...
2024-07-31 15:05:39 - INFO - -----------------------------
2024-07-31 15:05:39 - INFO - Scaling features and applying LASSO for feature selection...
2024-07-31 15:05:42 - INFO - Selected features (including required): ['who', 'RaceEth', 'age', 'is_female', 'is_hispanic', 'unemployed', 'unstableliving', 'education', 'marital', 'UDS_Amphetamine_Count', 'UDS_Benzodiazepine_Count', 'UDS_Buprenorphine_Count', 'UDS_Cocaine_Count', 'UDS_Methadone_Count', 'UDS_Opioid_Count', 'UDS_Sedatives_Count', 'UDS_Thc_Count', 'pain', 'has_schizophrenia', 'has_major_dep', 'has_bipolar', 'has_anx_pan', 'has_brain_damage', 'has_epilepsy', 'has_opiates_dx', 'has_alcol_dx', 'has_amphetamines_dx', 'has_cannabis_dx', 'has_cocaine_dx', 'has_sedatives_dx', 'ftnd', 'XTRT', 'shared', 'rbsivheroin', 'TLFB_Alcohol_Count', 'TLFB_Amphetamine_Count', 'TLFB_Benzodiazepine_Count', 'TLFB_Buprenorphine_Count', 'TLFB_Cocaine_Count', 'TLFB_Heroin_Count', 'TLFB_Methadone_Count', 'TLFB_Opioid_Count', 'TLFB_THC_Count', 'TLFB_Other', 'Homosexual_Behavior', 'Non_monogamous_Relationships']
2024-07-31 15:05:42 - INFO - Fitting logistic regression model with the selected features...
2024-07-31 15:05:43 - INFO - Model training completed successfully.
2024-07-31 15:05:43 - INFO - Calculating the dynamic threshold based on the proportion of positive outcomes...
2024-07-31 15:05:43 - INFO - Ratio of 1s to 0s in the outcome variable: 0.55 : 0.45
2024-07-31 15:05:43 - INFO - Dynamic threshold set to: 0.548
2024-07-31 15:05:43 - INFO - Model trained and saved successfully for subset 6.
2024-07-31 15:05:43 - INFO - ---------------------------
2024-07-31 15:05:43 - INFO - TRAIN MODEL STAGE COMPLETED FOR SUBSET 6
2024-07-31 15:05:43 - INFO - ---------------------------
2024-07-31 15:05:43 - INFO - --------------------------------
2024-07-31 15:05:43 - INFO - EVALUATE MODEL STAGE STARTING FOR SUBSET 6...
2024-07-31 15:05:43 - INFO - --------------------------------
2024-07-31 15:05:43 - INFO - ROC AUC Score: 0.6583554033977133
2024-07-31 15:05:43 - INFO - Confusion Matrix: 
[[84 29]
 [74 63]]
2024-07-31 15:05:43 - INFO - Precision: 0.6847826086956522
2024-07-31 15:05:43 - INFO - Recall: 0.45985401459854014
2024-07-31 15:05:43 - INFO - Model evaluated successfully for subset 6.
2024-07-31 15:05:43 - INFO - ------------------------------
2024-07-31 15:05:43 - INFO - EVALUATE MODEL STAGE COMPLETED FOR SUBSET 6
2024-07-31 15:05:43 - INFO - ------------------------------
2024-07-31 15:05:43 - INFO - Subset 7 demographic makeup: 800 1, 95 3, 61 2, 44 4
2024-07-31 15:05:43 - INFO - Processing subset 7...
2024-07-31 15:05:43 - INFO - -----------------------------
2024-07-31 15:05:43 - INFO - TRAIN MODEL STAGE STARTING FOR SUBSET 7...
2024-07-31 15:05:43 - INFO - -----------------------------
2024-07-31 15:05:43 - INFO - Scaling features and applying LASSO for feature selection...
2024-07-31 15:05:46 - INFO - Selected features (including required): ['who', 'RaceEth', 'age', 'is_female', 'is_hispanic', 'unemployed', 'unstableliving', 'education', 'marital', 'UDS_Amphetamine_Count', 'UDS_Benzodiazepine_Count', 'UDS_Buprenorphine_Count', 'UDS_Cocaine_Count', 'UDS_Methadone_Count', 'UDS_Opioid_Count', 'UDS_Sedatives_Count', 'UDS_Thc_Count', 'pain', 'has_schizophrenia', 'has_major_dep', 'has_bipolar', 'has_anx_pan', 'has_brain_damage', 'has_epilepsy', 'has_opiates_dx', 'has_alcol_dx', 'has_amphetamines_dx', 'has_cannabis_dx', 'has_cocaine_dx', 'has_sedatives_dx', 'ftnd', 'XTRT', 'shared', 'rbsivheroin', 'TLFB_Alcohol_Count', 'TLFB_Amphetamine_Count', 'TLFB_Benzodiazepine_Count', 'TLFB_Buprenorphine_Count', 'TLFB_Cocaine_Count', 'TLFB_Heroin_Count', 'TLFB_Methadone_Count', 'TLFB_Opioid_Count', 'TLFB_THC_Count', 'TLFB_Other', 'Homosexual_Behavior', 'Non_monogamous_Relationships']
2024-07-31 15:05:46 - INFO - Fitting logistic regression model with the selected features...
2024-07-31 15:05:49 - INFO - Model training completed successfully.
2024-07-31 15:05:49 - INFO - Calculating the dynamic threshold based on the proportion of positive outcomes...
2024-07-31 15:05:49 - INFO - Ratio of 1s to 0s in the outcome variable: 0.54 : 0.46
2024-07-31 15:05:49 - INFO - Dynamic threshold set to: 0.536
2024-07-31 15:05:49 - INFO - Model trained and saved successfully for subset 7.
2024-07-31 15:05:49 - INFO - ---------------------------
2024-07-31 15:05:49 - INFO - TRAIN MODEL STAGE COMPLETED FOR SUBSET 7
2024-07-31 15:05:49 - INFO - ---------------------------
2024-07-31 15:05:49 - INFO - --------------------------------
2024-07-31 15:05:49 - INFO - EVALUATE MODEL STAGE STARTING FOR SUBSET 7...
2024-07-31 15:05:49 - INFO - --------------------------------
2024-07-31 15:05:49 - INFO - ROC AUC Score: 0.6752444673185796
2024-07-31 15:05:49 - INFO - Confusion Matrix: 
[[75 41]
 [61 73]]
2024-07-31 15:05:49 - INFO - Precision: 0.6403508771929824
2024-07-31 15:05:49 - INFO - Recall: 0.5447761194029851
2024-07-31 15:05:49 - INFO - Model evaluated successfully for subset 7.
2024-07-31 15:05:49 - INFO - ------------------------------
2024-07-31 15:05:49 - INFO - EVALUATE MODEL STAGE COMPLETED FOR SUBSET 7
2024-07-31 15:05:49 - INFO - ------------------------------
2024-07-31 15:05:49 - INFO - Subset 8 demographic makeup: 850 1, 72 3, 47 2, 31 4
2024-07-31 15:05:49 - INFO - Processing subset 8...
2024-07-31 15:05:49 - INFO - -----------------------------
2024-07-31 15:05:49 - INFO - TRAIN MODEL STAGE STARTING FOR SUBSET 8...
2024-07-31 15:05:49 - INFO - -----------------------------
2024-07-31 15:05:49 - INFO - Scaling features and applying LASSO for feature selection...
2024-07-31 15:05:52 - INFO - Selected features (including required): ['who', 'RaceEth', 'age', 'is_female', 'is_hispanic', 'unemployed', 'unstableliving', 'education', 'marital', 'UDS_Amphetamine_Count', 'UDS_Benzodiazepine_Count', 'UDS_Buprenorphine_Count', 'UDS_Cocaine_Count', 'UDS_Methadone_Count', 'UDS_Opioid_Count', 'UDS_Sedatives_Count', 'UDS_Thc_Count', 'pain', 'has_schizophrenia', 'has_major_dep', 'has_bipolar', 'has_anx_pan', 'has_brain_damage', 'has_epilepsy', 'has_opiates_dx', 'has_alcol_dx', 'has_amphetamines_dx', 'has_cannabis_dx', 'has_cocaine_dx', 'has_sedatives_dx', 'ftnd', 'XTRT', 'shared', 'rbsivheroin', 'TLFB_Alcohol_Count', 'TLFB_Amphetamine_Count', 'TLFB_Benzodiazepine_Count', 'TLFB_Buprenorphine_Count', 'TLFB_Cocaine_Count', 'TLFB_Heroin_Count', 'TLFB_Methadone_Count', 'TLFB_Opioid_Count', 'TLFB_THC_Count', 'TLFB_Other', 'Homosexual_Behavior', 'Non_monogamous_Relationships']
2024-07-31 15:05:52 - INFO - Fitting logistic regression model with the selected features...
2024-07-31 15:05:53 - INFO - Model training completed successfully.
2024-07-31 15:05:53 - INFO - Calculating the dynamic threshold based on the proportion of positive outcomes...
2024-07-31 15:05:53 - INFO - Ratio of 1s to 0s in the outcome variable: 0.56 : 0.44
2024-07-31 15:05:53 - INFO - Dynamic threshold set to: 0.56
2024-07-31 15:05:53 - INFO - Model trained and saved successfully for subset 8.
2024-07-31 15:05:53 - INFO - ---------------------------
2024-07-31 15:05:53 - INFO - TRAIN MODEL STAGE COMPLETED FOR SUBSET 8
2024-07-31 15:05:53 - INFO - ---------------------------
2024-07-31 15:05:53 - INFO - --------------------------------
2024-07-31 15:05:53 - INFO - EVALUATE MODEL STAGE STARTING FOR SUBSET 8...
2024-07-31 15:05:53 - INFO - --------------------------------
2024-07-31 15:05:53 - INFO - ROC AUC Score: 0.6319480519480519
2024-07-31 15:05:53 - INFO - Confusion Matrix: 
[[68 42]
 [64 76]]
2024-07-31 15:05:53 - INFO - Precision: 0.6440677966101694
2024-07-31 15:05:53 - INFO - Recall: 0.5428571428571428
2024-07-31 15:05:53 - INFO - Model evaluated successfully for subset 8.
2024-07-31 15:05:53 - INFO - ------------------------------
2024-07-31 15:05:53 - INFO - EVALUATE MODEL STAGE COMPLETED FOR SUBSET 8
2024-07-31 15:05:53 - INFO - ------------------------------
2024-07-31 15:05:53 - INFO - Subset 9 demographic makeup: 900 1, 49 3, 32 2, 19 4
2024-07-31 15:05:53 - INFO - Processing subset 9...
2024-07-31 15:05:53 - INFO - -----------------------------
2024-07-31 15:05:53 - INFO - TRAIN MODEL STAGE STARTING FOR SUBSET 9...
2024-07-31 15:05:53 - INFO - -----------------------------
2024-07-31 15:05:53 - INFO - Scaling features and applying LASSO for feature selection...
2024-07-31 15:05:57 - INFO - Selected features (including required): ['who', 'RaceEth', 'age', 'is_female', 'is_hispanic', 'unemployed', 'unstableliving', 'education', 'marital', 'UDS_Amphetamine_Count', 'UDS_Benzodiazepine_Count', 'UDS_Buprenorphine_Count', 'UDS_Cocaine_Count', 'UDS_Methadone_Count', 'UDS_Opioid_Count', 'UDS_Sedatives_Count', 'UDS_Thc_Count', 'pain', 'has_schizophrenia', 'has_major_dep', 'has_bipolar', 'has_anx_pan', 'has_brain_damage', 'has_epilepsy', 'has_opiates_dx', 'has_alcol_dx', 'has_amphetamines_dx', 'has_cannabis_dx', 'has_cocaine_dx', 'has_sedatives_dx', 'ftnd', 'XTRT', 'shared', 'rbsivheroin', 'TLFB_Alcohol_Count', 'TLFB_Amphetamine_Count', 'TLFB_Benzodiazepine_Count', 'TLFB_Buprenorphine_Count', 'TLFB_Cocaine_Count', 'TLFB_Heroin_Count', 'TLFB_Methadone_Count', 'TLFB_Opioid_Count', 'TLFB_THC_Count', 'TLFB_Other', 'Homosexual_Behavior', 'Non_monogamous_Relationships']
2024-07-31 15:05:57 - INFO - Fitting logistic regression model with the selected features...
2024-07-31 15:05:58 - INFO - Model training completed successfully.
2024-07-31 15:05:58 - INFO - Calculating the dynamic threshold based on the proportion of positive outcomes...
2024-07-31 15:05:58 - INFO - Ratio of 1s to 0s in the outcome variable: 0.51 : 0.49
2024-07-31 15:05:58 - INFO - Dynamic threshold set to: 0.508
2024-07-31 15:05:58 - INFO - Model trained and saved successfully for subset 9.
2024-07-31 15:05:58 - INFO - ---------------------------
2024-07-31 15:05:58 - INFO - TRAIN MODEL STAGE COMPLETED FOR SUBSET 9
2024-07-31 15:05:58 - INFO - ---------------------------
2024-07-31 15:05:58 - INFO - --------------------------------
2024-07-31 15:05:58 - INFO - EVALUATE MODEL STAGE STARTING FOR SUBSET 9...
2024-07-31 15:05:58 - INFO - --------------------------------
2024-07-31 15:05:58 - INFO - ROC AUC Score: 0.6945778119198516
2024-07-31 15:05:58 - INFO - Confusion Matrix: 
[[74 49]
 [40 87]]
2024-07-31 15:05:58 - INFO - Precision: 0.6397058823529411
2024-07-31 15:05:58 - INFO - Recall: 0.6850393700787402
2024-07-31 15:05:58 - INFO - Model evaluated successfully for subset 9.
2024-07-31 15:05:58 - INFO - ------------------------------
2024-07-31 15:05:58 - INFO - EVALUATE MODEL STAGE COMPLETED FOR SUBSET 9
2024-07-31 15:05:58 - INFO - ------------------------------
2024-07-31 15:05:58 - INFO - Subset 10 demographic makeup: 950 1, 26 3, 15 2, 9 4
2024-07-31 15:05:58 - INFO - Processing subset 10...
2024-07-31 15:05:58 - INFO - -----------------------------
2024-07-31 15:05:58 - INFO - TRAIN MODEL STAGE STARTING FOR SUBSET 10...
2024-07-31 15:05:58 - INFO - -----------------------------
2024-07-31 15:05:58 - INFO - Scaling features and applying LASSO for feature selection...
2024-07-31 15:06:02 - INFO - Selected features (including required): ['who', 'RaceEth', 'age', 'is_female', 'is_hispanic', 'unemployed', 'unstableliving', 'education', 'marital', 'UDS_Amphetamine_Count', 'UDS_Benzodiazepine_Count', 'UDS_Buprenorphine_Count', 'UDS_Cocaine_Count', 'UDS_Methadone_Count', 'UDS_Opioid_Count', 'UDS_Sedatives_Count', 'UDS_Thc_Count', 'pain', 'has_schizophrenia', 'has_major_dep', 'has_bipolar', 'has_anx_pan', 'has_brain_damage', 'has_epilepsy', 'has_opiates_dx', 'has_alcol_dx', 'has_amphetamines_dx', 'has_cannabis_dx', 'has_cocaine_dx', 'has_sedatives_dx', 'ftnd', 'XTRT', 'shared', 'rbsivheroin', 'TLFB_Alcohol_Count', 'TLFB_Amphetamine_Count', 'TLFB_Benzodiazepine_Count', 'TLFB_Buprenorphine_Count', 'TLFB_Cocaine_Count', 'TLFB_Heroin_Count', 'TLFB_Methadone_Count', 'TLFB_Opioid_Count', 'TLFB_THC_Count', 'TLFB_Other', 'Homosexual_Behavior', 'Non_monogamous_Relationships']
2024-07-31 15:06:02 - INFO - Fitting logistic regression model with the selected features...
2024-07-31 15:06:03 - INFO - Model training completed successfully.
2024-07-31 15:06:03 - INFO - Calculating the dynamic threshold based on the proportion of positive outcomes...
2024-07-31 15:06:03 - INFO - Ratio of 1s to 0s in the outcome variable: 0.54 : 0.46
2024-07-31 15:06:03 - INFO - Dynamic threshold set to: 0.54
2024-07-31 15:06:03 - INFO - Model trained and saved successfully for subset 10.
2024-07-31 15:06:03 - INFO - ---------------------------
2024-07-31 15:06:03 - INFO - TRAIN MODEL STAGE COMPLETED FOR SUBSET 10
2024-07-31 15:06:03 - INFO - ---------------------------
2024-07-31 15:06:03 - INFO - --------------------------------
2024-07-31 15:06:03 - INFO - EVALUATE MODEL STAGE STARTING FOR SUBSET 10...
2024-07-31 15:06:03 - INFO - --------------------------------
2024-07-31 15:06:03 - INFO - ROC AUC Score: 0.6866988727858293
2024-07-31 15:06:03 - INFO - Confusion Matrix: 
[[80 35]
 [56 79]]
2024-07-31 15:06:03 - INFO - Precision: 0.6929824561403509
2024-07-31 15:06:03 - INFO - Recall: 0.5851851851851851
2024-07-31 15:06:03 - INFO - Model evaluated successfully for subset 10.
2024-07-31 15:06:03 - INFO - ------------------------------
2024-07-31 15:06:03 - INFO - EVALUATE MODEL STAGE COMPLETED FOR SUBSET 10
2024-07-31 15:06:03 - INFO - ------------------------------
2024-07-31 15:06:03 - INFO - Subset 11 demographic makeup: 1000 1
2024-07-31 15:06:03 - INFO - Processing subset 11...
2024-07-31 15:06:03 - INFO - -----------------------------
2024-07-31 15:06:03 - INFO - TRAIN MODEL STAGE STARTING FOR SUBSET 11...
2024-07-31 15:06:03 - INFO - -----------------------------
2024-07-31 15:06:03 - INFO - Scaling features and applying LASSO for feature selection...
2024-07-31 15:06:08 - INFO - Selected features (including required): ['who', 'age', 'is_female', 'unemployed', 'unstableliving', 'education', 'marital', 'UDS_Amphetamine_Count', 'UDS_Benzodiazepine_Count', 'UDS_Buprenorphine_Count', 'UDS_Cocaine_Count', 'UDS_Methadone_Count', 'UDS_Opioid_Count', 'UDS_Sedatives_Count', 'UDS_Thc_Count', 'pain', 'has_schizophrenia', 'has_major_dep', 'has_bipolar', 'has_anx_pan', 'has_brain_damage', 'has_epilepsy', 'has_opiates_dx', 'has_alcol_dx', 'has_amphetamines_dx', 'has_cannabis_dx', 'has_cocaine_dx', 'has_sedatives_dx', 'ftnd', 'XTRT', 'shared', 'rbsivheroin', 'TLFB_Alcohol_Count', 'TLFB_Amphetamine_Count', 'TLFB_Benzodiazepine_Count', 'TLFB_Buprenorphine_Count', 'TLFB_Cocaine_Count', 'TLFB_Heroin_Count', 'TLFB_Methadone_Count', 'TLFB_Opioid_Count', 'TLFB_THC_Count', 'TLFB_Other', 'Homosexual_Behavior', 'Non_monogamous_Relationships']
2024-07-31 15:06:08 - INFO - Fitting logistic regression model with the selected features...
2024-07-31 15:06:08 - INFO - Model training completed successfully.
2024-07-31 15:06:08 - INFO - Calculating the dynamic threshold based on the proportion of positive outcomes...
2024-07-31 15:06:08 - INFO - Ratio of 1s to 0s in the outcome variable: 0.53 : 0.47
2024-07-31 15:06:08 - INFO - Dynamic threshold set to: 0.528
2024-07-31 15:06:08 - INFO - Model trained and saved successfully for subset 11.
2024-07-31 15:06:08 - INFO - ---------------------------
2024-07-31 15:06:08 - INFO - TRAIN MODEL STAGE COMPLETED FOR SUBSET 11
2024-07-31 15:06:08 - INFO - ---------------------------
2024-07-31 15:06:08 - INFO - --------------------------------
2024-07-31 15:06:08 - INFO - EVALUATE MODEL STAGE STARTING FOR SUBSET 11...
2024-07-31 15:06:08 - INFO - --------------------------------
2024-07-31 15:06:08 - INFO - ROC AUC Score: 0.6680790960451977
2024-07-31 15:06:08 - INFO - Confusion Matrix: 
[[62 56]
 [43 89]]
2024-07-31 15:06:08 - INFO - Precision: 0.6137931034482759
2024-07-31 15:06:08 - INFO - Recall: 0.6742424242424242
2024-07-31 15:06:08 - INFO - Model evaluated successfully for subset 11.
2024-07-31 15:06:08 - INFO - ------------------------------
2024-07-31 15:06:08 - INFO - EVALUATE MODEL STAGE COMPLETED FOR SUBSET 11
2024-07-31 15:06:08 - INFO - ------------------------------
2024-07-31 15:06:08 - INFO - ------------------
2024-07-31 15:06:08 - INFO - PIPELINE COMPLETED
2024-07-31 15:06:08 - INFO - ------------------
