2024-07-31 16:28:01 - INFO - -------------------------------------------
2024-07-31 16:28:01 - INFO - Logging setup complete - starting pipeline.
2024-07-31 16:28:01 - INFO - -------------------------------------------
2024-07-31 16:28:01 - INFO - Global Seed set to: 1722457681
2024-07-31 16:28:09 - INFO - Datasets loaded successfully.
2024-07-31 16:28:09 - INFO - Starting preprocessing of the merged dataset...
2024-07-31 16:28:09 - INFO - ---------------------------------
2024-07-31 16:28:09 - INFO - PRE-PROCESSING STAGE STARTING...
2024-07-31 16:28:09 - INFO - ---------------------------------
2024-07-31 16:28:09 - INFO - Dropped initial columns: ['pain_when', 'is_smoker', 'per_day', 'max', 'amount', 'depression', 'anxiety', 'schizophrenia', 'max', 'amount', 'cocaine_inject_days', 'speedball_inject_days', 'opioid_inject_days', 'speed_inject_days', 'UDS_Alcohol_Count', 'UDS_Mdma/Hallucinogen_Count']
2024-07-31 16:28:09 - INFO - Converted Yes/No to binary.
2024-07-31 16:28:09 - INFO - Processed TLFB columns with specified columns: ['TLFB_Alcohol_Count', 'TLFB_Amphetamine_Count', 'TLFB_Cocaine_Count', 'TLFB_Heroin_Count', 'TLFB_Benzodiazepine_Count', 'TLFB_Opioid_Count', 'TLFB_THC_Count', 'TLFB_Methadone_Count', 'TLFB_Buprenorphine_Count']
2024-07-31 16:28:09 - INFO - Calculated behavioral columns.
2024-07-31 16:28:09 - INFO - Moved 'Rd_kostenB_1993' column to the end.
2024-07-31 16:28:09 - INFO - Dropped initial columns: ['msm_npt', 'msm_frq', 'txx_prt']
2024-07-31 16:28:09 - INFO - transform_data_with_nan_handling success
2024-07-31 16:28:09 - INFO - Renamed columns according to the mapping.
2024-07-31 16:28:09 - INFO - Transformed NaN to 0 for binary columns.
2024-07-31 16:28:09 - INFO - Transformed and renamed 'heroin_inject_days' column to 'rbsivheroin'.
2024-07-31 16:28:09 - INFO - Filled NaN with 0 for 'ftnd' column.
2024-07-31 16:28:09 - INFO - Dropped additional columns: ['rbs_iv_days', 'race', 'RBS_cocaine_Days', 'RBS_heroin_Days', 'RBS_opioid_Days', 'RBS_speed_Days', 'RBS_speedball_Days']
2024-07-31 16:28:09 - INFO - Converted UDS drug counts to binary.
2024-07-31 16:28:09 - INFO - ------------------------------
2024-07-31 16:28:09 - INFO - PRE-PROCESSING STAGE COMPLETED
2024-07-31 16:28:09 - INFO - ------------------------------
2024-07-31 16:28:09 - INFO - Merged dataset preprocessed successfully.
2024-07-31 16:28:09 - INFO - Creating demographic subsets from preprocessed data...
2024-07-31 16:28:18 - INFO - Created 11 subsets successfully.
2024-07-31 16:28:18 - INFO - Creating merged subsets from create_demographics_dfs function
2024-07-31 16:28:18 - INFO - Created 11 merged subsets successfully.
2024-07-31 16:28:18 - INFO - Subset 1 demographic makeup: 500 1, 240 3, 159 2, 101 4
2024-07-31 16:28:18 - INFO - Processing subset 1...
2024-07-31 16:28:18 - INFO - -----------------------------
2024-07-31 16:28:18 - INFO - TRAIN MODEL STAGE STARTING FOR SUBSET 1...
2024-07-31 16:28:18 - INFO - -----------------------------
2024-07-31 16:28:18 - INFO - Scaling features and applying LASSO for feature selection...
2024-07-31 16:28:22 - INFO - Selected features (including required): ['who', 'RaceEth', 'age', 'is_female', 'is_hispanic', 'unemployed', 'unstableliving', 'education', 'marital', 'UDS_Amphetamine_Count', 'UDS_Benzodiazepine_Count', 'UDS_Buprenorphine_Count', 'UDS_Cocaine_Count', 'UDS_Methadone_Count', 'UDS_Opioid_Count', 'UDS_Sedatives_Count', 'UDS_Thc_Count', 'pain', 'has_schizophrenia', 'has_major_dep', 'has_bipolar', 'has_anx_pan', 'has_brain_damage', 'has_epilepsy', 'has_alcol_dx', 'has_amphetamines_dx', 'has_cannabis_dx', 'has_cocaine_dx', 'has_sedatives_dx', 'ftnd', 'XTRT', 'shared', 'rbsivheroin', 'TLFB_Alcohol_Count', 'TLFB_Amphetamine_Count', 'TLFB_Benzodiazepine_Count', 'TLFB_Buprenorphine_Count', 'TLFB_Cocaine_Count', 'TLFB_Heroin_Count', 'TLFB_Methadone_Count', 'TLFB_Opioid_Count', 'TLFB_THC_Count', 'TLFB_Other', 'Homosexual_Behavior', 'Non_monogamous_Relationships']
2024-07-31 16:28:22 - INFO - Fitting logistic regression model with the selected features...
2024-07-31 16:28:22 - INFO - Model training completed successfully.
2024-07-31 16:28:22 - INFO - Calculating the dynamic threshold based on the proportion of positive outcomes...
2024-07-31 16:28:22 - INFO - Ratio of 1s to 0s in the outcome variable: 0.50 : 0.50
2024-07-31 16:28:22 - INFO - Dynamic threshold set to: 0.5
2024-07-31 16:28:22 - INFO - Model trained and saved successfully for subset 1.
2024-07-31 16:28:22 - INFO - ---------------------------
2024-07-31 16:28:22 - INFO - TRAIN MODEL STAGE COMPLETED FOR SUBSET 1
2024-07-31 16:28:22 - INFO - ---------------------------
2024-07-31 16:28:22 - INFO - --------------------------------
2024-07-31 16:28:22 - INFO - EVALUATE MODEL STAGE STARTING FOR SUBSET 1...
2024-07-31 16:28:22 - INFO - --------------------------------
2024-07-31 16:28:23 - INFO - ROC AUC Score: 0.616896
2024-07-31 16:28:23 - INFO - Confusion Matrix: 
[[73 52]
 [46 79]]
2024-07-31 16:28:23 - INFO - Precision: 0.6030534351145038
2024-07-31 16:28:23 - INFO - Recall: 0.632
2024-07-31 16:28:23 - INFO - Model evaluated successfully for subset 1.
2024-07-31 16:28:23 - INFO - ------------------------------
2024-07-31 16:28:23 - INFO - EVALUATE MODEL STAGE COMPLETED FOR SUBSET 1
2024-07-31 16:28:23 - INFO - ------------------------------
2024-07-31 16:28:23 - INFO - Subset 2 demographic makeup: 550 1, 217 3, 141 2, 92 4
2024-07-31 16:28:23 - INFO - Processing subset 2...
2024-07-31 16:28:23 - INFO - -----------------------------
2024-07-31 16:28:23 - INFO - TRAIN MODEL STAGE STARTING FOR SUBSET 2...
2024-07-31 16:28:23 - INFO - -----------------------------
2024-07-31 16:28:23 - INFO - Scaling features and applying LASSO for feature selection...
2024-07-31 16:28:26 - INFO - Selected features (including required): ['who', 'RaceEth', 'age', 'is_female', 'is_hispanic', 'unemployed', 'unstableliving', 'education', 'marital', 'UDS_Amphetamine_Count', 'UDS_Benzodiazepine_Count', 'UDS_Buprenorphine_Count', 'UDS_Cocaine_Count', 'UDS_Methadone_Count', 'UDS_Opioid_Count', 'UDS_Sedatives_Count', 'UDS_Thc_Count', 'pain', 'has_schizophrenia', 'has_major_dep', 'has_bipolar', 'has_anx_pan', 'has_brain_damage', 'has_epilepsy', 'has_alcol_dx', 'has_amphetamines_dx', 'has_cannabis_dx', 'has_cocaine_dx', 'has_sedatives_dx', 'ftnd', 'XTRT', 'shared', 'rbsivheroin', 'TLFB_Alcohol_Count', 'TLFB_Amphetamine_Count', 'TLFB_Benzodiazepine_Count', 'TLFB_Buprenorphine_Count', 'TLFB_Cocaine_Count', 'TLFB_Heroin_Count', 'TLFB_Methadone_Count', 'TLFB_Opioid_Count', 'TLFB_THC_Count', 'TLFB_Other', 'Homosexual_Behavior', 'Non_monogamous_Relationships']
2024-07-31 16:28:26 - INFO - Fitting logistic regression model with the selected features...
2024-07-31 16:28:27 - INFO - Model training completed successfully.
2024-07-31 16:28:27 - INFO - Calculating the dynamic threshold based on the proportion of positive outcomes...
2024-07-31 16:28:27 - INFO - Ratio of 1s to 0s in the outcome variable: 0.59 : 0.41
2024-07-31 16:28:27 - INFO - Dynamic threshold set to: 0.588
2024-07-31 16:28:27 - INFO - Model trained and saved successfully for subset 2.
2024-07-31 16:28:27 - INFO - ---------------------------
2024-07-31 16:28:27 - INFO - TRAIN MODEL STAGE COMPLETED FOR SUBSET 2
2024-07-31 16:28:27 - INFO - ---------------------------
2024-07-31 16:28:27 - INFO - --------------------------------
2024-07-31 16:28:27 - INFO - EVALUATE MODEL STAGE STARTING FOR SUBSET 2...
2024-07-31 16:28:27 - INFO - --------------------------------
2024-07-31 16:28:27 - INFO - ROC AUC Score: 0.6411069282081765
2024-07-31 16:28:27 - INFO - Confusion Matrix: 
[[75 28]
 [85 62]]
2024-07-31 16:28:27 - INFO - Precision: 0.6888888888888889
2024-07-31 16:28:27 - INFO - Recall: 0.4217687074829932
2024-07-31 16:28:27 - INFO - Model evaluated successfully for subset 2.
2024-07-31 16:28:27 - INFO - ------------------------------
2024-07-31 16:28:27 - INFO - EVALUATE MODEL STAGE COMPLETED FOR SUBSET 2
2024-07-31 16:28:27 - INFO - ------------------------------
2024-07-31 16:28:27 - INFO - Subset 3 demographic makeup: 600 1, 192 3, 125 2, 83 4
2024-07-31 16:28:27 - INFO - Processing subset 3...
2024-07-31 16:28:27 - INFO - -----------------------------
2024-07-31 16:28:27 - INFO - TRAIN MODEL STAGE STARTING FOR SUBSET 3...
2024-07-31 16:28:27 - INFO - -----------------------------
2024-07-31 16:28:27 - INFO - Scaling features and applying LASSO for feature selection...
2024-07-31 16:28:30 - INFO - Selected features (including required): ['who', 'RaceEth', 'age', 'is_female', 'is_hispanic', 'unemployed', 'unstableliving', 'education', 'marital', 'UDS_Amphetamine_Count', 'UDS_Benzodiazepine_Count', 'UDS_Buprenorphine_Count', 'UDS_Cocaine_Count', 'UDS_Methadone_Count', 'UDS_Opioid_Count', 'UDS_Sedatives_Count', 'UDS_Thc_Count', 'pain', 'has_schizophrenia', 'has_major_dep', 'has_bipolar', 'has_anx_pan', 'has_brain_damage', 'has_epilepsy', 'has_alcol_dx', 'has_amphetamines_dx', 'has_cannabis_dx', 'has_cocaine_dx', 'has_sedatives_dx', 'ftnd', 'XTRT', 'shared', 'rbsivheroin', 'TLFB_Alcohol_Count', 'TLFB_Amphetamine_Count', 'TLFB_Benzodiazepine_Count', 'TLFB_Buprenorphine_Count', 'TLFB_Cocaine_Count', 'TLFB_Heroin_Count', 'TLFB_Methadone_Count', 'TLFB_Opioid_Count', 'TLFB_THC_Count', 'TLFB_Other', 'Homosexual_Behavior', 'Non_monogamous_Relationships']
2024-07-31 16:28:30 - INFO - Fitting logistic regression model with the selected features...
2024-07-31 16:28:31 - INFO - Model training completed successfully.
2024-07-31 16:28:31 - INFO - Calculating the dynamic threshold based on the proportion of positive outcomes...
2024-07-31 16:28:31 - INFO - Ratio of 1s to 0s in the outcome variable: 0.52 : 0.48
2024-07-31 16:28:31 - INFO - Dynamic threshold set to: 0.52
2024-07-31 16:28:31 - INFO - Model trained and saved successfully for subset 3.
2024-07-31 16:28:31 - INFO - ---------------------------
2024-07-31 16:28:31 - INFO - TRAIN MODEL STAGE COMPLETED FOR SUBSET 3
2024-07-31 16:28:31 - INFO - ---------------------------
2024-07-31 16:28:31 - INFO - --------------------------------
2024-07-31 16:28:31 - INFO - EVALUATE MODEL STAGE STARTING FOR SUBSET 3...
2024-07-31 16:28:31 - INFO - --------------------------------
2024-07-31 16:28:31 - INFO - ROC AUC Score: 0.6674358974358975
2024-07-31 16:28:31 - INFO - Confusion Matrix: 
[[70 50]
 [47 83]]
2024-07-31 16:28:31 - INFO - Precision: 0.6240601503759399
2024-07-31 16:28:31 - INFO - Recall: 0.6384615384615384
2024-07-31 16:28:31 - INFO - Model evaluated successfully for subset 3.
2024-07-31 16:28:31 - INFO - ------------------------------
2024-07-31 16:28:31 - INFO - EVALUATE MODEL STAGE COMPLETED FOR SUBSET 3
2024-07-31 16:28:31 - INFO - ------------------------------
2024-07-31 16:28:31 - INFO - Subset 4 demographic makeup: 650 1, 168 3, 108 2, 74 4
2024-07-31 16:28:31 - INFO - Processing subset 4...
2024-07-31 16:28:31 - INFO - -----------------------------
2024-07-31 16:28:31 - INFO - TRAIN MODEL STAGE STARTING FOR SUBSET 4...
2024-07-31 16:28:31 - INFO - -----------------------------
2024-07-31 16:28:31 - INFO - Scaling features and applying LASSO for feature selection...
2024-07-31 16:28:33 - INFO - Selected features (including required): ['who', 'RaceEth', 'age', 'is_female', 'is_hispanic', 'unemployed', 'unstableliving', 'education', 'marital', 'UDS_Amphetamine_Count', 'UDS_Benzodiazepine_Count', 'UDS_Buprenorphine_Count', 'UDS_Cocaine_Count', 'UDS_Methadone_Count', 'UDS_Opioid_Count', 'UDS_Sedatives_Count', 'UDS_Thc_Count', 'pain', 'has_schizophrenia', 'has_major_dep', 'has_bipolar', 'has_anx_pan', 'has_brain_damage', 'has_epilepsy', 'has_alcol_dx', 'has_amphetamines_dx', 'has_cannabis_dx', 'has_cocaine_dx', 'has_sedatives_dx', 'ftnd', 'XTRT', 'shared', 'rbsivheroin', 'TLFB_Alcohol_Count', 'TLFB_Amphetamine_Count', 'TLFB_Benzodiazepine_Count', 'TLFB_Buprenorphine_Count', 'TLFB_Cocaine_Count', 'TLFB_Heroin_Count', 'TLFB_Methadone_Count', 'TLFB_Opioid_Count', 'TLFB_THC_Count', 'TLFB_Other', 'Homosexual_Behavior', 'Non_monogamous_Relationships']
2024-07-31 16:28:33 - INFO - Fitting logistic regression model with the selected features...
2024-07-31 16:28:33 - INFO - Model training completed successfully.
2024-07-31 16:28:33 - INFO - Calculating the dynamic threshold based on the proportion of positive outcomes...
2024-07-31 16:28:33 - INFO - Ratio of 1s to 0s in the outcome variable: 0.55 : 0.45
2024-07-31 16:28:33 - INFO - Dynamic threshold set to: 0.552
2024-07-31 16:28:33 - INFO - Model trained and saved successfully for subset 4.
2024-07-31 16:28:33 - INFO - ---------------------------
2024-07-31 16:28:33 - INFO - TRAIN MODEL STAGE COMPLETED FOR SUBSET 4
2024-07-31 16:28:33 - INFO - ---------------------------
2024-07-31 16:28:33 - INFO - --------------------------------
2024-07-31 16:28:33 - INFO - EVALUATE MODEL STAGE STARTING FOR SUBSET 4...
2024-07-31 16:28:33 - INFO - --------------------------------
2024-07-31 16:28:33 - INFO - ROC AUC Score: 0.6759834368530021
2024-07-31 16:28:33 - INFO - Confusion Matrix: 
[[86 26]
 [63 75]]
2024-07-31 16:28:33 - INFO - Precision: 0.7425742574257426
2024-07-31 16:28:33 - INFO - Recall: 0.5434782608695652
2024-07-31 16:28:33 - INFO - Model evaluated successfully for subset 4.
2024-07-31 16:28:33 - INFO - ------------------------------
2024-07-31 16:28:33 - INFO - EVALUATE MODEL STAGE COMPLETED FOR SUBSET 4
2024-07-31 16:28:33 - INFO - ------------------------------
2024-07-31 16:28:33 - INFO - Subset 5 demographic makeup: 700 1, 142 3, 94 2, 64 4
2024-07-31 16:28:33 - INFO - Processing subset 5...
2024-07-31 16:28:33 - INFO - -----------------------------
2024-07-31 16:28:33 - INFO - TRAIN MODEL STAGE STARTING FOR SUBSET 5...
2024-07-31 16:28:33 - INFO - -----------------------------
2024-07-31 16:28:33 - INFO - Scaling features and applying LASSO for feature selection...
2024-07-31 16:28:35 - INFO - Selected features (including required): ['who', 'RaceEth', 'age', 'is_female', 'is_hispanic', 'unemployed', 'unstableliving', 'education', 'marital', 'UDS_Amphetamine_Count', 'UDS_Benzodiazepine_Count', 'UDS_Buprenorphine_Count', 'UDS_Cocaine_Count', 'UDS_Methadone_Count', 'UDS_Opioid_Count', 'UDS_Sedatives_Count', 'UDS_Thc_Count', 'pain', 'has_schizophrenia', 'has_major_dep', 'has_bipolar', 'has_anx_pan', 'has_brain_damage', 'has_epilepsy', 'has_alcol_dx', 'has_amphetamines_dx', 'has_cannabis_dx', 'has_cocaine_dx', 'has_sedatives_dx', 'ftnd', 'XTRT', 'shared', 'rbsivheroin', 'TLFB_Alcohol_Count', 'TLFB_Amphetamine_Count', 'TLFB_Benzodiazepine_Count', 'TLFB_Buprenorphine_Count', 'TLFB_Cocaine_Count', 'TLFB_Heroin_Count', 'TLFB_Methadone_Count', 'TLFB_Opioid_Count', 'TLFB_THC_Count', 'TLFB_Other', 'Homosexual_Behavior', 'Non_monogamous_Relationships']
2024-07-31 16:28:35 - INFO - Fitting logistic regression model with the selected features...
2024-07-31 16:28:36 - INFO - Model training completed successfully.
2024-07-31 16:28:36 - INFO - Calculating the dynamic threshold based on the proportion of positive outcomes...
2024-07-31 16:28:36 - INFO - Ratio of 1s to 0s in the outcome variable: 0.50 : 0.50
2024-07-31 16:28:36 - INFO - Dynamic threshold set to: 0.496
2024-07-31 16:28:36 - INFO - Model trained and saved successfully for subset 5.
2024-07-31 16:28:36 - INFO - ---------------------------
2024-07-31 16:28:36 - INFO - TRAIN MODEL STAGE COMPLETED FOR SUBSET 5
2024-07-31 16:28:36 - INFO - ---------------------------
2024-07-31 16:28:36 - INFO - --------------------------------
2024-07-31 16:28:36 - INFO - EVALUATE MODEL STAGE STARTING FOR SUBSET 5...
2024-07-31 16:28:36 - INFO - --------------------------------
2024-07-31 16:28:36 - INFO - ROC AUC Score: 0.6164874551971326
2024-07-31 16:28:36 - INFO - Confusion Matrix: 
[[72 54]
 [52 72]]
2024-07-31 16:28:36 - INFO - Precision: 0.5714285714285714
2024-07-31 16:28:36 - INFO - Recall: 0.5806451612903226
2024-07-31 16:28:36 - INFO - Model evaluated successfully for subset 5.
2024-07-31 16:28:36 - INFO - ------------------------------
2024-07-31 16:28:36 - INFO - EVALUATE MODEL STAGE COMPLETED FOR SUBSET 5
2024-07-31 16:28:36 - INFO - ------------------------------
2024-07-31 16:28:36 - INFO - Subset 6 demographic makeup: 750 1, 122 3, 78 2, 50 4
2024-07-31 16:28:36 - INFO - Processing subset 6...
2024-07-31 16:28:36 - INFO - -----------------------------
2024-07-31 16:28:36 - INFO - TRAIN MODEL STAGE STARTING FOR SUBSET 6...
2024-07-31 16:28:36 - INFO - -----------------------------
2024-07-31 16:28:36 - INFO - Scaling features and applying LASSO for feature selection...
2024-07-31 16:28:38 - INFO - Selected features (including required): ['who', 'RaceEth', 'age', 'is_female', 'is_hispanic', 'unemployed', 'unstableliving', 'education', 'marital', 'UDS_Amphetamine_Count', 'UDS_Benzodiazepine_Count', 'UDS_Buprenorphine_Count', 'UDS_Cocaine_Count', 'UDS_Methadone_Count', 'UDS_Opioid_Count', 'UDS_Sedatives_Count', 'UDS_Thc_Count', 'pain', 'has_schizophrenia', 'has_major_dep', 'has_bipolar', 'has_anx_pan', 'has_brain_damage', 'has_epilepsy', 'has_alcol_dx', 'has_amphetamines_dx', 'has_cannabis_dx', 'has_cocaine_dx', 'has_sedatives_dx', 'ftnd', 'XTRT', 'shared', 'rbsivheroin', 'TLFB_Alcohol_Count', 'TLFB_Amphetamine_Count', 'TLFB_Benzodiazepine_Count', 'TLFB_Buprenorphine_Count', 'TLFB_Cocaine_Count', 'TLFB_Heroin_Count', 'TLFB_Methadone_Count', 'TLFB_Opioid_Count', 'TLFB_THC_Count', 'TLFB_Other', 'Homosexual_Behavior', 'Non_monogamous_Relationships']
2024-07-31 16:28:38 - INFO - Fitting logistic regression model with the selected features...
2024-07-31 16:28:39 - INFO - Model training completed successfully.
2024-07-31 16:28:39 - INFO - Calculating the dynamic threshold based on the proportion of positive outcomes...
2024-07-31 16:28:39 - INFO - Ratio of 1s to 0s in the outcome variable: 0.56 : 0.44
2024-07-31 16:28:39 - INFO - Dynamic threshold set to: 0.556
2024-07-31 16:28:39 - INFO - Model trained and saved successfully for subset 6.
2024-07-31 16:28:39 - INFO - ---------------------------
2024-07-31 16:28:39 - INFO - TRAIN MODEL STAGE COMPLETED FOR SUBSET 6
2024-07-31 16:28:39 - INFO - ---------------------------
2024-07-31 16:28:39 - INFO - --------------------------------
2024-07-31 16:28:39 - INFO - EVALUATE MODEL STAGE STARTING FOR SUBSET 6...
2024-07-31 16:28:39 - INFO - --------------------------------
2024-07-31 16:28:39 - INFO - ROC AUC Score: 0.6646574632186144
2024-07-31 16:28:39 - INFO - Confusion Matrix: 
[[80 31]
 [67 72]]
2024-07-31 16:28:39 - INFO - Precision: 0.6990291262135923
2024-07-31 16:28:39 - INFO - Recall: 0.5179856115107914
2024-07-31 16:28:39 - INFO - Model evaluated successfully for subset 6.
2024-07-31 16:28:39 - INFO - ------------------------------
2024-07-31 16:28:39 - INFO - EVALUATE MODEL STAGE COMPLETED FOR SUBSET 6
2024-07-31 16:28:39 - INFO - ------------------------------
2024-07-31 16:28:39 - INFO - Subset 7 demographic makeup: 800 1, 93 3, 65 2, 42 4
2024-07-31 16:28:39 - INFO - Processing subset 7...
2024-07-31 16:28:39 - INFO - -----------------------------
2024-07-31 16:28:39 - INFO - TRAIN MODEL STAGE STARTING FOR SUBSET 7...
2024-07-31 16:28:39 - INFO - -----------------------------
2024-07-31 16:28:39 - INFO - Scaling features and applying LASSO for feature selection...
2024-07-31 16:28:42 - INFO - Selected features (including required): ['who', 'RaceEth', 'age', 'is_female', 'is_hispanic', 'unemployed', 'unstableliving', 'education', 'marital', 'UDS_Amphetamine_Count', 'UDS_Benzodiazepine_Count', 'UDS_Buprenorphine_Count', 'UDS_Cocaine_Count', 'UDS_Methadone_Count', 'UDS_Opioid_Count', 'UDS_Sedatives_Count', 'UDS_Thc_Count', 'pain', 'has_schizophrenia', 'has_major_dep', 'has_bipolar', 'has_anx_pan', 'has_brain_damage', 'has_epilepsy', 'has_alcol_dx', 'has_amphetamines_dx', 'has_cannabis_dx', 'has_cocaine_dx', 'has_sedatives_dx', 'ftnd', 'XTRT', 'shared', 'rbsivheroin', 'TLFB_Alcohol_Count', 'TLFB_Amphetamine_Count', 'TLFB_Benzodiazepine_Count', 'TLFB_Buprenorphine_Count', 'TLFB_Cocaine_Count', 'TLFB_Heroin_Count', 'TLFB_Methadone_Count', 'TLFB_Opioid_Count', 'TLFB_THC_Count', 'TLFB_Other', 'Homosexual_Behavior', 'Non_monogamous_Relationships']
2024-07-31 16:28:42 - INFO - Fitting logistic regression model with the selected features...
2024-07-31 16:28:43 - INFO - Model training completed successfully.
2024-07-31 16:28:43 - INFO - Calculating the dynamic threshold based on the proportion of positive outcomes...
2024-07-31 16:28:43 - INFO - Ratio of 1s to 0s in the outcome variable: 0.48 : 0.52
2024-07-31 16:28:43 - INFO - Dynamic threshold set to: 0.48
2024-07-31 16:28:43 - INFO - Model trained and saved successfully for subset 7.
2024-07-31 16:28:43 - INFO - ---------------------------
2024-07-31 16:28:43 - INFO - TRAIN MODEL STAGE COMPLETED FOR SUBSET 7
2024-07-31 16:28:43 - INFO - ---------------------------
2024-07-31 16:28:43 - INFO - --------------------------------
2024-07-31 16:28:43 - INFO - EVALUATE MODEL STAGE STARTING FOR SUBSET 7...
2024-07-31 16:28:43 - INFO - --------------------------------
2024-07-31 16:28:43 - INFO - ROC AUC Score: 0.6626282051282051
2024-07-31 16:28:43 - INFO - Confusion Matrix: 
[[62 68]
 [28 92]]
2024-07-31 16:28:43 - INFO - Precision: 0.575
2024-07-31 16:28:43 - INFO - Recall: 0.7666666666666667
2024-07-31 16:28:43 - INFO - Model evaluated successfully for subset 7.
2024-07-31 16:28:43 - INFO - ------------------------------
2024-07-31 16:28:43 - INFO - EVALUATE MODEL STAGE COMPLETED FOR SUBSET 7
2024-07-31 16:28:43 - INFO - ------------------------------
2024-07-31 16:28:43 - INFO - Subset 8 demographic makeup: 850 1, 68 3, 46 2, 36 4
2024-07-31 16:28:43 - INFO - Processing subset 8...
2024-07-31 16:28:43 - INFO - -----------------------------
2024-07-31 16:28:43 - INFO - TRAIN MODEL STAGE STARTING FOR SUBSET 8...
2024-07-31 16:28:43 - INFO - -----------------------------
2024-07-31 16:28:43 - INFO - Scaling features and applying LASSO for feature selection...
2024-07-31 16:28:45 - INFO - Selected features (including required): ['who', 'RaceEth', 'age', 'is_female', 'is_hispanic', 'unemployed', 'unstableliving', 'education', 'marital', 'UDS_Amphetamine_Count', 'UDS_Benzodiazepine_Count', 'UDS_Buprenorphine_Count', 'UDS_Cocaine_Count', 'UDS_Methadone_Count', 'UDS_Opioid_Count', 'UDS_Sedatives_Count', 'UDS_Thc_Count', 'pain', 'has_schizophrenia', 'has_major_dep', 'has_bipolar', 'has_anx_pan', 'has_brain_damage', 'has_epilepsy', 'has_alcol_dx', 'has_amphetamines_dx', 'has_cannabis_dx', 'has_cocaine_dx', 'has_sedatives_dx', 'ftnd', 'XTRT', 'shared', 'rbsivheroin', 'TLFB_Alcohol_Count', 'TLFB_Amphetamine_Count', 'TLFB_Benzodiazepine_Count', 'TLFB_Buprenorphine_Count', 'TLFB_Cocaine_Count', 'TLFB_Heroin_Count', 'TLFB_Methadone_Count', 'TLFB_Opioid_Count', 'TLFB_THC_Count', 'TLFB_Other', 'Homosexual_Behavior', 'Non_monogamous_Relationships']
2024-07-31 16:28:45 - INFO - Fitting logistic regression model with the selected features...
2024-07-31 16:28:46 - INFO - Model training completed successfully.
2024-07-31 16:28:46 - INFO - Calculating the dynamic threshold based on the proportion of positive outcomes...
2024-07-31 16:28:46 - INFO - Ratio of 1s to 0s in the outcome variable: 0.55 : 0.45
2024-07-31 16:28:46 - INFO - Dynamic threshold set to: 0.552
2024-07-31 16:28:46 - INFO - Model trained and saved successfully for subset 8.
2024-07-31 16:28:46 - INFO - ---------------------------
2024-07-31 16:28:46 - INFO - TRAIN MODEL STAGE COMPLETED FOR SUBSET 8
2024-07-31 16:28:46 - INFO - ---------------------------
2024-07-31 16:28:46 - INFO - --------------------------------
2024-07-31 16:28:46 - INFO - EVALUATE MODEL STAGE STARTING FOR SUBSET 8...
2024-07-31 16:28:46 - INFO - --------------------------------
2024-07-31 16:28:46 - INFO - ROC AUC Score: 0.6490036231884058
2024-07-31 16:28:46 - INFO - Confusion Matrix: 
[[69 43]
 [57 81]]
2024-07-31 16:28:46 - INFO - Precision: 0.6532258064516129
2024-07-31 16:28:46 - INFO - Recall: 0.5869565217391305
2024-07-31 16:28:46 - INFO - Model evaluated successfully for subset 8.
2024-07-31 16:28:46 - INFO - ------------------------------
2024-07-31 16:28:46 - INFO - EVALUATE MODEL STAGE COMPLETED FOR SUBSET 8
2024-07-31 16:28:46 - INFO - ------------------------------
2024-07-31 16:28:46 - INFO - Subset 9 demographic makeup: 900 1, 47 3, 28 4, 25 2
2024-07-31 16:28:46 - INFO - Processing subset 9...
2024-07-31 16:28:46 - INFO - -----------------------------
2024-07-31 16:28:46 - INFO - TRAIN MODEL STAGE STARTING FOR SUBSET 9...
2024-07-31 16:28:46 - INFO - -----------------------------
2024-07-31 16:28:46 - INFO - Scaling features and applying LASSO for feature selection...
2024-07-31 16:28:49 - INFO - Selected features (including required): ['who', 'RaceEth', 'age', 'is_female', 'is_hispanic', 'unemployed', 'unstableliving', 'education', 'marital', 'UDS_Amphetamine_Count', 'UDS_Benzodiazepine_Count', 'UDS_Buprenorphine_Count', 'UDS_Cocaine_Count', 'UDS_Methadone_Count', 'UDS_Opioid_Count', 'UDS_Sedatives_Count', 'UDS_Thc_Count', 'pain', 'has_schizophrenia', 'has_major_dep', 'has_bipolar', 'has_anx_pan', 'has_brain_damage', 'has_epilepsy', 'has_alcol_dx', 'has_amphetamines_dx', 'has_cannabis_dx', 'has_cocaine_dx', 'has_sedatives_dx', 'ftnd', 'XTRT', 'shared', 'rbsivheroin', 'TLFB_Alcohol_Count', 'TLFB_Amphetamine_Count', 'TLFB_Benzodiazepine_Count', 'TLFB_Buprenorphine_Count', 'TLFB_Cocaine_Count', 'TLFB_Heroin_Count', 'TLFB_Methadone_Count', 'TLFB_Opioid_Count', 'TLFB_THC_Count', 'TLFB_Other', 'Homosexual_Behavior', 'Non_monogamous_Relationships']
2024-07-31 16:28:49 - INFO - Fitting logistic regression model with the selected features...
2024-07-31 16:28:49 - INFO - Model training completed successfully.
2024-07-31 16:28:49 - INFO - Calculating the dynamic threshold based on the proportion of positive outcomes...
2024-07-31 16:28:49 - INFO - Ratio of 1s to 0s in the outcome variable: 0.51 : 0.49
2024-07-31 16:28:49 - INFO - Dynamic threshold set to: 0.512
2024-07-31 16:28:49 - INFO - Model trained and saved successfully for subset 9.
2024-07-31 16:28:49 - INFO - ---------------------------
2024-07-31 16:28:49 - INFO - TRAIN MODEL STAGE COMPLETED FOR SUBSET 9
2024-07-31 16:28:49 - INFO - ---------------------------
2024-07-31 16:28:49 - INFO - --------------------------------
2024-07-31 16:28:49 - INFO - EVALUATE MODEL STAGE STARTING FOR SUBSET 9...
2024-07-31 16:28:49 - INFO - --------------------------------
2024-07-31 16:28:49 - INFO - ROC AUC Score: 0.685514856557377
2024-07-31 16:28:49 - INFO - Confusion Matrix: 
[[74 48]
 [36 92]]
2024-07-31 16:28:49 - INFO - Precision: 0.6571428571428571
2024-07-31 16:28:49 - INFO - Recall: 0.71875
2024-07-31 16:28:49 - INFO - Model evaluated successfully for subset 9.
2024-07-31 16:28:49 - INFO - ------------------------------
2024-07-31 16:28:49 - INFO - EVALUATE MODEL STAGE COMPLETED FOR SUBSET 9
2024-07-31 16:28:49 - INFO - ------------------------------
2024-07-31 16:28:49 - INFO - Subset 10 demographic makeup: 950 1, 22 3, 16 4, 12 2
2024-07-31 16:28:49 - INFO - Processing subset 10...
2024-07-31 16:28:49 - INFO - -----------------------------
2024-07-31 16:28:49 - INFO - TRAIN MODEL STAGE STARTING FOR SUBSET 10...
2024-07-31 16:28:49 - INFO - -----------------------------
2024-07-31 16:28:49 - INFO - Scaling features and applying LASSO for feature selection...
2024-07-31 16:28:52 - INFO - Selected features (including required): ['who', 'RaceEth', 'age', 'is_female', 'is_hispanic', 'unemployed', 'unstableliving', 'education', 'marital', 'UDS_Amphetamine_Count', 'UDS_Benzodiazepine_Count', 'UDS_Buprenorphine_Count', 'UDS_Cocaine_Count', 'UDS_Methadone_Count', 'UDS_Opioid_Count', 'UDS_Sedatives_Count', 'UDS_Thc_Count', 'pain', 'has_schizophrenia', 'has_major_dep', 'has_bipolar', 'has_anx_pan', 'has_brain_damage', 'has_epilepsy', 'has_alcol_dx', 'has_amphetamines_dx', 'has_cannabis_dx', 'has_cocaine_dx', 'has_sedatives_dx', 'ftnd', 'XTRT', 'shared', 'rbsivheroin', 'TLFB_Alcohol_Count', 'TLFB_Amphetamine_Count', 'TLFB_Benzodiazepine_Count', 'TLFB_Buprenorphine_Count', 'TLFB_Cocaine_Count', 'TLFB_Heroin_Count', 'TLFB_Methadone_Count', 'TLFB_Opioid_Count', 'TLFB_THC_Count', 'TLFB_Other', 'Homosexual_Behavior', 'Non_monogamous_Relationships']
2024-07-31 16:28:52 - INFO - Fitting logistic regression model with the selected features...
2024-07-31 16:28:53 - INFO - Model training completed successfully.
2024-07-31 16:28:53 - INFO - Calculating the dynamic threshold based on the proportion of positive outcomes...
2024-07-31 16:28:53 - INFO - Ratio of 1s to 0s in the outcome variable: 0.56 : 0.44
2024-07-31 16:28:53 - INFO - Dynamic threshold set to: 0.556
2024-07-31 16:28:53 - INFO - Model trained and saved successfully for subset 10.
2024-07-31 16:28:53 - INFO - ---------------------------
2024-07-31 16:28:53 - INFO - TRAIN MODEL STAGE COMPLETED FOR SUBSET 10
2024-07-31 16:28:53 - INFO - ---------------------------
2024-07-31 16:28:53 - INFO - --------------------------------
2024-07-31 16:28:53 - INFO - EVALUATE MODEL STAGE STARTING FOR SUBSET 10...
2024-07-31 16:28:53 - INFO - --------------------------------
2024-07-31 16:28:53 - INFO - ROC AUC Score: 0.6557780802385118
2024-07-31 16:28:53 - INFO - Confusion Matrix: 
[[63 48]
 [54 85]]
2024-07-31 16:28:53 - INFO - Precision: 0.6390977443609023
2024-07-31 16:28:53 - INFO - Recall: 0.6115107913669064
2024-07-31 16:28:53 - INFO - Model evaluated successfully for subset 10.
2024-07-31 16:28:53 - INFO - ------------------------------
2024-07-31 16:28:53 - INFO - EVALUATE MODEL STAGE COMPLETED FOR SUBSET 10
2024-07-31 16:28:53 - INFO - ------------------------------
2024-07-31 16:28:53 - INFO - Subset 11 demographic makeup: 1000 1
2024-07-31 16:28:53 - INFO - Processing subset 11...
2024-07-31 16:28:53 - INFO - -----------------------------
2024-07-31 16:28:53 - INFO - TRAIN MODEL STAGE STARTING FOR SUBSET 11...
2024-07-31 16:28:53 - INFO - -----------------------------
2024-07-31 16:28:53 - INFO - Scaling features and applying LASSO for feature selection...
2024-07-31 16:28:56 - INFO - Selected features (including required): ['who', 'age', 'is_female', 'unemployed', 'unstableliving', 'education', 'marital', 'UDS_Amphetamine_Count', 'UDS_Benzodiazepine_Count', 'UDS_Buprenorphine_Count', 'UDS_Cocaine_Count', 'UDS_Methadone_Count', 'UDS_Opioid_Count', 'UDS_Sedatives_Count', 'UDS_Thc_Count', 'pain', 'has_schizophrenia', 'has_major_dep', 'has_bipolar', 'has_anx_pan', 'has_brain_damage', 'has_epilepsy', 'has_alcol_dx', 'has_amphetamines_dx', 'has_cannabis_dx', 'has_cocaine_dx', 'has_sedatives_dx', 'ftnd', 'XTRT', 'shared', 'rbsivheroin', 'TLFB_Alcohol_Count', 'TLFB_Amphetamine_Count', 'TLFB_Benzodiazepine_Count', 'TLFB_Buprenorphine_Count', 'TLFB_Cocaine_Count', 'TLFB_Heroin_Count', 'TLFB_Methadone_Count', 'TLFB_Opioid_Count', 'TLFB_THC_Count', 'TLFB_Other', 'Homosexual_Behavior', 'Non_monogamous_Relationships']
2024-07-31 16:28:56 - INFO - Fitting logistic regression model with the selected features...
2024-07-31 16:28:57 - INFO - Model training completed successfully.
2024-07-31 16:28:57 - INFO - Calculating the dynamic threshold based on the proportion of positive outcomes...
2024-07-31 16:28:57 - INFO - Ratio of 1s to 0s in the outcome variable: 0.56 : 0.44
2024-07-31 16:28:57 - INFO - Dynamic threshold set to: 0.556
2024-07-31 16:28:57 - INFO - Model trained and saved successfully for subset 11.
2024-07-31 16:28:57 - INFO - ---------------------------
2024-07-31 16:28:57 - INFO - TRAIN MODEL STAGE COMPLETED FOR SUBSET 11
2024-07-31 16:28:57 - INFO - ---------------------------
2024-07-31 16:28:57 - INFO - --------------------------------
2024-07-31 16:28:57 - INFO - EVALUATE MODEL STAGE STARTING FOR SUBSET 11...
2024-07-31 16:28:57 - INFO - --------------------------------
2024-07-31 16:28:57 - INFO - ROC AUC Score: 0.6169550845809838
2024-07-31 16:28:57 - INFO - Confusion Matrix: 
[[66 45]
 [55 84]]
2024-07-31 16:28:57 - INFO - Precision: 0.6511627906976745
2024-07-31 16:28:57 - INFO - Recall: 0.60431654676259
2024-07-31 16:28:57 - INFO - Model evaluated successfully for subset 11.
2024-07-31 16:28:57 - INFO - ------------------------------
2024-07-31 16:28:57 - INFO - EVALUATE MODEL STAGE COMPLETED FOR SUBSET 11
2024-07-31 16:28:57 - INFO - ------------------------------
2024-07-31 16:28:57 - INFO - ------------------
2024-07-31 16:28:57 - INFO - PIPELINE COMPLETED
2024-07-31 16:28:57 - INFO - ------------------
