2024-08-14 12:41:48,561 - INFO - Global Seed set to: 23
2024-08-14 12:41:48,561 - INFO - Outcome Name: Rs_krupitsky_2004
2024-08-14 12:41:48,601 - INFO - Datasets loaded successfully.
2024-08-14 12:41:48,606 - INFO - Starting preprocessing of the merged dataset...
2024-08-14 12:41:48,606 - INFO - ---------------------------------
2024-08-14 12:41:48,606 - INFO - PRE-PROCESSING STAGE STARTING...
2024-08-14 12:41:48,609 - INFO - ---------------------------------
2024-08-14 12:41:48,713 - INFO - Dropped initial columns: ['pain_when', 'is_smoker', 'per_day', 'max', 'amount', 'depression', 'anxiety', 'schizophrenia', 'max', 'amount', 'cocaine_inject_days', 'speedball_inject_days', 'opioid_inject_days', 'speed_inject_days', 'UDS_Alcohol_Count', 'UDS_Mdma/Hallucinogen_Count']
2024-08-14 12:41:48,758 - INFO - Converted Yes/No to binary.
2024-08-14 12:41:48,768 - INFO - Processed TLFB columns with specified columns: ['TLFB_Alcohol_Count', 'TLFB_Amphetamine_Count', 'TLFB_Cocaine_Count', 'TLFB_Heroin_Count', 'TLFB_Benzodiazepine_Count', 'TLFB_Opioid_Count', 'TLFB_THC_Count', 'TLFB_Methadone_Count', 'TLFB_Buprenorphine_Count']
2024-08-14 12:41:48,771 - INFO - Calculated behavioral columns.
2024-08-14 12:41:48,778 - INFO - Moved 'Rs_krupitsky_2004' column to the end.
2024-08-14 12:41:48,886 - INFO - Dropped initial columns: ['msm_npt', 'msm_frq', 'txx_prt']
2024-08-14 12:41:48,900 - INFO - transform_data_with_nan_handling success
2024-08-14 12:41:48,901 - INFO - Renamed columns according to the mapping.
2024-08-14 12:41:48,927 - INFO - Transformed NaN to 0 for binary columns.
2024-08-14 12:41:48,928 - INFO - Transformed and renamed 'heroin_inject_days' column to 'rbsivheroin'.
2024-08-14 12:41:48,928 - INFO - Filled NaN with 0 for 'ftnd' column.
2024-08-14 12:41:49,050 - INFO - Dropped additional columns: ['rbs_iv_days', 'race', 'RBS_cocaine_Days', 'RBS_heroin_Days', 'RBS_opioid_Days', 'RBS_speed_Days', 'RBS_speedball_Days']
2024-08-14 12:41:49,079 - INFO - Converted UDS drug counts to binary.
2024-08-14 12:41:49,152 - INFO - ------------------------------
2024-08-14 12:41:49,152 - INFO - PRE-PROCESSING STAGE COMPLETED
2024-08-14 12:41:49,153 - INFO - ------------------------------
2024-08-14 12:41:49,153 - INFO - Merged dataset preprocessed successfully.
2024-08-14 12:41:49,154 - INFO - Creating demographic subsets from preprocessed data...
2024-08-14 12:41:57,353 - INFO - Created 11 subsets successfully.
2024-08-14 12:41:57,353 - INFO - Creating merged subsets from create_demographics_dfs function
2024-08-14 12:41:57,434 - INFO - Created 11 merged subsets successfully.
2024-08-14 12:41:57,435 - INFO - Subset 1 demographic makeup: 500 1, 249 3, 153 2, 98 4
2024-08-14 12:41:57,435 - INFO - Processing subset 1...
2024-08-14 12:41:57,435 - INFO - -----------------------------
2024-08-14 12:41:57,436 - INFO - TRAIN MODEL STAGE STARTING FOR SUBSET 1...
2024-08-14 12:41:57,437 - INFO - -----------------------------
2024-08-14 12:41:57,449 - INFO - Scaling features and applying LASSO for feature selection...
2024-08-14 12:42:01,505 - INFO - Selected features (including required): ['who', 'RaceEth', 'age', 'is_female', 'is_hispanic', 'unemployed', 'unstableliving', 'education', 'marital', 'UDS_Amphetamine_Count', 'UDS_Benzodiazepine_Count', 'UDS_Buprenorphine_Count', 'UDS_Cocaine_Count', 'UDS_Methadone_Count', 'UDS_Opioid_Count', 'UDS_Sedatives_Count', 'UDS_Thc_Count', 'pain', 'has_schizophrenia', 'has_major_dep', 'has_bipolar', 'has_anx_pan', 'has_brain_damage', 'has_epilepsy', 'has_alcol_dx', 'has_amphetamines_dx', 'has_cannabis_dx', 'has_cocaine_dx', 'has_sedatives_dx', 'ftnd', 'XTRT', 'shared', 'rbsivheroin', 'TLFB_Alcohol_Count', 'TLFB_Amphetamine_Count', 'TLFB_Benzodiazepine_Count', 'TLFB_Buprenorphine_Count', 'TLFB_Cocaine_Count', 'TLFB_Heroin_Count', 'TLFB_Methadone_Count', 'TLFB_Opioid_Count', 'TLFB_THC_Count', 'TLFB_Other', 'Homosexual_Behavior', 'Non_monogamous_Relationships']
2024-08-14 12:42:01,520 - INFO - Fitting logistic regression model with the selected features...
2024-08-14 12:42:03,015 - INFO - Model training completed successfully.
2024-08-14 12:42:03,017 - INFO - Calculating the dynamic threshold based on the proportion of positive outcomes...
2024-08-14 12:42:03,019 - INFO - Ratio of 1s to 0s in the outcome variable: 0.82 : 0.18
2024-08-14 12:42:03,019 - INFO - Dynamic threshold set to: 0.824
2024-08-14 12:42:03,019 - INFO - Model trained and saved successfully for subset 1.
2024-08-14 12:42:03,019 - INFO - ---------------------------
2024-08-14 12:42:03,019 - INFO - TRAIN MODEL STAGE COMPLETED FOR SUBSET 1
2024-08-14 12:42:03,020 - INFO - ---------------------------
2024-08-14 12:42:03,020 - INFO - --------------------------------
2024-08-14 12:42:03,020 - INFO - EVALUATE MODEL STAGE STARTING FOR SUBSET 1...
2024-08-14 12:42:03,020 - INFO - --------------------------------
2024-08-14 12:42:03,035 - INFO - ROC AUC Score: 0.6063548102383053
2024-08-14 12:42:03,035 - INFO - Confusion Matrix: 
[[ 26  18]
 [ 95 111]]
2024-08-14 12:42:03,035 - INFO - Precision: 0.8604651162790697
2024-08-14 12:42:03,035 - INFO - Recall: 0.5388349514563107
2024-08-14 12:42:03,035 - INFO - Model evaluated successfully for subset 1.
2024-08-14 12:42:03,036 - INFO - ------------------------------
2024-08-14 12:42:03,036 - INFO - EVALUATE MODEL STAGE COMPLETED FOR SUBSET 1
2024-08-14 12:42:03,036 - INFO - ------------------------------
2024-08-14 12:42:03,037 - INFO - Subset 2 demographic makeup: 550 1, 226 3, 133 2, 91 4
2024-08-14 12:42:03,037 - INFO - Processing subset 2...
2024-08-14 12:42:03,037 - INFO - -----------------------------
2024-08-14 12:42:03,037 - INFO - TRAIN MODEL STAGE STARTING FOR SUBSET 2...
2024-08-14 12:42:03,037 - INFO - -----------------------------
2024-08-14 12:42:03,046 - INFO - Scaling features and applying LASSO for feature selection...
2024-08-14 12:42:09,657 - INFO - Selected features (including required): ['who', 'RaceEth', 'age', 'is_female', 'is_hispanic', 'unemployed', 'unstableliving', 'education', 'marital', 'UDS_Amphetamine_Count', 'UDS_Benzodiazepine_Count', 'UDS_Buprenorphine_Count', 'UDS_Cocaine_Count', 'UDS_Methadone_Count', 'UDS_Opioid_Count', 'UDS_Sedatives_Count', 'UDS_Thc_Count', 'pain', 'has_schizophrenia', 'has_major_dep', 'has_bipolar', 'has_anx_pan', 'has_brain_damage', 'has_epilepsy', 'has_alcol_dx', 'has_amphetamines_dx', 'has_cannabis_dx', 'has_cocaine_dx', 'has_sedatives_dx', 'ftnd', 'XTRT', 'shared', 'rbsivheroin', 'TLFB_Alcohol_Count', 'TLFB_Amphetamine_Count', 'TLFB_Benzodiazepine_Count', 'TLFB_Buprenorphine_Count', 'TLFB_Cocaine_Count', 'TLFB_Heroin_Count', 'TLFB_Methadone_Count', 'TLFB_Opioid_Count', 'TLFB_THC_Count', 'TLFB_Other', 'Homosexual_Behavior', 'Non_monogamous_Relationships']
2024-08-14 12:42:09,663 - INFO - Fitting logistic regression model with the selected features...
2024-08-14 12:42:11,614 - INFO - Model training completed successfully.
2024-08-14 12:42:11,615 - INFO - Calculating the dynamic threshold based on the proportion of positive outcomes...
2024-08-14 12:42:11,615 - INFO - Ratio of 1s to 0s in the outcome variable: 0.84 : 0.16
2024-08-14 12:42:11,616 - INFO - Dynamic threshold set to: 0.836
2024-08-14 12:42:11,616 - INFO - Model trained and saved successfully for subset 2.
2024-08-14 12:42:11,616 - INFO - ---------------------------
2024-08-14 12:42:11,617 - INFO - TRAIN MODEL STAGE COMPLETED FOR SUBSET 2
2024-08-14 12:42:11,618 - INFO - ---------------------------
2024-08-14 12:42:11,618 - INFO - --------------------------------
2024-08-14 12:42:11,619 - INFO - EVALUATE MODEL STAGE STARTING FOR SUBSET 2...
2024-08-14 12:42:11,621 - INFO - --------------------------------
2024-08-14 12:42:11,638 - INFO - ROC AUC Score: 0.6209592717936747
2024-08-14 12:42:11,639 - INFO - Confusion Matrix: 
[[ 22  19]
 [ 80 129]]
2024-08-14 12:42:11,639 - INFO - Precision: 0.8716216216216216
2024-08-14 12:42:11,639 - INFO - Recall: 0.6172248803827751
2024-08-14 12:42:11,639 - INFO - Model evaluated successfully for subset 2.
2024-08-14 12:42:11,639 - INFO - ------------------------------
2024-08-14 12:42:11,639 - INFO - EVALUATE MODEL STAGE COMPLETED FOR SUBSET 2
2024-08-14 12:42:11,639 - INFO - ------------------------------
2024-08-14 12:42:11,640 - INFO - Subset 3 demographic makeup: 600 1, 201 3, 121 2, 78 4
2024-08-14 12:42:11,640 - INFO - Processing subset 3...
2024-08-14 12:42:11,640 - INFO - -----------------------------
2024-08-14 12:42:11,640 - INFO - TRAIN MODEL STAGE STARTING FOR SUBSET 3...
2024-08-14 12:42:11,640 - INFO - -----------------------------
2024-08-14 12:42:11,646 - INFO - Scaling features and applying LASSO for feature selection...
2024-08-14 12:42:12,789 - INFO - Selected features (including required): ['who', 'RaceEth', 'age', 'is_female', 'is_hispanic', 'unemployed', 'unstableliving', 'education', 'marital', 'UDS_Amphetamine_Count', 'UDS_Benzodiazepine_Count', 'UDS_Buprenorphine_Count', 'UDS_Cocaine_Count', 'UDS_Methadone_Count', 'UDS_Opioid_Count', 'UDS_Sedatives_Count', 'UDS_Thc_Count', 'pain', 'has_schizophrenia', 'has_major_dep', 'has_bipolar', 'has_anx_pan', 'has_brain_damage', 'has_epilepsy', 'has_alcol_dx', 'has_amphetamines_dx', 'has_cannabis_dx', 'has_cocaine_dx', 'has_sedatives_dx', 'ftnd', 'XTRT', 'shared', 'rbsivheroin', 'TLFB_Alcohol_Count', 'TLFB_Amphetamine_Count', 'TLFB_Benzodiazepine_Count', 'TLFB_Buprenorphine_Count', 'TLFB_Cocaine_Count', 'TLFB_Heroin_Count', 'TLFB_Methadone_Count', 'TLFB_Opioid_Count', 'TLFB_THC_Count', 'TLFB_Other', 'Homosexual_Behavior', 'Non_monogamous_Relationships']
2024-08-14 12:42:12,794 - INFO - Fitting logistic regression model with the selected features...
2024-08-14 12:42:14,335 - INFO - Model training completed successfully.
2024-08-14 12:42:14,335 - INFO - Calculating the dynamic threshold based on the proportion of positive outcomes...
2024-08-14 12:42:14,335 - INFO - Ratio of 1s to 0s in the outcome variable: 0.82 : 0.18
2024-08-14 12:42:14,336 - INFO - Dynamic threshold set to: 0.816
2024-08-14 12:42:14,336 - INFO - Model trained and saved successfully for subset 3.
2024-08-14 12:42:14,336 - INFO - ---------------------------
2024-08-14 12:42:14,336 - INFO - TRAIN MODEL STAGE COMPLETED FOR SUBSET 3
2024-08-14 12:42:14,336 - INFO - ---------------------------
2024-08-14 12:42:14,336 - INFO - --------------------------------
2024-08-14 12:42:14,336 - INFO - EVALUATE MODEL STAGE STARTING FOR SUBSET 3...
2024-08-14 12:42:14,336 - INFO - --------------------------------
2024-08-14 12:42:14,354 - INFO - ROC AUC Score: 0.591538789428815
2024-08-14 12:42:14,354 - INFO - Confusion Matrix: 
[[ 22  24]
 [ 84 120]]
2024-08-14 12:42:14,355 - INFO - Precision: 0.8333333333333334
2024-08-14 12:42:14,355 - INFO - Recall: 0.5882352941176471
2024-08-14 12:42:14,355 - INFO - Model evaluated successfully for subset 3.
2024-08-14 12:42:14,355 - INFO - ------------------------------
2024-08-14 12:42:14,355 - INFO - EVALUATE MODEL STAGE COMPLETED FOR SUBSET 3
2024-08-14 12:42:14,355 - INFO - ------------------------------
2024-08-14 12:42:14,356 - INFO - Subset 4 demographic makeup: 650 1, 174 3, 106 2, 70 4
2024-08-14 12:42:14,356 - INFO - Processing subset 4...
2024-08-14 12:42:14,356 - INFO - -----------------------------
2024-08-14 12:42:14,356 - INFO - TRAIN MODEL STAGE STARTING FOR SUBSET 4...
2024-08-14 12:42:14,356 - INFO - -----------------------------
2024-08-14 12:42:14,363 - INFO - Scaling features and applying LASSO for feature selection...
2024-08-14 12:42:16,374 - INFO - Selected features (including required): ['who', 'RaceEth', 'age', 'is_female', 'is_hispanic', 'unemployed', 'unstableliving', 'education', 'marital', 'UDS_Amphetamine_Count', 'UDS_Benzodiazepine_Count', 'UDS_Buprenorphine_Count', 'UDS_Cocaine_Count', 'UDS_Methadone_Count', 'UDS_Opioid_Count', 'UDS_Sedatives_Count', 'UDS_Thc_Count', 'pain', 'has_schizophrenia', 'has_major_dep', 'has_bipolar', 'has_anx_pan', 'has_brain_damage', 'has_epilepsy', 'has_alcol_dx', 'has_amphetamines_dx', 'has_cannabis_dx', 'has_cocaine_dx', 'has_sedatives_dx', 'ftnd', 'XTRT', 'shared', 'rbsivheroin', 'TLFB_Alcohol_Count', 'TLFB_Amphetamine_Count', 'TLFB_Benzodiazepine_Count', 'TLFB_Buprenorphine_Count', 'TLFB_Cocaine_Count', 'TLFB_Heroin_Count', 'TLFB_Methadone_Count', 'TLFB_Opioid_Count', 'TLFB_THC_Count', 'TLFB_Other', 'Homosexual_Behavior', 'Non_monogamous_Relationships']
2024-08-14 12:42:16,379 - INFO - Fitting logistic regression model with the selected features...
2024-08-14 12:42:17,384 - INFO - Model training completed successfully.
2024-08-14 12:42:17,384 - INFO - Calculating the dynamic threshold based on the proportion of positive outcomes...
2024-08-14 12:42:17,385 - INFO - Ratio of 1s to 0s in the outcome variable: 0.86 : 0.14
2024-08-14 12:42:17,385 - INFO - Dynamic threshold set to: 0.856
2024-08-14 12:42:17,385 - INFO - Model trained and saved successfully for subset 4.
2024-08-14 12:42:17,385 - INFO - ---------------------------
2024-08-14 12:42:17,385 - INFO - TRAIN MODEL STAGE COMPLETED FOR SUBSET 4
2024-08-14 12:42:17,385 - INFO - ---------------------------
2024-08-14 12:42:17,385 - INFO - --------------------------------
2024-08-14 12:42:17,385 - INFO - EVALUATE MODEL STAGE STARTING FOR SUBSET 4...
2024-08-14 12:42:17,385 - INFO - --------------------------------
2024-08-14 12:42:17,397 - INFO - ROC AUC Score: 0.5920301142263759
2024-08-14 12:42:17,397 - INFO - Confusion Matrix: 
[[ 22  14]
 [116  98]]
2024-08-14 12:42:17,397 - INFO - Precision: 0.875
2024-08-14 12:42:17,398 - INFO - Recall: 0.45794392523364486
2024-08-14 12:42:17,398 - INFO - Model evaluated successfully for subset 4.
2024-08-14 12:42:17,398 - INFO - ------------------------------
2024-08-14 12:42:17,398 - INFO - EVALUATE MODEL STAGE COMPLETED FOR SUBSET 4
2024-08-14 12:42:17,398 - INFO - ------------------------------
2024-08-14 12:42:17,399 - INFO - Subset 5 demographic makeup: 700 1, 152 3, 91 2, 57 4
2024-08-14 12:42:17,399 - INFO - Processing subset 5...
2024-08-14 12:42:17,399 - INFO - -----------------------------
2024-08-14 12:42:17,399 - INFO - TRAIN MODEL STAGE STARTING FOR SUBSET 5...
2024-08-14 12:42:17,399 - INFO - -----------------------------
2024-08-14 12:42:17,415 - INFO - Scaling features and applying LASSO for feature selection...
2024-08-14 12:42:19,525 - INFO - Selected features (including required): ['who', 'RaceEth', 'age', 'is_female', 'is_hispanic', 'unemployed', 'unstableliving', 'education', 'marital', 'UDS_Amphetamine_Count', 'UDS_Benzodiazepine_Count', 'UDS_Buprenorphine_Count', 'UDS_Cocaine_Count', 'UDS_Methadone_Count', 'UDS_Opioid_Count', 'UDS_Sedatives_Count', 'UDS_Thc_Count', 'pain', 'has_schizophrenia', 'has_major_dep', 'has_bipolar', 'has_anx_pan', 'has_brain_damage', 'has_epilepsy', 'has_alcol_dx', 'has_amphetamines_dx', 'has_cannabis_dx', 'has_cocaine_dx', 'has_sedatives_dx', 'ftnd', 'XTRT', 'shared', 'rbsivheroin', 'TLFB_Alcohol_Count', 'TLFB_Amphetamine_Count', 'TLFB_Benzodiazepine_Count', 'TLFB_Buprenorphine_Count', 'TLFB_Cocaine_Count', 'TLFB_Heroin_Count', 'TLFB_Methadone_Count', 'TLFB_Opioid_Count', 'TLFB_THC_Count', 'TLFB_Other', 'Homosexual_Behavior', 'Non_monogamous_Relationships']
2024-08-14 12:42:19,530 - INFO - Fitting logistic regression model with the selected features...
2024-08-14 12:42:20,585 - INFO - Model training completed successfully.
2024-08-14 12:42:20,586 - INFO - Calculating the dynamic threshold based on the proportion of positive outcomes...
2024-08-14 12:42:20,586 - INFO - Ratio of 1s to 0s in the outcome variable: 0.83 : 0.17
2024-08-14 12:42:20,586 - INFO - Dynamic threshold set to: 0.828
2024-08-14 12:42:20,586 - INFO - Model trained and saved successfully for subset 5.
2024-08-14 12:42:20,586 - INFO - ---------------------------
2024-08-14 12:42:20,586 - INFO - TRAIN MODEL STAGE COMPLETED FOR SUBSET 5
2024-08-14 12:42:20,586 - INFO - ---------------------------
2024-08-14 12:42:20,587 - INFO - --------------------------------
2024-08-14 12:42:20,587 - INFO - EVALUATE MODEL STAGE STARTING FOR SUBSET 5...
2024-08-14 12:42:20,587 - INFO - --------------------------------
2024-08-14 12:42:20,605 - INFO - ROC AUC Score: 0.61139197842939
2024-08-14 12:42:20,605 - INFO - Confusion Matrix: 
[[ 23  20]
 [ 86 121]]
2024-08-14 12:42:20,606 - INFO - Precision: 0.8581560283687943
2024-08-14 12:42:20,606 - INFO - Recall: 0.5845410628019324
2024-08-14 12:42:20,606 - INFO - Model evaluated successfully for subset 5.
2024-08-14 12:42:20,606 - INFO - ------------------------------
2024-08-14 12:42:20,606 - INFO - EVALUATE MODEL STAGE COMPLETED FOR SUBSET 5
2024-08-14 12:42:20,606 - INFO - ------------------------------
2024-08-14 12:42:20,607 - INFO - Subset 6 demographic makeup: 750 1, 131 3, 72 2, 47 4
2024-08-14 12:42:20,607 - INFO - Processing subset 6...
2024-08-14 12:42:20,607 - INFO - -----------------------------
2024-08-14 12:42:20,607 - INFO - TRAIN MODEL STAGE STARTING FOR SUBSET 6...
2024-08-14 12:42:20,607 - INFO - -----------------------------
2024-08-14 12:42:20,615 - INFO - Scaling features and applying LASSO for feature selection...
2024-08-14 12:42:22,470 - INFO - Selected features (including required): ['who', 'RaceEth', 'age', 'is_female', 'is_hispanic', 'unemployed', 'unstableliving', 'education', 'marital', 'UDS_Amphetamine_Count', 'UDS_Benzodiazepine_Count', 'UDS_Buprenorphine_Count', 'UDS_Cocaine_Count', 'UDS_Methadone_Count', 'UDS_Opioid_Count', 'UDS_Sedatives_Count', 'UDS_Thc_Count', 'pain', 'has_schizophrenia', 'has_major_dep', 'has_bipolar', 'has_anx_pan', 'has_brain_damage', 'has_epilepsy', 'has_alcol_dx', 'has_amphetamines_dx', 'has_cannabis_dx', 'has_cocaine_dx', 'has_sedatives_dx', 'ftnd', 'XTRT', 'shared', 'rbsivheroin', 'TLFB_Alcohol_Count', 'TLFB_Amphetamine_Count', 'TLFB_Benzodiazepine_Count', 'TLFB_Buprenorphine_Count', 'TLFB_Cocaine_Count', 'TLFB_Heroin_Count', 'TLFB_Methadone_Count', 'TLFB_Opioid_Count', 'TLFB_THC_Count', 'TLFB_Other', 'Homosexual_Behavior', 'Non_monogamous_Relationships']
2024-08-14 12:42:22,480 - INFO - Fitting logistic regression model with the selected features...
2024-08-14 12:42:23,345 - INFO - Model training completed successfully.
2024-08-14 12:42:23,345 - INFO - Calculating the dynamic threshold based on the proportion of positive outcomes...
2024-08-14 12:42:23,346 - INFO - Ratio of 1s to 0s in the outcome variable: 0.80 : 0.20
2024-08-14 12:42:23,346 - INFO - Dynamic threshold set to: 0.804
2024-08-14 12:42:23,346 - INFO - Model trained and saved successfully for subset 6.
2024-08-14 12:42:23,346 - INFO - ---------------------------
2024-08-14 12:42:23,346 - INFO - TRAIN MODEL STAGE COMPLETED FOR SUBSET 6
2024-08-14 12:42:23,346 - INFO - ---------------------------
2024-08-14 12:42:23,346 - INFO - --------------------------------
2024-08-14 12:42:23,346 - INFO - EVALUATE MODEL STAGE STARTING FOR SUBSET 6...
2024-08-14 12:42:23,346 - INFO - --------------------------------
2024-08-14 12:42:23,358 - INFO - ROC AUC Score: 0.6477815006599655
2024-08-14 12:42:23,359 - INFO - Confusion Matrix: 
[[ 30  19]
 [ 71 130]]
2024-08-14 12:42:23,359 - INFO - Precision: 0.87248322147651
2024-08-14 12:42:23,359 - INFO - Recall: 0.6467661691542289
2024-08-14 12:42:23,359 - INFO - Model evaluated successfully for subset 6.
2024-08-14 12:42:23,359 - INFO - ------------------------------
2024-08-14 12:42:23,359 - INFO - EVALUATE MODEL STAGE COMPLETED FOR SUBSET 6
2024-08-14 12:42:23,359 - INFO - ------------------------------
2024-08-14 12:42:23,360 - INFO - Subset 7 demographic makeup: 800 1, 105 3, 56 2, 39 4
2024-08-14 12:42:23,360 - INFO - Processing subset 7...
2024-08-14 12:42:23,360 - INFO - -----------------------------
2024-08-14 12:42:23,360 - INFO - TRAIN MODEL STAGE STARTING FOR SUBSET 7...
2024-08-14 12:42:23,360 - INFO - -----------------------------
2024-08-14 12:42:23,369 - INFO - Scaling features and applying LASSO for feature selection...
2024-08-14 12:42:27,863 - INFO - Selected features (including required): ['who', 'RaceEth', 'age', 'is_female', 'is_hispanic', 'unemployed', 'unstableliving', 'education', 'marital', 'UDS_Amphetamine_Count', 'UDS_Benzodiazepine_Count', 'UDS_Buprenorphine_Count', 'UDS_Cocaine_Count', 'UDS_Methadone_Count', 'UDS_Opioid_Count', 'UDS_Sedatives_Count', 'UDS_Thc_Count', 'pain', 'has_schizophrenia', 'has_major_dep', 'has_bipolar', 'has_anx_pan', 'has_brain_damage', 'has_epilepsy', 'has_alcol_dx', 'has_amphetamines_dx', 'has_cannabis_dx', 'has_cocaine_dx', 'has_sedatives_dx', 'ftnd', 'XTRT', 'shared', 'rbsivheroin', 'TLFB_Alcohol_Count', 'TLFB_Amphetamine_Count', 'TLFB_Benzodiazepine_Count', 'TLFB_Buprenorphine_Count', 'TLFB_Cocaine_Count', 'TLFB_Heroin_Count', 'TLFB_Methadone_Count', 'TLFB_Opioid_Count', 'TLFB_THC_Count', 'TLFB_Other', 'Homosexual_Behavior', 'Non_monogamous_Relationships']
2024-08-14 12:42:27,869 - INFO - Fitting logistic regression model with the selected features...
2024-08-14 12:42:28,723 - INFO - Model training completed successfully.
2024-08-14 12:42:28,723 - INFO - Calculating the dynamic threshold based on the proportion of positive outcomes...
2024-08-14 12:42:28,723 - INFO - Ratio of 1s to 0s in the outcome variable: 0.80 : 0.20
2024-08-14 12:42:28,723 - INFO - Dynamic threshold set to: 0.796
2024-08-14 12:42:28,723 - INFO - Model trained and saved successfully for subset 7.
2024-08-14 12:42:28,723 - INFO - ---------------------------
2024-08-14 12:42:28,723 - INFO - TRAIN MODEL STAGE COMPLETED FOR SUBSET 7
2024-08-14 12:42:28,724 - INFO - ---------------------------
2024-08-14 12:42:28,724 - INFO - --------------------------------
2024-08-14 12:42:28,724 - INFO - EVALUATE MODEL STAGE STARTING FOR SUBSET 7...
2024-08-14 12:42:28,724 - INFO - --------------------------------
2024-08-14 12:42:28,736 - INFO - ROC AUC Score: 0.6137550497585968
2024-08-14 12:42:28,736 - INFO - Confusion Matrix: 
[[ 26  25]
 [ 65 134]]
2024-08-14 12:42:28,736 - INFO - Precision: 0.8427672955974843
2024-08-14 12:42:28,736 - INFO - Recall: 0.6733668341708543
2024-08-14 12:42:28,736 - INFO - Model evaluated successfully for subset 7.
2024-08-14 12:42:28,737 - INFO - ------------------------------
2024-08-14 12:42:28,737 - INFO - EVALUATE MODEL STAGE COMPLETED FOR SUBSET 7
2024-08-14 12:42:28,737 - INFO - ------------------------------
2024-08-14 12:42:28,738 - INFO - Subset 8 demographic makeup: 850 1, 80 3, 40 2, 30 4
2024-08-14 12:42:28,738 - INFO - Processing subset 8...
2024-08-14 12:42:28,738 - INFO - -----------------------------
2024-08-14 12:42:28,738 - INFO - TRAIN MODEL STAGE STARTING FOR SUBSET 8...
2024-08-14 12:42:28,738 - INFO - -----------------------------
2024-08-14 12:42:28,746 - INFO - Scaling features and applying LASSO for feature selection...
2024-08-14 12:42:32,734 - INFO - Selected features (including required): ['who', 'RaceEth', 'age', 'is_female', 'is_hispanic', 'unemployed', 'unstableliving', 'education', 'marital', 'UDS_Amphetamine_Count', 'UDS_Benzodiazepine_Count', 'UDS_Buprenorphine_Count', 'UDS_Cocaine_Count', 'UDS_Methadone_Count', 'UDS_Opioid_Count', 'UDS_Sedatives_Count', 'UDS_Thc_Count', 'pain', 'has_schizophrenia', 'has_major_dep', 'has_bipolar', 'has_anx_pan', 'has_brain_damage', 'has_epilepsy', 'has_alcol_dx', 'has_amphetamines_dx', 'has_cannabis_dx', 'has_cocaine_dx', 'has_sedatives_dx', 'ftnd', 'XTRT', 'shared', 'rbsivheroin', 'TLFB_Alcohol_Count', 'TLFB_Amphetamine_Count', 'TLFB_Benzodiazepine_Count', 'TLFB_Buprenorphine_Count', 'TLFB_Cocaine_Count', 'TLFB_Heroin_Count', 'TLFB_Methadone_Count', 'TLFB_Opioid_Count', 'TLFB_THC_Count', 'TLFB_Other', 'Homosexual_Behavior', 'Non_monogamous_Relationships']
2024-08-14 12:42:32,739 - INFO - Fitting logistic regression model with the selected features...
2024-08-14 12:42:33,709 - INFO - Model training completed successfully.
2024-08-14 12:42:33,709 - INFO - Calculating the dynamic threshold based on the proportion of positive outcomes...
2024-08-14 12:42:33,709 - INFO - Ratio of 1s to 0s in the outcome variable: 0.82 : 0.18
2024-08-14 12:42:33,709 - INFO - Dynamic threshold set to: 0.816
2024-08-14 12:42:33,709 - INFO - Model trained and saved successfully for subset 8.
2024-08-14 12:42:33,709 - INFO - ---------------------------
2024-08-14 12:42:33,710 - INFO - TRAIN MODEL STAGE COMPLETED FOR SUBSET 8
2024-08-14 12:42:33,710 - INFO - ---------------------------
2024-08-14 12:42:33,710 - INFO - --------------------------------
2024-08-14 12:42:33,710 - INFO - EVALUATE MODEL STAGE STARTING FOR SUBSET 8...
2024-08-14 12:42:33,710 - INFO - --------------------------------
2024-08-14 12:42:33,721 - INFO - ROC AUC Score: 0.603154305200341
2024-08-14 12:42:33,722 - INFO - Confusion Matrix: 
[[ 22  24]
 [ 73 131]]
2024-08-14 12:42:33,722 - INFO - Precision: 0.8451612903225807
2024-08-14 12:42:33,722 - INFO - Recall: 0.6421568627450981
2024-08-14 12:42:33,722 - INFO - Model evaluated successfully for subset 8.
2024-08-14 12:42:33,722 - INFO - ------------------------------
2024-08-14 12:42:33,722 - INFO - EVALUATE MODEL STAGE COMPLETED FOR SUBSET 8
2024-08-14 12:42:33,722 - INFO - ------------------------------
2024-08-14 12:42:33,723 - INFO - Subset 9 demographic makeup: 900 1, 48 3, 32 2, 20 4
2024-08-14 12:42:33,723 - INFO - Processing subset 9...
2024-08-14 12:42:33,724 - INFO - -----------------------------
2024-08-14 12:42:33,725 - INFO - TRAIN MODEL STAGE STARTING FOR SUBSET 9...
2024-08-14 12:42:33,725 - INFO - -----------------------------
2024-08-14 12:42:33,732 - INFO - Scaling features and applying LASSO for feature selection...
2024-08-14 12:42:37,611 - INFO - Selected features (including required): ['who', 'RaceEth', 'age', 'is_female', 'is_hispanic', 'unemployed', 'unstableliving', 'education', 'marital', 'UDS_Amphetamine_Count', 'UDS_Benzodiazepine_Count', 'UDS_Buprenorphine_Count', 'UDS_Cocaine_Count', 'UDS_Methadone_Count', 'UDS_Opioid_Count', 'UDS_Sedatives_Count', 'UDS_Thc_Count', 'pain', 'has_schizophrenia', 'has_major_dep', 'has_bipolar', 'has_anx_pan', 'has_brain_damage', 'has_epilepsy', 'has_alcol_dx', 'has_amphetamines_dx', 'has_cannabis_dx', 'has_cocaine_dx', 'has_sedatives_dx', 'ftnd', 'XTRT', 'shared', 'rbsivheroin', 'TLFB_Alcohol_Count', 'TLFB_Amphetamine_Count', 'TLFB_Benzodiazepine_Count', 'TLFB_Buprenorphine_Count', 'TLFB_Cocaine_Count', 'TLFB_Heroin_Count', 'TLFB_Methadone_Count', 'TLFB_Opioid_Count', 'TLFB_THC_Count', 'TLFB_Other', 'Homosexual_Behavior', 'Non_monogamous_Relationships']
2024-08-14 12:42:37,616 - INFO - Fitting logistic regression model with the selected features...
2024-08-14 12:42:38,826 - INFO - Model training completed successfully.
2024-08-14 12:42:38,826 - INFO - Calculating the dynamic threshold based on the proportion of positive outcomes...
2024-08-14 12:42:38,826 - INFO - Ratio of 1s to 0s in the outcome variable: 0.80 : 0.20
2024-08-14 12:42:38,827 - INFO - Dynamic threshold set to: 0.804
2024-08-14 12:42:38,827 - INFO - Model trained and saved successfully for subset 9.
2024-08-14 12:42:38,827 - INFO - ---------------------------
2024-08-14 12:42:38,827 - INFO - TRAIN MODEL STAGE COMPLETED FOR SUBSET 9
2024-08-14 12:42:38,827 - INFO - ---------------------------
2024-08-14 12:42:38,827 - INFO - --------------------------------
2024-08-14 12:42:38,827 - INFO - EVALUATE MODEL STAGE STARTING FOR SUBSET 9...
2024-08-14 12:42:38,827 - INFO - --------------------------------
2024-08-14 12:42:38,849 - INFO - ROC AUC Score: 0.7501269164382172
2024-08-14 12:42:38,849 - INFO - Confusion Matrix: 
[[ 32  17]
 [ 62 139]]
2024-08-14 12:42:38,849 - INFO - Precision: 0.8910256410256411
2024-08-14 12:42:38,850 - INFO - Recall: 0.6915422885572139
2024-08-14 12:42:38,850 - INFO - Model evaluated successfully for subset 9.
2024-08-14 12:42:38,850 - INFO - ------------------------------
2024-08-14 12:42:38,850 - INFO - EVALUATE MODEL STAGE COMPLETED FOR SUBSET 9
2024-08-14 12:42:38,850 - INFO - ------------------------------
2024-08-14 12:42:38,851 - INFO - Subset 10 demographic makeup: 950 1, 25 3, 13 2, 12 4
2024-08-14 12:42:38,851 - INFO - Processing subset 10...
2024-08-14 12:42:38,851 - INFO - -----------------------------
2024-08-14 12:42:38,851 - INFO - TRAIN MODEL STAGE STARTING FOR SUBSET 10...
2024-08-14 12:42:38,851 - INFO - -----------------------------
2024-08-14 12:42:38,857 - INFO - Scaling features and applying LASSO for feature selection...
2024-08-14 12:42:43,216 - INFO - Selected features (including required): ['who', 'RaceEth', 'age', 'is_female', 'is_hispanic', 'unemployed', 'unstableliving', 'education', 'marital', 'UDS_Amphetamine_Count', 'UDS_Benzodiazepine_Count', 'UDS_Buprenorphine_Count', 'UDS_Cocaine_Count', 'UDS_Methadone_Count', 'UDS_Opioid_Count', 'UDS_Sedatives_Count', 'UDS_Thc_Count', 'pain', 'has_schizophrenia', 'has_major_dep', 'has_bipolar', 'has_anx_pan', 'has_brain_damage', 'has_epilepsy', 'has_alcol_dx', 'has_amphetamines_dx', 'has_cannabis_dx', 'has_cocaine_dx', 'has_sedatives_dx', 'ftnd', 'XTRT', 'shared', 'rbsivheroin', 'TLFB_Alcohol_Count', 'TLFB_Amphetamine_Count', 'TLFB_Benzodiazepine_Count', 'TLFB_Buprenorphine_Count', 'TLFB_Cocaine_Count', 'TLFB_Heroin_Count', 'TLFB_Methadone_Count', 'TLFB_Opioid_Count', 'TLFB_THC_Count', 'TLFB_Other', 'Homosexual_Behavior', 'Non_monogamous_Relationships']
2024-08-14 12:42:43,226 - INFO - Fitting logistic regression model with the selected features...
2024-08-14 12:42:44,665 - INFO - Model training completed successfully.
2024-08-14 12:42:44,665 - INFO - Calculating the dynamic threshold based on the proportion of positive outcomes...
2024-08-14 12:42:44,666 - INFO - Ratio of 1s to 0s in the outcome variable: 0.80 : 0.20
2024-08-14 12:42:44,666 - INFO - Dynamic threshold set to: 0.8
2024-08-14 12:42:44,666 - INFO - Model trained and saved successfully for subset 10.
2024-08-14 12:42:44,666 - INFO - ---------------------------
2024-08-14 12:42:44,666 - INFO - TRAIN MODEL STAGE COMPLETED FOR SUBSET 10
2024-08-14 12:42:44,666 - INFO - ---------------------------
2024-08-14 12:42:44,666 - INFO - --------------------------------
2024-08-14 12:42:44,666 - INFO - EVALUATE MODEL STAGE STARTING FOR SUBSET 10...
2024-08-14 12:42:44,666 - INFO - --------------------------------
2024-08-14 12:42:44,686 - INFO - ROC AUC Score: 0.6889000000000001
2024-08-14 12:42:44,686 - INFO - Confusion Matrix: 
[[ 32  18]
 [ 68 132]]
2024-08-14 12:42:44,686 - INFO - Precision: 0.88
2024-08-14 12:42:44,686 - INFO - Recall: 0.66
2024-08-14 12:42:44,686 - INFO - Model evaluated successfully for subset 10.
2024-08-14 12:42:44,687 - INFO - ------------------------------
2024-08-14 12:42:44,687 - INFO - EVALUATE MODEL STAGE COMPLETED FOR SUBSET 10
2024-08-14 12:42:44,687 - INFO - ------------------------------
2024-08-14 12:42:44,688 - INFO - Subset 11 demographic makeup: 1000 1
2024-08-14 12:42:44,688 - INFO - Processing subset 11...
2024-08-14 12:42:44,688 - INFO - -----------------------------
2024-08-14 12:42:44,688 - INFO - TRAIN MODEL STAGE STARTING FOR SUBSET 11...
2024-08-14 12:42:44,688 - INFO - -----------------------------
2024-08-14 12:42:44,693 - INFO - Scaling features and applying LASSO for feature selection...
2024-08-14 12:42:45,991 - INFO - Selected features (including required): ['who', 'age', 'is_female', 'unemployed', 'unstableliving', 'education', 'marital', 'UDS_Amphetamine_Count', 'UDS_Benzodiazepine_Count', 'UDS_Buprenorphine_Count', 'UDS_Cocaine_Count', 'UDS_Methadone_Count', 'UDS_Opioid_Count', 'UDS_Sedatives_Count', 'UDS_Thc_Count', 'pain', 'has_schizophrenia', 'has_major_dep', 'has_bipolar', 'has_anx_pan', 'has_brain_damage', 'has_epilepsy', 'has_alcol_dx', 'has_amphetamines_dx', 'has_cannabis_dx', 'has_cocaine_dx', 'has_sedatives_dx', 'ftnd', 'XTRT', 'shared', 'rbsivheroin', 'TLFB_Alcohol_Count', 'TLFB_Amphetamine_Count', 'TLFB_Benzodiazepine_Count', 'TLFB_Buprenorphine_Count', 'TLFB_Cocaine_Count', 'TLFB_Heroin_Count', 'TLFB_Methadone_Count', 'TLFB_Opioid_Count', 'TLFB_THC_Count', 'TLFB_Other', 'Homosexual_Behavior', 'Non_monogamous_Relationships']
2024-08-14 12:42:45,996 - INFO - Fitting logistic regression model with the selected features...
2024-08-14 12:42:47,805 - INFO - Model training completed successfully.
2024-08-14 12:42:47,805 - INFO - Calculating the dynamic threshold based on the proportion of positive outcomes...
2024-08-14 12:42:47,806 - INFO - Ratio of 1s to 0s in the outcome variable: 0.80 : 0.20
2024-08-14 12:42:47,806 - INFO - Dynamic threshold set to: 0.804
2024-08-14 12:42:47,806 - INFO - Model trained and saved successfully for subset 11.
2024-08-14 12:42:47,806 - INFO - ---------------------------
2024-08-14 12:42:47,806 - INFO - TRAIN MODEL STAGE COMPLETED FOR SUBSET 11
2024-08-14 12:42:47,806 - INFO - ---------------------------
2024-08-14 12:42:47,806 - INFO - --------------------------------
2024-08-14 12:42:47,806 - INFO - EVALUATE MODEL STAGE STARTING FOR SUBSET 11...
2024-08-14 12:42:47,806 - INFO - --------------------------------
2024-08-14 12:42:47,819 - INFO - ROC AUC Score: 0.6121433648086101
2024-08-14 12:42:47,820 - INFO - Confusion Matrix: 
[[ 21  28]
 [ 65 136]]
2024-08-14 12:42:47,820 - INFO - Precision: 0.8292682926829268
2024-08-14 12:42:47,820 - INFO - Recall: 0.6766169154228856
2024-08-14 12:42:47,820 - INFO - Model evaluated successfully for subset 11.
2024-08-14 12:42:47,820 - INFO - ------------------------------
2024-08-14 12:42:47,820 - INFO - EVALUATE MODEL STAGE COMPLETED FOR SUBSET 11
2024-08-14 12:42:47,820 - INFO - ------------------------------
2024-08-14 12:42:47,820 - INFO - ------------------
2024-08-14 12:42:47,820 - INFO - PIPELINE COMPLETED
2024-08-14 12:42:47,820 - INFO - ------------------
