2024-08-02 18:27:09,342 - INFO - Global Seed set to: 1722636378
2024-08-02 18:27:14,332 - INFO - Outcome Name: ctn0094_relapse_event
2024-08-02 18:27:14,398 - INFO - Datasets loaded successfully.
2024-08-02 18:27:14,418 - INFO - Starting preprocessing of the merged dataset...
2024-08-02 18:27:14,419 - INFO - ---------------------------------
2024-08-02 18:27:14,419 - INFO - PRE-PROCESSING STAGE STARTING...
2024-08-02 18:27:14,420 - INFO - ---------------------------------
2024-08-02 18:27:14,534 - INFO - Dropped initial columns: ['pain_when', 'is_smoker', 'per_day', 'max', 'amount', 'depression', 'anxiety', 'schizophrenia', 'max', 'amount', 'cocaine_inject_days', 'speedball_inject_days', 'opioid_inject_days', 'speed_inject_days', 'UDS_Alcohol_Count', 'UDS_Mdma/Hallucinogen_Count']
2024-08-02 18:27:14,575 - INFO - Converted Yes/No to binary.
2024-08-02 18:27:14,583 - INFO - Processed TLFB columns with specified columns: ['TLFB_Alcohol_Count', 'TLFB_Amphetamine_Count', 'TLFB_Cocaine_Count', 'TLFB_Heroin_Count', 'TLFB_Benzodiazepine_Count', 'TLFB_Opioid_Count', 'TLFB_THC_Count', 'TLFB_Methadone_Count', 'TLFB_Buprenorphine_Count']
2024-08-02 18:27:14,587 - INFO - Calculated behavioral columns.
2024-08-02 18:27:14,593 - INFO - Moved 'ctn0094_relapse_event' column to the end.
2024-08-02 18:27:14,676 - INFO - Dropped initial columns: ['msm_npt', 'msm_frq', 'txx_prt']
2024-08-02 18:27:14,693 - INFO - transform_data_with_nan_handling success
2024-08-02 18:27:14,693 - INFO - Renamed columns according to the mapping.
2024-08-02 18:27:14,720 - INFO - Transformed NaN to 0 for binary columns.
2024-08-02 18:27:14,721 - INFO - Transformed and renamed 'heroin_inject_days' column to 'rbsivheroin'.
2024-08-02 18:27:14,723 - INFO - Filled NaN with 0 for 'ftnd' column.
2024-08-02 18:27:14,791 - INFO - Dropped additional columns: ['rbs_iv_days', 'race', 'RBS_cocaine_Days', 'RBS_heroin_Days', 'RBS_opioid_Days', 'RBS_speed_Days', 'RBS_speedball_Days']
2024-08-02 18:27:14,805 - INFO - Converted UDS drug counts to binary.
2024-08-02 18:27:14,867 - INFO - ------------------------------
2024-08-02 18:27:14,867 - INFO - PRE-PROCESSING STAGE COMPLETED
2024-08-02 18:27:14,867 - INFO - ------------------------------
2024-08-02 18:27:14,867 - INFO - Merged dataset preprocessed successfully.
2024-08-02 18:27:14,867 - INFO - Creating demographic subsets from preprocessed data...
2024-08-02 18:27:23,237 - INFO - Created 11 subsets successfully.
2024-08-02 18:27:23,237 - INFO - Creating merged subsets from create_demographics_dfs function
2024-08-02 18:27:23,320 - INFO - Created 11 merged subsets successfully.
2024-08-02 18:27:23,328 - INFO - Subset 1 demographic makeup: 500 1, 252 3, 150 2, 98 4
2024-08-02 18:27:23,328 - INFO - Processing subset 1...
2024-08-02 18:27:23,328 - INFO - -----------------------------
2024-08-02 18:27:23,328 - INFO - TRAIN MODEL STAGE STARTING FOR SUBSET 1...
2024-08-02 18:27:23,329 - INFO - -----------------------------
2024-08-02 18:27:23,335 - INFO - Scaling features and applying LASSO for feature selection...
2024-08-02 18:27:24,276 - INFO - Selected features (including required): ['who', 'RaceEth', 'age', 'is_female', 'is_hispanic', 'unemployed', 'unstableliving', 'education', 'marital', 'UDS_Amphetamine_Count', 'UDS_Benzodiazepine_Count', 'UDS_Buprenorphine_Count', 'UDS_Cocaine_Count', 'UDS_Methadone_Count', 'UDS_Opioid_Count', 'UDS_Sedatives_Count', 'UDS_Thc_Count', 'pain', 'has_schizophrenia', 'has_major_dep', 'has_bipolar', 'has_anx_pan', 'has_brain_damage', 'has_epilepsy', 'has_alcol_dx', 'has_amphetamines_dx', 'has_cannabis_dx', 'has_cocaine_dx', 'has_sedatives_dx', 'ftnd', 'XTRT', 'shared', 'rbsivheroin', 'TLFB_Alcohol_Count', 'TLFB_Amphetamine_Count', 'TLFB_Benzodiazepine_Count', 'TLFB_Buprenorphine_Count', 'TLFB_Cocaine_Count', 'TLFB_Heroin_Count', 'TLFB_Methadone_Count', 'TLFB_Opioid_Count', 'TLFB_THC_Count', 'TLFB_Other', 'Homosexual_Behavior', 'Non_monogamous_Relationships']
2024-08-02 18:27:24,281 - INFO - Fitting logistic regression model with the selected features...
2024-08-02 18:27:24,664 - INFO - Model training completed successfully.
2024-08-02 18:27:24,664 - INFO - Calculating the dynamic threshold based on the proportion of positive outcomes...
2024-08-02 18:27:24,665 - INFO - Ratio of 1s to 0s in the outcome variable: 0.75 : 0.25
2024-08-02 18:27:24,665 - INFO - Dynamic threshold set to: 0.752
2024-08-02 18:27:24,666 - INFO - Model trained and saved successfully for subset 1.
2024-08-02 18:27:24,667 - INFO - ---------------------------
2024-08-02 18:27:24,667 - INFO - TRAIN MODEL STAGE COMPLETED FOR SUBSET 1
2024-08-02 18:27:24,672 - INFO - ---------------------------
2024-08-02 18:27:24,673 - INFO - --------------------------------
2024-08-02 18:27:24,673 - INFO - EVALUATE MODEL STAGE STARTING FOR SUBSET 1...
2024-08-02 18:27:24,674 - INFO - --------------------------------
2024-08-02 18:27:24,697 - INFO - ROC AUC Score: 0.6088709677419356
2024-08-02 18:27:24,697 - INFO - Confusion Matrix: 
[[ 27  35]
 [ 55 133]]
2024-08-02 18:27:24,698 - INFO - Precision: 0.7916666666666666
2024-08-02 18:27:24,698 - INFO - Recall: 0.7074468085106383
2024-08-02 18:27:24,699 - INFO - Model evaluated successfully for subset 1.
2024-08-02 18:27:24,699 - INFO - ------------------------------
2024-08-02 18:27:24,703 - INFO - EVALUATE MODEL STAGE COMPLETED FOR SUBSET 1
2024-08-02 18:27:24,706 - INFO - ------------------------------
2024-08-02 18:27:24,707 - INFO - Subset 2 demographic makeup: 550 1, 224 3, 137 2, 89 4
2024-08-02 18:27:24,707 - INFO - Processing subset 2...
2024-08-02 18:27:24,708 - INFO - -----------------------------
2024-08-02 18:27:24,708 - INFO - TRAIN MODEL STAGE STARTING FOR SUBSET 2...
2024-08-02 18:27:24,709 - INFO - -----------------------------
2024-08-02 18:27:24,726 - INFO - Scaling features and applying LASSO for feature selection...
2024-08-02 18:27:25,667 - INFO - Selected features (including required): ['who', 'RaceEth', 'age', 'is_female', 'is_hispanic', 'unemployed', 'unstableliving', 'education', 'marital', 'UDS_Amphetamine_Count', 'UDS_Benzodiazepine_Count', 'UDS_Buprenorphine_Count', 'UDS_Cocaine_Count', 'UDS_Methadone_Count', 'UDS_Opioid_Count', 'UDS_Sedatives_Count', 'UDS_Thc_Count', 'pain', 'has_schizophrenia', 'has_major_dep', 'has_bipolar', 'has_anx_pan', 'has_brain_damage', 'has_epilepsy', 'has_alcol_dx', 'has_amphetamines_dx', 'has_cannabis_dx', 'has_cocaine_dx', 'has_sedatives_dx', 'ftnd', 'XTRT', 'shared', 'rbsivheroin', 'TLFB_Alcohol_Count', 'TLFB_Amphetamine_Count', 'TLFB_Benzodiazepine_Count', 'TLFB_Buprenorphine_Count', 'TLFB_Cocaine_Count', 'TLFB_Heroin_Count', 'TLFB_Methadone_Count', 'TLFB_Opioid_Count', 'TLFB_THC_Count', 'TLFB_Other', 'Homosexual_Behavior', 'Non_monogamous_Relationships']
2024-08-02 18:27:25,672 - INFO - Fitting logistic regression model with the selected features...
2024-08-02 18:27:26,215 - INFO - Model training completed successfully.
2024-08-02 18:27:26,215 - INFO - Calculating the dynamic threshold based on the proportion of positive outcomes...
2024-08-02 18:27:26,216 - INFO - Ratio of 1s to 0s in the outcome variable: 0.78 : 0.22
2024-08-02 18:27:26,216 - INFO - Dynamic threshold set to: 0.784
2024-08-02 18:27:26,216 - INFO - Model trained and saved successfully for subset 2.
2024-08-02 18:27:26,216 - INFO - ---------------------------
2024-08-02 18:27:26,216 - INFO - TRAIN MODEL STAGE COMPLETED FOR SUBSET 2
2024-08-02 18:27:26,216 - INFO - ---------------------------
2024-08-02 18:27:26,216 - INFO - --------------------------------
2024-08-02 18:27:26,216 - INFO - EVALUATE MODEL STAGE STARTING FOR SUBSET 2...
2024-08-02 18:27:26,216 - INFO - --------------------------------
2024-08-02 18:27:26,229 - INFO - ROC AUC Score: 0.5732237339380196
2024-08-02 18:27:26,229 - INFO - Confusion Matrix: 
[[ 26  28]
 [ 86 110]]
2024-08-02 18:27:26,229 - INFO - Precision: 0.7971014492753623
2024-08-02 18:27:26,229 - INFO - Recall: 0.5612244897959183
2024-08-02 18:27:26,229 - INFO - Model evaluated successfully for subset 2.
2024-08-02 18:27:26,230 - INFO - ------------------------------
2024-08-02 18:27:26,230 - INFO - EVALUATE MODEL STAGE COMPLETED FOR SUBSET 2
2024-08-02 18:27:26,230 - INFO - ------------------------------
2024-08-02 18:27:26,231 - INFO - Subset 3 demographic makeup: 600 1, 196 3, 124 2, 80 4
2024-08-02 18:27:26,231 - INFO - Processing subset 3...
2024-08-02 18:27:26,231 - INFO - -----------------------------
2024-08-02 18:27:26,231 - INFO - TRAIN MODEL STAGE STARTING FOR SUBSET 3...
2024-08-02 18:27:26,231 - INFO - -----------------------------
2024-08-02 18:27:26,240 - INFO - Scaling features and applying LASSO for feature selection...
2024-08-02 18:27:26,701 - INFO - Selected features (including required): ['who', 'RaceEth', 'age', 'is_female', 'is_hispanic', 'unemployed', 'unstableliving', 'education', 'marital', 'UDS_Amphetamine_Count', 'UDS_Benzodiazepine_Count', 'UDS_Buprenorphine_Count', 'UDS_Cocaine_Count', 'UDS_Methadone_Count', 'UDS_Opioid_Count', 'UDS_Sedatives_Count', 'UDS_Thc_Count', 'pain', 'has_schizophrenia', 'has_major_dep', 'has_bipolar', 'has_anx_pan', 'has_brain_damage', 'has_epilepsy', 'has_alcol_dx', 'has_amphetamines_dx', 'has_cannabis_dx', 'has_cocaine_dx', 'has_sedatives_dx', 'ftnd', 'XTRT', 'shared', 'rbsivheroin', 'TLFB_Alcohol_Count', 'TLFB_Amphetamine_Count', 'TLFB_Benzodiazepine_Count', 'TLFB_Buprenorphine_Count', 'TLFB_Cocaine_Count', 'TLFB_Heroin_Count', 'TLFB_Methadone_Count', 'TLFB_Opioid_Count', 'TLFB_THC_Count', 'TLFB_Other', 'Homosexual_Behavior', 'Non_monogamous_Relationships']
2024-08-02 18:27:26,706 - INFO - Fitting logistic regression model with the selected features...
2024-08-02 18:27:27,323 - INFO - Model training completed successfully.
2024-08-02 18:27:27,323 - INFO - Calculating the dynamic threshold based on the proportion of positive outcomes...
2024-08-02 18:27:27,323 - INFO - Ratio of 1s to 0s in the outcome variable: 0.78 : 0.22
2024-08-02 18:27:27,323 - INFO - Dynamic threshold set to: 0.78
2024-08-02 18:27:27,323 - INFO - Model trained and saved successfully for subset 3.
2024-08-02 18:27:27,323 - INFO - ---------------------------
2024-08-02 18:27:27,323 - INFO - TRAIN MODEL STAGE COMPLETED FOR SUBSET 3
2024-08-02 18:27:27,323 - INFO - ---------------------------
2024-08-02 18:27:27,324 - INFO - --------------------------------
2024-08-02 18:27:27,324 - INFO - EVALUATE MODEL STAGE STARTING FOR SUBSET 3...
2024-08-02 18:27:27,324 - INFO - --------------------------------
2024-08-02 18:27:27,336 - INFO - ROC AUC Score: 0.6062470862470862
2024-08-02 18:27:27,336 - INFO - Confusion Matrix: 
[[ 30  25]
 [ 83 112]]
2024-08-02 18:27:27,336 - INFO - Precision: 0.8175182481751825
2024-08-02 18:27:27,336 - INFO - Recall: 0.5743589743589743
2024-08-02 18:27:27,336 - INFO - Model evaluated successfully for subset 3.
2024-08-02 18:27:27,336 - INFO - ------------------------------
2024-08-02 18:27:27,336 - INFO - EVALUATE MODEL STAGE COMPLETED FOR SUBSET 3
2024-08-02 18:27:27,336 - INFO - ------------------------------
2024-08-02 18:27:27,337 - INFO - Subset 4 demographic makeup: 650 1, 170 3, 108 2, 72 4
2024-08-02 18:27:27,337 - INFO - Processing subset 4...
2024-08-02 18:27:27,337 - INFO - -----------------------------
2024-08-02 18:27:27,337 - INFO - TRAIN MODEL STAGE STARTING FOR SUBSET 4...
2024-08-02 18:27:27,337 - INFO - -----------------------------
2024-08-02 18:27:27,346 - INFO - Scaling features and applying LASSO for feature selection...
2024-08-02 18:27:27,642 - INFO - Selected features (including required): ['who', 'RaceEth', 'age', 'is_female', 'is_hispanic', 'unemployed', 'unstableliving', 'education', 'marital', 'UDS_Amphetamine_Count', 'UDS_Benzodiazepine_Count', 'UDS_Buprenorphine_Count', 'UDS_Cocaine_Count', 'UDS_Methadone_Count', 'UDS_Opioid_Count', 'UDS_Sedatives_Count', 'UDS_Thc_Count', 'pain', 'has_schizophrenia', 'has_major_dep', 'has_bipolar', 'has_anx_pan', 'has_brain_damage', 'has_epilepsy', 'has_alcol_dx', 'has_amphetamines_dx', 'has_cannabis_dx', 'has_cocaine_dx', 'has_sedatives_dx', 'ftnd', 'XTRT', 'shared', 'rbsivheroin', 'TLFB_Alcohol_Count', 'TLFB_Amphetamine_Count', 'TLFB_Benzodiazepine_Count', 'TLFB_Buprenorphine_Count', 'TLFB_Cocaine_Count', 'TLFB_Heroin_Count', 'TLFB_Methadone_Count', 'TLFB_Opioid_Count', 'TLFB_THC_Count', 'TLFB_Other', 'Homosexual_Behavior', 'Non_monogamous_Relationships']
2024-08-02 18:27:27,647 - INFO - Fitting logistic regression model with the selected features...
2024-08-02 18:27:28,087 - INFO - Model training completed successfully.
2024-08-02 18:27:28,088 - INFO - Calculating the dynamic threshold based on the proportion of positive outcomes...
2024-08-02 18:27:28,088 - INFO - Ratio of 1s to 0s in the outcome variable: 0.77 : 0.23
2024-08-02 18:27:28,088 - INFO - Dynamic threshold set to: 0.768
2024-08-02 18:27:28,088 - INFO - Model trained and saved successfully for subset 4.
2024-08-02 18:27:28,088 - INFO - ---------------------------
2024-08-02 18:27:28,088 - INFO - TRAIN MODEL STAGE COMPLETED FOR SUBSET 4
2024-08-02 18:27:28,088 - INFO - ---------------------------
2024-08-02 18:27:28,088 - INFO - --------------------------------
2024-08-02 18:27:28,088 - INFO - EVALUATE MODEL STAGE STARTING FOR SUBSET 4...
2024-08-02 18:27:28,089 - INFO - --------------------------------
2024-08-02 18:27:28,100 - INFO - ROC AUC Score: 0.5854885057471265
2024-08-02 18:27:28,100 - INFO - Confusion Matrix: 
[[36 22]
 [99 93]]
2024-08-02 18:27:28,100 - INFO - Precision: 0.808695652173913
2024-08-02 18:27:28,100 - INFO - Recall: 0.484375
2024-08-02 18:27:28,101 - INFO - Model evaluated successfully for subset 4.
2024-08-02 18:27:28,101 - INFO - ------------------------------
2024-08-02 18:27:28,101 - INFO - EVALUATE MODEL STAGE COMPLETED FOR SUBSET 4
2024-08-02 18:27:28,101 - INFO - ------------------------------
2024-08-02 18:27:28,102 - INFO - Subset 5 demographic makeup: 700 1, 142 3, 99 2, 59 4
2024-08-02 18:27:28,102 - INFO - Processing subset 5...
2024-08-02 18:27:28,102 - INFO - -----------------------------
2024-08-02 18:27:28,102 - INFO - TRAIN MODEL STAGE STARTING FOR SUBSET 5...
2024-08-02 18:27:28,102 - INFO - -----------------------------
2024-08-02 18:27:28,107 - INFO - Scaling features and applying LASSO for feature selection...
2024-08-02 18:27:28,428 - INFO - Selected features (including required): ['who', 'RaceEth', 'age', 'is_female', 'is_hispanic', 'unemployed', 'unstableliving', 'education', 'marital', 'UDS_Amphetamine_Count', 'UDS_Benzodiazepine_Count', 'UDS_Buprenorphine_Count', 'UDS_Cocaine_Count', 'UDS_Methadone_Count', 'UDS_Opioid_Count', 'UDS_Sedatives_Count', 'UDS_Thc_Count', 'pain', 'has_schizophrenia', 'has_major_dep', 'has_bipolar', 'has_anx_pan', 'has_brain_damage', 'has_epilepsy', 'has_alcol_dx', 'has_amphetamines_dx', 'has_cannabis_dx', 'has_cocaine_dx', 'has_sedatives_dx', 'ftnd', 'XTRT', 'shared', 'rbsivheroin', 'TLFB_Alcohol_Count', 'TLFB_Amphetamine_Count', 'TLFB_Benzodiazepine_Count', 'TLFB_Buprenorphine_Count', 'TLFB_Cocaine_Count', 'TLFB_Heroin_Count', 'TLFB_Methadone_Count', 'TLFB_Opioid_Count', 'TLFB_THC_Count', 'TLFB_Other', 'Homosexual_Behavior', 'Non_monogamous_Relationships']
2024-08-02 18:27:28,433 - INFO - Fitting logistic regression model with the selected features...
2024-08-02 18:27:29,086 - INFO - Model training completed successfully.
2024-08-02 18:27:29,086 - INFO - Calculating the dynamic threshold based on the proportion of positive outcomes...
2024-08-02 18:27:29,087 - INFO - Ratio of 1s to 0s in the outcome variable: 0.72 : 0.28
2024-08-02 18:27:29,088 - INFO - Dynamic threshold set to: 0.716
2024-08-02 18:27:29,088 - INFO - Model trained and saved successfully for subset 5.
2024-08-02 18:27:29,089 - INFO - ---------------------------
2024-08-02 18:27:29,092 - INFO - TRAIN MODEL STAGE COMPLETED FOR SUBSET 5
2024-08-02 18:27:29,093 - INFO - ---------------------------
2024-08-02 18:27:29,093 - INFO - --------------------------------
2024-08-02 18:27:29,093 - INFO - EVALUATE MODEL STAGE STARTING FOR SUBSET 5...
2024-08-02 18:27:29,094 - INFO - --------------------------------
2024-08-02 18:27:29,114 - INFO - ROC AUC Score: 0.6031159021166103
2024-08-02 18:27:29,115 - INFO - Confusion Matrix: 
[[ 30  41]
 [ 46 133]]
2024-08-02 18:27:29,115 - INFO - Precision: 0.764367816091954
2024-08-02 18:27:29,116 - INFO - Recall: 0.7430167597765364
2024-08-02 18:27:29,116 - INFO - Model evaluated successfully for subset 5.
2024-08-02 18:27:29,116 - INFO - ------------------------------
2024-08-02 18:27:29,117 - INFO - EVALUATE MODEL STAGE COMPLETED FOR SUBSET 5
2024-08-02 18:27:29,117 - INFO - ------------------------------
2024-08-02 18:27:29,119 - INFO - Subset 6 demographic makeup: 750 1, 114 3, 84 2, 52 4
2024-08-02 18:27:29,119 - INFO - Processing subset 6...
2024-08-02 18:27:29,122 - INFO - -----------------------------
2024-08-02 18:27:29,125 - INFO - TRAIN MODEL STAGE STARTING FOR SUBSET 6...
2024-08-02 18:27:29,125 - INFO - -----------------------------
2024-08-02 18:27:29,134 - INFO - Scaling features and applying LASSO for feature selection...
2024-08-02 18:27:29,527 - INFO - Selected features (including required): ['who', 'RaceEth', 'age', 'is_female', 'is_hispanic', 'unemployed', 'unstableliving', 'education', 'marital', 'UDS_Amphetamine_Count', 'UDS_Benzodiazepine_Count', 'UDS_Buprenorphine_Count', 'UDS_Cocaine_Count', 'UDS_Methadone_Count', 'UDS_Opioid_Count', 'UDS_Sedatives_Count', 'UDS_Thc_Count', 'pain', 'has_schizophrenia', 'has_major_dep', 'has_bipolar', 'has_anx_pan', 'has_brain_damage', 'has_epilepsy', 'has_alcol_dx', 'has_amphetamines_dx', 'has_cannabis_dx', 'has_cocaine_dx', 'has_sedatives_dx', 'ftnd', 'XTRT', 'shared', 'rbsivheroin', 'TLFB_Alcohol_Count', 'TLFB_Amphetamine_Count', 'TLFB_Benzodiazepine_Count', 'TLFB_Buprenorphine_Count', 'TLFB_Cocaine_Count', 'TLFB_Heroin_Count', 'TLFB_Methadone_Count', 'TLFB_Opioid_Count', 'TLFB_THC_Count', 'TLFB_Other', 'Homosexual_Behavior', 'Non_monogamous_Relationships']
2024-08-02 18:27:29,532 - INFO - Fitting logistic regression model with the selected features...
2024-08-02 18:27:30,335 - INFO - Model training completed successfully.
2024-08-02 18:27:30,335 - INFO - Calculating the dynamic threshold based on the proportion of positive outcomes...
2024-08-02 18:27:30,336 - INFO - Ratio of 1s to 0s in the outcome variable: 0.74 : 0.26
2024-08-02 18:27:30,336 - INFO - Dynamic threshold set to: 0.74
2024-08-02 18:27:30,336 - INFO - Model trained and saved successfully for subset 6.
2024-08-02 18:27:30,336 - INFO - ---------------------------
2024-08-02 18:27:30,336 - INFO - TRAIN MODEL STAGE COMPLETED FOR SUBSET 6
2024-08-02 18:27:30,336 - INFO - ---------------------------
2024-08-02 18:27:30,336 - INFO - --------------------------------
2024-08-02 18:27:30,336 - INFO - EVALUATE MODEL STAGE STARTING FOR SUBSET 6...
2024-08-02 18:27:30,336 - INFO - --------------------------------
2024-08-02 18:27:30,350 - INFO - ROC AUC Score: 0.6261122661122661
2024-08-02 18:27:30,350 - INFO - Confusion Matrix: 
[[ 38  27]
 [ 78 107]]
2024-08-02 18:27:30,350 - INFO - Precision: 0.7985074626865671
2024-08-02 18:27:30,350 - INFO - Recall: 0.5783783783783784
2024-08-02 18:27:30,350 - INFO - Model evaluated successfully for subset 6.
2024-08-02 18:27:30,351 - INFO - ------------------------------
2024-08-02 18:27:30,351 - INFO - EVALUATE MODEL STAGE COMPLETED FOR SUBSET 6
2024-08-02 18:27:30,351 - INFO - ------------------------------
2024-08-02 18:27:30,352 - INFO - Subset 7 demographic makeup: 800 1, 98 3, 63 2, 39 4
2024-08-02 18:27:30,352 - INFO - Processing subset 7...
2024-08-02 18:27:30,352 - INFO - -----------------------------
2024-08-02 18:27:30,352 - INFO - TRAIN MODEL STAGE STARTING FOR SUBSET 7...
2024-08-02 18:27:30,352 - INFO - -----------------------------
2024-08-02 18:27:30,361 - INFO - Scaling features and applying LASSO for feature selection...
2024-08-02 18:27:33,051 - INFO - Selected features (including required): ['who', 'RaceEth', 'age', 'is_female', 'is_hispanic', 'unemployed', 'unstableliving', 'education', 'marital', 'UDS_Amphetamine_Count', 'UDS_Benzodiazepine_Count', 'UDS_Buprenorphine_Count', 'UDS_Cocaine_Count', 'UDS_Methadone_Count', 'UDS_Opioid_Count', 'UDS_Sedatives_Count', 'UDS_Thc_Count', 'pain', 'has_schizophrenia', 'has_major_dep', 'has_bipolar', 'has_anx_pan', 'has_brain_damage', 'has_epilepsy', 'has_alcol_dx', 'has_amphetamines_dx', 'has_cannabis_dx', 'has_cocaine_dx', 'has_sedatives_dx', 'ftnd', 'XTRT', 'shared', 'rbsivheroin', 'TLFB_Alcohol_Count', 'TLFB_Amphetamine_Count', 'TLFB_Benzodiazepine_Count', 'TLFB_Buprenorphine_Count', 'TLFB_Cocaine_Count', 'TLFB_Heroin_Count', 'TLFB_Methadone_Count', 'TLFB_Opioid_Count', 'TLFB_THC_Count', 'TLFB_Other', 'Homosexual_Behavior', 'Non_monogamous_Relationships']
2024-08-02 18:27:33,057 - INFO - Fitting logistic regression model with the selected features...
2024-08-02 18:27:33,539 - INFO - Model training completed successfully.
2024-08-02 18:27:33,539 - INFO - Calculating the dynamic threshold based on the proportion of positive outcomes...
2024-08-02 18:27:33,540 - INFO - Ratio of 1s to 0s in the outcome variable: 0.71 : 0.29
2024-08-02 18:27:33,540 - INFO - Dynamic threshold set to: 0.708
2024-08-02 18:27:33,540 - INFO - Model trained and saved successfully for subset 7.
2024-08-02 18:27:33,540 - INFO - ---------------------------
2024-08-02 18:27:33,540 - INFO - TRAIN MODEL STAGE COMPLETED FOR SUBSET 7
2024-08-02 18:27:33,540 - INFO - ---------------------------
2024-08-02 18:27:33,540 - INFO - --------------------------------
2024-08-02 18:27:33,540 - INFO - EVALUATE MODEL STAGE STARTING FOR SUBSET 7...
2024-08-02 18:27:33,540 - INFO - --------------------------------
2024-08-02 18:27:33,558 - INFO - ROC AUC Score: 0.6636483244330935
2024-08-02 18:27:33,559 - INFO - Confusion Matrix: 
[[ 39  34]
 [ 45 132]]
2024-08-02 18:27:33,559 - INFO - Precision: 0.7951807228915663
2024-08-02 18:27:33,559 - INFO - Recall: 0.7457627118644068
2024-08-02 18:27:33,559 - INFO - Model evaluated successfully for subset 7.
2024-08-02 18:27:33,559 - INFO - ------------------------------
2024-08-02 18:27:33,560 - INFO - EVALUATE MODEL STAGE COMPLETED FOR SUBSET 7
2024-08-02 18:27:33,560 - INFO - ------------------------------
2024-08-02 18:27:33,560 - INFO - Subset 8 demographic makeup: 850 1, 70 3, 50 2, 30 4
2024-08-02 18:27:33,561 - INFO - Processing subset 8...
2024-08-02 18:27:33,561 - INFO - -----------------------------
2024-08-02 18:27:33,561 - INFO - TRAIN MODEL STAGE STARTING FOR SUBSET 8...
2024-08-02 18:27:33,561 - INFO - -----------------------------
2024-08-02 18:27:33,567 - INFO - Scaling features and applying LASSO for feature selection...
2024-08-02 18:27:33,908 - INFO - Selected features (including required): ['who', 'RaceEth', 'age', 'is_female', 'is_hispanic', 'unemployed', 'unstableliving', 'education', 'marital', 'UDS_Amphetamine_Count', 'UDS_Benzodiazepine_Count', 'UDS_Buprenorphine_Count', 'UDS_Cocaine_Count', 'UDS_Methadone_Count', 'UDS_Opioid_Count', 'UDS_Sedatives_Count', 'UDS_Thc_Count', 'pain', 'has_schizophrenia', 'has_major_dep', 'has_bipolar', 'has_anx_pan', 'has_brain_damage', 'has_epilepsy', 'has_alcol_dx', 'has_amphetamines_dx', 'has_cannabis_dx', 'has_cocaine_dx', 'has_sedatives_dx', 'ftnd', 'XTRT', 'shared', 'rbsivheroin', 'TLFB_Alcohol_Count', 'TLFB_Amphetamine_Count', 'TLFB_Benzodiazepine_Count', 'TLFB_Buprenorphine_Count', 'TLFB_Cocaine_Count', 'TLFB_Heroin_Count', 'TLFB_Methadone_Count', 'TLFB_Opioid_Count', 'TLFB_THC_Count', 'TLFB_Other', 'Homosexual_Behavior', 'Non_monogamous_Relationships']
2024-08-02 18:27:33,915 - INFO - Fitting logistic regression model with the selected features...
2024-08-02 18:27:34,540 - INFO - Model training completed successfully.
2024-08-02 18:27:34,540 - INFO - Calculating the dynamic threshold based on the proportion of positive outcomes...
2024-08-02 18:27:34,541 - INFO - Ratio of 1s to 0s in the outcome variable: 0.72 : 0.28
2024-08-02 18:27:34,541 - INFO - Dynamic threshold set to: 0.72
2024-08-02 18:27:34,541 - INFO - Model trained and saved successfully for subset 8.
2024-08-02 18:27:34,541 - INFO - ---------------------------
2024-08-02 18:27:34,541 - INFO - TRAIN MODEL STAGE COMPLETED FOR SUBSET 8
2024-08-02 18:27:34,541 - INFO - ---------------------------
2024-08-02 18:27:34,541 - INFO - --------------------------------
2024-08-02 18:27:34,541 - INFO - EVALUATE MODEL STAGE STARTING FOR SUBSET 8...
2024-08-02 18:27:34,541 - INFO - --------------------------------
2024-08-02 18:27:34,553 - INFO - ROC AUC Score: 0.7054761904761905
2024-08-02 18:27:34,553 - INFO - Confusion Matrix: 
[[ 44  26]
 [ 57 123]]
2024-08-02 18:27:34,554 - INFO - Precision: 0.825503355704698
2024-08-02 18:27:34,555 - INFO - Recall: 0.6833333333333333
2024-08-02 18:27:34,556 - INFO - Model evaluated successfully for subset 8.
2024-08-02 18:27:34,556 - INFO - ------------------------------
2024-08-02 18:27:34,556 - INFO - EVALUATE MODEL STAGE COMPLETED FOR SUBSET 8
2024-08-02 18:27:34,556 - INFO - ------------------------------
2024-08-02 18:27:34,557 - INFO - Subset 9 demographic makeup: 900 1, 45 3, 34 2, 21 4
2024-08-02 18:27:34,557 - INFO - Processing subset 9...
2024-08-02 18:27:34,557 - INFO - -----------------------------
2024-08-02 18:27:34,558 - INFO - TRAIN MODEL STAGE STARTING FOR SUBSET 9...
2024-08-02 18:27:34,558 - INFO - -----------------------------
2024-08-02 18:27:34,564 - INFO - Scaling features and applying LASSO for feature selection...
2024-08-02 18:27:35,307 - INFO - Selected features (including required): ['who', 'RaceEth', 'age', 'is_female', 'is_hispanic', 'unemployed', 'unstableliving', 'education', 'marital', 'UDS_Amphetamine_Count', 'UDS_Benzodiazepine_Count', 'UDS_Buprenorphine_Count', 'UDS_Cocaine_Count', 'UDS_Methadone_Count', 'UDS_Opioid_Count', 'UDS_Sedatives_Count', 'UDS_Thc_Count', 'pain', 'has_schizophrenia', 'has_major_dep', 'has_bipolar', 'has_anx_pan', 'has_brain_damage', 'has_epilepsy', 'has_alcol_dx', 'has_amphetamines_dx', 'has_cannabis_dx', 'has_cocaine_dx', 'has_sedatives_dx', 'ftnd', 'XTRT', 'shared', 'rbsivheroin', 'TLFB_Alcohol_Count', 'TLFB_Amphetamine_Count', 'TLFB_Benzodiazepine_Count', 'TLFB_Buprenorphine_Count', 'TLFB_Cocaine_Count', 'TLFB_Heroin_Count', 'TLFB_Methadone_Count', 'TLFB_Opioid_Count', 'TLFB_THC_Count', 'TLFB_Other', 'Homosexual_Behavior', 'Non_monogamous_Relationships']
2024-08-02 18:27:35,313 - INFO - Fitting logistic regression model with the selected features...
2024-08-02 18:27:35,659 - INFO - Model training completed successfully.
2024-08-02 18:27:35,659 - INFO - Calculating the dynamic threshold based on the proportion of positive outcomes...
2024-08-02 18:27:35,660 - INFO - Ratio of 1s to 0s in the outcome variable: 0.74 : 0.26
2024-08-02 18:27:35,660 - INFO - Dynamic threshold set to: 0.74
2024-08-02 18:27:35,661 - INFO - Model trained and saved successfully for subset 9.
2024-08-02 18:27:35,661 - INFO - ---------------------------
2024-08-02 18:27:35,662 - INFO - TRAIN MODEL STAGE COMPLETED FOR SUBSET 9
2024-08-02 18:27:35,663 - INFO - ---------------------------
2024-08-02 18:27:35,665 - INFO - --------------------------------
2024-08-02 18:27:35,665 - INFO - EVALUATE MODEL STAGE STARTING FOR SUBSET 9...
2024-08-02 18:27:35,666 - INFO - --------------------------------
2024-08-02 18:27:35,688 - INFO - ROC AUC Score: 0.7209147609147609
2024-08-02 18:27:35,688 - INFO - Confusion Matrix: 
[[ 43  22]
 [ 55 130]]
2024-08-02 18:27:35,688 - INFO - Precision: 0.8552631578947368
2024-08-02 18:27:35,689 - INFO - Recall: 0.7027027027027027
2024-08-02 18:27:35,689 - INFO - Model evaluated successfully for subset 9.
2024-08-02 18:27:35,689 - INFO - ------------------------------
2024-08-02 18:27:35,690 - INFO - EVALUATE MODEL STAGE COMPLETED FOR SUBSET 9
2024-08-02 18:27:35,690 - INFO - ------------------------------
2024-08-02 18:27:35,696 - INFO - Subset 10 demographic makeup: 950 1, 25 3, 20 2, 5 4
2024-08-02 18:27:35,697 - INFO - Processing subset 10...
2024-08-02 18:27:35,699 - INFO - -----------------------------
2024-08-02 18:27:35,699 - INFO - TRAIN MODEL STAGE STARTING FOR SUBSET 10...
2024-08-02 18:27:35,700 - INFO - -----------------------------
2024-08-02 18:27:35,714 - INFO - Scaling features and applying LASSO for feature selection...
2024-08-02 18:27:36,387 - INFO - Selected features (including required): ['who', 'RaceEth', 'age', 'is_female', 'is_hispanic', 'unemployed', 'unstableliving', 'education', 'marital', 'UDS_Amphetamine_Count', 'UDS_Benzodiazepine_Count', 'UDS_Buprenorphine_Count', 'UDS_Cocaine_Count', 'UDS_Methadone_Count', 'UDS_Opioid_Count', 'UDS_Sedatives_Count', 'UDS_Thc_Count', 'pain', 'has_schizophrenia', 'has_major_dep', 'has_bipolar', 'has_anx_pan', 'has_brain_damage', 'has_epilepsy', 'has_alcol_dx', 'has_amphetamines_dx', 'has_cannabis_dx', 'has_cocaine_dx', 'has_sedatives_dx', 'ftnd', 'XTRT', 'shared', 'rbsivheroin', 'TLFB_Alcohol_Count', 'TLFB_Amphetamine_Count', 'TLFB_Benzodiazepine_Count', 'TLFB_Buprenorphine_Count', 'TLFB_Cocaine_Count', 'TLFB_Heroin_Count', 'TLFB_Methadone_Count', 'TLFB_Opioid_Count', 'TLFB_THC_Count', 'TLFB_Other', 'Homosexual_Behavior', 'Non_monogamous_Relationships']
2024-08-02 18:27:36,392 - INFO - Fitting logistic regression model with the selected features...
2024-08-02 18:27:36,983 - INFO - Model training completed successfully.
2024-08-02 18:27:36,983 - INFO - Calculating the dynamic threshold based on the proportion of positive outcomes...
2024-08-02 18:27:36,984 - INFO - Ratio of 1s to 0s in the outcome variable: 0.76 : 0.24
2024-08-02 18:27:36,984 - INFO - Dynamic threshold set to: 0.756
2024-08-02 18:27:36,984 - INFO - Model trained and saved successfully for subset 10.
2024-08-02 18:27:36,985 - INFO - ---------------------------
2024-08-02 18:27:36,986 - INFO - TRAIN MODEL STAGE COMPLETED FOR SUBSET 10
2024-08-02 18:27:36,987 - INFO - ---------------------------
2024-08-02 18:27:36,989 - INFO - --------------------------------
2024-08-02 18:27:36,989 - INFO - EVALUATE MODEL STAGE STARTING FOR SUBSET 10...
2024-08-02 18:27:36,990 - INFO - --------------------------------
2024-08-02 18:27:37,013 - INFO - ROC AUC Score: 0.6458495966692688
2024-08-02 18:27:37,016 - INFO - Confusion Matrix: 
[[ 36  25]
 [ 75 114]]
2024-08-02 18:27:37,020 - INFO - Precision: 0.8201438848920863
2024-08-02 18:27:37,022 - INFO - Recall: 0.6031746031746031
2024-08-02 18:27:37,024 - INFO - Model evaluated successfully for subset 10.
2024-08-02 18:27:37,024 - INFO - ------------------------------
2024-08-02 18:27:37,025 - INFO - EVALUATE MODEL STAGE COMPLETED FOR SUBSET 10
2024-08-02 18:27:37,026 - INFO - ------------------------------
2024-08-02 18:27:37,028 - INFO - Subset 11 demographic makeup: 1000 1
2024-08-02 18:27:37,028 - INFO - Processing subset 11...
2024-08-02 18:27:37,028 - INFO - -----------------------------
2024-08-02 18:27:37,029 - INFO - TRAIN MODEL STAGE STARTING FOR SUBSET 11...
2024-08-02 18:27:37,029 - INFO - -----------------------------
2024-08-02 18:27:37,043 - INFO - Scaling features and applying LASSO for feature selection...
2024-08-02 18:27:37,758 - INFO - Selected features (including required): ['who', 'age', 'is_female', 'unemployed', 'unstableliving', 'education', 'marital', 'UDS_Amphetamine_Count', 'UDS_Benzodiazepine_Count', 'UDS_Buprenorphine_Count', 'UDS_Cocaine_Count', 'UDS_Methadone_Count', 'UDS_Opioid_Count', 'UDS_Sedatives_Count', 'UDS_Thc_Count', 'pain', 'has_schizophrenia', 'has_major_dep', 'has_bipolar', 'has_anx_pan', 'has_brain_damage', 'has_epilepsy', 'has_alcol_dx', 'has_amphetamines_dx', 'has_cannabis_dx', 'has_cocaine_dx', 'has_sedatives_dx', 'ftnd', 'XTRT', 'shared', 'rbsivheroin', 'TLFB_Alcohol_Count', 'TLFB_Amphetamine_Count', 'TLFB_Benzodiazepine_Count', 'TLFB_Buprenorphine_Count', 'TLFB_Cocaine_Count', 'TLFB_Heroin_Count', 'TLFB_Methadone_Count', 'TLFB_Opioid_Count', 'TLFB_THC_Count', 'TLFB_Other', 'Homosexual_Behavior', 'Non_monogamous_Relationships']
2024-08-02 18:27:37,763 - INFO - Fitting logistic regression model with the selected features...
2024-08-02 18:27:38,444 - INFO - Model training completed successfully.
2024-08-02 18:27:38,445 - INFO - Calculating the dynamic threshold based on the proportion of positive outcomes...
2024-08-02 18:27:38,445 - INFO - Ratio of 1s to 0s in the outcome variable: 0.74 : 0.26
2024-08-02 18:27:38,445 - INFO - Dynamic threshold set to: 0.744
2024-08-02 18:27:38,445 - INFO - Model trained and saved successfully for subset 11.
2024-08-02 18:27:38,445 - INFO - ---------------------------
2024-08-02 18:27:38,445 - INFO - TRAIN MODEL STAGE COMPLETED FOR SUBSET 11
2024-08-02 18:27:38,445 - INFO - ---------------------------
2024-08-02 18:27:38,445 - INFO - --------------------------------
2024-08-02 18:27:38,445 - INFO - EVALUATE MODEL STAGE STARTING FOR SUBSET 11...
2024-08-02 18:27:38,445 - INFO - --------------------------------
2024-08-02 18:27:38,458 - INFO - ROC AUC Score: 0.6946404569892473
2024-08-02 18:27:38,459 - INFO - Confusion Matrix: 
[[ 37  27]
 [ 51 135]]
2024-08-02 18:27:38,459 - INFO - Precision: 0.8333333333333334
2024-08-02 18:27:38,459 - INFO - Recall: 0.7258064516129032
2024-08-02 18:27:38,459 - INFO - Model evaluated successfully for subset 11.
2024-08-02 18:27:38,459 - INFO - ------------------------------
2024-08-02 18:27:38,459 - INFO - EVALUATE MODEL STAGE COMPLETED FOR SUBSET 11
2024-08-02 18:27:38,459 - INFO - ------------------------------
2024-08-02 18:27:38,460 - INFO - ------------------
2024-08-02 18:27:38,460 - INFO - PIPELINE COMPLETED
2024-08-02 18:27:38,460 - INFO - ------------------
