2024-07-24 13:00:09 - INFO - -------------------------------------------
2024-07-24 13:00:09 - INFO - Logging setup complete - starting pipeline.
2024-07-24 13:00:09 - INFO - -------------------------------------------
2024-07-24 13:00:11 - INFO - Using seed 42 for this pipeline run.
2024-07-24 13:00:11 - INFO - Datasets loaded successfully.
2024-07-24 13:00:11 - INFO - Starting preprocessing of the merged dataset...
2024-07-24 13:00:11 - INFO - ---------------------------------
2024-07-24 13:00:11 - INFO - PRE-PROCESSING STAGE STARTING...
2024-07-24 13:00:11 - INFO - ---------------------------------
2024-07-24 13:00:12 - INFO - Dropped initial columns: ['pain_when', 'is_smoker', 'per_day', 'max', 'amount', 'depression', 'anxiety', 'schizophrenia', 'max', 'amount', 'cocaine_inject_days', 'speedball_inject_days', 'opioid_inject_days', 'speed_inject_days', 'UDS_Alcohol_Count', 'UDS_Mdma/Hallucinogen_Count']
2024-07-24 13:00:12 - INFO - Converted Yes/No to binary.
2024-07-24 13:00:12 - INFO - Processed TLFB columns with specified columns: ['TLFB_Alcohol_Count', 'TLFB_Amphetamine_Count', 'TLFB_Cocaine_Count', 'TLFB_Heroin_Count', 'TLFB_Benzodiazepine_Count', 'TLFB_Opioid_Count', 'TLFB_THC_Count', 'TLFB_Methadone_Count', 'TLFB_Buprenorphine_Count']
2024-07-24 13:00:12 - INFO - Calculated behavioral columns.
2024-07-24 13:00:12 - INFO - Moved 'Rd_kostenB_1993' column to the end.
2024-07-24 13:00:12 - INFO - Dropped initial columns: ['msm_npt', 'msm_frq', 'txx_prt']
2024-07-24 13:00:12 - INFO - transform_data_with_nan_handling success
2024-07-24 13:00:12 - INFO - Renamed columns according to the mapping.
2024-07-24 13:00:12 - INFO - Transformed NaN to 0 for binary columns.
2024-07-24 13:00:12 - INFO - Transformed and renamed 'heroin_inject_days' column to 'rbsivheroin'.
2024-07-24 13:00:12 - INFO - Filled NaN with 0 for 'ftnd' column.
2024-07-24 13:00:12 - INFO - Dropped additional columns: ['rbs_iv_days', 'race', 'RBS_cocaine_Days', 'RBS_heroin_Days', 'RBS_opioid_Days', 'RBS_speed_Days', 'RBS_speedball_Days']
2024-07-24 13:00:12 - INFO - Converted UDS drug counts to binary.
2024-07-24 13:00:12 - INFO - ------------------------------
2024-07-24 13:00:12 - INFO - PRE-PROCESSING STAGE COMPLETED
2024-07-24 13:00:12 - INFO - ------------------------------
2024-07-24 13:00:12 - INFO - Merged dataset preprocessed successfully.
2024-07-24 13:00:12 - INFO - Creating demographic subsets from preprocessed data...
2024-07-24 13:00:20 - INFO - Created 11 subsets successfully.
2024-07-24 13:00:20 - INFO - Creating merged subsets from create_demographics_dfs function
2024-07-24 13:00:20 - INFO - Created 11 subsets successfully.
2024-07-24 13:00:20 - INFO - Starting model training and evaluation with seed 42...
2024-07-24 13:00:20 - INFO - Subset 1 demographic makeup: 500 1, 242 3, 162 2, 96 4
2024-07-24 13:00:20 - INFO - Processing subset 1...
2024-07-24 13:00:20 - INFO - -----------------------------
2024-07-24 13:00:20 - INFO - TRAIN MODEL STAGE STARTING FOR SUBSET 1...
2024-07-24 13:00:20 - INFO - -----------------------------
2024-07-24 13:00:20 - INFO - Scaling features and applying LASSO for feature selection...
2024-07-24 13:00:22 - INFO - Selected features (including required): ['who', 'RaceEth', 'age', 'is_female', 'is_hispanic', 'unemployed', 'marital', 'UDS_Amphetamine_Count', 'UDS_Benzodiazepine_Count', 'UDS_Buprenorphine_Count', 'UDS_Cocaine_Count', 'UDS_Methadone_Count', 'UDS_Opioid_Count', 'UDS_Sedatives_Count', 'UDS_Thc_Count', 'has_schizophrenia', 'has_bipolar', 'has_anx_pan', 'has_brain_damage', 'has_epilepsy', 'has_alcol_dx', 'has_amphetamines_dx', 'has_cocaine_dx', 'has_sedatives_dx', 'ftnd', 'XTRT', 'rbsivheroin', 'TLFB_Alcohol_Count', 'TLFB_Amphetamine_Count', 'TLFB_Buprenorphine_Count', 'TLFB_Cocaine_Count', 'TLFB_Heroin_Count', 'TLFB_Methadone_Count', 'TLFB_Opioid_Count', 'TLFB_Other', 'Non_monogamous_Relationships']
2024-07-24 13:00:22 - INFO - Fitting logistic regression model with the selected features...
2024-07-24 13:00:22 - INFO - Model training completed successfully.
2024-07-24 13:00:22 - INFO - Calculating the dynamic threshold based on the proportion of positive outcomes...
2024-07-24 13:00:22 - INFO - Ratio of 1s to 0s in the outcome variable: 0.53 : 0.47
2024-07-24 13:00:22 - INFO - Dynamic threshold set to: 0.532
2024-07-24 13:00:22 - INFO - Model trained and saved successfully for subset 1.
2024-07-24 13:00:22 - INFO - ---------------------------
2024-07-24 13:00:22 - INFO - TRAIN MODEL STAGE COMPLETED FOR SUBSET 1
2024-07-24 13:00:22 - INFO - ---------------------------
2024-07-24 13:00:22 - INFO - --------------------------------
2024-07-24 13:00:22 - INFO - EVALUATE MODEL STAGE STARTING FOR SUBSET 1...
2024-07-24 13:00:22 - INFO - --------------------------------
2024-07-24 13:00:22 - INFO - ROC AUC Score: 0.6309363151468416
2024-07-24 13:00:22 - INFO - Confusion Matrix: 
[[73 44]
 [61 72]]
2024-07-24 13:00:22 - INFO - Precision: 0.6206896551724138
2024-07-24 13:00:22 - INFO - Recall: 0.5413533834586466
2024-07-24 13:00:22 - INFO - Model evaluated successfully for subset 1.
2024-07-24 13:00:22 - INFO - ------------------------------
2024-07-24 13:00:22 - INFO - EVALUATE MODEL STAGE COMPLETED FOR SUBSET 1
2024-07-24 13:00:22 - INFO - ------------------------------
2024-07-24 13:00:22 - INFO - Subset 2 demographic makeup: 550 1, 216 3, 147 2, 87 4
2024-07-24 13:00:22 - INFO - Processing subset 2...
2024-07-24 13:00:22 - INFO - -----------------------------
2024-07-24 13:00:22 - INFO - TRAIN MODEL STAGE STARTING FOR SUBSET 2...
2024-07-24 13:00:22 - INFO - -----------------------------
2024-07-24 13:00:22 - INFO - Scaling features and applying LASSO for feature selection...
2024-07-24 13:00:25 - INFO - Selected features (including required): ['is_female', 'marital', 'UDS_Benzodiazepine_Count', 'UDS_Cocaine_Count', 'UDS_Methadone_Count', 'UDS_Opioid_Count', 'has_amphetamines_dx', 'TLFB_Heroin_Count', 'TLFB_Other', 'who']
2024-07-24 13:00:25 - INFO - Fitting logistic regression model with the selected features...
2024-07-24 13:00:25 - INFO - Model training completed successfully.
2024-07-24 13:00:25 - INFO - Calculating the dynamic threshold based on the proportion of positive outcomes...
2024-07-24 13:00:25 - INFO - Ratio of 1s to 0s in the outcome variable: 0.54 : 0.46
2024-07-24 13:00:25 - INFO - Dynamic threshold set to: 0.54
2024-07-24 13:00:25 - INFO - Model trained and saved successfully for subset 2.
2024-07-24 13:00:25 - INFO - ---------------------------
2024-07-24 13:00:25 - INFO - TRAIN MODEL STAGE COMPLETED FOR SUBSET 2
2024-07-24 13:00:25 - INFO - ---------------------------
2024-07-24 13:00:25 - INFO - --------------------------------
2024-07-24 13:00:25 - INFO - EVALUATE MODEL STAGE STARTING FOR SUBSET 2...
2024-07-24 13:00:25 - INFO - --------------------------------
2024-07-24 13:00:25 - INFO - ROC AUC Score: 0.6228663446054751
2024-07-24 13:00:25 - INFO - Confusion Matrix: 
[[73 42]
 [64 71]]
2024-07-24 13:00:25 - INFO - Precision: 0.6283185840707964
2024-07-24 13:00:25 - INFO - Recall: 0.5259259259259259
2024-07-24 13:00:25 - INFO - Model evaluated successfully for subset 2.
2024-07-24 13:00:25 - INFO - ------------------------------
2024-07-24 13:00:25 - INFO - EVALUATE MODEL STAGE COMPLETED FOR SUBSET 2
2024-07-24 13:00:25 - INFO - ------------------------------
2024-07-24 13:00:25 - INFO - Subset 3 demographic makeup: 600 1, 194 3, 131 2, 75 4
2024-07-24 13:00:25 - INFO - Processing subset 3...
2024-07-24 13:00:25 - INFO - -----------------------------
2024-07-24 13:00:25 - INFO - TRAIN MODEL STAGE STARTING FOR SUBSET 3...
2024-07-24 13:00:25 - INFO - -----------------------------
2024-07-24 13:00:25 - INFO - Scaling features and applying LASSO for feature selection...
2024-07-24 13:00:27 - INFO - Selected features (including required): ['is_female', 'marital', 'UDS_Amphetamine_Count', 'UDS_Benzodiazepine_Count', 'UDS_Cocaine_Count', 'UDS_Methadone_Count', 'UDS_Opioid_Count', 'has_amphetamines_dx', 'ftnd', 'TLFB_Alcohol_Count', 'TLFB_Heroin_Count', 'TLFB_Other', 'who']
2024-07-24 13:00:27 - INFO - Fitting logistic regression model with the selected features...
2024-07-24 13:00:27 - INFO - Model training completed successfully.
2024-07-24 13:00:27 - INFO - Calculating the dynamic threshold based on the proportion of positive outcomes...
2024-07-24 13:00:27 - INFO - Ratio of 1s to 0s in the outcome variable: 0.51 : 0.49
2024-07-24 13:00:27 - INFO - Dynamic threshold set to: 0.508
2024-07-24 13:00:27 - INFO - Model trained and saved successfully for subset 3.
2024-07-24 13:00:27 - INFO - ---------------------------
2024-07-24 13:00:27 - INFO - TRAIN MODEL STAGE COMPLETED FOR SUBSET 3
2024-07-24 13:00:27 - INFO - ---------------------------
2024-07-24 13:00:27 - INFO - --------------------------------
2024-07-24 13:00:27 - INFO - EVALUATE MODEL STAGE STARTING FOR SUBSET 3...
2024-07-24 13:00:27 - INFO - --------------------------------
2024-07-24 13:00:27 - INFO - ROC AUC Score: 0.6904167466871519
2024-07-24 13:00:27 - INFO - Confusion Matrix: 
[[73 50]
 [37 90]]
2024-07-24 13:00:27 - INFO - Precision: 0.6428571428571429
2024-07-24 13:00:27 - INFO - Recall: 0.7086614173228346
2024-07-24 13:00:27 - INFO - Model evaluated successfully for subset 3.
2024-07-24 13:00:27 - INFO - ------------------------------
2024-07-24 13:00:27 - INFO - EVALUATE MODEL STAGE COMPLETED FOR SUBSET 3
2024-07-24 13:00:27 - INFO - ------------------------------
2024-07-24 13:00:27 - INFO - Subset 4 demographic makeup: 650 1, 166 3, 119 2, 65 4
2024-07-24 13:00:27 - INFO - Processing subset 4...
2024-07-24 13:00:27 - INFO - -----------------------------
2024-07-24 13:00:27 - INFO - TRAIN MODEL STAGE STARTING FOR SUBSET 4...
2024-07-24 13:00:27 - INFO - -----------------------------
2024-07-24 13:00:27 - INFO - Scaling features and applying LASSO for feature selection...
2024-07-24 13:00:30 - INFO - Selected features (including required): ['RaceEth', 'age', 'is_female', 'marital', 'UDS_Amphetamine_Count', 'UDS_Benzodiazepine_Count', 'UDS_Buprenorphine_Count', 'UDS_Cocaine_Count', 'UDS_Methadone_Count', 'UDS_Opioid_Count', 'UDS_Sedatives_Count', 'UDS_Thc_Count', 'has_schizophrenia', 'has_amphetamines_dx', 'has_cocaine_dx', 'has_sedatives_dx', 'ftnd', 'TLFB_Alcohol_Count', 'TLFB_Buprenorphine_Count', 'TLFB_Heroin_Count', 'TLFB_Other', 'who']
2024-07-24 13:00:30 - INFO - Fitting logistic regression model with the selected features...
2024-07-24 13:00:30 - INFO - Model training completed successfully.
2024-07-24 13:00:30 - INFO - Calculating the dynamic threshold based on the proportion of positive outcomes...
2024-07-24 13:00:30 - INFO - Ratio of 1s to 0s in the outcome variable: 0.56 : 0.44
2024-07-24 13:00:30 - INFO - Dynamic threshold set to: 0.564
2024-07-24 13:00:30 - INFO - Model trained and saved successfully for subset 4.
2024-07-24 13:00:30 - INFO - ---------------------------
2024-07-24 13:00:30 - INFO - TRAIN MODEL STAGE COMPLETED FOR SUBSET 4
2024-07-24 13:00:30 - INFO - ---------------------------
2024-07-24 13:00:30 - INFO - --------------------------------
2024-07-24 13:00:30 - INFO - EVALUATE MODEL STAGE STARTING FOR SUBSET 4...
2024-07-24 13:00:30 - INFO - --------------------------------
2024-07-24 13:00:30 - INFO - ROC AUC Score: 0.635890428785217
2024-07-24 13:00:30 - INFO - Confusion Matrix: 
[[70 39]
 [71 70]]
2024-07-24 13:00:30 - INFO - Precision: 0.6422018348623854
2024-07-24 13:00:30 - INFO - Recall: 0.49645390070921985
2024-07-24 13:00:30 - INFO - Model evaluated successfully for subset 4.
2024-07-24 13:00:30 - INFO - ------------------------------
2024-07-24 13:00:30 - INFO - EVALUATE MODEL STAGE COMPLETED FOR SUBSET 4
2024-07-24 13:00:30 - INFO - ------------------------------
2024-07-24 13:00:30 - INFO - Subset 5 demographic makeup: 700 1, 142 3, 100 2, 58 4
2024-07-24 13:00:30 - INFO - Processing subset 5...
2024-07-24 13:00:30 - INFO - -----------------------------
2024-07-24 13:00:30 - INFO - TRAIN MODEL STAGE STARTING FOR SUBSET 5...
2024-07-24 13:00:30 - INFO - -----------------------------
2024-07-24 13:00:30 - INFO - Scaling features and applying LASSO for feature selection...
2024-07-24 13:00:32 - INFO - Selected features (including required): ['RaceEth', 'age', 'is_female', 'marital', 'UDS_Amphetamine_Count', 'UDS_Benzodiazepine_Count', 'UDS_Cocaine_Count', 'UDS_Methadone_Count', 'UDS_Opioid_Count', 'UDS_Thc_Count', 'has_schizophrenia', 'has_major_dep', 'has_amphetamines_dx', 'has_cocaine_dx', 'has_sedatives_dx', 'ftnd', 'rbsivheroin', 'TLFB_Alcohol_Count', 'TLFB_Buprenorphine_Count', 'TLFB_Heroin_Count', 'TLFB_Other', 'who']
2024-07-24 13:00:32 - INFO - Fitting logistic regression model with the selected features...
2024-07-24 13:00:32 - INFO - Model training completed successfully.
2024-07-24 13:00:32 - INFO - Calculating the dynamic threshold based on the proportion of positive outcomes...
2024-07-24 13:00:32 - INFO - Ratio of 1s to 0s in the outcome variable: 0.54 : 0.46
2024-07-24 13:00:32 - INFO - Dynamic threshold set to: 0.536
2024-07-24 13:00:32 - INFO - Model trained and saved successfully for subset 5.
2024-07-24 13:00:32 - INFO - ---------------------------
2024-07-24 13:00:32 - INFO - TRAIN MODEL STAGE COMPLETED FOR SUBSET 5
2024-07-24 13:00:32 - INFO - ---------------------------
2024-07-24 13:00:32 - INFO - --------------------------------
2024-07-24 13:00:32 - INFO - EVALUATE MODEL STAGE STARTING FOR SUBSET 5...
2024-07-24 13:00:32 - INFO - --------------------------------
2024-07-24 13:00:32 - INFO - ROC AUC Score: 0.6482887287699433
2024-07-24 13:00:32 - INFO - Confusion Matrix: 
[[65 51]
 [49 85]]
2024-07-24 13:00:32 - INFO - Precision: 0.625
2024-07-24 13:00:32 - INFO - Recall: 0.6343283582089553
2024-07-24 13:00:32 - INFO - Model evaluated successfully for subset 5.
2024-07-24 13:00:32 - INFO - ------------------------------
2024-07-24 13:00:32 - INFO - EVALUATE MODEL STAGE COMPLETED FOR SUBSET 5
2024-07-24 13:00:32 - INFO - ------------------------------
2024-07-24 13:00:32 - INFO - Subset 6 demographic makeup: 750 1, 119 3, 83 2, 48 4
2024-07-24 13:00:32 - INFO - Processing subset 6...
2024-07-24 13:00:32 - INFO - -----------------------------
2024-07-24 13:00:32 - INFO - TRAIN MODEL STAGE STARTING FOR SUBSET 6...
2024-07-24 13:00:32 - INFO - -----------------------------
2024-07-24 13:00:32 - INFO - Scaling features and applying LASSO for feature selection...
2024-07-24 13:00:34 - INFO - Selected features (including required): ['RaceEth', 'age', 'is_female', 'is_hispanic', 'unemployed', 'marital', 'UDS_Amphetamine_Count', 'UDS_Benzodiazepine_Count', 'UDS_Buprenorphine_Count', 'UDS_Cocaine_Count', 'UDS_Methadone_Count', 'UDS_Opioid_Count', 'UDS_Sedatives_Count', 'UDS_Thc_Count', 'has_schizophrenia', 'has_major_dep', 'has_amphetamines_dx', 'has_cocaine_dx', 'has_sedatives_dx', 'ftnd', 'shared', 'rbsivheroin', 'TLFB_Alcohol_Count', 'TLFB_Buprenorphine_Count', 'TLFB_Heroin_Count', 'TLFB_Methadone_Count', 'TLFB_THC_Count', 'TLFB_Other', 'who']
2024-07-24 13:00:34 - INFO - Fitting logistic regression model with the selected features...
2024-07-24 13:00:35 - INFO - Model training completed successfully.
2024-07-24 13:00:35 - INFO - Calculating the dynamic threshold based on the proportion of positive outcomes...
2024-07-24 13:00:35 - INFO - Ratio of 1s to 0s in the outcome variable: 0.50 : 0.50
2024-07-24 13:00:35 - INFO - Dynamic threshold set to: 0.5
2024-07-24 13:00:35 - INFO - Model trained and saved successfully for subset 6.
2024-07-24 13:00:35 - INFO - ---------------------------
2024-07-24 13:00:35 - INFO - TRAIN MODEL STAGE COMPLETED FOR SUBSET 6
2024-07-24 13:00:35 - INFO - ---------------------------
2024-07-24 13:00:35 - INFO - --------------------------------
2024-07-24 13:00:35 - INFO - EVALUATE MODEL STAGE STARTING FOR SUBSET 6...
2024-07-24 13:00:35 - INFO - --------------------------------
2024-07-24 13:00:35 - INFO - ROC AUC Score: 0.645056
2024-07-24 13:00:35 - INFO - Confusion Matrix: 
[[58 67]
 [37 88]]
2024-07-24 13:00:35 - INFO - Precision: 0.567741935483871
2024-07-24 13:00:35 - INFO - Recall: 0.704
2024-07-24 13:00:35 - INFO - Model evaluated successfully for subset 6.
2024-07-24 13:00:35 - INFO - ------------------------------
2024-07-24 13:00:35 - INFO - EVALUATE MODEL STAGE COMPLETED FOR SUBSET 6
2024-07-24 13:00:35 - INFO - ------------------------------
2024-07-24 13:00:35 - INFO - Subset 7 demographic makeup: 800 1, 90 3, 70 2, 40 4
2024-07-24 13:00:35 - INFO - Processing subset 7...
2024-07-24 13:00:35 - INFO - -----------------------------
2024-07-24 13:00:35 - INFO - TRAIN MODEL STAGE STARTING FOR SUBSET 7...
2024-07-24 13:00:35 - INFO - -----------------------------
2024-07-24 13:00:35 - INFO - Scaling features and applying LASSO for feature selection...
2024-07-24 13:00:40 - INFO - Selected features (including required): ['RaceEth', 'age', 'is_female', 'marital', 'UDS_Amphetamine_Count', 'UDS_Benzodiazepine_Count', 'UDS_Cocaine_Count', 'UDS_Methadone_Count', 'UDS_Opioid_Count', 'has_major_dep', 'has_amphetamines_dx', 'has_sedatives_dx', 'ftnd', 'TLFB_Alcohol_Count', 'TLFB_Buprenorphine_Count', 'TLFB_Heroin_Count', 'TLFB_Other', 'who']
2024-07-24 13:00:40 - INFO - Fitting logistic regression model with the selected features...
2024-07-24 13:00:40 - INFO - Model training completed successfully.
2024-07-24 13:00:40 - INFO - Calculating the dynamic threshold based on the proportion of positive outcomes...
2024-07-24 13:00:40 - INFO - Ratio of 1s to 0s in the outcome variable: 0.56 : 0.44
2024-07-24 13:00:40 - INFO - Dynamic threshold set to: 0.564
2024-07-24 13:00:40 - INFO - Model trained and saved successfully for subset 7.
2024-07-24 13:00:40 - INFO - ---------------------------
2024-07-24 13:00:40 - INFO - TRAIN MODEL STAGE COMPLETED FOR SUBSET 7
2024-07-24 13:00:40 - INFO - ---------------------------
2024-07-24 13:00:40 - INFO - --------------------------------
2024-07-24 13:00:40 - INFO - EVALUATE MODEL STAGE STARTING FOR SUBSET 7...
2024-07-24 13:00:40 - INFO - --------------------------------
2024-07-24 13:00:40 - INFO - ROC AUC Score: 0.6518966751252521
2024-07-24 13:00:40 - INFO - Confusion Matrix: 
[[71 38]
 [61 80]]
2024-07-24 13:00:40 - INFO - Precision: 0.6779661016949152
2024-07-24 13:00:40 - INFO - Recall: 0.5673758865248227
2024-07-24 13:00:40 - INFO - Model evaluated successfully for subset 7.
2024-07-24 13:00:40 - INFO - ------------------------------
2024-07-24 13:00:40 - INFO - EVALUATE MODEL STAGE COMPLETED FOR SUBSET 7
2024-07-24 13:00:40 - INFO - ------------------------------
2024-07-24 13:00:40 - INFO - Subset 8 demographic makeup: 850 1, 66 3, 56 2, 28 4
2024-07-24 13:00:40 - INFO - Processing subset 8...
2024-07-24 13:00:40 - INFO - -----------------------------
2024-07-24 13:00:40 - INFO - TRAIN MODEL STAGE STARTING FOR SUBSET 8...
2024-07-24 13:00:40 - INFO - -----------------------------
2024-07-24 13:00:40 - INFO - Scaling features and applying LASSO for feature selection...
2024-07-24 13:00:42 - INFO - Selected features (including required): ['RaceEth', 'age', 'is_female', 'is_hispanic', 'unemployed', 'unstableliving', 'education', 'marital', 'UDS_Amphetamine_Count', 'UDS_Benzodiazepine_Count', 'UDS_Buprenorphine_Count', 'UDS_Cocaine_Count', 'UDS_Methadone_Count', 'UDS_Opioid_Count', 'UDS_Sedatives_Count', 'UDS_Thc_Count', 'pain', 'has_major_dep', 'has_anx_pan', 'has_brain_damage', 'has_epilepsy', 'has_alcol_dx', 'has_amphetamines_dx', 'has_cannabis_dx', 'has_cocaine_dx', 'has_sedatives_dx', 'ftnd', 'shared', 'TLFB_Alcohol_Count', 'TLFB_Amphetamine_Count', 'TLFB_Buprenorphine_Count', 'TLFB_Cocaine_Count', 'TLFB_Heroin_Count', 'TLFB_Methadone_Count', 'TLFB_Opioid_Count', 'TLFB_THC_Count', 'TLFB_Other', 'Homosexual_Behavior', 'Non_monogamous_Relationships', 'who']
2024-07-24 13:00:42 - INFO - Fitting logistic regression model with the selected features...
2024-07-24 13:00:43 - INFO - Model training completed successfully.
2024-07-24 13:00:43 - INFO - Calculating the dynamic threshold based on the proportion of positive outcomes...
2024-07-24 13:00:43 - INFO - Ratio of 1s to 0s in the outcome variable: 0.56 : 0.44
2024-07-24 13:00:43 - INFO - Dynamic threshold set to: 0.56
2024-07-24 13:00:43 - INFO - Model trained and saved successfully for subset 8.
2024-07-24 13:00:43 - INFO - ---------------------------
2024-07-24 13:00:43 - INFO - TRAIN MODEL STAGE COMPLETED FOR SUBSET 8
2024-07-24 13:00:43 - INFO - ---------------------------
2024-07-24 13:00:43 - INFO - --------------------------------
2024-07-24 13:00:43 - INFO - EVALUATE MODEL STAGE STARTING FOR SUBSET 8...
2024-07-24 13:00:43 - INFO - --------------------------------
2024-07-24 13:00:43 - INFO - ROC AUC Score: 0.6146103896103896
2024-07-24 13:00:43 - INFO - Confusion Matrix: 
[[60 50]
 [58 82]]
2024-07-24 13:00:43 - INFO - Precision: 0.6212121212121212
2024-07-24 13:00:43 - INFO - Recall: 0.5857142857142857
2024-07-24 13:00:43 - INFO - Model evaluated successfully for subset 8.
2024-07-24 13:00:43 - INFO - ------------------------------
2024-07-24 13:00:43 - INFO - EVALUATE MODEL STAGE COMPLETED FOR SUBSET 8
2024-07-24 13:00:43 - INFO - ------------------------------
2024-07-24 13:00:43 - INFO - Subset 9 demographic makeup: 900 1, 47 3, 36 2, 17 4
2024-07-24 13:00:43 - INFO - Processing subset 9...
2024-07-24 13:00:43 - INFO - -----------------------------
2024-07-24 13:00:43 - INFO - TRAIN MODEL STAGE STARTING FOR SUBSET 9...
2024-07-24 13:00:43 - INFO - -----------------------------
2024-07-24 13:00:43 - INFO - Scaling features and applying LASSO for feature selection...
2024-07-24 13:00:45 - INFO - Selected features (including required): ['RaceEth', 'age', 'is_female', 'marital', 'UDS_Amphetamine_Count', 'UDS_Benzodiazepine_Count', 'UDS_Cocaine_Count', 'UDS_Methadone_Count', 'UDS_Opioid_Count', 'UDS_Thc_Count', 'has_major_dep', 'has_amphetamines_dx', 'has_sedatives_dx', 'ftnd', 'shared', 'TLFB_Alcohol_Count', 'TLFB_Amphetamine_Count', 'TLFB_Buprenorphine_Count', 'TLFB_Other', 'Non_monogamous_Relationships', 'who']
2024-07-24 13:00:45 - INFO - Fitting logistic regression model with the selected features...
2024-07-24 13:00:45 - INFO - Model training completed successfully.
2024-07-24 13:00:45 - INFO - Calculating the dynamic threshold based on the proportion of positive outcomes...
2024-07-24 13:00:45 - INFO - Ratio of 1s to 0s in the outcome variable: 0.54 : 0.46
2024-07-24 13:00:45 - INFO - Dynamic threshold set to: 0.536
2024-07-24 13:00:45 - INFO - Model trained and saved successfully for subset 9.
2024-07-24 13:00:45 - INFO - ---------------------------
2024-07-24 13:00:45 - INFO - TRAIN MODEL STAGE COMPLETED FOR SUBSET 9
2024-07-24 13:00:45 - INFO - ---------------------------
2024-07-24 13:00:45 - INFO - --------------------------------
2024-07-24 13:00:45 - INFO - EVALUATE MODEL STAGE STARTING FOR SUBSET 9...
2024-07-24 13:00:45 - INFO - --------------------------------
2024-07-24 13:00:45 - INFO - ROC AUC Score: 0.6533710756562017
2024-07-24 13:00:45 - INFO - Confusion Matrix: 
[[57 59]
 [45 89]]
2024-07-24 13:00:45 - INFO - Precision: 0.6013513513513513
2024-07-24 13:00:45 - INFO - Recall: 0.664179104477612
2024-07-24 13:00:45 - INFO - Model evaluated successfully for subset 9.
2024-07-24 13:00:45 - INFO - ------------------------------
2024-07-24 13:00:45 - INFO - EVALUATE MODEL STAGE COMPLETED FOR SUBSET 9
2024-07-24 13:00:45 - INFO - ------------------------------
2024-07-24 13:00:45 - INFO - Subset 10 demographic makeup: 950 1, 24 3, 17 2, 9 4
2024-07-24 13:00:45 - INFO - Processing subset 10...
2024-07-24 13:00:45 - INFO - -----------------------------
2024-07-24 13:00:45 - INFO - TRAIN MODEL STAGE STARTING FOR SUBSET 10...
2024-07-24 13:00:45 - INFO - -----------------------------
2024-07-24 13:00:45 - INFO - Scaling features and applying LASSO for feature selection...
2024-07-24 13:00:49 - INFO - Selected features (including required): ['who', 'RaceEth', 'age', 'is_female', 'is_hispanic', 'marital', 'UDS_Amphetamine_Count', 'UDS_Benzodiazepine_Count', 'UDS_Buprenorphine_Count', 'UDS_Cocaine_Count', 'UDS_Methadone_Count', 'UDS_Opioid_Count', 'UDS_Sedatives_Count', 'UDS_Thc_Count', 'pain', 'has_major_dep', 'has_bipolar', 'has_brain_damage', 'has_epilepsy', 'has_alcol_dx', 'has_amphetamines_dx', 'has_cocaine_dx', 'has_sedatives_dx', 'ftnd', 'shared', 'TLFB_Alcohol_Count', 'TLFB_Amphetamine_Count', 'TLFB_Benzodiazepine_Count', 'TLFB_Buprenorphine_Count', 'TLFB_Opioid_Count', 'TLFB_THC_Count', 'TLFB_Other', 'Homosexual_Behavior', 'Non_monogamous_Relationships']
2024-07-24 13:00:49 - INFO - Fitting logistic regression model with the selected features...
2024-07-24 13:00:49 - INFO - Model training completed successfully.
2024-07-24 13:00:49 - INFO - Calculating the dynamic threshold based on the proportion of positive outcomes...
2024-07-24 13:00:49 - INFO - Ratio of 1s to 0s in the outcome variable: 0.54 : 0.46
2024-07-24 13:00:49 - INFO - Dynamic threshold set to: 0.54
2024-07-24 13:00:49 - INFO - Model trained and saved successfully for subset 10.
2024-07-24 13:00:49 - INFO - ---------------------------
2024-07-24 13:00:49 - INFO - TRAIN MODEL STAGE COMPLETED FOR SUBSET 10
2024-07-24 13:00:49 - INFO - ---------------------------
2024-07-24 13:00:49 - INFO - --------------------------------
2024-07-24 13:00:49 - INFO - EVALUATE MODEL STAGE STARTING FOR SUBSET 10...
2024-07-24 13:00:49 - INFO - --------------------------------
2024-07-24 13:00:49 - INFO - ROC AUC Score: 0.6559098228663447
2024-07-24 13:00:49 - INFO - Confusion Matrix: 
[[60 55]
 [43 92]]
2024-07-24 13:00:49 - INFO - Precision: 0.6258503401360545
2024-07-24 13:00:49 - INFO - Recall: 0.6814814814814815
2024-07-24 13:00:49 - INFO - Model evaluated successfully for subset 10.
2024-07-24 13:00:49 - INFO - ------------------------------
2024-07-24 13:00:49 - INFO - EVALUATE MODEL STAGE COMPLETED FOR SUBSET 10
2024-07-24 13:00:49 - INFO - ------------------------------
2024-07-24 13:00:49 - INFO - Subset 11 demographic makeup: 1000 1
2024-07-24 13:00:49 - INFO - Processing subset 11...
2024-07-24 13:00:49 - INFO - -----------------------------
2024-07-24 13:00:49 - INFO - TRAIN MODEL STAGE STARTING FOR SUBSET 11...
2024-07-24 13:00:49 - INFO - -----------------------------
2024-07-24 13:00:49 - INFO - Scaling features and applying LASSO for feature selection...
2024-07-24 13:00:52 - INFO - Selected features (including required): ['who', 'age', 'is_female', 'education', 'marital', 'UDS_Amphetamine_Count', 'UDS_Benzodiazepine_Count', 'UDS_Buprenorphine_Count', 'UDS_Cocaine_Count', 'UDS_Methadone_Count', 'UDS_Opioid_Count', 'UDS_Sedatives_Count', 'UDS_Thc_Count', 'has_schizophrenia', 'has_bipolar', 'has_brain_damage', 'has_epilepsy', 'has_alcol_dx', 'has_amphetamines_dx', 'has_cannabis_dx', 'has_cocaine_dx', 'has_sedatives_dx', 'ftnd', 'XTRT', 'shared', 'rbsivheroin', 'TLFB_Alcohol_Count', 'TLFB_Amphetamine_Count', 'TLFB_Benzodiazepine_Count', 'TLFB_Buprenorphine_Count', 'TLFB_Heroin_Count', 'TLFB_Opioid_Count', 'TLFB_THC_Count', 'TLFB_Other', 'Homosexual_Behavior']
2024-07-24 13:00:52 - INFO - Fitting logistic regression model with the selected features...
2024-07-24 13:00:53 - INFO - Model training completed successfully.
2024-07-24 13:00:53 - INFO - Calculating the dynamic threshold based on the proportion of positive outcomes...
2024-07-24 13:00:53 - INFO - Ratio of 1s to 0s in the outcome variable: 0.55 : 0.45
2024-07-24 13:00:53 - INFO - Dynamic threshold set to: 0.552
2024-07-24 13:00:53 - INFO - Model trained and saved successfully for subset 11.
2024-07-24 13:00:53 - INFO - ---------------------------
2024-07-24 13:00:53 - INFO - TRAIN MODEL STAGE COMPLETED FOR SUBSET 11
2024-07-24 13:00:53 - INFO - ---------------------------
2024-07-24 13:00:53 - INFO - --------------------------------
2024-07-24 13:00:53 - INFO - EVALUATE MODEL STAGE STARTING FOR SUBSET 11...
2024-07-24 13:00:53 - INFO - --------------------------------
2024-07-24 13:00:53 - INFO - ROC AUC Score: 0.5990553830227744
2024-07-24 13:00:53 - INFO - Confusion Matrix: 
[[66 46]
 [64 74]]
2024-07-24 13:00:53 - INFO - Precision: 0.6166666666666667
2024-07-24 13:00:53 - INFO - Recall: 0.5362318840579711
2024-07-24 13:00:53 - INFO - Model evaluated successfully for subset 11.
2024-07-24 13:00:53 - INFO - ------------------------------
2024-07-24 13:00:53 - INFO - EVALUATE MODEL STAGE COMPLETED FOR SUBSET 11
2024-07-24 13:00:53 - INFO - ------------------------------
2024-07-24 13:00:53 - INFO - Model training and evaluation completed with seed 42.
2024-07-24 13:00:53 - INFO - ------------------
2024-07-24 13:00:53 - INFO - PIPELINE COMPLETED
2024-07-24 13:00:53 - INFO - ------------------
