2024-07-25 11:59:58 - INFO - -------------------------------------------
2024-07-25 11:59:58 - INFO - Logging setup complete - starting pipeline.
2024-07-25 11:59:58 - INFO - -------------------------------------------
2024-07-25 12:00:02 - INFO - Datasets loaded successfully.
2024-07-25 12:00:02 - INFO - Starting preprocessing of the merged dataset...
2024-07-25 12:00:02 - INFO - ---------------------------------
2024-07-25 12:00:02 - INFO - PRE-PROCESSING STAGE STARTING...
2024-07-25 12:00:02 - INFO - ---------------------------------
2024-07-25 12:00:02 - INFO - Dropped initial columns: ['pain_when', 'is_smoker', 'per_day', 'max', 'amount', 'depression', 'anxiety', 'schizophrenia', 'max', 'amount', 'cocaine_inject_days', 'speedball_inject_days', 'opioid_inject_days', 'speed_inject_days', 'UDS_Alcohol_Count', 'UDS_Mdma/Hallucinogen_Count']
2024-07-25 12:00:02 - INFO - Converted Yes/No to binary.
2024-07-25 12:00:02 - INFO - Processed TLFB columns with specified columns: ['TLFB_Alcohol_Count', 'TLFB_Amphetamine_Count', 'TLFB_Cocaine_Count', 'TLFB_Heroin_Count', 'TLFB_Benzodiazepine_Count', 'TLFB_Opioid_Count', 'TLFB_THC_Count', 'TLFB_Methadone_Count', 'TLFB_Buprenorphine_Count']
2024-07-25 12:00:02 - INFO - Calculated behavioral columns.
2024-07-25 12:00:02 - INFO - Moved 'Rd_kostenB_1993' column to the end.
2024-07-25 12:00:02 - INFO - Dropped initial columns: ['msm_npt', 'msm_frq', 'txx_prt']
2024-07-25 12:00:02 - INFO - transform_data_with_nan_handling success
2024-07-25 12:00:02 - INFO - Renamed columns according to the mapping.
2024-07-25 12:00:02 - INFO - Transformed NaN to 0 for binary columns.
2024-07-25 12:00:02 - INFO - Transformed and renamed 'heroin_inject_days' column to 'rbsivheroin'.
2024-07-25 12:00:02 - INFO - Filled NaN with 0 for 'ftnd' column.
2024-07-25 12:00:02 - INFO - Dropped additional columns: ['rbs_iv_days', 'race', 'RBS_cocaine_Days', 'RBS_heroin_Days', 'RBS_opioid_Days', 'RBS_speed_Days', 'RBS_speedball_Days']
2024-07-25 12:00:02 - INFO - Converted UDS drug counts to binary.
2024-07-25 12:00:03 - INFO - ------------------------------
2024-07-25 12:00:03 - INFO - PRE-PROCESSING STAGE COMPLETED
2024-07-25 12:00:03 - INFO - ------------------------------
2024-07-25 12:00:03 - INFO - Merged dataset preprocessed successfully.
2024-07-25 12:00:03 - INFO - Creating demographic subsets from preprocessed data...
2024-07-25 12:00:09 - INFO - Created 11 subsets successfully.
2024-07-25 12:00:09 - INFO - Creating merged subsets from create_demographics_dfs function
2024-07-25 12:00:09 - INFO - Created 11 subsets successfully.
2024-07-25 12:00:09 - INFO - Subset 1 demographic makeup: 500 1, 248 3, 150 2, 102 4
2024-07-25 12:00:09 - INFO - Processing subset 1...
2024-07-25 12:00:09 - INFO - -----------------------------
2024-07-25 12:00:09 - INFO - TRAIN MODEL STAGE STARTING FOR SUBSET 1...
2024-07-25 12:00:09 - INFO - -----------------------------
2024-07-25 12:00:09 - INFO - Scaling features and applying LASSO for feature selection...
2024-07-25 12:00:10 - INFO - Selected features (including required): ['who', 'RaceEth', 'age', 'is_female', 'is_hispanic', 'unemployed', 'unstableliving', 'education', 'marital', 'UDS_Amphetamine_Count', 'UDS_Benzodiazepine_Count', 'UDS_Buprenorphine_Count', 'UDS_Cocaine_Count', 'UDS_Methadone_Count', 'UDS_Opioid_Count', 'UDS_Sedatives_Count', 'UDS_Thc_Count', 'pain', 'has_schizophrenia', 'has_major_dep', 'has_bipolar', 'has_anx_pan', 'has_brain_damage', 'has_epilepsy', 'has_alcol_dx', 'has_amphetamines_dx', 'has_cannabis_dx', 'has_cocaine_dx', 'has_sedatives_dx', 'ftnd', 'XTRT', 'shared', 'rbsivheroin', 'TLFB_Alcohol_Count', 'TLFB_Amphetamine_Count', 'TLFB_Benzodiazepine_Count', 'TLFB_Buprenorphine_Count', 'TLFB_Cocaine_Count', 'TLFB_Heroin_Count', 'TLFB_Methadone_Count', 'TLFB_Opioid_Count', 'TLFB_THC_Count', 'TLFB_Other', 'Homosexual_Behavior', 'Non_monogamous_Relationships']
2024-07-25 12:00:10 - INFO - Fitting logistic regression model with the selected features...
2024-07-25 12:00:10 - INFO - Model training completed successfully.
2024-07-25 12:00:10 - INFO - Calculating the dynamic threshold based on the proportion of positive outcomes...
2024-07-25 12:00:10 - INFO - Ratio of 1s to 0s in the outcome variable: 0.52 : 0.48
2024-07-25 12:00:10 - INFO - Dynamic threshold set to: 0.524
2024-07-25 12:00:10 - INFO - Model trained and saved successfully for subset 1.
2024-07-25 12:00:10 - INFO - ---------------------------
2024-07-25 12:00:10 - INFO - TRAIN MODEL STAGE COMPLETED FOR SUBSET 1
2024-07-25 12:00:10 - INFO - ---------------------------
2024-07-25 12:00:10 - INFO - --------------------------------
2024-07-25 12:00:10 - INFO - EVALUATE MODEL STAGE STARTING FOR SUBSET 1...
2024-07-25 12:00:10 - INFO - --------------------------------
2024-07-25 12:00:10 - INFO - ROC AUC Score: 0.6849701712746168
2024-07-25 12:00:10 - INFO - Confusion Matrix: 
[[83 36]
 [57 74]]
2024-07-25 12:00:10 - INFO - Precision: 0.6727272727272727
2024-07-25 12:00:10 - INFO - Recall: 0.5648854961832062
2024-07-25 12:00:10 - INFO - Model evaluated successfully for subset 1.
2024-07-25 12:00:10 - INFO - ------------------------------
2024-07-25 12:00:10 - INFO - EVALUATE MODEL STAGE COMPLETED FOR SUBSET 1
2024-07-25 12:00:10 - INFO - ------------------------------
2024-07-25 12:00:10 - INFO - Subset 2 demographic makeup: 550 1, 222 3, 133 2, 95 4
2024-07-25 12:00:10 - INFO - Processing subset 2...
2024-07-25 12:00:10 - INFO - -----------------------------
2024-07-25 12:00:10 - INFO - TRAIN MODEL STAGE STARTING FOR SUBSET 2...
2024-07-25 12:00:10 - INFO - -----------------------------
2024-07-25 12:00:10 - INFO - Scaling features and applying LASSO for feature selection...
2024-07-25 12:00:11 - INFO - Selected features (including required): ['who', 'RaceEth', 'age', 'is_female', 'is_hispanic', 'unemployed', 'unstableliving', 'education', 'marital', 'UDS_Amphetamine_Count', 'UDS_Benzodiazepine_Count', 'UDS_Buprenorphine_Count', 'UDS_Cocaine_Count', 'UDS_Methadone_Count', 'UDS_Opioid_Count', 'UDS_Sedatives_Count', 'UDS_Thc_Count', 'pain', 'has_schizophrenia', 'has_major_dep', 'has_bipolar', 'has_anx_pan', 'has_brain_damage', 'has_epilepsy', 'has_alcol_dx', 'has_amphetamines_dx', 'has_cannabis_dx', 'has_cocaine_dx', 'has_sedatives_dx', 'ftnd', 'XTRT', 'shared', 'rbsivheroin', 'TLFB_Alcohol_Count', 'TLFB_Amphetamine_Count', 'TLFB_Benzodiazepine_Count', 'TLFB_Buprenorphine_Count', 'TLFB_Cocaine_Count', 'TLFB_Heroin_Count', 'TLFB_Methadone_Count', 'TLFB_Opioid_Count', 'TLFB_THC_Count', 'TLFB_Other', 'Homosexual_Behavior', 'Non_monogamous_Relationships']
2024-07-25 12:00:11 - INFO - Fitting logistic regression model with the selected features...
2024-07-25 12:00:11 - INFO - Model training completed successfully.
2024-07-25 12:00:11 - INFO - Calculating the dynamic threshold based on the proportion of positive outcomes...
2024-07-25 12:00:11 - INFO - Ratio of 1s to 0s in the outcome variable: 0.50 : 0.50
2024-07-25 12:00:11 - INFO - Dynamic threshold set to: 0.504
2024-07-25 12:00:11 - INFO - Model trained and saved successfully for subset 2.
2024-07-25 12:00:11 - INFO - ---------------------------
2024-07-25 12:00:11 - INFO - TRAIN MODEL STAGE COMPLETED FOR SUBSET 2
2024-07-25 12:00:11 - INFO - ---------------------------
2024-07-25 12:00:11 - INFO - --------------------------------
2024-07-25 12:00:11 - INFO - EVALUATE MODEL STAGE STARTING FOR SUBSET 2...
2024-07-25 12:00:11 - INFO - --------------------------------
2024-07-25 12:00:11 - INFO - ROC AUC Score: 0.691884280593958
2024-07-25 12:00:11 - INFO - Confusion Matrix: 
[[83 41]
 [51 75]]
2024-07-25 12:00:11 - INFO - Precision: 0.646551724137931
2024-07-25 12:00:11 - INFO - Recall: 0.5952380952380952
2024-07-25 12:00:11 - INFO - Model evaluated successfully for subset 2.
2024-07-25 12:00:11 - INFO - ------------------------------
2024-07-25 12:00:11 - INFO - EVALUATE MODEL STAGE COMPLETED FOR SUBSET 2
2024-07-25 12:00:11 - INFO - ------------------------------
2024-07-25 12:00:11 - INFO - Subset 3 demographic makeup: 600 1, 199 3, 117 2, 84 4
2024-07-25 12:00:11 - INFO - Processing subset 3...
2024-07-25 12:00:11 - INFO - -----------------------------
2024-07-25 12:00:11 - INFO - TRAIN MODEL STAGE STARTING FOR SUBSET 3...
2024-07-25 12:00:11 - INFO - -----------------------------
2024-07-25 12:00:11 - INFO - Scaling features and applying LASSO for feature selection...
2024-07-25 12:00:11 - INFO - Selected features (including required): ['who', 'RaceEth', 'age', 'is_female', 'is_hispanic', 'unemployed', 'unstableliving', 'education', 'marital', 'UDS_Amphetamine_Count', 'UDS_Benzodiazepine_Count', 'UDS_Buprenorphine_Count', 'UDS_Cocaine_Count', 'UDS_Methadone_Count', 'UDS_Opioid_Count', 'UDS_Sedatives_Count', 'UDS_Thc_Count', 'pain', 'has_schizophrenia', 'has_major_dep', 'has_bipolar', 'has_anx_pan', 'has_brain_damage', 'has_epilepsy', 'has_alcol_dx', 'has_amphetamines_dx', 'has_cannabis_dx', 'has_cocaine_dx', 'has_sedatives_dx', 'ftnd', 'XTRT', 'shared', 'rbsivheroin', 'TLFB_Alcohol_Count', 'TLFB_Amphetamine_Count', 'TLFB_Benzodiazepine_Count', 'TLFB_Buprenorphine_Count', 'TLFB_Cocaine_Count', 'TLFB_Heroin_Count', 'TLFB_Methadone_Count', 'TLFB_Opioid_Count', 'TLFB_THC_Count', 'TLFB_Other', 'Homosexual_Behavior', 'Non_monogamous_Relationships']
2024-07-25 12:00:11 - INFO - Fitting logistic regression model with the selected features...
2024-07-25 12:00:12 - INFO - Model training completed successfully.
2024-07-25 12:00:12 - INFO - Calculating the dynamic threshold based on the proportion of positive outcomes...
2024-07-25 12:00:12 - INFO - Ratio of 1s to 0s in the outcome variable: 0.55 : 0.45
2024-07-25 12:00:12 - INFO - Dynamic threshold set to: 0.548
2024-07-25 12:00:12 - INFO - Model trained and saved successfully for subset 3.
2024-07-25 12:00:12 - INFO - ---------------------------
2024-07-25 12:00:12 - INFO - TRAIN MODEL STAGE COMPLETED FOR SUBSET 3
2024-07-25 12:00:12 - INFO - ---------------------------
2024-07-25 12:00:12 - INFO - --------------------------------
2024-07-25 12:00:12 - INFO - EVALUATE MODEL STAGE STARTING FOR SUBSET 3...
2024-07-25 12:00:12 - INFO - --------------------------------
2024-07-25 12:00:12 - INFO - ROC AUC Score: 0.6858084103094115
2024-07-25 12:00:12 - INFO - Confusion Matrix: 
[[80 33]
 [65 72]]
2024-07-25 12:00:12 - INFO - Precision: 0.6857142857142857
2024-07-25 12:00:12 - INFO - Recall: 0.5255474452554745
2024-07-25 12:00:12 - INFO - Model evaluated successfully for subset 3.
2024-07-25 12:00:12 - INFO - ------------------------------
2024-07-25 12:00:12 - INFO - EVALUATE MODEL STAGE COMPLETED FOR SUBSET 3
2024-07-25 12:00:12 - INFO - ------------------------------
2024-07-25 12:00:12 - INFO - Subset 4 demographic makeup: 650 1, 174 3, 102 2, 74 4
2024-07-25 12:00:12 - INFO - Processing subset 4...
2024-07-25 12:00:12 - INFO - -----------------------------
2024-07-25 12:00:12 - INFO - TRAIN MODEL STAGE STARTING FOR SUBSET 4...
2024-07-25 12:00:12 - INFO - -----------------------------
2024-07-25 12:00:12 - INFO - Scaling features and applying LASSO for feature selection...
2024-07-25 12:00:12 - INFO - Selected features (including required): ['who', 'RaceEth', 'age', 'is_female', 'is_hispanic', 'unemployed', 'unstableliving', 'education', 'marital', 'UDS_Amphetamine_Count', 'UDS_Benzodiazepine_Count', 'UDS_Buprenorphine_Count', 'UDS_Cocaine_Count', 'UDS_Methadone_Count', 'UDS_Opioid_Count', 'UDS_Sedatives_Count', 'UDS_Thc_Count', 'pain', 'has_schizophrenia', 'has_major_dep', 'has_bipolar', 'has_anx_pan', 'has_brain_damage', 'has_epilepsy', 'has_alcol_dx', 'has_amphetamines_dx', 'has_cannabis_dx', 'has_cocaine_dx', 'has_sedatives_dx', 'ftnd', 'XTRT', 'shared', 'rbsivheroin', 'TLFB_Alcohol_Count', 'TLFB_Amphetamine_Count', 'TLFB_Benzodiazepine_Count', 'TLFB_Buprenorphine_Count', 'TLFB_Cocaine_Count', 'TLFB_Heroin_Count', 'TLFB_Methadone_Count', 'TLFB_Opioid_Count', 'TLFB_THC_Count', 'TLFB_Other', 'Homosexual_Behavior', 'Non_monogamous_Relationships']
2024-07-25 12:00:12 - INFO - Fitting logistic regression model with the selected features...
2024-07-25 12:00:13 - INFO - Model training completed successfully.
2024-07-25 12:00:13 - INFO - Calculating the dynamic threshold based on the proportion of positive outcomes...
2024-07-25 12:00:13 - INFO - Ratio of 1s to 0s in the outcome variable: 0.54 : 0.46
2024-07-25 12:00:13 - INFO - Dynamic threshold set to: 0.544
2024-07-25 12:00:13 - INFO - Model trained and saved successfully for subset 4.
2024-07-25 12:00:13 - INFO - ---------------------------
2024-07-25 12:00:13 - INFO - TRAIN MODEL STAGE COMPLETED FOR SUBSET 4
2024-07-25 12:00:13 - INFO - ---------------------------
2024-07-25 12:00:13 - INFO - --------------------------------
2024-07-25 12:00:13 - INFO - EVALUATE MODEL STAGE STARTING FOR SUBSET 4...
2024-07-25 12:00:13 - INFO - --------------------------------
2024-07-25 12:00:13 - INFO - ROC AUC Score: 0.6406733746130031
2024-07-25 12:00:13 - INFO - Confusion Matrix: 
[[71 43]
 [58 78]]
2024-07-25 12:00:13 - INFO - Precision: 0.6446280991735537
2024-07-25 12:00:13 - INFO - Recall: 0.5735294117647058
2024-07-25 12:00:13 - INFO - Model evaluated successfully for subset 4.
2024-07-25 12:00:13 - INFO - ------------------------------
2024-07-25 12:00:13 - INFO - EVALUATE MODEL STAGE COMPLETED FOR SUBSET 4
2024-07-25 12:00:13 - INFO - ------------------------------
2024-07-25 12:00:13 - INFO - Subset 5 demographic makeup: 700 1, 148 3, 86 2, 66 4
2024-07-25 12:00:13 - INFO - Processing subset 5...
2024-07-25 12:00:13 - INFO - -----------------------------
2024-07-25 12:00:13 - INFO - TRAIN MODEL STAGE STARTING FOR SUBSET 5...
2024-07-25 12:00:13 - INFO - -----------------------------
2024-07-25 12:00:13 - INFO - Scaling features and applying LASSO for feature selection...
2024-07-25 12:00:14 - INFO - Selected features (including required): ['who', 'RaceEth', 'age', 'is_female', 'is_hispanic', 'unemployed', 'unstableliving', 'education', 'marital', 'UDS_Amphetamine_Count', 'UDS_Benzodiazepine_Count', 'UDS_Buprenorphine_Count', 'UDS_Cocaine_Count', 'UDS_Methadone_Count', 'UDS_Opioid_Count', 'UDS_Sedatives_Count', 'UDS_Thc_Count', 'pain', 'has_schizophrenia', 'has_major_dep', 'has_bipolar', 'has_anx_pan', 'has_brain_damage', 'has_epilepsy', 'has_alcol_dx', 'has_amphetamines_dx', 'has_cannabis_dx', 'has_cocaine_dx', 'has_sedatives_dx', 'ftnd', 'XTRT', 'shared', 'rbsivheroin', 'TLFB_Alcohol_Count', 'TLFB_Amphetamine_Count', 'TLFB_Benzodiazepine_Count', 'TLFB_Buprenorphine_Count', 'TLFB_Cocaine_Count', 'TLFB_Heroin_Count', 'TLFB_Methadone_Count', 'TLFB_Opioid_Count', 'TLFB_THC_Count', 'TLFB_Other', 'Homosexual_Behavior', 'Non_monogamous_Relationships']
2024-07-25 12:00:14 - INFO - Fitting logistic regression model with the selected features...
2024-07-25 12:00:14 - INFO - Model training completed successfully.
2024-07-25 12:00:14 - INFO - Calculating the dynamic threshold based on the proportion of positive outcomes...
2024-07-25 12:00:14 - INFO - Ratio of 1s to 0s in the outcome variable: 0.57 : 0.43
2024-07-25 12:00:14 - INFO - Dynamic threshold set to: 0.568
2024-07-25 12:00:14 - INFO - Model trained and saved successfully for subset 5.
2024-07-25 12:00:14 - INFO - ---------------------------
2024-07-25 12:00:14 - INFO - TRAIN MODEL STAGE COMPLETED FOR SUBSET 5
2024-07-25 12:00:14 - INFO - ---------------------------
2024-07-25 12:00:14 - INFO - --------------------------------
2024-07-25 12:00:14 - INFO - EVALUATE MODEL STAGE STARTING FOR SUBSET 5...
2024-07-25 12:00:14 - INFO - --------------------------------
2024-07-25 12:00:14 - INFO - ROC AUC Score: 0.6393453312467398
2024-07-25 12:00:14 - INFO - Confusion Matrix: 
[[69 39]
 [63 79]]
2024-07-25 12:00:14 - INFO - Precision: 0.6694915254237288
2024-07-25 12:00:14 - INFO - Recall: 0.5563380281690141
2024-07-25 12:00:14 - INFO - Model evaluated successfully for subset 5.
2024-07-25 12:00:14 - INFO - ------------------------------
2024-07-25 12:00:14 - INFO - EVALUATE MODEL STAGE COMPLETED FOR SUBSET 5
2024-07-25 12:00:14 - INFO - ------------------------------
2024-07-25 12:00:14 - INFO - Subset 6 demographic makeup: 750 1, 122 3, 72 2, 56 4
2024-07-25 12:00:14 - INFO - Processing subset 6...
2024-07-25 12:00:14 - INFO - -----------------------------
2024-07-25 12:00:14 - INFO - TRAIN MODEL STAGE STARTING FOR SUBSET 6...
2024-07-25 12:00:14 - INFO - -----------------------------
2024-07-25 12:00:14 - INFO - Scaling features and applying LASSO for feature selection...
2024-07-25 12:00:15 - INFO - Selected features (including required): ['who', 'RaceEth', 'age', 'is_female', 'is_hispanic', 'unemployed', 'unstableliving', 'education', 'marital', 'UDS_Amphetamine_Count', 'UDS_Benzodiazepine_Count', 'UDS_Buprenorphine_Count', 'UDS_Cocaine_Count', 'UDS_Methadone_Count', 'UDS_Opioid_Count', 'UDS_Sedatives_Count', 'UDS_Thc_Count', 'pain', 'has_schizophrenia', 'has_major_dep', 'has_bipolar', 'has_anx_pan', 'has_brain_damage', 'has_epilepsy', 'has_alcol_dx', 'has_amphetamines_dx', 'has_cannabis_dx', 'has_cocaine_dx', 'has_sedatives_dx', 'ftnd', 'XTRT', 'shared', 'rbsivheroin', 'TLFB_Alcohol_Count', 'TLFB_Amphetamine_Count', 'TLFB_Benzodiazepine_Count', 'TLFB_Buprenorphine_Count', 'TLFB_Cocaine_Count', 'TLFB_Heroin_Count', 'TLFB_Methadone_Count', 'TLFB_Opioid_Count', 'TLFB_THC_Count', 'TLFB_Other', 'Homosexual_Behavior', 'Non_monogamous_Relationships']
2024-07-25 12:00:15 - INFO - Fitting logistic regression model with the selected features...
2024-07-25 12:00:16 - INFO - Model training completed successfully.
2024-07-25 12:00:16 - INFO - Calculating the dynamic threshold based on the proportion of positive outcomes...
2024-07-25 12:00:16 - INFO - Ratio of 1s to 0s in the outcome variable: 0.51 : 0.49
2024-07-25 12:00:16 - INFO - Dynamic threshold set to: 0.508
2024-07-25 12:00:16 - INFO - Model trained and saved successfully for subset 6.
2024-07-25 12:00:16 - INFO - ---------------------------
2024-07-25 12:00:16 - INFO - TRAIN MODEL STAGE COMPLETED FOR SUBSET 6
2024-07-25 12:00:16 - INFO - ---------------------------
2024-07-25 12:00:16 - INFO - --------------------------------
2024-07-25 12:00:16 - INFO - EVALUATE MODEL STAGE STARTING FOR SUBSET 6...
2024-07-25 12:00:16 - INFO - --------------------------------
2024-07-25 12:00:16 - INFO - ROC AUC Score: 0.6742206004737213
2024-07-25 12:00:16 - INFO - Confusion Matrix: 
[[69 54]
 [38 89]]
2024-07-25 12:00:16 - INFO - Precision: 0.6223776223776224
2024-07-25 12:00:16 - INFO - Recall: 0.7007874015748031
2024-07-25 12:00:16 - INFO - Model evaluated successfully for subset 6.
2024-07-25 12:00:16 - INFO - ------------------------------
2024-07-25 12:00:16 - INFO - EVALUATE MODEL STAGE COMPLETED FOR SUBSET 6
2024-07-25 12:00:16 - INFO - ------------------------------
2024-07-25 12:00:16 - INFO - Subset 7 demographic makeup: 800 1, 96 3, 59 2, 45 4
2024-07-25 12:00:16 - INFO - Processing subset 7...
2024-07-25 12:00:16 - INFO - -----------------------------
2024-07-25 12:00:16 - INFO - TRAIN MODEL STAGE STARTING FOR SUBSET 7...
2024-07-25 12:00:16 - INFO - -----------------------------
2024-07-25 12:00:16 - INFO - Scaling features and applying LASSO for feature selection...
2024-07-25 12:00:18 - INFO - Selected features (including required): ['who', 'RaceEth', 'age', 'is_female', 'is_hispanic', 'unemployed', 'unstableliving', 'education', 'marital', 'UDS_Amphetamine_Count', 'UDS_Benzodiazepine_Count', 'UDS_Buprenorphine_Count', 'UDS_Cocaine_Count', 'UDS_Methadone_Count', 'UDS_Opioid_Count', 'UDS_Sedatives_Count', 'UDS_Thc_Count', 'pain', 'has_schizophrenia', 'has_major_dep', 'has_bipolar', 'has_anx_pan', 'has_brain_damage', 'has_epilepsy', 'has_alcol_dx', 'has_amphetamines_dx', 'has_cannabis_dx', 'has_cocaine_dx', 'has_sedatives_dx', 'ftnd', 'XTRT', 'shared', 'rbsivheroin', 'TLFB_Alcohol_Count', 'TLFB_Amphetamine_Count', 'TLFB_Benzodiazepine_Count', 'TLFB_Buprenorphine_Count', 'TLFB_Cocaine_Count', 'TLFB_Heroin_Count', 'TLFB_Methadone_Count', 'TLFB_Opioid_Count', 'TLFB_THC_Count', 'TLFB_Other', 'Homosexual_Behavior', 'Non_monogamous_Relationships']
2024-07-25 12:00:18 - INFO - Fitting logistic regression model with the selected features...
2024-07-25 12:00:19 - INFO - Model training completed successfully.
2024-07-25 12:00:19 - INFO - Calculating the dynamic threshold based on the proportion of positive outcomes...
2024-07-25 12:00:19 - INFO - Ratio of 1s to 0s in the outcome variable: 0.52 : 0.48
2024-07-25 12:00:19 - INFO - Dynamic threshold set to: 0.524
2024-07-25 12:00:19 - INFO - Model trained and saved successfully for subset 7.
2024-07-25 12:00:19 - INFO - ---------------------------
2024-07-25 12:00:19 - INFO - TRAIN MODEL STAGE COMPLETED FOR SUBSET 7
2024-07-25 12:00:19 - INFO - ---------------------------
2024-07-25 12:00:19 - INFO - --------------------------------
2024-07-25 12:00:19 - INFO - EVALUATE MODEL STAGE STARTING FOR SUBSET 7...
2024-07-25 12:00:19 - INFO - --------------------------------
2024-07-25 12:00:19 - INFO - ROC AUC Score: 0.6503945089486176
2024-07-25 12:00:19 - INFO - Confusion Matrix: 
[[64 55]
 [41 90]]
2024-07-25 12:00:19 - INFO - Precision: 0.6206896551724138
2024-07-25 12:00:19 - INFO - Recall: 0.6870229007633588
2024-07-25 12:00:19 - INFO - Model evaluated successfully for subset 7.
2024-07-25 12:00:19 - INFO - ------------------------------
2024-07-25 12:00:19 - INFO - EVALUATE MODEL STAGE COMPLETED FOR SUBSET 7
2024-07-25 12:00:19 - INFO - ------------------------------
2024-07-25 12:00:19 - INFO - Subset 8 demographic makeup: 850 1, 69 3, 44 2, 37 4
2024-07-25 12:00:19 - INFO - Processing subset 8...
2024-07-25 12:00:19 - INFO - -----------------------------
2024-07-25 12:00:19 - INFO - TRAIN MODEL STAGE STARTING FOR SUBSET 8...
2024-07-25 12:00:19 - INFO - -----------------------------
2024-07-25 12:00:19 - INFO - Scaling features and applying LASSO for feature selection...
2024-07-25 12:00:19 - INFO - Selected features (including required): ['who', 'RaceEth', 'age', 'is_female', 'is_hispanic', 'unemployed', 'unstableliving', 'education', 'marital', 'UDS_Amphetamine_Count', 'UDS_Benzodiazepine_Count', 'UDS_Buprenorphine_Count', 'UDS_Cocaine_Count', 'UDS_Methadone_Count', 'UDS_Opioid_Count', 'UDS_Sedatives_Count', 'UDS_Thc_Count', 'pain', 'has_schizophrenia', 'has_major_dep', 'has_bipolar', 'has_anx_pan', 'has_brain_damage', 'has_epilepsy', 'has_alcol_dx', 'has_amphetamines_dx', 'has_cannabis_dx', 'has_cocaine_dx', 'has_sedatives_dx', 'ftnd', 'XTRT', 'shared', 'rbsivheroin', 'TLFB_Alcohol_Count', 'TLFB_Amphetamine_Count', 'TLFB_Benzodiazepine_Count', 'TLFB_Buprenorphine_Count', 'TLFB_Cocaine_Count', 'TLFB_Heroin_Count', 'TLFB_Methadone_Count', 'TLFB_Opioid_Count', 'TLFB_THC_Count', 'TLFB_Other', 'Homosexual_Behavior', 'Non_monogamous_Relationships']
2024-07-25 12:00:19 - INFO - Fitting logistic regression model with the selected features...
2024-07-25 12:00:20 - INFO - Model training completed successfully.
2024-07-25 12:00:20 - INFO - Calculating the dynamic threshold based on the proportion of positive outcomes...
2024-07-25 12:00:20 - INFO - Ratio of 1s to 0s in the outcome variable: 0.60 : 0.40
2024-07-25 12:00:20 - INFO - Dynamic threshold set to: 0.596
2024-07-25 12:00:20 - INFO - Model trained and saved successfully for subset 8.
2024-07-25 12:00:20 - INFO - ---------------------------
2024-07-25 12:00:20 - INFO - TRAIN MODEL STAGE COMPLETED FOR SUBSET 8
2024-07-25 12:00:20 - INFO - ---------------------------
2024-07-25 12:00:20 - INFO - --------------------------------
2024-07-25 12:00:20 - INFO - EVALUATE MODEL STAGE STARTING FOR SUBSET 8...
2024-07-25 12:00:20 - INFO - --------------------------------
2024-07-25 12:00:20 - INFO - ROC AUC Score: 0.7160608678317496
2024-07-25 12:00:20 - INFO - Confusion Matrix: 
[[77 24]
 [78 71]]
2024-07-25 12:00:20 - INFO - Precision: 0.7473684210526316
2024-07-25 12:00:20 - INFO - Recall: 0.47651006711409394
2024-07-25 12:00:20 - INFO - Model evaluated successfully for subset 8.
2024-07-25 12:00:20 - INFO - ------------------------------
2024-07-25 12:00:20 - INFO - EVALUATE MODEL STAGE COMPLETED FOR SUBSET 8
2024-07-25 12:00:20 - INFO - ------------------------------
2024-07-25 12:00:20 - INFO - Subset 9 demographic makeup: 900 1, 47 3, 30 2, 23 4
2024-07-25 12:00:20 - INFO - Processing subset 9...
2024-07-25 12:00:20 - INFO - -----------------------------
2024-07-25 12:00:20 - INFO - TRAIN MODEL STAGE STARTING FOR SUBSET 9...
2024-07-25 12:00:20 - INFO - -----------------------------
2024-07-25 12:00:20 - INFO - Scaling features and applying LASSO for feature selection...
2024-07-25 12:00:21 - INFO - Selected features (including required): ['who', 'RaceEth', 'age', 'is_female', 'is_hispanic', 'unemployed', 'unstableliving', 'education', 'marital', 'UDS_Amphetamine_Count', 'UDS_Benzodiazepine_Count', 'UDS_Buprenorphine_Count', 'UDS_Cocaine_Count', 'UDS_Methadone_Count', 'UDS_Opioid_Count', 'UDS_Sedatives_Count', 'UDS_Thc_Count', 'pain', 'has_schizophrenia', 'has_major_dep', 'has_bipolar', 'has_anx_pan', 'has_brain_damage', 'has_epilepsy', 'has_alcol_dx', 'has_amphetamines_dx', 'has_cannabis_dx', 'has_cocaine_dx', 'has_sedatives_dx', 'ftnd', 'XTRT', 'shared', 'rbsivheroin', 'TLFB_Alcohol_Count', 'TLFB_Amphetamine_Count', 'TLFB_Benzodiazepine_Count', 'TLFB_Buprenorphine_Count', 'TLFB_Cocaine_Count', 'TLFB_Heroin_Count', 'TLFB_Methadone_Count', 'TLFB_Opioid_Count', 'TLFB_THC_Count', 'TLFB_Other', 'Homosexual_Behavior', 'Non_monogamous_Relationships']
2024-07-25 12:00:21 - INFO - Fitting logistic regression model with the selected features...
2024-07-25 12:00:21 - INFO - Model training completed successfully.
2024-07-25 12:00:21 - INFO - Calculating the dynamic threshold based on the proportion of positive outcomes...
2024-07-25 12:00:21 - INFO - Ratio of 1s to 0s in the outcome variable: 0.56 : 0.44
2024-07-25 12:00:21 - INFO - Dynamic threshold set to: 0.56
2024-07-25 12:00:21 - INFO - Model trained and saved successfully for subset 9.
2024-07-25 12:00:21 - INFO - ---------------------------
2024-07-25 12:00:21 - INFO - TRAIN MODEL STAGE COMPLETED FOR SUBSET 9
2024-07-25 12:00:21 - INFO - ---------------------------
2024-07-25 12:00:21 - INFO - --------------------------------
2024-07-25 12:00:21 - INFO - EVALUATE MODEL STAGE STARTING FOR SUBSET 9...
2024-07-25 12:00:21 - INFO - --------------------------------
2024-07-25 12:00:21 - INFO - ROC AUC Score: 0.6551298701298701
2024-07-25 12:00:21 - INFO - Confusion Matrix: 
[[66 44]
 [55 85]]
2024-07-25 12:00:21 - INFO - Precision: 0.6589147286821705
2024-07-25 12:00:21 - INFO - Recall: 0.6071428571428571
2024-07-25 12:00:21 - INFO - Model evaluated successfully for subset 9.
2024-07-25 12:00:21 - INFO - ------------------------------
2024-07-25 12:00:21 - INFO - EVALUATE MODEL STAGE COMPLETED FOR SUBSET 9
2024-07-25 12:00:21 - INFO - ------------------------------
2024-07-25 12:00:21 - INFO - Subset 10 demographic makeup: 950 1, 24 3, 16 2, 10 4
2024-07-25 12:00:21 - INFO - Processing subset 10...
2024-07-25 12:00:21 - INFO - -----------------------------
2024-07-25 12:00:21 - INFO - TRAIN MODEL STAGE STARTING FOR SUBSET 10...
2024-07-25 12:00:21 - INFO - -----------------------------
2024-07-25 12:00:21 - INFO - Scaling features and applying LASSO for feature selection...
2024-07-25 12:00:22 - INFO - Selected features (including required): ['who', 'RaceEth', 'age', 'is_female', 'is_hispanic', 'unemployed', 'unstableliving', 'education', 'marital', 'UDS_Amphetamine_Count', 'UDS_Benzodiazepine_Count', 'UDS_Buprenorphine_Count', 'UDS_Cocaine_Count', 'UDS_Methadone_Count', 'UDS_Opioid_Count', 'UDS_Sedatives_Count', 'UDS_Thc_Count', 'pain', 'has_schizophrenia', 'has_major_dep', 'has_bipolar', 'has_anx_pan', 'has_brain_damage', 'has_epilepsy', 'has_alcol_dx', 'has_amphetamines_dx', 'has_cannabis_dx', 'has_cocaine_dx', 'has_sedatives_dx', 'ftnd', 'XTRT', 'shared', 'rbsivheroin', 'TLFB_Alcohol_Count', 'TLFB_Amphetamine_Count', 'TLFB_Benzodiazepine_Count', 'TLFB_Buprenorphine_Count', 'TLFB_Cocaine_Count', 'TLFB_Heroin_Count', 'TLFB_Methadone_Count', 'TLFB_Opioid_Count', 'TLFB_THC_Count', 'TLFB_Other', 'Homosexual_Behavior', 'Non_monogamous_Relationships']
2024-07-25 12:00:22 - INFO - Fitting logistic regression model with the selected features...
2024-07-25 12:00:22 - INFO - Model training completed successfully.
2024-07-25 12:00:22 - INFO - Calculating the dynamic threshold based on the proportion of positive outcomes...
2024-07-25 12:00:22 - INFO - Ratio of 1s to 0s in the outcome variable: 0.58 : 0.42
2024-07-25 12:00:22 - INFO - Dynamic threshold set to: 0.576
2024-07-25 12:00:22 - INFO - Model trained and saved successfully for subset 10.
2024-07-25 12:00:22 - INFO - ---------------------------
2024-07-25 12:00:22 - INFO - TRAIN MODEL STAGE COMPLETED FOR SUBSET 10
2024-07-25 12:00:22 - INFO - ---------------------------
2024-07-25 12:00:22 - INFO - --------------------------------
2024-07-25 12:00:22 - INFO - EVALUATE MODEL STAGE STARTING FOR SUBSET 10...
2024-07-25 12:00:22 - INFO - --------------------------------
2024-07-25 12:00:22 - INFO - ROC AUC Score: 0.6719077568134173
2024-07-25 12:00:22 - INFO - Confusion Matrix: 
[[66 40]
 [51 93]]
2024-07-25 12:00:22 - INFO - Precision: 0.6992481203007519
2024-07-25 12:00:23 - INFO - Recall: 0.6458333333333334
2024-07-25 12:00:23 - INFO - Model evaluated successfully for subset 10.
2024-07-25 12:00:23 - INFO - ------------------------------
2024-07-25 12:00:23 - INFO - EVALUATE MODEL STAGE COMPLETED FOR SUBSET 10
2024-07-25 12:00:23 - INFO - ------------------------------
2024-07-25 12:00:23 - INFO - Subset 11 demographic makeup: 1000 1
2024-07-25 12:00:23 - INFO - Processing subset 11...
2024-07-25 12:00:23 - INFO - -----------------------------
2024-07-25 12:00:23 - INFO - TRAIN MODEL STAGE STARTING FOR SUBSET 11...
2024-07-25 12:00:23 - INFO - -----------------------------
2024-07-25 12:00:23 - INFO - Scaling features and applying LASSO for feature selection...
2024-07-25 12:00:23 - INFO - Selected features (including required): ['who', 'age', 'is_female', 'unemployed', 'unstableliving', 'education', 'marital', 'UDS_Amphetamine_Count', 'UDS_Benzodiazepine_Count', 'UDS_Buprenorphine_Count', 'UDS_Cocaine_Count', 'UDS_Methadone_Count', 'UDS_Opioid_Count', 'UDS_Sedatives_Count', 'UDS_Thc_Count', 'pain', 'has_schizophrenia', 'has_major_dep', 'has_bipolar', 'has_anx_pan', 'has_brain_damage', 'has_epilepsy', 'has_alcol_dx', 'has_amphetamines_dx', 'has_cannabis_dx', 'has_cocaine_dx', 'has_sedatives_dx', 'ftnd', 'XTRT', 'shared', 'rbsivheroin', 'TLFB_Alcohol_Count', 'TLFB_Amphetamine_Count', 'TLFB_Benzodiazepine_Count', 'TLFB_Buprenorphine_Count', 'TLFB_Cocaine_Count', 'TLFB_Heroin_Count', 'TLFB_Methadone_Count', 'TLFB_Opioid_Count', 'TLFB_THC_Count', 'TLFB_Other', 'Homosexual_Behavior', 'Non_monogamous_Relationships']
2024-07-25 12:00:23 - INFO - Fitting logistic regression model with the selected features...
2024-07-25 12:00:24 - INFO - Model training completed successfully.
2024-07-25 12:00:24 - INFO - Calculating the dynamic threshold based on the proportion of positive outcomes...
2024-07-25 12:00:24 - INFO - Ratio of 1s to 0s in the outcome variable: 0.55 : 0.45
2024-07-25 12:00:24 - INFO - Dynamic threshold set to: 0.548
2024-07-25 12:00:24 - INFO - Model trained and saved successfully for subset 11.
2024-07-25 12:00:24 - INFO - ---------------------------
2024-07-25 12:00:24 - INFO - TRAIN MODEL STAGE COMPLETED FOR SUBSET 11
2024-07-25 12:00:24 - INFO - ---------------------------
2024-07-25 12:00:24 - INFO - --------------------------------
2024-07-25 12:00:24 - INFO - EVALUATE MODEL STAGE STARTING FOR SUBSET 11...
2024-07-25 12:00:24 - INFO - --------------------------------
2024-07-25 12:00:24 - INFO - ROC AUC Score: 0.609004586267037
2024-07-25 12:00:24 - INFO - Confusion Matrix: 
[[54 59]
 [50 87]]
2024-07-25 12:00:24 - INFO - Precision: 0.5958904109589042
2024-07-25 12:00:24 - INFO - Recall: 0.635036496350365
2024-07-25 12:00:24 - INFO - Model evaluated successfully for subset 11.
2024-07-25 12:00:24 - INFO - ------------------------------
2024-07-25 12:00:24 - INFO - EVALUATE MODEL STAGE COMPLETED FOR SUBSET 11
2024-07-25 12:00:24 - INFO - ------------------------------
2024-07-25 12:00:24 - INFO - ------------------
2024-07-25 12:00:24 - INFO - PIPELINE COMPLETED
2024-07-25 12:00:24 - INFO - ------------------
