2024-08-07 12:53:02,021 - INFO - Global Seed set to: 4
2024-08-07 12:53:02,021 - INFO - Outcome Name: Rd_kostenB_1993
2024-08-07 12:53:02,072 - INFO - Datasets loaded successfully.
2024-08-07 12:53:02,094 - INFO - Starting preprocessing of the merged dataset...
2024-08-07 12:53:02,094 - INFO - ---------------------------------
2024-08-07 12:53:02,094 - INFO - PRE-PROCESSING STAGE STARTING...
2024-08-07 12:53:02,094 - INFO - ---------------------------------
2024-08-07 12:53:02,211 - INFO - Dropped initial columns: ['pain_when', 'is_smoker', 'per_day', 'max', 'amount', 'depression', 'anxiety', 'schizophrenia', 'max', 'amount', 'cocaine_inject_days', 'speedball_inject_days', 'opioid_inject_days', 'speed_inject_days', 'UDS_Alcohol_Count', 'UDS_Mdma/Hallucinogen_Count']
2024-08-07 12:53:02,261 - INFO - Converted Yes/No to binary.
2024-08-07 12:53:02,273 - INFO - Processed TLFB columns with specified columns: ['TLFB_Alcohol_Count', 'TLFB_Amphetamine_Count', 'TLFB_Cocaine_Count', 'TLFB_Heroin_Count', 'TLFB_Benzodiazepine_Count', 'TLFB_Opioid_Count', 'TLFB_THC_Count', 'TLFB_Methadone_Count', 'TLFB_Buprenorphine_Count']
2024-08-07 12:53:02,276 - INFO - Calculated behavioral columns.
2024-08-07 12:53:02,278 - INFO - Moved 'Rd_kostenB_1993' column to the end.
2024-08-07 12:53:02,391 - INFO - Dropped initial columns: ['msm_npt', 'msm_frq', 'txx_prt']
2024-08-07 12:53:02,416 - INFO - transform_data_with_nan_handling success
2024-08-07 12:53:02,440 - INFO - Renamed columns according to the mapping.
2024-08-07 12:53:02,478 - INFO - Transformed NaN to 0 for binary columns.
2024-08-07 12:53:02,484 - INFO - Transformed and renamed 'heroin_inject_days' column to 'rbsivheroin'.
2024-08-07 12:53:02,513 - INFO - Filled NaN with 0 for 'ftnd' column.
2024-08-07 12:53:02,619 - INFO - Dropped additional columns: ['rbs_iv_days', 'race', 'RBS_cocaine_Days', 'RBS_heroin_Days', 'RBS_opioid_Days', 'RBS_speed_Days', 'RBS_speedball_Days']
2024-08-07 12:53:02,638 - INFO - Converted UDS drug counts to binary.
2024-08-07 12:53:02,735 - INFO - ------------------------------
2024-08-07 12:53:02,736 - INFO - PRE-PROCESSING STAGE COMPLETED
2024-08-07 12:53:02,736 - INFO - ------------------------------
2024-08-07 12:53:02,736 - INFO - Merged dataset preprocessed successfully.
2024-08-07 12:53:02,737 - INFO - Creating demographic subsets from preprocessed data...
2024-08-07 12:53:10,443 - INFO - Created 11 subsets successfully.
2024-08-07 12:53:10,444 - INFO - Creating merged subsets from create_demographics_dfs function
2024-08-07 12:53:10,533 - INFO - Created 11 merged subsets successfully.
2024-08-07 12:53:10,537 - INFO - Subset 1 demographic makeup: 500 1, 248 3, 153 2, 99 4
2024-08-07 12:53:10,537 - INFO - Processing subset 1...
2024-08-07 12:53:10,537 - INFO - -----------------------------
2024-08-07 12:53:10,537 - INFO - TRAIN MODEL STAGE STARTING FOR SUBSET 1...
2024-08-07 12:53:10,537 - INFO - -----------------------------
2024-08-07 12:53:10,543 - INFO - Scaling features and applying LASSO for feature selection...
2024-08-07 12:53:12,337 - INFO - Selected features (including required): ['who', 'RaceEth', 'age', 'is_female', 'is_hispanic', 'unemployed', 'unstableliving', 'education', 'marital', 'UDS_Amphetamine_Count', 'UDS_Benzodiazepine_Count', 'UDS_Buprenorphine_Count', 'UDS_Cocaine_Count', 'UDS_Methadone_Count', 'UDS_Opioid_Count', 'UDS_Sedatives_Count', 'UDS_Thc_Count', 'pain', 'has_schizophrenia', 'has_major_dep', 'has_bipolar', 'has_anx_pan', 'has_brain_damage', 'has_epilepsy', 'has_opiates_dx', 'has_alcol_dx', 'has_amphetamines_dx', 'has_cannabis_dx', 'has_cocaine_dx', 'has_sedatives_dx', 'ftnd', 'XTRT', 'shared', 'rbsivheroin', 'TLFB_Alcohol_Count', 'TLFB_Amphetamine_Count', 'TLFB_Benzodiazepine_Count', 'TLFB_Buprenorphine_Count', 'TLFB_Cocaine_Count', 'TLFB_Heroin_Count', 'TLFB_Methadone_Count', 'TLFB_Opioid_Count', 'TLFB_THC_Count', 'TLFB_Other', 'Homosexual_Behavior', 'Non_monogamous_Relationships']
2024-08-07 12:53:12,343 - INFO - Fitting logistic regression model with the selected features...
2024-08-07 12:53:12,774 - INFO - Model training completed successfully.
2024-08-07 12:53:12,774 - INFO - Calculating the dynamic threshold based on the proportion of positive outcomes...
2024-08-07 12:53:12,775 - INFO - Ratio of 1s to 0s in the outcome variable: 0.43 : 0.57
2024-08-07 12:53:12,775 - INFO - Dynamic threshold set to: 0.428
2024-08-07 12:53:12,775 - INFO - Model trained and saved successfully for subset 1.
2024-08-07 12:53:12,775 - INFO - ---------------------------
2024-08-07 12:53:12,775 - INFO - TRAIN MODEL STAGE COMPLETED FOR SUBSET 1
2024-08-07 12:53:12,775 - INFO - ---------------------------
2024-08-07 12:53:12,775 - INFO - --------------------------------
2024-08-07 12:53:12,775 - INFO - EVALUATE MODEL STAGE STARTING FOR SUBSET 1...
2024-08-07 12:53:12,775 - INFO - --------------------------------
2024-08-07 12:53:12,794 - INFO - ROC AUC Score: 0.6540095418600089
2024-08-07 12:53:12,795 - INFO - Confusion Matrix: 
[[75 68]
 [25 82]]
2024-08-07 12:53:12,795 - INFO - Precision: 0.5466666666666666
2024-08-07 12:53:12,795 - INFO - Recall: 0.7663551401869159
2024-08-07 12:53:12,795 - INFO - Model evaluated successfully for subset 1.
2024-08-07 12:53:12,795 - INFO - ------------------------------
2024-08-07 12:53:12,795 - INFO - EVALUATE MODEL STAGE COMPLETED FOR SUBSET 1
2024-08-07 12:53:12,795 - INFO - ------------------------------
2024-08-07 12:53:12,796 - INFO - Subset 2 demographic makeup: 550 1, 221 3, 140 2, 89 4
2024-08-07 12:53:12,796 - INFO - Processing subset 2...
2024-08-07 12:53:12,796 - INFO - -----------------------------
2024-08-07 12:53:12,796 - INFO - TRAIN MODEL STAGE STARTING FOR SUBSET 2...
2024-08-07 12:53:12,796 - INFO - -----------------------------
2024-08-07 12:53:12,805 - INFO - Scaling features and applying LASSO for feature selection...
2024-08-07 12:53:14,672 - INFO - Selected features (including required): ['who', 'RaceEth', 'age', 'is_female', 'is_hispanic', 'unemployed', 'unstableliving', 'education', 'marital', 'UDS_Amphetamine_Count', 'UDS_Benzodiazepine_Count', 'UDS_Buprenorphine_Count', 'UDS_Cocaine_Count', 'UDS_Methadone_Count', 'UDS_Opioid_Count', 'UDS_Sedatives_Count', 'UDS_Thc_Count', 'pain', 'has_schizophrenia', 'has_major_dep', 'has_bipolar', 'has_anx_pan', 'has_brain_damage', 'has_epilepsy', 'has_opiates_dx', 'has_alcol_dx', 'has_amphetamines_dx', 'has_cannabis_dx', 'has_cocaine_dx', 'has_sedatives_dx', 'ftnd', 'XTRT', 'shared', 'rbsivheroin', 'TLFB_Alcohol_Count', 'TLFB_Amphetamine_Count', 'TLFB_Benzodiazepine_Count', 'TLFB_Buprenorphine_Count', 'TLFB_Cocaine_Count', 'TLFB_Heroin_Count', 'TLFB_Methadone_Count', 'TLFB_Opioid_Count', 'TLFB_THC_Count', 'TLFB_Other', 'Homosexual_Behavior', 'Non_monogamous_Relationships']
2024-08-07 12:53:14,677 - INFO - Fitting logistic regression model with the selected features...
2024-08-07 12:53:15,152 - INFO - Model training completed successfully.
2024-08-07 12:53:15,152 - INFO - Calculating the dynamic threshold based on the proportion of positive outcomes...
2024-08-07 12:53:15,152 - INFO - Ratio of 1s to 0s in the outcome variable: 0.48 : 0.52
2024-08-07 12:53:15,152 - INFO - Dynamic threshold set to: 0.48
2024-08-07 12:53:15,153 - INFO - Model trained and saved successfully for subset 2.
2024-08-07 12:53:15,153 - INFO - ---------------------------
2024-08-07 12:53:15,153 - INFO - TRAIN MODEL STAGE COMPLETED FOR SUBSET 2
2024-08-07 12:53:15,153 - INFO - ---------------------------
2024-08-07 12:53:15,153 - INFO - --------------------------------
2024-08-07 12:53:15,153 - INFO - EVALUATE MODEL STAGE STARTING FOR SUBSET 2...
2024-08-07 12:53:15,153 - INFO - --------------------------------
2024-08-07 12:53:15,165 - INFO - ROC AUC Score: 0.6501282051282051
2024-08-07 12:53:15,165 - INFO - Confusion Matrix: 
[[66 64]
 [34 86]]
2024-08-07 12:53:15,166 - INFO - Precision: 0.5733333333333334
2024-08-07 12:53:15,166 - INFO - Recall: 0.7166666666666667
2024-08-07 12:53:15,166 - INFO - Model evaluated successfully for subset 2.
2024-08-07 12:53:15,166 - INFO - ------------------------------
2024-08-07 12:53:15,166 - INFO - EVALUATE MODEL STAGE COMPLETED FOR SUBSET 2
2024-08-07 12:53:15,166 - INFO - ------------------------------
2024-08-07 12:53:15,167 - INFO - Subset 3 demographic makeup: 600 1, 195 3, 123 2, 82 4
2024-08-07 12:53:15,167 - INFO - Processing subset 3...
2024-08-07 12:53:15,167 - INFO - -----------------------------
2024-08-07 12:53:15,167 - INFO - TRAIN MODEL STAGE STARTING FOR SUBSET 3...
2024-08-07 12:53:15,167 - INFO - -----------------------------
2024-08-07 12:53:15,185 - INFO - Scaling features and applying LASSO for feature selection...
2024-08-07 12:53:17,062 - INFO - Selected features (including required): ['who', 'RaceEth', 'age', 'is_female', 'is_hispanic', 'unemployed', 'unstableliving', 'education', 'marital', 'UDS_Amphetamine_Count', 'UDS_Benzodiazepine_Count', 'UDS_Buprenorphine_Count', 'UDS_Cocaine_Count', 'UDS_Methadone_Count', 'UDS_Opioid_Count', 'UDS_Sedatives_Count', 'UDS_Thc_Count', 'pain', 'has_schizophrenia', 'has_major_dep', 'has_bipolar', 'has_anx_pan', 'has_brain_damage', 'has_epilepsy', 'has_opiates_dx', 'has_alcol_dx', 'has_amphetamines_dx', 'has_cannabis_dx', 'has_cocaine_dx', 'has_sedatives_dx', 'ftnd', 'XTRT', 'shared', 'rbsivheroin', 'TLFB_Alcohol_Count', 'TLFB_Amphetamine_Count', 'TLFB_Benzodiazepine_Count', 'TLFB_Buprenorphine_Count', 'TLFB_Cocaine_Count', 'TLFB_Heroin_Count', 'TLFB_Methadone_Count', 'TLFB_Opioid_Count', 'TLFB_THC_Count', 'TLFB_Other', 'Homosexual_Behavior', 'Non_monogamous_Relationships']
2024-08-07 12:53:17,067 - INFO - Fitting logistic regression model with the selected features...
2024-08-07 12:53:17,645 - INFO - Model training completed successfully.
2024-08-07 12:53:17,646 - INFO - Calculating the dynamic threshold based on the proportion of positive outcomes...
2024-08-07 12:53:17,646 - INFO - Ratio of 1s to 0s in the outcome variable: 0.54 : 0.46
2024-08-07 12:53:17,647 - INFO - Dynamic threshold set to: 0.536
2024-08-07 12:53:17,647 - INFO - Model trained and saved successfully for subset 3.
2024-08-07 12:53:17,648 - INFO - ---------------------------
2024-08-07 12:53:17,649 - INFO - TRAIN MODEL STAGE COMPLETED FOR SUBSET 3
2024-08-07 12:53:17,650 - INFO - ---------------------------
2024-08-07 12:53:17,652 - INFO - --------------------------------
2024-08-07 12:53:17,652 - INFO - EVALUATE MODEL STAGE STARTING FOR SUBSET 3...
2024-08-07 12:53:17,652 - INFO - --------------------------------
2024-08-07 12:53:17,676 - INFO - ROC AUC Score: 0.6744724652599073
2024-08-07 12:53:17,677 - INFO - Confusion Matrix: 
[[81 35]
 [59 75]]
2024-08-07 12:53:17,677 - INFO - Precision: 0.6818181818181818
2024-08-07 12:53:17,677 - INFO - Recall: 0.5597014925373134
2024-08-07 12:53:17,678 - INFO - Model evaluated successfully for subset 3.
2024-08-07 12:53:17,678 - INFO - ------------------------------
2024-08-07 12:53:17,678 - INFO - EVALUATE MODEL STAGE COMPLETED FOR SUBSET 3
2024-08-07 12:53:17,680 - INFO - ------------------------------
2024-08-07 12:53:17,683 - INFO - Subset 4 demographic makeup: 650 1, 169 3, 108 2, 73 4
2024-08-07 12:53:17,685 - INFO - Processing subset 4...
2024-08-07 12:53:17,686 - INFO - -----------------------------
2024-08-07 12:53:17,686 - INFO - TRAIN MODEL STAGE STARTING FOR SUBSET 4...
2024-08-07 12:53:17,688 - INFO - -----------------------------
2024-08-07 12:53:17,697 - INFO - Scaling features and applying LASSO for feature selection...
2024-08-07 12:53:19,380 - INFO - Selected features (including required): ['who', 'RaceEth', 'age', 'is_female', 'is_hispanic', 'unemployed', 'unstableliving', 'education', 'marital', 'UDS_Amphetamine_Count', 'UDS_Benzodiazepine_Count', 'UDS_Buprenorphine_Count', 'UDS_Cocaine_Count', 'UDS_Methadone_Count', 'UDS_Opioid_Count', 'UDS_Sedatives_Count', 'UDS_Thc_Count', 'pain', 'has_schizophrenia', 'has_major_dep', 'has_bipolar', 'has_anx_pan', 'has_brain_damage', 'has_epilepsy', 'has_opiates_dx', 'has_alcol_dx', 'has_amphetamines_dx', 'has_cannabis_dx', 'has_cocaine_dx', 'has_sedatives_dx', 'ftnd', 'XTRT', 'shared', 'rbsivheroin', 'TLFB_Alcohol_Count', 'TLFB_Amphetamine_Count', 'TLFB_Benzodiazepine_Count', 'TLFB_Buprenorphine_Count', 'TLFB_Cocaine_Count', 'TLFB_Heroin_Count', 'TLFB_Methadone_Count', 'TLFB_Opioid_Count', 'TLFB_THC_Count', 'TLFB_Other', 'Homosexual_Behavior', 'Non_monogamous_Relationships']
2024-08-07 12:53:19,385 - INFO - Fitting logistic regression model with the selected features...
2024-08-07 12:53:19,807 - INFO - Model training completed successfully.
2024-08-07 12:53:19,807 - INFO - Calculating the dynamic threshold based on the proportion of positive outcomes...
2024-08-07 12:53:19,808 - INFO - Ratio of 1s to 0s in the outcome variable: 0.56 : 0.44
2024-08-07 12:53:19,808 - INFO - Dynamic threshold set to: 0.556
2024-08-07 12:53:19,809 - INFO - Model trained and saved successfully for subset 4.
2024-08-07 12:53:19,810 - INFO - ---------------------------
2024-08-07 12:53:19,812 - INFO - TRAIN MODEL STAGE COMPLETED FOR SUBSET 4
2024-08-07 12:53:19,813 - INFO - ---------------------------
2024-08-07 12:53:19,813 - INFO - --------------------------------
2024-08-07 12:53:19,814 - INFO - EVALUATE MODEL STAGE STARTING FOR SUBSET 4...
2024-08-07 12:53:19,814 - INFO - --------------------------------
2024-08-07 12:53:19,839 - INFO - ROC AUC Score: 0.6677684879123728
2024-08-07 12:53:19,840 - INFO - Confusion Matrix: 
[[78 33]
 [74 65]]
2024-08-07 12:53:19,840 - INFO - Precision: 0.6632653061224489
2024-08-07 12:53:19,841 - INFO - Recall: 0.4676258992805755
2024-08-07 12:53:19,842 - INFO - Model evaluated successfully for subset 4.
2024-08-07 12:53:19,844 - INFO - ------------------------------
2024-08-07 12:53:19,845 - INFO - EVALUATE MODEL STAGE COMPLETED FOR SUBSET 4
2024-08-07 12:53:19,845 - INFO - ------------------------------
2024-08-07 12:53:19,846 - INFO - Subset 5 demographic makeup: 700 1, 145 3, 93 2, 62 4
2024-08-07 12:53:19,847 - INFO - Processing subset 5...
2024-08-07 12:53:19,847 - INFO - -----------------------------
2024-08-07 12:53:19,847 - INFO - TRAIN MODEL STAGE STARTING FOR SUBSET 5...
2024-08-07 12:53:19,848 - INFO - -----------------------------
2024-08-07 12:53:19,859 - INFO - Scaling features and applying LASSO for feature selection...
2024-08-07 12:53:21,886 - INFO - Selected features (including required): ['who', 'RaceEth', 'age', 'is_female', 'is_hispanic', 'unemployed', 'unstableliving', 'education', 'marital', 'UDS_Amphetamine_Count', 'UDS_Benzodiazepine_Count', 'UDS_Buprenorphine_Count', 'UDS_Cocaine_Count', 'UDS_Methadone_Count', 'UDS_Opioid_Count', 'UDS_Sedatives_Count', 'UDS_Thc_Count', 'pain', 'has_schizophrenia', 'has_major_dep', 'has_bipolar', 'has_anx_pan', 'has_brain_damage', 'has_epilepsy', 'has_opiates_dx', 'has_alcol_dx', 'has_amphetamines_dx', 'has_cannabis_dx', 'has_cocaine_dx', 'has_sedatives_dx', 'ftnd', 'XTRT', 'shared', 'rbsivheroin', 'TLFB_Alcohol_Count', 'TLFB_Amphetamine_Count', 'TLFB_Benzodiazepine_Count', 'TLFB_Buprenorphine_Count', 'TLFB_Cocaine_Count', 'TLFB_Heroin_Count', 'TLFB_Methadone_Count', 'TLFB_Opioid_Count', 'TLFB_THC_Count', 'TLFB_Other', 'Homosexual_Behavior', 'Non_monogamous_Relationships']
2024-08-07 12:53:21,891 - INFO - Fitting logistic regression model with the selected features...
2024-08-07 12:53:22,348 - INFO - Model training completed successfully.
2024-08-07 12:53:22,348 - INFO - Calculating the dynamic threshold based on the proportion of positive outcomes...
2024-08-07 12:53:22,348 - INFO - Ratio of 1s to 0s in the outcome variable: 0.48 : 0.52
2024-08-07 12:53:22,348 - INFO - Dynamic threshold set to: 0.48
2024-08-07 12:53:22,349 - INFO - Model trained and saved successfully for subset 5.
2024-08-07 12:53:22,349 - INFO - ---------------------------
2024-08-07 12:53:22,349 - INFO - TRAIN MODEL STAGE COMPLETED FOR SUBSET 5
2024-08-07 12:53:22,349 - INFO - ---------------------------
2024-08-07 12:53:22,349 - INFO - --------------------------------
2024-08-07 12:53:22,349 - INFO - EVALUATE MODEL STAGE STARTING FOR SUBSET 5...
2024-08-07 12:53:22,349 - INFO - --------------------------------
2024-08-07 12:53:22,361 - INFO - ROC AUC Score: 0.6412179487179487
2024-08-07 12:53:22,361 - INFO - Confusion Matrix: 
[[56 74]
 [30 90]]
2024-08-07 12:53:22,361 - INFO - Precision: 0.5487804878048781
2024-08-07 12:53:22,361 - INFO - Recall: 0.75
2024-08-07 12:53:22,361 - INFO - Model evaluated successfully for subset 5.
2024-08-07 12:53:22,361 - INFO - ------------------------------
2024-08-07 12:53:22,362 - INFO - EVALUATE MODEL STAGE COMPLETED FOR SUBSET 5
2024-08-07 12:53:22,362 - INFO - ------------------------------
2024-08-07 12:53:22,364 - INFO - Subset 6 demographic makeup: 750 1, 126 3, 73 2, 51 4
2024-08-07 12:53:22,364 - INFO - Processing subset 6...
2024-08-07 12:53:22,364 - INFO - -----------------------------
2024-08-07 12:53:22,364 - INFO - TRAIN MODEL STAGE STARTING FOR SUBSET 6...
2024-08-07 12:53:22,364 - INFO - -----------------------------
2024-08-07 12:53:22,371 - INFO - Scaling features and applying LASSO for feature selection...
2024-08-07 12:53:24,272 - INFO - Selected features (including required): ['who', 'RaceEth', 'age', 'is_female', 'is_hispanic', 'unemployed', 'unstableliving', 'education', 'marital', 'UDS_Amphetamine_Count', 'UDS_Benzodiazepine_Count', 'UDS_Buprenorphine_Count', 'UDS_Cocaine_Count', 'UDS_Methadone_Count', 'UDS_Opioid_Count', 'UDS_Sedatives_Count', 'UDS_Thc_Count', 'pain', 'has_schizophrenia', 'has_major_dep', 'has_bipolar', 'has_anx_pan', 'has_brain_damage', 'has_epilepsy', 'has_opiates_dx', 'has_alcol_dx', 'has_amphetamines_dx', 'has_cannabis_dx', 'has_cocaine_dx', 'has_sedatives_dx', 'ftnd', 'XTRT', 'shared', 'rbsivheroin', 'TLFB_Alcohol_Count', 'TLFB_Amphetamine_Count', 'TLFB_Benzodiazepine_Count', 'TLFB_Buprenorphine_Count', 'TLFB_Cocaine_Count', 'TLFB_Heroin_Count', 'TLFB_Methadone_Count', 'TLFB_Opioid_Count', 'TLFB_THC_Count', 'TLFB_Other', 'Homosexual_Behavior', 'Non_monogamous_Relationships']
2024-08-07 12:53:24,277 - INFO - Fitting logistic regression model with the selected features...
2024-08-07 12:53:24,837 - INFO - Model training completed successfully.
2024-08-07 12:53:24,838 - INFO - Calculating the dynamic threshold based on the proportion of positive outcomes...
2024-08-07 12:53:24,838 - INFO - Ratio of 1s to 0s in the outcome variable: 0.50 : 0.50
2024-08-07 12:53:24,839 - INFO - Dynamic threshold set to: 0.504
2024-08-07 12:53:24,839 - INFO - Model trained and saved successfully for subset 6.
2024-08-07 12:53:24,840 - INFO - ---------------------------
2024-08-07 12:53:24,842 - INFO - TRAIN MODEL STAGE COMPLETED FOR SUBSET 6
2024-08-07 12:53:24,843 - INFO - ---------------------------
2024-08-07 12:53:24,844 - INFO - --------------------------------
2024-08-07 12:53:24,844 - INFO - EVALUATE MODEL STAGE STARTING FOR SUBSET 6...
2024-08-07 12:53:24,844 - INFO - --------------------------------
2024-08-07 12:53:24,868 - INFO - ROC AUC Score: 0.6296082949308756
2024-08-07 12:53:24,868 - INFO - Confusion Matrix: 
[[61 63]
 [47 79]]
2024-08-07 12:53:24,869 - INFO - Precision: 0.5563380281690141
2024-08-07 12:53:24,870 - INFO - Recall: 0.626984126984127
2024-08-07 12:53:24,870 - INFO - Model evaluated successfully for subset 6.
2024-08-07 12:53:24,871 - INFO - ------------------------------
2024-08-07 12:53:24,873 - INFO - EVALUATE MODEL STAGE COMPLETED FOR SUBSET 6
2024-08-07 12:53:24,876 - INFO - ------------------------------
2024-08-07 12:53:24,877 - INFO - Subset 7 demographic makeup: 800 1, 104 3, 59 2, 37 4
2024-08-07 12:53:24,878 - INFO - Processing subset 7...
2024-08-07 12:53:24,878 - INFO - -----------------------------
2024-08-07 12:53:24,879 - INFO - TRAIN MODEL STAGE STARTING FOR SUBSET 7...
2024-08-07 12:53:24,879 - INFO - -----------------------------
2024-08-07 12:53:24,888 - INFO - Scaling features and applying LASSO for feature selection...
2024-08-07 12:53:28,033 - INFO - Selected features (including required): ['who', 'RaceEth', 'age', 'is_female', 'is_hispanic', 'unemployed', 'unstableliving', 'education', 'marital', 'UDS_Amphetamine_Count', 'UDS_Benzodiazepine_Count', 'UDS_Buprenorphine_Count', 'UDS_Cocaine_Count', 'UDS_Methadone_Count', 'UDS_Opioid_Count', 'UDS_Sedatives_Count', 'UDS_Thc_Count', 'pain', 'has_schizophrenia', 'has_major_dep', 'has_bipolar', 'has_anx_pan', 'has_brain_damage', 'has_epilepsy', 'has_opiates_dx', 'has_alcol_dx', 'has_amphetamines_dx', 'has_cannabis_dx', 'has_cocaine_dx', 'has_sedatives_dx', 'ftnd', 'XTRT', 'shared', 'rbsivheroin', 'TLFB_Alcohol_Count', 'TLFB_Amphetamine_Count', 'TLFB_Benzodiazepine_Count', 'TLFB_Buprenorphine_Count', 'TLFB_Cocaine_Count', 'TLFB_Heroin_Count', 'TLFB_Methadone_Count', 'TLFB_Opioid_Count', 'TLFB_THC_Count', 'TLFB_Other', 'Homosexual_Behavior', 'Non_monogamous_Relationships']
2024-08-07 12:53:28,038 - INFO - Fitting logistic regression model with the selected features...
2024-08-07 12:53:28,572 - INFO - Model training completed successfully.
2024-08-07 12:53:28,572 - INFO - Calculating the dynamic threshold based on the proportion of positive outcomes...
2024-08-07 12:53:28,573 - INFO - Ratio of 1s to 0s in the outcome variable: 0.47 : 0.53
2024-08-07 12:53:28,573 - INFO - Dynamic threshold set to: 0.472
2024-08-07 12:53:28,574 - INFO - Model trained and saved successfully for subset 7.
2024-08-07 12:53:28,574 - INFO - ---------------------------
2024-08-07 12:53:28,576 - INFO - TRAIN MODEL STAGE COMPLETED FOR SUBSET 7
2024-08-07 12:53:28,577 - INFO - ---------------------------
2024-08-07 12:53:28,578 - INFO - --------------------------------
2024-08-07 12:53:28,578 - INFO - EVALUATE MODEL STAGE STARTING FOR SUBSET 7...
2024-08-07 12:53:28,579 - INFO - --------------------------------
2024-08-07 12:53:28,606 - INFO - ROC AUC Score: 0.6438751926040062
2024-08-07 12:53:28,606 - INFO - Confusion Matrix: 
[[57 75]
 [27 91]]
2024-08-07 12:53:28,607 - INFO - Precision: 0.5481927710843374
2024-08-07 12:53:28,608 - INFO - Recall: 0.7711864406779662
2024-08-07 12:53:28,609 - INFO - Model evaluated successfully for subset 7.
2024-08-07 12:53:28,611 - INFO - ------------------------------
2024-08-07 12:53:28,612 - INFO - EVALUATE MODEL STAGE COMPLETED FOR SUBSET 7
2024-08-07 12:53:28,613 - INFO - ------------------------------
2024-08-07 12:53:28,614 - INFO - Subset 8 demographic makeup: 850 1, 77 3, 46 2, 27 4
2024-08-07 12:53:28,615 - INFO - Processing subset 8...
2024-08-07 12:53:28,615 - INFO - -----------------------------
2024-08-07 12:53:28,615 - INFO - TRAIN MODEL STAGE STARTING FOR SUBSET 8...
2024-08-07 12:53:28,616 - INFO - -----------------------------
2024-08-07 12:53:28,626 - INFO - Scaling features and applying LASSO for feature selection...
2024-08-07 12:53:30,623 - INFO - Selected features (including required): ['who', 'RaceEth', 'age', 'is_female', 'is_hispanic', 'unemployed', 'unstableliving', 'education', 'marital', 'UDS_Amphetamine_Count', 'UDS_Benzodiazepine_Count', 'UDS_Buprenorphine_Count', 'UDS_Cocaine_Count', 'UDS_Methadone_Count', 'UDS_Opioid_Count', 'UDS_Sedatives_Count', 'UDS_Thc_Count', 'pain', 'has_schizophrenia', 'has_major_dep', 'has_bipolar', 'has_anx_pan', 'has_brain_damage', 'has_epilepsy', 'has_opiates_dx', 'has_alcol_dx', 'has_amphetamines_dx', 'has_cannabis_dx', 'has_cocaine_dx', 'has_sedatives_dx', 'ftnd', 'XTRT', 'shared', 'rbsivheroin', 'TLFB_Alcohol_Count', 'TLFB_Amphetamine_Count', 'TLFB_Benzodiazepine_Count', 'TLFB_Buprenorphine_Count', 'TLFB_Cocaine_Count', 'TLFB_Heroin_Count', 'TLFB_Methadone_Count', 'TLFB_Opioid_Count', 'TLFB_THC_Count', 'TLFB_Other', 'Homosexual_Behavior', 'Non_monogamous_Relationships']
2024-08-07 12:53:30,629 - INFO - Fitting logistic regression model with the selected features...
2024-08-07 12:53:31,036 - INFO - Model training completed successfully.
2024-08-07 12:53:31,037 - INFO - Calculating the dynamic threshold based on the proportion of positive outcomes...
2024-08-07 12:53:31,037 - INFO - Ratio of 1s to 0s in the outcome variable: 0.55 : 0.45
2024-08-07 12:53:31,037 - INFO - Dynamic threshold set to: 0.552
2024-08-07 12:53:31,037 - INFO - Model trained and saved successfully for subset 8.
2024-08-07 12:53:31,037 - INFO - ---------------------------
2024-08-07 12:53:31,037 - INFO - TRAIN MODEL STAGE COMPLETED FOR SUBSET 8
2024-08-07 12:53:31,037 - INFO - ---------------------------
2024-08-07 12:53:31,037 - INFO - --------------------------------
2024-08-07 12:53:31,038 - INFO - EVALUATE MODEL STAGE STARTING FOR SUBSET 8...
2024-08-07 12:53:31,038 - INFO - --------------------------------
2024-08-07 12:53:31,050 - INFO - ROC AUC Score: 0.6554089026915113
2024-08-07 12:53:31,050 - INFO - Confusion Matrix: 
[[71 41]
 [53 85]]
2024-08-07 12:53:31,050 - INFO - Precision: 0.6746031746031746
2024-08-07 12:53:31,050 - INFO - Recall: 0.6159420289855072
2024-08-07 12:53:31,050 - INFO - Model evaluated successfully for subset 8.
2024-08-07 12:53:31,051 - INFO - ------------------------------
2024-08-07 12:53:31,051 - INFO - EVALUATE MODEL STAGE COMPLETED FOR SUBSET 8
2024-08-07 12:53:31,051 - INFO - ------------------------------
2024-08-07 12:53:31,052 - INFO - Subset 9 demographic makeup: 900 1, 50 3, 32 2, 18 4
2024-08-07 12:53:31,052 - INFO - Processing subset 9...
2024-08-07 12:53:31,052 - INFO - -----------------------------
2024-08-07 12:53:31,052 - INFO - TRAIN MODEL STAGE STARTING FOR SUBSET 9...
2024-08-07 12:53:31,053 - INFO - -----------------------------
2024-08-07 12:53:31,062 - INFO - Scaling features and applying LASSO for feature selection...
2024-08-07 12:53:33,237 - INFO - Selected features (including required): ['who', 'RaceEth', 'age', 'is_female', 'is_hispanic', 'unemployed', 'unstableliving', 'education', 'marital', 'UDS_Amphetamine_Count', 'UDS_Benzodiazepine_Count', 'UDS_Buprenorphine_Count', 'UDS_Cocaine_Count', 'UDS_Methadone_Count', 'UDS_Opioid_Count', 'UDS_Sedatives_Count', 'UDS_Thc_Count', 'pain', 'has_schizophrenia', 'has_major_dep', 'has_bipolar', 'has_anx_pan', 'has_brain_damage', 'has_epilepsy', 'has_opiates_dx', 'has_alcol_dx', 'has_amphetamines_dx', 'has_cannabis_dx', 'has_cocaine_dx', 'has_sedatives_dx', 'ftnd', 'XTRT', 'shared', 'rbsivheroin', 'TLFB_Alcohol_Count', 'TLFB_Amphetamine_Count', 'TLFB_Benzodiazepine_Count', 'TLFB_Buprenorphine_Count', 'TLFB_Cocaine_Count', 'TLFB_Heroin_Count', 'TLFB_Methadone_Count', 'TLFB_Opioid_Count', 'TLFB_THC_Count', 'TLFB_Other', 'Homosexual_Behavior', 'Non_monogamous_Relationships']
2024-08-07 12:53:33,242 - INFO - Fitting logistic regression model with the selected features...
2024-08-07 12:53:33,736 - INFO - Model training completed successfully.
2024-08-07 12:53:33,737 - INFO - Calculating the dynamic threshold based on the proportion of positive outcomes...
2024-08-07 12:53:33,738 - INFO - Ratio of 1s to 0s in the outcome variable: 0.52 : 0.48
2024-08-07 12:53:33,738 - INFO - Dynamic threshold set to: 0.524
2024-08-07 12:53:33,740 - INFO - Model trained and saved successfully for subset 9.
2024-08-07 12:53:33,740 - INFO - ---------------------------
2024-08-07 12:53:33,741 - INFO - TRAIN MODEL STAGE COMPLETED FOR SUBSET 9
2024-08-07 12:53:33,741 - INFO - ---------------------------
2024-08-07 12:53:33,742 - INFO - --------------------------------
2024-08-07 12:53:33,742 - INFO - EVALUATE MODEL STAGE STARTING FOR SUBSET 9...
2024-08-07 12:53:33,742 - INFO - --------------------------------
2024-08-07 12:53:33,775 - INFO - ROC AUC Score: 0.6583488357174931
2024-08-07 12:53:33,777 - INFO - Confusion Matrix: 
[[71 48]
 [49 82]]
2024-08-07 12:53:33,777 - INFO - Precision: 0.6307692307692307
2024-08-07 12:53:33,778 - INFO - Recall: 0.6259541984732825
2024-08-07 12:53:33,779 - INFO - Model evaluated successfully for subset 9.
2024-08-07 12:53:33,779 - INFO - ------------------------------
2024-08-07 12:53:33,780 - INFO - EVALUATE MODEL STAGE COMPLETED FOR SUBSET 9
2024-08-07 12:53:33,780 - INFO - ------------------------------
2024-08-07 12:53:33,781 - INFO - Subset 10 demographic makeup: 950 1, 25 3, 16 2, 9 4
2024-08-07 12:53:33,781 - INFO - Processing subset 10...
2024-08-07 12:53:33,782 - INFO - -----------------------------
2024-08-07 12:53:33,783 - INFO - TRAIN MODEL STAGE STARTING FOR SUBSET 10...
2024-08-07 12:53:33,783 - INFO - -----------------------------
2024-08-07 12:53:33,791 - INFO - Scaling features and applying LASSO for feature selection...
2024-08-07 12:53:35,878 - INFO - Selected features (including required): ['who', 'RaceEth', 'age', 'is_female', 'is_hispanic', 'unemployed', 'unstableliving', 'education', 'marital', 'UDS_Amphetamine_Count', 'UDS_Benzodiazepine_Count', 'UDS_Buprenorphine_Count', 'UDS_Cocaine_Count', 'UDS_Methadone_Count', 'UDS_Opioid_Count', 'UDS_Sedatives_Count', 'UDS_Thc_Count', 'pain', 'has_schizophrenia', 'has_major_dep', 'has_bipolar', 'has_anx_pan', 'has_brain_damage', 'has_epilepsy', 'has_opiates_dx', 'has_alcol_dx', 'has_amphetamines_dx', 'has_cannabis_dx', 'has_cocaine_dx', 'has_sedatives_dx', 'ftnd', 'XTRT', 'shared', 'rbsivheroin', 'TLFB_Alcohol_Count', 'TLFB_Amphetamine_Count', 'TLFB_Benzodiazepine_Count', 'TLFB_Buprenorphine_Count', 'TLFB_Cocaine_Count', 'TLFB_Heroin_Count', 'TLFB_Methadone_Count', 'TLFB_Opioid_Count', 'TLFB_THC_Count', 'TLFB_Other', 'Homosexual_Behavior', 'Non_monogamous_Relationships']
2024-08-07 12:53:35,883 - INFO - Fitting logistic regression model with the selected features...
2024-08-07 12:53:36,335 - INFO - Model training completed successfully.
2024-08-07 12:53:36,335 - INFO - Calculating the dynamic threshold based on the proportion of positive outcomes...
2024-08-07 12:53:36,336 - INFO - Ratio of 1s to 0s in the outcome variable: 0.52 : 0.48
2024-08-07 12:53:36,336 - INFO - Dynamic threshold set to: 0.524
2024-08-07 12:53:36,336 - INFO - Model trained and saved successfully for subset 10.
2024-08-07 12:53:36,336 - INFO - ---------------------------
2024-08-07 12:53:36,336 - INFO - TRAIN MODEL STAGE COMPLETED FOR SUBSET 10
2024-08-07 12:53:36,336 - INFO - ---------------------------
2024-08-07 12:53:36,336 - INFO - --------------------------------
2024-08-07 12:53:36,336 - INFO - EVALUATE MODEL STAGE STARTING FOR SUBSET 10...
2024-08-07 12:53:36,336 - INFO - --------------------------------
2024-08-07 12:53:36,349 - INFO - ROC AUC Score: 0.6199243056001026
2024-08-07 12:53:36,350 - INFO - Confusion Matrix: 
[[59 60]
 [49 82]]
2024-08-07 12:53:36,350 - INFO - Precision: 0.5774647887323944
2024-08-07 12:53:36,350 - INFO - Recall: 0.6259541984732825
2024-08-07 12:53:36,350 - INFO - Model evaluated successfully for subset 10.
2024-08-07 12:53:36,350 - INFO - ------------------------------
2024-08-07 12:53:36,350 - INFO - EVALUATE MODEL STAGE COMPLETED FOR SUBSET 10
2024-08-07 12:53:36,350 - INFO - ------------------------------
2024-08-07 12:53:36,351 - INFO - Subset 11 demographic makeup: 1000 1
2024-08-07 12:53:36,351 - INFO - Processing subset 11...
2024-08-07 12:53:36,352 - INFO - -----------------------------
2024-08-07 12:53:36,352 - INFO - TRAIN MODEL STAGE STARTING FOR SUBSET 11...
2024-08-07 12:53:36,352 - INFO - -----------------------------
2024-08-07 12:53:36,358 - INFO - Scaling features and applying LASSO for feature selection...
2024-08-07 12:53:38,654 - INFO - Selected features (including required): ['who', 'age', 'is_female', 'unemployed', 'unstableliving', 'education', 'marital', 'UDS_Amphetamine_Count', 'UDS_Benzodiazepine_Count', 'UDS_Buprenorphine_Count', 'UDS_Cocaine_Count', 'UDS_Methadone_Count', 'UDS_Opioid_Count', 'UDS_Sedatives_Count', 'UDS_Thc_Count', 'pain', 'has_schizophrenia', 'has_major_dep', 'has_bipolar', 'has_anx_pan', 'has_brain_damage', 'has_epilepsy', 'has_opiates_dx', 'has_alcol_dx', 'has_amphetamines_dx', 'has_cannabis_dx', 'has_cocaine_dx', 'has_sedatives_dx', 'ftnd', 'XTRT', 'shared', 'rbsivheroin', 'TLFB_Alcohol_Count', 'TLFB_Amphetamine_Count', 'TLFB_Benzodiazepine_Count', 'TLFB_Buprenorphine_Count', 'TLFB_Cocaine_Count', 'TLFB_Heroin_Count', 'TLFB_Methadone_Count', 'TLFB_Opioid_Count', 'TLFB_THC_Count', 'TLFB_Other', 'Homosexual_Behavior', 'Non_monogamous_Relationships']
2024-08-07 12:53:38,659 - INFO - Fitting logistic regression model with the selected features...
2024-08-07 12:53:39,091 - INFO - Model training completed successfully.
2024-08-07 12:53:39,091 - INFO - Calculating the dynamic threshold based on the proportion of positive outcomes...
2024-08-07 12:53:39,091 - INFO - Ratio of 1s to 0s in the outcome variable: 0.54 : 0.46
2024-08-07 12:53:39,091 - INFO - Dynamic threshold set to: 0.544
2024-08-07 12:53:39,091 - INFO - Model trained and saved successfully for subset 11.
2024-08-07 12:53:39,091 - INFO - ---------------------------
2024-08-07 12:53:39,091 - INFO - TRAIN MODEL STAGE COMPLETED FOR SUBSET 11
2024-08-07 12:53:39,092 - INFO - ---------------------------
2024-08-07 12:53:39,092 - INFO - --------------------------------
2024-08-07 12:53:39,092 - INFO - EVALUATE MODEL STAGE STARTING FOR SUBSET 11...
2024-08-07 12:53:39,092 - INFO - --------------------------------
2024-08-07 12:53:39,104 - INFO - ROC AUC Score: 0.6741486068111455
2024-08-07 12:53:39,109 - INFO - Confusion Matrix: 
[[67 47]
 [50 86]]
2024-08-07 12:53:39,109 - INFO - Precision: 0.6466165413533834
2024-08-07 12:53:39,109 - INFO - Recall: 0.6323529411764706
2024-08-07 12:53:39,110 - INFO - Model evaluated successfully for subset 11.
2024-08-07 12:53:39,110 - INFO - ------------------------------
2024-08-07 12:53:39,110 - INFO - EVALUATE MODEL STAGE COMPLETED FOR SUBSET 11
2024-08-07 12:53:39,110 - INFO - ------------------------------
2024-08-07 12:53:39,110 - INFO - ------------------
2024-08-07 12:53:39,110 - INFO - PIPELINE COMPLETED
2024-08-07 12:53:39,110 - INFO - ------------------
