2024-08-07 12:35:56,530 - INFO - Global Seed set to: 4
2024-08-07 12:35:56,530 - INFO - Outcome Name: Rd_kostenB_1993
2024-08-07 12:35:56,591 - INFO - Datasets loaded successfully.
2024-08-07 12:35:56,615 - INFO - Starting preprocessing of the merged dataset...
2024-08-07 12:35:56,615 - INFO - ---------------------------------
2024-08-07 12:35:56,615 - INFO - PRE-PROCESSING STAGE STARTING...
2024-08-07 12:35:56,615 - INFO - ---------------------------------
2024-08-07 12:35:56,726 - INFO - Dropped initial columns: ['pain_when', 'is_smoker', 'per_day', 'max', 'amount', 'depression', 'anxiety', 'schizophrenia', 'max', 'amount', 'cocaine_inject_days', 'speedball_inject_days', 'opioid_inject_days', 'speed_inject_days', 'UDS_Alcohol_Count', 'UDS_Mdma/Hallucinogen_Count']
2024-08-07 12:35:56,771 - INFO - Converted Yes/No to binary.
2024-08-07 12:35:56,801 - INFO - Processed TLFB columns with specified columns: ['TLFB_Alcohol_Count', 'TLFB_Amphetamine_Count', 'TLFB_Cocaine_Count', 'TLFB_Heroin_Count', 'TLFB_Benzodiazepine_Count', 'TLFB_Opioid_Count', 'TLFB_THC_Count', 'TLFB_Methadone_Count', 'TLFB_Buprenorphine_Count']
2024-08-07 12:35:56,808 - INFO - Calculated behavioral columns.
2024-08-07 12:35:56,810 - INFO - Moved 'Rd_kostenB_1993' column to the end.
2024-08-07 12:35:56,931 - INFO - Dropped initial columns: ['msm_npt', 'msm_frq', 'txx_prt']
2024-08-07 12:35:57,034 - INFO - transform_data_with_nan_handling success
2024-08-07 12:35:57,035 - INFO - Renamed columns according to the mapping.
2024-08-07 12:35:57,072 - INFO - Transformed NaN to 0 for binary columns.
2024-08-07 12:35:57,073 - INFO - Transformed and renamed 'heroin_inject_days' column to 'rbsivheroin'.
2024-08-07 12:35:57,075 - INFO - Filled NaN with 0 for 'ftnd' column.
2024-08-07 12:35:57,341 - INFO - Dropped additional columns: ['rbs_iv_days', 'race', 'RBS_cocaine_Days', 'RBS_heroin_Days', 'RBS_opioid_Days', 'RBS_speed_Days', 'RBS_speedball_Days']
2024-08-07 12:35:57,355 - INFO - Converted UDS drug counts to binary.
2024-08-07 12:35:57,456 - INFO - ------------------------------
2024-08-07 12:35:57,457 - INFO - PRE-PROCESSING STAGE COMPLETED
2024-08-07 12:35:57,457 - INFO - ------------------------------
2024-08-07 12:35:57,458 - INFO - Merged dataset preprocessed successfully.
2024-08-07 12:35:57,458 - INFO - Creating demographic subsets from preprocessed data...
2024-08-07 12:36:12,765 - INFO - Created 11 subsets successfully.
2024-08-07 12:36:12,765 - INFO - Creating merged subsets from create_demographics_dfs function
2024-08-07 12:36:13,116 - INFO - Created 11 merged subsets successfully.
2024-08-07 12:36:13,125 - INFO - Subset 1 demographic makeup: 500 1, 248 3, 153 2, 99 4
2024-08-07 12:36:13,125 - INFO - Processing subset 1...
2024-08-07 12:36:13,125 - INFO - -----------------------------
2024-08-07 12:36:13,125 - INFO - TRAIN MODEL STAGE STARTING FOR SUBSET 1...
2024-08-07 12:36:13,133 - INFO - -----------------------------
2024-08-07 12:36:13,141 - INFO - Scaling features and applying LASSO for feature selection...
2024-08-07 12:36:15,067 - INFO - Selected features (including required): ['who', 'RaceEth', 'age', 'is_female', 'is_hispanic', 'unemployed', 'unstableliving', 'education', 'marital', 'UDS_Amphetamine_Count', 'UDS_Benzodiazepine_Count', 'UDS_Buprenorphine_Count', 'UDS_Cocaine_Count', 'UDS_Methadone_Count', 'UDS_Opioid_Count', 'UDS_Sedatives_Count', 'UDS_Thc_Count', 'pain', 'has_schizophrenia', 'has_major_dep', 'has_bipolar', 'has_anx_pan', 'has_brain_damage', 'has_epilepsy', 'has_opiates_dx', 'has_alcol_dx', 'has_amphetamines_dx', 'has_cannabis_dx', 'has_cocaine_dx', 'has_sedatives_dx', 'ftnd', 'XTRT', 'shared', 'rbsivheroin', 'TLFB_Alcohol_Count', 'TLFB_Amphetamine_Count', 'TLFB_Benzodiazepine_Count', 'TLFB_Buprenorphine_Count', 'TLFB_Cocaine_Count', 'TLFB_Heroin_Count', 'TLFB_Methadone_Count', 'TLFB_Opioid_Count', 'TLFB_THC_Count', 'TLFB_Other', 'Homosexual_Behavior', 'Non_monogamous_Relationships']
2024-08-07 12:36:15,072 - INFO - Fitting logistic regression model with the selected features...
2024-08-07 12:36:15,513 - INFO - Model training completed successfully.
2024-08-07 12:36:15,513 - INFO - Calculating the dynamic threshold based on the proportion of positive outcomes...
2024-08-07 12:36:15,514 - INFO - Ratio of 1s to 0s in the outcome variable: 0.43 : 0.57
2024-08-07 12:36:15,514 - INFO - Dynamic threshold set to: 0.428
2024-08-07 12:36:15,514 - INFO - Model trained and saved successfully for subset 1.
2024-08-07 12:36:15,514 - INFO - ---------------------------
2024-08-07 12:36:15,514 - INFO - TRAIN MODEL STAGE COMPLETED FOR SUBSET 1
2024-08-07 12:36:15,514 - INFO - ---------------------------
2024-08-07 12:36:15,514 - INFO - --------------------------------
2024-08-07 12:36:15,514 - INFO - EVALUATE MODEL STAGE STARTING FOR SUBSET 1...
2024-08-07 12:36:15,514 - INFO - --------------------------------
2024-08-07 12:36:15,535 - INFO - ROC AUC Score: 0.6540095418600089
2024-08-07 12:36:15,535 - INFO - Confusion Matrix: 
[[75 68]
 [25 82]]
2024-08-07 12:36:15,535 - INFO - Precision: 0.5466666666666666
2024-08-07 12:36:15,535 - INFO - Recall: 0.7663551401869159
2024-08-07 12:36:15,535 - INFO - Model evaluated successfully for subset 1.
2024-08-07 12:36:15,535 - INFO - ------------------------------
2024-08-07 12:36:15,535 - INFO - EVALUATE MODEL STAGE COMPLETED FOR SUBSET 1
2024-08-07 12:36:15,535 - INFO - ------------------------------
2024-08-07 12:36:15,536 - INFO - Subset 2 demographic makeup: 550 1, 221 3, 140 2, 89 4
2024-08-07 12:36:15,536 - INFO - Processing subset 2...
2024-08-07 12:36:15,536 - INFO - -----------------------------
2024-08-07 12:36:15,537 - INFO - TRAIN MODEL STAGE STARTING FOR SUBSET 2...
2024-08-07 12:36:15,537 - INFO - -----------------------------
2024-08-07 12:36:15,548 - INFO - Scaling features and applying LASSO for feature selection...
2024-08-07 12:36:17,447 - INFO - Selected features (including required): ['who', 'RaceEth', 'age', 'is_female', 'is_hispanic', 'unemployed', 'unstableliving', 'education', 'marital', 'UDS_Amphetamine_Count', 'UDS_Benzodiazepine_Count', 'UDS_Buprenorphine_Count', 'UDS_Cocaine_Count', 'UDS_Methadone_Count', 'UDS_Opioid_Count', 'UDS_Sedatives_Count', 'UDS_Thc_Count', 'pain', 'has_schizophrenia', 'has_major_dep', 'has_bipolar', 'has_anx_pan', 'has_brain_damage', 'has_epilepsy', 'has_opiates_dx', 'has_alcol_dx', 'has_amphetamines_dx', 'has_cannabis_dx', 'has_cocaine_dx', 'has_sedatives_dx', 'ftnd', 'XTRT', 'shared', 'rbsivheroin', 'TLFB_Alcohol_Count', 'TLFB_Amphetamine_Count', 'TLFB_Benzodiazepine_Count', 'TLFB_Buprenorphine_Count', 'TLFB_Cocaine_Count', 'TLFB_Heroin_Count', 'TLFB_Methadone_Count', 'TLFB_Opioid_Count', 'TLFB_THC_Count', 'TLFB_Other', 'Homosexual_Behavior', 'Non_monogamous_Relationships']
2024-08-07 12:36:17,454 - INFO - Fitting logistic regression model with the selected features...
2024-08-07 12:36:17,940 - INFO - Model training completed successfully.
2024-08-07 12:36:17,940 - INFO - Calculating the dynamic threshold based on the proportion of positive outcomes...
2024-08-07 12:36:17,940 - INFO - Ratio of 1s to 0s in the outcome variable: 0.48 : 0.52
2024-08-07 12:36:17,940 - INFO - Dynamic threshold set to: 0.48
2024-08-07 12:36:17,940 - INFO - Model trained and saved successfully for subset 2.
2024-08-07 12:36:17,941 - INFO - ---------------------------
2024-08-07 12:36:17,941 - INFO - TRAIN MODEL STAGE COMPLETED FOR SUBSET 2
2024-08-07 12:36:17,941 - INFO - ---------------------------
2024-08-07 12:36:17,941 - INFO - --------------------------------
2024-08-07 12:36:17,941 - INFO - EVALUATE MODEL STAGE STARTING FOR SUBSET 2...
2024-08-07 12:36:17,941 - INFO - --------------------------------
2024-08-07 12:36:17,957 - INFO - ROC AUC Score: 0.6501282051282051
2024-08-07 12:36:17,958 - INFO - Confusion Matrix: 
[[66 64]
 [34 86]]
2024-08-07 12:36:17,958 - INFO - Precision: 0.5733333333333334
2024-08-07 12:36:17,958 - INFO - Recall: 0.7166666666666667
2024-08-07 12:36:17,958 - INFO - Model evaluated successfully for subset 2.
2024-08-07 12:36:17,958 - INFO - ------------------------------
2024-08-07 12:36:17,959 - INFO - EVALUATE MODEL STAGE COMPLETED FOR SUBSET 2
2024-08-07 12:36:17,959 - INFO - ------------------------------
2024-08-07 12:36:17,960 - INFO - Subset 3 demographic makeup: 600 1, 195 3, 123 2, 82 4
2024-08-07 12:36:17,960 - INFO - Processing subset 3...
2024-08-07 12:36:17,960 - INFO - -----------------------------
2024-08-07 12:36:17,960 - INFO - TRAIN MODEL STAGE STARTING FOR SUBSET 3...
2024-08-07 12:36:17,960 - INFO - -----------------------------
2024-08-07 12:36:17,969 - INFO - Scaling features and applying LASSO for feature selection...
2024-08-07 12:36:20,645 - INFO - Selected features (including required): ['who', 'RaceEth', 'age', 'is_female', 'is_hispanic', 'unemployed', 'unstableliving', 'education', 'marital', 'UDS_Amphetamine_Count', 'UDS_Benzodiazepine_Count', 'UDS_Buprenorphine_Count', 'UDS_Cocaine_Count', 'UDS_Methadone_Count', 'UDS_Opioid_Count', 'UDS_Sedatives_Count', 'UDS_Thc_Count', 'pain', 'has_schizophrenia', 'has_major_dep', 'has_bipolar', 'has_anx_pan', 'has_brain_damage', 'has_epilepsy', 'has_opiates_dx', 'has_alcol_dx', 'has_amphetamines_dx', 'has_cannabis_dx', 'has_cocaine_dx', 'has_sedatives_dx', 'ftnd', 'XTRT', 'shared', 'rbsivheroin', 'TLFB_Alcohol_Count', 'TLFB_Amphetamine_Count', 'TLFB_Benzodiazepine_Count', 'TLFB_Buprenorphine_Count', 'TLFB_Cocaine_Count', 'TLFB_Heroin_Count', 'TLFB_Methadone_Count', 'TLFB_Opioid_Count', 'TLFB_THC_Count', 'TLFB_Other', 'Homosexual_Behavior', 'Non_monogamous_Relationships']
2024-08-07 12:36:20,668 - INFO - Fitting logistic regression model with the selected features...
2024-08-07 12:36:21,447 - INFO - Model training completed successfully.
2024-08-07 12:36:21,447 - INFO - Calculating the dynamic threshold based on the proportion of positive outcomes...
2024-08-07 12:36:21,449 - INFO - Ratio of 1s to 0s in the outcome variable: 0.54 : 0.46
2024-08-07 12:36:21,450 - INFO - Dynamic threshold set to: 0.536
2024-08-07 12:36:21,451 - INFO - Model trained and saved successfully for subset 3.
2024-08-07 12:36:21,452 - INFO - ---------------------------
2024-08-07 12:36:21,454 - INFO - TRAIN MODEL STAGE COMPLETED FOR SUBSET 3
2024-08-07 12:36:21,456 - INFO - ---------------------------
2024-08-07 12:36:21,457 - INFO - --------------------------------
2024-08-07 12:36:21,457 - INFO - EVALUATE MODEL STAGE STARTING FOR SUBSET 3...
2024-08-07 12:36:21,457 - INFO - --------------------------------
2024-08-07 12:36:21,507 - INFO - ROC AUC Score: 0.6744724652599073
2024-08-07 12:36:21,508 - INFO - Confusion Matrix: 
[[81 35]
 [59 75]]
2024-08-07 12:36:21,508 - INFO - Precision: 0.6818181818181818
2024-08-07 12:36:21,509 - INFO - Recall: 0.5597014925373134
2024-08-07 12:36:21,509 - INFO - Model evaluated successfully for subset 3.
2024-08-07 12:36:21,509 - INFO - ------------------------------
2024-08-07 12:36:21,510 - INFO - EVALUATE MODEL STAGE COMPLETED FOR SUBSET 3
2024-08-07 12:36:21,511 - INFO - ------------------------------
2024-08-07 12:36:21,515 - INFO - Subset 4 demographic makeup: 650 1, 169 3, 108 2, 73 4
2024-08-07 12:36:21,515 - INFO - Processing subset 4...
2024-08-07 12:36:21,516 - INFO - -----------------------------
2024-08-07 12:36:21,516 - INFO - TRAIN MODEL STAGE STARTING FOR SUBSET 4...
2024-08-07 12:36:21,517 - INFO - -----------------------------
2024-08-07 12:36:21,532 - INFO - Scaling features and applying LASSO for feature selection...
2024-08-07 12:36:23,230 - INFO - Selected features (including required): ['who', 'RaceEth', 'age', 'is_female', 'is_hispanic', 'unemployed', 'unstableliving', 'education', 'marital', 'UDS_Amphetamine_Count', 'UDS_Benzodiazepine_Count', 'UDS_Buprenorphine_Count', 'UDS_Cocaine_Count', 'UDS_Methadone_Count', 'UDS_Opioid_Count', 'UDS_Sedatives_Count', 'UDS_Thc_Count', 'pain', 'has_schizophrenia', 'has_major_dep', 'has_bipolar', 'has_anx_pan', 'has_brain_damage', 'has_epilepsy', 'has_opiates_dx', 'has_alcol_dx', 'has_amphetamines_dx', 'has_cannabis_dx', 'has_cocaine_dx', 'has_sedatives_dx', 'ftnd', 'XTRT', 'shared', 'rbsivheroin', 'TLFB_Alcohol_Count', 'TLFB_Amphetamine_Count', 'TLFB_Benzodiazepine_Count', 'TLFB_Buprenorphine_Count', 'TLFB_Cocaine_Count', 'TLFB_Heroin_Count', 'TLFB_Methadone_Count', 'TLFB_Opioid_Count', 'TLFB_THC_Count', 'TLFB_Other', 'Homosexual_Behavior', 'Non_monogamous_Relationships']
2024-08-07 12:36:23,234 - INFO - Fitting logistic regression model with the selected features...
2024-08-07 12:36:23,659 - INFO - Model training completed successfully.
2024-08-07 12:36:23,660 - INFO - Calculating the dynamic threshold based on the proportion of positive outcomes...
2024-08-07 12:36:23,660 - INFO - Ratio of 1s to 0s in the outcome variable: 0.56 : 0.44
2024-08-07 12:36:23,660 - INFO - Dynamic threshold set to: 0.556
2024-08-07 12:36:23,660 - INFO - Model trained and saved successfully for subset 4.
2024-08-07 12:36:23,660 - INFO - ---------------------------
2024-08-07 12:36:23,660 - INFO - TRAIN MODEL STAGE COMPLETED FOR SUBSET 4
2024-08-07 12:36:23,660 - INFO - ---------------------------
2024-08-07 12:36:23,660 - INFO - --------------------------------
2024-08-07 12:36:23,660 - INFO - EVALUATE MODEL STAGE STARTING FOR SUBSET 4...
2024-08-07 12:36:23,660 - INFO - --------------------------------
2024-08-07 12:36:23,672 - INFO - ROC AUC Score: 0.6677684879123728
2024-08-07 12:36:23,673 - INFO - Confusion Matrix: 
[[78 33]
 [74 65]]
2024-08-07 12:36:23,675 - INFO - Precision: 0.6632653061224489
2024-08-07 12:36:23,675 - INFO - Recall: 0.4676258992805755
2024-08-07 12:36:23,675 - INFO - Model evaluated successfully for subset 4.
2024-08-07 12:36:23,675 - INFO - ------------------------------
2024-08-07 12:36:23,675 - INFO - EVALUATE MODEL STAGE COMPLETED FOR SUBSET 4
2024-08-07 12:36:23,675 - INFO - ------------------------------
2024-08-07 12:36:23,677 - INFO - Subset 5 demographic makeup: 700 1, 145 3, 93 2, 62 4
2024-08-07 12:36:23,677 - INFO - Processing subset 5...
2024-08-07 12:36:23,677 - INFO - -----------------------------
2024-08-07 12:36:23,677 - INFO - TRAIN MODEL STAGE STARTING FOR SUBSET 5...
2024-08-07 12:36:23,678 - INFO - -----------------------------
2024-08-07 12:36:23,684 - INFO - Scaling features and applying LASSO for feature selection...
2024-08-07 12:36:25,722 - INFO - Selected features (including required): ['who', 'RaceEth', 'age', 'is_female', 'is_hispanic', 'unemployed', 'unstableliving', 'education', 'marital', 'UDS_Amphetamine_Count', 'UDS_Benzodiazepine_Count', 'UDS_Buprenorphine_Count', 'UDS_Cocaine_Count', 'UDS_Methadone_Count', 'UDS_Opioid_Count', 'UDS_Sedatives_Count', 'UDS_Thc_Count', 'pain', 'has_schizophrenia', 'has_major_dep', 'has_bipolar', 'has_anx_pan', 'has_brain_damage', 'has_epilepsy', 'has_opiates_dx', 'has_alcol_dx', 'has_amphetamines_dx', 'has_cannabis_dx', 'has_cocaine_dx', 'has_sedatives_dx', 'ftnd', 'XTRT', 'shared', 'rbsivheroin', 'TLFB_Alcohol_Count', 'TLFB_Amphetamine_Count', 'TLFB_Benzodiazepine_Count', 'TLFB_Buprenorphine_Count', 'TLFB_Cocaine_Count', 'TLFB_Heroin_Count', 'TLFB_Methadone_Count', 'TLFB_Opioid_Count', 'TLFB_THC_Count', 'TLFB_Other', 'Homosexual_Behavior', 'Non_monogamous_Relationships']
2024-08-07 12:36:25,727 - INFO - Fitting logistic regression model with the selected features...
2024-08-07 12:36:26,185 - INFO - Model training completed successfully.
2024-08-07 12:36:26,186 - INFO - Calculating the dynamic threshold based on the proportion of positive outcomes...
2024-08-07 12:36:26,187 - INFO - Ratio of 1s to 0s in the outcome variable: 0.48 : 0.52
2024-08-07 12:36:26,187 - INFO - Dynamic threshold set to: 0.48
2024-08-07 12:36:26,187 - INFO - Model trained and saved successfully for subset 5.
2024-08-07 12:36:26,188 - INFO - ---------------------------
2024-08-07 12:36:26,189 - INFO - TRAIN MODEL STAGE COMPLETED FOR SUBSET 5
2024-08-07 12:36:26,193 - INFO - ---------------------------
2024-08-07 12:36:26,193 - INFO - --------------------------------
2024-08-07 12:36:26,194 - INFO - EVALUATE MODEL STAGE STARTING FOR SUBSET 5...
2024-08-07 12:36:26,195 - INFO - --------------------------------
2024-08-07 12:36:26,216 - INFO - ROC AUC Score: 0.6412179487179487
2024-08-07 12:36:26,217 - INFO - Confusion Matrix: 
[[56 74]
 [30 90]]
2024-08-07 12:36:26,218 - INFO - Precision: 0.5487804878048781
2024-08-07 12:36:26,218 - INFO - Recall: 0.75
2024-08-07 12:36:26,219 - INFO - Model evaluated successfully for subset 5.
2024-08-07 12:36:26,219 - INFO - ------------------------------
2024-08-07 12:36:26,219 - INFO - EVALUATE MODEL STAGE COMPLETED FOR SUBSET 5
2024-08-07 12:36:26,220 - INFO - ------------------------------
2024-08-07 12:36:26,224 - INFO - Subset 6 demographic makeup: 750 1, 126 3, 73 2, 51 4
2024-08-07 12:36:26,226 - INFO - Processing subset 6...
2024-08-07 12:36:26,227 - INFO - -----------------------------
2024-08-07 12:36:26,228 - INFO - TRAIN MODEL STAGE STARTING FOR SUBSET 6...
2024-08-07 12:36:26,229 - INFO - -----------------------------
2024-08-07 12:36:26,237 - INFO - Scaling features and applying LASSO for feature selection...
2024-08-07 12:36:28,162 - INFO - Selected features (including required): ['who', 'RaceEth', 'age', 'is_female', 'is_hispanic', 'unemployed', 'unstableliving', 'education', 'marital', 'UDS_Amphetamine_Count', 'UDS_Benzodiazepine_Count', 'UDS_Buprenorphine_Count', 'UDS_Cocaine_Count', 'UDS_Methadone_Count', 'UDS_Opioid_Count', 'UDS_Sedatives_Count', 'UDS_Thc_Count', 'pain', 'has_schizophrenia', 'has_major_dep', 'has_bipolar', 'has_anx_pan', 'has_brain_damage', 'has_epilepsy', 'has_opiates_dx', 'has_alcol_dx', 'has_amphetamines_dx', 'has_cannabis_dx', 'has_cocaine_dx', 'has_sedatives_dx', 'ftnd', 'XTRT', 'shared', 'rbsivheroin', 'TLFB_Alcohol_Count', 'TLFB_Amphetamine_Count', 'TLFB_Benzodiazepine_Count', 'TLFB_Buprenorphine_Count', 'TLFB_Cocaine_Count', 'TLFB_Heroin_Count', 'TLFB_Methadone_Count', 'TLFB_Opioid_Count', 'TLFB_THC_Count', 'TLFB_Other', 'Homosexual_Behavior', 'Non_monogamous_Relationships']
2024-08-07 12:36:28,167 - INFO - Fitting logistic regression model with the selected features...
2024-08-07 12:36:28,732 - INFO - Model training completed successfully.
2024-08-07 12:36:28,732 - INFO - Calculating the dynamic threshold based on the proportion of positive outcomes...
2024-08-07 12:36:28,732 - INFO - Ratio of 1s to 0s in the outcome variable: 0.50 : 0.50
2024-08-07 12:36:28,732 - INFO - Dynamic threshold set to: 0.504
2024-08-07 12:36:28,732 - INFO - Model trained and saved successfully for subset 6.
2024-08-07 12:36:28,732 - INFO - ---------------------------
2024-08-07 12:36:28,732 - INFO - TRAIN MODEL STAGE COMPLETED FOR SUBSET 6
2024-08-07 12:36:28,733 - INFO - ---------------------------
2024-08-07 12:36:28,733 - INFO - --------------------------------
2024-08-07 12:36:28,733 - INFO - EVALUATE MODEL STAGE STARTING FOR SUBSET 6...
2024-08-07 12:36:28,733 - INFO - --------------------------------
2024-08-07 12:36:28,751 - INFO - ROC AUC Score: 0.6296082949308756
2024-08-07 12:36:28,752 - INFO - Confusion Matrix: 
[[61 63]
 [47 79]]
2024-08-07 12:36:28,752 - INFO - Precision: 0.5563380281690141
2024-08-07 12:36:28,752 - INFO - Recall: 0.626984126984127
2024-08-07 12:36:28,752 - INFO - Model evaluated successfully for subset 6.
2024-08-07 12:36:28,752 - INFO - ------------------------------
2024-08-07 12:36:28,752 - INFO - EVALUATE MODEL STAGE COMPLETED FOR SUBSET 6
2024-08-07 12:36:28,752 - INFO - ------------------------------
2024-08-07 12:36:28,753 - INFO - Subset 7 demographic makeup: 800 1, 104 3, 59 2, 37 4
2024-08-07 12:36:28,754 - INFO - Processing subset 7...
2024-08-07 12:36:28,755 - INFO - -----------------------------
2024-08-07 12:36:28,755 - INFO - TRAIN MODEL STAGE STARTING FOR SUBSET 7...
2024-08-07 12:36:28,755 - INFO - -----------------------------
2024-08-07 12:36:28,761 - INFO - Scaling features and applying LASSO for feature selection...
2024-08-07 12:36:31,961 - INFO - Selected features (including required): ['who', 'RaceEth', 'age', 'is_female', 'is_hispanic', 'unemployed', 'unstableliving', 'education', 'marital', 'UDS_Amphetamine_Count', 'UDS_Benzodiazepine_Count', 'UDS_Buprenorphine_Count', 'UDS_Cocaine_Count', 'UDS_Methadone_Count', 'UDS_Opioid_Count', 'UDS_Sedatives_Count', 'UDS_Thc_Count', 'pain', 'has_schizophrenia', 'has_major_dep', 'has_bipolar', 'has_anx_pan', 'has_brain_damage', 'has_epilepsy', 'has_opiates_dx', 'has_alcol_dx', 'has_amphetamines_dx', 'has_cannabis_dx', 'has_cocaine_dx', 'has_sedatives_dx', 'ftnd', 'XTRT', 'shared', 'rbsivheroin', 'TLFB_Alcohol_Count', 'TLFB_Amphetamine_Count', 'TLFB_Benzodiazepine_Count', 'TLFB_Buprenorphine_Count', 'TLFB_Cocaine_Count', 'TLFB_Heroin_Count', 'TLFB_Methadone_Count', 'TLFB_Opioid_Count', 'TLFB_THC_Count', 'TLFB_Other', 'Homosexual_Behavior', 'Non_monogamous_Relationships']
2024-08-07 12:36:31,966 - INFO - Fitting logistic regression model with the selected features...
2024-08-07 12:36:32,805 - INFO - Model training completed successfully.
2024-08-07 12:36:32,805 - INFO - Calculating the dynamic threshold based on the proportion of positive outcomes...
2024-08-07 12:36:32,805 - INFO - Ratio of 1s to 0s in the outcome variable: 0.47 : 0.53
2024-08-07 12:36:32,805 - INFO - Dynamic threshold set to: 0.472
2024-08-07 12:36:32,805 - INFO - Model trained and saved successfully for subset 7.
2024-08-07 12:36:32,805 - INFO - ---------------------------
2024-08-07 12:36:32,805 - INFO - TRAIN MODEL STAGE COMPLETED FOR SUBSET 7
2024-08-07 12:36:32,806 - INFO - ---------------------------
2024-08-07 12:36:32,806 - INFO - --------------------------------
2024-08-07 12:36:32,806 - INFO - EVALUATE MODEL STAGE STARTING FOR SUBSET 7...
2024-08-07 12:36:32,806 - INFO - --------------------------------
2024-08-07 12:36:32,819 - INFO - ROC AUC Score: 0.6438751926040062
2024-08-07 12:36:32,820 - INFO - Confusion Matrix: 
[[57 75]
 [27 91]]
2024-08-07 12:36:32,820 - INFO - Precision: 0.5481927710843374
2024-08-07 12:36:32,820 - INFO - Recall: 0.7711864406779662
2024-08-07 12:36:32,820 - INFO - Model evaluated successfully for subset 7.
2024-08-07 12:36:32,820 - INFO - ------------------------------
2024-08-07 12:36:32,820 - INFO - EVALUATE MODEL STAGE COMPLETED FOR SUBSET 7
2024-08-07 12:36:32,820 - INFO - ------------------------------
2024-08-07 12:36:32,821 - INFO - Subset 8 demographic makeup: 850 1, 77 3, 46 2, 27 4
2024-08-07 12:36:32,821 - INFO - Processing subset 8...
2024-08-07 12:36:32,821 - INFO - -----------------------------
2024-08-07 12:36:32,821 - INFO - TRAIN MODEL STAGE STARTING FOR SUBSET 8...
2024-08-07 12:36:32,821 - INFO - -----------------------------
2024-08-07 12:36:32,830 - INFO - Scaling features and applying LASSO for feature selection...
2024-08-07 12:36:34,863 - INFO - Selected features (including required): ['who', 'RaceEth', 'age', 'is_female', 'is_hispanic', 'unemployed', 'unstableliving', 'education', 'marital', 'UDS_Amphetamine_Count', 'UDS_Benzodiazepine_Count', 'UDS_Buprenorphine_Count', 'UDS_Cocaine_Count', 'UDS_Methadone_Count', 'UDS_Opioid_Count', 'UDS_Sedatives_Count', 'UDS_Thc_Count', 'pain', 'has_schizophrenia', 'has_major_dep', 'has_bipolar', 'has_anx_pan', 'has_brain_damage', 'has_epilepsy', 'has_opiates_dx', 'has_alcol_dx', 'has_amphetamines_dx', 'has_cannabis_dx', 'has_cocaine_dx', 'has_sedatives_dx', 'ftnd', 'XTRT', 'shared', 'rbsivheroin', 'TLFB_Alcohol_Count', 'TLFB_Amphetamine_Count', 'TLFB_Benzodiazepine_Count', 'TLFB_Buprenorphine_Count', 'TLFB_Cocaine_Count', 'TLFB_Heroin_Count', 'TLFB_Methadone_Count', 'TLFB_Opioid_Count', 'TLFB_THC_Count', 'TLFB_Other', 'Homosexual_Behavior', 'Non_monogamous_Relationships']
2024-08-07 12:36:34,868 - INFO - Fitting logistic regression model with the selected features...
2024-08-07 12:36:35,275 - INFO - Model training completed successfully.
2024-08-07 12:36:35,275 - INFO - Calculating the dynamic threshold based on the proportion of positive outcomes...
2024-08-07 12:36:35,276 - INFO - Ratio of 1s to 0s in the outcome variable: 0.55 : 0.45
2024-08-07 12:36:35,276 - INFO - Dynamic threshold set to: 0.552
2024-08-07 12:36:35,276 - INFO - Model trained and saved successfully for subset 8.
2024-08-07 12:36:35,276 - INFO - ---------------------------
2024-08-07 12:36:35,276 - INFO - TRAIN MODEL STAGE COMPLETED FOR SUBSET 8
2024-08-07 12:36:35,276 - INFO - ---------------------------
2024-08-07 12:36:35,276 - INFO - --------------------------------
2024-08-07 12:36:35,277 - INFO - EVALUATE MODEL STAGE STARTING FOR SUBSET 8...
2024-08-07 12:36:35,277 - INFO - --------------------------------
2024-08-07 12:36:35,289 - INFO - ROC AUC Score: 0.6554089026915113
2024-08-07 12:36:35,289 - INFO - Confusion Matrix: 
[[71 41]
 [53 85]]
2024-08-07 12:36:35,289 - INFO - Precision: 0.6746031746031746
2024-08-07 12:36:35,289 - INFO - Recall: 0.6159420289855072
2024-08-07 12:36:35,289 - INFO - Model evaluated successfully for subset 8.
2024-08-07 12:36:35,289 - INFO - ------------------------------
2024-08-07 12:36:35,290 - INFO - EVALUATE MODEL STAGE COMPLETED FOR SUBSET 8
2024-08-07 12:36:35,290 - INFO - ------------------------------
2024-08-07 12:36:35,291 - INFO - Subset 9 demographic makeup: 900 1, 50 3, 32 2, 18 4
2024-08-07 12:36:35,291 - INFO - Processing subset 9...
2024-08-07 12:36:35,291 - INFO - -----------------------------
2024-08-07 12:36:35,291 - INFO - TRAIN MODEL STAGE STARTING FOR SUBSET 9...
2024-08-07 12:36:35,291 - INFO - -----------------------------
2024-08-07 12:36:35,301 - INFO - Scaling features and applying LASSO for feature selection...
2024-08-07 12:36:37,402 - INFO - Selected features (including required): ['who', 'RaceEth', 'age', 'is_female', 'is_hispanic', 'unemployed', 'unstableliving', 'education', 'marital', 'UDS_Amphetamine_Count', 'UDS_Benzodiazepine_Count', 'UDS_Buprenorphine_Count', 'UDS_Cocaine_Count', 'UDS_Methadone_Count', 'UDS_Opioid_Count', 'UDS_Sedatives_Count', 'UDS_Thc_Count', 'pain', 'has_schizophrenia', 'has_major_dep', 'has_bipolar', 'has_anx_pan', 'has_brain_damage', 'has_epilepsy', 'has_opiates_dx', 'has_alcol_dx', 'has_amphetamines_dx', 'has_cannabis_dx', 'has_cocaine_dx', 'has_sedatives_dx', 'ftnd', 'XTRT', 'shared', 'rbsivheroin', 'TLFB_Alcohol_Count', 'TLFB_Amphetamine_Count', 'TLFB_Benzodiazepine_Count', 'TLFB_Buprenorphine_Count', 'TLFB_Cocaine_Count', 'TLFB_Heroin_Count', 'TLFB_Methadone_Count', 'TLFB_Opioid_Count', 'TLFB_THC_Count', 'TLFB_Other', 'Homosexual_Behavior', 'Non_monogamous_Relationships']
2024-08-07 12:36:37,407 - INFO - Fitting logistic regression model with the selected features...
2024-08-07 12:36:37,902 - INFO - Model training completed successfully.
2024-08-07 12:36:37,902 - INFO - Calculating the dynamic threshold based on the proportion of positive outcomes...
2024-08-07 12:36:37,903 - INFO - Ratio of 1s to 0s in the outcome variable: 0.52 : 0.48
2024-08-07 12:36:37,903 - INFO - Dynamic threshold set to: 0.524
2024-08-07 12:36:37,903 - INFO - Model trained and saved successfully for subset 9.
2024-08-07 12:36:37,904 - INFO - ---------------------------
2024-08-07 12:36:37,905 - INFO - TRAIN MODEL STAGE COMPLETED FOR SUBSET 9
2024-08-07 12:36:37,906 - INFO - ---------------------------
2024-08-07 12:36:37,908 - INFO - --------------------------------
2024-08-07 12:36:37,908 - INFO - EVALUATE MODEL STAGE STARTING FOR SUBSET 9...
2024-08-07 12:36:37,909 - INFO - --------------------------------
2024-08-07 12:36:37,934 - INFO - ROC AUC Score: 0.6583488357174931
2024-08-07 12:36:37,936 - INFO - Confusion Matrix: 
[[71 48]
 [49 82]]
2024-08-07 12:36:37,938 - INFO - Precision: 0.6307692307692307
2024-08-07 12:36:37,941 - INFO - Recall: 0.6259541984732825
2024-08-07 12:36:37,942 - INFO - Model evaluated successfully for subset 9.
2024-08-07 12:36:37,948 - INFO - ------------------------------
2024-08-07 12:36:37,949 - INFO - EVALUATE MODEL STAGE COMPLETED FOR SUBSET 9
2024-08-07 12:36:37,950 - INFO - ------------------------------
2024-08-07 12:36:37,951 - INFO - Subset 10 demographic makeup: 950 1, 25 3, 16 2, 9 4
2024-08-07 12:36:37,951 - INFO - Processing subset 10...
2024-08-07 12:36:37,952 - INFO - -----------------------------
2024-08-07 12:36:37,952 - INFO - TRAIN MODEL STAGE STARTING FOR SUBSET 10...
2024-08-07 12:36:37,953 - INFO - -----------------------------
2024-08-07 12:36:37,965 - INFO - Scaling features and applying LASSO for feature selection...
2024-08-07 12:36:40,069 - INFO - Selected features (including required): ['who', 'RaceEth', 'age', 'is_female', 'is_hispanic', 'unemployed', 'unstableliving', 'education', 'marital', 'UDS_Amphetamine_Count', 'UDS_Benzodiazepine_Count', 'UDS_Buprenorphine_Count', 'UDS_Cocaine_Count', 'UDS_Methadone_Count', 'UDS_Opioid_Count', 'UDS_Sedatives_Count', 'UDS_Thc_Count', 'pain', 'has_schizophrenia', 'has_major_dep', 'has_bipolar', 'has_anx_pan', 'has_brain_damage', 'has_epilepsy', 'has_opiates_dx', 'has_alcol_dx', 'has_amphetamines_dx', 'has_cannabis_dx', 'has_cocaine_dx', 'has_sedatives_dx', 'ftnd', 'XTRT', 'shared', 'rbsivheroin', 'TLFB_Alcohol_Count', 'TLFB_Amphetamine_Count', 'TLFB_Benzodiazepine_Count', 'TLFB_Buprenorphine_Count', 'TLFB_Cocaine_Count', 'TLFB_Heroin_Count', 'TLFB_Methadone_Count', 'TLFB_Opioid_Count', 'TLFB_THC_Count', 'TLFB_Other', 'Homosexual_Behavior', 'Non_monogamous_Relationships']
2024-08-07 12:36:40,074 - INFO - Fitting logistic regression model with the selected features...
2024-08-07 12:36:40,498 - INFO - Model training completed successfully.
2024-08-07 12:36:40,498 - INFO - Calculating the dynamic threshold based on the proportion of positive outcomes...
2024-08-07 12:36:40,498 - INFO - Ratio of 1s to 0s in the outcome variable: 0.52 : 0.48
2024-08-07 12:36:40,498 - INFO - Dynamic threshold set to: 0.524
2024-08-07 12:36:40,498 - INFO - Model trained and saved successfully for subset 10.
2024-08-07 12:36:40,498 - INFO - ---------------------------
2024-08-07 12:36:40,498 - INFO - TRAIN MODEL STAGE COMPLETED FOR SUBSET 10
2024-08-07 12:36:40,498 - INFO - ---------------------------
2024-08-07 12:36:40,499 - INFO - --------------------------------
2024-08-07 12:36:40,499 - INFO - EVALUATE MODEL STAGE STARTING FOR SUBSET 10...
2024-08-07 12:36:40,499 - INFO - --------------------------------
2024-08-07 12:36:40,512 - INFO - ROC AUC Score: 0.6199243056001026
2024-08-07 12:36:40,512 - INFO - Confusion Matrix: 
[[59 60]
 [49 82]]
2024-08-07 12:36:40,513 - INFO - Precision: 0.5774647887323944
2024-08-07 12:36:40,513 - INFO - Recall: 0.6259541984732825
2024-08-07 12:36:40,515 - INFO - Model evaluated successfully for subset 10.
2024-08-07 12:36:40,519 - INFO - ------------------------------
2024-08-07 12:36:40,522 - INFO - EVALUATE MODEL STAGE COMPLETED FOR SUBSET 10
2024-08-07 12:36:40,535 - INFO - ------------------------------
2024-08-07 12:36:40,540 - INFO - Subset 11 demographic makeup: 1000 1
2024-08-07 12:36:40,540 - INFO - Processing subset 11...
2024-08-07 12:36:40,541 - INFO - -----------------------------
2024-08-07 12:36:40,542 - INFO - TRAIN MODEL STAGE STARTING FOR SUBSET 11...
2024-08-07 12:36:40,543 - INFO - -----------------------------
2024-08-07 12:36:40,551 - INFO - Scaling features and applying LASSO for feature selection...
2024-08-07 12:36:42,836 - INFO - Selected features (including required): ['who', 'age', 'is_female', 'unemployed', 'unstableliving', 'education', 'marital', 'UDS_Amphetamine_Count', 'UDS_Benzodiazepine_Count', 'UDS_Buprenorphine_Count', 'UDS_Cocaine_Count', 'UDS_Methadone_Count', 'UDS_Opioid_Count', 'UDS_Sedatives_Count', 'UDS_Thc_Count', 'pain', 'has_schizophrenia', 'has_major_dep', 'has_bipolar', 'has_anx_pan', 'has_brain_damage', 'has_epilepsy', 'has_opiates_dx', 'has_alcol_dx', 'has_amphetamines_dx', 'has_cannabis_dx', 'has_cocaine_dx', 'has_sedatives_dx', 'ftnd', 'XTRT', 'shared', 'rbsivheroin', 'TLFB_Alcohol_Count', 'TLFB_Amphetamine_Count', 'TLFB_Benzodiazepine_Count', 'TLFB_Buprenorphine_Count', 'TLFB_Cocaine_Count', 'TLFB_Heroin_Count', 'TLFB_Methadone_Count', 'TLFB_Opioid_Count', 'TLFB_THC_Count', 'TLFB_Other', 'Homosexual_Behavior', 'Non_monogamous_Relationships']
2024-08-07 12:36:42,848 - INFO - Fitting logistic regression model with the selected features...
2024-08-07 12:36:43,283 - INFO - Model training completed successfully.
2024-08-07 12:36:43,283 - INFO - Calculating the dynamic threshold based on the proportion of positive outcomes...
2024-08-07 12:36:43,284 - INFO - Ratio of 1s to 0s in the outcome variable: 0.54 : 0.46
2024-08-07 12:36:43,284 - INFO - Dynamic threshold set to: 0.544
2024-08-07 12:36:43,285 - INFO - Model trained and saved successfully for subset 11.
2024-08-07 12:36:43,286 - INFO - ---------------------------
2024-08-07 12:36:43,286 - INFO - TRAIN MODEL STAGE COMPLETED FOR SUBSET 11
2024-08-07 12:36:43,288 - INFO - ---------------------------
2024-08-07 12:36:43,289 - INFO - --------------------------------
2024-08-07 12:36:43,290 - INFO - EVALUATE MODEL STAGE STARTING FOR SUBSET 11...
2024-08-07 12:36:43,290 - INFO - --------------------------------
2024-08-07 12:36:43,313 - INFO - ROC AUC Score: 0.6741486068111455
2024-08-07 12:36:43,313 - INFO - Confusion Matrix: 
[[67 47]
 [50 86]]
2024-08-07 12:36:43,314 - INFO - Precision: 0.6466165413533834
2024-08-07 12:36:43,314 - INFO - Recall: 0.6323529411764706
2024-08-07 12:36:43,315 - INFO - Model evaluated successfully for subset 11.
2024-08-07 12:36:43,319 - INFO - ------------------------------
2024-08-07 12:36:43,321 - INFO - EVALUATE MODEL STAGE COMPLETED FOR SUBSET 11
2024-08-07 12:36:43,321 - INFO - ------------------------------
2024-08-07 12:36:43,322 - INFO - ------------------
2024-08-07 12:36:43,323 - INFO - PIPELINE COMPLETED
2024-08-07 12:36:43,325 - INFO - ------------------
