2024-08-21 13:57:02,845 - INFO - Global Seed set to: 2
2024-08-21 13:57:02,845 - INFO - Outcome Name: Ab_krupitskyA_2011
2024-08-21 13:57:02,887 - INFO - Datasets loaded successfully.
2024-08-21 13:57:02,896 - INFO - Starting preprocessing of the merged dataset...
2024-08-21 13:57:02,896 - INFO - ---------------------------------
2024-08-21 13:57:02,896 - INFO - PRE-PROCESSING STAGE STARTING...
2024-08-21 13:57:02,896 - INFO - ---------------------------------
2024-08-21 13:57:03,010 - INFO - Dropped initial columns: ['pain_when', 'is_smoker', 'per_day', 'max', 'amount', 'depression', 'anxiety', 'schizophrenia', 'max', 'amount', 'cocaine_inject_days', 'speedball_inject_days', 'opioid_inject_days', 'speed_inject_days', 'UDS_Alcohol_Count', 'UDS_Mdma/Hallucinogen_Count']
2024-08-21 13:57:03,073 - INFO - Converted Yes/No to binary.
2024-08-21 13:57:03,085 - INFO - Processed TLFB columns with specified columns: ['TLFB_Alcohol_Count', 'TLFB_Amphetamine_Count', 'TLFB_Cocaine_Count', 'TLFB_Heroin_Count', 'TLFB_Benzodiazepine_Count', 'TLFB_Opioid_Count', 'TLFB_THC_Count', 'TLFB_Methadone_Count', 'TLFB_Buprenorphine_Count']
2024-08-21 13:57:03,088 - INFO - Calculated behavioral columns.
2024-08-21 13:57:03,090 - INFO - Moved 'Ab_krupitskyA_2011' column to the end.
2024-08-21 13:57:03,189 - INFO - Dropped initial columns: ['msm_npt', 'msm_frq', 'txx_prt']
2024-08-21 13:57:03,205 - INFO - transform_data_with_nan_handling success
2024-08-21 13:57:03,205 - INFO - Renamed columns according to the mapping.
2024-08-21 13:57:03,229 - INFO - Transformed NaN to 0 for binary columns.
2024-08-21 13:57:03,230 - INFO - Transformed and renamed 'heroin_inject_days' column to 'rbsivheroin'.
2024-08-21 13:57:03,231 - INFO - Filled NaN with 0 for 'ftnd' column.
2024-08-21 13:57:03,307 - INFO - Dropped additional columns: ['rbs_iv_days', 'race', 'RBS_cocaine_Days', 'RBS_heroin_Days', 'RBS_opioid_Days', 'RBS_speed_Days', 'RBS_speedball_Days']
2024-08-21 13:57:03,325 - INFO - Converted UDS drug counts to binary.
2024-08-21 13:57:03,393 - INFO - ------------------------------
2024-08-21 13:57:03,394 - INFO - PRE-PROCESSING STAGE COMPLETED
2024-08-21 13:57:03,394 - INFO - ------------------------------
2024-08-21 13:57:03,395 - INFO - Merged dataset preprocessed successfully.
2024-08-21 13:57:03,396 - INFO - Creating demographic subsets from preprocessed data...
2024-08-21 13:57:03,593 - INFO - Created 11 subsets successfully.
2024-08-21 13:57:03,593 - INFO - Creating merged subsets from create_demographics_dfs function
2024-08-21 13:57:03,678 - INFO - Created 11 merged subsets successfully.
2024-08-21 13:57:03,678 - INFO - Subset 1 demographic makeup: 500 1, 242 3, 158 2, 100 4
2024-08-21 13:57:03,679 - INFO - Processing subset 1...
2024-08-21 13:57:03,679 - INFO - -----------------------------
2024-08-21 13:57:03,679 - INFO - TRAIN MODEL STAGE STARTING FOR SUBSET 1...
2024-08-21 13:57:03,679 - INFO - -----------------------------
2024-08-21 13:57:03,685 - INFO - Scaling features and applying LASSO for feature selection...
2024-08-21 13:57:10,320 - INFO - Selected features (including required): ['who', 'RaceEth', 'age', 'is_female', 'is_hispanic', 'unemployed', 'unstableliving', 'education', 'marital', 'UDS_Amphetamine_Count', 'UDS_Benzodiazepine_Count', 'UDS_Buprenorphine_Count', 'UDS_Cocaine_Count', 'UDS_Methadone_Count', 'UDS_Opioid_Count', 'UDS_Sedatives_Count', 'UDS_Thc_Count', 'pain', 'has_schizophrenia', 'has_major_dep', 'has_bipolar', 'has_anx_pan', 'has_brain_damage', 'has_epilepsy', 'has_alcol_dx', 'has_amphetamines_dx', 'has_cannabis_dx', 'has_cocaine_dx', 'has_sedatives_dx', 'ftnd', 'XTRT', 'shared', 'rbsivheroin', 'TLFB_Alcohol_Count', 'TLFB_Amphetamine_Count', 'TLFB_Benzodiazepine_Count', 'TLFB_Buprenorphine_Count', 'TLFB_Cocaine_Count', 'TLFB_Heroin_Count', 'TLFB_Methadone_Count', 'TLFB_Opioid_Count', 'TLFB_THC_Count', 'TLFB_Other', 'Homosexual_Behavior', 'Non_monogamous_Relationships']
2024-08-21 13:57:10,333 - INFO - Fitting logistic regression model with the selected features...
2024-08-21 13:57:11,243 - INFO - Model training completed successfully.
2024-08-21 13:57:11,243 - INFO - Calculating the dynamic threshold based on the proportion of positive outcomes...
2024-08-21 13:57:11,243 - INFO - Ratio of 1s to 0s in the outcome variable: 0.04 : 0.96
2024-08-21 13:57:11,243 - INFO - Dynamic threshold set to: 0.04
2024-08-21 13:57:11,244 - INFO - Model trained and saved successfully for subset 1.
2024-08-21 13:57:11,244 - INFO - ---------------------------
2024-08-21 13:57:11,244 - INFO - TRAIN MODEL STAGE COMPLETED FOR SUBSET 1
2024-08-21 13:57:11,245 - INFO - ---------------------------
2024-08-21 13:57:11,245 - INFO - --------------------------------
2024-08-21 13:57:11,245 - INFO - EVALUATE MODEL STAGE STARTING FOR SUBSET 1...
2024-08-21 13:57:11,245 - INFO - --------------------------------
2024-08-21 13:57:11,258 - INFO - ROC AUC Score: 0.6141666666666667
2024-08-21 13:57:11,258 - INFO - Confusion Matrix: 
[[142  98]
 [  5   5]]
2024-08-21 13:57:11,258 - INFO - Precision: 0.04854368932038835
2024-08-21 13:57:11,259 - INFO - Recall: 0.5
2024-08-21 13:57:11,259 - INFO - Model evaluated successfully for subset 1.
2024-08-21 13:57:11,259 - INFO - ------------------------------
2024-08-21 13:57:11,259 - INFO - EVALUATE MODEL STAGE COMPLETED FOR SUBSET 1
2024-08-21 13:57:11,259 - INFO - ------------------------------
2024-08-21 13:57:11,260 - INFO - Subset 2 demographic makeup: 550 1, 213 3, 147 2, 90 4
2024-08-21 13:57:11,260 - INFO - Processing subset 2...
2024-08-21 13:57:11,260 - INFO - -----------------------------
2024-08-21 13:57:11,260 - INFO - TRAIN MODEL STAGE STARTING FOR SUBSET 2...
2024-08-21 13:57:11,260 - INFO - -----------------------------
2024-08-21 13:57:11,267 - INFO - Scaling features and applying LASSO for feature selection...
2024-08-21 13:57:17,773 - INFO - Selected features (including required): ['who', 'RaceEth', 'age', 'is_female', 'is_hispanic', 'unemployed', 'unstableliving', 'education', 'marital', 'UDS_Amphetamine_Count', 'UDS_Benzodiazepine_Count', 'UDS_Buprenorphine_Count', 'UDS_Cocaine_Count', 'UDS_Methadone_Count', 'UDS_Opioid_Count', 'UDS_Sedatives_Count', 'UDS_Thc_Count', 'pain', 'has_schizophrenia', 'has_major_dep', 'has_bipolar', 'has_anx_pan', 'has_brain_damage', 'has_epilepsy', 'has_alcol_dx', 'has_amphetamines_dx', 'has_cannabis_dx', 'has_cocaine_dx', 'has_sedatives_dx', 'ftnd', 'XTRT', 'shared', 'rbsivheroin', 'TLFB_Alcohol_Count', 'TLFB_Amphetamine_Count', 'TLFB_Benzodiazepine_Count', 'TLFB_Buprenorphine_Count', 'TLFB_Cocaine_Count', 'TLFB_Heroin_Count', 'TLFB_Methadone_Count', 'TLFB_Opioid_Count', 'TLFB_THC_Count', 'TLFB_Other', 'Homosexual_Behavior', 'Non_monogamous_Relationships']
2024-08-21 13:57:17,781 - INFO - Fitting logistic regression model with the selected features...
2024-08-21 13:57:18,522 - INFO - Model training completed successfully.
2024-08-21 13:57:18,522 - INFO - Calculating the dynamic threshold based on the proportion of positive outcomes...
2024-08-21 13:57:18,523 - INFO - Ratio of 1s to 0s in the outcome variable: 0.04 : 0.96
2024-08-21 13:57:18,523 - INFO - Dynamic threshold set to: 0.044
2024-08-21 13:57:18,523 - INFO - Model trained and saved successfully for subset 2.
2024-08-21 13:57:18,523 - INFO - ---------------------------
2024-08-21 13:57:18,523 - INFO - TRAIN MODEL STAGE COMPLETED FOR SUBSET 2
2024-08-21 13:57:18,523 - INFO - ---------------------------
2024-08-21 13:57:18,523 - INFO - --------------------------------
2024-08-21 13:57:18,523 - INFO - EVALUATE MODEL STAGE STARTING FOR SUBSET 2...
2024-08-21 13:57:18,523 - INFO - --------------------------------
2024-08-21 13:57:18,538 - INFO - ROC AUC Score: 0.5477367820464054
2024-08-21 13:57:18,538 - INFO - Confusion Matrix: 
[[147  92]
 [  7   4]]
2024-08-21 13:57:18,538 - INFO - Precision: 0.041666666666666664
2024-08-21 13:57:18,538 - INFO - Recall: 0.36363636363636365
2024-08-21 13:57:18,538 - INFO - Model evaluated successfully for subset 2.
2024-08-21 13:57:18,538 - INFO - ------------------------------
2024-08-21 13:57:18,539 - INFO - EVALUATE MODEL STAGE COMPLETED FOR SUBSET 2
2024-08-21 13:57:18,539 - INFO - ------------------------------
2024-08-21 13:57:18,539 - INFO - Subset 3 demographic makeup: 600 1, 188 3, 136 2, 76 4
2024-08-21 13:57:18,539 - INFO - Processing subset 3...
2024-08-21 13:57:18,540 - INFO - -----------------------------
2024-08-21 13:57:18,540 - INFO - TRAIN MODEL STAGE STARTING FOR SUBSET 3...
2024-08-21 13:57:18,540 - INFO - -----------------------------
2024-08-21 13:57:18,546 - INFO - Scaling features and applying LASSO for feature selection...
2024-08-21 13:57:25,028 - INFO - Selected features (including required): ['who', 'RaceEth', 'age', 'is_female', 'is_hispanic', 'unemployed', 'unstableliving', 'education', 'marital', 'UDS_Amphetamine_Count', 'UDS_Benzodiazepine_Count', 'UDS_Buprenorphine_Count', 'UDS_Cocaine_Count', 'UDS_Methadone_Count', 'UDS_Opioid_Count', 'UDS_Sedatives_Count', 'UDS_Thc_Count', 'pain', 'has_schizophrenia', 'has_major_dep', 'has_bipolar', 'has_anx_pan', 'has_brain_damage', 'has_epilepsy', 'has_alcol_dx', 'has_amphetamines_dx', 'has_cannabis_dx', 'has_cocaine_dx', 'has_sedatives_dx', 'ftnd', 'XTRT', 'shared', 'rbsivheroin', 'TLFB_Alcohol_Count', 'TLFB_Amphetamine_Count', 'TLFB_Benzodiazepine_Count', 'TLFB_Buprenorphine_Count', 'TLFB_Cocaine_Count', 'TLFB_Heroin_Count', 'TLFB_Methadone_Count', 'TLFB_Opioid_Count', 'TLFB_THC_Count', 'TLFB_Other', 'Homosexual_Behavior', 'Non_monogamous_Relationships']
2024-08-21 13:57:25,033 - INFO - Fitting logistic regression model with the selected features...
2024-08-21 13:57:25,756 - INFO - Model training completed successfully.
2024-08-21 13:57:25,756 - INFO - Calculating the dynamic threshold based on the proportion of positive outcomes...
2024-08-21 13:57:25,757 - INFO - Ratio of 1s to 0s in the outcome variable: 0.02 : 0.98
2024-08-21 13:57:25,757 - INFO - Dynamic threshold set to: 0.024
2024-08-21 13:57:25,757 - INFO - Model trained and saved successfully for subset 3.
2024-08-21 13:57:25,763 - INFO - ---------------------------
2024-08-21 13:57:25,764 - INFO - TRAIN MODEL STAGE COMPLETED FOR SUBSET 3
2024-08-21 13:57:25,764 - INFO - ---------------------------
2024-08-21 13:57:25,764 - INFO - --------------------------------
2024-08-21 13:57:25,768 - INFO - EVALUATE MODEL STAGE STARTING FOR SUBSET 3...
2024-08-21 13:57:25,769 - INFO - --------------------------------
2024-08-21 13:57:25,792 - INFO - ROC AUC Score: 0.7008196721311475
2024-08-21 13:57:25,793 - INFO - Confusion Matrix: 
[[102 142]
 [  1   5]]
2024-08-21 13:57:25,794 - INFO - Precision: 0.034013605442176874
2024-08-21 13:57:25,798 - INFO - Recall: 0.8333333333333334
2024-08-21 13:57:25,798 - INFO - Model evaluated successfully for subset 3.
2024-08-21 13:57:25,798 - INFO - ------------------------------
2024-08-21 13:57:25,800 - INFO - EVALUATE MODEL STAGE COMPLETED FOR SUBSET 3
2024-08-21 13:57:25,800 - INFO - ------------------------------
2024-08-21 13:57:25,804 - INFO - Subset 4 demographic makeup: 650 1, 164 3, 120 2, 66 4
2024-08-21 13:57:25,804 - INFO - Processing subset 4...
2024-08-21 13:57:25,805 - INFO - -----------------------------
2024-08-21 13:57:25,806 - INFO - TRAIN MODEL STAGE STARTING FOR SUBSET 4...
2024-08-21 13:57:25,807 - INFO - -----------------------------
2024-08-21 13:57:25,813 - INFO - Scaling features and applying LASSO for feature selection...
2024-08-21 13:57:34,205 - INFO - Selected features (including required): ['who', 'RaceEth', 'age', 'is_female', 'is_hispanic', 'unemployed', 'unstableliving', 'education', 'marital', 'UDS_Amphetamine_Count', 'UDS_Benzodiazepine_Count', 'UDS_Buprenorphine_Count', 'UDS_Cocaine_Count', 'UDS_Methadone_Count', 'UDS_Opioid_Count', 'UDS_Sedatives_Count', 'UDS_Thc_Count', 'pain', 'has_schizophrenia', 'has_major_dep', 'has_bipolar', 'has_anx_pan', 'has_brain_damage', 'has_epilepsy', 'has_alcol_dx', 'has_amphetamines_dx', 'has_cannabis_dx', 'has_cocaine_dx', 'has_sedatives_dx', 'ftnd', 'XTRT', 'shared', 'rbsivheroin', 'TLFB_Alcohol_Count', 'TLFB_Amphetamine_Count', 'TLFB_Benzodiazepine_Count', 'TLFB_Buprenorphine_Count', 'TLFB_Cocaine_Count', 'TLFB_Heroin_Count', 'TLFB_Methadone_Count', 'TLFB_Opioid_Count', 'TLFB_THC_Count', 'TLFB_Other', 'Homosexual_Behavior', 'Non_monogamous_Relationships']
2024-08-21 13:57:34,210 - INFO - Fitting logistic regression model with the selected features...
2024-08-21 13:57:34,942 - INFO - Model training completed successfully.
2024-08-21 13:57:34,943 - INFO - Calculating the dynamic threshold based on the proportion of positive outcomes...
2024-08-21 13:57:34,943 - INFO - Ratio of 1s to 0s in the outcome variable: 0.05 : 0.95
2024-08-21 13:57:34,943 - INFO - Dynamic threshold set to: 0.052
2024-08-21 13:57:34,943 - INFO - Model trained and saved successfully for subset 4.
2024-08-21 13:57:34,943 - INFO - ---------------------------
2024-08-21 13:57:34,943 - INFO - TRAIN MODEL STAGE COMPLETED FOR SUBSET 4
2024-08-21 13:57:34,943 - INFO - ---------------------------
2024-08-21 13:57:34,943 - INFO - --------------------------------
2024-08-21 13:57:34,943 - INFO - EVALUATE MODEL STAGE STARTING FOR SUBSET 4...
2024-08-21 13:57:34,943 - INFO - --------------------------------
2024-08-21 13:57:34,956 - INFO - ROC AUC Score: 0.5553391755923401
2024-08-21 13:57:34,957 - INFO - Confusion Matrix: 
[[195  42]
 [ 10   3]]
2024-08-21 13:57:34,957 - INFO - Precision: 0.06666666666666667
2024-08-21 13:57:34,957 - INFO - Recall: 0.23076923076923078
2024-08-21 13:57:34,957 - INFO - Model evaluated successfully for subset 4.
2024-08-21 13:57:34,957 - INFO - ------------------------------
2024-08-21 13:57:34,957 - INFO - EVALUATE MODEL STAGE COMPLETED FOR SUBSET 4
2024-08-21 13:57:34,957 - INFO - ------------------------------
2024-08-21 13:57:34,958 - INFO - Subset 5 demographic makeup: 700 1, 142 3, 104 2, 54 4
2024-08-21 13:57:34,958 - INFO - Processing subset 5...
2024-08-21 13:57:34,959 - INFO - -----------------------------
2024-08-21 13:57:34,960 - INFO - TRAIN MODEL STAGE STARTING FOR SUBSET 5...
2024-08-21 13:57:34,960 - INFO - -----------------------------
2024-08-21 13:57:34,966 - INFO - Scaling features and applying LASSO for feature selection...
2024-08-21 13:57:42,445 - INFO - Selected features (including required): ['who', 'RaceEth', 'age', 'is_female', 'is_hispanic', 'unemployed', 'unstableliving', 'education', 'marital', 'UDS_Amphetamine_Count', 'UDS_Benzodiazepine_Count', 'UDS_Buprenorphine_Count', 'UDS_Cocaine_Count', 'UDS_Methadone_Count', 'UDS_Opioid_Count', 'UDS_Sedatives_Count', 'UDS_Thc_Count', 'pain', 'has_schizophrenia', 'has_major_dep', 'has_bipolar', 'has_anx_pan', 'has_brain_damage', 'has_epilepsy', 'has_alcol_dx', 'has_amphetamines_dx', 'has_cannabis_dx', 'has_cocaine_dx', 'has_sedatives_dx', 'ftnd', 'XTRT', 'shared', 'rbsivheroin', 'TLFB_Alcohol_Count', 'TLFB_Amphetamine_Count', 'TLFB_Benzodiazepine_Count', 'TLFB_Buprenorphine_Count', 'TLFB_Cocaine_Count', 'TLFB_Heroin_Count', 'TLFB_Methadone_Count', 'TLFB_Opioid_Count', 'TLFB_THC_Count', 'TLFB_Other', 'Homosexual_Behavior', 'Non_monogamous_Relationships']
2024-08-21 13:57:42,450 - INFO - Fitting logistic regression model with the selected features...
2024-08-21 13:57:43,215 - INFO - Model training completed successfully.
2024-08-21 13:57:43,216 - INFO - Calculating the dynamic threshold based on the proportion of positive outcomes...
2024-08-21 13:57:43,216 - INFO - Ratio of 1s to 0s in the outcome variable: 0.03 : 0.97
2024-08-21 13:57:43,216 - INFO - Dynamic threshold set to: 0.028
2024-08-21 13:57:43,216 - INFO - Model trained and saved successfully for subset 5.
2024-08-21 13:57:43,216 - INFO - ---------------------------
2024-08-21 13:57:43,216 - INFO - TRAIN MODEL STAGE COMPLETED FOR SUBSET 5
2024-08-21 13:57:43,216 - INFO - ---------------------------
2024-08-21 13:57:43,217 - INFO - --------------------------------
2024-08-21 13:57:43,217 - INFO - EVALUATE MODEL STAGE STARTING FOR SUBSET 5...
2024-08-21 13:57:43,217 - INFO - --------------------------------
2024-08-21 13:57:43,230 - INFO - ROC AUC Score: 0.5931804820693709
2024-08-21 13:57:43,230 - INFO - Confusion Matrix: 
[[138 105]
 [  3   4]]
2024-08-21 13:57:43,231 - INFO - Precision: 0.03669724770642202
2024-08-21 13:57:43,231 - INFO - Recall: 0.5714285714285714
2024-08-21 13:57:43,232 - INFO - Model evaluated successfully for subset 5.
2024-08-21 13:57:43,232 - INFO - ------------------------------
2024-08-21 13:57:43,232 - INFO - EVALUATE MODEL STAGE COMPLETED FOR SUBSET 5
2024-08-21 13:57:43,232 - INFO - ------------------------------
2024-08-21 13:57:43,233 - INFO - Subset 6 demographic makeup: 750 1, 114 3, 88 2, 48 4
2024-08-21 13:57:43,233 - INFO - Processing subset 6...
2024-08-21 13:57:43,233 - INFO - -----------------------------
2024-08-21 13:57:43,234 - INFO - TRAIN MODEL STAGE STARTING FOR SUBSET 6...
2024-08-21 13:57:43,234 - INFO - -----------------------------
2024-08-21 13:57:43,239 - INFO - Scaling features and applying LASSO for feature selection...
2024-08-21 13:57:50,533 - INFO - Selected features (including required): ['who', 'RaceEth', 'age', 'is_female', 'is_hispanic', 'unemployed', 'unstableliving', 'education', 'marital', 'UDS_Amphetamine_Count', 'UDS_Benzodiazepine_Count', 'UDS_Buprenorphine_Count', 'UDS_Cocaine_Count', 'UDS_Methadone_Count', 'UDS_Opioid_Count', 'UDS_Sedatives_Count', 'UDS_Thc_Count', 'pain', 'has_schizophrenia', 'has_major_dep', 'has_bipolar', 'has_anx_pan', 'has_brain_damage', 'has_epilepsy', 'has_alcol_dx', 'has_amphetamines_dx', 'has_cannabis_dx', 'has_cocaine_dx', 'has_sedatives_dx', 'ftnd', 'XTRT', 'shared', 'rbsivheroin', 'TLFB_Alcohol_Count', 'TLFB_Amphetamine_Count', 'TLFB_Benzodiazepine_Count', 'TLFB_Buprenorphine_Count', 'TLFB_Cocaine_Count', 'TLFB_Heroin_Count', 'TLFB_Methadone_Count', 'TLFB_Opioid_Count', 'TLFB_THC_Count', 'TLFB_Other', 'Homosexual_Behavior', 'Non_monogamous_Relationships']
2024-08-21 13:57:50,538 - INFO - Fitting logistic regression model with the selected features...
2024-08-21 13:57:51,445 - INFO - Model training completed successfully.
2024-08-21 13:57:51,446 - INFO - Calculating the dynamic threshold based on the proportion of positive outcomes...
2024-08-21 13:57:51,447 - INFO - Ratio of 1s to 0s in the outcome variable: 0.05 : 0.95
2024-08-21 13:57:51,447 - INFO - Dynamic threshold set to: 0.048
2024-08-21 13:57:51,447 - INFO - Model trained and saved successfully for subset 6.
2024-08-21 13:57:51,448 - INFO - ---------------------------
2024-08-21 13:57:51,450 - INFO - TRAIN MODEL STAGE COMPLETED FOR SUBSET 6
2024-08-21 13:57:51,452 - INFO - ---------------------------
2024-08-21 13:57:51,453 - INFO - --------------------------------
2024-08-21 13:57:51,453 - INFO - EVALUATE MODEL STAGE STARTING FOR SUBSET 6...
2024-08-21 13:57:51,453 - INFO - --------------------------------
2024-08-21 13:57:51,473 - INFO - ROC AUC Score: 0.6593137254901962
2024-08-21 13:57:51,474 - INFO - Confusion Matrix: 
[[201  37]
 [  8   4]]
2024-08-21 13:57:51,474 - INFO - Precision: 0.0975609756097561
2024-08-21 13:57:51,475 - INFO - Recall: 0.3333333333333333
2024-08-21 13:57:51,475 - INFO - Model evaluated successfully for subset 6.
2024-08-21 13:57:51,476 - INFO - ------------------------------
2024-08-21 13:57:51,478 - INFO - EVALUATE MODEL STAGE COMPLETED FOR SUBSET 6
2024-08-21 13:57:51,479 - INFO - ------------------------------
2024-08-21 13:57:51,481 - INFO - Subset 7 demographic makeup: 800 1, 87 3, 71 2, 42 4
2024-08-21 13:57:51,481 - INFO - Processing subset 7...
2024-08-21 13:57:51,481 - INFO - -----------------------------
2024-08-21 13:57:51,482 - INFO - TRAIN MODEL STAGE STARTING FOR SUBSET 7...
2024-08-21 13:57:51,482 - INFO - -----------------------------
2024-08-21 13:57:51,489 - INFO - Scaling features and applying LASSO for feature selection...
2024-08-21 13:57:57,717 - INFO - Selected features (including required): ['who', 'RaceEth', 'age', 'is_female', 'is_hispanic', 'unemployed', 'unstableliving', 'education', 'marital', 'UDS_Amphetamine_Count', 'UDS_Benzodiazepine_Count', 'UDS_Buprenorphine_Count', 'UDS_Cocaine_Count', 'UDS_Methadone_Count', 'UDS_Opioid_Count', 'UDS_Sedatives_Count', 'UDS_Thc_Count', 'pain', 'has_schizophrenia', 'has_major_dep', 'has_bipolar', 'has_anx_pan', 'has_brain_damage', 'has_epilepsy', 'has_alcol_dx', 'has_amphetamines_dx', 'has_cannabis_dx', 'has_cocaine_dx', 'has_sedatives_dx', 'ftnd', 'XTRT', 'shared', 'rbsivheroin', 'TLFB_Alcohol_Count', 'TLFB_Amphetamine_Count', 'TLFB_Benzodiazepine_Count', 'TLFB_Buprenorphine_Count', 'TLFB_Cocaine_Count', 'TLFB_Heroin_Count', 'TLFB_Methadone_Count', 'TLFB_Opioid_Count', 'TLFB_THC_Count', 'TLFB_Other', 'Homosexual_Behavior', 'Non_monogamous_Relationships']
2024-08-21 13:57:57,722 - INFO - Fitting logistic regression model with the selected features...
2024-08-21 13:57:58,681 - INFO - Model training completed successfully.
2024-08-21 13:57:58,682 - INFO - Calculating the dynamic threshold based on the proportion of positive outcomes...
2024-08-21 13:57:58,682 - INFO - Ratio of 1s to 0s in the outcome variable: 0.04 : 0.96
2024-08-21 13:57:58,683 - INFO - Dynamic threshold set to: 0.036
2024-08-21 13:57:58,683 - INFO - Model trained and saved successfully for subset 7.
2024-08-21 13:57:58,684 - INFO - ---------------------------
2024-08-21 13:57:58,685 - INFO - TRAIN MODEL STAGE COMPLETED FOR SUBSET 7
2024-08-21 13:57:58,687 - INFO - ---------------------------
2024-08-21 13:57:58,687 - INFO - --------------------------------
2024-08-21 13:57:58,688 - INFO - EVALUATE MODEL STAGE STARTING FOR SUBSET 7...
2024-08-21 13:57:58,688 - INFO - --------------------------------
2024-08-21 13:57:58,707 - INFO - ROC AUC Score: 0.570308898109728
2024-08-21 13:57:58,707 - INFO - Confusion Matrix: 
[[165  76]
 [  5   4]]
2024-08-21 13:57:58,708 - INFO - Precision: 0.05
2024-08-21 13:57:58,708 - INFO - Recall: 0.4444444444444444
2024-08-21 13:57:58,708 - INFO - Model evaluated successfully for subset 7.
2024-08-21 13:57:58,709 - INFO - ------------------------------
2024-08-21 13:57:58,709 - INFO - EVALUATE MODEL STAGE COMPLETED FOR SUBSET 7
2024-08-21 13:57:58,709 - INFO - ------------------------------
2024-08-21 13:57:58,711 - INFO - Subset 8 demographic makeup: 850 1, 66 3, 53 2, 31 4
2024-08-21 13:57:58,711 - INFO - Processing subset 8...
2024-08-21 13:57:58,711 - INFO - -----------------------------
2024-08-21 13:57:58,713 - INFO - TRAIN MODEL STAGE STARTING FOR SUBSET 8...
2024-08-21 13:57:58,715 - INFO - -----------------------------
2024-08-21 13:57:58,724 - INFO - Scaling features and applying LASSO for feature selection...
2024-08-21 13:58:05,472 - INFO - Selected features (including required): ['who', 'RaceEth', 'age', 'is_female', 'is_hispanic', 'unemployed', 'unstableliving', 'education', 'marital', 'UDS_Amphetamine_Count', 'UDS_Benzodiazepine_Count', 'UDS_Buprenorphine_Count', 'UDS_Cocaine_Count', 'UDS_Methadone_Count', 'UDS_Opioid_Count', 'UDS_Sedatives_Count', 'UDS_Thc_Count', 'pain', 'has_schizophrenia', 'has_major_dep', 'has_bipolar', 'has_anx_pan', 'has_brain_damage', 'has_epilepsy', 'has_alcol_dx', 'has_amphetamines_dx', 'has_cannabis_dx', 'has_cocaine_dx', 'has_sedatives_dx', 'ftnd', 'XTRT', 'shared', 'rbsivheroin', 'TLFB_Alcohol_Count', 'TLFB_Amphetamine_Count', 'TLFB_Benzodiazepine_Count', 'TLFB_Buprenorphine_Count', 'TLFB_Cocaine_Count', 'TLFB_Heroin_Count', 'TLFB_Methadone_Count', 'TLFB_Opioid_Count', 'TLFB_THC_Count', 'TLFB_Other', 'Homosexual_Behavior', 'Non_monogamous_Relationships']
2024-08-21 13:58:05,478 - INFO - Fitting logistic regression model with the selected features...
2024-08-21 13:58:06,200 - INFO - Model training completed successfully.
2024-08-21 13:58:06,200 - INFO - Calculating the dynamic threshold based on the proportion of positive outcomes...
2024-08-21 13:58:06,200 - INFO - Ratio of 1s to 0s in the outcome variable: 0.05 : 0.95
2024-08-21 13:58:06,200 - INFO - Dynamic threshold set to: 0.048
2024-08-21 13:58:06,200 - INFO - Model trained and saved successfully for subset 8.
2024-08-21 13:58:06,200 - INFO - ---------------------------
2024-08-21 13:58:06,201 - INFO - TRAIN MODEL STAGE COMPLETED FOR SUBSET 8
2024-08-21 13:58:06,201 - INFO - ---------------------------
2024-08-21 13:58:06,201 - INFO - --------------------------------
2024-08-21 13:58:06,201 - INFO - EVALUATE MODEL STAGE STARTING FOR SUBSET 8...
2024-08-21 13:58:06,201 - INFO - --------------------------------
2024-08-21 13:58:06,212 - INFO - ROC AUC Score: 0.5745798319327731
2024-08-21 13:58:06,212 - INFO - Confusion Matrix: 
[[186  52]
 [  8   4]]
2024-08-21 13:58:06,212 - INFO - Precision: 0.07142857142857142
2024-08-21 13:58:06,213 - INFO - Recall: 0.3333333333333333
2024-08-21 13:58:06,213 - INFO - Model evaluated successfully for subset 8.
2024-08-21 13:58:06,213 - INFO - ------------------------------
2024-08-21 13:58:06,213 - INFO - EVALUATE MODEL STAGE COMPLETED FOR SUBSET 8
2024-08-21 13:58:06,213 - INFO - ------------------------------
2024-08-21 13:58:06,213 - INFO - Subset 9 demographic makeup: 900 1, 45 3, 34 2, 21 4
2024-08-21 13:58:06,214 - INFO - Processing subset 9...
2024-08-21 13:58:06,214 - INFO - -----------------------------
2024-08-21 13:58:06,214 - INFO - TRAIN MODEL STAGE STARTING FOR SUBSET 9...
2024-08-21 13:58:06,214 - INFO - -----------------------------
2024-08-21 13:58:06,220 - INFO - Scaling features and applying LASSO for feature selection...
2024-08-21 13:58:13,315 - INFO - Selected features (including required): ['who', 'RaceEth', 'age', 'is_female', 'is_hispanic', 'unemployed', 'unstableliving', 'education', 'marital', 'UDS_Amphetamine_Count', 'UDS_Benzodiazepine_Count', 'UDS_Buprenorphine_Count', 'UDS_Cocaine_Count', 'UDS_Methadone_Count', 'UDS_Opioid_Count', 'UDS_Sedatives_Count', 'UDS_Thc_Count', 'pain', 'has_schizophrenia', 'has_major_dep', 'has_bipolar', 'has_anx_pan', 'has_brain_damage', 'has_epilepsy', 'has_alcol_dx', 'has_amphetamines_dx', 'has_cannabis_dx', 'has_cocaine_dx', 'has_sedatives_dx', 'ftnd', 'XTRT', 'shared', 'rbsivheroin', 'TLFB_Alcohol_Count', 'TLFB_Amphetamine_Count', 'TLFB_Benzodiazepine_Count', 'TLFB_Buprenorphine_Count', 'TLFB_Cocaine_Count', 'TLFB_Heroin_Count', 'TLFB_Methadone_Count', 'TLFB_Opioid_Count', 'TLFB_THC_Count', 'TLFB_Other', 'Homosexual_Behavior', 'Non_monogamous_Relationships']
2024-08-21 13:58:13,320 - INFO - Fitting logistic regression model with the selected features...
2024-08-21 13:58:14,003 - INFO - Model training completed successfully.
2024-08-21 13:58:14,004 - INFO - Calculating the dynamic threshold based on the proportion of positive outcomes...
2024-08-21 13:58:14,004 - INFO - Ratio of 1s to 0s in the outcome variable: 0.04 : 0.96
2024-08-21 13:58:14,006 - INFO - Dynamic threshold set to: 0.036
2024-08-21 13:58:14,006 - INFO - Model trained and saved successfully for subset 9.
2024-08-21 13:58:14,008 - INFO - ---------------------------
2024-08-21 13:58:14,008 - INFO - TRAIN MODEL STAGE COMPLETED FOR SUBSET 9
2024-08-21 13:58:14,008 - INFO - ---------------------------
2024-08-21 13:58:14,008 - INFO - --------------------------------
2024-08-21 13:58:14,009 - INFO - EVALUATE MODEL STAGE STARTING FOR SUBSET 9...
2024-08-21 13:58:14,009 - INFO - --------------------------------
2024-08-21 13:58:14,027 - INFO - ROC AUC Score: 0.5126786537574919
2024-08-21 13:58:14,027 - INFO - Confusion Matrix: 
[[165  76]
 [  5   4]]
2024-08-21 13:58:14,027 - INFO - Precision: 0.05
2024-08-21 13:58:14,027 - INFO - Recall: 0.4444444444444444
2024-08-21 13:58:14,027 - INFO - Model evaluated successfully for subset 9.
2024-08-21 13:58:14,027 - INFO - ------------------------------
2024-08-21 13:58:14,027 - INFO - EVALUATE MODEL STAGE COMPLETED FOR SUBSET 9
2024-08-21 13:58:14,027 - INFO - ------------------------------
2024-08-21 13:58:14,028 - INFO - Subset 10 demographic makeup: 950 1, 24 3, 13 2, 13 4
2024-08-21 13:58:14,028 - INFO - Processing subset 10...
2024-08-21 13:58:14,029 - INFO - -----------------------------
2024-08-21 13:58:14,029 - INFO - TRAIN MODEL STAGE STARTING FOR SUBSET 10...
2024-08-21 13:58:14,029 - INFO - -----------------------------
2024-08-21 13:58:14,035 - INFO - Scaling features and applying LASSO for feature selection...
2024-08-21 13:58:20,176 - INFO - Selected features (including required): ['who', 'RaceEth', 'age', 'is_female', 'is_hispanic', 'unemployed', 'unstableliving', 'education', 'marital', 'UDS_Amphetamine_Count', 'UDS_Benzodiazepine_Count', 'UDS_Buprenorphine_Count', 'UDS_Cocaine_Count', 'UDS_Methadone_Count', 'UDS_Opioid_Count', 'UDS_Sedatives_Count', 'UDS_Thc_Count', 'pain', 'has_schizophrenia', 'has_major_dep', 'has_bipolar', 'has_anx_pan', 'has_brain_damage', 'has_epilepsy', 'has_alcol_dx', 'has_amphetamines_dx', 'has_cannabis_dx', 'has_cocaine_dx', 'has_sedatives_dx', 'ftnd', 'XTRT', 'shared', 'rbsivheroin', 'TLFB_Alcohol_Count', 'TLFB_Amphetamine_Count', 'TLFB_Benzodiazepine_Count', 'TLFB_Buprenorphine_Count', 'TLFB_Cocaine_Count', 'TLFB_Heroin_Count', 'TLFB_Methadone_Count', 'TLFB_Opioid_Count', 'TLFB_THC_Count', 'TLFB_Other', 'Homosexual_Behavior', 'Non_monogamous_Relationships']
2024-08-21 13:58:20,186 - INFO - Fitting logistic regression model with the selected features...
2024-08-21 13:58:21,030 - INFO - Model training completed successfully.
2024-08-21 13:58:21,030 - INFO - Calculating the dynamic threshold based on the proportion of positive outcomes...
2024-08-21 13:58:21,031 - INFO - Ratio of 1s to 0s in the outcome variable: 0.04 : 0.96
2024-08-21 13:58:21,031 - INFO - Dynamic threshold set to: 0.04
2024-08-21 13:58:21,031 - INFO - Model trained and saved successfully for subset 10.
2024-08-21 13:58:21,031 - INFO - ---------------------------
2024-08-21 13:58:21,031 - INFO - TRAIN MODEL STAGE COMPLETED FOR SUBSET 10
2024-08-21 13:58:21,031 - INFO - ---------------------------
2024-08-21 13:58:21,031 - INFO - --------------------------------
2024-08-21 13:58:21,031 - INFO - EVALUATE MODEL STAGE STARTING FOR SUBSET 10...
2024-08-21 13:58:21,031 - INFO - --------------------------------
2024-08-21 13:58:21,043 - INFO - ROC AUC Score: 0.70375
2024-08-21 13:58:21,043 - INFO - Confusion Matrix: 
[[187  53]
 [  5   5]]
2024-08-21 13:58:21,043 - INFO - Precision: 0.08620689655172414
2024-08-21 13:58:21,044 - INFO - Recall: 0.5
2024-08-21 13:58:21,044 - INFO - Model evaluated successfully for subset 10.
2024-08-21 13:58:21,044 - INFO - ------------------------------
2024-08-21 13:58:21,044 - INFO - EVALUATE MODEL STAGE COMPLETED FOR SUBSET 10
2024-08-21 13:58:21,044 - INFO - ------------------------------
2024-08-21 13:58:21,045 - INFO - Subset 11 demographic makeup: 1000 1
2024-08-21 13:58:21,045 - INFO - Processing subset 11...
2024-08-21 13:58:21,045 - INFO - -----------------------------
2024-08-21 13:58:21,046 - INFO - TRAIN MODEL STAGE STARTING FOR SUBSET 11...
2024-08-21 13:58:21,046 - INFO - -----------------------------
2024-08-21 13:58:21,053 - INFO - Scaling features and applying LASSO for feature selection...
2024-08-21 13:58:27,561 - INFO - Selected features (including required): ['who', 'age', 'is_female', 'unemployed', 'unstableliving', 'education', 'marital', 'UDS_Amphetamine_Count', 'UDS_Benzodiazepine_Count', 'UDS_Buprenorphine_Count', 'UDS_Cocaine_Count', 'UDS_Methadone_Count', 'UDS_Opioid_Count', 'UDS_Sedatives_Count', 'UDS_Thc_Count', 'pain', 'has_schizophrenia', 'has_major_dep', 'has_bipolar', 'has_anx_pan', 'has_brain_damage', 'has_epilepsy', 'has_alcol_dx', 'has_amphetamines_dx', 'has_cannabis_dx', 'has_cocaine_dx', 'has_sedatives_dx', 'ftnd', 'XTRT', 'shared', 'rbsivheroin', 'TLFB_Alcohol_Count', 'TLFB_Amphetamine_Count', 'TLFB_Benzodiazepine_Count', 'TLFB_Buprenorphine_Count', 'TLFB_Cocaine_Count', 'TLFB_Heroin_Count', 'TLFB_Methadone_Count', 'TLFB_Opioid_Count', 'TLFB_THC_Count', 'TLFB_Other', 'Homosexual_Behavior', 'Non_monogamous_Relationships']
2024-08-21 13:58:27,568 - INFO - Fitting logistic regression model with the selected features...
2024-08-21 13:58:29,473 - INFO - Model training completed successfully.
2024-08-21 13:58:29,480 - INFO - Calculating the dynamic threshold based on the proportion of positive outcomes...
2024-08-21 13:58:29,481 - INFO - Ratio of 1s to 0s in the outcome variable: 0.02 : 0.98
2024-08-21 13:58:29,481 - INFO - Dynamic threshold set to: 0.024
2024-08-21 13:58:29,482 - INFO - Model trained and saved successfully for subset 11.
2024-08-21 13:58:29,483 - INFO - ---------------------------
2024-08-21 13:58:29,483 - INFO - TRAIN MODEL STAGE COMPLETED FOR SUBSET 11
2024-08-21 13:58:29,486 - INFO - ---------------------------
2024-08-21 13:58:29,486 - INFO - --------------------------------
2024-08-21 13:58:29,487 - INFO - EVALUATE MODEL STAGE STARTING FOR SUBSET 11...
2024-08-21 13:58:29,488 - INFO - --------------------------------
2024-08-21 13:58:29,688 - INFO - ROC AUC Score: 0.7616120218579235
2024-08-21 13:58:29,689 - INFO - Confusion Matrix: 
[[139 105]
 [  1   5]]
2024-08-21 13:58:29,689 - INFO - Precision: 0.045454545454545456
2024-08-21 13:58:29,690 - INFO - Recall: 0.8333333333333334
2024-08-21 13:58:29,690 - INFO - Model evaluated successfully for subset 11.
2024-08-21 13:58:29,698 - INFO - ------------------------------
2024-08-21 13:58:29,766 - INFO - EVALUATE MODEL STAGE COMPLETED FOR SUBSET 11
2024-08-21 13:58:29,766 - INFO - ------------------------------
2024-08-21 13:58:29,768 - INFO - ------------------
2024-08-21 13:58:29,771 - INFO - PIPELINE COMPLETED
2024-08-21 13:58:29,771 - INFO - ------------------
