2024-08-07 12:45:01,439 - INFO - Global Seed set to: 4
2024-08-07 12:45:01,440 - INFO - Outcome Name: Rd_kostenB_1993
2024-08-07 12:45:01,491 - INFO - Datasets loaded successfully.
2024-08-07 12:45:01,496 - INFO - Starting preprocessing of the merged dataset...
2024-08-07 12:45:01,497 - INFO - ---------------------------------
2024-08-07 12:45:01,497 - INFO - PRE-PROCESSING STAGE STARTING...
2024-08-07 12:45:01,498 - INFO - ---------------------------------
2024-08-07 12:45:01,598 - INFO - Dropped initial columns: ['pain_when', 'is_smoker', 'per_day', 'max', 'amount', 'depression', 'anxiety', 'schizophrenia', 'max', 'amount', 'cocaine_inject_days', 'speedball_inject_days', 'opioid_inject_days', 'speed_inject_days', 'UDS_Alcohol_Count', 'UDS_Mdma/Hallucinogen_Count']
2024-08-07 12:45:01,641 - INFO - Converted Yes/No to binary.
2024-08-07 12:45:01,652 - INFO - Processed TLFB columns with specified columns: ['TLFB_Alcohol_Count', 'TLFB_Amphetamine_Count', 'TLFB_Cocaine_Count', 'TLFB_Heroin_Count', 'TLFB_Benzodiazepine_Count', 'TLFB_Opioid_Count', 'TLFB_THC_Count', 'TLFB_Methadone_Count', 'TLFB_Buprenorphine_Count']
2024-08-07 12:45:01,654 - INFO - Calculated behavioral columns.
2024-08-07 12:45:01,656 - INFO - Moved 'Rd_kostenB_1993' column to the end.
2024-08-07 12:45:01,748 - INFO - Dropped initial columns: ['msm_npt', 'msm_frq', 'txx_prt']
2024-08-07 12:45:01,767 - INFO - transform_data_with_nan_handling success
2024-08-07 12:45:01,768 - INFO - Renamed columns according to the mapping.
2024-08-07 12:45:01,794 - INFO - Transformed NaN to 0 for binary columns.
2024-08-07 12:45:01,795 - INFO - Transformed and renamed 'heroin_inject_days' column to 'rbsivheroin'.
2024-08-07 12:45:01,796 - INFO - Filled NaN with 0 for 'ftnd' column.
2024-08-07 12:45:01,880 - INFO - Dropped additional columns: ['rbs_iv_days', 'race', 'RBS_cocaine_Days', 'RBS_heroin_Days', 'RBS_opioid_Days', 'RBS_speed_Days', 'RBS_speedball_Days']
2024-08-07 12:45:01,894 - INFO - Converted UDS drug counts to binary.
2024-08-07 12:45:02,013 - INFO - ------------------------------
2024-08-07 12:45:02,013 - INFO - PRE-PROCESSING STAGE COMPLETED
2024-08-07 12:45:02,013 - INFO - ------------------------------
2024-08-07 12:45:02,014 - INFO - Merged dataset preprocessed successfully.
2024-08-07 12:45:02,014 - INFO - Creating demographic subsets from preprocessed data...
2024-08-07 12:45:10,413 - INFO - Created 11 subsets successfully.
2024-08-07 12:45:10,413 - INFO - Creating merged subsets from create_demographics_dfs function
2024-08-07 12:45:10,498 - INFO - Created 11 merged subsets successfully.
2024-08-07 12:45:10,499 - INFO - Subset 1 demographic makeup: 500 1, 248 3, 153 2, 99 4
2024-08-07 12:45:10,499 - INFO - Processing subset 1...
2024-08-07 12:45:10,499 - INFO - -----------------------------
2024-08-07 12:45:10,499 - INFO - TRAIN MODEL STAGE STARTING FOR SUBSET 1...
2024-08-07 12:45:10,499 - INFO - -----------------------------
2024-08-07 12:45:10,505 - INFO - Scaling features and applying LASSO for feature selection...
2024-08-07 12:45:12,266 - INFO - Selected features (including required): ['who', 'RaceEth', 'age', 'is_female', 'is_hispanic', 'unemployed', 'unstableliving', 'education', 'marital', 'UDS_Amphetamine_Count', 'UDS_Benzodiazepine_Count', 'UDS_Buprenorphine_Count', 'UDS_Cocaine_Count', 'UDS_Methadone_Count', 'UDS_Opioid_Count', 'UDS_Sedatives_Count', 'UDS_Thc_Count', 'pain', 'has_schizophrenia', 'has_major_dep', 'has_bipolar', 'has_anx_pan', 'has_brain_damage', 'has_epilepsy', 'has_opiates_dx', 'has_alcol_dx', 'has_amphetamines_dx', 'has_cannabis_dx', 'has_cocaine_dx', 'has_sedatives_dx', 'ftnd', 'XTRT', 'shared', 'rbsivheroin', 'TLFB_Alcohol_Count', 'TLFB_Amphetamine_Count', 'TLFB_Benzodiazepine_Count', 'TLFB_Buprenorphine_Count', 'TLFB_Cocaine_Count', 'TLFB_Heroin_Count', 'TLFB_Methadone_Count', 'TLFB_Opioid_Count', 'TLFB_THC_Count', 'TLFB_Other', 'Homosexual_Behavior', 'Non_monogamous_Relationships']
2024-08-07 12:45:12,272 - INFO - Fitting logistic regression model with the selected features...
2024-08-07 12:45:12,701 - INFO - Model training completed successfully.
2024-08-07 12:45:12,701 - INFO - Calculating the dynamic threshold based on the proportion of positive outcomes...
2024-08-07 12:45:12,701 - INFO - Ratio of 1s to 0s in the outcome variable: 0.43 : 0.57
2024-08-07 12:45:12,702 - INFO - Dynamic threshold set to: 0.428
2024-08-07 12:45:12,702 - INFO - Model trained and saved successfully for subset 1.
2024-08-07 12:45:12,702 - INFO - ---------------------------
2024-08-07 12:45:12,702 - INFO - TRAIN MODEL STAGE COMPLETED FOR SUBSET 1
2024-08-07 12:45:12,702 - INFO - ---------------------------
2024-08-07 12:45:12,702 - INFO - --------------------------------
2024-08-07 12:45:12,702 - INFO - EVALUATE MODEL STAGE STARTING FOR SUBSET 1...
2024-08-07 12:45:12,702 - INFO - --------------------------------
2024-08-07 12:45:12,717 - INFO - ROC AUC Score: 0.6540095418600089
2024-08-07 12:45:12,717 - INFO - Confusion Matrix: 
[[75 68]
 [25 82]]
2024-08-07 12:45:12,717 - INFO - Precision: 0.5466666666666666
2024-08-07 12:45:12,718 - INFO - Recall: 0.7663551401869159
2024-08-07 12:45:12,718 - INFO - Model evaluated successfully for subset 1.
2024-08-07 12:45:12,718 - INFO - ------------------------------
2024-08-07 12:45:12,718 - INFO - EVALUATE MODEL STAGE COMPLETED FOR SUBSET 1
2024-08-07 12:45:12,718 - INFO - ------------------------------
2024-08-07 12:45:12,719 - INFO - Subset 2 demographic makeup: 550 1, 221 3, 140 2, 89 4
2024-08-07 12:45:12,719 - INFO - Processing subset 2...
2024-08-07 12:45:12,719 - INFO - -----------------------------
2024-08-07 12:45:12,719 - INFO - TRAIN MODEL STAGE STARTING FOR SUBSET 2...
2024-08-07 12:45:12,720 - INFO - -----------------------------
2024-08-07 12:45:12,729 - INFO - Scaling features and applying LASSO for feature selection...
2024-08-07 12:45:14,619 - INFO - Selected features (including required): ['who', 'RaceEth', 'age', 'is_female', 'is_hispanic', 'unemployed', 'unstableliving', 'education', 'marital', 'UDS_Amphetamine_Count', 'UDS_Benzodiazepine_Count', 'UDS_Buprenorphine_Count', 'UDS_Cocaine_Count', 'UDS_Methadone_Count', 'UDS_Opioid_Count', 'UDS_Sedatives_Count', 'UDS_Thc_Count', 'pain', 'has_schizophrenia', 'has_major_dep', 'has_bipolar', 'has_anx_pan', 'has_brain_damage', 'has_epilepsy', 'has_opiates_dx', 'has_alcol_dx', 'has_amphetamines_dx', 'has_cannabis_dx', 'has_cocaine_dx', 'has_sedatives_dx', 'ftnd', 'XTRT', 'shared', 'rbsivheroin', 'TLFB_Alcohol_Count', 'TLFB_Amphetamine_Count', 'TLFB_Benzodiazepine_Count', 'TLFB_Buprenorphine_Count', 'TLFB_Cocaine_Count', 'TLFB_Heroin_Count', 'TLFB_Methadone_Count', 'TLFB_Opioid_Count', 'TLFB_THC_Count', 'TLFB_Other', 'Homosexual_Behavior', 'Non_monogamous_Relationships']
2024-08-07 12:45:14,624 - INFO - Fitting logistic regression model with the selected features...
2024-08-07 12:45:15,113 - INFO - Model training completed successfully.
2024-08-07 12:45:15,113 - INFO - Calculating the dynamic threshold based on the proportion of positive outcomes...
2024-08-07 12:45:15,113 - INFO - Ratio of 1s to 0s in the outcome variable: 0.48 : 0.52
2024-08-07 12:45:15,113 - INFO - Dynamic threshold set to: 0.48
2024-08-07 12:45:15,113 - INFO - Model trained and saved successfully for subset 2.
2024-08-07 12:45:15,113 - INFO - ---------------------------
2024-08-07 12:45:15,113 - INFO - TRAIN MODEL STAGE COMPLETED FOR SUBSET 2
2024-08-07 12:45:15,114 - INFO - ---------------------------
2024-08-07 12:45:15,114 - INFO - --------------------------------
2024-08-07 12:45:15,114 - INFO - EVALUATE MODEL STAGE STARTING FOR SUBSET 2...
2024-08-07 12:45:15,114 - INFO - --------------------------------
2024-08-07 12:45:15,126 - INFO - ROC AUC Score: 0.6501282051282051
2024-08-07 12:45:15,126 - INFO - Confusion Matrix: 
[[66 64]
 [34 86]]
2024-08-07 12:45:15,126 - INFO - Precision: 0.5733333333333334
2024-08-07 12:45:15,126 - INFO - Recall: 0.7166666666666667
2024-08-07 12:45:15,126 - INFO - Model evaluated successfully for subset 2.
2024-08-07 12:45:15,126 - INFO - ------------------------------
2024-08-07 12:45:15,126 - INFO - EVALUATE MODEL STAGE COMPLETED FOR SUBSET 2
2024-08-07 12:45:15,127 - INFO - ------------------------------
2024-08-07 12:45:15,127 - INFO - Subset 3 demographic makeup: 600 1, 195 3, 123 2, 82 4
2024-08-07 12:45:15,128 - INFO - Processing subset 3...
2024-08-07 12:45:15,128 - INFO - -----------------------------
2024-08-07 12:45:15,128 - INFO - TRAIN MODEL STAGE STARTING FOR SUBSET 3...
2024-08-07 12:45:15,128 - INFO - -----------------------------
2024-08-07 12:45:15,136 - INFO - Scaling features and applying LASSO for feature selection...
2024-08-07 12:45:17,070 - INFO - Selected features (including required): ['who', 'RaceEth', 'age', 'is_female', 'is_hispanic', 'unemployed', 'unstableliving', 'education', 'marital', 'UDS_Amphetamine_Count', 'UDS_Benzodiazepine_Count', 'UDS_Buprenorphine_Count', 'UDS_Cocaine_Count', 'UDS_Methadone_Count', 'UDS_Opioid_Count', 'UDS_Sedatives_Count', 'UDS_Thc_Count', 'pain', 'has_schizophrenia', 'has_major_dep', 'has_bipolar', 'has_anx_pan', 'has_brain_damage', 'has_epilepsy', 'has_opiates_dx', 'has_alcol_dx', 'has_amphetamines_dx', 'has_cannabis_dx', 'has_cocaine_dx', 'has_sedatives_dx', 'ftnd', 'XTRT', 'shared', 'rbsivheroin', 'TLFB_Alcohol_Count', 'TLFB_Amphetamine_Count', 'TLFB_Benzodiazepine_Count', 'TLFB_Buprenorphine_Count', 'TLFB_Cocaine_Count', 'TLFB_Heroin_Count', 'TLFB_Methadone_Count', 'TLFB_Opioid_Count', 'TLFB_THC_Count', 'TLFB_Other', 'Homosexual_Behavior', 'Non_monogamous_Relationships']
2024-08-07 12:45:17,075 - INFO - Fitting logistic regression model with the selected features...
2024-08-07 12:45:17,663 - INFO - Model training completed successfully.
2024-08-07 12:45:17,663 - INFO - Calculating the dynamic threshold based on the proportion of positive outcomes...
2024-08-07 12:45:17,664 - INFO - Ratio of 1s to 0s in the outcome variable: 0.54 : 0.46
2024-08-07 12:45:17,664 - INFO - Dynamic threshold set to: 0.536
2024-08-07 12:45:17,664 - INFO - Model trained and saved successfully for subset 3.
2024-08-07 12:45:17,665 - INFO - ---------------------------
2024-08-07 12:45:17,666 - INFO - TRAIN MODEL STAGE COMPLETED FOR SUBSET 3
2024-08-07 12:45:17,668 - INFO - ---------------------------
2024-08-07 12:45:17,669 - INFO - --------------------------------
2024-08-07 12:45:17,674 - INFO - EVALUATE MODEL STAGE STARTING FOR SUBSET 3...
2024-08-07 12:45:17,677 - INFO - --------------------------------
2024-08-07 12:45:17,699 - INFO - ROC AUC Score: 0.6744724652599073
2024-08-07 12:45:17,700 - INFO - Confusion Matrix: 
[[81 35]
 [59 75]]
2024-08-07 12:45:17,700 - INFO - Precision: 0.6818181818181818
2024-08-07 12:45:17,701 - INFO - Recall: 0.5597014925373134
2024-08-07 12:45:17,702 - INFO - Model evaluated successfully for subset 3.
2024-08-07 12:45:17,703 - INFO - ------------------------------
2024-08-07 12:45:17,705 - INFO - EVALUATE MODEL STAGE COMPLETED FOR SUBSET 3
2024-08-07 12:45:17,705 - INFO - ------------------------------
2024-08-07 12:45:17,707 - INFO - Subset 4 demographic makeup: 650 1, 169 3, 108 2, 73 4
2024-08-07 12:45:17,707 - INFO - Processing subset 4...
2024-08-07 12:45:17,707 - INFO - -----------------------------
2024-08-07 12:45:17,707 - INFO - TRAIN MODEL STAGE STARTING FOR SUBSET 4...
2024-08-07 12:45:17,708 - INFO - -----------------------------
2024-08-07 12:45:17,722 - INFO - Scaling features and applying LASSO for feature selection...
2024-08-07 12:45:19,415 - INFO - Selected features (including required): ['who', 'RaceEth', 'age', 'is_female', 'is_hispanic', 'unemployed', 'unstableliving', 'education', 'marital', 'UDS_Amphetamine_Count', 'UDS_Benzodiazepine_Count', 'UDS_Buprenorphine_Count', 'UDS_Cocaine_Count', 'UDS_Methadone_Count', 'UDS_Opioid_Count', 'UDS_Sedatives_Count', 'UDS_Thc_Count', 'pain', 'has_schizophrenia', 'has_major_dep', 'has_bipolar', 'has_anx_pan', 'has_brain_damage', 'has_epilepsy', 'has_opiates_dx', 'has_alcol_dx', 'has_amphetamines_dx', 'has_cannabis_dx', 'has_cocaine_dx', 'has_sedatives_dx', 'ftnd', 'XTRT', 'shared', 'rbsivheroin', 'TLFB_Alcohol_Count', 'TLFB_Amphetamine_Count', 'TLFB_Benzodiazepine_Count', 'TLFB_Buprenorphine_Count', 'TLFB_Cocaine_Count', 'TLFB_Heroin_Count', 'TLFB_Methadone_Count', 'TLFB_Opioid_Count', 'TLFB_THC_Count', 'TLFB_Other', 'Homosexual_Behavior', 'Non_monogamous_Relationships']
2024-08-07 12:45:19,420 - INFO - Fitting logistic regression model with the selected features...
2024-08-07 12:45:19,849 - INFO - Model training completed successfully.
2024-08-07 12:45:19,850 - INFO - Calculating the dynamic threshold based on the proportion of positive outcomes...
2024-08-07 12:45:19,850 - INFO - Ratio of 1s to 0s in the outcome variable: 0.56 : 0.44
2024-08-07 12:45:19,850 - INFO - Dynamic threshold set to: 0.556
2024-08-07 12:45:19,850 - INFO - Model trained and saved successfully for subset 4.
2024-08-07 12:45:19,850 - INFO - ---------------------------
2024-08-07 12:45:19,850 - INFO - TRAIN MODEL STAGE COMPLETED FOR SUBSET 4
2024-08-07 12:45:19,850 - INFO - ---------------------------
2024-08-07 12:45:19,850 - INFO - --------------------------------
2024-08-07 12:45:19,850 - INFO - EVALUATE MODEL STAGE STARTING FOR SUBSET 4...
2024-08-07 12:45:19,850 - INFO - --------------------------------
2024-08-07 12:45:19,868 - INFO - ROC AUC Score: 0.6677684879123728
2024-08-07 12:45:19,869 - INFO - Confusion Matrix: 
[[78 33]
 [74 65]]
2024-08-07 12:45:19,870 - INFO - Precision: 0.6632653061224489
2024-08-07 12:45:19,874 - INFO - Recall: 0.4676258992805755
2024-08-07 12:45:19,876 - INFO - Model evaluated successfully for subset 4.
2024-08-07 12:45:19,876 - INFO - ------------------------------
2024-08-07 12:45:19,876 - INFO - EVALUATE MODEL STAGE COMPLETED FOR SUBSET 4
2024-08-07 12:45:19,877 - INFO - ------------------------------
2024-08-07 12:45:19,878 - INFO - Subset 5 demographic makeup: 700 1, 145 3, 93 2, 62 4
2024-08-07 12:45:19,878 - INFO - Processing subset 5...
2024-08-07 12:45:19,879 - INFO - -----------------------------
2024-08-07 12:45:19,882 - INFO - TRAIN MODEL STAGE STARTING FOR SUBSET 5...
2024-08-07 12:45:19,884 - INFO - -----------------------------
2024-08-07 12:45:19,894 - INFO - Scaling features and applying LASSO for feature selection...
2024-08-07 12:45:21,874 - INFO - Selected features (including required): ['who', 'RaceEth', 'age', 'is_female', 'is_hispanic', 'unemployed', 'unstableliving', 'education', 'marital', 'UDS_Amphetamine_Count', 'UDS_Benzodiazepine_Count', 'UDS_Buprenorphine_Count', 'UDS_Cocaine_Count', 'UDS_Methadone_Count', 'UDS_Opioid_Count', 'UDS_Sedatives_Count', 'UDS_Thc_Count', 'pain', 'has_schizophrenia', 'has_major_dep', 'has_bipolar', 'has_anx_pan', 'has_brain_damage', 'has_epilepsy', 'has_opiates_dx', 'has_alcol_dx', 'has_amphetamines_dx', 'has_cannabis_dx', 'has_cocaine_dx', 'has_sedatives_dx', 'ftnd', 'XTRT', 'shared', 'rbsivheroin', 'TLFB_Alcohol_Count', 'TLFB_Amphetamine_Count', 'TLFB_Benzodiazepine_Count', 'TLFB_Buprenorphine_Count', 'TLFB_Cocaine_Count', 'TLFB_Heroin_Count', 'TLFB_Methadone_Count', 'TLFB_Opioid_Count', 'TLFB_THC_Count', 'TLFB_Other', 'Homosexual_Behavior', 'Non_monogamous_Relationships']
2024-08-07 12:45:21,879 - INFO - Fitting logistic regression model with the selected features...
2024-08-07 12:45:22,337 - INFO - Model training completed successfully.
2024-08-07 12:45:22,337 - INFO - Calculating the dynamic threshold based on the proportion of positive outcomes...
2024-08-07 12:45:22,337 - INFO - Ratio of 1s to 0s in the outcome variable: 0.48 : 0.52
2024-08-07 12:45:22,337 - INFO - Dynamic threshold set to: 0.48
2024-08-07 12:45:22,337 - INFO - Model trained and saved successfully for subset 5.
2024-08-07 12:45:22,337 - INFO - ---------------------------
2024-08-07 12:45:22,338 - INFO - TRAIN MODEL STAGE COMPLETED FOR SUBSET 5
2024-08-07 12:45:22,338 - INFO - ---------------------------
2024-08-07 12:45:22,338 - INFO - --------------------------------
2024-08-07 12:45:22,338 - INFO - EVALUATE MODEL STAGE STARTING FOR SUBSET 5...
2024-08-07 12:45:22,338 - INFO - --------------------------------
2024-08-07 12:45:22,350 - INFO - ROC AUC Score: 0.6412179487179487
2024-08-07 12:45:22,350 - INFO - Confusion Matrix: 
[[56 74]
 [30 90]]
2024-08-07 12:45:22,350 - INFO - Precision: 0.5487804878048781
2024-08-07 12:45:22,351 - INFO - Recall: 0.75
2024-08-07 12:45:22,351 - INFO - Model evaluated successfully for subset 5.
2024-08-07 12:45:22,351 - INFO - ------------------------------
2024-08-07 12:45:22,351 - INFO - EVALUATE MODEL STAGE COMPLETED FOR SUBSET 5
2024-08-07 12:45:22,351 - INFO - ------------------------------
2024-08-07 12:45:22,352 - INFO - Subset 6 demographic makeup: 750 1, 126 3, 73 2, 51 4
2024-08-07 12:45:22,352 - INFO - Processing subset 6...
2024-08-07 12:45:22,353 - INFO - -----------------------------
2024-08-07 12:45:22,353 - INFO - TRAIN MODEL STAGE STARTING FOR SUBSET 6...
2024-08-07 12:45:22,353 - INFO - -----------------------------
2024-08-07 12:45:22,361 - INFO - Scaling features and applying LASSO for feature selection...
2024-08-07 12:45:24,293 - INFO - Selected features (including required): ['who', 'RaceEth', 'age', 'is_female', 'is_hispanic', 'unemployed', 'unstableliving', 'education', 'marital', 'UDS_Amphetamine_Count', 'UDS_Benzodiazepine_Count', 'UDS_Buprenorphine_Count', 'UDS_Cocaine_Count', 'UDS_Methadone_Count', 'UDS_Opioid_Count', 'UDS_Sedatives_Count', 'UDS_Thc_Count', 'pain', 'has_schizophrenia', 'has_major_dep', 'has_bipolar', 'has_anx_pan', 'has_brain_damage', 'has_epilepsy', 'has_opiates_dx', 'has_alcol_dx', 'has_amphetamines_dx', 'has_cannabis_dx', 'has_cocaine_dx', 'has_sedatives_dx', 'ftnd', 'XTRT', 'shared', 'rbsivheroin', 'TLFB_Alcohol_Count', 'TLFB_Amphetamine_Count', 'TLFB_Benzodiazepine_Count', 'TLFB_Buprenorphine_Count', 'TLFB_Cocaine_Count', 'TLFB_Heroin_Count', 'TLFB_Methadone_Count', 'TLFB_Opioid_Count', 'TLFB_THC_Count', 'TLFB_Other', 'Homosexual_Behavior', 'Non_monogamous_Relationships']
2024-08-07 12:45:24,298 - INFO - Fitting logistic regression model with the selected features...
2024-08-07 12:45:24,990 - INFO - Model training completed successfully.
2024-08-07 12:45:24,990 - INFO - Calculating the dynamic threshold based on the proportion of positive outcomes...
2024-08-07 12:45:24,991 - INFO - Ratio of 1s to 0s in the outcome variable: 0.50 : 0.50
2024-08-07 12:45:24,991 - INFO - Dynamic threshold set to: 0.504
2024-08-07 12:45:24,991 - INFO - Model trained and saved successfully for subset 6.
2024-08-07 12:45:24,991 - INFO - ---------------------------
2024-08-07 12:45:24,991 - INFO - TRAIN MODEL STAGE COMPLETED FOR SUBSET 6
2024-08-07 12:45:24,991 - INFO - ---------------------------
2024-08-07 12:45:24,991 - INFO - --------------------------------
2024-08-07 12:45:24,991 - INFO - EVALUATE MODEL STAGE STARTING FOR SUBSET 6...
2024-08-07 12:45:24,991 - INFO - --------------------------------
2024-08-07 12:45:25,005 - INFO - ROC AUC Score: 0.6296082949308756
2024-08-07 12:45:25,017 - INFO - Confusion Matrix: 
[[61 63]
 [47 79]]
2024-08-07 12:45:25,017 - INFO - Precision: 0.5563380281690141
2024-08-07 12:45:25,018 - INFO - Recall: 0.626984126984127
2024-08-07 12:45:25,019 - INFO - Model evaluated successfully for subset 6.
2024-08-07 12:45:25,020 - INFO - ------------------------------
2024-08-07 12:45:25,020 - INFO - EVALUATE MODEL STAGE COMPLETED FOR SUBSET 6
2024-08-07 12:45:25,020 - INFO - ------------------------------
2024-08-07 12:45:25,022 - INFO - Subset 7 demographic makeup: 800 1, 104 3, 59 2, 37 4
2024-08-07 12:45:25,027 - INFO - Processing subset 7...
2024-08-07 12:45:25,027 - INFO - -----------------------------
2024-08-07 12:45:25,028 - INFO - TRAIN MODEL STAGE STARTING FOR SUBSET 7...
2024-08-07 12:45:25,029 - INFO - -----------------------------
2024-08-07 12:45:25,037 - INFO - Scaling features and applying LASSO for feature selection...
2024-08-07 12:45:28,189 - INFO - Selected features (including required): ['who', 'RaceEth', 'age', 'is_female', 'is_hispanic', 'unemployed', 'unstableliving', 'education', 'marital', 'UDS_Amphetamine_Count', 'UDS_Benzodiazepine_Count', 'UDS_Buprenorphine_Count', 'UDS_Cocaine_Count', 'UDS_Methadone_Count', 'UDS_Opioid_Count', 'UDS_Sedatives_Count', 'UDS_Thc_Count', 'pain', 'has_schizophrenia', 'has_major_dep', 'has_bipolar', 'has_anx_pan', 'has_brain_damage', 'has_epilepsy', 'has_opiates_dx', 'has_alcol_dx', 'has_amphetamines_dx', 'has_cannabis_dx', 'has_cocaine_dx', 'has_sedatives_dx', 'ftnd', 'XTRT', 'shared', 'rbsivheroin', 'TLFB_Alcohol_Count', 'TLFB_Amphetamine_Count', 'TLFB_Benzodiazepine_Count', 'TLFB_Buprenorphine_Count', 'TLFB_Cocaine_Count', 'TLFB_Heroin_Count', 'TLFB_Methadone_Count', 'TLFB_Opioid_Count', 'TLFB_THC_Count', 'TLFB_Other', 'Homosexual_Behavior', 'Non_monogamous_Relationships']
2024-08-07 12:45:28,194 - INFO - Fitting logistic regression model with the selected features...
2024-08-07 12:45:28,715 - INFO - Model training completed successfully.
2024-08-07 12:45:28,716 - INFO - Calculating the dynamic threshold based on the proportion of positive outcomes...
2024-08-07 12:45:28,716 - INFO - Ratio of 1s to 0s in the outcome variable: 0.47 : 0.53
2024-08-07 12:45:28,716 - INFO - Dynamic threshold set to: 0.472
2024-08-07 12:45:28,716 - INFO - Model trained and saved successfully for subset 7.
2024-08-07 12:45:28,716 - INFO - ---------------------------
2024-08-07 12:45:28,716 - INFO - TRAIN MODEL STAGE COMPLETED FOR SUBSET 7
2024-08-07 12:45:28,716 - INFO - ---------------------------
2024-08-07 12:45:28,716 - INFO - --------------------------------
2024-08-07 12:45:28,716 - INFO - EVALUATE MODEL STAGE STARTING FOR SUBSET 7...
2024-08-07 12:45:28,716 - INFO - --------------------------------
2024-08-07 12:45:28,729 - INFO - ROC AUC Score: 0.6438751926040062
2024-08-07 12:45:28,729 - INFO - Confusion Matrix: 
[[57 75]
 [27 91]]
2024-08-07 12:45:28,729 - INFO - Precision: 0.5481927710843374
2024-08-07 12:45:28,730 - INFO - Recall: 0.7711864406779662
2024-08-07 12:45:28,734 - INFO - Model evaluated successfully for subset 7.
2024-08-07 12:45:28,736 - INFO - ------------------------------
2024-08-07 12:45:28,737 - INFO - EVALUATE MODEL STAGE COMPLETED FOR SUBSET 7
2024-08-07 12:45:28,737 - INFO - ------------------------------
2024-08-07 12:45:28,741 - INFO - Subset 8 demographic makeup: 850 1, 77 3, 46 2, 27 4
2024-08-07 12:45:28,741 - INFO - Processing subset 8...
2024-08-07 12:45:28,746 - INFO - -----------------------------
2024-08-07 12:45:28,747 - INFO - TRAIN MODEL STAGE STARTING FOR SUBSET 8...
2024-08-07 12:45:28,747 - INFO - -----------------------------
2024-08-07 12:45:28,759 - INFO - Scaling features and applying LASSO for feature selection...
2024-08-07 12:45:30,728 - INFO - Selected features (including required): ['who', 'RaceEth', 'age', 'is_female', 'is_hispanic', 'unemployed', 'unstableliving', 'education', 'marital', 'UDS_Amphetamine_Count', 'UDS_Benzodiazepine_Count', 'UDS_Buprenorphine_Count', 'UDS_Cocaine_Count', 'UDS_Methadone_Count', 'UDS_Opioid_Count', 'UDS_Sedatives_Count', 'UDS_Thc_Count', 'pain', 'has_schizophrenia', 'has_major_dep', 'has_bipolar', 'has_anx_pan', 'has_brain_damage', 'has_epilepsy', 'has_opiates_dx', 'has_alcol_dx', 'has_amphetamines_dx', 'has_cannabis_dx', 'has_cocaine_dx', 'has_sedatives_dx', 'ftnd', 'XTRT', 'shared', 'rbsivheroin', 'TLFB_Alcohol_Count', 'TLFB_Amphetamine_Count', 'TLFB_Benzodiazepine_Count', 'TLFB_Buprenorphine_Count', 'TLFB_Cocaine_Count', 'TLFB_Heroin_Count', 'TLFB_Methadone_Count', 'TLFB_Opioid_Count', 'TLFB_THC_Count', 'TLFB_Other', 'Homosexual_Behavior', 'Non_monogamous_Relationships']
2024-08-07 12:45:30,733 - INFO - Fitting logistic regression model with the selected features...
2024-08-07 12:45:31,163 - INFO - Model training completed successfully.
2024-08-07 12:45:31,163 - INFO - Calculating the dynamic threshold based on the proportion of positive outcomes...
2024-08-07 12:45:31,163 - INFO - Ratio of 1s to 0s in the outcome variable: 0.55 : 0.45
2024-08-07 12:45:31,163 - INFO - Dynamic threshold set to: 0.552
2024-08-07 12:45:31,163 - INFO - Model trained and saved successfully for subset 8.
2024-08-07 12:45:31,163 - INFO - ---------------------------
2024-08-07 12:45:31,164 - INFO - TRAIN MODEL STAGE COMPLETED FOR SUBSET 8
2024-08-07 12:45:31,164 - INFO - ---------------------------
2024-08-07 12:45:31,164 - INFO - --------------------------------
2024-08-07 12:45:31,164 - INFO - EVALUATE MODEL STAGE STARTING FOR SUBSET 8...
2024-08-07 12:45:31,164 - INFO - --------------------------------
2024-08-07 12:45:31,177 - INFO - ROC AUC Score: 0.6554089026915113
2024-08-07 12:45:31,177 - INFO - Confusion Matrix: 
[[71 41]
 [53 85]]
2024-08-07 12:45:31,177 - INFO - Precision: 0.6746031746031746
2024-08-07 12:45:31,177 - INFO - Recall: 0.6159420289855072
2024-08-07 12:45:31,178 - INFO - Model evaluated successfully for subset 8.
2024-08-07 12:45:31,178 - INFO - ------------------------------
2024-08-07 12:45:31,178 - INFO - EVALUATE MODEL STAGE COMPLETED FOR SUBSET 8
2024-08-07 12:45:31,178 - INFO - ------------------------------
2024-08-07 12:45:31,179 - INFO - Subset 9 demographic makeup: 900 1, 50 3, 32 2, 18 4
2024-08-07 12:45:31,179 - INFO - Processing subset 9...
2024-08-07 12:45:31,179 - INFO - -----------------------------
2024-08-07 12:45:31,179 - INFO - TRAIN MODEL STAGE STARTING FOR SUBSET 9...
2024-08-07 12:45:31,179 - INFO - -----------------------------
2024-08-07 12:45:31,185 - INFO - Scaling features and applying LASSO for feature selection...
2024-08-07 12:45:33,309 - INFO - Selected features (including required): ['who', 'RaceEth', 'age', 'is_female', 'is_hispanic', 'unemployed', 'unstableliving', 'education', 'marital', 'UDS_Amphetamine_Count', 'UDS_Benzodiazepine_Count', 'UDS_Buprenorphine_Count', 'UDS_Cocaine_Count', 'UDS_Methadone_Count', 'UDS_Opioid_Count', 'UDS_Sedatives_Count', 'UDS_Thc_Count', 'pain', 'has_schizophrenia', 'has_major_dep', 'has_bipolar', 'has_anx_pan', 'has_brain_damage', 'has_epilepsy', 'has_opiates_dx', 'has_alcol_dx', 'has_amphetamines_dx', 'has_cannabis_dx', 'has_cocaine_dx', 'has_sedatives_dx', 'ftnd', 'XTRT', 'shared', 'rbsivheroin', 'TLFB_Alcohol_Count', 'TLFB_Amphetamine_Count', 'TLFB_Benzodiazepine_Count', 'TLFB_Buprenorphine_Count', 'TLFB_Cocaine_Count', 'TLFB_Heroin_Count', 'TLFB_Methadone_Count', 'TLFB_Opioid_Count', 'TLFB_THC_Count', 'TLFB_Other', 'Homosexual_Behavior', 'Non_monogamous_Relationships']
2024-08-07 12:45:33,316 - INFO - Fitting logistic regression model with the selected features...
2024-08-07 12:45:34,083 - INFO - Model training completed successfully.
2024-08-07 12:45:34,083 - INFO - Calculating the dynamic threshold based on the proportion of positive outcomes...
2024-08-07 12:45:34,085 - INFO - Ratio of 1s to 0s in the outcome variable: 0.52 : 0.48
2024-08-07 12:45:34,085 - INFO - Dynamic threshold set to: 0.524
2024-08-07 12:45:34,086 - INFO - Model trained and saved successfully for subset 9.
2024-08-07 12:45:34,086 - INFO - ---------------------------
2024-08-07 12:45:34,087 - INFO - TRAIN MODEL STAGE COMPLETED FOR SUBSET 9
2024-08-07 12:45:34,087 - INFO - ---------------------------
2024-08-07 12:45:34,088 - INFO - --------------------------------
2024-08-07 12:45:34,088 - INFO - EVALUATE MODEL STAGE STARTING FOR SUBSET 9...
2024-08-07 12:45:34,088 - INFO - --------------------------------
2024-08-07 12:45:34,102 - INFO - ROC AUC Score: 0.6583488357174931
2024-08-07 12:45:34,106 - INFO - Confusion Matrix: 
[[71 48]
 [49 82]]
2024-08-07 12:45:34,108 - INFO - Precision: 0.6307692307692307
2024-08-07 12:45:34,109 - INFO - Recall: 0.6259541984732825
2024-08-07 12:45:34,109 - INFO - Model evaluated successfully for subset 9.
2024-08-07 12:45:34,110 - INFO - ------------------------------
2024-08-07 12:45:34,111 - INFO - EVALUATE MODEL STAGE COMPLETED FOR SUBSET 9
2024-08-07 12:45:34,112 - INFO - ------------------------------
2024-08-07 12:45:34,119 - INFO - Subset 10 demographic makeup: 950 1, 25 3, 16 2, 9 4
2024-08-07 12:45:34,119 - INFO - Processing subset 10...
2024-08-07 12:45:34,119 - INFO - -----------------------------
2024-08-07 12:45:34,121 - INFO - TRAIN MODEL STAGE STARTING FOR SUBSET 10...
2024-08-07 12:45:34,121 - INFO - -----------------------------
2024-08-07 12:45:34,132 - INFO - Scaling features and applying LASSO for feature selection...
2024-08-07 12:45:36,217 - INFO - Selected features (including required): ['who', 'RaceEth', 'age', 'is_female', 'is_hispanic', 'unemployed', 'unstableliving', 'education', 'marital', 'UDS_Amphetamine_Count', 'UDS_Benzodiazepine_Count', 'UDS_Buprenorphine_Count', 'UDS_Cocaine_Count', 'UDS_Methadone_Count', 'UDS_Opioid_Count', 'UDS_Sedatives_Count', 'UDS_Thc_Count', 'pain', 'has_schizophrenia', 'has_major_dep', 'has_bipolar', 'has_anx_pan', 'has_brain_damage', 'has_epilepsy', 'has_opiates_dx', 'has_alcol_dx', 'has_amphetamines_dx', 'has_cannabis_dx', 'has_cocaine_dx', 'has_sedatives_dx', 'ftnd', 'XTRT', 'shared', 'rbsivheroin', 'TLFB_Alcohol_Count', 'TLFB_Amphetamine_Count', 'TLFB_Benzodiazepine_Count', 'TLFB_Buprenorphine_Count', 'TLFB_Cocaine_Count', 'TLFB_Heroin_Count', 'TLFB_Methadone_Count', 'TLFB_Opioid_Count', 'TLFB_THC_Count', 'TLFB_Other', 'Homosexual_Behavior', 'Non_monogamous_Relationships']
2024-08-07 12:45:36,222 - INFO - Fitting logistic regression model with the selected features...
2024-08-07 12:45:36,787 - INFO - Model training completed successfully.
2024-08-07 12:45:36,787 - INFO - Calculating the dynamic threshold based on the proportion of positive outcomes...
2024-08-07 12:45:36,787 - INFO - Ratio of 1s to 0s in the outcome variable: 0.52 : 0.48
2024-08-07 12:45:36,787 - INFO - Dynamic threshold set to: 0.524
2024-08-07 12:45:36,788 - INFO - Model trained and saved successfully for subset 10.
2024-08-07 12:45:36,788 - INFO - ---------------------------
2024-08-07 12:45:36,788 - INFO - TRAIN MODEL STAGE COMPLETED FOR SUBSET 10
2024-08-07 12:45:36,788 - INFO - ---------------------------
2024-08-07 12:45:36,788 - INFO - --------------------------------
2024-08-07 12:45:36,788 - INFO - EVALUATE MODEL STAGE STARTING FOR SUBSET 10...
2024-08-07 12:45:36,788 - INFO - --------------------------------
2024-08-07 12:45:36,800 - INFO - ROC AUC Score: 0.6199243056001026
2024-08-07 12:45:36,801 - INFO - Confusion Matrix: 
[[59 60]
 [49 82]]
2024-08-07 12:45:36,801 - INFO - Precision: 0.5774647887323944
2024-08-07 12:45:36,801 - INFO - Recall: 0.6259541984732825
2024-08-07 12:45:36,801 - INFO - Model evaluated successfully for subset 10.
2024-08-07 12:45:36,801 - INFO - ------------------------------
2024-08-07 12:45:36,801 - INFO - EVALUATE MODEL STAGE COMPLETED FOR SUBSET 10
2024-08-07 12:45:36,801 - INFO - ------------------------------
2024-08-07 12:45:36,802 - INFO - Subset 11 demographic makeup: 1000 1
2024-08-07 12:45:36,802 - INFO - Processing subset 11...
2024-08-07 12:45:36,802 - INFO - -----------------------------
2024-08-07 12:45:36,802 - INFO - TRAIN MODEL STAGE STARTING FOR SUBSET 11...
2024-08-07 12:45:36,802 - INFO - -----------------------------
2024-08-07 12:45:36,812 - INFO - Scaling features and applying LASSO for feature selection...
2024-08-07 12:45:39,142 - INFO - Selected features (including required): ['who', 'age', 'is_female', 'unemployed', 'unstableliving', 'education', 'marital', 'UDS_Amphetamine_Count', 'UDS_Benzodiazepine_Count', 'UDS_Buprenorphine_Count', 'UDS_Cocaine_Count', 'UDS_Methadone_Count', 'UDS_Opioid_Count', 'UDS_Sedatives_Count', 'UDS_Thc_Count', 'pain', 'has_schizophrenia', 'has_major_dep', 'has_bipolar', 'has_anx_pan', 'has_brain_damage', 'has_epilepsy', 'has_opiates_dx', 'has_alcol_dx', 'has_amphetamines_dx', 'has_cannabis_dx', 'has_cocaine_dx', 'has_sedatives_dx', 'ftnd', 'XTRT', 'shared', 'rbsivheroin', 'TLFB_Alcohol_Count', 'TLFB_Amphetamine_Count', 'TLFB_Benzodiazepine_Count', 'TLFB_Buprenorphine_Count', 'TLFB_Cocaine_Count', 'TLFB_Heroin_Count', 'TLFB_Methadone_Count', 'TLFB_Opioid_Count', 'TLFB_THC_Count', 'TLFB_Other', 'Homosexual_Behavior', 'Non_monogamous_Relationships']
2024-08-07 12:45:39,147 - INFO - Fitting logistic regression model with the selected features...
2024-08-07 12:45:39,606 - INFO - Model training completed successfully.
2024-08-07 12:45:39,615 - INFO - Calculating the dynamic threshold based on the proportion of positive outcomes...
2024-08-07 12:45:39,616 - INFO - Ratio of 1s to 0s in the outcome variable: 0.54 : 0.46
2024-08-07 12:45:39,617 - INFO - Dynamic threshold set to: 0.544
2024-08-07 12:45:39,617 - INFO - Model trained and saved successfully for subset 11.
2024-08-07 12:45:39,617 - INFO - ---------------------------
2024-08-07 12:45:39,618 - INFO - TRAIN MODEL STAGE COMPLETED FOR SUBSET 11
2024-08-07 12:45:39,618 - INFO - ---------------------------
2024-08-07 12:45:39,619 - INFO - --------------------------------
2024-08-07 12:45:39,619 - INFO - EVALUATE MODEL STAGE STARTING FOR SUBSET 11...
2024-08-07 12:45:39,619 - INFO - --------------------------------
2024-08-07 12:45:39,645 - INFO - ROC AUC Score: 0.6741486068111455
2024-08-07 12:45:39,647 - INFO - Confusion Matrix: 
[[67 47]
 [50 86]]
2024-08-07 12:45:39,649 - INFO - Precision: 0.6466165413533834
2024-08-07 12:45:39,650 - INFO - Recall: 0.6323529411764706
2024-08-07 12:45:39,650 - INFO - Model evaluated successfully for subset 11.
2024-08-07 12:45:39,652 - INFO - ------------------------------
2024-08-07 12:45:39,652 - INFO - EVALUATE MODEL STAGE COMPLETED FOR SUBSET 11
2024-08-07 12:45:39,653 - INFO - ------------------------------
2024-08-07 12:45:39,654 - INFO - ------------------
2024-08-07 12:45:39,656 - INFO - PIPELINE COMPLETED
2024-08-07 12:45:39,656 - INFO - ------------------
