2024-08-07 12:10:27,624 - INFO - Global Seed set to: 4
2024-08-07 12:10:27,626 - INFO - Outcome Name: Rs_krupitsky_2004
2024-08-07 12:10:27,701 - INFO - Datasets loaded successfully.
2024-08-07 12:10:27,723 - INFO - Starting preprocessing of the merged dataset...
2024-08-07 12:10:27,723 - INFO - ---------------------------------
2024-08-07 12:10:27,723 - INFO - PRE-PROCESSING STAGE STARTING...
2024-08-07 12:10:27,724 - INFO - ---------------------------------
2024-08-07 12:10:28,014 - INFO - Dropped initial columns: ['pain_when', 'is_smoker', 'per_day', 'max', 'amount', 'depression', 'anxiety', 'schizophrenia', 'max', 'amount', 'cocaine_inject_days', 'speedball_inject_days', 'opioid_inject_days', 'speed_inject_days', 'UDS_Alcohol_Count', 'UDS_Mdma/Hallucinogen_Count']
2024-08-07 12:10:28,184 - INFO - Converted Yes/No to binary.
2024-08-07 12:10:28,214 - INFO - Processed TLFB columns with specified columns: ['TLFB_Alcohol_Count', 'TLFB_Amphetamine_Count', 'TLFB_Cocaine_Count', 'TLFB_Heroin_Count', 'TLFB_Benzodiazepine_Count', 'TLFB_Opioid_Count', 'TLFB_THC_Count', 'TLFB_Methadone_Count', 'TLFB_Buprenorphine_Count']
2024-08-07 12:10:28,298 - INFO - Calculated behavioral columns.
2024-08-07 12:10:28,303 - INFO - Moved 'Rs_krupitsky_2004' column to the end.
2024-08-07 12:10:28,615 - INFO - Dropped initial columns: ['msm_npt', 'msm_frq', 'txx_prt']
2024-08-07 12:10:28,672 - INFO - transform_data_with_nan_handling success
2024-08-07 12:10:28,675 - INFO - Renamed columns according to the mapping.
2024-08-07 12:10:28,718 - INFO - Transformed NaN to 0 for binary columns.
2024-08-07 12:10:28,720 - INFO - Transformed and renamed 'heroin_inject_days' column to 'rbsivheroin'.
2024-08-07 12:10:28,731 - INFO - Filled NaN with 0 for 'ftnd' column.
2024-08-07 12:10:28,973 - INFO - Dropped additional columns: ['rbs_iv_days', 'race', 'RBS_cocaine_Days', 'RBS_heroin_Days', 'RBS_opioid_Days', 'RBS_speed_Days', 'RBS_speedball_Days']
2024-08-07 12:10:29,050 - INFO - Converted UDS drug counts to binary.
2024-08-07 12:10:29,203 - INFO - ------------------------------
2024-08-07 12:10:29,203 - INFO - PRE-PROCESSING STAGE COMPLETED
2024-08-07 12:10:29,203 - INFO - ------------------------------
2024-08-07 12:10:29,203 - INFO - Merged dataset preprocessed successfully.
2024-08-07 12:10:29,224 - INFO - Creating demographic subsets from preprocessed data...
2024-08-07 12:10:44,777 - INFO - Created 11 subsets successfully.
2024-08-07 12:10:44,778 - INFO - Creating merged subsets from create_demographics_dfs function
2024-08-07 12:10:44,862 - INFO - Created 11 merged subsets successfully.
2024-08-07 12:10:44,865 - INFO - Subset 1 demographic makeup: 500 1, 248 3, 153 2, 99 4
2024-08-07 12:10:44,866 - INFO - Processing subset 1...
2024-08-07 12:10:44,866 - INFO - -----------------------------
2024-08-07 12:10:44,866 - INFO - TRAIN MODEL STAGE STARTING FOR SUBSET 1...
2024-08-07 12:10:44,866 - INFO - -----------------------------
2024-08-07 12:10:44,871 - INFO - Scaling features and applying LASSO for feature selection...
2024-08-07 12:10:47,209 - INFO - Selected features (including required): ['who', 'RaceEth', 'age', 'is_female', 'is_hispanic', 'unemployed', 'unstableliving', 'education', 'marital', 'UDS_Amphetamine_Count', 'UDS_Benzodiazepine_Count', 'UDS_Buprenorphine_Count', 'UDS_Cocaine_Count', 'UDS_Methadone_Count', 'UDS_Opioid_Count', 'UDS_Sedatives_Count', 'UDS_Thc_Count', 'pain', 'has_schizophrenia', 'has_major_dep', 'has_bipolar', 'has_anx_pan', 'has_brain_damage', 'has_epilepsy', 'has_opiates_dx', 'has_alcol_dx', 'has_amphetamines_dx', 'has_cannabis_dx', 'has_cocaine_dx', 'has_sedatives_dx', 'ftnd', 'XTRT', 'shared', 'rbsivheroin', 'TLFB_Alcohol_Count', 'TLFB_Amphetamine_Count', 'TLFB_Benzodiazepine_Count', 'TLFB_Buprenorphine_Count', 'TLFB_Cocaine_Count', 'TLFB_Heroin_Count', 'TLFB_Methadone_Count', 'TLFB_Opioid_Count', 'TLFB_THC_Count', 'TLFB_Other', 'Homosexual_Behavior', 'Non_monogamous_Relationships']
2024-08-07 12:10:47,214 - INFO - Fitting logistic regression model with the selected features...
2024-08-07 12:10:47,600 - INFO - Model training completed successfully.
2024-08-07 12:10:47,600 - INFO - Calculating the dynamic threshold based on the proportion of positive outcomes...
2024-08-07 12:10:47,600 - INFO - Ratio of 1s to 0s in the outcome variable: 0.85 : 0.15
2024-08-07 12:10:47,601 - INFO - Dynamic threshold set to: 0.848
2024-08-07 12:10:47,601 - INFO - Model trained and saved successfully for subset 1.
2024-08-07 12:10:47,601 - INFO - ---------------------------
2024-08-07 12:10:47,601 - INFO - TRAIN MODEL STAGE COMPLETED FOR SUBSET 1
2024-08-07 12:10:47,601 - INFO - ---------------------------
2024-08-07 12:10:47,601 - INFO - --------------------------------
2024-08-07 12:10:47,601 - INFO - EVALUATE MODEL STAGE STARTING FOR SUBSET 1...
2024-08-07 12:10:47,601 - INFO - --------------------------------
2024-08-07 12:10:47,618 - INFO - ROC AUC Score: 0.599428997020854
2024-08-07 12:10:47,619 - INFO - Confusion Matrix: 
[[ 21  17]
 [ 87 125]]
2024-08-07 12:10:47,619 - INFO - Precision: 0.8802816901408451
2024-08-07 12:10:47,619 - INFO - Recall: 0.589622641509434
2024-08-07 12:10:47,619 - INFO - Model evaluated successfully for subset 1.
2024-08-07 12:10:47,619 - INFO - ------------------------------
2024-08-07 12:10:47,619 - INFO - EVALUATE MODEL STAGE COMPLETED FOR SUBSET 1
2024-08-07 12:10:47,619 - INFO - ------------------------------
2024-08-07 12:10:47,620 - INFO - Subset 2 demographic makeup: 550 1, 221 3, 140 2, 89 4
2024-08-07 12:10:47,620 - INFO - Processing subset 2...
2024-08-07 12:10:47,620 - INFO - -----------------------------
2024-08-07 12:10:47,620 - INFO - TRAIN MODEL STAGE STARTING FOR SUBSET 2...
2024-08-07 12:10:47,620 - INFO - -----------------------------
2024-08-07 12:10:47,629 - INFO - Scaling features and applying LASSO for feature selection...
2024-08-07 12:10:49,510 - INFO - Selected features (including required): ['who', 'RaceEth', 'age', 'is_female', 'is_hispanic', 'unemployed', 'unstableliving', 'education', 'marital', 'UDS_Amphetamine_Count', 'UDS_Benzodiazepine_Count', 'UDS_Buprenorphine_Count', 'UDS_Cocaine_Count', 'UDS_Methadone_Count', 'UDS_Opioid_Count', 'UDS_Sedatives_Count', 'UDS_Thc_Count', 'pain', 'has_schizophrenia', 'has_major_dep', 'has_bipolar', 'has_anx_pan', 'has_brain_damage', 'has_epilepsy', 'has_opiates_dx', 'has_alcol_dx', 'has_amphetamines_dx', 'has_cannabis_dx', 'has_cocaine_dx', 'has_sedatives_dx', 'ftnd', 'XTRT', 'shared', 'rbsivheroin', 'TLFB_Alcohol_Count', 'TLFB_Amphetamine_Count', 'TLFB_Benzodiazepine_Count', 'TLFB_Buprenorphine_Count', 'TLFB_Cocaine_Count', 'TLFB_Heroin_Count', 'TLFB_Methadone_Count', 'TLFB_Opioid_Count', 'TLFB_THC_Count', 'TLFB_Other', 'Homosexual_Behavior', 'Non_monogamous_Relationships']
2024-08-07 12:10:49,517 - INFO - Fitting logistic regression model with the selected features...
2024-08-07 12:10:50,140 - INFO - Model training completed successfully.
2024-08-07 12:10:50,141 - INFO - Calculating the dynamic threshold based on the proportion of positive outcomes...
2024-08-07 12:10:50,142 - INFO - Ratio of 1s to 0s in the outcome variable: 0.83 : 0.17
2024-08-07 12:10:50,142 - INFO - Dynamic threshold set to: 0.828
2024-08-07 12:10:50,142 - INFO - Model trained and saved successfully for subset 2.
2024-08-07 12:10:50,143 - INFO - ---------------------------
2024-08-07 12:10:50,144 - INFO - TRAIN MODEL STAGE COMPLETED FOR SUBSET 2
2024-08-07 12:10:50,148 - INFO - ---------------------------
2024-08-07 12:10:50,148 - INFO - --------------------------------
2024-08-07 12:10:50,149 - INFO - EVALUATE MODEL STAGE STARTING FOR SUBSET 2...
2024-08-07 12:10:50,149 - INFO - --------------------------------
2024-08-07 12:10:50,174 - INFO - ROC AUC Score: 0.6157735085945399
2024-08-07 12:10:50,176 - INFO - Confusion Matrix: 
[[ 22  21]
 [ 80 127]]
2024-08-07 12:10:50,178 - INFO - Precision: 0.8581081081081081
2024-08-07 12:10:50,178 - INFO - Recall: 0.6135265700483091
2024-08-07 12:10:50,178 - INFO - Model evaluated successfully for subset 2.
2024-08-07 12:10:50,179 - INFO - ------------------------------
2024-08-07 12:10:50,180 - INFO - EVALUATE MODEL STAGE COMPLETED FOR SUBSET 2
2024-08-07 12:10:50,181 - INFO - ------------------------------
2024-08-07 12:10:50,184 - INFO - Subset 3 demographic makeup: 600 1, 195 3, 123 2, 82 4
2024-08-07 12:10:50,184 - INFO - Processing subset 3...
2024-08-07 12:10:50,185 - INFO - -----------------------------
2024-08-07 12:10:50,185 - INFO - TRAIN MODEL STAGE STARTING FOR SUBSET 3...
2024-08-07 12:10:50,186 - INFO - -----------------------------
2024-08-07 12:10:50,197 - INFO - Scaling features and applying LASSO for feature selection...
2024-08-07 12:10:52,153 - INFO - Selected features (including required): ['who', 'RaceEth', 'age', 'is_female', 'is_hispanic', 'unemployed', 'unstableliving', 'education', 'marital', 'UDS_Amphetamine_Count', 'UDS_Benzodiazepine_Count', 'UDS_Buprenorphine_Count', 'UDS_Cocaine_Count', 'UDS_Methadone_Count', 'UDS_Opioid_Count', 'UDS_Sedatives_Count', 'UDS_Thc_Count', 'pain', 'has_schizophrenia', 'has_major_dep', 'has_bipolar', 'has_anx_pan', 'has_brain_damage', 'has_epilepsy', 'has_opiates_dx', 'has_alcol_dx', 'has_amphetamines_dx', 'has_cannabis_dx', 'has_cocaine_dx', 'has_sedatives_dx', 'ftnd', 'XTRT', 'shared', 'rbsivheroin', 'TLFB_Alcohol_Count', 'TLFB_Amphetamine_Count', 'TLFB_Benzodiazepine_Count', 'TLFB_Buprenorphine_Count', 'TLFB_Cocaine_Count', 'TLFB_Heroin_Count', 'TLFB_Methadone_Count', 'TLFB_Opioid_Count', 'TLFB_THC_Count', 'TLFB_Other', 'Homosexual_Behavior', 'Non_monogamous_Relationships']
2024-08-07 12:10:52,161 - INFO - Fitting logistic regression model with the selected features...
2024-08-07 12:10:52,658 - INFO - Model training completed successfully.
2024-08-07 12:10:52,658 - INFO - Calculating the dynamic threshold based on the proportion of positive outcomes...
2024-08-07 12:10:52,659 - INFO - Ratio of 1s to 0s in the outcome variable: 0.81 : 0.19
2024-08-07 12:10:52,659 - INFO - Dynamic threshold set to: 0.812
2024-08-07 12:10:52,659 - INFO - Model trained and saved successfully for subset 3.
2024-08-07 12:10:52,659 - INFO - ---------------------------
2024-08-07 12:10:52,659 - INFO - TRAIN MODEL STAGE COMPLETED FOR SUBSET 3
2024-08-07 12:10:52,659 - INFO - ---------------------------
2024-08-07 12:10:52,659 - INFO - --------------------------------
2024-08-07 12:10:52,659 - INFO - EVALUATE MODEL STAGE STARTING FOR SUBSET 3...
2024-08-07 12:10:52,659 - INFO - --------------------------------
2024-08-07 12:10:52,671 - INFO - ROC AUC Score: 0.5883031128812493
2024-08-07 12:10:52,671 - INFO - Confusion Matrix: 
[[ 20  27]
 [ 70 133]]
2024-08-07 12:10:52,671 - INFO - Precision: 0.83125
2024-08-07 12:10:52,671 - INFO - Recall: 0.6551724137931034
2024-08-07 12:10:52,672 - INFO - Model evaluated successfully for subset 3.
2024-08-07 12:10:52,672 - INFO - ------------------------------
2024-08-07 12:10:52,672 - INFO - EVALUATE MODEL STAGE COMPLETED FOR SUBSET 3
2024-08-07 12:10:52,672 - INFO - ------------------------------
2024-08-07 12:10:52,673 - INFO - Subset 4 demographic makeup: 650 1, 169 3, 108 2, 73 4
2024-08-07 12:10:52,673 - INFO - Processing subset 4...
2024-08-07 12:10:52,673 - INFO - -----------------------------
2024-08-07 12:10:52,673 - INFO - TRAIN MODEL STAGE STARTING FOR SUBSET 4...
2024-08-07 12:10:52,673 - INFO - -----------------------------
2024-08-07 12:10:52,679 - INFO - Scaling features and applying LASSO for feature selection...
2024-08-07 12:10:54,541 - INFO - Selected features (including required): ['who', 'RaceEth', 'age', 'is_female', 'is_hispanic', 'unemployed', 'unstableliving', 'education', 'marital', 'UDS_Amphetamine_Count', 'UDS_Benzodiazepine_Count', 'UDS_Buprenorphine_Count', 'UDS_Cocaine_Count', 'UDS_Methadone_Count', 'UDS_Opioid_Count', 'UDS_Sedatives_Count', 'UDS_Thc_Count', 'pain', 'has_schizophrenia', 'has_major_dep', 'has_bipolar', 'has_anx_pan', 'has_brain_damage', 'has_epilepsy', 'has_opiates_dx', 'has_alcol_dx', 'has_amphetamines_dx', 'has_cannabis_dx', 'has_cocaine_dx', 'has_sedatives_dx', 'ftnd', 'XTRT', 'shared', 'rbsivheroin', 'TLFB_Alcohol_Count', 'TLFB_Amphetamine_Count', 'TLFB_Benzodiazepine_Count', 'TLFB_Buprenorphine_Count', 'TLFB_Cocaine_Count', 'TLFB_Heroin_Count', 'TLFB_Methadone_Count', 'TLFB_Opioid_Count', 'TLFB_THC_Count', 'TLFB_Other', 'Homosexual_Behavior', 'Non_monogamous_Relationships']
2024-08-07 12:10:54,546 - INFO - Fitting logistic regression model with the selected features...
2024-08-07 12:10:54,992 - INFO - Model training completed successfully.
2024-08-07 12:10:54,992 - INFO - Calculating the dynamic threshold based on the proportion of positive outcomes...
2024-08-07 12:10:54,992 - INFO - Ratio of 1s to 0s in the outcome variable: 0.81 : 0.19
2024-08-07 12:10:54,993 - INFO - Dynamic threshold set to: 0.808
2024-08-07 12:10:54,993 - INFO - Model trained and saved successfully for subset 4.
2024-08-07 12:10:54,993 - INFO - ---------------------------
2024-08-07 12:10:54,993 - INFO - TRAIN MODEL STAGE COMPLETED FOR SUBSET 4
2024-08-07 12:10:54,993 - INFO - ---------------------------
2024-08-07 12:10:54,993 - INFO - --------------------------------
2024-08-07 12:10:54,993 - INFO - EVALUATE MODEL STAGE STARTING FOR SUBSET 4...
2024-08-07 12:10:54,993 - INFO - --------------------------------
2024-08-07 12:10:55,007 - INFO - ROC AUC Score: 0.647174092409241
2024-08-07 12:10:55,008 - INFO - Confusion Matrix: 
[[ 29  19]
 [ 74 128]]
2024-08-07 12:10:55,009 - INFO - Precision: 0.8707482993197279
2024-08-07 12:10:55,009 - INFO - Recall: 0.6336633663366337
2024-08-07 12:10:55,009 - INFO - Model evaluated successfully for subset 4.
2024-08-07 12:10:55,009 - INFO - ------------------------------
2024-08-07 12:10:55,009 - INFO - EVALUATE MODEL STAGE COMPLETED FOR SUBSET 4
2024-08-07 12:10:55,009 - INFO - ------------------------------
2024-08-07 12:10:55,010 - INFO - Subset 5 demographic makeup: 700 1, 145 3, 93 2, 62 4
2024-08-07 12:10:55,010 - INFO - Processing subset 5...
2024-08-07 12:10:55,010 - INFO - -----------------------------
2024-08-07 12:10:55,010 - INFO - TRAIN MODEL STAGE STARTING FOR SUBSET 5...
2024-08-07 12:10:55,010 - INFO - -----------------------------
2024-08-07 12:10:55,017 - INFO - Scaling features and applying LASSO for feature selection...
2024-08-07 12:10:56,884 - INFO - Selected features (including required): ['who', 'RaceEth', 'age', 'is_female', 'is_hispanic', 'unemployed', 'unstableliving', 'education', 'marital', 'UDS_Amphetamine_Count', 'UDS_Benzodiazepine_Count', 'UDS_Buprenorphine_Count', 'UDS_Cocaine_Count', 'UDS_Methadone_Count', 'UDS_Opioid_Count', 'UDS_Sedatives_Count', 'UDS_Thc_Count', 'pain', 'has_schizophrenia', 'has_major_dep', 'has_bipolar', 'has_anx_pan', 'has_brain_damage', 'has_epilepsy', 'has_opiates_dx', 'has_alcol_dx', 'has_amphetamines_dx', 'has_cannabis_dx', 'has_cocaine_dx', 'has_sedatives_dx', 'ftnd', 'XTRT', 'shared', 'rbsivheroin', 'TLFB_Alcohol_Count', 'TLFB_Amphetamine_Count', 'TLFB_Benzodiazepine_Count', 'TLFB_Buprenorphine_Count', 'TLFB_Cocaine_Count', 'TLFB_Heroin_Count', 'TLFB_Methadone_Count', 'TLFB_Opioid_Count', 'TLFB_THC_Count', 'TLFB_Other', 'Homosexual_Behavior', 'Non_monogamous_Relationships']
2024-08-07 12:10:56,891 - INFO - Fitting logistic regression model with the selected features...
2024-08-07 12:10:57,307 - INFO - Model training completed successfully.
2024-08-07 12:10:57,308 - INFO - Calculating the dynamic threshold based on the proportion of positive outcomes...
2024-08-07 12:10:57,310 - INFO - Ratio of 1s to 0s in the outcome variable: 0.86 : 0.14
2024-08-07 12:10:57,311 - INFO - Dynamic threshold set to: 0.86
2024-08-07 12:10:57,314 - INFO - Model trained and saved successfully for subset 5.
2024-08-07 12:10:57,315 - INFO - ---------------------------
2024-08-07 12:10:57,315 - INFO - TRAIN MODEL STAGE COMPLETED FOR SUBSET 5
2024-08-07 12:10:57,316 - INFO - ---------------------------
2024-08-07 12:10:57,316 - INFO - --------------------------------
2024-08-07 12:10:57,316 - INFO - EVALUATE MODEL STAGE STARTING FOR SUBSET 5...
2024-08-07 12:10:57,317 - INFO - --------------------------------
2024-08-07 12:10:57,338 - INFO - ROC AUC Score: 0.653421926910299
2024-08-07 12:10:57,338 - INFO - Confusion Matrix: 
[[ 28   7]
 [122  93]]
2024-08-07 12:10:57,339 - INFO - Precision: 0.93
2024-08-07 12:10:57,339 - INFO - Recall: 0.4325581395348837
2024-08-07 12:10:57,339 - INFO - Model evaluated successfully for subset 5.
2024-08-07 12:10:57,339 - INFO - ------------------------------
2024-08-07 12:10:57,340 - INFO - EVALUATE MODEL STAGE COMPLETED FOR SUBSET 5
2024-08-07 12:10:57,341 - INFO - ------------------------------
2024-08-07 12:10:57,342 - INFO - Subset 6 demographic makeup: 750 1, 126 3, 73 2, 51 4
2024-08-07 12:10:57,342 - INFO - Processing subset 6...
2024-08-07 12:10:57,346 - INFO - -----------------------------
2024-08-07 12:10:57,348 - INFO - TRAIN MODEL STAGE STARTING FOR SUBSET 6...
2024-08-07 12:10:57,348 - INFO - -----------------------------
2024-08-07 12:10:57,358 - INFO - Scaling features and applying LASSO for feature selection...
2024-08-07 12:10:59,011 - INFO - Selected features (including required): ['who', 'RaceEth', 'age', 'is_female', 'is_hispanic', 'unemployed', 'unstableliving', 'education', 'marital', 'UDS_Amphetamine_Count', 'UDS_Benzodiazepine_Count', 'UDS_Buprenorphine_Count', 'UDS_Cocaine_Count', 'UDS_Methadone_Count', 'UDS_Opioid_Count', 'UDS_Sedatives_Count', 'UDS_Thc_Count', 'pain', 'has_schizophrenia', 'has_major_dep', 'has_bipolar', 'has_anx_pan', 'has_brain_damage', 'has_epilepsy', 'has_opiates_dx', 'has_alcol_dx', 'has_amphetamines_dx', 'has_cannabis_dx', 'has_cocaine_dx', 'has_sedatives_dx', 'ftnd', 'XTRT', 'shared', 'rbsivheroin', 'TLFB_Alcohol_Count', 'TLFB_Amphetamine_Count', 'TLFB_Benzodiazepine_Count', 'TLFB_Buprenorphine_Count', 'TLFB_Cocaine_Count', 'TLFB_Heroin_Count', 'TLFB_Methadone_Count', 'TLFB_Opioid_Count', 'TLFB_THC_Count', 'TLFB_Other', 'Homosexual_Behavior', 'Non_monogamous_Relationships']
2024-08-07 12:10:59,016 - INFO - Fitting logistic regression model with the selected features...
2024-08-07 12:10:59,451 - INFO - Model training completed successfully.
2024-08-07 12:10:59,451 - INFO - Calculating the dynamic threshold based on the proportion of positive outcomes...
2024-08-07 12:10:59,452 - INFO - Ratio of 1s to 0s in the outcome variable: 0.82 : 0.18
2024-08-07 12:10:59,452 - INFO - Dynamic threshold set to: 0.824
2024-08-07 12:10:59,453 - INFO - Model trained and saved successfully for subset 6.
2024-08-07 12:10:59,454 - INFO - ---------------------------
2024-08-07 12:10:59,454 - INFO - TRAIN MODEL STAGE COMPLETED FOR SUBSET 6
2024-08-07 12:10:59,456 - INFO - ---------------------------
2024-08-07 12:10:59,458 - INFO - --------------------------------
2024-08-07 12:10:59,458 - INFO - EVALUATE MODEL STAGE STARTING FOR SUBSET 6...
2024-08-07 12:10:59,459 - INFO - --------------------------------
2024-08-07 12:10:59,480 - INFO - ROC AUC Score: 0.664055604589585
2024-08-07 12:10:59,481 - INFO - Confusion Matrix: 
[[ 28  16]
 [ 81 125]]
2024-08-07 12:10:59,481 - INFO - Precision: 0.8865248226950354
2024-08-07 12:10:59,482 - INFO - Recall: 0.6067961165048543
2024-08-07 12:10:59,482 - INFO - Model evaluated successfully for subset 6.
2024-08-07 12:10:59,483 - INFO - ------------------------------
2024-08-07 12:10:59,484 - INFO - EVALUATE MODEL STAGE COMPLETED FOR SUBSET 6
2024-08-07 12:10:59,488 - INFO - ------------------------------
2024-08-07 12:10:59,490 - INFO - Subset 7 demographic makeup: 800 1, 104 3, 59 2, 37 4
2024-08-07 12:10:59,491 - INFO - Processing subset 7...
2024-08-07 12:10:59,491 - INFO - -----------------------------
2024-08-07 12:10:59,491 - INFO - TRAIN MODEL STAGE STARTING FOR SUBSET 7...
2024-08-07 12:10:59,492 - INFO - -----------------------------
2024-08-07 12:10:59,498 - INFO - Scaling features and applying LASSO for feature selection...
2024-08-07 12:11:00,743 - INFO - Selected features (including required): ['who', 'RaceEth', 'age', 'is_female', 'is_hispanic', 'unemployed', 'unstableliving', 'education', 'marital', 'UDS_Amphetamine_Count', 'UDS_Benzodiazepine_Count', 'UDS_Buprenorphine_Count', 'UDS_Cocaine_Count', 'UDS_Methadone_Count', 'UDS_Opioid_Count', 'UDS_Sedatives_Count', 'UDS_Thc_Count', 'pain', 'has_schizophrenia', 'has_major_dep', 'has_bipolar', 'has_anx_pan', 'has_brain_damage', 'has_epilepsy', 'has_opiates_dx', 'has_alcol_dx', 'has_amphetamines_dx', 'has_cannabis_dx', 'has_cocaine_dx', 'has_sedatives_dx', 'ftnd', 'XTRT', 'shared', 'rbsivheroin', 'TLFB_Alcohol_Count', 'TLFB_Amphetamine_Count', 'TLFB_Benzodiazepine_Count', 'TLFB_Buprenorphine_Count', 'TLFB_Cocaine_Count', 'TLFB_Heroin_Count', 'TLFB_Methadone_Count', 'TLFB_Opioid_Count', 'TLFB_THC_Count', 'TLFB_Other', 'Homosexual_Behavior', 'Non_monogamous_Relationships']
2024-08-07 12:11:00,748 - INFO - Fitting logistic regression model with the selected features...
2024-08-07 12:11:01,300 - INFO - Model training completed successfully.
2024-08-07 12:11:01,300 - INFO - Calculating the dynamic threshold based on the proportion of positive outcomes...
2024-08-07 12:11:01,301 - INFO - Ratio of 1s to 0s in the outcome variable: 0.86 : 0.14
2024-08-07 12:11:01,301 - INFO - Dynamic threshold set to: 0.864
2024-08-07 12:11:01,301 - INFO - Model trained and saved successfully for subset 7.
2024-08-07 12:11:01,301 - INFO - ---------------------------
2024-08-07 12:11:01,301 - INFO - TRAIN MODEL STAGE COMPLETED FOR SUBSET 7
2024-08-07 12:11:01,301 - INFO - ---------------------------
2024-08-07 12:11:01,301 - INFO - --------------------------------
2024-08-07 12:11:01,301 - INFO - EVALUATE MODEL STAGE STARTING FOR SUBSET 7...
2024-08-07 12:11:01,301 - INFO - --------------------------------
2024-08-07 12:11:01,320 - INFO - ROC AUC Score: 0.7234477124183007
2024-08-07 12:11:01,321 - INFO - Confusion Matrix: 
[[ 26   8]
 [ 88 128]]
2024-08-07 12:11:01,321 - INFO - Precision: 0.9411764705882353
2024-08-07 12:11:01,322 - INFO - Recall: 0.5925925925925926
2024-08-07 12:11:01,322 - INFO - Model evaluated successfully for subset 7.
2024-08-07 12:11:01,323 - INFO - ------------------------------
2024-08-07 12:11:01,324 - INFO - EVALUATE MODEL STAGE COMPLETED FOR SUBSET 7
2024-08-07 12:11:01,325 - INFO - ------------------------------
2024-08-07 12:11:01,327 - INFO - Subset 8 demographic makeup: 850 1, 77 3, 46 2, 27 4
2024-08-07 12:11:01,327 - INFO - Processing subset 8...
2024-08-07 12:11:01,328 - INFO - -----------------------------
2024-08-07 12:11:01,328 - INFO - TRAIN MODEL STAGE STARTING FOR SUBSET 8...
2024-08-07 12:11:01,331 - INFO - -----------------------------
2024-08-07 12:11:01,342 - INFO - Scaling features and applying LASSO for feature selection...
2024-08-07 12:11:03,239 - INFO - Selected features (including required): ['who', 'RaceEth', 'age', 'is_female', 'is_hispanic', 'unemployed', 'unstableliving', 'education', 'marital', 'UDS_Amphetamine_Count', 'UDS_Benzodiazepine_Count', 'UDS_Buprenorphine_Count', 'UDS_Cocaine_Count', 'UDS_Methadone_Count', 'UDS_Opioid_Count', 'UDS_Sedatives_Count', 'UDS_Thc_Count', 'pain', 'has_schizophrenia', 'has_major_dep', 'has_bipolar', 'has_anx_pan', 'has_brain_damage', 'has_epilepsy', 'has_opiates_dx', 'has_alcol_dx', 'has_amphetamines_dx', 'has_cannabis_dx', 'has_cocaine_dx', 'has_sedatives_dx', 'ftnd', 'XTRT', 'shared', 'rbsivheroin', 'TLFB_Alcohol_Count', 'TLFB_Amphetamine_Count', 'TLFB_Benzodiazepine_Count', 'TLFB_Buprenorphine_Count', 'TLFB_Cocaine_Count', 'TLFB_Heroin_Count', 'TLFB_Methadone_Count', 'TLFB_Opioid_Count', 'TLFB_THC_Count', 'TLFB_Other', 'Homosexual_Behavior', 'Non_monogamous_Relationships']
2024-08-07 12:11:03,244 - INFO - Fitting logistic regression model with the selected features...
2024-08-07 12:11:03,882 - INFO - Model training completed successfully.
2024-08-07 12:11:03,882 - INFO - Calculating the dynamic threshold based on the proportion of positive outcomes...
2024-08-07 12:11:03,883 - INFO - Ratio of 1s to 0s in the outcome variable: 0.81 : 0.19
2024-08-07 12:11:03,883 - INFO - Dynamic threshold set to: 0.808
2024-08-07 12:11:03,884 - INFO - Model trained and saved successfully for subset 8.
2024-08-07 12:11:03,885 - INFO - ---------------------------
2024-08-07 12:11:03,886 - INFO - TRAIN MODEL STAGE COMPLETED FOR SUBSET 8
2024-08-07 12:11:03,886 - INFO - ---------------------------
2024-08-07 12:11:03,887 - INFO - --------------------------------
2024-08-07 12:11:03,887 - INFO - EVALUATE MODEL STAGE STARTING FOR SUBSET 8...
2024-08-07 12:11:03,888 - INFO - --------------------------------
2024-08-07 12:11:03,906 - INFO - ROC AUC Score: 0.6630569306930695
2024-08-07 12:11:03,909 - INFO - Confusion Matrix: 
[[ 26  22]
 [ 69 133]]
2024-08-07 12:11:03,909 - INFO - Precision: 0.8580645161290322
2024-08-07 12:11:03,909 - INFO - Recall: 0.6584158415841584
2024-08-07 12:11:03,911 - INFO - Model evaluated successfully for subset 8.
2024-08-07 12:11:03,911 - INFO - ------------------------------
2024-08-07 12:11:03,912 - INFO - EVALUATE MODEL STAGE COMPLETED FOR SUBSET 8
2024-08-07 12:11:03,918 - INFO - ------------------------------
2024-08-07 12:11:03,919 - INFO - Subset 9 demographic makeup: 900 1, 50 3, 32 2, 18 4
2024-08-07 12:11:03,920 - INFO - Processing subset 9...
2024-08-07 12:11:03,920 - INFO - -----------------------------
2024-08-07 12:11:03,920 - INFO - TRAIN MODEL STAGE STARTING FOR SUBSET 9...
2024-08-07 12:11:03,921 - INFO - -----------------------------
2024-08-07 12:11:03,939 - INFO - Scaling features and applying LASSO for feature selection...
2024-08-07 12:11:05,716 - INFO - Selected features (including required): ['who', 'RaceEth', 'age', 'is_female', 'is_hispanic', 'unemployed', 'unstableliving', 'education', 'marital', 'UDS_Amphetamine_Count', 'UDS_Benzodiazepine_Count', 'UDS_Buprenorphine_Count', 'UDS_Cocaine_Count', 'UDS_Methadone_Count', 'UDS_Opioid_Count', 'UDS_Sedatives_Count', 'UDS_Thc_Count', 'pain', 'has_schizophrenia', 'has_major_dep', 'has_bipolar', 'has_anx_pan', 'has_brain_damage', 'has_epilepsy', 'has_opiates_dx', 'has_alcol_dx', 'has_amphetamines_dx', 'has_cannabis_dx', 'has_cocaine_dx', 'has_sedatives_dx', 'ftnd', 'XTRT', 'shared', 'rbsivheroin', 'TLFB_Alcohol_Count', 'TLFB_Amphetamine_Count', 'TLFB_Benzodiazepine_Count', 'TLFB_Buprenorphine_Count', 'TLFB_Cocaine_Count', 'TLFB_Heroin_Count', 'TLFB_Methadone_Count', 'TLFB_Opioid_Count', 'TLFB_THC_Count', 'TLFB_Other', 'Homosexual_Behavior', 'Non_monogamous_Relationships']
2024-08-07 12:11:05,723 - INFO - Fitting logistic regression model with the selected features...
2024-08-07 12:11:06,294 - INFO - Model training completed successfully.
2024-08-07 12:11:06,294 - INFO - Calculating the dynamic threshold based on the proportion of positive outcomes...
2024-08-07 12:11:06,294 - INFO - Ratio of 1s to 0s in the outcome variable: 0.82 : 0.18
2024-08-07 12:11:06,295 - INFO - Dynamic threshold set to: 0.816
2024-08-07 12:11:06,295 - INFO - Model trained and saved successfully for subset 9.
2024-08-07 12:11:06,295 - INFO - ---------------------------
2024-08-07 12:11:06,295 - INFO - TRAIN MODEL STAGE COMPLETED FOR SUBSET 9
2024-08-07 12:11:06,295 - INFO - ---------------------------
2024-08-07 12:11:06,295 - INFO - --------------------------------
2024-08-07 12:11:06,295 - INFO - EVALUATE MODEL STAGE STARTING FOR SUBSET 9...
2024-08-07 12:11:06,295 - INFO - --------------------------------
2024-08-07 12:11:06,312 - INFO - ROC AUC Score: 0.6824381926683717
2024-08-07 12:11:06,312 - INFO - Confusion Matrix: 
[[ 25  21]
 [ 63 141]]
2024-08-07 12:11:06,312 - INFO - Precision: 0.8703703703703703
2024-08-07 12:11:06,312 - INFO - Recall: 0.6911764705882353
2024-08-07 12:11:06,312 - INFO - Model evaluated successfully for subset 9.
2024-08-07 12:11:06,312 - INFO - ------------------------------
2024-08-07 12:11:06,312 - INFO - EVALUATE MODEL STAGE COMPLETED FOR SUBSET 9
2024-08-07 12:11:06,312 - INFO - ------------------------------
2024-08-07 12:11:06,313 - INFO - Subset 10 demographic makeup: 950 1, 25 3, 16 2, 9 4
2024-08-07 12:11:06,313 - INFO - Processing subset 10...
2024-08-07 12:11:06,313 - INFO - -----------------------------
2024-08-07 12:11:06,313 - INFO - TRAIN MODEL STAGE STARTING FOR SUBSET 10...
2024-08-07 12:11:06,314 - INFO - -----------------------------
2024-08-07 12:11:06,321 - INFO - Scaling features and applying LASSO for feature selection...
2024-08-07 12:11:08,176 - INFO - Selected features (including required): ['who', 'RaceEth', 'age', 'is_female', 'is_hispanic', 'unemployed', 'unstableliving', 'education', 'marital', 'UDS_Amphetamine_Count', 'UDS_Benzodiazepine_Count', 'UDS_Buprenorphine_Count', 'UDS_Cocaine_Count', 'UDS_Methadone_Count', 'UDS_Opioid_Count', 'UDS_Sedatives_Count', 'UDS_Thc_Count', 'pain', 'has_schizophrenia', 'has_major_dep', 'has_bipolar', 'has_anx_pan', 'has_brain_damage', 'has_epilepsy', 'has_opiates_dx', 'has_alcol_dx', 'has_amphetamines_dx', 'has_cannabis_dx', 'has_cocaine_dx', 'has_sedatives_dx', 'ftnd', 'XTRT', 'shared', 'rbsivheroin', 'TLFB_Alcohol_Count', 'TLFB_Amphetamine_Count', 'TLFB_Benzodiazepine_Count', 'TLFB_Buprenorphine_Count', 'TLFB_Cocaine_Count', 'TLFB_Heroin_Count', 'TLFB_Methadone_Count', 'TLFB_Opioid_Count', 'TLFB_THC_Count', 'TLFB_Other', 'Homosexual_Behavior', 'Non_monogamous_Relationships']
2024-08-07 12:11:08,182 - INFO - Fitting logistic regression model with the selected features...
2024-08-07 12:11:08,422 - INFO - Model training completed successfully.
2024-08-07 12:11:08,423 - INFO - Calculating the dynamic threshold based on the proportion of positive outcomes...
2024-08-07 12:11:08,423 - INFO - Ratio of 1s to 0s in the outcome variable: 0.81 : 0.19
2024-08-07 12:11:08,424 - INFO - Dynamic threshold set to: 0.812
2024-08-07 12:11:08,424 - INFO - Model trained and saved successfully for subset 10.
2024-08-07 12:11:08,425 - INFO - ---------------------------
2024-08-07 12:11:08,426 - INFO - TRAIN MODEL STAGE COMPLETED FOR SUBSET 10
2024-08-07 12:11:08,427 - INFO - ---------------------------
2024-08-07 12:11:08,429 - INFO - --------------------------------
2024-08-07 12:11:08,429 - INFO - EVALUATE MODEL STAGE STARTING FOR SUBSET 10...
2024-08-07 12:11:08,430 - INFO - --------------------------------
2024-08-07 12:11:08,452 - INFO - ROC AUC Score: 0.6886070642490304
2024-08-07 12:11:08,452 - INFO - Confusion Matrix: 
[[ 27  20]
 [ 79 124]]
2024-08-07 12:11:08,453 - INFO - Precision: 0.8611111111111112
2024-08-07 12:11:08,453 - INFO - Recall: 0.6108374384236454
2024-08-07 12:11:08,453 - INFO - Model evaluated successfully for subset 10.
2024-08-07 12:11:08,453 - INFO - ------------------------------
2024-08-07 12:11:08,455 - INFO - EVALUATE MODEL STAGE COMPLETED FOR SUBSET 10
2024-08-07 12:11:08,459 - INFO - ------------------------------
2024-08-07 12:11:08,461 - INFO - Subset 11 demographic makeup: 1000 1
2024-08-07 12:11:08,462 - INFO - Processing subset 11...
2024-08-07 12:11:08,462 - INFO - -----------------------------
2024-08-07 12:11:08,462 - INFO - TRAIN MODEL STAGE STARTING FOR SUBSET 11...
2024-08-07 12:11:08,463 - INFO - -----------------------------
2024-08-07 12:11:08,473 - INFO - Scaling features and applying LASSO for feature selection...
2024-08-07 12:11:10,408 - INFO - Selected features (including required): ['who', 'age', 'is_female', 'unemployed', 'unstableliving', 'education', 'marital', 'UDS_Amphetamine_Count', 'UDS_Benzodiazepine_Count', 'UDS_Buprenorphine_Count', 'UDS_Cocaine_Count', 'UDS_Methadone_Count', 'UDS_Opioid_Count', 'UDS_Sedatives_Count', 'UDS_Thc_Count', 'pain', 'has_schizophrenia', 'has_major_dep', 'has_bipolar', 'has_anx_pan', 'has_brain_damage', 'has_epilepsy', 'has_opiates_dx', 'has_alcol_dx', 'has_amphetamines_dx', 'has_cannabis_dx', 'has_cocaine_dx', 'has_sedatives_dx', 'ftnd', 'XTRT', 'shared', 'rbsivheroin', 'TLFB_Alcohol_Count', 'TLFB_Amphetamine_Count', 'TLFB_Benzodiazepine_Count', 'TLFB_Buprenorphine_Count', 'TLFB_Cocaine_Count', 'TLFB_Heroin_Count', 'TLFB_Methadone_Count', 'TLFB_Opioid_Count', 'TLFB_THC_Count', 'TLFB_Other', 'Homosexual_Behavior', 'Non_monogamous_Relationships']
2024-08-07 12:11:10,414 - INFO - Fitting logistic regression model with the selected features...
2024-08-07 12:11:10,832 - INFO - Model training completed successfully.
2024-08-07 12:11:10,833 - INFO - Calculating the dynamic threshold based on the proportion of positive outcomes...
2024-08-07 12:11:10,833 - INFO - Ratio of 1s to 0s in the outcome variable: 0.82 : 0.18
2024-08-07 12:11:10,833 - INFO - Dynamic threshold set to: 0.824
2024-08-07 12:11:10,833 - INFO - Model trained and saved successfully for subset 11.
2024-08-07 12:11:10,833 - INFO - ---------------------------
2024-08-07 12:11:10,833 - INFO - TRAIN MODEL STAGE COMPLETED FOR SUBSET 11
2024-08-07 12:11:10,833 - INFO - ---------------------------
2024-08-07 12:11:10,833 - INFO - --------------------------------
2024-08-07 12:11:10,834 - INFO - EVALUATE MODEL STAGE STARTING FOR SUBSET 11...
2024-08-07 12:11:10,834 - INFO - --------------------------------
2024-08-07 12:11:10,849 - INFO - ROC AUC Score: 0.7366504854368932
2024-08-07 12:11:10,850 - INFO - Confusion Matrix: 
[[ 34  10]
 [ 69 137]]
2024-08-07 12:11:10,851 - INFO - Precision: 0.9319727891156463
2024-08-07 12:11:10,851 - INFO - Recall: 0.6650485436893204
2024-08-07 12:11:10,851 - INFO - Model evaluated successfully for subset 11.
2024-08-07 12:11:10,851 - INFO - ------------------------------
2024-08-07 12:11:10,851 - INFO - EVALUATE MODEL STAGE COMPLETED FOR SUBSET 11
2024-08-07 12:11:10,851 - INFO - ------------------------------
2024-08-07 12:11:10,852 - INFO - ------------------
2024-08-07 12:11:10,852 - INFO - PIPELINE COMPLETED
2024-08-07 12:11:10,852 - INFO - ------------------
