2024-08-05 13:25:56,759 - INFO - Global Seed set to: 4
2024-08-05 13:25:56,759 - INFO - Outcome Name: Rs_krupitsky_2004
2024-08-05 13:25:56,834 - INFO - Datasets loaded successfully.
2024-08-05 13:25:56,860 - INFO - Starting preprocessing of the merged dataset...
2024-08-05 13:25:56,861 - INFO - ---------------------------------
2024-08-05 13:25:56,861 - INFO - PRE-PROCESSING STAGE STARTING...
2024-08-05 13:25:56,861 - INFO - ---------------------------------
2024-08-05 13:25:57,017 - INFO - Dropped initial columns: ['pain_when', 'is_smoker', 'per_day', 'max', 'amount', 'depression', 'anxiety', 'schizophrenia', 'max', 'amount', 'cocaine_inject_days', 'speedball_inject_days', 'opioid_inject_days', 'speed_inject_days', 'UDS_Alcohol_Count', 'UDS_Mdma/Hallucinogen_Count']
2024-08-05 13:25:57,073 - INFO - Converted Yes/No to binary.
2024-08-05 13:25:57,085 - INFO - Processed TLFB columns with specified columns: ['TLFB_Alcohol_Count', 'TLFB_Amphetamine_Count', 'TLFB_Cocaine_Count', 'TLFB_Heroin_Count', 'TLFB_Benzodiazepine_Count', 'TLFB_Opioid_Count', 'TLFB_THC_Count', 'TLFB_Methadone_Count', 'TLFB_Buprenorphine_Count']
2024-08-05 13:25:57,089 - INFO - Calculated behavioral columns.
2024-08-05 13:25:57,097 - INFO - Moved 'Rs_krupitsky_2004' column to the end.
2024-08-05 13:25:57,188 - INFO - Dropped initial columns: ['msm_npt', 'msm_frq', 'txx_prt']
2024-08-05 13:25:57,203 - INFO - transform_data_with_nan_handling success
2024-08-05 13:25:57,204 - INFO - Renamed columns according to the mapping.
2024-08-05 13:25:57,231 - INFO - Transformed NaN to 0 for binary columns.
2024-08-05 13:25:57,233 - INFO - Transformed and renamed 'heroin_inject_days' column to 'rbsivheroin'.
2024-08-05 13:25:57,234 - INFO - Filled NaN with 0 for 'ftnd' column.
2024-08-05 13:25:57,314 - INFO - Dropped additional columns: ['rbs_iv_days', 'race', 'RBS_cocaine_Days', 'RBS_heroin_Days', 'RBS_opioid_Days', 'RBS_speed_Days', 'RBS_speedball_Days']
2024-08-05 13:25:57,339 - INFO - Converted UDS drug counts to binary.
2024-08-05 13:25:57,442 - INFO - ------------------------------
2024-08-05 13:25:57,442 - INFO - PRE-PROCESSING STAGE COMPLETED
2024-08-05 13:25:57,442 - INFO - ------------------------------
2024-08-05 13:25:57,443 - INFO - Merged dataset preprocessed successfully.
2024-08-05 13:25:57,444 - INFO - Creating demographic subsets from preprocessed data...
2024-08-05 13:26:12,724 - INFO - Created 11 subsets successfully.
2024-08-05 13:26:12,724 - INFO - Creating merged subsets from create_demographics_dfs function
2024-08-05 13:26:12,848 - INFO - Created 11 merged subsets successfully.
2024-08-05 13:26:12,859 - INFO - Subset 1 demographic makeup: 500 1, 248 3, 153 2, 99 4
2024-08-05 13:26:12,860 - INFO - Processing subset 1...
2024-08-05 13:26:12,860 - INFO - -----------------------------
2024-08-05 13:26:12,861 - INFO - TRAIN MODEL STAGE STARTING FOR SUBSET 1...
2024-08-05 13:26:12,863 - INFO - -----------------------------
2024-08-05 13:26:12,880 - INFO - Scaling features and applying LASSO for feature selection...
2024-08-05 13:26:15,210 - INFO - Selected features (including required): ['who', 'RaceEth', 'age', 'is_female', 'is_hispanic', 'unemployed', 'unstableliving', 'education', 'marital', 'UDS_Amphetamine_Count', 'UDS_Benzodiazepine_Count', 'UDS_Buprenorphine_Count', 'UDS_Cocaine_Count', 'UDS_Methadone_Count', 'UDS_Opioid_Count', 'UDS_Sedatives_Count', 'UDS_Thc_Count', 'pain', 'has_schizophrenia', 'has_major_dep', 'has_bipolar', 'has_anx_pan', 'has_brain_damage', 'has_epilepsy', 'has_opiates_dx', 'has_alcol_dx', 'has_amphetamines_dx', 'has_cannabis_dx', 'has_cocaine_dx', 'has_sedatives_dx', 'ftnd', 'XTRT', 'shared', 'rbsivheroin', 'TLFB_Alcohol_Count', 'TLFB_Amphetamine_Count', 'TLFB_Benzodiazepine_Count', 'TLFB_Buprenorphine_Count', 'TLFB_Cocaine_Count', 'TLFB_Heroin_Count', 'TLFB_Methadone_Count', 'TLFB_Opioid_Count', 'TLFB_THC_Count', 'TLFB_Other', 'Homosexual_Behavior', 'Non_monogamous_Relationships']
2024-08-05 13:26:15,220 - INFO - Fitting logistic regression model with the selected features...
2024-08-05 13:26:16,881 - INFO - Model training completed successfully.
2024-08-05 13:26:16,882 - INFO - Calculating the dynamic threshold based on the proportion of positive outcomes...
2024-08-05 13:26:16,883 - INFO - Ratio of 1s to 0s in the outcome variable: 0.85 : 0.15
2024-08-05 13:26:16,883 - INFO - Dynamic threshold set to: 0.848
2024-08-05 13:26:16,883 - INFO - Model trained and saved successfully for subset 1.
2024-08-05 13:26:16,884 - INFO - ---------------------------
2024-08-05 13:26:16,885 - INFO - TRAIN MODEL STAGE COMPLETED FOR SUBSET 1
2024-08-05 13:26:16,888 - INFO - ---------------------------
2024-08-05 13:26:16,890 - INFO - --------------------------------
2024-08-05 13:26:16,891 - INFO - EVALUATE MODEL STAGE STARTING FOR SUBSET 1...
2024-08-05 13:26:16,891 - INFO - --------------------------------
2024-08-05 13:26:16,918 - INFO - ROC AUC Score: 0.599428997020854
2024-08-05 13:26:16,919 - INFO - Confusion Matrix: 
[[ 21  17]
 [ 87 125]]
2024-08-05 13:26:16,925 - INFO - Precision: 0.8802816901408451
2024-08-05 13:26:16,925 - INFO - Recall: 0.589622641509434
2024-08-05 13:26:16,926 - INFO - Model evaluated successfully for subset 1.
2024-08-05 13:26:16,927 - INFO - ------------------------------
2024-08-05 13:26:16,927 - INFO - EVALUATE MODEL STAGE COMPLETED FOR SUBSET 1
2024-08-05 13:26:16,928 - INFO - ------------------------------
2024-08-05 13:26:16,929 - INFO - Subset 2 demographic makeup: 550 1, 221 3, 140 2, 89 4
2024-08-05 13:26:16,930 - INFO - Processing subset 2...
2024-08-05 13:26:16,931 - INFO - -----------------------------
2024-08-05 13:26:16,931 - INFO - TRAIN MODEL STAGE STARTING FOR SUBSET 2...
2024-08-05 13:26:16,932 - INFO - -----------------------------
2024-08-05 13:26:16,947 - INFO - Scaling features and applying LASSO for feature selection...
2024-08-05 13:26:20,402 - INFO - Selected features (including required): ['who', 'RaceEth', 'age', 'is_female', 'is_hispanic', 'unemployed', 'unstableliving', 'education', 'marital', 'UDS_Amphetamine_Count', 'UDS_Benzodiazepine_Count', 'UDS_Buprenorphine_Count', 'UDS_Cocaine_Count', 'UDS_Methadone_Count', 'UDS_Opioid_Count', 'UDS_Sedatives_Count', 'UDS_Thc_Count', 'pain', 'has_schizophrenia', 'has_major_dep', 'has_bipolar', 'has_anx_pan', 'has_brain_damage', 'has_epilepsy', 'has_opiates_dx', 'has_alcol_dx', 'has_amphetamines_dx', 'has_cannabis_dx', 'has_cocaine_dx', 'has_sedatives_dx', 'ftnd', 'XTRT', 'shared', 'rbsivheroin', 'TLFB_Alcohol_Count', 'TLFB_Amphetamine_Count', 'TLFB_Benzodiazepine_Count', 'TLFB_Buprenorphine_Count', 'TLFB_Cocaine_Count', 'TLFB_Heroin_Count', 'TLFB_Methadone_Count', 'TLFB_Opioid_Count', 'TLFB_THC_Count', 'TLFB_Other', 'Homosexual_Behavior', 'Non_monogamous_Relationships']
2024-08-05 13:26:20,420 - INFO - Fitting logistic regression model with the selected features...
2024-08-05 13:26:21,136 - INFO - Model training completed successfully.
2024-08-05 13:26:21,136 - INFO - Calculating the dynamic threshold based on the proportion of positive outcomes...
2024-08-05 13:26:21,137 - INFO - Ratio of 1s to 0s in the outcome variable: 0.83 : 0.17
2024-08-05 13:26:21,137 - INFO - Dynamic threshold set to: 0.828
2024-08-05 13:26:21,137 - INFO - Model trained and saved successfully for subset 2.
2024-08-05 13:26:21,137 - INFO - ---------------------------
2024-08-05 13:26:21,137 - INFO - TRAIN MODEL STAGE COMPLETED FOR SUBSET 2
2024-08-05 13:26:21,137 - INFO - ---------------------------
2024-08-05 13:26:21,137 - INFO - --------------------------------
2024-08-05 13:26:21,137 - INFO - EVALUATE MODEL STAGE STARTING FOR SUBSET 2...
2024-08-05 13:26:21,137 - INFO - --------------------------------
2024-08-05 13:26:21,151 - INFO - ROC AUC Score: 0.6157735085945399
2024-08-05 13:26:21,152 - INFO - Confusion Matrix: 
[[ 22  21]
 [ 80 127]]
2024-08-05 13:26:21,152 - INFO - Precision: 0.8581081081081081
2024-08-05 13:26:21,152 - INFO - Recall: 0.6135265700483091
2024-08-05 13:26:21,152 - INFO - Model evaluated successfully for subset 2.
2024-08-05 13:26:21,152 - INFO - ------------------------------
2024-08-05 13:26:21,152 - INFO - EVALUATE MODEL STAGE COMPLETED FOR SUBSET 2
2024-08-05 13:26:21,152 - INFO - ------------------------------
2024-08-05 13:26:21,153 - INFO - Subset 3 demographic makeup: 600 1, 195 3, 123 2, 82 4
2024-08-05 13:26:21,153 - INFO - Processing subset 3...
2024-08-05 13:26:21,153 - INFO - -----------------------------
2024-08-05 13:26:21,153 - INFO - TRAIN MODEL STAGE STARTING FOR SUBSET 3...
2024-08-05 13:26:21,153 - INFO - -----------------------------
2024-08-05 13:26:21,169 - INFO - Scaling features and applying LASSO for feature selection...
2024-08-05 13:26:23,141 - INFO - Selected features (including required): ['who', 'RaceEth', 'age', 'is_female', 'is_hispanic', 'unemployed', 'unstableliving', 'education', 'marital', 'UDS_Amphetamine_Count', 'UDS_Benzodiazepine_Count', 'UDS_Buprenorphine_Count', 'UDS_Cocaine_Count', 'UDS_Methadone_Count', 'UDS_Opioid_Count', 'UDS_Sedatives_Count', 'UDS_Thc_Count', 'pain', 'has_schizophrenia', 'has_major_dep', 'has_bipolar', 'has_anx_pan', 'has_brain_damage', 'has_epilepsy', 'has_opiates_dx', 'has_alcol_dx', 'has_amphetamines_dx', 'has_cannabis_dx', 'has_cocaine_dx', 'has_sedatives_dx', 'ftnd', 'XTRT', 'shared', 'rbsivheroin', 'TLFB_Alcohol_Count', 'TLFB_Amphetamine_Count', 'TLFB_Benzodiazepine_Count', 'TLFB_Buprenorphine_Count', 'TLFB_Cocaine_Count', 'TLFB_Heroin_Count', 'TLFB_Methadone_Count', 'TLFB_Opioid_Count', 'TLFB_THC_Count', 'TLFB_Other', 'Homosexual_Behavior', 'Non_monogamous_Relationships']
2024-08-05 13:26:23,146 - INFO - Fitting logistic regression model with the selected features...
2024-08-05 13:26:23,706 - INFO - Model training completed successfully.
2024-08-05 13:26:23,707 - INFO - Calculating the dynamic threshold based on the proportion of positive outcomes...
2024-08-05 13:26:23,707 - INFO - Ratio of 1s to 0s in the outcome variable: 0.81 : 0.19
2024-08-05 13:26:23,707 - INFO - Dynamic threshold set to: 0.812
2024-08-05 13:26:23,707 - INFO - Model trained and saved successfully for subset 3.
2024-08-05 13:26:23,707 - INFO - ---------------------------
2024-08-05 13:26:23,707 - INFO - TRAIN MODEL STAGE COMPLETED FOR SUBSET 3
2024-08-05 13:26:23,707 - INFO - ---------------------------
2024-08-05 13:26:23,708 - INFO - --------------------------------
2024-08-05 13:26:23,709 - INFO - EVALUATE MODEL STAGE STARTING FOR SUBSET 3...
2024-08-05 13:26:23,713 - INFO - --------------------------------
2024-08-05 13:26:23,766 - INFO - ROC AUC Score: 0.5883031128812493
2024-08-05 13:26:23,767 - INFO - Confusion Matrix: 
[[ 20  27]
 [ 70 133]]
2024-08-05 13:26:23,767 - INFO - Precision: 0.83125
2024-08-05 13:26:23,768 - INFO - Recall: 0.6551724137931034
2024-08-05 13:26:23,783 - INFO - Model evaluated successfully for subset 3.
2024-08-05 13:26:23,792 - INFO - ------------------------------
2024-08-05 13:26:23,800 - INFO - EVALUATE MODEL STAGE COMPLETED FOR SUBSET 3
2024-08-05 13:26:23,801 - INFO - ------------------------------
2024-08-05 13:26:23,803 - INFO - Subset 4 demographic makeup: 650 1, 169 3, 108 2, 73 4
2024-08-05 13:26:23,804 - INFO - Processing subset 4...
2024-08-05 13:26:23,809 - INFO - -----------------------------
2024-08-05 13:26:23,811 - INFO - TRAIN MODEL STAGE STARTING FOR SUBSET 4...
2024-08-05 13:26:23,811 - INFO - -----------------------------
2024-08-05 13:26:23,824 - INFO - Scaling features and applying LASSO for feature selection...
2024-08-05 13:26:25,763 - INFO - Selected features (including required): ['who', 'RaceEth', 'age', 'is_female', 'is_hispanic', 'unemployed', 'unstableliving', 'education', 'marital', 'UDS_Amphetamine_Count', 'UDS_Benzodiazepine_Count', 'UDS_Buprenorphine_Count', 'UDS_Cocaine_Count', 'UDS_Methadone_Count', 'UDS_Opioid_Count', 'UDS_Sedatives_Count', 'UDS_Thc_Count', 'pain', 'has_schizophrenia', 'has_major_dep', 'has_bipolar', 'has_anx_pan', 'has_brain_damage', 'has_epilepsy', 'has_opiates_dx', 'has_alcol_dx', 'has_amphetamines_dx', 'has_cannabis_dx', 'has_cocaine_dx', 'has_sedatives_dx', 'ftnd', 'XTRT', 'shared', 'rbsivheroin', 'TLFB_Alcohol_Count', 'TLFB_Amphetamine_Count', 'TLFB_Benzodiazepine_Count', 'TLFB_Buprenorphine_Count', 'TLFB_Cocaine_Count', 'TLFB_Heroin_Count', 'TLFB_Methadone_Count', 'TLFB_Opioid_Count', 'TLFB_THC_Count', 'TLFB_Other', 'Homosexual_Behavior', 'Non_monogamous_Relationships']
2024-08-05 13:26:25,768 - INFO - Fitting logistic regression model with the selected features...
2024-08-05 13:26:26,242 - INFO - Model training completed successfully.
2024-08-05 13:26:26,242 - INFO - Calculating the dynamic threshold based on the proportion of positive outcomes...
2024-08-05 13:26:26,243 - INFO - Ratio of 1s to 0s in the outcome variable: 0.81 : 0.19
2024-08-05 13:26:26,243 - INFO - Dynamic threshold set to: 0.808
2024-08-05 13:26:26,243 - INFO - Model trained and saved successfully for subset 4.
2024-08-05 13:26:26,243 - INFO - ---------------------------
2024-08-05 13:26:26,243 - INFO - TRAIN MODEL STAGE COMPLETED FOR SUBSET 4
2024-08-05 13:26:26,243 - INFO - ---------------------------
2024-08-05 13:26:26,243 - INFO - --------------------------------
2024-08-05 13:26:26,243 - INFO - EVALUATE MODEL STAGE STARTING FOR SUBSET 4...
2024-08-05 13:26:26,243 - INFO - --------------------------------
2024-08-05 13:26:26,262 - INFO - ROC AUC Score: 0.647174092409241
2024-08-05 13:26:26,263 - INFO - Confusion Matrix: 
[[ 29  19]
 [ 74 128]]
2024-08-05 13:26:26,263 - INFO - Precision: 0.8707482993197279
2024-08-05 13:26:26,264 - INFO - Recall: 0.6336633663366337
2024-08-05 13:26:26,265 - INFO - Model evaluated successfully for subset 4.
2024-08-05 13:26:26,269 - INFO - ------------------------------
2024-08-05 13:26:26,270 - INFO - EVALUATE MODEL STAGE COMPLETED FOR SUBSET 4
2024-08-05 13:26:26,271 - INFO - ------------------------------
2024-08-05 13:26:26,272 - INFO - Subset 5 demographic makeup: 700 1, 145 3, 93 2, 62 4
2024-08-05 13:26:26,272 - INFO - Processing subset 5...
2024-08-05 13:26:26,272 - INFO - -----------------------------
2024-08-05 13:26:26,273 - INFO - TRAIN MODEL STAGE STARTING FOR SUBSET 5...
2024-08-05 13:26:26,273 - INFO - -----------------------------
2024-08-05 13:26:26,285 - INFO - Scaling features and applying LASSO for feature selection...
2024-08-05 13:26:28,141 - INFO - Selected features (including required): ['who', 'RaceEth', 'age', 'is_female', 'is_hispanic', 'unemployed', 'unstableliving', 'education', 'marital', 'UDS_Amphetamine_Count', 'UDS_Benzodiazepine_Count', 'UDS_Buprenorphine_Count', 'UDS_Cocaine_Count', 'UDS_Methadone_Count', 'UDS_Opioid_Count', 'UDS_Sedatives_Count', 'UDS_Thc_Count', 'pain', 'has_schizophrenia', 'has_major_dep', 'has_bipolar', 'has_anx_pan', 'has_brain_damage', 'has_epilepsy', 'has_opiates_dx', 'has_alcol_dx', 'has_amphetamines_dx', 'has_cannabis_dx', 'has_cocaine_dx', 'has_sedatives_dx', 'ftnd', 'XTRT', 'shared', 'rbsivheroin', 'TLFB_Alcohol_Count', 'TLFB_Amphetamine_Count', 'TLFB_Benzodiazepine_Count', 'TLFB_Buprenorphine_Count', 'TLFB_Cocaine_Count', 'TLFB_Heroin_Count', 'TLFB_Methadone_Count', 'TLFB_Opioid_Count', 'TLFB_THC_Count', 'TLFB_Other', 'Homosexual_Behavior', 'Non_monogamous_Relationships']
2024-08-05 13:26:28,146 - INFO - Fitting logistic regression model with the selected features...
2024-08-05 13:26:28,497 - INFO - Model training completed successfully.
2024-08-05 13:26:28,497 - INFO - Calculating the dynamic threshold based on the proportion of positive outcomes...
2024-08-05 13:26:28,498 - INFO - Ratio of 1s to 0s in the outcome variable: 0.86 : 0.14
2024-08-05 13:26:28,498 - INFO - Dynamic threshold set to: 0.86
2024-08-05 13:26:28,498 - INFO - Model trained and saved successfully for subset 5.
2024-08-05 13:26:28,498 - INFO - ---------------------------
2024-08-05 13:26:28,498 - INFO - TRAIN MODEL STAGE COMPLETED FOR SUBSET 5
2024-08-05 13:26:28,498 - INFO - ---------------------------
2024-08-05 13:26:28,498 - INFO - --------------------------------
2024-08-05 13:26:28,498 - INFO - EVALUATE MODEL STAGE STARTING FOR SUBSET 5...
2024-08-05 13:26:28,498 - INFO - --------------------------------
2024-08-05 13:26:28,518 - INFO - ROC AUC Score: 0.653421926910299
2024-08-05 13:26:28,519 - INFO - Confusion Matrix: 
[[ 28   7]
 [122  93]]
2024-08-05 13:26:28,519 - INFO - Precision: 0.93
2024-08-05 13:26:28,520 - INFO - Recall: 0.4325581395348837
2024-08-05 13:26:28,520 - INFO - Model evaluated successfully for subset 5.
2024-08-05 13:26:28,520 - INFO - ------------------------------
2024-08-05 13:26:28,521 - INFO - EVALUATE MODEL STAGE COMPLETED FOR SUBSET 5
2024-08-05 13:26:28,521 - INFO - ------------------------------
2024-08-05 13:26:28,522 - INFO - Subset 6 demographic makeup: 750 1, 126 3, 73 2, 51 4
2024-08-05 13:26:28,522 - INFO - Processing subset 6...
2024-08-05 13:26:28,523 - INFO - -----------------------------
2024-08-05 13:26:28,523 - INFO - TRAIN MODEL STAGE STARTING FOR SUBSET 6...
2024-08-05 13:26:28,524 - INFO - -----------------------------
2024-08-05 13:26:28,534 - INFO - Scaling features and applying LASSO for feature selection...
2024-08-05 13:26:30,198 - INFO - Selected features (including required): ['who', 'RaceEth', 'age', 'is_female', 'is_hispanic', 'unemployed', 'unstableliving', 'education', 'marital', 'UDS_Amphetamine_Count', 'UDS_Benzodiazepine_Count', 'UDS_Buprenorphine_Count', 'UDS_Cocaine_Count', 'UDS_Methadone_Count', 'UDS_Opioid_Count', 'UDS_Sedatives_Count', 'UDS_Thc_Count', 'pain', 'has_schizophrenia', 'has_major_dep', 'has_bipolar', 'has_anx_pan', 'has_brain_damage', 'has_epilepsy', 'has_opiates_dx', 'has_alcol_dx', 'has_amphetamines_dx', 'has_cannabis_dx', 'has_cocaine_dx', 'has_sedatives_dx', 'ftnd', 'XTRT', 'shared', 'rbsivheroin', 'TLFB_Alcohol_Count', 'TLFB_Amphetamine_Count', 'TLFB_Benzodiazepine_Count', 'TLFB_Buprenorphine_Count', 'TLFB_Cocaine_Count', 'TLFB_Heroin_Count', 'TLFB_Methadone_Count', 'TLFB_Opioid_Count', 'TLFB_THC_Count', 'TLFB_Other', 'Homosexual_Behavior', 'Non_monogamous_Relationships']
2024-08-05 13:26:30,203 - INFO - Fitting logistic regression model with the selected features...
2024-08-05 13:26:30,638 - INFO - Model training completed successfully.
2024-08-05 13:26:30,638 - INFO - Calculating the dynamic threshold based on the proportion of positive outcomes...
2024-08-05 13:26:30,639 - INFO - Ratio of 1s to 0s in the outcome variable: 0.82 : 0.18
2024-08-05 13:26:30,639 - INFO - Dynamic threshold set to: 0.824
2024-08-05 13:26:30,639 - INFO - Model trained and saved successfully for subset 6.
2024-08-05 13:26:30,639 - INFO - ---------------------------
2024-08-05 13:26:30,639 - INFO - TRAIN MODEL STAGE COMPLETED FOR SUBSET 6
2024-08-05 13:26:30,639 - INFO - ---------------------------
2024-08-05 13:26:30,639 - INFO - --------------------------------
2024-08-05 13:26:30,639 - INFO - EVALUATE MODEL STAGE STARTING FOR SUBSET 6...
2024-08-05 13:26:30,639 - INFO - --------------------------------
2024-08-05 13:26:30,653 - INFO - ROC AUC Score: 0.664055604589585
2024-08-05 13:26:30,653 - INFO - Confusion Matrix: 
[[ 28  16]
 [ 81 125]]
2024-08-05 13:26:30,653 - INFO - Precision: 0.8865248226950354
2024-08-05 13:26:30,653 - INFO - Recall: 0.6067961165048543
2024-08-05 13:26:30,653 - INFO - Model evaluated successfully for subset 6.
2024-08-05 13:26:30,654 - INFO - ------------------------------
2024-08-05 13:26:30,654 - INFO - EVALUATE MODEL STAGE COMPLETED FOR SUBSET 6
2024-08-05 13:26:30,654 - INFO - ------------------------------
2024-08-05 13:26:30,654 - INFO - Subset 7 demographic makeup: 800 1, 104 3, 59 2, 37 4
2024-08-05 13:26:30,655 - INFO - Processing subset 7...
2024-08-05 13:26:30,655 - INFO - -----------------------------
2024-08-05 13:26:30,655 - INFO - TRAIN MODEL STAGE STARTING FOR SUBSET 7...
2024-08-05 13:26:30,655 - INFO - -----------------------------
2024-08-05 13:26:30,668 - INFO - Scaling features and applying LASSO for feature selection...
2024-08-05 13:26:31,894 - INFO - Selected features (including required): ['who', 'RaceEth', 'age', 'is_female', 'is_hispanic', 'unemployed', 'unstableliving', 'education', 'marital', 'UDS_Amphetamine_Count', 'UDS_Benzodiazepine_Count', 'UDS_Buprenorphine_Count', 'UDS_Cocaine_Count', 'UDS_Methadone_Count', 'UDS_Opioid_Count', 'UDS_Sedatives_Count', 'UDS_Thc_Count', 'pain', 'has_schizophrenia', 'has_major_dep', 'has_bipolar', 'has_anx_pan', 'has_brain_damage', 'has_epilepsy', 'has_opiates_dx', 'has_alcol_dx', 'has_amphetamines_dx', 'has_cannabis_dx', 'has_cocaine_dx', 'has_sedatives_dx', 'ftnd', 'XTRT', 'shared', 'rbsivheroin', 'TLFB_Alcohol_Count', 'TLFB_Amphetamine_Count', 'TLFB_Benzodiazepine_Count', 'TLFB_Buprenorphine_Count', 'TLFB_Cocaine_Count', 'TLFB_Heroin_Count', 'TLFB_Methadone_Count', 'TLFB_Opioid_Count', 'TLFB_THC_Count', 'TLFB_Other', 'Homosexual_Behavior', 'Non_monogamous_Relationships']
2024-08-05 13:26:31,899 - INFO - Fitting logistic regression model with the selected features...
2024-08-05 13:26:32,356 - INFO - Model training completed successfully.
2024-08-05 13:26:32,356 - INFO - Calculating the dynamic threshold based on the proportion of positive outcomes...
2024-08-05 13:26:32,357 - INFO - Ratio of 1s to 0s in the outcome variable: 0.86 : 0.14
2024-08-05 13:26:32,357 - INFO - Dynamic threshold set to: 0.864
2024-08-05 13:26:32,358 - INFO - Model trained and saved successfully for subset 7.
2024-08-05 13:26:32,359 - INFO - ---------------------------
2024-08-05 13:26:32,359 - INFO - TRAIN MODEL STAGE COMPLETED FOR SUBSET 7
2024-08-05 13:26:32,361 - INFO - ---------------------------
2024-08-05 13:26:32,362 - INFO - --------------------------------
2024-08-05 13:26:32,362 - INFO - EVALUATE MODEL STAGE STARTING FOR SUBSET 7...
2024-08-05 13:26:32,363 - INFO - --------------------------------
2024-08-05 13:26:32,398 - INFO - ROC AUC Score: 0.7234477124183007
2024-08-05 13:26:32,399 - INFO - Confusion Matrix: 
[[ 26   8]
 [ 88 128]]
2024-08-05 13:26:32,399 - INFO - Precision: 0.9411764705882353
2024-08-05 13:26:32,400 - INFO - Recall: 0.5925925925925926
2024-08-05 13:26:32,400 - INFO - Model evaluated successfully for subset 7.
2024-08-05 13:26:32,401 - INFO - ------------------------------
2024-08-05 13:26:32,401 - INFO - EVALUATE MODEL STAGE COMPLETED FOR SUBSET 7
2024-08-05 13:26:32,403 - INFO - ------------------------------
2024-08-05 13:26:32,405 - INFO - Subset 8 demographic makeup: 850 1, 77 3, 46 2, 27 4
2024-08-05 13:26:32,405 - INFO - Processing subset 8...
2024-08-05 13:26:32,406 - INFO - -----------------------------
2024-08-05 13:26:32,406 - INFO - TRAIN MODEL STAGE STARTING FOR SUBSET 8...
2024-08-05 13:26:32,408 - INFO - -----------------------------
2024-08-05 13:26:32,422 - INFO - Scaling features and applying LASSO for feature selection...
2024-08-05 13:26:34,348 - INFO - Selected features (including required): ['who', 'RaceEth', 'age', 'is_female', 'is_hispanic', 'unemployed', 'unstableliving', 'education', 'marital', 'UDS_Amphetamine_Count', 'UDS_Benzodiazepine_Count', 'UDS_Buprenorphine_Count', 'UDS_Cocaine_Count', 'UDS_Methadone_Count', 'UDS_Opioid_Count', 'UDS_Sedatives_Count', 'UDS_Thc_Count', 'pain', 'has_schizophrenia', 'has_major_dep', 'has_bipolar', 'has_anx_pan', 'has_brain_damage', 'has_epilepsy', 'has_opiates_dx', 'has_alcol_dx', 'has_amphetamines_dx', 'has_cannabis_dx', 'has_cocaine_dx', 'has_sedatives_dx', 'ftnd', 'XTRT', 'shared', 'rbsivheroin', 'TLFB_Alcohol_Count', 'TLFB_Amphetamine_Count', 'TLFB_Benzodiazepine_Count', 'TLFB_Buprenorphine_Count', 'TLFB_Cocaine_Count', 'TLFB_Heroin_Count', 'TLFB_Methadone_Count', 'TLFB_Opioid_Count', 'TLFB_THC_Count', 'TLFB_Other', 'Homosexual_Behavior', 'Non_monogamous_Relationships']
2024-08-05 13:26:34,353 - INFO - Fitting logistic regression model with the selected features...
2024-08-05 13:26:34,990 - INFO - Model training completed successfully.
2024-08-05 13:26:34,991 - INFO - Calculating the dynamic threshold based on the proportion of positive outcomes...
2024-08-05 13:26:34,992 - INFO - Ratio of 1s to 0s in the outcome variable: 0.81 : 0.19
2024-08-05 13:26:34,992 - INFO - Dynamic threshold set to: 0.808
2024-08-05 13:26:34,992 - INFO - Model trained and saved successfully for subset 8.
2024-08-05 13:26:34,993 - INFO - ---------------------------
2024-08-05 13:26:34,994 - INFO - TRAIN MODEL STAGE COMPLETED FOR SUBSET 8
2024-08-05 13:26:34,996 - INFO - ---------------------------
2024-08-05 13:26:34,997 - INFO - --------------------------------
2024-08-05 13:26:35,006 - INFO - EVALUATE MODEL STAGE STARTING FOR SUBSET 8...
2024-08-05 13:26:35,010 - INFO - --------------------------------
2024-08-05 13:26:35,036 - INFO - ROC AUC Score: 0.6630569306930695
2024-08-05 13:26:35,037 - INFO - Confusion Matrix: 
[[ 26  22]
 [ 69 133]]
2024-08-05 13:26:35,039 - INFO - Precision: 0.8580645161290322
2024-08-05 13:26:35,042 - INFO - Recall: 0.6584158415841584
2024-08-05 13:26:35,043 - INFO - Model evaluated successfully for subset 8.
2024-08-05 13:26:35,043 - INFO - ------------------------------
2024-08-05 13:26:35,043 - INFO - EVALUATE MODEL STAGE COMPLETED FOR SUBSET 8
2024-08-05 13:26:35,044 - INFO - ------------------------------
2024-08-05 13:26:35,045 - INFO - Subset 9 demographic makeup: 900 1, 50 3, 32 2, 18 4
2024-08-05 13:26:35,046 - INFO - Processing subset 9...
2024-08-05 13:26:35,046 - INFO - -----------------------------
2024-08-05 13:26:35,047 - INFO - TRAIN MODEL STAGE STARTING FOR SUBSET 9...
2024-08-05 13:26:35,048 - INFO - -----------------------------
2024-08-05 13:26:35,059 - INFO - Scaling features and applying LASSO for feature selection...
2024-08-05 13:26:36,831 - INFO - Selected features (including required): ['who', 'RaceEth', 'age', 'is_female', 'is_hispanic', 'unemployed', 'unstableliving', 'education', 'marital', 'UDS_Amphetamine_Count', 'UDS_Benzodiazepine_Count', 'UDS_Buprenorphine_Count', 'UDS_Cocaine_Count', 'UDS_Methadone_Count', 'UDS_Opioid_Count', 'UDS_Sedatives_Count', 'UDS_Thc_Count', 'pain', 'has_schizophrenia', 'has_major_dep', 'has_bipolar', 'has_anx_pan', 'has_brain_damage', 'has_epilepsy', 'has_opiates_dx', 'has_alcol_dx', 'has_amphetamines_dx', 'has_cannabis_dx', 'has_cocaine_dx', 'has_sedatives_dx', 'ftnd', 'XTRT', 'shared', 'rbsivheroin', 'TLFB_Alcohol_Count', 'TLFB_Amphetamine_Count', 'TLFB_Benzodiazepine_Count', 'TLFB_Buprenorphine_Count', 'TLFB_Cocaine_Count', 'TLFB_Heroin_Count', 'TLFB_Methadone_Count', 'TLFB_Opioid_Count', 'TLFB_THC_Count', 'TLFB_Other', 'Homosexual_Behavior', 'Non_monogamous_Relationships']
2024-08-05 13:26:36,836 - INFO - Fitting logistic regression model with the selected features...
2024-08-05 13:26:37,357 - INFO - Model training completed successfully.
2024-08-05 13:26:37,357 - INFO - Calculating the dynamic threshold based on the proportion of positive outcomes...
2024-08-05 13:26:37,357 - INFO - Ratio of 1s to 0s in the outcome variable: 0.82 : 0.18
2024-08-05 13:26:37,357 - INFO - Dynamic threshold set to: 0.816
2024-08-05 13:26:37,357 - INFO - Model trained and saved successfully for subset 9.
2024-08-05 13:26:37,357 - INFO - ---------------------------
2024-08-05 13:26:37,358 - INFO - TRAIN MODEL STAGE COMPLETED FOR SUBSET 9
2024-08-05 13:26:37,358 - INFO - ---------------------------
2024-08-05 13:26:37,358 - INFO - --------------------------------
2024-08-05 13:26:37,358 - INFO - EVALUATE MODEL STAGE STARTING FOR SUBSET 9...
2024-08-05 13:26:37,358 - INFO - --------------------------------
2024-08-05 13:26:37,375 - INFO - ROC AUC Score: 0.6824381926683717
2024-08-05 13:26:37,375 - INFO - Confusion Matrix: 
[[ 25  21]
 [ 63 141]]
2024-08-05 13:26:37,375 - INFO - Precision: 0.8703703703703703
2024-08-05 13:26:37,375 - INFO - Recall: 0.6911764705882353
2024-08-05 13:26:37,375 - INFO - Model evaluated successfully for subset 9.
2024-08-05 13:26:37,376 - INFO - ------------------------------
2024-08-05 13:26:37,376 - INFO - EVALUATE MODEL STAGE COMPLETED FOR SUBSET 9
2024-08-05 13:26:37,376 - INFO - ------------------------------
2024-08-05 13:26:37,377 - INFO - Subset 10 demographic makeup: 950 1, 25 3, 16 2, 9 4
2024-08-05 13:26:37,377 - INFO - Processing subset 10...
2024-08-05 13:26:37,377 - INFO - -----------------------------
2024-08-05 13:26:37,377 - INFO - TRAIN MODEL STAGE STARTING FOR SUBSET 10...
2024-08-05 13:26:37,377 - INFO - -----------------------------
2024-08-05 13:26:37,392 - INFO - Scaling features and applying LASSO for feature selection...
2024-08-05 13:26:39,169 - INFO - Selected features (including required): ['who', 'RaceEth', 'age', 'is_female', 'is_hispanic', 'unemployed', 'unstableliving', 'education', 'marital', 'UDS_Amphetamine_Count', 'UDS_Benzodiazepine_Count', 'UDS_Buprenorphine_Count', 'UDS_Cocaine_Count', 'UDS_Methadone_Count', 'UDS_Opioid_Count', 'UDS_Sedatives_Count', 'UDS_Thc_Count', 'pain', 'has_schizophrenia', 'has_major_dep', 'has_bipolar', 'has_anx_pan', 'has_brain_damage', 'has_epilepsy', 'has_opiates_dx', 'has_alcol_dx', 'has_amphetamines_dx', 'has_cannabis_dx', 'has_cocaine_dx', 'has_sedatives_dx', 'ftnd', 'XTRT', 'shared', 'rbsivheroin', 'TLFB_Alcohol_Count', 'TLFB_Amphetamine_Count', 'TLFB_Benzodiazepine_Count', 'TLFB_Buprenorphine_Count', 'TLFB_Cocaine_Count', 'TLFB_Heroin_Count', 'TLFB_Methadone_Count', 'TLFB_Opioid_Count', 'TLFB_THC_Count', 'TLFB_Other', 'Homosexual_Behavior', 'Non_monogamous_Relationships']
2024-08-05 13:26:39,177 - INFO - Fitting logistic regression model with the selected features...
2024-08-05 13:26:39,418 - INFO - Model training completed successfully.
2024-08-05 13:26:39,419 - INFO - Calculating the dynamic threshold based on the proportion of positive outcomes...
2024-08-05 13:26:39,419 - INFO - Ratio of 1s to 0s in the outcome variable: 0.81 : 0.19
2024-08-05 13:26:39,419 - INFO - Dynamic threshold set to: 0.812
2024-08-05 13:26:39,419 - INFO - Model trained and saved successfully for subset 10.
2024-08-05 13:26:39,419 - INFO - ---------------------------
2024-08-05 13:26:39,419 - INFO - TRAIN MODEL STAGE COMPLETED FOR SUBSET 10
2024-08-05 13:26:39,419 - INFO - ---------------------------
2024-08-05 13:26:39,419 - INFO - --------------------------------
2024-08-05 13:26:39,420 - INFO - EVALUATE MODEL STAGE STARTING FOR SUBSET 10...
2024-08-05 13:26:39,420 - INFO - --------------------------------
2024-08-05 13:26:39,435 - INFO - ROC AUC Score: 0.6886070642490304
2024-08-05 13:26:39,436 - INFO - Confusion Matrix: 
[[ 27  20]
 [ 79 124]]
2024-08-05 13:26:39,436 - INFO - Precision: 0.8611111111111112
2024-08-05 13:26:39,436 - INFO - Recall: 0.6108374384236454
2024-08-05 13:26:39,437 - INFO - Model evaluated successfully for subset 10.
2024-08-05 13:26:39,437 - INFO - ------------------------------
2024-08-05 13:26:39,437 - INFO - EVALUATE MODEL STAGE COMPLETED FOR SUBSET 10
2024-08-05 13:26:39,437 - INFO - ------------------------------
2024-08-05 13:26:39,437 - INFO - Subset 11 demographic makeup: 1000 1
2024-08-05 13:26:39,438 - INFO - Processing subset 11...
2024-08-05 13:26:39,438 - INFO - -----------------------------
2024-08-05 13:26:39,438 - INFO - TRAIN MODEL STAGE STARTING FOR SUBSET 11...
2024-08-05 13:26:39,438 - INFO - -----------------------------
2024-08-05 13:26:39,446 - INFO - Scaling features and applying LASSO for feature selection...
2024-08-05 13:26:41,369 - INFO - Selected features (including required): ['who', 'age', 'is_female', 'unemployed', 'unstableliving', 'education', 'marital', 'UDS_Amphetamine_Count', 'UDS_Benzodiazepine_Count', 'UDS_Buprenorphine_Count', 'UDS_Cocaine_Count', 'UDS_Methadone_Count', 'UDS_Opioid_Count', 'UDS_Sedatives_Count', 'UDS_Thc_Count', 'pain', 'has_schizophrenia', 'has_major_dep', 'has_bipolar', 'has_anx_pan', 'has_brain_damage', 'has_epilepsy', 'has_opiates_dx', 'has_alcol_dx', 'has_amphetamines_dx', 'has_cannabis_dx', 'has_cocaine_dx', 'has_sedatives_dx', 'ftnd', 'XTRT', 'shared', 'rbsivheroin', 'TLFB_Alcohol_Count', 'TLFB_Amphetamine_Count', 'TLFB_Benzodiazepine_Count', 'TLFB_Buprenorphine_Count', 'TLFB_Cocaine_Count', 'TLFB_Heroin_Count', 'TLFB_Methadone_Count', 'TLFB_Opioid_Count', 'TLFB_THC_Count', 'TLFB_Other', 'Homosexual_Behavior', 'Non_monogamous_Relationships']
2024-08-05 13:26:41,381 - INFO - Fitting logistic regression model with the selected features...
2024-08-05 13:26:41,772 - INFO - Model training completed successfully.
2024-08-05 13:26:41,773 - INFO - Calculating the dynamic threshold based on the proportion of positive outcomes...
2024-08-05 13:26:41,773 - INFO - Ratio of 1s to 0s in the outcome variable: 0.82 : 0.18
2024-08-05 13:26:41,774 - INFO - Dynamic threshold set to: 0.824
2024-08-05 13:26:41,774 - INFO - Model trained and saved successfully for subset 11.
2024-08-05 13:26:41,775 - INFO - ---------------------------
2024-08-05 13:26:41,776 - INFO - TRAIN MODEL STAGE COMPLETED FOR SUBSET 11
2024-08-05 13:26:41,779 - INFO - ---------------------------
2024-08-05 13:26:41,779 - INFO - --------------------------------
2024-08-05 13:26:41,780 - INFO - EVALUATE MODEL STAGE STARTING FOR SUBSET 11...
2024-08-05 13:26:41,780 - INFO - --------------------------------
2024-08-05 13:26:41,805 - INFO - ROC AUC Score: 0.7366504854368932
2024-08-05 13:26:41,805 - INFO - Confusion Matrix: 
[[ 34  10]
 [ 69 137]]
2024-08-05 13:26:41,806 - INFO - Precision: 0.9319727891156463
2024-08-05 13:26:41,806 - INFO - Recall: 0.6650485436893204
2024-08-05 13:26:41,806 - INFO - Model evaluated successfully for subset 11.
2024-08-05 13:26:41,807 - INFO - ------------------------------
2024-08-05 13:26:41,807 - INFO - EVALUATE MODEL STAGE COMPLETED FOR SUBSET 11
2024-08-05 13:26:41,808 - INFO - ------------------------------
2024-08-05 13:26:41,811 - INFO - ------------------
2024-08-05 13:26:41,813 - INFO - PIPELINE COMPLETED
2024-08-05 13:26:41,813 - INFO - ------------------
