2024-08-14 11:31:49,517 - INFO - Global Seed set to: 23
2024-08-14 11:31:49,517 - INFO - Outcome Name: ctn0094_relapse_event
2024-08-14 11:31:49,561 - INFO - Datasets loaded successfully.
2024-08-14 11:31:49,565 - INFO - Starting preprocessing of the merged dataset...
2024-08-14 11:31:49,565 - INFO - ---------------------------------
2024-08-14 11:31:49,565 - INFO - PRE-PROCESSING STAGE STARTING...
2024-08-14 11:31:49,565 - INFO - ---------------------------------
2024-08-14 11:31:49,674 - INFO - Dropped initial columns: ['pain_when', 'is_smoker', 'per_day', 'max', 'amount', 'depression', 'anxiety', 'schizophrenia', 'max', 'amount', 'cocaine_inject_days', 'speedball_inject_days', 'opioid_inject_days', 'speed_inject_days', 'UDS_Alcohol_Count', 'UDS_Mdma/Hallucinogen_Count']
2024-08-14 11:31:49,718 - INFO - Converted Yes/No to binary.
2024-08-14 11:31:49,726 - INFO - Processed TLFB columns with specified columns: ['TLFB_Alcohol_Count', 'TLFB_Amphetamine_Count', 'TLFB_Cocaine_Count', 'TLFB_Heroin_Count', 'TLFB_Benzodiazepine_Count', 'TLFB_Opioid_Count', 'TLFB_THC_Count', 'TLFB_Methadone_Count', 'TLFB_Buprenorphine_Count']
2024-08-14 11:31:49,728 - INFO - Calculated behavioral columns.
2024-08-14 11:31:49,730 - INFO - Moved 'ctn0094_relapse_event' column to the end.
2024-08-14 11:31:49,808 - INFO - Dropped initial columns: ['msm_npt', 'msm_frq', 'txx_prt']
2024-08-14 11:31:49,822 - INFO - transform_data_with_nan_handling success
2024-08-14 11:31:49,822 - INFO - Renamed columns according to the mapping.
2024-08-14 11:31:49,854 - INFO - Transformed NaN to 0 for binary columns.
2024-08-14 11:31:49,855 - INFO - Transformed and renamed 'heroin_inject_days' column to 'rbsivheroin'.
2024-08-14 11:31:49,857 - INFO - Filled NaN with 0 for 'ftnd' column.
2024-08-14 11:31:49,941 - INFO - Dropped additional columns: ['rbs_iv_days', 'race', 'RBS_cocaine_Days', 'RBS_heroin_Days', 'RBS_opioid_Days', 'RBS_speed_Days', 'RBS_speedball_Days']
2024-08-14 11:31:49,956 - INFO - Converted UDS drug counts to binary.
2024-08-14 11:31:50,030 - INFO - ------------------------------
2024-08-14 11:31:50,030 - INFO - PRE-PROCESSING STAGE COMPLETED
2024-08-14 11:31:50,030 - INFO - ------------------------------
2024-08-14 11:31:50,030 - INFO - Merged dataset preprocessed successfully.
2024-08-14 11:31:50,030 - INFO - Creating demographic subsets from preprocessed data...
2024-08-14 11:31:58,500 - INFO - Created 11 subsets successfully.
2024-08-14 11:31:58,500 - INFO - Creating merged subsets from create_demographics_dfs function
2024-08-14 11:31:58,591 - INFO - Created 11 merged subsets successfully.
2024-08-14 11:31:58,591 - INFO - Subset 1 demographic makeup: 500 1, 249 3, 153 2, 98 4
2024-08-14 11:31:58,592 - INFO - Processing subset 1...
2024-08-14 11:31:58,592 - INFO - -----------------------------
2024-08-14 11:31:58,592 - INFO - TRAIN MODEL STAGE STARTING FOR SUBSET 1...
2024-08-14 11:31:58,592 - INFO - -----------------------------
2024-08-14 11:31:58,598 - INFO - Scaling features and applying LASSO for feature selection...
2024-08-14 11:32:02,488 - INFO - Selected features (including required): ['who', 'RaceEth', 'age', 'is_female', 'is_hispanic', 'unemployed', 'unstableliving', 'education', 'marital', 'UDS_Amphetamine_Count', 'UDS_Benzodiazepine_Count', 'UDS_Buprenorphine_Count', 'UDS_Cocaine_Count', 'UDS_Methadone_Count', 'UDS_Opioid_Count', 'UDS_Sedatives_Count', 'UDS_Thc_Count', 'pain', 'has_schizophrenia', 'has_major_dep', 'has_bipolar', 'has_anx_pan', 'has_brain_damage', 'has_epilepsy', 'has_alcol_dx', 'has_amphetamines_dx', 'has_cannabis_dx', 'has_cocaine_dx', 'has_sedatives_dx', 'ftnd', 'XTRT', 'shared', 'rbsivheroin', 'TLFB_Alcohol_Count', 'TLFB_Amphetamine_Count', 'TLFB_Benzodiazepine_Count', 'TLFB_Buprenorphine_Count', 'TLFB_Cocaine_Count', 'TLFB_Heroin_Count', 'TLFB_Methadone_Count', 'TLFB_Opioid_Count', 'TLFB_THC_Count', 'TLFB_Other', 'Homosexual_Behavior', 'Non_monogamous_Relationships']
2024-08-14 11:32:02,493 - INFO - Fitting logistic regression model with the selected features...
2024-08-14 11:32:03,468 - INFO - Model training completed successfully.
2024-08-14 11:32:03,468 - INFO - Calculating the dynamic threshold based on the proportion of positive outcomes...
2024-08-14 11:32:03,469 - INFO - Ratio of 1s to 0s in the outcome variable: 0.76 : 0.24
2024-08-14 11:32:03,469 - INFO - Dynamic threshold set to: 0.764
2024-08-14 11:32:03,470 - INFO - Model trained and saved successfully for subset 1.
2024-08-14 11:32:03,471 - INFO - ---------------------------
2024-08-14 11:32:03,471 - INFO - TRAIN MODEL STAGE COMPLETED FOR SUBSET 1
2024-08-14 11:32:03,474 - INFO - ---------------------------
2024-08-14 11:32:03,475 - INFO - --------------------------------
2024-08-14 11:32:03,475 - INFO - EVALUATE MODEL STAGE STARTING FOR SUBSET 1...
2024-08-14 11:32:03,475 - INFO - --------------------------------
2024-08-14 11:32:03,501 - INFO - ROC AUC Score: 0.5947289022983406
2024-08-14 11:32:03,501 - INFO - Confusion Matrix: 
[[ 32  27]
 [ 77 114]]
2024-08-14 11:32:03,502 - INFO - Precision: 0.8085106382978723
2024-08-14 11:32:03,502 - INFO - Recall: 0.5968586387434555
2024-08-14 11:32:03,508 - INFO - Model evaluated successfully for subset 1.
2024-08-14 11:32:03,510 - INFO - ------------------------------
2024-08-14 11:32:03,512 - INFO - EVALUATE MODEL STAGE COMPLETED FOR SUBSET 1
2024-08-14 11:32:03,513 - INFO - ------------------------------
2024-08-14 11:32:03,515 - INFO - Subset 2 demographic makeup: 550 1, 226 3, 133 2, 91 4
2024-08-14 11:32:03,516 - INFO - Processing subset 2...
2024-08-14 11:32:03,516 - INFO - -----------------------------
2024-08-14 11:32:03,516 - INFO - TRAIN MODEL STAGE STARTING FOR SUBSET 2...
2024-08-14 11:32:03,516 - INFO - -----------------------------
2024-08-14 11:32:03,533 - INFO - Scaling features and applying LASSO for feature selection...
2024-08-14 11:32:07,465 - INFO - Selected features (including required): ['who', 'RaceEth', 'age', 'is_female', 'is_hispanic', 'unemployed', 'unstableliving', 'education', 'marital', 'UDS_Amphetamine_Count', 'UDS_Benzodiazepine_Count', 'UDS_Buprenorphine_Count', 'UDS_Cocaine_Count', 'UDS_Methadone_Count', 'UDS_Opioid_Count', 'UDS_Sedatives_Count', 'UDS_Thc_Count', 'pain', 'has_schizophrenia', 'has_major_dep', 'has_bipolar', 'has_anx_pan', 'has_brain_damage', 'has_epilepsy', 'has_alcol_dx', 'has_amphetamines_dx', 'has_cannabis_dx', 'has_cocaine_dx', 'has_sedatives_dx', 'ftnd', 'XTRT', 'shared', 'rbsivheroin', 'TLFB_Alcohol_Count', 'TLFB_Amphetamine_Count', 'TLFB_Benzodiazepine_Count', 'TLFB_Buprenorphine_Count', 'TLFB_Cocaine_Count', 'TLFB_Heroin_Count', 'TLFB_Methadone_Count', 'TLFB_Opioid_Count', 'TLFB_THC_Count', 'TLFB_Other', 'Homosexual_Behavior', 'Non_monogamous_Relationships']
2024-08-14 11:32:07,471 - INFO - Fitting logistic regression model with the selected features...
2024-08-14 11:32:07,956 - INFO - Model training completed successfully.
2024-08-14 11:32:07,956 - INFO - Calculating the dynamic threshold based on the proportion of positive outcomes...
2024-08-14 11:32:07,956 - INFO - Ratio of 1s to 0s in the outcome variable: 0.79 : 0.21
2024-08-14 11:32:07,956 - INFO - Dynamic threshold set to: 0.788
2024-08-14 11:32:07,957 - INFO - Model trained and saved successfully for subset 2.
2024-08-14 11:32:07,957 - INFO - ---------------------------
2024-08-14 11:32:07,957 - INFO - TRAIN MODEL STAGE COMPLETED FOR SUBSET 2
2024-08-14 11:32:07,957 - INFO - ---------------------------
2024-08-14 11:32:07,957 - INFO - --------------------------------
2024-08-14 11:32:07,957 - INFO - EVALUATE MODEL STAGE STARTING FOR SUBSET 2...
2024-08-14 11:32:07,957 - INFO - --------------------------------
2024-08-14 11:32:07,972 - INFO - ROC AUC Score: 0.6092328321042045
2024-08-14 11:32:07,972 - INFO - Confusion Matrix: 
[[ 36  17]
 [112  85]]
2024-08-14 11:32:07,972 - INFO - Precision: 0.8333333333333334
2024-08-14 11:32:07,972 - INFO - Recall: 0.43147208121827413
2024-08-14 11:32:07,972 - INFO - Model evaluated successfully for subset 2.
2024-08-14 11:32:07,972 - INFO - ------------------------------
2024-08-14 11:32:07,972 - INFO - EVALUATE MODEL STAGE COMPLETED FOR SUBSET 2
2024-08-14 11:32:07,973 - INFO - ------------------------------
2024-08-14 11:32:07,974 - INFO - Subset 3 demographic makeup: 600 1, 201 3, 121 2, 78 4
2024-08-14 11:32:07,975 - INFO - Processing subset 3...
2024-08-14 11:32:07,975 - INFO - -----------------------------
2024-08-14 11:32:07,975 - INFO - TRAIN MODEL STAGE STARTING FOR SUBSET 3...
2024-08-14 11:32:07,975 - INFO - -----------------------------
2024-08-14 11:32:07,985 - INFO - Scaling features and applying LASSO for feature selection...
2024-08-14 11:32:08,907 - INFO - Selected features (including required): ['who', 'RaceEth', 'age', 'is_female', 'is_hispanic', 'unemployed', 'unstableliving', 'education', 'marital', 'UDS_Amphetamine_Count', 'UDS_Benzodiazepine_Count', 'UDS_Buprenorphine_Count', 'UDS_Cocaine_Count', 'UDS_Methadone_Count', 'UDS_Opioid_Count', 'UDS_Sedatives_Count', 'UDS_Thc_Count', 'pain', 'has_schizophrenia', 'has_major_dep', 'has_bipolar', 'has_anx_pan', 'has_brain_damage', 'has_epilepsy', 'has_alcol_dx', 'has_amphetamines_dx', 'has_cannabis_dx', 'has_cocaine_dx', 'has_sedatives_dx', 'ftnd', 'XTRT', 'shared', 'rbsivheroin', 'TLFB_Alcohol_Count', 'TLFB_Amphetamine_Count', 'TLFB_Benzodiazepine_Count', 'TLFB_Buprenorphine_Count', 'TLFB_Cocaine_Count', 'TLFB_Heroin_Count', 'TLFB_Methadone_Count', 'TLFB_Opioid_Count', 'TLFB_THC_Count', 'TLFB_Other', 'Homosexual_Behavior', 'Non_monogamous_Relationships']
2024-08-14 11:32:08,912 - INFO - Fitting logistic regression model with the selected features...
2024-08-14 11:32:09,697 - INFO - Model training completed successfully.
2024-08-14 11:32:09,697 - INFO - Calculating the dynamic threshold based on the proportion of positive outcomes...
2024-08-14 11:32:09,697 - INFO - Ratio of 1s to 0s in the outcome variable: 0.74 : 0.26
2024-08-14 11:32:09,697 - INFO - Dynamic threshold set to: 0.736
2024-08-14 11:32:09,697 - INFO - Model trained and saved successfully for subset 3.
2024-08-14 11:32:09,697 - INFO - ---------------------------
2024-08-14 11:32:09,697 - INFO - TRAIN MODEL STAGE COMPLETED FOR SUBSET 3
2024-08-14 11:32:09,698 - INFO - ---------------------------
2024-08-14 11:32:09,698 - INFO - --------------------------------
2024-08-14 11:32:09,698 - INFO - EVALUATE MODEL STAGE STARTING FOR SUBSET 3...
2024-08-14 11:32:09,698 - INFO - --------------------------------
2024-08-14 11:32:09,710 - INFO - ROC AUC Score: 0.6127305665349143
2024-08-14 11:32:09,710 - INFO - Confusion Matrix: 
[[ 33  33]
 [ 61 123]]
2024-08-14 11:32:09,711 - INFO - Precision: 0.7884615384615384
2024-08-14 11:32:09,711 - INFO - Recall: 0.6684782608695652
2024-08-14 11:32:09,711 - INFO - Model evaluated successfully for subset 3.
2024-08-14 11:32:09,716 - INFO - ------------------------------
2024-08-14 11:32:09,717 - INFO - EVALUATE MODEL STAGE COMPLETED FOR SUBSET 3
2024-08-14 11:32:09,718 - INFO - ------------------------------
2024-08-14 11:32:09,719 - INFO - Subset 4 demographic makeup: 650 1, 174 3, 106 2, 70 4
2024-08-14 11:32:09,719 - INFO - Processing subset 4...
2024-08-14 11:32:09,719 - INFO - -----------------------------
2024-08-14 11:32:09,720 - INFO - TRAIN MODEL STAGE STARTING FOR SUBSET 4...
2024-08-14 11:32:09,720 - INFO - -----------------------------
2024-08-14 11:32:09,731 - INFO - Scaling features and applying LASSO for feature selection...
2024-08-14 11:32:10,693 - INFO - Selected features (including required): ['who', 'RaceEth', 'age', 'is_female', 'is_hispanic', 'unemployed', 'unstableliving', 'education', 'marital', 'UDS_Amphetamine_Count', 'UDS_Benzodiazepine_Count', 'UDS_Buprenorphine_Count', 'UDS_Cocaine_Count', 'UDS_Methadone_Count', 'UDS_Opioid_Count', 'UDS_Sedatives_Count', 'UDS_Thc_Count', 'pain', 'has_schizophrenia', 'has_major_dep', 'has_bipolar', 'has_anx_pan', 'has_brain_damage', 'has_epilepsy', 'has_alcol_dx', 'has_amphetamines_dx', 'has_cannabis_dx', 'has_cocaine_dx', 'has_sedatives_dx', 'ftnd', 'XTRT', 'shared', 'rbsivheroin', 'TLFB_Alcohol_Count', 'TLFB_Amphetamine_Count', 'TLFB_Benzodiazepine_Count', 'TLFB_Buprenorphine_Count', 'TLFB_Cocaine_Count', 'TLFB_Heroin_Count', 'TLFB_Methadone_Count', 'TLFB_Opioid_Count', 'TLFB_THC_Count', 'TLFB_Other', 'Homosexual_Behavior', 'Non_monogamous_Relationships']
2024-08-14 11:32:10,708 - INFO - Fitting logistic regression model with the selected features...
2024-08-14 11:32:11,464 - INFO - Model training completed successfully.
2024-08-14 11:32:11,464 - INFO - Calculating the dynamic threshold based on the proportion of positive outcomes...
2024-08-14 11:32:11,464 - INFO - Ratio of 1s to 0s in the outcome variable: 0.80 : 0.20
2024-08-14 11:32:11,464 - INFO - Dynamic threshold set to: 0.8
2024-08-14 11:32:11,465 - INFO - Model trained and saved successfully for subset 4.
2024-08-14 11:32:11,465 - INFO - ---------------------------
2024-08-14 11:32:11,465 - INFO - TRAIN MODEL STAGE COMPLETED FOR SUBSET 4
2024-08-14 11:32:11,465 - INFO - ---------------------------
2024-08-14 11:32:11,465 - INFO - --------------------------------
2024-08-14 11:32:11,465 - INFO - EVALUATE MODEL STAGE STARTING FOR SUBSET 4...
2024-08-14 11:32:11,465 - INFO - --------------------------------
2024-08-14 11:32:11,478 - INFO - ROC AUC Score: 0.5976
2024-08-14 11:32:11,478 - INFO - Confusion Matrix: 
[[ 31  19]
 [107  93]]
2024-08-14 11:32:11,478 - INFO - Precision: 0.8303571428571429
2024-08-14 11:32:11,479 - INFO - Recall: 0.465
2024-08-14 11:32:11,479 - INFO - Model evaluated successfully for subset 4.
2024-08-14 11:32:11,479 - INFO - ------------------------------
2024-08-14 11:32:11,479 - INFO - EVALUATE MODEL STAGE COMPLETED FOR SUBSET 4
2024-08-14 11:32:11,479 - INFO - ------------------------------
2024-08-14 11:32:11,480 - INFO - Subset 5 demographic makeup: 700 1, 152 3, 91 2, 57 4
2024-08-14 11:32:11,480 - INFO - Processing subset 5...
2024-08-14 11:32:11,480 - INFO - -----------------------------
2024-08-14 11:32:11,480 - INFO - TRAIN MODEL STAGE STARTING FOR SUBSET 5...
2024-08-14 11:32:11,480 - INFO - -----------------------------
2024-08-14 11:32:11,488 - INFO - Scaling features and applying LASSO for feature selection...
2024-08-14 11:32:11,719 - INFO - Selected features (including required): ['who', 'RaceEth', 'age', 'is_female', 'is_hispanic', 'unemployed', 'unstableliving', 'education', 'marital', 'UDS_Amphetamine_Count', 'UDS_Benzodiazepine_Count', 'UDS_Buprenorphine_Count', 'UDS_Cocaine_Count', 'UDS_Methadone_Count', 'UDS_Opioid_Count', 'UDS_Sedatives_Count', 'UDS_Thc_Count', 'pain', 'has_schizophrenia', 'has_major_dep', 'has_bipolar', 'has_anx_pan', 'has_brain_damage', 'has_epilepsy', 'has_alcol_dx', 'has_amphetamines_dx', 'has_cannabis_dx', 'has_cocaine_dx', 'has_sedatives_dx', 'ftnd', 'XTRT', 'shared', 'rbsivheroin', 'TLFB_Alcohol_Count', 'TLFB_Amphetamine_Count', 'TLFB_Benzodiazepine_Count', 'TLFB_Buprenorphine_Count', 'TLFB_Cocaine_Count', 'TLFB_Heroin_Count', 'TLFB_Methadone_Count', 'TLFB_Opioid_Count', 'TLFB_THC_Count', 'TLFB_Other', 'Homosexual_Behavior', 'Non_monogamous_Relationships']
2024-08-14 11:32:11,724 - INFO - Fitting logistic regression model with the selected features...
2024-08-14 11:32:12,712 - INFO - Model training completed successfully.
2024-08-14 11:32:12,712 - INFO - Calculating the dynamic threshold based on the proportion of positive outcomes...
2024-08-14 11:32:12,713 - INFO - Ratio of 1s to 0s in the outcome variable: 0.74 : 0.26
2024-08-14 11:32:12,713 - INFO - Dynamic threshold set to: 0.736
2024-08-14 11:32:12,714 - INFO - Model trained and saved successfully for subset 5.
2024-08-14 11:32:12,715 - INFO - ---------------------------
2024-08-14 11:32:12,715 - INFO - TRAIN MODEL STAGE COMPLETED FOR SUBSET 5
2024-08-14 11:32:12,717 - INFO - ---------------------------
2024-08-14 11:32:12,719 - INFO - --------------------------------
2024-08-14 11:32:12,719 - INFO - EVALUATE MODEL STAGE STARTING FOR SUBSET 5...
2024-08-14 11:32:12,720 - INFO - --------------------------------
2024-08-14 11:32:12,746 - INFO - ROC AUC Score: 0.5847332015810276
2024-08-14 11:32:12,749 - INFO - Confusion Matrix: 
[[ 26  40]
 [ 64 120]]
2024-08-14 11:32:12,750 - INFO - Precision: 0.75
2024-08-14 11:32:12,755 - INFO - Recall: 0.6521739130434783
2024-08-14 11:32:12,756 - INFO - Model evaluated successfully for subset 5.
2024-08-14 11:32:12,757 - INFO - ------------------------------
2024-08-14 11:32:12,757 - INFO - EVALUATE MODEL STAGE COMPLETED FOR SUBSET 5
2024-08-14 11:32:12,757 - INFO - ------------------------------
2024-08-14 11:32:12,759 - INFO - Subset 6 demographic makeup: 750 1, 131 3, 72 2, 47 4
2024-08-14 11:32:12,759 - INFO - Processing subset 6...
2024-08-14 11:32:12,759 - INFO - -----------------------------
2024-08-14 11:32:12,760 - INFO - TRAIN MODEL STAGE STARTING FOR SUBSET 6...
2024-08-14 11:32:12,760 - INFO - -----------------------------
2024-08-14 11:32:12,775 - INFO - Scaling features and applying LASSO for feature selection...
2024-08-14 11:32:13,040 - INFO - Selected features (including required): ['who', 'RaceEth', 'age', 'is_female', 'is_hispanic', 'unemployed', 'unstableliving', 'education', 'marital', 'UDS_Amphetamine_Count', 'UDS_Benzodiazepine_Count', 'UDS_Buprenorphine_Count', 'UDS_Cocaine_Count', 'UDS_Methadone_Count', 'UDS_Opioid_Count', 'UDS_Sedatives_Count', 'UDS_Thc_Count', 'pain', 'has_schizophrenia', 'has_major_dep', 'has_bipolar', 'has_anx_pan', 'has_brain_damage', 'has_epilepsy', 'has_alcol_dx', 'has_amphetamines_dx', 'has_cannabis_dx', 'has_cocaine_dx', 'has_sedatives_dx', 'ftnd', 'XTRT', 'shared', 'rbsivheroin', 'TLFB_Alcohol_Count', 'TLFB_Amphetamine_Count', 'TLFB_Benzodiazepine_Count', 'TLFB_Buprenorphine_Count', 'TLFB_Cocaine_Count', 'TLFB_Heroin_Count', 'TLFB_Methadone_Count', 'TLFB_Opioid_Count', 'TLFB_THC_Count', 'TLFB_Other', 'Homosexual_Behavior', 'Non_monogamous_Relationships']
2024-08-14 11:32:13,046 - INFO - Fitting logistic regression model with the selected features...
2024-08-14 11:32:13,684 - INFO - Model training completed successfully.
2024-08-14 11:32:13,685 - INFO - Calculating the dynamic threshold based on the proportion of positive outcomes...
2024-08-14 11:32:13,685 - INFO - Ratio of 1s to 0s in the outcome variable: 0.72 : 0.28
2024-08-14 11:32:13,685 - INFO - Dynamic threshold set to: 0.72
2024-08-14 11:32:13,685 - INFO - Model trained and saved successfully for subset 6.
2024-08-14 11:32:13,685 - INFO - ---------------------------
2024-08-14 11:32:13,685 - INFO - TRAIN MODEL STAGE COMPLETED FOR SUBSET 6
2024-08-14 11:32:13,685 - INFO - ---------------------------
2024-08-14 11:32:13,685 - INFO - --------------------------------
2024-08-14 11:32:13,686 - INFO - EVALUATE MODEL STAGE STARTING FOR SUBSET 6...
2024-08-14 11:32:13,686 - INFO - --------------------------------
2024-08-14 11:32:13,699 - INFO - ROC AUC Score: 0.6436507936507936
2024-08-14 11:32:13,699 - INFO - Confusion Matrix: 
[[ 39  31]
 [ 57 123]]
2024-08-14 11:32:13,699 - INFO - Precision: 0.7987012987012987
2024-08-14 11:32:13,699 - INFO - Recall: 0.6833333333333333
2024-08-14 11:32:13,699 - INFO - Model evaluated successfully for subset 6.
2024-08-14 11:32:13,699 - INFO - ------------------------------
2024-08-14 11:32:13,699 - INFO - EVALUATE MODEL STAGE COMPLETED FOR SUBSET 6
2024-08-14 11:32:13,699 - INFO - ------------------------------
2024-08-14 11:32:13,700 - INFO - Subset 7 demographic makeup: 800 1, 105 3, 56 2, 39 4
2024-08-14 11:32:13,700 - INFO - Processing subset 7...
2024-08-14 11:32:13,700 - INFO - -----------------------------
2024-08-14 11:32:13,700 - INFO - TRAIN MODEL STAGE STARTING FOR SUBSET 7...
2024-08-14 11:32:13,701 - INFO - -----------------------------
2024-08-14 11:32:13,706 - INFO - Scaling features and applying LASSO for feature selection...
2024-08-14 11:32:16,271 - INFO - Selected features (including required): ['who', 'RaceEth', 'age', 'is_female', 'is_hispanic', 'unemployed', 'unstableliving', 'education', 'marital', 'UDS_Amphetamine_Count', 'UDS_Benzodiazepine_Count', 'UDS_Buprenorphine_Count', 'UDS_Cocaine_Count', 'UDS_Methadone_Count', 'UDS_Opioid_Count', 'UDS_Sedatives_Count', 'UDS_Thc_Count', 'pain', 'has_schizophrenia', 'has_major_dep', 'has_bipolar', 'has_anx_pan', 'has_brain_damage', 'has_epilepsy', 'has_alcol_dx', 'has_amphetamines_dx', 'has_cannabis_dx', 'has_cocaine_dx', 'has_sedatives_dx', 'ftnd', 'XTRT', 'shared', 'rbsivheroin', 'TLFB_Alcohol_Count', 'TLFB_Amphetamine_Count', 'TLFB_Benzodiazepine_Count', 'TLFB_Buprenorphine_Count', 'TLFB_Cocaine_Count', 'TLFB_Heroin_Count', 'TLFB_Methadone_Count', 'TLFB_Opioid_Count', 'TLFB_THC_Count', 'TLFB_Other', 'Homosexual_Behavior', 'Non_monogamous_Relationships']
2024-08-14 11:32:16,277 - INFO - Fitting logistic regression model with the selected features...
2024-08-14 11:32:17,470 - INFO - Model training completed successfully.
2024-08-14 11:32:17,470 - INFO - Calculating the dynamic threshold based on the proportion of positive outcomes...
2024-08-14 11:32:17,471 - INFO - Ratio of 1s to 0s in the outcome variable: 0.71 : 0.29
2024-08-14 11:32:17,471 - INFO - Dynamic threshold set to: 0.708
2024-08-14 11:32:17,471 - INFO - Model trained and saved successfully for subset 7.
2024-08-14 11:32:17,471 - INFO - ---------------------------
2024-08-14 11:32:17,471 - INFO - TRAIN MODEL STAGE COMPLETED FOR SUBSET 7
2024-08-14 11:32:17,471 - INFO - ---------------------------
2024-08-14 11:32:17,471 - INFO - --------------------------------
2024-08-14 11:32:17,471 - INFO - EVALUATE MODEL STAGE STARTING FOR SUBSET 7...
2024-08-14 11:32:17,471 - INFO - --------------------------------
2024-08-14 11:32:17,486 - INFO - ROC AUC Score: 0.6360188839873075
2024-08-14 11:32:17,486 - INFO - Confusion Matrix: 
[[ 32  41]
 [ 50 127]]
2024-08-14 11:32:17,487 - INFO - Precision: 0.7559523809523809
2024-08-14 11:32:17,487 - INFO - Recall: 0.7175141242937854
2024-08-14 11:32:17,487 - INFO - Model evaluated successfully for subset 7.
2024-08-14 11:32:17,487 - INFO - ------------------------------
2024-08-14 11:32:17,487 - INFO - EVALUATE MODEL STAGE COMPLETED FOR SUBSET 7
2024-08-14 11:32:17,487 - INFO - ------------------------------
2024-08-14 11:32:17,488 - INFO - Subset 8 demographic makeup: 850 1, 80 3, 40 2, 30 4
2024-08-14 11:32:17,488 - INFO - Processing subset 8...
2024-08-14 11:32:17,488 - INFO - -----------------------------
2024-08-14 11:32:17,488 - INFO - TRAIN MODEL STAGE STARTING FOR SUBSET 8...
2024-08-14 11:32:17,488 - INFO - -----------------------------
2024-08-14 11:32:17,519 - INFO - Scaling features and applying LASSO for feature selection...
2024-08-14 11:32:17,816 - INFO - Selected features (including required): ['who', 'RaceEth', 'age', 'is_female', 'is_hispanic', 'unemployed', 'unstableliving', 'education', 'marital', 'UDS_Amphetamine_Count', 'UDS_Benzodiazepine_Count', 'UDS_Buprenorphine_Count', 'UDS_Cocaine_Count', 'UDS_Methadone_Count', 'UDS_Opioid_Count', 'UDS_Sedatives_Count', 'UDS_Thc_Count', 'pain', 'has_schizophrenia', 'has_major_dep', 'has_bipolar', 'has_anx_pan', 'has_brain_damage', 'has_epilepsy', 'has_alcol_dx', 'has_amphetamines_dx', 'has_cannabis_dx', 'has_cocaine_dx', 'has_sedatives_dx', 'ftnd', 'XTRT', 'shared', 'rbsivheroin', 'TLFB_Alcohol_Count', 'TLFB_Amphetamine_Count', 'TLFB_Benzodiazepine_Count', 'TLFB_Buprenorphine_Count', 'TLFB_Cocaine_Count', 'TLFB_Heroin_Count', 'TLFB_Methadone_Count', 'TLFB_Opioid_Count', 'TLFB_THC_Count', 'TLFB_Other', 'Homosexual_Behavior', 'Non_monogamous_Relationships']
2024-08-14 11:32:17,822 - INFO - Fitting logistic regression model with the selected features...
2024-08-14 11:32:18,349 - INFO - Model training completed successfully.
2024-08-14 11:32:18,349 - INFO - Calculating the dynamic threshold based on the proportion of positive outcomes...
2024-08-14 11:32:18,349 - INFO - Ratio of 1s to 0s in the outcome variable: 0.75 : 0.25
2024-08-14 11:32:18,350 - INFO - Dynamic threshold set to: 0.752
2024-08-14 11:32:18,350 - INFO - Model trained and saved successfully for subset 8.
2024-08-14 11:32:18,350 - INFO - ---------------------------
2024-08-14 11:32:18,350 - INFO - TRAIN MODEL STAGE COMPLETED FOR SUBSET 8
2024-08-14 11:32:18,350 - INFO - ---------------------------
2024-08-14 11:32:18,350 - INFO - --------------------------------
2024-08-14 11:32:18,350 - INFO - EVALUATE MODEL STAGE STARTING FOR SUBSET 8...
2024-08-14 11:32:18,350 - INFO - --------------------------------
2024-08-14 11:32:18,365 - INFO - ROC AUC Score: 0.6164207275223061
2024-08-14 11:32:18,365 - INFO - Confusion Matrix: 
[[ 37  25]
 [ 74 114]]
2024-08-14 11:32:18,367 - INFO - Precision: 0.8201438848920863
2024-08-14 11:32:18,367 - INFO - Recall: 0.6063829787234043
2024-08-14 11:32:18,367 - INFO - Model evaluated successfully for subset 8.
2024-08-14 11:32:18,367 - INFO - ------------------------------
2024-08-14 11:32:18,367 - INFO - EVALUATE MODEL STAGE COMPLETED FOR SUBSET 8
2024-08-14 11:32:18,367 - INFO - ------------------------------
2024-08-14 11:32:18,369 - INFO - Subset 9 demographic makeup: 900 1, 48 3, 32 2, 20 4
2024-08-14 11:32:18,369 - INFO - Processing subset 9...
2024-08-14 11:32:18,370 - INFO - -----------------------------
2024-08-14 11:32:18,370 - INFO - TRAIN MODEL STAGE STARTING FOR SUBSET 9...
2024-08-14 11:32:18,370 - INFO - -----------------------------
2024-08-14 11:32:18,376 - INFO - Scaling features and applying LASSO for feature selection...
2024-08-14 11:32:19,205 - INFO - Selected features (including required): ['who', 'RaceEth', 'age', 'is_female', 'is_hispanic', 'unemployed', 'unstableliving', 'education', 'marital', 'UDS_Amphetamine_Count', 'UDS_Benzodiazepine_Count', 'UDS_Buprenorphine_Count', 'UDS_Cocaine_Count', 'UDS_Methadone_Count', 'UDS_Opioid_Count', 'UDS_Sedatives_Count', 'UDS_Thc_Count', 'pain', 'has_schizophrenia', 'has_major_dep', 'has_bipolar', 'has_anx_pan', 'has_brain_damage', 'has_epilepsy', 'has_alcol_dx', 'has_amphetamines_dx', 'has_cannabis_dx', 'has_cocaine_dx', 'has_sedatives_dx', 'ftnd', 'XTRT', 'shared', 'rbsivheroin', 'TLFB_Alcohol_Count', 'TLFB_Amphetamine_Count', 'TLFB_Benzodiazepine_Count', 'TLFB_Buprenorphine_Count', 'TLFB_Cocaine_Count', 'TLFB_Heroin_Count', 'TLFB_Methadone_Count', 'TLFB_Opioid_Count', 'TLFB_THC_Count', 'TLFB_Other', 'Homosexual_Behavior', 'Non_monogamous_Relationships']
2024-08-14 11:32:19,210 - INFO - Fitting logistic regression model with the selected features...
2024-08-14 11:32:20,039 - INFO - Model training completed successfully.
2024-08-14 11:32:20,040 - INFO - Calculating the dynamic threshold based on the proportion of positive outcomes...
2024-08-14 11:32:20,040 - INFO - Ratio of 1s to 0s in the outcome variable: 0.72 : 0.28
2024-08-14 11:32:20,040 - INFO - Dynamic threshold set to: 0.72
2024-08-14 11:32:20,040 - INFO - Model trained and saved successfully for subset 9.
2024-08-14 11:32:20,040 - INFO - ---------------------------
2024-08-14 11:32:20,040 - INFO - TRAIN MODEL STAGE COMPLETED FOR SUBSET 9
2024-08-14 11:32:20,040 - INFO - ---------------------------
2024-08-14 11:32:20,040 - INFO - --------------------------------
2024-08-14 11:32:20,040 - INFO - EVALUATE MODEL STAGE STARTING FOR SUBSET 9...
2024-08-14 11:32:20,040 - INFO - --------------------------------
2024-08-14 11:32:20,052 - INFO - ROC AUC Score: 0.7093650793650794
2024-08-14 11:32:20,053 - INFO - Confusion Matrix: 
[[ 41  29]
 [ 52 128]]
2024-08-14 11:32:20,053 - INFO - Precision: 0.8152866242038217
2024-08-14 11:32:20,053 - INFO - Recall: 0.7111111111111111
2024-08-14 11:32:20,053 - INFO - Model evaluated successfully for subset 9.
2024-08-14 11:32:20,053 - INFO - ------------------------------
2024-08-14 11:32:20,053 - INFO - EVALUATE MODEL STAGE COMPLETED FOR SUBSET 9
2024-08-14 11:32:20,053 - INFO - ------------------------------
2024-08-14 11:32:20,054 - INFO - Subset 10 demographic makeup: 950 1, 25 3, 13 2, 12 4
2024-08-14 11:32:20,054 - INFO - Processing subset 10...
2024-08-14 11:32:20,054 - INFO - -----------------------------
2024-08-14 11:32:20,055 - INFO - TRAIN MODEL STAGE STARTING FOR SUBSET 10...
2024-08-14 11:32:20,055 - INFO - -----------------------------
2024-08-14 11:32:20,063 - INFO - Scaling features and applying LASSO for feature selection...
2024-08-14 11:32:20,924 - INFO - Selected features (including required): ['who', 'RaceEth', 'age', 'is_female', 'is_hispanic', 'unemployed', 'unstableliving', 'education', 'marital', 'UDS_Amphetamine_Count', 'UDS_Benzodiazepine_Count', 'UDS_Buprenorphine_Count', 'UDS_Cocaine_Count', 'UDS_Methadone_Count', 'UDS_Opioid_Count', 'UDS_Sedatives_Count', 'UDS_Thc_Count', 'pain', 'has_schizophrenia', 'has_major_dep', 'has_bipolar', 'has_anx_pan', 'has_brain_damage', 'has_epilepsy', 'has_alcol_dx', 'has_amphetamines_dx', 'has_cannabis_dx', 'has_cocaine_dx', 'has_sedatives_dx', 'ftnd', 'XTRT', 'shared', 'rbsivheroin', 'TLFB_Alcohol_Count', 'TLFB_Amphetamine_Count', 'TLFB_Benzodiazepine_Count', 'TLFB_Buprenorphine_Count', 'TLFB_Cocaine_Count', 'TLFB_Heroin_Count', 'TLFB_Methadone_Count', 'TLFB_Opioid_Count', 'TLFB_THC_Count', 'TLFB_Other', 'Homosexual_Behavior', 'Non_monogamous_Relationships']
2024-08-14 11:32:20,936 - INFO - Fitting logistic regression model with the selected features...
2024-08-14 11:32:21,387 - INFO - Model training completed successfully.
2024-08-14 11:32:21,387 - INFO - Calculating the dynamic threshold based on the proportion of positive outcomes...
2024-08-14 11:32:21,387 - INFO - Ratio of 1s to 0s in the outcome variable: 0.72 : 0.28
2024-08-14 11:32:21,388 - INFO - Dynamic threshold set to: 0.724
2024-08-14 11:32:21,388 - INFO - Model trained and saved successfully for subset 10.
2024-08-14 11:32:21,388 - INFO - ---------------------------
2024-08-14 11:32:21,388 - INFO - TRAIN MODEL STAGE COMPLETED FOR SUBSET 10
2024-08-14 11:32:21,388 - INFO - ---------------------------
2024-08-14 11:32:21,388 - INFO - --------------------------------
2024-08-14 11:32:21,388 - INFO - EVALUATE MODEL STAGE STARTING FOR SUBSET 10...
2024-08-14 11:32:21,388 - INFO - --------------------------------
2024-08-14 11:32:21,401 - INFO - ROC AUC Score: 0.654976379213708
2024-08-14 11:32:21,402 - INFO - Confusion Matrix: 
[[ 39  30]
 [ 62 119]]
2024-08-14 11:32:21,402 - INFO - Precision: 0.7986577181208053
2024-08-14 11:32:21,402 - INFO - Recall: 0.6574585635359116
2024-08-14 11:32:21,402 - INFO - Model evaluated successfully for subset 10.
2024-08-14 11:32:21,402 - INFO - ------------------------------
2024-08-14 11:32:21,402 - INFO - EVALUATE MODEL STAGE COMPLETED FOR SUBSET 10
2024-08-14 11:32:21,402 - INFO - ------------------------------
2024-08-14 11:32:21,403 - INFO - Subset 11 demographic makeup: 1000 1
2024-08-14 11:32:21,403 - INFO - Processing subset 11...
2024-08-14 11:32:21,403 - INFO - -----------------------------
2024-08-14 11:32:21,403 - INFO - TRAIN MODEL STAGE STARTING FOR SUBSET 11...
2024-08-14 11:32:21,403 - INFO - -----------------------------
2024-08-14 11:32:21,412 - INFO - Scaling features and applying LASSO for feature selection...
2024-08-14 11:32:21,737 - INFO - Selected features (including required): ['who', 'age', 'is_female', 'unemployed', 'unstableliving', 'education', 'marital', 'UDS_Amphetamine_Count', 'UDS_Benzodiazepine_Count', 'UDS_Buprenorphine_Count', 'UDS_Cocaine_Count', 'UDS_Methadone_Count', 'UDS_Opioid_Count', 'UDS_Sedatives_Count', 'UDS_Thc_Count', 'pain', 'has_schizophrenia', 'has_major_dep', 'has_bipolar', 'has_anx_pan', 'has_brain_damage', 'has_epilepsy', 'has_alcol_dx', 'has_amphetamines_dx', 'has_cannabis_dx', 'has_cocaine_dx', 'has_sedatives_dx', 'ftnd', 'XTRT', 'shared', 'rbsivheroin', 'TLFB_Alcohol_Count', 'TLFB_Amphetamine_Count', 'TLFB_Benzodiazepine_Count', 'TLFB_Buprenorphine_Count', 'TLFB_Cocaine_Count', 'TLFB_Heroin_Count', 'TLFB_Methadone_Count', 'TLFB_Opioid_Count', 'TLFB_THC_Count', 'TLFB_Other', 'Homosexual_Behavior', 'Non_monogamous_Relationships']
2024-08-14 11:32:21,743 - INFO - Fitting logistic regression model with the selected features...
2024-08-14 11:32:22,514 - INFO - Model training completed successfully.
2024-08-14 11:32:22,514 - INFO - Calculating the dynamic threshold based on the proportion of positive outcomes...
2024-08-14 11:32:22,515 - INFO - Ratio of 1s to 0s in the outcome variable: 0.72 : 0.28
2024-08-14 11:32:22,515 - INFO - Dynamic threshold set to: 0.724
2024-08-14 11:32:22,515 - INFO - Model trained and saved successfully for subset 11.
2024-08-14 11:32:22,515 - INFO - ---------------------------
2024-08-14 11:32:22,515 - INFO - TRAIN MODEL STAGE COMPLETED FOR SUBSET 11
2024-08-14 11:32:22,515 - INFO - ---------------------------
2024-08-14 11:32:22,515 - INFO - --------------------------------
2024-08-14 11:32:22,515 - INFO - EVALUATE MODEL STAGE STARTING FOR SUBSET 11...
2024-08-14 11:32:22,515 - INFO - --------------------------------
2024-08-14 11:32:22,539 - INFO - ROC AUC Score: 0.6332772840099288
2024-08-14 11:32:22,539 - INFO - Confusion Matrix: 
[[ 34  35]
 [ 49 132]]
2024-08-14 11:32:22,539 - INFO - Precision: 0.7904191616766467
2024-08-14 11:32:22,539 - INFO - Recall: 0.7292817679558011
2024-08-14 11:32:22,539 - INFO - Model evaluated successfully for subset 11.
2024-08-14 11:32:22,539 - INFO - ------------------------------
2024-08-14 11:32:22,539 - INFO - EVALUATE MODEL STAGE COMPLETED FOR SUBSET 11
2024-08-14 11:32:22,539 - INFO - ------------------------------
2024-08-14 11:32:22,540 - INFO - ------------------
2024-08-14 11:32:22,540 - INFO - PIPELINE COMPLETED
2024-08-14 11:32:22,540 - INFO - ------------------
