2024-09-11 14:31:32,446 - INFO - Global Seed set to: 2
2024-09-11 14:31:32,446 - INFO - Outcome Name: Rd_kostenB_1993
2024-09-11 14:31:32,501 - INFO - Datasets loaded successfully.
2024-09-11 14:31:32,524 - INFO - Starting preprocessing of the merged dataset...
2024-09-11 14:31:32,525 - INFO - ---------------------------------
2024-09-11 14:31:32,525 - INFO - PRE-PROCESSING STAGE STARTING...
2024-09-11 14:31:32,525 - INFO - ---------------------------------
2024-09-11 14:31:32,642 - INFO - Dropped initial columns: ['pain_when', 'is_smoker', 'per_day', 'max', 'amount', 'depression', 'anxiety', 'schizophrenia', 'max', 'amount', 'cocaine_inject_days', 'speedball_inject_days', 'opioid_inject_days', 'speed_inject_days', 'UDS_Alcohol_Count', 'UDS_Mdma/Hallucinogen_Count']
2024-09-11 14:31:32,699 - INFO - Converted Yes/No to binary.
2024-09-11 14:31:32,708 - INFO - Processed TLFB columns with specified columns: ['TLFB_Alcohol_Count', 'TLFB_Amphetamine_Count', 'TLFB_Cocaine_Count', 'TLFB_Heroin_Count', 'TLFB_Benzodiazepine_Count', 'TLFB_Opioid_Count', 'TLFB_THC_Count', 'TLFB_Methadone_Count', 'TLFB_Buprenorphine_Count']
2024-09-11 14:31:32,711 - INFO - Calculated behavioral columns.
2024-09-11 14:31:32,714 - INFO - Moved 'Rd_kostenB_1993' column to the end.
2024-09-11 14:31:32,805 - INFO - Dropped initial columns: ['msm_npt', 'msm_frq', 'txx_prt']
2024-09-11 14:31:32,820 - INFO - transform_data_with_nan_handling success
2024-09-11 14:31:32,820 - INFO - Renamed columns according to the mapping.
2024-09-11 14:31:32,847 - INFO - Transformed NaN to 0 for binary columns.
2024-09-11 14:31:32,848 - INFO - Transformed and renamed 'heroin_inject_days' column to 'rbsivheroin'.
2024-09-11 14:31:32,850 - INFO - Filled NaN with 0 for 'ftnd' column.
2024-09-11 14:31:32,939 - INFO - Dropped additional columns: ['rbs_iv_days', 'race', 'RBS_cocaine_Days', 'RBS_heroin_Days', 'RBS_opioid_Days', 'RBS_speed_Days', 'RBS_speedball_Days']
2024-09-11 14:31:32,962 - INFO - Converted UDS drug counts to binary.
2024-09-11 14:31:33,052 - INFO - ------------------------------
2024-09-11 14:31:33,053 - INFO - PRE-PROCESSING STAGE COMPLETED
2024-09-11 14:31:33,054 - INFO - ------------------------------
2024-09-11 14:31:33,055 - INFO - Merged dataset preprocessed successfully.
2024-09-11 14:31:33,062 - INFO - Creating demographic subsets from preprocessed data...
2024-09-11 14:31:33,287 - INFO - Created 11 subsets successfully.
2024-09-11 14:31:33,288 - INFO - Creating merged subsets from create_demographics_dfs function
2024-09-11 14:31:33,381 - INFO - Created 11 merged subsets successfully.
2024-09-11 14:31:33,384 - INFO - Subset 1 demographic makeup: 500 1, 242 3, 158 2, 100 4
2024-09-11 14:31:33,385 - INFO - Processing subset 1...
2024-09-11 14:31:33,387 - INFO - -----------------------------
2024-09-11 14:31:33,388 - INFO - TRAIN MODEL STAGE STARTING FOR SUBSET 1...
2024-09-11 14:31:33,389 - INFO - -----------------------------
2024-09-11 14:31:33,398 - INFO - Scaling features and applying LASSO for feature selection...
2024-09-11 14:31:33,707 - INFO - Selected features (including required): ['who', 'RaceEth', 'age', 'is_female', 'is_hispanic', 'unemployed', 'unstableliving', 'education', 'marital', 'UDS_Amphetamine_Count', 'UDS_Benzodiazepine_Count', 'UDS_Buprenorphine_Count', 'UDS_Cocaine_Count', 'UDS_Methadone_Count', 'UDS_Opioid_Count', 'UDS_Sedatives_Count', 'UDS_Thc_Count', 'pain', 'has_schizophrenia', 'has_major_dep', 'has_bipolar', 'has_anx_pan', 'has_brain_damage', 'has_epilepsy', 'has_alcol_dx', 'has_amphetamines_dx', 'has_cannabis_dx', 'has_cocaine_dx', 'has_sedatives_dx', 'ftnd', 'XTRT', 'shared', 'rbsivheroin', 'TLFB_Alcohol_Count', 'TLFB_Amphetamine_Count', 'TLFB_Benzodiazepine_Count', 'TLFB_Buprenorphine_Count', 'TLFB_Cocaine_Count', 'TLFB_Heroin_Count', 'TLFB_Methadone_Count', 'TLFB_Opioid_Count', 'TLFB_THC_Count', 'TLFB_Other', 'Homosexual_Behavior', 'Non_monogamous_Relationships']
2024-09-11 14:31:33,725 - INFO - Fitting logistic regression model with the selected features...
2024-09-11 14:31:35,102 - INFO - Model training completed successfully.
2024-09-11 14:31:35,102 - INFO - Calculating the dynamic threshold based on the proportion of positive outcomes...
2024-09-11 14:31:35,104 - INFO - Ratio of 1s to 0s in the outcome variable: 0.54 : 0.46
2024-09-11 14:31:35,104 - INFO - Dynamic threshold set to: 0.536
2024-09-11 14:31:35,106 - INFO - Model trained and saved successfully for subset 1.
2024-09-11 14:31:35,110 - INFO - ---------------------------
2024-09-11 14:31:35,110 - INFO - TRAIN MODEL STAGE COMPLETED FOR SUBSET 1
2024-09-11 14:31:35,110 - INFO - ---------------------------
2024-09-11 14:31:35,111 - INFO - --------------------------------
2024-09-11 14:31:35,111 - INFO - EVALUATE MODEL STAGE STARTING FOR SUBSET 1...
2024-09-11 14:31:35,113 - INFO - --------------------------------
2024-09-11 14:31:35,140 - INFO - ROC AUC Score: 0.6560087493566649
2024-09-11 14:31:35,142 - INFO - Confusion Matrix: 
[[75 41]
 [52 82]]
2024-09-11 14:31:35,142 - INFO - Precision: 0.6666666666666666
2024-09-11 14:31:35,143 - INFO - Recall: 0.6119402985074627
2024-09-11 14:31:35,145 - INFO - Model evaluated successfully for subset 1.
2024-09-11 14:31:35,145 - INFO - ------------------------------
2024-09-11 14:31:35,146 - INFO - EVALUATE MODEL STAGE COMPLETED FOR SUBSET 1
2024-09-11 14:31:35,147 - INFO - ------------------------------
2024-09-11 14:31:35,149 - INFO - Subset 2 demographic makeup: 550 1, 213 3, 147 2, 90 4
2024-09-11 14:31:35,149 - INFO - Processing subset 2...
2024-09-11 14:31:35,150 - INFO - -----------------------------
2024-09-11 14:31:35,150 - INFO - TRAIN MODEL STAGE STARTING FOR SUBSET 2...
2024-09-11 14:31:35,151 - INFO - -----------------------------
2024-09-11 14:31:35,166 - INFO - Scaling features and applying LASSO for feature selection...
2024-09-11 14:31:35,437 - INFO - Selected features (including required): ['who', 'RaceEth', 'age', 'is_female', 'is_hispanic', 'unemployed', 'unstableliving', 'education', 'marital', 'UDS_Amphetamine_Count', 'UDS_Benzodiazepine_Count', 'UDS_Buprenorphine_Count', 'UDS_Cocaine_Count', 'UDS_Methadone_Count', 'UDS_Opioid_Count', 'UDS_Sedatives_Count', 'UDS_Thc_Count', 'pain', 'has_schizophrenia', 'has_major_dep', 'has_bipolar', 'has_anx_pan', 'has_brain_damage', 'has_epilepsy', 'has_alcol_dx', 'has_amphetamines_dx', 'has_cannabis_dx', 'has_cocaine_dx', 'has_sedatives_dx', 'ftnd', 'XTRT', 'shared', 'rbsivheroin', 'TLFB_Alcohol_Count', 'TLFB_Amphetamine_Count', 'TLFB_Benzodiazepine_Count', 'TLFB_Buprenorphine_Count', 'TLFB_Cocaine_Count', 'TLFB_Heroin_Count', 'TLFB_Methadone_Count', 'TLFB_Opioid_Count', 'TLFB_THC_Count', 'TLFB_Other', 'Homosexual_Behavior', 'Non_monogamous_Relationships']
2024-09-11 14:31:35,445 - INFO - Fitting logistic regression model with the selected features...
2024-09-11 14:31:37,178 - INFO - Model training completed successfully.
2024-09-11 14:31:37,178 - INFO - Calculating the dynamic threshold based on the proportion of positive outcomes...
2024-09-11 14:31:37,178 - INFO - Ratio of 1s to 0s in the outcome variable: 0.55 : 0.45
2024-09-11 14:31:37,178 - INFO - Dynamic threshold set to: 0.552
2024-09-11 14:31:37,178 - INFO - Model trained and saved successfully for subset 2.
2024-09-11 14:31:37,178 - INFO - ---------------------------
2024-09-11 14:31:37,178 - INFO - TRAIN MODEL STAGE COMPLETED FOR SUBSET 2
2024-09-11 14:31:37,179 - INFO - ---------------------------
2024-09-11 14:31:37,179 - INFO - --------------------------------
2024-09-11 14:31:37,179 - INFO - EVALUATE MODEL STAGE STARTING FOR SUBSET 2...
2024-09-11 14:31:37,179 - INFO - --------------------------------
2024-09-11 14:31:37,197 - INFO - ROC AUC Score: 0.5967261904761905
2024-09-11 14:31:37,198 - INFO - Confusion Matrix: 
[[72 40]
 [77 61]]
2024-09-11 14:31:37,198 - INFO - Precision: 0.6039603960396039
2024-09-11 14:31:37,198 - INFO - Recall: 0.4420289855072464
2024-09-11 14:31:37,198 - INFO - Model evaluated successfully for subset 2.
2024-09-11 14:31:37,198 - INFO - ------------------------------
2024-09-11 14:31:37,198 - INFO - EVALUATE MODEL STAGE COMPLETED FOR SUBSET 2
2024-09-11 14:31:37,198 - INFO - ------------------------------
2024-09-11 14:31:37,199 - INFO - Subset 3 demographic makeup: 600 1, 188 3, 136 2, 76 4
2024-09-11 14:31:37,199 - INFO - Processing subset 3...
2024-09-11 14:31:37,200 - INFO - -----------------------------
2024-09-11 14:31:37,200 - INFO - TRAIN MODEL STAGE STARTING FOR SUBSET 3...
2024-09-11 14:31:37,200 - INFO - -----------------------------
2024-09-11 14:31:37,208 - INFO - Scaling features and applying LASSO for feature selection...
2024-09-11 14:31:37,455 - INFO - Selected features (including required): ['who', 'RaceEth', 'age', 'is_female', 'is_hispanic', 'unemployed', 'unstableliving', 'education', 'marital', 'UDS_Amphetamine_Count', 'UDS_Benzodiazepine_Count', 'UDS_Buprenorphine_Count', 'UDS_Cocaine_Count', 'UDS_Methadone_Count', 'UDS_Opioid_Count', 'UDS_Sedatives_Count', 'UDS_Thc_Count', 'pain', 'has_schizophrenia', 'has_major_dep', 'has_bipolar', 'has_anx_pan', 'has_brain_damage', 'has_epilepsy', 'has_alcol_dx', 'has_amphetamines_dx', 'has_cannabis_dx', 'has_cocaine_dx', 'has_sedatives_dx', 'ftnd', 'XTRT', 'shared', 'rbsivheroin', 'TLFB_Alcohol_Count', 'TLFB_Amphetamine_Count', 'TLFB_Benzodiazepine_Count', 'TLFB_Buprenorphine_Count', 'TLFB_Cocaine_Count', 'TLFB_Heroin_Count', 'TLFB_Methadone_Count', 'TLFB_Opioid_Count', 'TLFB_THC_Count', 'TLFB_Other', 'Homosexual_Behavior', 'Non_monogamous_Relationships']
2024-09-11 14:31:37,461 - INFO - Fitting logistic regression model with the selected features...
2024-09-11 14:31:38,020 - INFO - Model training completed successfully.
2024-09-11 14:31:38,022 - INFO - Calculating the dynamic threshold based on the proportion of positive outcomes...
2024-09-11 14:31:38,024 - INFO - Ratio of 1s to 0s in the outcome variable: 0.51 : 0.49
2024-09-11 14:31:38,027 - INFO - Dynamic threshold set to: 0.508
2024-09-11 14:31:38,028 - INFO - Model trained and saved successfully for subset 3.
2024-09-11 14:31:38,029 - INFO - ---------------------------
2024-09-11 14:31:38,029 - INFO - TRAIN MODEL STAGE COMPLETED FOR SUBSET 3
2024-09-11 14:31:38,030 - INFO - ---------------------------
2024-09-11 14:31:38,030 - INFO - --------------------------------
2024-09-11 14:31:38,031 - INFO - EVALUATE MODEL STAGE STARTING FOR SUBSET 3...
2024-09-11 14:31:38,031 - INFO - --------------------------------
2024-09-11 14:31:38,049 - INFO - ROC AUC Score: 0.6383714230843096
2024-09-11 14:31:38,050 - INFO - Confusion Matrix: 
[[81 42]
 [60 67]]
2024-09-11 14:31:38,051 - INFO - Precision: 0.6146788990825688
2024-09-11 14:31:38,051 - INFO - Recall: 0.5275590551181102
2024-09-11 14:31:38,052 - INFO - Model evaluated successfully for subset 3.
2024-09-11 14:31:38,052 - INFO - ------------------------------
2024-09-11 14:31:38,053 - INFO - EVALUATE MODEL STAGE COMPLETED FOR SUBSET 3
2024-09-11 14:31:38,059 - INFO - ------------------------------
2024-09-11 14:31:38,062 - INFO - Subset 4 demographic makeup: 650 1, 164 3, 120 2, 66 4
2024-09-11 14:31:38,062 - INFO - Processing subset 4...
2024-09-11 14:31:38,063 - INFO - -----------------------------
2024-09-11 14:31:38,063 - INFO - TRAIN MODEL STAGE STARTING FOR SUBSET 4...
2024-09-11 14:31:38,064 - INFO - -----------------------------
2024-09-11 14:31:38,078 - INFO - Scaling features and applying LASSO for feature selection...
2024-09-11 14:31:38,377 - INFO - Selected features (including required): ['who', 'RaceEth', 'age', 'is_female', 'is_hispanic', 'unemployed', 'unstableliving', 'education', 'marital', 'UDS_Amphetamine_Count', 'UDS_Benzodiazepine_Count', 'UDS_Buprenorphine_Count', 'UDS_Cocaine_Count', 'UDS_Methadone_Count', 'UDS_Opioid_Count', 'UDS_Sedatives_Count', 'UDS_Thc_Count', 'pain', 'has_schizophrenia', 'has_major_dep', 'has_bipolar', 'has_anx_pan', 'has_brain_damage', 'has_epilepsy', 'has_alcol_dx', 'has_amphetamines_dx', 'has_cannabis_dx', 'has_cocaine_dx', 'has_sedatives_dx', 'ftnd', 'XTRT', 'shared', 'rbsivheroin', 'TLFB_Alcohol_Count', 'TLFB_Amphetamine_Count', 'TLFB_Benzodiazepine_Count', 'TLFB_Buprenorphine_Count', 'TLFB_Cocaine_Count', 'TLFB_Heroin_Count', 'TLFB_Methadone_Count', 'TLFB_Opioid_Count', 'TLFB_THC_Count', 'TLFB_Other', 'Homosexual_Behavior', 'Non_monogamous_Relationships']
2024-09-11 14:31:38,383 - INFO - Fitting logistic regression model with the selected features...
2024-09-11 14:31:39,103 - INFO - Model training completed successfully.
2024-09-11 14:31:39,103 - INFO - Calculating the dynamic threshold based on the proportion of positive outcomes...
2024-09-11 14:31:39,104 - INFO - Ratio of 1s to 0s in the outcome variable: 0.48 : 0.52
2024-09-11 14:31:39,105 - INFO - Dynamic threshold set to: 0.476
2024-09-11 14:31:39,105 - INFO - Model trained and saved successfully for subset 4.
2024-09-11 14:31:39,106 - INFO - ---------------------------
2024-09-11 14:31:39,106 - INFO - TRAIN MODEL STAGE COMPLETED FOR SUBSET 4
2024-09-11 14:31:39,110 - INFO - ---------------------------
2024-09-11 14:31:39,111 - INFO - --------------------------------
2024-09-11 14:31:39,112 - INFO - EVALUATE MODEL STAGE STARTING FOR SUBSET 4...
2024-09-11 14:31:39,113 - INFO - --------------------------------
2024-09-11 14:31:39,130 - INFO - ROC AUC Score: 0.6332670472769261
2024-09-11 14:31:39,130 - INFO - Confusion Matrix: 
[[72 59]
 [49 70]]
2024-09-11 14:31:39,131 - INFO - Precision: 0.5426356589147286
2024-09-11 14:31:39,131 - INFO - Recall: 0.5882352941176471
2024-09-11 14:31:39,132 - INFO - Model evaluated successfully for subset 4.
2024-09-11 14:31:39,132 - INFO - ------------------------------
2024-09-11 14:31:39,133 - INFO - EVALUATE MODEL STAGE COMPLETED FOR SUBSET 4
2024-09-11 14:31:39,133 - INFO - ------------------------------
2024-09-11 14:31:39,134 - INFO - Subset 5 demographic makeup: 700 1, 142 3, 104 2, 54 4
2024-09-11 14:31:39,135 - INFO - Processing subset 5...
2024-09-11 14:31:39,135 - INFO - -----------------------------
2024-09-11 14:31:39,135 - INFO - TRAIN MODEL STAGE STARTING FOR SUBSET 5...
2024-09-11 14:31:39,136 - INFO - -----------------------------
2024-09-11 14:31:39,149 - INFO - Scaling features and applying LASSO for feature selection...
2024-09-11 14:31:39,487 - INFO - Selected features (including required): ['who', 'RaceEth', 'age', 'is_female', 'is_hispanic', 'unemployed', 'unstableliving', 'education', 'marital', 'UDS_Amphetamine_Count', 'UDS_Benzodiazepine_Count', 'UDS_Buprenorphine_Count', 'UDS_Cocaine_Count', 'UDS_Methadone_Count', 'UDS_Opioid_Count', 'UDS_Sedatives_Count', 'UDS_Thc_Count', 'pain', 'has_schizophrenia', 'has_major_dep', 'has_bipolar', 'has_anx_pan', 'has_brain_damage', 'has_epilepsy', 'has_alcol_dx', 'has_amphetamines_dx', 'has_cannabis_dx', 'has_cocaine_dx', 'has_sedatives_dx', 'ftnd', 'XTRT', 'shared', 'rbsivheroin', 'TLFB_Alcohol_Count', 'TLFB_Amphetamine_Count', 'TLFB_Benzodiazepine_Count', 'TLFB_Buprenorphine_Count', 'TLFB_Cocaine_Count', 'TLFB_Heroin_Count', 'TLFB_Methadone_Count', 'TLFB_Opioid_Count', 'TLFB_THC_Count', 'TLFB_Other', 'Homosexual_Behavior', 'Non_monogamous_Relationships']
2024-09-11 14:31:39,493 - INFO - Fitting logistic regression model with the selected features...
2024-09-11 14:31:40,141 - INFO - Model training completed successfully.
2024-09-11 14:31:40,141 - INFO - Calculating the dynamic threshold based on the proportion of positive outcomes...
2024-09-11 14:31:40,142 - INFO - Ratio of 1s to 0s in the outcome variable: 0.46 : 0.54
2024-09-11 14:31:40,142 - INFO - Dynamic threshold set to: 0.464
2024-09-11 14:31:40,142 - INFO - Model trained and saved successfully for subset 5.
2024-09-11 14:31:40,147 - INFO - ---------------------------
2024-09-11 14:31:40,148 - INFO - TRAIN MODEL STAGE COMPLETED FOR SUBSET 5
2024-09-11 14:31:40,149 - INFO - ---------------------------
2024-09-11 14:31:40,150 - INFO - --------------------------------
2024-09-11 14:31:40,151 - INFO - EVALUATE MODEL STAGE STARTING FOR SUBSET 5...
2024-09-11 14:31:40,152 - INFO - --------------------------------
2024-09-11 14:31:40,169 - INFO - ROC AUC Score: 0.6401827071538857
2024-09-11 14:31:40,170 - INFO - Confusion Matrix: 
[[64 70]
 [40 76]]
2024-09-11 14:31:40,170 - INFO - Precision: 0.5205479452054794
2024-09-11 14:31:40,171 - INFO - Recall: 0.6551724137931034
2024-09-11 14:31:40,172 - INFO - Model evaluated successfully for subset 5.
2024-09-11 14:31:40,178 - INFO - ------------------------------
2024-09-11 14:31:40,179 - INFO - EVALUATE MODEL STAGE COMPLETED FOR SUBSET 5
2024-09-11 14:31:40,179 - INFO - ------------------------------
2024-09-11 14:31:40,181 - INFO - Subset 6 demographic makeup: 750 1, 114 3, 88 2, 48 4
2024-09-11 14:31:40,182 - INFO - Processing subset 6...
2024-09-11 14:31:40,182 - INFO - -----------------------------
2024-09-11 14:31:40,182 - INFO - TRAIN MODEL STAGE STARTING FOR SUBSET 6...
2024-09-11 14:31:40,183 - INFO - -----------------------------
2024-09-11 14:31:40,195 - INFO - Scaling features and applying LASSO for feature selection...
2024-09-11 14:31:40,526 - INFO - Selected features (including required): ['who', 'RaceEth', 'age', 'is_female', 'is_hispanic', 'unemployed', 'unstableliving', 'education', 'marital', 'UDS_Amphetamine_Count', 'UDS_Benzodiazepine_Count', 'UDS_Buprenorphine_Count', 'UDS_Cocaine_Count', 'UDS_Methadone_Count', 'UDS_Opioid_Count', 'UDS_Sedatives_Count', 'UDS_Thc_Count', 'pain', 'has_schizophrenia', 'has_major_dep', 'has_bipolar', 'has_anx_pan', 'has_brain_damage', 'has_epilepsy', 'has_alcol_dx', 'has_amphetamines_dx', 'has_cannabis_dx', 'has_cocaine_dx', 'has_sedatives_dx', 'ftnd', 'XTRT', 'shared', 'rbsivheroin', 'TLFB_Alcohol_Count', 'TLFB_Amphetamine_Count', 'TLFB_Benzodiazepine_Count', 'TLFB_Buprenorphine_Count', 'TLFB_Cocaine_Count', 'TLFB_Heroin_Count', 'TLFB_Methadone_Count', 'TLFB_Opioid_Count', 'TLFB_THC_Count', 'TLFB_Other', 'Homosexual_Behavior', 'Non_monogamous_Relationships']
2024-09-11 14:31:40,531 - INFO - Fitting logistic regression model with the selected features...
2024-09-11 14:31:42,001 - INFO - Model training completed successfully.
2024-09-11 14:31:42,001 - INFO - Calculating the dynamic threshold based on the proportion of positive outcomes...
2024-09-11 14:31:42,001 - INFO - Ratio of 1s to 0s in the outcome variable: 0.49 : 0.51
2024-09-11 14:31:42,002 - INFO - Dynamic threshold set to: 0.492
2024-09-11 14:31:42,002 - INFO - Model trained and saved successfully for subset 6.
2024-09-11 14:31:42,002 - INFO - ---------------------------
2024-09-11 14:31:42,002 - INFO - TRAIN MODEL STAGE COMPLETED FOR SUBSET 6
2024-09-11 14:31:42,002 - INFO - ---------------------------
2024-09-11 14:31:42,002 - INFO - --------------------------------
2024-09-11 14:31:42,002 - INFO - EVALUATE MODEL STAGE STARTING FOR SUBSET 6...
2024-09-11 14:31:42,002 - INFO - --------------------------------
2024-09-11 14:31:42,030 - INFO - ROC AUC Score: 0.6340823250752192
2024-09-11 14:31:42,030 - INFO - Confusion Matrix: 
[[72 55]
 [51 72]]
2024-09-11 14:31:42,030 - INFO - Precision: 0.5669291338582677
2024-09-11 14:31:42,031 - INFO - Recall: 0.5853658536585366
2024-09-11 14:31:42,031 - INFO - Model evaluated successfully for subset 6.
2024-09-11 14:31:42,031 - INFO - ------------------------------
2024-09-11 14:31:42,031 - INFO - EVALUATE MODEL STAGE COMPLETED FOR SUBSET 6
2024-09-11 14:31:42,031 - INFO - ------------------------------
2024-09-11 14:31:42,032 - INFO - Subset 7 demographic makeup: 800 1, 87 3, 71 2, 42 4
2024-09-11 14:31:42,032 - INFO - Processing subset 7...
2024-09-11 14:31:42,032 - INFO - -----------------------------
2024-09-11 14:31:42,032 - INFO - TRAIN MODEL STAGE STARTING FOR SUBSET 7...
2024-09-11 14:31:42,032 - INFO - -----------------------------
2024-09-11 14:31:42,039 - INFO - Scaling features and applying LASSO for feature selection...
2024-09-11 14:31:45,133 - INFO - Selected features (including required): ['who', 'RaceEth', 'age', 'is_female', 'is_hispanic', 'unemployed', 'unstableliving', 'education', 'marital', 'UDS_Amphetamine_Count', 'UDS_Benzodiazepine_Count', 'UDS_Buprenorphine_Count', 'UDS_Cocaine_Count', 'UDS_Methadone_Count', 'UDS_Opioid_Count', 'UDS_Sedatives_Count', 'UDS_Thc_Count', 'pain', 'has_schizophrenia', 'has_major_dep', 'has_bipolar', 'has_anx_pan', 'has_brain_damage', 'has_epilepsy', 'has_alcol_dx', 'has_amphetamines_dx', 'has_cannabis_dx', 'has_cocaine_dx', 'has_sedatives_dx', 'ftnd', 'XTRT', 'shared', 'rbsivheroin', 'TLFB_Alcohol_Count', 'TLFB_Amphetamine_Count', 'TLFB_Benzodiazepine_Count', 'TLFB_Buprenorphine_Count', 'TLFB_Cocaine_Count', 'TLFB_Heroin_Count', 'TLFB_Methadone_Count', 'TLFB_Opioid_Count', 'TLFB_THC_Count', 'TLFB_Other', 'Homosexual_Behavior', 'Non_monogamous_Relationships']
2024-09-11 14:31:45,140 - INFO - Fitting logistic regression model with the selected features...
2024-09-11 14:31:47,025 - INFO - Model training completed successfully.
2024-09-11 14:31:47,027 - INFO - Calculating the dynamic threshold based on the proportion of positive outcomes...
2024-09-11 14:31:47,029 - INFO - Ratio of 1s to 0s in the outcome variable: 0.54 : 0.46
2024-09-11 14:31:47,032 - INFO - Dynamic threshold set to: 0.544
2024-09-11 14:31:47,034 - INFO - Model trained and saved successfully for subset 7.
2024-09-11 14:31:47,035 - INFO - ---------------------------
2024-09-11 14:31:47,035 - INFO - TRAIN MODEL STAGE COMPLETED FOR SUBSET 7
2024-09-11 14:31:47,036 - INFO - ---------------------------
2024-09-11 14:31:47,036 - INFO - --------------------------------
2024-09-11 14:31:47,037 - INFO - EVALUATE MODEL STAGE STARTING FOR SUBSET 7...
2024-09-11 14:31:47,038 - INFO - --------------------------------
2024-09-11 14:31:47,072 - INFO - ROC AUC Score: 0.5988132094943242
2024-09-11 14:31:47,073 - INFO - Confusion Matrix: 
[[80 34]
 [78 58]]
2024-09-11 14:31:47,073 - INFO - Precision: 0.6304347826086957
2024-09-11 14:31:47,075 - INFO - Recall: 0.4264705882352941
2024-09-11 14:31:47,082 - INFO - Model evaluated successfully for subset 7.
2024-09-11 14:31:47,085 - INFO - ------------------------------
2024-09-11 14:31:47,086 - INFO - EVALUATE MODEL STAGE COMPLETED FOR SUBSET 7
2024-09-11 14:31:47,086 - INFO - ------------------------------
2024-09-11 14:31:47,088 - INFO - Subset 8 demographic makeup: 850 1, 66 3, 53 2, 31 4
2024-09-11 14:31:47,088 - INFO - Processing subset 8...
2024-09-11 14:31:47,089 - INFO - -----------------------------
2024-09-11 14:31:47,090 - INFO - TRAIN MODEL STAGE STARTING FOR SUBSET 8...
2024-09-11 14:31:47,091 - INFO - -----------------------------
2024-09-11 14:31:47,107 - INFO - Scaling features and applying LASSO for feature selection...
2024-09-11 14:31:47,491 - INFO - Selected features (including required): ['who', 'RaceEth', 'age', 'is_female', 'is_hispanic', 'unemployed', 'unstableliving', 'education', 'marital', 'UDS_Amphetamine_Count', 'UDS_Benzodiazepine_Count', 'UDS_Buprenorphine_Count', 'UDS_Cocaine_Count', 'UDS_Methadone_Count', 'UDS_Opioid_Count', 'UDS_Sedatives_Count', 'UDS_Thc_Count', 'pain', 'has_schizophrenia', 'has_major_dep', 'has_bipolar', 'has_anx_pan', 'has_brain_damage', 'has_epilepsy', 'has_alcol_dx', 'has_amphetamines_dx', 'has_cannabis_dx', 'has_cocaine_dx', 'has_sedatives_dx', 'ftnd', 'XTRT', 'shared', 'rbsivheroin', 'TLFB_Alcohol_Count', 'TLFB_Amphetamine_Count', 'TLFB_Benzodiazepine_Count', 'TLFB_Buprenorphine_Count', 'TLFB_Cocaine_Count', 'TLFB_Heroin_Count', 'TLFB_Methadone_Count', 'TLFB_Opioid_Count', 'TLFB_THC_Count', 'TLFB_Other', 'Homosexual_Behavior', 'Non_monogamous_Relationships']
2024-09-11 14:31:47,517 - INFO - Fitting logistic regression model with the selected features...
2024-09-11 14:31:49,850 - INFO - Model training completed successfully.
2024-09-11 14:31:49,850 - INFO - Calculating the dynamic threshold based on the proportion of positive outcomes...
2024-09-11 14:31:49,851 - INFO - Ratio of 1s to 0s in the outcome variable: 0.53 : 0.47
2024-09-11 14:31:49,851 - INFO - Dynamic threshold set to: 0.532
2024-09-11 14:31:49,852 - INFO - Model trained and saved successfully for subset 8.
2024-09-11 14:31:49,853 - INFO - ---------------------------
2024-09-11 14:31:49,853 - INFO - TRAIN MODEL STAGE COMPLETED FOR SUBSET 8
2024-09-11 14:31:49,854 - INFO - ---------------------------
2024-09-11 14:31:49,854 - INFO - --------------------------------
2024-09-11 14:31:49,857 - INFO - EVALUATE MODEL STAGE STARTING FOR SUBSET 8...
2024-09-11 14:31:49,858 - INFO - --------------------------------
2024-09-11 14:31:49,876 - INFO - ROC AUC Score: 0.6294582610372084
2024-09-11 14:31:49,876 - INFO - Confusion Matrix: 
[[82 35]
 [65 68]]
2024-09-11 14:31:49,876 - INFO - Precision: 0.6601941747572816
2024-09-11 14:31:49,876 - INFO - Recall: 0.5112781954887218
2024-09-11 14:31:49,877 - INFO - Model evaluated successfully for subset 8.
2024-09-11 14:31:49,877 - INFO - ------------------------------
2024-09-11 14:31:49,877 - INFO - EVALUATE MODEL STAGE COMPLETED FOR SUBSET 8
2024-09-11 14:31:49,882 - INFO - ------------------------------
2024-09-11 14:31:49,884 - INFO - Subset 9 demographic makeup: 900 1, 45 3, 34 2, 21 4
2024-09-11 14:31:49,884 - INFO - Processing subset 9...
2024-09-11 14:31:49,884 - INFO - -----------------------------
2024-09-11 14:31:49,884 - INFO - TRAIN MODEL STAGE STARTING FOR SUBSET 9...
2024-09-11 14:31:49,884 - INFO - -----------------------------
2024-09-11 14:31:49,892 - INFO - Scaling features and applying LASSO for feature selection...
2024-09-11 14:31:50,219 - INFO - Selected features (including required): ['who', 'RaceEth', 'age', 'is_female', 'is_hispanic', 'unemployed', 'unstableliving', 'education', 'marital', 'UDS_Amphetamine_Count', 'UDS_Benzodiazepine_Count', 'UDS_Buprenorphine_Count', 'UDS_Cocaine_Count', 'UDS_Methadone_Count', 'UDS_Opioid_Count', 'UDS_Sedatives_Count', 'UDS_Thc_Count', 'pain', 'has_schizophrenia', 'has_major_dep', 'has_bipolar', 'has_anx_pan', 'has_brain_damage', 'has_epilepsy', 'has_alcol_dx', 'has_amphetamines_dx', 'has_cannabis_dx', 'has_cocaine_dx', 'has_sedatives_dx', 'ftnd', 'XTRT', 'shared', 'rbsivheroin', 'TLFB_Alcohol_Count', 'TLFB_Amphetamine_Count', 'TLFB_Benzodiazepine_Count', 'TLFB_Buprenorphine_Count', 'TLFB_Cocaine_Count', 'TLFB_Heroin_Count', 'TLFB_Methadone_Count', 'TLFB_Opioid_Count', 'TLFB_THC_Count', 'TLFB_Other', 'Homosexual_Behavior', 'Non_monogamous_Relationships']
2024-09-11 14:31:50,225 - INFO - Fitting logistic regression model with the selected features...
2024-09-11 14:31:52,274 - INFO - Model training completed successfully.
2024-09-11 14:31:52,274 - INFO - Calculating the dynamic threshold based on the proportion of positive outcomes...
2024-09-11 14:31:52,275 - INFO - Ratio of 1s to 0s in the outcome variable: 0.49 : 0.51
2024-09-11 14:31:52,275 - INFO - Dynamic threshold set to: 0.488
2024-09-11 14:31:52,275 - INFO - Model trained and saved successfully for subset 9.
2024-09-11 14:31:52,275 - INFO - ---------------------------
2024-09-11 14:31:52,275 - INFO - TRAIN MODEL STAGE COMPLETED FOR SUBSET 9
2024-09-11 14:31:52,275 - INFO - ---------------------------
2024-09-11 14:31:52,275 - INFO - --------------------------------
2024-09-11 14:31:52,275 - INFO - EVALUATE MODEL STAGE STARTING FOR SUBSET 9...
2024-09-11 14:31:52,275 - INFO - --------------------------------
2024-09-11 14:31:52,288 - INFO - ROC AUC Score: 0.6572745901639343
2024-09-11 14:31:52,289 - INFO - Confusion Matrix: 
[[65 63]
 [39 83]]
2024-09-11 14:31:52,289 - INFO - Precision: 0.5684931506849316
2024-09-11 14:31:52,289 - INFO - Recall: 0.680327868852459
2024-09-11 14:31:52,290 - INFO - Model evaluated successfully for subset 9.
2024-09-11 14:31:52,290 - INFO - ------------------------------
2024-09-11 14:31:52,290 - INFO - EVALUATE MODEL STAGE COMPLETED FOR SUBSET 9
2024-09-11 14:31:52,290 - INFO - ------------------------------
2024-09-11 14:31:52,291 - INFO - Subset 10 demographic makeup: 950 1, 24 3, 13 2, 13 4
2024-09-11 14:31:52,291 - INFO - Processing subset 10...
2024-09-11 14:31:52,291 - INFO - -----------------------------
2024-09-11 14:31:52,291 - INFO - TRAIN MODEL STAGE STARTING FOR SUBSET 10...
2024-09-11 14:31:52,291 - INFO - -----------------------------
2024-09-11 14:31:52,298 - INFO - Scaling features and applying LASSO for feature selection...
2024-09-11 14:31:52,757 - INFO - Selected features (including required): ['who', 'RaceEth', 'age', 'is_female', 'is_hispanic', 'unemployed', 'unstableliving', 'education', 'marital', 'UDS_Amphetamine_Count', 'UDS_Benzodiazepine_Count', 'UDS_Buprenorphine_Count', 'UDS_Cocaine_Count', 'UDS_Methadone_Count', 'UDS_Opioid_Count', 'UDS_Sedatives_Count', 'UDS_Thc_Count', 'pain', 'has_schizophrenia', 'has_major_dep', 'has_bipolar', 'has_anx_pan', 'has_brain_damage', 'has_epilepsy', 'has_alcol_dx', 'has_amphetamines_dx', 'has_cannabis_dx', 'has_cocaine_dx', 'has_sedatives_dx', 'ftnd', 'XTRT', 'shared', 'rbsivheroin', 'TLFB_Alcohol_Count', 'TLFB_Amphetamine_Count', 'TLFB_Benzodiazepine_Count', 'TLFB_Buprenorphine_Count', 'TLFB_Cocaine_Count', 'TLFB_Heroin_Count', 'TLFB_Methadone_Count', 'TLFB_Opioid_Count', 'TLFB_THC_Count', 'TLFB_Other', 'Homosexual_Behavior', 'Non_monogamous_Relationships']
2024-09-11 14:31:52,770 - INFO - Fitting logistic regression model with the selected features...
2024-09-11 14:31:53,992 - INFO - Model training completed successfully.
2024-09-11 14:31:53,992 - INFO - Calculating the dynamic threshold based on the proportion of positive outcomes...
2024-09-11 14:31:53,992 - INFO - Ratio of 1s to 0s in the outcome variable: 0.47 : 0.53
2024-09-11 14:31:53,992 - INFO - Dynamic threshold set to: 0.472
2024-09-11 14:31:53,993 - INFO - Model trained and saved successfully for subset 10.
2024-09-11 14:31:53,993 - INFO - ---------------------------
2024-09-11 14:31:53,993 - INFO - TRAIN MODEL STAGE COMPLETED FOR SUBSET 10
2024-09-11 14:31:53,993 - INFO - ---------------------------
2024-09-11 14:31:53,993 - INFO - --------------------------------
2024-09-11 14:31:53,993 - INFO - EVALUATE MODEL STAGE STARTING FOR SUBSET 10...
2024-09-11 14:31:53,993 - INFO - --------------------------------
2024-09-11 14:31:54,011 - INFO - ROC AUC Score: 0.6357858243451464
2024-09-11 14:31:54,011 - INFO - Confusion Matrix: 
[[63 69]
 [37 81]]
2024-09-11 14:31:54,012 - INFO - Precision: 0.54
2024-09-11 14:31:54,012 - INFO - Recall: 0.6864406779661016
2024-09-11 14:31:54,013 - INFO - Model evaluated successfully for subset 10.
2024-09-11 14:31:54,013 - INFO - ------------------------------
2024-09-11 14:31:54,023 - INFO - EVALUATE MODEL STAGE COMPLETED FOR SUBSET 10
2024-09-11 14:31:54,024 - INFO - ------------------------------
2024-09-11 14:31:54,028 - INFO - Subset 11 demographic makeup: 1000 1
2024-09-11 14:31:54,028 - INFO - Processing subset 11...
2024-09-11 14:31:54,044 - INFO - -----------------------------
2024-09-11 14:31:54,045 - INFO - TRAIN MODEL STAGE STARTING FOR SUBSET 11...
2024-09-11 14:31:54,074 - INFO - -----------------------------
2024-09-11 14:31:54,109 - INFO - Scaling features and applying LASSO for feature selection...
2024-09-11 14:31:54,490 - INFO - Selected features (including required): ['who', 'age', 'is_female', 'unemployed', 'unstableliving', 'education', 'marital', 'UDS_Amphetamine_Count', 'UDS_Benzodiazepine_Count', 'UDS_Buprenorphine_Count', 'UDS_Cocaine_Count', 'UDS_Methadone_Count', 'UDS_Opioid_Count', 'UDS_Sedatives_Count', 'UDS_Thc_Count', 'pain', 'has_schizophrenia', 'has_major_dep', 'has_bipolar', 'has_anx_pan', 'has_brain_damage', 'has_epilepsy', 'has_alcol_dx', 'has_amphetamines_dx', 'has_cannabis_dx', 'has_cocaine_dx', 'has_sedatives_dx', 'ftnd', 'XTRT', 'shared', 'rbsivheroin', 'TLFB_Alcohol_Count', 'TLFB_Amphetamine_Count', 'TLFB_Benzodiazepine_Count', 'TLFB_Buprenorphine_Count', 'TLFB_Cocaine_Count', 'TLFB_Heroin_Count', 'TLFB_Methadone_Count', 'TLFB_Opioid_Count', 'TLFB_THC_Count', 'TLFB_Other', 'Homosexual_Behavior', 'Non_monogamous_Relationships']
2024-09-11 14:31:54,498 - INFO - Fitting logistic regression model with the selected features...
2024-09-11 14:31:55,574 - INFO - Model training completed successfully.
2024-09-11 14:31:55,574 - INFO - Calculating the dynamic threshold based on the proportion of positive outcomes...
2024-09-11 14:31:55,575 - INFO - Ratio of 1s to 0s in the outcome variable: 0.54 : 0.46
2024-09-11 14:31:55,575 - INFO - Dynamic threshold set to: 0.54
2024-09-11 14:31:55,575 - INFO - Model trained and saved successfully for subset 11.
2024-09-11 14:31:55,575 - INFO - ---------------------------
2024-09-11 14:31:55,575 - INFO - TRAIN MODEL STAGE COMPLETED FOR SUBSET 11
2024-09-11 14:31:55,575 - INFO - ---------------------------
2024-09-11 14:31:55,575 - INFO - --------------------------------
2024-09-11 14:31:55,575 - INFO - EVALUATE MODEL STAGE STARTING FOR SUBSET 11...
2024-09-11 14:31:55,576 - INFO - --------------------------------
2024-09-11 14:31:55,589 - INFO - ROC AUC Score: 0.6318196457326892
2024-09-11 14:31:55,589 - INFO - Confusion Matrix: 
[[85 30]
 [63 72]]
2024-09-11 14:31:55,589 - INFO - Precision: 0.7058823529411765
2024-09-11 14:31:55,589 - INFO - Recall: 0.5333333333333333
2024-09-11 14:31:55,590 - INFO - Model evaluated successfully for subset 11.
2024-09-11 14:31:55,590 - INFO - ------------------------------
2024-09-11 14:31:55,590 - INFO - EVALUATE MODEL STAGE COMPLETED FOR SUBSET 11
2024-09-11 14:31:55,590 - INFO - ------------------------------
2024-09-11 14:31:55,604 - INFO - Model predictions saved to csv successfully.
2024-09-11 14:31:55,605 - INFO - ------------------
2024-09-11 14:31:55,605 - INFO - PIPELINE COMPLETED
2024-09-11 14:31:55,605 - INFO - ------------------
