2024-08-02 17:30:10 - INFO - -------------------------------------------
2024-08-02 17:30:10 - INFO - Logging setup complete - starting pipeline.
2024-08-02 17:30:10 - INFO - -------------------------------------------
2024-08-02 17:30:10 - INFO - Pipeline Number: 3
2024-08-02 17:30:10 - INFO - Global Seed set to: 4
2024-08-02 17:30:10 - INFO - Outcome Name: Rd_kostenB_1993
2024-08-02 17:30:10 - INFO - Datasets loaded successfully.
2024-08-02 17:30:10 - INFO - Starting preprocessing of the merged dataset...
2024-08-02 17:30:10 - INFO - ---------------------------------
2024-08-02 17:30:10 - INFO - PRE-PROCESSING STAGE STARTING...
2024-08-02 17:30:10 - INFO - ---------------------------------
2024-08-02 17:30:10 - INFO - Dropped initial columns: ['pain_when', 'is_smoker', 'per_day', 'max', 'amount', 'depression', 'anxiety', 'schizophrenia', 'max', 'amount', 'cocaine_inject_days', 'speedball_inject_days', 'opioid_inject_days', 'speed_inject_days', 'UDS_Alcohol_Count', 'UDS_Mdma/Hallucinogen_Count']
2024-08-02 17:30:10 - INFO - Converted Yes/No to binary.
2024-08-02 17:30:10 - INFO - Processed TLFB columns with specified columns: ['TLFB_Alcohol_Count', 'TLFB_Amphetamine_Count', 'TLFB_Cocaine_Count', 'TLFB_Heroin_Count', 'TLFB_Benzodiazepine_Count', 'TLFB_Opioid_Count', 'TLFB_THC_Count', 'TLFB_Methadone_Count', 'TLFB_Buprenorphine_Count']
2024-08-02 17:30:10 - INFO - Calculated behavioral columns.
2024-08-02 17:30:10 - INFO - Moved 'Rd_kostenB_1993' column to the end.
2024-08-02 17:30:11 - INFO - Dropped initial columns: ['msm_npt', 'msm_frq', 'txx_prt']
2024-08-02 17:30:11 - INFO - transform_data_with_nan_handling success
2024-08-02 17:30:11 - INFO - Renamed columns according to the mapping.
2024-08-02 17:30:11 - INFO - Transformed NaN to 0 for binary columns.
2024-08-02 17:30:11 - INFO - Transformed and renamed 'heroin_inject_days' column to 'rbsivheroin'.
2024-08-02 17:30:11 - INFO - Filled NaN with 0 for 'ftnd' column.
2024-08-02 17:30:11 - INFO - Dropped additional columns: ['rbs_iv_days', 'race', 'RBS_cocaine_Days', 'RBS_heroin_Days', 'RBS_opioid_Days', 'RBS_speed_Days', 'RBS_speedball_Days']
2024-08-02 17:30:11 - INFO - Converted UDS drug counts to binary.
2024-08-02 17:30:11 - INFO - ------------------------------
2024-08-02 17:30:11 - INFO - PRE-PROCESSING STAGE COMPLETED
2024-08-02 17:30:11 - INFO - ------------------------------
2024-08-02 17:30:11 - INFO - Merged dataset preprocessed successfully.
2024-08-02 17:30:11 - INFO - Creating demographic subsets from preprocessed data...
2024-08-02 17:30:24 - INFO - Created 11 subsets successfully.
2024-08-02 17:30:24 - INFO - Creating merged subsets from create_demographics_dfs function
2024-08-02 17:30:24 - INFO - Created 11 merged subsets successfully.
2024-08-02 17:30:24 - INFO - Subset 1 demographic makeup: 500 1, 248 3, 153 2, 99 4
2024-08-02 17:30:24 - INFO - Processing subset 1...
2024-08-02 17:30:24 - INFO - -----------------------------
2024-08-02 17:30:24 - INFO - TRAIN MODEL STAGE STARTING FOR SUBSET 1...
2024-08-02 17:30:24 - INFO - -----------------------------
2024-08-02 17:30:24 - INFO - Scaling features and applying LASSO for feature selection...
2024-08-02 17:30:26 - INFO - Selected features (including required): ['who', 'RaceEth', 'age', 'is_female', 'is_hispanic', 'unemployed', 'unstableliving', 'education', 'marital', 'UDS_Amphetamine_Count', 'UDS_Benzodiazepine_Count', 'UDS_Buprenorphine_Count', 'UDS_Cocaine_Count', 'UDS_Methadone_Count', 'UDS_Opioid_Count', 'UDS_Sedatives_Count', 'UDS_Thc_Count', 'pain', 'has_schizophrenia', 'has_major_dep', 'has_bipolar', 'has_anx_pan', 'has_brain_damage', 'has_epilepsy', 'has_opiates_dx', 'has_alcol_dx', 'has_amphetamines_dx', 'has_cannabis_dx', 'has_cocaine_dx', 'has_sedatives_dx', 'ftnd', 'XTRT', 'shared', 'rbsivheroin', 'TLFB_Alcohol_Count', 'TLFB_Amphetamine_Count', 'TLFB_Benzodiazepine_Count', 'TLFB_Buprenorphine_Count', 'TLFB_Cocaine_Count', 'TLFB_Heroin_Count', 'TLFB_Methadone_Count', 'TLFB_Opioid_Count', 'TLFB_THC_Count', 'TLFB_Other', 'Homosexual_Behavior', 'Non_monogamous_Relationships']
2024-08-02 17:30:26 - INFO - Fitting logistic regression model with the selected features...
2024-08-02 17:30:27 - INFO - Model training completed successfully.
2024-08-02 17:30:27 - INFO - Calculating the dynamic threshold based on the proportion of positive outcomes...
2024-08-02 17:30:27 - INFO - Ratio of 1s to 0s in the outcome variable: 0.43 : 0.57
2024-08-02 17:30:27 - INFO - Dynamic threshold set to: 0.428
2024-08-02 17:30:27 - INFO - Model trained and saved successfully for subset 1.
2024-08-02 17:30:27 - INFO - ---------------------------
2024-08-02 17:30:27 - INFO - TRAIN MODEL STAGE COMPLETED FOR SUBSET 1
2024-08-02 17:30:27 - INFO - ---------------------------
2024-08-02 17:30:27 - INFO - --------------------------------
2024-08-02 17:30:27 - INFO - EVALUATE MODEL STAGE STARTING FOR SUBSET 1...
2024-08-02 17:30:27 - INFO - --------------------------------
2024-08-02 17:30:27 - INFO - ROC AUC Score: 0.6540095418600089
2024-08-02 17:30:27 - INFO - Confusion Matrix: 
[[75 68]
 [25 82]]
2024-08-02 17:30:27 - INFO - Precision: 0.5466666666666666
2024-08-02 17:30:27 - INFO - Recall: 0.7663551401869159
2024-08-02 17:30:27 - INFO - Model evaluated successfully for subset 1.
2024-08-02 17:30:27 - INFO - ------------------------------
2024-08-02 17:30:27 - INFO - EVALUATE MODEL STAGE COMPLETED FOR SUBSET 1
2024-08-02 17:30:27 - INFO - ------------------------------
2024-08-02 17:30:27 - INFO - Subset 2 demographic makeup: 550 1, 221 3, 140 2, 89 4
2024-08-02 17:30:27 - INFO - Processing subset 2...
2024-08-02 17:30:27 - INFO - -----------------------------
2024-08-02 17:30:27 - INFO - TRAIN MODEL STAGE STARTING FOR SUBSET 2...
2024-08-02 17:30:27 - INFO - -----------------------------
2024-08-02 17:30:27 - INFO - Scaling features and applying LASSO for feature selection...
2024-08-02 17:30:31 - INFO - Selected features (including required): ['who', 'RaceEth', 'age', 'is_female', 'is_hispanic', 'unemployed', 'unstableliving', 'education', 'marital', 'UDS_Amphetamine_Count', 'UDS_Benzodiazepine_Count', 'UDS_Buprenorphine_Count', 'UDS_Cocaine_Count', 'UDS_Methadone_Count', 'UDS_Opioid_Count', 'UDS_Sedatives_Count', 'UDS_Thc_Count', 'pain', 'has_schizophrenia', 'has_major_dep', 'has_bipolar', 'has_anx_pan', 'has_brain_damage', 'has_epilepsy', 'has_opiates_dx', 'has_alcol_dx', 'has_amphetamines_dx', 'has_cannabis_dx', 'has_cocaine_dx', 'has_sedatives_dx', 'ftnd', 'XTRT', 'shared', 'rbsivheroin', 'TLFB_Alcohol_Count', 'TLFB_Amphetamine_Count', 'TLFB_Benzodiazepine_Count', 'TLFB_Buprenorphine_Count', 'TLFB_Cocaine_Count', 'TLFB_Heroin_Count', 'TLFB_Methadone_Count', 'TLFB_Opioid_Count', 'TLFB_THC_Count', 'TLFB_Other', 'Homosexual_Behavior', 'Non_monogamous_Relationships']
2024-08-02 17:30:31 - INFO - Fitting logistic regression model with the selected features...
2024-08-02 17:30:32 - INFO - Model training completed successfully.
2024-08-02 17:30:32 - INFO - Calculating the dynamic threshold based on the proportion of positive outcomes...
2024-08-02 17:30:32 - INFO - Ratio of 1s to 0s in the outcome variable: 0.48 : 0.52
2024-08-02 17:30:32 - INFO - Dynamic threshold set to: 0.48
2024-08-02 17:30:32 - INFO - Model trained and saved successfully for subset 2.
2024-08-02 17:30:32 - INFO - ---------------------------
2024-08-02 17:30:32 - INFO - TRAIN MODEL STAGE COMPLETED FOR SUBSET 2
2024-08-02 17:30:32 - INFO - ---------------------------
2024-08-02 17:30:32 - INFO - --------------------------------
2024-08-02 17:30:32 - INFO - EVALUATE MODEL STAGE STARTING FOR SUBSET 2...
2024-08-02 17:30:32 - INFO - --------------------------------
2024-08-02 17:30:32 - INFO - ROC AUC Score: 0.6501282051282051
2024-08-02 17:30:32 - INFO - Confusion Matrix: 
[[66 64]
 [34 86]]
2024-08-02 17:30:32 - INFO - Precision: 0.5733333333333334
2024-08-02 17:30:32 - INFO - Recall: 0.7166666666666667
2024-08-02 17:30:32 - INFO - Model evaluated successfully for subset 2.
2024-08-02 17:30:32 - INFO - ------------------------------
2024-08-02 17:30:32 - INFO - EVALUATE MODEL STAGE COMPLETED FOR SUBSET 2
2024-08-02 17:30:32 - INFO - ------------------------------
2024-08-02 17:30:32 - INFO - Subset 3 demographic makeup: 600 1, 195 3, 123 2, 82 4
2024-08-02 17:30:32 - INFO - Processing subset 3...
2024-08-02 17:30:32 - INFO - -----------------------------
2024-08-02 17:30:32 - INFO - TRAIN MODEL STAGE STARTING FOR SUBSET 3...
2024-08-02 17:30:32 - INFO - -----------------------------
2024-08-02 17:30:32 - INFO - Scaling features and applying LASSO for feature selection...
2024-08-02 17:30:35 - INFO - Selected features (including required): ['who', 'RaceEth', 'age', 'is_female', 'is_hispanic', 'unemployed', 'unstableliving', 'education', 'marital', 'UDS_Amphetamine_Count', 'UDS_Benzodiazepine_Count', 'UDS_Buprenorphine_Count', 'UDS_Cocaine_Count', 'UDS_Methadone_Count', 'UDS_Opioid_Count', 'UDS_Sedatives_Count', 'UDS_Thc_Count', 'pain', 'has_schizophrenia', 'has_major_dep', 'has_bipolar', 'has_anx_pan', 'has_brain_damage', 'has_epilepsy', 'has_opiates_dx', 'has_alcol_dx', 'has_amphetamines_dx', 'has_cannabis_dx', 'has_cocaine_dx', 'has_sedatives_dx', 'ftnd', 'XTRT', 'shared', 'rbsivheroin', 'TLFB_Alcohol_Count', 'TLFB_Amphetamine_Count', 'TLFB_Benzodiazepine_Count', 'TLFB_Buprenorphine_Count', 'TLFB_Cocaine_Count', 'TLFB_Heroin_Count', 'TLFB_Methadone_Count', 'TLFB_Opioid_Count', 'TLFB_THC_Count', 'TLFB_Other', 'Homosexual_Behavior', 'Non_monogamous_Relationships']
2024-08-02 17:30:35 - INFO - Fitting logistic regression model with the selected features...
2024-08-02 17:30:35 - INFO - Model training completed successfully.
2024-08-02 17:30:35 - INFO - Calculating the dynamic threshold based on the proportion of positive outcomes...
2024-08-02 17:30:35 - INFO - Ratio of 1s to 0s in the outcome variable: 0.54 : 0.46
2024-08-02 17:30:35 - INFO - Dynamic threshold set to: 0.536
2024-08-02 17:30:35 - INFO - Model trained and saved successfully for subset 3.
2024-08-02 17:30:35 - INFO - ---------------------------
2024-08-02 17:30:35 - INFO - TRAIN MODEL STAGE COMPLETED FOR SUBSET 3
2024-08-02 17:30:35 - INFO - ---------------------------
2024-08-02 17:30:35 - INFO - --------------------------------
2024-08-02 17:30:35 - INFO - EVALUATE MODEL STAGE STARTING FOR SUBSET 3...
2024-08-02 17:30:35 - INFO - --------------------------------
2024-08-02 17:30:35 - INFO - ROC AUC Score: 0.6744724652599073
2024-08-02 17:30:35 - INFO - Confusion Matrix: 
[[81 35]
 [59 75]]
2024-08-02 17:30:35 - INFO - Precision: 0.6818181818181818
2024-08-02 17:30:35 - INFO - Recall: 0.5597014925373134
2024-08-02 17:30:35 - INFO - Model evaluated successfully for subset 3.
2024-08-02 17:30:35 - INFO - ------------------------------
2024-08-02 17:30:35 - INFO - EVALUATE MODEL STAGE COMPLETED FOR SUBSET 3
2024-08-02 17:30:35 - INFO - ------------------------------
2024-08-02 17:30:35 - INFO - Subset 4 demographic makeup: 650 1, 169 3, 108 2, 73 4
2024-08-02 17:30:35 - INFO - Processing subset 4...
2024-08-02 17:30:35 - INFO - -----------------------------
2024-08-02 17:30:35 - INFO - TRAIN MODEL STAGE STARTING FOR SUBSET 4...
2024-08-02 17:30:35 - INFO - -----------------------------
2024-08-02 17:30:35 - INFO - Scaling features and applying LASSO for feature selection...
2024-08-02 17:30:37 - INFO - Selected features (including required): ['who', 'RaceEth', 'age', 'is_female', 'is_hispanic', 'unemployed', 'unstableliving', 'education', 'marital', 'UDS_Amphetamine_Count', 'UDS_Benzodiazepine_Count', 'UDS_Buprenorphine_Count', 'UDS_Cocaine_Count', 'UDS_Methadone_Count', 'UDS_Opioid_Count', 'UDS_Sedatives_Count', 'UDS_Thc_Count', 'pain', 'has_schizophrenia', 'has_major_dep', 'has_bipolar', 'has_anx_pan', 'has_brain_damage', 'has_epilepsy', 'has_opiates_dx', 'has_alcol_dx', 'has_amphetamines_dx', 'has_cannabis_dx', 'has_cocaine_dx', 'has_sedatives_dx', 'ftnd', 'XTRT', 'shared', 'rbsivheroin', 'TLFB_Alcohol_Count', 'TLFB_Amphetamine_Count', 'TLFB_Benzodiazepine_Count', 'TLFB_Buprenorphine_Count', 'TLFB_Cocaine_Count', 'TLFB_Heroin_Count', 'TLFB_Methadone_Count', 'TLFB_Opioid_Count', 'TLFB_THC_Count', 'TLFB_Other', 'Homosexual_Behavior', 'Non_monogamous_Relationships']
2024-08-02 17:30:37 - INFO - Fitting logistic regression model with the selected features...
2024-08-02 17:30:38 - INFO - Model training completed successfully.
2024-08-02 17:30:38 - INFO - Calculating the dynamic threshold based on the proportion of positive outcomes...
2024-08-02 17:30:38 - INFO - Ratio of 1s to 0s in the outcome variable: 0.56 : 0.44
2024-08-02 17:30:38 - INFO - Dynamic threshold set to: 0.556
2024-08-02 17:30:38 - INFO - Model trained and saved successfully for subset 4.
2024-08-02 17:30:38 - INFO - ---------------------------
2024-08-02 17:30:38 - INFO - TRAIN MODEL STAGE COMPLETED FOR SUBSET 4
2024-08-02 17:30:38 - INFO - ---------------------------
2024-08-02 17:30:38 - INFO - --------------------------------
2024-08-02 17:30:38 - INFO - EVALUATE MODEL STAGE STARTING FOR SUBSET 4...
2024-08-02 17:30:38 - INFO - --------------------------------
2024-08-02 17:30:38 - INFO - ROC AUC Score: 0.6677684879123728
2024-08-02 17:30:38 - INFO - Confusion Matrix: 
[[78 33]
 [74 65]]
2024-08-02 17:30:38 - INFO - Precision: 0.6632653061224489
2024-08-02 17:30:38 - INFO - Recall: 0.4676258992805755
2024-08-02 17:30:38 - INFO - Model evaluated successfully for subset 4.
2024-08-02 17:30:38 - INFO - ------------------------------
2024-08-02 17:30:38 - INFO - EVALUATE MODEL STAGE COMPLETED FOR SUBSET 4
2024-08-02 17:30:38 - INFO - ------------------------------
2024-08-02 17:30:38 - INFO - Subset 5 demographic makeup: 700 1, 145 3, 93 2, 62 4
2024-08-02 17:30:38 - INFO - Processing subset 5...
2024-08-02 17:30:38 - INFO - -----------------------------
2024-08-02 17:30:38 - INFO - TRAIN MODEL STAGE STARTING FOR SUBSET 5...
2024-08-02 17:30:38 - INFO - -----------------------------
2024-08-02 17:30:38 - INFO - Scaling features and applying LASSO for feature selection...
2024-08-02 17:30:40 - INFO - Selected features (including required): ['who', 'RaceEth', 'age', 'is_female', 'is_hispanic', 'unemployed', 'unstableliving', 'education', 'marital', 'UDS_Amphetamine_Count', 'UDS_Benzodiazepine_Count', 'UDS_Buprenorphine_Count', 'UDS_Cocaine_Count', 'UDS_Methadone_Count', 'UDS_Opioid_Count', 'UDS_Sedatives_Count', 'UDS_Thc_Count', 'pain', 'has_schizophrenia', 'has_major_dep', 'has_bipolar', 'has_anx_pan', 'has_brain_damage', 'has_epilepsy', 'has_opiates_dx', 'has_alcol_dx', 'has_amphetamines_dx', 'has_cannabis_dx', 'has_cocaine_dx', 'has_sedatives_dx', 'ftnd', 'XTRT', 'shared', 'rbsivheroin', 'TLFB_Alcohol_Count', 'TLFB_Amphetamine_Count', 'TLFB_Benzodiazepine_Count', 'TLFB_Buprenorphine_Count', 'TLFB_Cocaine_Count', 'TLFB_Heroin_Count', 'TLFB_Methadone_Count', 'TLFB_Opioid_Count', 'TLFB_THC_Count', 'TLFB_Other', 'Homosexual_Behavior', 'Non_monogamous_Relationships']
2024-08-02 17:30:40 - INFO - Fitting logistic regression model with the selected features...
2024-08-02 17:30:40 - INFO - Model training completed successfully.
2024-08-02 17:30:40 - INFO - Calculating the dynamic threshold based on the proportion of positive outcomes...
2024-08-02 17:30:40 - INFO - Ratio of 1s to 0s in the outcome variable: 0.48 : 0.52
2024-08-02 17:30:40 - INFO - Dynamic threshold set to: 0.48
2024-08-02 17:30:40 - INFO - Model trained and saved successfully for subset 5.
2024-08-02 17:30:40 - INFO - ---------------------------
2024-08-02 17:30:40 - INFO - TRAIN MODEL STAGE COMPLETED FOR SUBSET 5
2024-08-02 17:30:40 - INFO - ---------------------------
2024-08-02 17:30:40 - INFO - --------------------------------
2024-08-02 17:30:40 - INFO - EVALUATE MODEL STAGE STARTING FOR SUBSET 5...
2024-08-02 17:30:40 - INFO - --------------------------------
2024-08-02 17:30:40 - INFO - ROC AUC Score: 0.6412179487179487
2024-08-02 17:30:40 - INFO - Confusion Matrix: 
[[56 74]
 [30 90]]
2024-08-02 17:30:40 - INFO - Precision: 0.5487804878048781
2024-08-02 17:30:40 - INFO - Recall: 0.75
2024-08-02 17:30:40 - INFO - Model evaluated successfully for subset 5.
2024-08-02 17:30:40 - INFO - ------------------------------
2024-08-02 17:30:40 - INFO - EVALUATE MODEL STAGE COMPLETED FOR SUBSET 5
2024-08-02 17:30:40 - INFO - ------------------------------
2024-08-02 17:30:40 - INFO - Subset 6 demographic makeup: 750 1, 126 3, 73 2, 51 4
2024-08-02 17:30:40 - INFO - Processing subset 6...
2024-08-02 17:30:40 - INFO - -----------------------------
2024-08-02 17:30:40 - INFO - TRAIN MODEL STAGE STARTING FOR SUBSET 6...
2024-08-02 17:30:40 - INFO - -----------------------------
2024-08-02 17:30:40 - INFO - Scaling features and applying LASSO for feature selection...
2024-08-02 17:30:42 - INFO - Selected features (including required): ['who', 'RaceEth', 'age', 'is_female', 'is_hispanic', 'unemployed', 'unstableliving', 'education', 'marital', 'UDS_Amphetamine_Count', 'UDS_Benzodiazepine_Count', 'UDS_Buprenorphine_Count', 'UDS_Cocaine_Count', 'UDS_Methadone_Count', 'UDS_Opioid_Count', 'UDS_Sedatives_Count', 'UDS_Thc_Count', 'pain', 'has_schizophrenia', 'has_major_dep', 'has_bipolar', 'has_anx_pan', 'has_brain_damage', 'has_epilepsy', 'has_opiates_dx', 'has_alcol_dx', 'has_amphetamines_dx', 'has_cannabis_dx', 'has_cocaine_dx', 'has_sedatives_dx', 'ftnd', 'XTRT', 'shared', 'rbsivheroin', 'TLFB_Alcohol_Count', 'TLFB_Amphetamine_Count', 'TLFB_Benzodiazepine_Count', 'TLFB_Buprenorphine_Count', 'TLFB_Cocaine_Count', 'TLFB_Heroin_Count', 'TLFB_Methadone_Count', 'TLFB_Opioid_Count', 'TLFB_THC_Count', 'TLFB_Other', 'Homosexual_Behavior', 'Non_monogamous_Relationships']
2024-08-02 17:30:42 - INFO - Fitting logistic regression model with the selected features...
2024-08-02 17:30:43 - INFO - Model training completed successfully.
2024-08-02 17:30:43 - INFO - Calculating the dynamic threshold based on the proportion of positive outcomes...
2024-08-02 17:30:43 - INFO - Ratio of 1s to 0s in the outcome variable: 0.50 : 0.50
2024-08-02 17:30:43 - INFO - Dynamic threshold set to: 0.504
2024-08-02 17:30:43 - INFO - Model trained and saved successfully for subset 6.
2024-08-02 17:30:43 - INFO - ---------------------------
2024-08-02 17:30:43 - INFO - TRAIN MODEL STAGE COMPLETED FOR SUBSET 6
2024-08-02 17:30:43 - INFO - ---------------------------
2024-08-02 17:30:43 - INFO - --------------------------------
2024-08-02 17:30:43 - INFO - EVALUATE MODEL STAGE STARTING FOR SUBSET 6...
2024-08-02 17:30:43 - INFO - --------------------------------
2024-08-02 17:30:43 - INFO - ROC AUC Score: 0.6296082949308756
2024-08-02 17:30:43 - INFO - Confusion Matrix: 
[[61 63]
 [47 79]]
2024-08-02 17:30:43 - INFO - Precision: 0.5563380281690141
2024-08-02 17:30:43 - INFO - Recall: 0.626984126984127
2024-08-02 17:30:43 - INFO - Model evaluated successfully for subset 6.
2024-08-02 17:30:43 - INFO - ------------------------------
2024-08-02 17:30:43 - INFO - EVALUATE MODEL STAGE COMPLETED FOR SUBSET 6
2024-08-02 17:30:43 - INFO - ------------------------------
2024-08-02 17:30:43 - INFO - Subset 7 demographic makeup: 800 1, 104 3, 59 2, 37 4
2024-08-02 17:30:43 - INFO - Processing subset 7...
2024-08-02 17:30:43 - INFO - -----------------------------
2024-08-02 17:30:43 - INFO - TRAIN MODEL STAGE STARTING FOR SUBSET 7...
2024-08-02 17:30:43 - INFO - -----------------------------
2024-08-02 17:30:43 - INFO - Scaling features and applying LASSO for feature selection...
2024-08-02 17:30:46 - INFO - Selected features (including required): ['who', 'RaceEth', 'age', 'is_female', 'is_hispanic', 'unemployed', 'unstableliving', 'education', 'marital', 'UDS_Amphetamine_Count', 'UDS_Benzodiazepine_Count', 'UDS_Buprenorphine_Count', 'UDS_Cocaine_Count', 'UDS_Methadone_Count', 'UDS_Opioid_Count', 'UDS_Sedatives_Count', 'UDS_Thc_Count', 'pain', 'has_schizophrenia', 'has_major_dep', 'has_bipolar', 'has_anx_pan', 'has_brain_damage', 'has_epilepsy', 'has_opiates_dx', 'has_alcol_dx', 'has_amphetamines_dx', 'has_cannabis_dx', 'has_cocaine_dx', 'has_sedatives_dx', 'ftnd', 'XTRT', 'shared', 'rbsivheroin', 'TLFB_Alcohol_Count', 'TLFB_Amphetamine_Count', 'TLFB_Benzodiazepine_Count', 'TLFB_Buprenorphine_Count', 'TLFB_Cocaine_Count', 'TLFB_Heroin_Count', 'TLFB_Methadone_Count', 'TLFB_Opioid_Count', 'TLFB_THC_Count', 'TLFB_Other', 'Homosexual_Behavior', 'Non_monogamous_Relationships']
2024-08-02 17:30:46 - INFO - Fitting logistic regression model with the selected features...
2024-08-02 17:30:47 - INFO - Model training completed successfully.
2024-08-02 17:30:47 - INFO - Calculating the dynamic threshold based on the proportion of positive outcomes...
2024-08-02 17:30:47 - INFO - Ratio of 1s to 0s in the outcome variable: 0.47 : 0.53
2024-08-02 17:30:47 - INFO - Dynamic threshold set to: 0.472
2024-08-02 17:30:47 - INFO - Model trained and saved successfully for subset 7.
2024-08-02 17:30:47 - INFO - ---------------------------
2024-08-02 17:30:47 - INFO - TRAIN MODEL STAGE COMPLETED FOR SUBSET 7
2024-08-02 17:30:47 - INFO - ---------------------------
2024-08-02 17:30:47 - INFO - --------------------------------
2024-08-02 17:30:47 - INFO - EVALUATE MODEL STAGE STARTING FOR SUBSET 7...
2024-08-02 17:30:47 - INFO - --------------------------------
2024-08-02 17:30:47 - INFO - ROC AUC Score: 0.6438751926040062
2024-08-02 17:30:47 - INFO - Confusion Matrix: 
[[57 75]
 [27 91]]
2024-08-02 17:30:47 - INFO - Precision: 0.5481927710843374
2024-08-02 17:30:47 - INFO - Recall: 0.7711864406779662
2024-08-02 17:30:47 - INFO - Model evaluated successfully for subset 7.
2024-08-02 17:30:47 - INFO - ------------------------------
2024-08-02 17:30:47 - INFO - EVALUATE MODEL STAGE COMPLETED FOR SUBSET 7
2024-08-02 17:30:47 - INFO - ------------------------------
2024-08-02 17:30:47 - INFO - Subset 8 demographic makeup: 850 1, 77 3, 46 2, 27 4
2024-08-02 17:30:47 - INFO - Processing subset 8...
2024-08-02 17:30:47 - INFO - -----------------------------
2024-08-02 17:30:47 - INFO - TRAIN MODEL STAGE STARTING FOR SUBSET 8...
2024-08-02 17:30:47 - INFO - -----------------------------
2024-08-02 17:30:47 - INFO - Scaling features and applying LASSO for feature selection...
2024-08-02 17:30:49 - INFO - Selected features (including required): ['who', 'RaceEth', 'age', 'is_female', 'is_hispanic', 'unemployed', 'unstableliving', 'education', 'marital', 'UDS_Amphetamine_Count', 'UDS_Benzodiazepine_Count', 'UDS_Buprenorphine_Count', 'UDS_Cocaine_Count', 'UDS_Methadone_Count', 'UDS_Opioid_Count', 'UDS_Sedatives_Count', 'UDS_Thc_Count', 'pain', 'has_schizophrenia', 'has_major_dep', 'has_bipolar', 'has_anx_pan', 'has_brain_damage', 'has_epilepsy', 'has_opiates_dx', 'has_alcol_dx', 'has_amphetamines_dx', 'has_cannabis_dx', 'has_cocaine_dx', 'has_sedatives_dx', 'ftnd', 'XTRT', 'shared', 'rbsivheroin', 'TLFB_Alcohol_Count', 'TLFB_Amphetamine_Count', 'TLFB_Benzodiazepine_Count', 'TLFB_Buprenorphine_Count', 'TLFB_Cocaine_Count', 'TLFB_Heroin_Count', 'TLFB_Methadone_Count', 'TLFB_Opioid_Count', 'TLFB_THC_Count', 'TLFB_Other', 'Homosexual_Behavior', 'Non_monogamous_Relationships']
2024-08-02 17:30:49 - INFO - Fitting logistic regression model with the selected features...
2024-08-02 17:30:49 - INFO - Model training completed successfully.
2024-08-02 17:30:49 - INFO - Calculating the dynamic threshold based on the proportion of positive outcomes...
2024-08-02 17:30:49 - INFO - Ratio of 1s to 0s in the outcome variable: 0.55 : 0.45
2024-08-02 17:30:49 - INFO - Dynamic threshold set to: 0.552
2024-08-02 17:30:49 - INFO - Model trained and saved successfully for subset 8.
2024-08-02 17:30:49 - INFO - ---------------------------
2024-08-02 17:30:49 - INFO - TRAIN MODEL STAGE COMPLETED FOR SUBSET 8
2024-08-02 17:30:49 - INFO - ---------------------------
2024-08-02 17:30:49 - INFO - --------------------------------
2024-08-02 17:30:49 - INFO - EVALUATE MODEL STAGE STARTING FOR SUBSET 8...
2024-08-02 17:30:49 - INFO - --------------------------------
2024-08-02 17:30:49 - INFO - ROC AUC Score: 0.6554089026915113
2024-08-02 17:30:49 - INFO - Confusion Matrix: 
[[71 41]
 [53 85]]
2024-08-02 17:30:49 - INFO - Precision: 0.6746031746031746
2024-08-02 17:30:49 - INFO - Recall: 0.6159420289855072
2024-08-02 17:30:49 - INFO - Model evaluated successfully for subset 8.
2024-08-02 17:30:49 - INFO - ------------------------------
2024-08-02 17:30:49 - INFO - EVALUATE MODEL STAGE COMPLETED FOR SUBSET 8
2024-08-02 17:30:49 - INFO - ------------------------------
2024-08-02 17:30:49 - INFO - Subset 9 demographic makeup: 900 1, 50 3, 32 2, 18 4
2024-08-02 17:30:49 - INFO - Processing subset 9...
2024-08-02 17:30:49 - INFO - -----------------------------
2024-08-02 17:30:49 - INFO - TRAIN MODEL STAGE STARTING FOR SUBSET 9...
2024-08-02 17:30:49 - INFO - -----------------------------
2024-08-02 17:30:49 - INFO - Scaling features and applying LASSO for feature selection...
2024-08-02 17:30:51 - INFO - Selected features (including required): ['who', 'RaceEth', 'age', 'is_female', 'is_hispanic', 'unemployed', 'unstableliving', 'education', 'marital', 'UDS_Amphetamine_Count', 'UDS_Benzodiazepine_Count', 'UDS_Buprenorphine_Count', 'UDS_Cocaine_Count', 'UDS_Methadone_Count', 'UDS_Opioid_Count', 'UDS_Sedatives_Count', 'UDS_Thc_Count', 'pain', 'has_schizophrenia', 'has_major_dep', 'has_bipolar', 'has_anx_pan', 'has_brain_damage', 'has_epilepsy', 'has_opiates_dx', 'has_alcol_dx', 'has_amphetamines_dx', 'has_cannabis_dx', 'has_cocaine_dx', 'has_sedatives_dx', 'ftnd', 'XTRT', 'shared', 'rbsivheroin', 'TLFB_Alcohol_Count', 'TLFB_Amphetamine_Count', 'TLFB_Benzodiazepine_Count', 'TLFB_Buprenorphine_Count', 'TLFB_Cocaine_Count', 'TLFB_Heroin_Count', 'TLFB_Methadone_Count', 'TLFB_Opioid_Count', 'TLFB_THC_Count', 'TLFB_Other', 'Homosexual_Behavior', 'Non_monogamous_Relationships']
2024-08-02 17:30:51 - INFO - Fitting logistic regression model with the selected features...
2024-08-02 17:30:52 - INFO - Model training completed successfully.
2024-08-02 17:30:52 - INFO - Calculating the dynamic threshold based on the proportion of positive outcomes...
2024-08-02 17:30:52 - INFO - Ratio of 1s to 0s in the outcome variable: 0.52 : 0.48
2024-08-02 17:30:52 - INFO - Dynamic threshold set to: 0.524
2024-08-02 17:30:52 - INFO - Model trained and saved successfully for subset 9.
2024-08-02 17:30:52 - INFO - ---------------------------
2024-08-02 17:30:52 - INFO - TRAIN MODEL STAGE COMPLETED FOR SUBSET 9
2024-08-02 17:30:52 - INFO - ---------------------------
2024-08-02 17:30:52 - INFO - --------------------------------
2024-08-02 17:30:52 - INFO - EVALUATE MODEL STAGE STARTING FOR SUBSET 9...
2024-08-02 17:30:52 - INFO - --------------------------------
2024-08-02 17:30:52 - INFO - ROC AUC Score: 0.6583488357174931
2024-08-02 17:30:52 - INFO - Confusion Matrix: 
[[71 48]
 [49 82]]
2024-08-02 17:30:52 - INFO - Precision: 0.6307692307692307
2024-08-02 17:30:52 - INFO - Recall: 0.6259541984732825
2024-08-02 17:30:52 - INFO - Model evaluated successfully for subset 9.
2024-08-02 17:30:52 - INFO - ------------------------------
2024-08-02 17:30:52 - INFO - EVALUATE MODEL STAGE COMPLETED FOR SUBSET 9
2024-08-02 17:30:52 - INFO - ------------------------------
2024-08-02 17:30:52 - INFO - Subset 10 demographic makeup: 950 1, 25 3, 16 2, 9 4
2024-08-02 17:30:52 - INFO - Processing subset 10...
2024-08-02 17:30:52 - INFO - -----------------------------
2024-08-02 17:30:52 - INFO - TRAIN MODEL STAGE STARTING FOR SUBSET 10...
2024-08-02 17:30:52 - INFO - -----------------------------
2024-08-02 17:30:52 - INFO - Scaling features and applying LASSO for feature selection...
2024-08-02 17:30:57 - INFO - Selected features (including required): ['who', 'RaceEth', 'age', 'is_female', 'is_hispanic', 'unemployed', 'unstableliving', 'education', 'marital', 'UDS_Amphetamine_Count', 'UDS_Benzodiazepine_Count', 'UDS_Buprenorphine_Count', 'UDS_Cocaine_Count', 'UDS_Methadone_Count', 'UDS_Opioid_Count', 'UDS_Sedatives_Count', 'UDS_Thc_Count', 'pain', 'has_schizophrenia', 'has_major_dep', 'has_bipolar', 'has_anx_pan', 'has_brain_damage', 'has_epilepsy', 'has_opiates_dx', 'has_alcol_dx', 'has_amphetamines_dx', 'has_cannabis_dx', 'has_cocaine_dx', 'has_sedatives_dx', 'ftnd', 'XTRT', 'shared', 'rbsivheroin', 'TLFB_Alcohol_Count', 'TLFB_Amphetamine_Count', 'TLFB_Benzodiazepine_Count', 'TLFB_Buprenorphine_Count', 'TLFB_Cocaine_Count', 'TLFB_Heroin_Count', 'TLFB_Methadone_Count', 'TLFB_Opioid_Count', 'TLFB_THC_Count', 'TLFB_Other', 'Homosexual_Behavior', 'Non_monogamous_Relationships']
2024-08-02 17:30:57 - INFO - Fitting logistic regression model with the selected features...
2024-08-02 17:30:57 - INFO - Model training completed successfully.
2024-08-02 17:30:57 - INFO - Calculating the dynamic threshold based on the proportion of positive outcomes...
2024-08-02 17:30:57 - INFO - Ratio of 1s to 0s in the outcome variable: 0.52 : 0.48
2024-08-02 17:30:57 - INFO - Dynamic threshold set to: 0.524
2024-08-02 17:30:57 - INFO - Model trained and saved successfully for subset 10.
2024-08-02 17:30:57 - INFO - ---------------------------
2024-08-02 17:30:57 - INFO - TRAIN MODEL STAGE COMPLETED FOR SUBSET 10
2024-08-02 17:30:57 - INFO - ---------------------------
2024-08-02 17:30:57 - INFO - --------------------------------
2024-08-02 17:30:57 - INFO - EVALUATE MODEL STAGE STARTING FOR SUBSET 10...
2024-08-02 17:30:57 - INFO - --------------------------------
2024-08-02 17:30:57 - INFO - ROC AUC Score: 0.6199243056001026
2024-08-02 17:30:57 - INFO - Confusion Matrix: 
[[59 60]
 [49 82]]
2024-08-02 17:30:57 - INFO - Precision: 0.5774647887323944
2024-08-02 17:30:57 - INFO - Recall: 0.6259541984732825
2024-08-02 17:30:57 - INFO - Model evaluated successfully for subset 10.
2024-08-02 17:30:57 - INFO - ------------------------------
2024-08-02 17:30:57 - INFO - EVALUATE MODEL STAGE COMPLETED FOR SUBSET 10
2024-08-02 17:30:57 - INFO - ------------------------------
2024-08-02 17:30:57 - INFO - Subset 11 demographic makeup: 1000 1
2024-08-02 17:30:57 - INFO - Processing subset 11...
2024-08-02 17:30:57 - INFO - -----------------------------
2024-08-02 17:30:57 - INFO - TRAIN MODEL STAGE STARTING FOR SUBSET 11...
2024-08-02 17:30:57 - INFO - -----------------------------
2024-08-02 17:30:57 - INFO - Scaling features and applying LASSO for feature selection...
2024-08-02 17:31:00 - INFO - Selected features (including required): ['who', 'age', 'is_female', 'unemployed', 'unstableliving', 'education', 'marital', 'UDS_Amphetamine_Count', 'UDS_Benzodiazepine_Count', 'UDS_Buprenorphine_Count', 'UDS_Cocaine_Count', 'UDS_Methadone_Count', 'UDS_Opioid_Count', 'UDS_Sedatives_Count', 'UDS_Thc_Count', 'pain', 'has_schizophrenia', 'has_major_dep', 'has_bipolar', 'has_anx_pan', 'has_brain_damage', 'has_epilepsy', 'has_opiates_dx', 'has_alcol_dx', 'has_amphetamines_dx', 'has_cannabis_dx', 'has_cocaine_dx', 'has_sedatives_dx', 'ftnd', 'XTRT', 'shared', 'rbsivheroin', 'TLFB_Alcohol_Count', 'TLFB_Amphetamine_Count', 'TLFB_Benzodiazepine_Count', 'TLFB_Buprenorphine_Count', 'TLFB_Cocaine_Count', 'TLFB_Heroin_Count', 'TLFB_Methadone_Count', 'TLFB_Opioid_Count', 'TLFB_THC_Count', 'TLFB_Other', 'Homosexual_Behavior', 'Non_monogamous_Relationships']
2024-08-02 17:31:00 - INFO - Fitting logistic regression model with the selected features...
2024-08-02 17:31:01 - INFO - Model training completed successfully.
2024-08-02 17:31:01 - INFO - Calculating the dynamic threshold based on the proportion of positive outcomes...
2024-08-02 17:31:01 - INFO - Ratio of 1s to 0s in the outcome variable: 0.54 : 0.46
2024-08-02 17:31:01 - INFO - Dynamic threshold set to: 0.544
2024-08-02 17:31:01 - INFO - Model trained and saved successfully for subset 11.
2024-08-02 17:31:01 - INFO - ---------------------------
2024-08-02 17:31:01 - INFO - TRAIN MODEL STAGE COMPLETED FOR SUBSET 11
2024-08-02 17:31:01 - INFO - ---------------------------
2024-08-02 17:31:01 - INFO - --------------------------------
2024-08-02 17:31:01 - INFO - EVALUATE MODEL STAGE STARTING FOR SUBSET 11...
2024-08-02 17:31:01 - INFO - --------------------------------
2024-08-02 17:31:01 - INFO - ROC AUC Score: 0.6741486068111455
2024-08-02 17:31:01 - INFO - Confusion Matrix: 
[[67 47]
 [50 86]]
2024-08-02 17:31:01 - INFO - Precision: 0.6466165413533834
2024-08-02 17:31:01 - INFO - Recall: 0.6323529411764706
2024-08-02 17:31:01 - INFO - Model evaluated successfully for subset 11.
2024-08-02 17:31:01 - INFO - ------------------------------
2024-08-02 17:31:01 - INFO - EVALUATE MODEL STAGE COMPLETED FOR SUBSET 11
2024-08-02 17:31:01 - INFO - ------------------------------
2024-08-02 17:31:01 - INFO - ------------------
2024-08-02 17:31:01 - INFO - PIPELINE COMPLETED
2024-08-02 17:31:01 - INFO - ------------------
2024-08-02 17:31:02 - INFO - Processing log file: logs/pipeline_2024-08-02_17-29-46.log for pipeline 1
2024-08-02 17:31:02 - INFO - Processing log file: logs/pipeline_2024-08-02_17-29-08.log for pipeline 2
2024-08-02 17:31:02 - INFO - Processing log file: logs/pipeline_2024-08-02_17-30-10.log for pipeline 3
