2024-07-26 11:30:40 - INFO - -------------------------------------------
2024-07-26 11:30:40 - INFO - Logging setup complete - starting pipeline.
2024-07-26 11:30:40 - INFO - -------------------------------------------
2024-07-26 11:30:43 - INFO - Datasets loaded successfully.
2024-07-26 11:30:43 - INFO - Starting preprocessing of the merged dataset...
2024-07-26 11:30:43 - INFO - ---------------------------------
2024-07-26 11:30:43 - INFO - PRE-PROCESSING STAGE STARTING...
2024-07-26 11:30:43 - INFO - ---------------------------------
2024-07-26 11:30:44 - INFO - Dropped initial columns: ['pain_when', 'is_smoker', 'per_day', 'max', 'amount', 'depression', 'anxiety', 'schizophrenia', 'max', 'amount', 'cocaine_inject_days', 'speedball_inject_days', 'opioid_inject_days', 'speed_inject_days', 'UDS_Alcohol_Count', 'UDS_Mdma/Hallucinogen_Count']
2024-07-26 11:30:44 - INFO - Converted Yes/No to binary.
2024-07-26 11:30:44 - INFO - Processed TLFB columns with specified columns: ['TLFB_Alcohol_Count', 'TLFB_Amphetamine_Count', 'TLFB_Cocaine_Count', 'TLFB_Heroin_Count', 'TLFB_Benzodiazepine_Count', 'TLFB_Opioid_Count', 'TLFB_THC_Count', 'TLFB_Methadone_Count', 'TLFB_Buprenorphine_Count']
2024-07-26 11:30:44 - INFO - Calculated behavioral columns.
2024-07-26 11:30:44 - INFO - Moved 'Rd_kostenB_1993' column to the end.
2024-07-26 11:30:44 - INFO - Dropped initial columns: ['msm_npt', 'msm_frq', 'txx_prt']
2024-07-26 11:30:44 - INFO - transform_data_with_nan_handling success
2024-07-26 11:30:44 - INFO - Renamed columns according to the mapping.
2024-07-26 11:30:44 - INFO - Transformed NaN to 0 for binary columns.
2024-07-26 11:30:44 - INFO - Transformed and renamed 'heroin_inject_days' column to 'rbsivheroin'.
2024-07-26 11:30:44 - INFO - Filled NaN with 0 for 'ftnd' column.
2024-07-26 11:30:44 - INFO - Dropped additional columns: ['rbs_iv_days', 'race', 'RBS_cocaine_Days', 'RBS_heroin_Days', 'RBS_opioid_Days', 'RBS_speed_Days', 'RBS_speedball_Days']
2024-07-26 11:30:44 - INFO - Converted UDS drug counts to binary.
2024-07-26 11:30:44 - INFO - ------------------------------
2024-07-26 11:30:44 - INFO - PRE-PROCESSING STAGE COMPLETED
2024-07-26 11:30:44 - INFO - ------------------------------
2024-07-26 11:30:44 - INFO - Merged dataset preprocessed successfully.
2024-07-26 11:30:44 - INFO - Creating demographic subsets from preprocessed data...
2024-07-26 11:30:52 - INFO - Created 11 subsets successfully.
2024-07-26 11:30:52 - INFO - Creating merged subsets from create_demographics_dfs function
2024-07-26 11:30:52 - INFO - Created 11 subsets successfully.
2024-07-26 11:30:52 - INFO - Subset 1 demographic makeup: 500 1, 258 3, 145 2, 97 4
2024-07-26 11:30:52 - INFO - Processing subset 1...
2024-07-26 11:30:52 - INFO - -----------------------------
2024-07-26 11:30:52 - INFO - TRAIN MODEL STAGE STARTING FOR SUBSET 1...
2024-07-26 11:30:52 - INFO - -----------------------------
2024-07-26 11:30:52 - INFO - Scaling features and applying LASSO for feature selection...
2024-07-26 11:30:52 - INFO - Selected features (including required): ['who', 'RaceEth', 'age', 'is_female', 'is_hispanic', 'unemployed', 'unstableliving', 'education', 'marital', 'UDS_Amphetamine_Count', 'UDS_Benzodiazepine_Count', 'UDS_Buprenorphine_Count', 'UDS_Cocaine_Count', 'UDS_Methadone_Count', 'UDS_Opioid_Count', 'UDS_Sedatives_Count', 'UDS_Thc_Count', 'pain', 'has_schizophrenia', 'has_major_dep', 'has_bipolar', 'has_anx_pan', 'has_brain_damage', 'has_epilepsy', 'has_alcol_dx', 'has_amphetamines_dx', 'has_cannabis_dx', 'has_cocaine_dx', 'has_sedatives_dx', 'ftnd', 'XTRT', 'shared', 'rbsivheroin', 'TLFB_Alcohol_Count', 'TLFB_Amphetamine_Count', 'TLFB_Benzodiazepine_Count', 'TLFB_Buprenorphine_Count', 'TLFB_Cocaine_Count', 'TLFB_Heroin_Count', 'TLFB_Methadone_Count', 'TLFB_Opioid_Count', 'TLFB_THC_Count', 'TLFB_Other', 'Homosexual_Behavior', 'Non_monogamous_Relationships']
2024-07-26 11:30:52 - INFO - Fitting logistic regression model with the selected features...
2024-07-26 11:30:53 - INFO - Model training completed successfully.
2024-07-26 11:30:53 - INFO - Calculating the dynamic threshold based on the proportion of positive outcomes...
2024-07-26 11:30:53 - INFO - Ratio of 1s to 0s in the outcome variable: 0.49 : 0.51
2024-07-26 11:30:53 - INFO - Dynamic threshold set to: 0.492
2024-07-26 11:30:53 - INFO - Model trained and saved successfully for subset 1.
2024-07-26 11:30:53 - INFO - ---------------------------
2024-07-26 11:30:53 - INFO - TRAIN MODEL STAGE COMPLETED FOR SUBSET 1
2024-07-26 11:30:53 - INFO - ---------------------------
2024-07-26 11:30:53 - INFO - --------------------------------
2024-07-26 11:30:53 - INFO - EVALUATE MODEL STAGE STARTING FOR SUBSET 1...
2024-07-26 11:30:53 - INFO - --------------------------------
2024-07-26 11:30:53 - INFO - ROC AUC Score: 0.6287049484668076
2024-07-26 11:30:53 - INFO - Confusion Matrix: 
[[62 65]
 [46 77]]
2024-07-26 11:30:53 - INFO - Precision: 0.5422535211267606
2024-07-26 11:30:53 - INFO - Recall: 0.6260162601626016
2024-07-26 11:30:53 - INFO - Model evaluated successfully for subset 1.
2024-07-26 11:30:53 - INFO - ------------------------------
2024-07-26 11:30:53 - INFO - EVALUATE MODEL STAGE COMPLETED FOR SUBSET 1
2024-07-26 11:30:53 - INFO - ------------------------------
2024-07-26 11:30:53 - INFO - Subset 2 demographic makeup: 550 1, 233 3, 131 2, 86 4
2024-07-26 11:30:53 - INFO - Processing subset 2...
2024-07-26 11:30:53 - INFO - -----------------------------
2024-07-26 11:30:53 - INFO - TRAIN MODEL STAGE STARTING FOR SUBSET 2...
2024-07-26 11:30:53 - INFO - -----------------------------
2024-07-26 11:30:53 - INFO - Scaling features and applying LASSO for feature selection...
2024-07-26 11:30:54 - INFO - Selected features (including required): ['who', 'RaceEth', 'age', 'is_female', 'is_hispanic', 'unemployed', 'unstableliving', 'education', 'marital', 'UDS_Amphetamine_Count', 'UDS_Benzodiazepine_Count', 'UDS_Buprenorphine_Count', 'UDS_Cocaine_Count', 'UDS_Methadone_Count', 'UDS_Opioid_Count', 'UDS_Sedatives_Count', 'UDS_Thc_Count', 'pain', 'has_schizophrenia', 'has_major_dep', 'has_bipolar', 'has_anx_pan', 'has_brain_damage', 'has_epilepsy', 'has_alcol_dx', 'has_amphetamines_dx', 'has_cannabis_dx', 'has_cocaine_dx', 'has_sedatives_dx', 'ftnd', 'XTRT', 'shared', 'rbsivheroin', 'TLFB_Alcohol_Count', 'TLFB_Amphetamine_Count', 'TLFB_Benzodiazepine_Count', 'TLFB_Buprenorphine_Count', 'TLFB_Cocaine_Count', 'TLFB_Heroin_Count', 'TLFB_Methadone_Count', 'TLFB_Opioid_Count', 'TLFB_THC_Count', 'TLFB_Other', 'Homosexual_Behavior', 'Non_monogamous_Relationships']
2024-07-26 11:30:54 - INFO - Fitting logistic regression model with the selected features...
2024-07-26 11:30:54 - INFO - Model training completed successfully.
2024-07-26 11:30:54 - INFO - Calculating the dynamic threshold based on the proportion of positive outcomes...
2024-07-26 11:30:54 - INFO - Ratio of 1s to 0s in the outcome variable: 0.48 : 0.52
2024-07-26 11:30:54 - INFO - Dynamic threshold set to: 0.484
2024-07-26 11:30:54 - INFO - Model trained and saved successfully for subset 2.
2024-07-26 11:30:54 - INFO - ---------------------------
2024-07-26 11:30:54 - INFO - TRAIN MODEL STAGE COMPLETED FOR SUBSET 2
2024-07-26 11:30:54 - INFO - ---------------------------
2024-07-26 11:30:54 - INFO - --------------------------------
2024-07-26 11:30:54 - INFO - EVALUATE MODEL STAGE STARTING FOR SUBSET 2...
2024-07-26 11:30:54 - INFO - --------------------------------
2024-07-26 11:30:54 - INFO - ROC AUC Score: 0.6546223332692677
2024-07-26 11:30:54 - INFO - Confusion Matrix: 
[[73 56]
 [44 77]]
2024-07-26 11:30:54 - INFO - Precision: 0.5789473684210527
2024-07-26 11:30:54 - INFO - Recall: 0.6363636363636364
2024-07-26 11:30:54 - INFO - Model evaluated successfully for subset 2.
2024-07-26 11:30:54 - INFO - ------------------------------
2024-07-26 11:30:54 - INFO - EVALUATE MODEL STAGE COMPLETED FOR SUBSET 2
2024-07-26 11:30:54 - INFO - ------------------------------
2024-07-26 11:30:54 - INFO - Subset 3 demographic makeup: 600 1, 205 3, 118 2, 77 4
2024-07-26 11:30:54 - INFO - Processing subset 3...
2024-07-26 11:30:54 - INFO - -----------------------------
2024-07-26 11:30:54 - INFO - TRAIN MODEL STAGE STARTING FOR SUBSET 3...
2024-07-26 11:30:54 - INFO - -----------------------------
2024-07-26 11:30:54 - INFO - Scaling features and applying LASSO for feature selection...
2024-07-26 11:30:55 - INFO - Selected features (including required): ['who', 'RaceEth', 'age', 'is_female', 'is_hispanic', 'unemployed', 'unstableliving', 'education', 'marital', 'UDS_Amphetamine_Count', 'UDS_Benzodiazepine_Count', 'UDS_Buprenorphine_Count', 'UDS_Cocaine_Count', 'UDS_Methadone_Count', 'UDS_Opioid_Count', 'UDS_Sedatives_Count', 'UDS_Thc_Count', 'pain', 'has_schizophrenia', 'has_major_dep', 'has_bipolar', 'has_anx_pan', 'has_brain_damage', 'has_epilepsy', 'has_alcol_dx', 'has_amphetamines_dx', 'has_cannabis_dx', 'has_cocaine_dx', 'has_sedatives_dx', 'ftnd', 'XTRT', 'shared', 'rbsivheroin', 'TLFB_Alcohol_Count', 'TLFB_Amphetamine_Count', 'TLFB_Benzodiazepine_Count', 'TLFB_Buprenorphine_Count', 'TLFB_Cocaine_Count', 'TLFB_Heroin_Count', 'TLFB_Methadone_Count', 'TLFB_Opioid_Count', 'TLFB_THC_Count', 'TLFB_Other', 'Homosexual_Behavior', 'Non_monogamous_Relationships']
2024-07-26 11:30:55 - INFO - Fitting logistic regression model with the selected features...
2024-07-26 11:30:56 - INFO - Model training completed successfully.
2024-07-26 11:30:56 - INFO - Calculating the dynamic threshold based on the proportion of positive outcomes...
2024-07-26 11:30:56 - INFO - Ratio of 1s to 0s in the outcome variable: 0.50 : 0.50
2024-07-26 11:30:56 - INFO - Dynamic threshold set to: 0.496
2024-07-26 11:30:56 - INFO - Model trained and saved successfully for subset 3.
2024-07-26 11:30:56 - INFO - ---------------------------
2024-07-26 11:30:56 - INFO - TRAIN MODEL STAGE COMPLETED FOR SUBSET 3
2024-07-26 11:30:56 - INFO - ---------------------------
2024-07-26 11:30:56 - INFO - --------------------------------
2024-07-26 11:30:56 - INFO - EVALUATE MODEL STAGE STARTING FOR SUBSET 3...
2024-07-26 11:30:56 - INFO - --------------------------------
2024-07-26 11:30:56 - INFO - ROC AUC Score: 0.6163594470046083
2024-07-26 11:30:56 - INFO - Confusion Matrix: 
[[76 50]
 [53 71]]
2024-07-26 11:30:56 - INFO - Precision: 0.5867768595041323
2024-07-26 11:30:56 - INFO - Recall: 0.5725806451612904
2024-07-26 11:30:56 - INFO - Model evaluated successfully for subset 3.
2024-07-26 11:30:56 - INFO - ------------------------------
2024-07-26 11:30:56 - INFO - EVALUATE MODEL STAGE COMPLETED FOR SUBSET 3
2024-07-26 11:30:56 - INFO - ------------------------------
2024-07-26 11:30:56 - INFO - Subset 4 demographic makeup: 650 1, 179 3, 105 2, 66 4
2024-07-26 11:30:56 - INFO - Processing subset 4...
2024-07-26 11:30:56 - INFO - -----------------------------
2024-07-26 11:30:56 - INFO - TRAIN MODEL STAGE STARTING FOR SUBSET 4...
2024-07-26 11:30:56 - INFO - -----------------------------
2024-07-26 11:30:56 - INFO - Scaling features and applying LASSO for feature selection...
2024-07-26 11:30:56 - INFO - Selected features (including required): ['who', 'RaceEth', 'age', 'is_female', 'is_hispanic', 'unemployed', 'unstableliving', 'education', 'marital', 'UDS_Amphetamine_Count', 'UDS_Benzodiazepine_Count', 'UDS_Buprenorphine_Count', 'UDS_Cocaine_Count', 'UDS_Methadone_Count', 'UDS_Opioid_Count', 'UDS_Sedatives_Count', 'UDS_Thc_Count', 'pain', 'has_schizophrenia', 'has_major_dep', 'has_bipolar', 'has_anx_pan', 'has_brain_damage', 'has_epilepsy', 'has_alcol_dx', 'has_amphetamines_dx', 'has_cannabis_dx', 'has_cocaine_dx', 'has_sedatives_dx', 'ftnd', 'XTRT', 'shared', 'rbsivheroin', 'TLFB_Alcohol_Count', 'TLFB_Amphetamine_Count', 'TLFB_Benzodiazepine_Count', 'TLFB_Buprenorphine_Count', 'TLFB_Cocaine_Count', 'TLFB_Heroin_Count', 'TLFB_Methadone_Count', 'TLFB_Opioid_Count', 'TLFB_THC_Count', 'TLFB_Other', 'Homosexual_Behavior', 'Non_monogamous_Relationships']
2024-07-26 11:30:56 - INFO - Fitting logistic regression model with the selected features...
2024-07-26 11:30:57 - INFO - Model training completed successfully.
2024-07-26 11:30:57 - INFO - Calculating the dynamic threshold based on the proportion of positive outcomes...
2024-07-26 11:30:57 - INFO - Ratio of 1s to 0s in the outcome variable: 0.50 : 0.50
2024-07-26 11:30:57 - INFO - Dynamic threshold set to: 0.5
2024-07-26 11:30:57 - INFO - Model trained and saved successfully for subset 4.
2024-07-26 11:30:57 - INFO - ---------------------------
2024-07-26 11:30:57 - INFO - TRAIN MODEL STAGE COMPLETED FOR SUBSET 4
2024-07-26 11:30:57 - INFO - ---------------------------
2024-07-26 11:30:57 - INFO - --------------------------------
2024-07-26 11:30:57 - INFO - EVALUATE MODEL STAGE STARTING FOR SUBSET 4...
2024-07-26 11:30:57 - INFO - --------------------------------
2024-07-26 11:30:57 - INFO - ROC AUC Score: 0.6336
2024-07-26 11:30:57 - INFO - Confusion Matrix: 
[[73 52]
 [52 73]]
2024-07-26 11:30:57 - INFO - Precision: 0.584
2024-07-26 11:30:57 - INFO - Recall: 0.584
2024-07-26 11:30:57 - INFO - Model evaluated successfully for subset 4.
2024-07-26 11:30:57 - INFO - ------------------------------
2024-07-26 11:30:57 - INFO - EVALUATE MODEL STAGE COMPLETED FOR SUBSET 4
2024-07-26 11:30:57 - INFO - ------------------------------
2024-07-26 11:30:57 - INFO - Subset 5 demographic makeup: 700 1, 153 3, 87 2, 60 4
2024-07-26 11:30:57 - INFO - Processing subset 5...
2024-07-26 11:30:57 - INFO - -----------------------------
2024-07-26 11:30:57 - INFO - TRAIN MODEL STAGE STARTING FOR SUBSET 5...
2024-07-26 11:30:57 - INFO - -----------------------------
2024-07-26 11:30:57 - INFO - Scaling features and applying LASSO for feature selection...
2024-07-26 11:30:58 - INFO - Selected features (including required): ['who', 'RaceEth', 'age', 'is_female', 'is_hispanic', 'unemployed', 'unstableliving', 'education', 'marital', 'UDS_Amphetamine_Count', 'UDS_Benzodiazepine_Count', 'UDS_Buprenorphine_Count', 'UDS_Cocaine_Count', 'UDS_Methadone_Count', 'UDS_Opioid_Count', 'UDS_Sedatives_Count', 'UDS_Thc_Count', 'pain', 'has_schizophrenia', 'has_major_dep', 'has_bipolar', 'has_anx_pan', 'has_brain_damage', 'has_epilepsy', 'has_alcol_dx', 'has_amphetamines_dx', 'has_cannabis_dx', 'has_cocaine_dx', 'has_sedatives_dx', 'ftnd', 'XTRT', 'shared', 'rbsivheroin', 'TLFB_Alcohol_Count', 'TLFB_Amphetamine_Count', 'TLFB_Benzodiazepine_Count', 'TLFB_Buprenorphine_Count', 'TLFB_Cocaine_Count', 'TLFB_Heroin_Count', 'TLFB_Methadone_Count', 'TLFB_Opioid_Count', 'TLFB_THC_Count', 'TLFB_Other', 'Homosexual_Behavior', 'Non_monogamous_Relationships']
2024-07-26 11:30:58 - INFO - Fitting logistic regression model with the selected features...
2024-07-26 11:30:59 - INFO - Model training completed successfully.
2024-07-26 11:30:59 - INFO - Calculating the dynamic threshold based on the proportion of positive outcomes...
2024-07-26 11:30:59 - INFO - Ratio of 1s to 0s in the outcome variable: 0.52 : 0.48
2024-07-26 11:30:59 - INFO - Dynamic threshold set to: 0.516
2024-07-26 11:30:59 - INFO - Model trained and saved successfully for subset 5.
2024-07-26 11:30:59 - INFO - ---------------------------
2024-07-26 11:30:59 - INFO - TRAIN MODEL STAGE COMPLETED FOR SUBSET 5
2024-07-26 11:30:59 - INFO - ---------------------------
2024-07-26 11:30:59 - INFO - --------------------------------
2024-07-26 11:30:59 - INFO - EVALUATE MODEL STAGE STARTING FOR SUBSET 5...
2024-07-26 11:30:59 - INFO - --------------------------------
2024-07-26 11:30:59 - INFO - ROC AUC Score: 0.6474469857133704
2024-07-26 11:30:59 - INFO - Confusion Matrix: 
[[71 50]
 [51 78]]
2024-07-26 11:30:59 - INFO - Precision: 0.609375
2024-07-26 11:30:59 - INFO - Recall: 0.6046511627906976
2024-07-26 11:30:59 - INFO - Model evaluated successfully for subset 5.
2024-07-26 11:30:59 - INFO - ------------------------------
2024-07-26 11:30:59 - INFO - EVALUATE MODEL STAGE COMPLETED FOR SUBSET 5
2024-07-26 11:30:59 - INFO - ------------------------------
2024-07-26 11:30:59 - INFO - Subset 6 demographic makeup: 750 1, 126 3, 76 2, 48 4
2024-07-26 11:30:59 - INFO - Processing subset 6...
2024-07-26 11:30:59 - INFO - -----------------------------
2024-07-26 11:30:59 - INFO - TRAIN MODEL STAGE STARTING FOR SUBSET 6...
2024-07-26 11:30:59 - INFO - -----------------------------
2024-07-26 11:30:59 - INFO - Scaling features and applying LASSO for feature selection...
2024-07-26 11:31:00 - INFO - Selected features (including required): ['who', 'RaceEth', 'age', 'is_female', 'is_hispanic', 'unemployed', 'unstableliving', 'education', 'marital', 'UDS_Amphetamine_Count', 'UDS_Benzodiazepine_Count', 'UDS_Buprenorphine_Count', 'UDS_Cocaine_Count', 'UDS_Methadone_Count', 'UDS_Opioid_Count', 'UDS_Sedatives_Count', 'UDS_Thc_Count', 'pain', 'has_schizophrenia', 'has_major_dep', 'has_bipolar', 'has_anx_pan', 'has_brain_damage', 'has_epilepsy', 'has_alcol_dx', 'has_amphetamines_dx', 'has_cannabis_dx', 'has_cocaine_dx', 'has_sedatives_dx', 'ftnd', 'XTRT', 'shared', 'rbsivheroin', 'TLFB_Alcohol_Count', 'TLFB_Amphetamine_Count', 'TLFB_Benzodiazepine_Count', 'TLFB_Buprenorphine_Count', 'TLFB_Cocaine_Count', 'TLFB_Heroin_Count', 'TLFB_Methadone_Count', 'TLFB_Opioid_Count', 'TLFB_THC_Count', 'TLFB_Other', 'Homosexual_Behavior', 'Non_monogamous_Relationships']
2024-07-26 11:31:00 - INFO - Fitting logistic regression model with the selected features...
2024-07-26 11:31:00 - INFO - Model training completed successfully.
2024-07-26 11:31:00 - INFO - Calculating the dynamic threshold based on the proportion of positive outcomes...
2024-07-26 11:31:00 - INFO - Ratio of 1s to 0s in the outcome variable: 0.50 : 0.50
2024-07-26 11:31:00 - INFO - Dynamic threshold set to: 0.504
2024-07-26 11:31:00 - INFO - Model trained and saved successfully for subset 6.
2024-07-26 11:31:00 - INFO - ---------------------------
2024-07-26 11:31:00 - INFO - TRAIN MODEL STAGE COMPLETED FOR SUBSET 6
2024-07-26 11:31:00 - INFO - ---------------------------
2024-07-26 11:31:00 - INFO - --------------------------------
2024-07-26 11:31:00 - INFO - EVALUATE MODEL STAGE STARTING FOR SUBSET 6...
2024-07-26 11:31:00 - INFO - --------------------------------
2024-07-26 11:31:00 - INFO - ROC AUC Score: 0.6367127496159755
2024-07-26 11:31:00 - INFO - Confusion Matrix: 
[[63 61]
 [43 83]]
2024-07-26 11:31:00 - INFO - Precision: 0.5763888888888888
2024-07-26 11:31:00 - INFO - Recall: 0.6587301587301587
2024-07-26 11:31:00 - INFO - Model evaluated successfully for subset 6.
2024-07-26 11:31:00 - INFO - ------------------------------
2024-07-26 11:31:00 - INFO - EVALUATE MODEL STAGE COMPLETED FOR SUBSET 6
2024-07-26 11:31:00 - INFO - ------------------------------
2024-07-26 11:31:00 - INFO - Subset 7 demographic makeup: 800 1, 101 3, 56 2, 43 4
2024-07-26 11:31:00 - INFO - Processing subset 7...
2024-07-26 11:31:00 - INFO - -----------------------------
2024-07-26 11:31:00 - INFO - TRAIN MODEL STAGE STARTING FOR SUBSET 7...
2024-07-26 11:31:00 - INFO - -----------------------------
2024-07-26 11:31:00 - INFO - Scaling features and applying LASSO for feature selection...
2024-07-26 11:31:02 - INFO - Selected features (including required): ['who', 'RaceEth', 'age', 'is_female', 'is_hispanic', 'unemployed', 'unstableliving', 'education', 'marital', 'UDS_Amphetamine_Count', 'UDS_Benzodiazepine_Count', 'UDS_Buprenorphine_Count', 'UDS_Cocaine_Count', 'UDS_Methadone_Count', 'UDS_Opioid_Count', 'UDS_Sedatives_Count', 'UDS_Thc_Count', 'pain', 'has_schizophrenia', 'has_major_dep', 'has_bipolar', 'has_anx_pan', 'has_brain_damage', 'has_epilepsy', 'has_alcol_dx', 'has_amphetamines_dx', 'has_cannabis_dx', 'has_cocaine_dx', 'has_sedatives_dx', 'ftnd', 'XTRT', 'shared', 'rbsivheroin', 'TLFB_Alcohol_Count', 'TLFB_Amphetamine_Count', 'TLFB_Benzodiazepine_Count', 'TLFB_Buprenorphine_Count', 'TLFB_Cocaine_Count', 'TLFB_Heroin_Count', 'TLFB_Methadone_Count', 'TLFB_Opioid_Count', 'TLFB_THC_Count', 'TLFB_Other', 'Homosexual_Behavior', 'Non_monogamous_Relationships']
2024-07-26 11:31:02 - INFO - Fitting logistic regression model with the selected features...
2024-07-26 11:31:02 - INFO - Model training completed successfully.
2024-07-26 11:31:02 - INFO - Calculating the dynamic threshold based on the proportion of positive outcomes...
2024-07-26 11:31:02 - INFO - Ratio of 1s to 0s in the outcome variable: 0.54 : 0.46
2024-07-26 11:31:02 - INFO - Dynamic threshold set to: 0.54
2024-07-26 11:31:02 - INFO - Model trained and saved successfully for subset 7.
2024-07-26 11:31:02 - INFO - ---------------------------
2024-07-26 11:31:02 - INFO - TRAIN MODEL STAGE COMPLETED FOR SUBSET 7
2024-07-26 11:31:02 - INFO - ---------------------------
2024-07-26 11:31:02 - INFO - --------------------------------
2024-07-26 11:31:02 - INFO - EVALUATE MODEL STAGE STARTING FOR SUBSET 7...
2024-07-26 11:31:02 - INFO - --------------------------------
2024-07-26 11:31:02 - INFO - ROC AUC Score: 0.6379388083735911
2024-07-26 11:31:02 - INFO - Confusion Matrix: 
[[69 46]
 [51 84]]
2024-07-26 11:31:02 - INFO - Precision: 0.6461538461538462
2024-07-26 11:31:02 - INFO - Recall: 0.6222222222222222
2024-07-26 11:31:02 - INFO - Model evaluated successfully for subset 7.
2024-07-26 11:31:02 - INFO - ------------------------------
2024-07-26 11:31:02 - INFO - EVALUATE MODEL STAGE COMPLETED FOR SUBSET 7
2024-07-26 11:31:02 - INFO - ------------------------------
2024-07-26 11:31:02 - INFO - Subset 8 demographic makeup: 850 1, 74 3, 45 2, 31 4
2024-07-26 11:31:02 - INFO - Processing subset 8...
2024-07-26 11:31:02 - INFO - -----------------------------
2024-07-26 11:31:02 - INFO - TRAIN MODEL STAGE STARTING FOR SUBSET 8...
2024-07-26 11:31:02 - INFO - -----------------------------
2024-07-26 11:31:02 - INFO - Scaling features and applying LASSO for feature selection...
2024-07-26 11:31:03 - INFO - Selected features (including required): ['who', 'RaceEth', 'age', 'is_female', 'is_hispanic', 'unemployed', 'unstableliving', 'education', 'marital', 'UDS_Amphetamine_Count', 'UDS_Benzodiazepine_Count', 'UDS_Buprenorphine_Count', 'UDS_Cocaine_Count', 'UDS_Methadone_Count', 'UDS_Opioid_Count', 'UDS_Sedatives_Count', 'UDS_Thc_Count', 'pain', 'has_schizophrenia', 'has_major_dep', 'has_bipolar', 'has_anx_pan', 'has_brain_damage', 'has_epilepsy', 'has_alcol_dx', 'has_amphetamines_dx', 'has_cannabis_dx', 'has_cocaine_dx', 'has_sedatives_dx', 'ftnd', 'XTRT', 'shared', 'rbsivheroin', 'TLFB_Alcohol_Count', 'TLFB_Amphetamine_Count', 'TLFB_Benzodiazepine_Count', 'TLFB_Buprenorphine_Count', 'TLFB_Cocaine_Count', 'TLFB_Heroin_Count', 'TLFB_Methadone_Count', 'TLFB_Opioid_Count', 'TLFB_THC_Count', 'TLFB_Other', 'Homosexual_Behavior', 'Non_monogamous_Relationships']
2024-07-26 11:31:03 - INFO - Fitting logistic regression model with the selected features...
2024-07-26 11:31:04 - INFO - Model training completed successfully.
2024-07-26 11:31:04 - INFO - Calculating the dynamic threshold based on the proportion of positive outcomes...
2024-07-26 11:31:04 - INFO - Ratio of 1s to 0s in the outcome variable: 0.54 : 0.46
2024-07-26 11:31:04 - INFO - Dynamic threshold set to: 0.54
2024-07-26 11:31:04 - INFO - Model trained and saved successfully for subset 8.
2024-07-26 11:31:04 - INFO - ---------------------------
2024-07-26 11:31:04 - INFO - TRAIN MODEL STAGE COMPLETED FOR SUBSET 8
2024-07-26 11:31:04 - INFO - ---------------------------
2024-07-26 11:31:04 - INFO - --------------------------------
2024-07-26 11:31:04 - INFO - EVALUATE MODEL STAGE STARTING FOR SUBSET 8...
2024-07-26 11:31:04 - INFO - --------------------------------
2024-07-26 11:31:04 - INFO - ROC AUC Score: 0.654170692431562
2024-07-26 11:31:04 - INFO - Confusion Matrix: 
[[67 48]
 [45 90]]
2024-07-26 11:31:04 - INFO - Precision: 0.6521739130434783
2024-07-26 11:31:04 - INFO - Recall: 0.6666666666666666
2024-07-26 11:31:04 - INFO - Model evaluated successfully for subset 8.
2024-07-26 11:31:04 - INFO - ------------------------------
2024-07-26 11:31:04 - INFO - EVALUATE MODEL STAGE COMPLETED FOR SUBSET 8
2024-07-26 11:31:04 - INFO - ------------------------------
2024-07-26 11:31:04 - INFO - Subset 9 demographic makeup: 900 1, 50 3, 32 2, 18 4
2024-07-26 11:31:04 - INFO - Processing subset 9...
2024-07-26 11:31:04 - INFO - -----------------------------
2024-07-26 11:31:04 - INFO - TRAIN MODEL STAGE STARTING FOR SUBSET 9...
2024-07-26 11:31:04 - INFO - -----------------------------
2024-07-26 11:31:04 - INFO - Scaling features and applying LASSO for feature selection...
2024-07-26 11:31:05 - INFO - Selected features (including required): ['who', 'RaceEth', 'age', 'is_female', 'is_hispanic', 'unemployed', 'unstableliving', 'education', 'marital', 'UDS_Amphetamine_Count', 'UDS_Benzodiazepine_Count', 'UDS_Buprenorphine_Count', 'UDS_Cocaine_Count', 'UDS_Methadone_Count', 'UDS_Opioid_Count', 'UDS_Sedatives_Count', 'UDS_Thc_Count', 'pain', 'has_schizophrenia', 'has_major_dep', 'has_bipolar', 'has_anx_pan', 'has_brain_damage', 'has_epilepsy', 'has_alcol_dx', 'has_amphetamines_dx', 'has_cannabis_dx', 'has_cocaine_dx', 'has_sedatives_dx', 'ftnd', 'XTRT', 'shared', 'rbsivheroin', 'TLFB_Alcohol_Count', 'TLFB_Amphetamine_Count', 'TLFB_Benzodiazepine_Count', 'TLFB_Buprenorphine_Count', 'TLFB_Cocaine_Count', 'TLFB_Heroin_Count', 'TLFB_Methadone_Count', 'TLFB_Opioid_Count', 'TLFB_THC_Count', 'TLFB_Other', 'Homosexual_Behavior', 'Non_monogamous_Relationships']
2024-07-26 11:31:05 - INFO - Fitting logistic regression model with the selected features...
2024-07-26 11:31:06 - INFO - Model training completed successfully.
2024-07-26 11:31:06 - INFO - Calculating the dynamic threshold based on the proportion of positive outcomes...
2024-07-26 11:31:06 - INFO - Ratio of 1s to 0s in the outcome variable: 0.53 : 0.47
2024-07-26 11:31:06 - INFO - Dynamic threshold set to: 0.528
2024-07-26 11:31:06 - INFO - Model trained and saved successfully for subset 9.
2024-07-26 11:31:06 - INFO - ---------------------------
2024-07-26 11:31:06 - INFO - TRAIN MODEL STAGE COMPLETED FOR SUBSET 9
2024-07-26 11:31:06 - INFO - ---------------------------
2024-07-26 11:31:06 - INFO - --------------------------------
2024-07-26 11:31:06 - INFO - EVALUATE MODEL STAGE STARTING FOR SUBSET 9...
2024-07-26 11:31:06 - INFO - --------------------------------
2024-07-26 11:31:06 - INFO - ROC AUC Score: 0.6474704673857216
2024-07-26 11:31:06 - INFO - Confusion Matrix: 
[[67 51]
 [46 86]]
2024-07-26 11:31:06 - INFO - Precision: 0.6277372262773723
2024-07-26 11:31:06 - INFO - Recall: 0.6515151515151515
2024-07-26 11:31:06 - INFO - Model evaluated successfully for subset 9.
2024-07-26 11:31:06 - INFO - ------------------------------
2024-07-26 11:31:06 - INFO - EVALUATE MODEL STAGE COMPLETED FOR SUBSET 9
2024-07-26 11:31:06 - INFO - ------------------------------
2024-07-26 11:31:06 - INFO - Subset 10 demographic makeup: 950 1, 30 3, 12 2, 8 4
2024-07-26 11:31:06 - INFO - Processing subset 10...
2024-07-26 11:31:06 - INFO - -----------------------------
2024-07-26 11:31:06 - INFO - TRAIN MODEL STAGE STARTING FOR SUBSET 10...
2024-07-26 11:31:06 - INFO - -----------------------------
2024-07-26 11:31:06 - INFO - Scaling features and applying LASSO for feature selection...
2024-07-26 11:31:07 - INFO - Selected features (including required): ['who', 'RaceEth', 'age', 'is_female', 'is_hispanic', 'unemployed', 'unstableliving', 'education', 'marital', 'UDS_Amphetamine_Count', 'UDS_Benzodiazepine_Count', 'UDS_Buprenorphine_Count', 'UDS_Cocaine_Count', 'UDS_Methadone_Count', 'UDS_Opioid_Count', 'UDS_Sedatives_Count', 'UDS_Thc_Count', 'pain', 'has_schizophrenia', 'has_major_dep', 'has_bipolar', 'has_anx_pan', 'has_brain_damage', 'has_epilepsy', 'has_alcol_dx', 'has_amphetamines_dx', 'has_cannabis_dx', 'has_cocaine_dx', 'has_sedatives_dx', 'ftnd', 'XTRT', 'shared', 'rbsivheroin', 'TLFB_Alcohol_Count', 'TLFB_Amphetamine_Count', 'TLFB_Benzodiazepine_Count', 'TLFB_Buprenorphine_Count', 'TLFB_Cocaine_Count', 'TLFB_Heroin_Count', 'TLFB_Methadone_Count', 'TLFB_Opioid_Count', 'TLFB_THC_Count', 'TLFB_Other', 'Homosexual_Behavior', 'Non_monogamous_Relationships']
2024-07-26 11:31:07 - INFO - Fitting logistic regression model with the selected features...
2024-07-26 11:31:07 - INFO - Model training completed successfully.
2024-07-26 11:31:07 - INFO - Calculating the dynamic threshold based on the proportion of positive outcomes...
2024-07-26 11:31:07 - INFO - Ratio of 1s to 0s in the outcome variable: 0.52 : 0.48
2024-07-26 11:31:07 - INFO - Dynamic threshold set to: 0.516
2024-07-26 11:31:07 - INFO - Model trained and saved successfully for subset 10.
2024-07-26 11:31:07 - INFO - ---------------------------
2024-07-26 11:31:07 - INFO - TRAIN MODEL STAGE COMPLETED FOR SUBSET 10
2024-07-26 11:31:07 - INFO - ---------------------------
2024-07-26 11:31:07 - INFO - --------------------------------
2024-07-26 11:31:07 - INFO - EVALUATE MODEL STAGE STARTING FOR SUBSET 10...
2024-07-26 11:31:07 - INFO - --------------------------------
2024-07-26 11:31:07 - INFO - ROC AUC Score: 0.6522519059516945
2024-07-26 11:31:07 - INFO - Confusion Matrix: 
[[69 52]
 [45 84]]
2024-07-26 11:31:07 - INFO - Precision: 0.6176470588235294
2024-07-26 11:31:07 - INFO - Recall: 0.6511627906976745
2024-07-26 11:31:07 - INFO - Model evaluated successfully for subset 10.
2024-07-26 11:31:07 - INFO - ------------------------------
2024-07-26 11:31:07 - INFO - EVALUATE MODEL STAGE COMPLETED FOR SUBSET 10
2024-07-26 11:31:07 - INFO - ------------------------------
2024-07-26 11:31:07 - INFO - Subset 11 demographic makeup: 1000 1
2024-07-26 11:31:07 - INFO - Processing subset 11...
2024-07-26 11:31:07 - INFO - -----------------------------
2024-07-26 11:31:07 - INFO - TRAIN MODEL STAGE STARTING FOR SUBSET 11...
2024-07-26 11:31:07 - INFO - -----------------------------
2024-07-26 11:31:07 - INFO - Scaling features and applying LASSO for feature selection...
2024-07-26 11:31:11 - INFO - Selected features (including required): ['who', 'age', 'is_female', 'unemployed', 'unstableliving', 'education', 'marital', 'UDS_Amphetamine_Count', 'UDS_Benzodiazepine_Count', 'UDS_Buprenorphine_Count', 'UDS_Cocaine_Count', 'UDS_Methadone_Count', 'UDS_Opioid_Count', 'UDS_Sedatives_Count', 'UDS_Thc_Count', 'pain', 'has_schizophrenia', 'has_major_dep', 'has_bipolar', 'has_anx_pan', 'has_brain_damage', 'has_epilepsy', 'has_alcol_dx', 'has_amphetamines_dx', 'has_cannabis_dx', 'has_cocaine_dx', 'has_sedatives_dx', 'ftnd', 'XTRT', 'shared', 'rbsivheroin', 'TLFB_Alcohol_Count', 'TLFB_Amphetamine_Count', 'TLFB_Benzodiazepine_Count', 'TLFB_Buprenorphine_Count', 'TLFB_Cocaine_Count', 'TLFB_Heroin_Count', 'TLFB_Methadone_Count', 'TLFB_Opioid_Count', 'TLFB_THC_Count', 'TLFB_Other', 'Homosexual_Behavior', 'Non_monogamous_Relationships']
2024-07-26 11:31:11 - INFO - Fitting logistic regression model with the selected features...
2024-07-26 11:31:11 - INFO - Model training completed successfully.
2024-07-26 11:31:11 - INFO - Calculating the dynamic threshold based on the proportion of positive outcomes...
2024-07-26 11:31:11 - INFO - Ratio of 1s to 0s in the outcome variable: 0.54 : 0.46
2024-07-26 11:31:11 - INFO - Dynamic threshold set to: 0.54
2024-07-26 11:31:11 - INFO - Model trained and saved successfully for subset 11.
2024-07-26 11:31:11 - INFO - ---------------------------
2024-07-26 11:31:11 - INFO - TRAIN MODEL STAGE COMPLETED FOR SUBSET 11
2024-07-26 11:31:11 - INFO - ---------------------------
2024-07-26 11:31:11 - INFO - --------------------------------
2024-07-26 11:31:11 - INFO - EVALUATE MODEL STAGE STARTING FOR SUBSET 11...
2024-07-26 11:31:11 - INFO - --------------------------------
2024-07-26 11:31:11 - INFO - ROC AUC Score: 0.6440579710144927
2024-07-26 11:31:11 - INFO - Confusion Matrix: 
[[68 47]
 [53 82]]
2024-07-26 11:31:11 - INFO - Precision: 0.6356589147286822
2024-07-26 11:31:11 - INFO - Recall: 0.6074074074074074
2024-07-26 11:31:11 - INFO - Model evaluated successfully for subset 11.
2024-07-26 11:31:11 - INFO - ------------------------------
2024-07-26 11:31:11 - INFO - EVALUATE MODEL STAGE COMPLETED FOR SUBSET 11
2024-07-26 11:31:11 - INFO - ------------------------------
2024-07-26 11:31:11 - INFO - ------------------
2024-07-26 11:31:11 - INFO - PIPELINE COMPLETED
2024-07-26 11:31:11 - INFO - ------------------
