2024-08-07 12:12:26,364 - INFO - Global Seed set to: 4
2024-08-07 12:12:26,365 - INFO - Outcome Name: Rs_krupitsky_2004
2024-08-07 12:12:26,544 - INFO - Datasets loaded successfully.
2024-08-07 12:12:26,549 - INFO - Starting preprocessing of the merged dataset...
2024-08-07 12:12:26,549 - INFO - ---------------------------------
2024-08-07 12:12:26,550 - INFO - PRE-PROCESSING STAGE STARTING...
2024-08-07 12:12:26,550 - INFO - ---------------------------------
2024-08-07 12:12:26,756 - INFO - Dropped initial columns: ['pain_when', 'is_smoker', 'per_day', 'max', 'amount', 'depression', 'anxiety', 'schizophrenia', 'max', 'amount', 'cocaine_inject_days', 'speedball_inject_days', 'opioid_inject_days', 'speed_inject_days', 'UDS_Alcohol_Count', 'UDS_Mdma/Hallucinogen_Count']
2024-08-07 12:12:26,798 - INFO - Converted Yes/No to binary.
2024-08-07 12:12:26,809 - INFO - Processed TLFB columns with specified columns: ['TLFB_Alcohol_Count', 'TLFB_Amphetamine_Count', 'TLFB_Cocaine_Count', 'TLFB_Heroin_Count', 'TLFB_Benzodiazepine_Count', 'TLFB_Opioid_Count', 'TLFB_THC_Count', 'TLFB_Methadone_Count', 'TLFB_Buprenorphine_Count']
2024-08-07 12:12:26,815 - INFO - Calculated behavioral columns.
2024-08-07 12:12:26,818 - INFO - Moved 'Rs_krupitsky_2004' column to the end.
2024-08-07 12:12:26,998 - INFO - Dropped initial columns: ['msm_npt', 'msm_frq', 'txx_prt']
2024-08-07 12:12:27,017 - INFO - transform_data_with_nan_handling success
2024-08-07 12:12:27,018 - INFO - Renamed columns according to the mapping.
2024-08-07 12:12:27,091 - INFO - Transformed NaN to 0 for binary columns.
2024-08-07 12:12:27,093 - INFO - Transformed and renamed 'heroin_inject_days' column to 'rbsivheroin'.
2024-08-07 12:12:27,110 - INFO - Filled NaN with 0 for 'ftnd' column.
2024-08-07 12:12:27,210 - INFO - Dropped additional columns: ['rbs_iv_days', 'race', 'RBS_cocaine_Days', 'RBS_heroin_Days', 'RBS_opioid_Days', 'RBS_speed_Days', 'RBS_speedball_Days']
2024-08-07 12:12:27,223 - INFO - Converted UDS drug counts to binary.
2024-08-07 12:12:27,297 - INFO - ------------------------------
2024-08-07 12:12:27,297 - INFO - PRE-PROCESSING STAGE COMPLETED
2024-08-07 12:12:27,298 - INFO - ------------------------------
2024-08-07 12:12:27,298 - INFO - Merged dataset preprocessed successfully.
2024-08-07 12:12:27,299 - INFO - Creating demographic subsets from preprocessed data...
2024-08-07 12:12:36,706 - INFO - Created 11 subsets successfully.
2024-08-07 12:12:36,706 - INFO - Creating merged subsets from create_demographics_dfs function
2024-08-07 12:12:36,796 - INFO - Created 11 merged subsets successfully.
2024-08-07 12:12:36,798 - INFO - Subset 1 demographic makeup: 500 1, 248 3, 153 2, 99 4
2024-08-07 12:12:36,798 - INFO - Processing subset 1...
2024-08-07 12:12:36,798 - INFO - -----------------------------
2024-08-07 12:12:36,798 - INFO - TRAIN MODEL STAGE STARTING FOR SUBSET 1...
2024-08-07 12:12:36,798 - INFO - -----------------------------
2024-08-07 12:12:36,803 - INFO - Scaling features and applying LASSO for feature selection...
2024-08-07 12:12:39,077 - INFO - Selected features (including required): ['who', 'RaceEth', 'age', 'is_female', 'is_hispanic', 'unemployed', 'unstableliving', 'education', 'marital', 'UDS_Amphetamine_Count', 'UDS_Benzodiazepine_Count', 'UDS_Buprenorphine_Count', 'UDS_Cocaine_Count', 'UDS_Methadone_Count', 'UDS_Opioid_Count', 'UDS_Sedatives_Count', 'UDS_Thc_Count', 'pain', 'has_schizophrenia', 'has_major_dep', 'has_bipolar', 'has_anx_pan', 'has_brain_damage', 'has_epilepsy', 'has_opiates_dx', 'has_alcol_dx', 'has_amphetamines_dx', 'has_cannabis_dx', 'has_cocaine_dx', 'has_sedatives_dx', 'ftnd', 'XTRT', 'shared', 'rbsivheroin', 'TLFB_Alcohol_Count', 'TLFB_Amphetamine_Count', 'TLFB_Benzodiazepine_Count', 'TLFB_Buprenorphine_Count', 'TLFB_Cocaine_Count', 'TLFB_Heroin_Count', 'TLFB_Methadone_Count', 'TLFB_Opioid_Count', 'TLFB_THC_Count', 'TLFB_Other', 'Homosexual_Behavior', 'Non_monogamous_Relationships']
2024-08-07 12:12:39,083 - INFO - Fitting logistic regression model with the selected features...
2024-08-07 12:12:39,561 - INFO - Model training completed successfully.
2024-08-07 12:12:39,561 - INFO - Calculating the dynamic threshold based on the proportion of positive outcomes...
2024-08-07 12:12:39,562 - INFO - Ratio of 1s to 0s in the outcome variable: 0.85 : 0.15
2024-08-07 12:12:39,562 - INFO - Dynamic threshold set to: 0.848
2024-08-07 12:12:39,562 - INFO - Model trained and saved successfully for subset 1.
2024-08-07 12:12:39,562 - INFO - ---------------------------
2024-08-07 12:12:39,562 - INFO - TRAIN MODEL STAGE COMPLETED FOR SUBSET 1
2024-08-07 12:12:39,562 - INFO - ---------------------------
2024-08-07 12:12:39,562 - INFO - --------------------------------
2024-08-07 12:12:39,562 - INFO - EVALUATE MODEL STAGE STARTING FOR SUBSET 1...
2024-08-07 12:12:39,562 - INFO - --------------------------------
2024-08-07 12:12:39,578 - INFO - ROC AUC Score: 0.599428997020854
2024-08-07 12:12:39,579 - INFO - Confusion Matrix: 
[[ 21  17]
 [ 87 125]]
2024-08-07 12:12:39,579 - INFO - Precision: 0.8802816901408451
2024-08-07 12:12:39,579 - INFO - Recall: 0.589622641509434
2024-08-07 12:12:39,579 - INFO - Model evaluated successfully for subset 1.
2024-08-07 12:12:39,579 - INFO - ------------------------------
2024-08-07 12:12:39,580 - INFO - EVALUATE MODEL STAGE COMPLETED FOR SUBSET 1
2024-08-07 12:12:39,580 - INFO - ------------------------------
2024-08-07 12:12:39,588 - INFO - Subset 2 demographic makeup: 550 1, 221 3, 140 2, 89 4
2024-08-07 12:12:39,595 - INFO - Processing subset 2...
2024-08-07 12:12:39,597 - INFO - -----------------------------
2024-08-07 12:12:39,598 - INFO - TRAIN MODEL STAGE STARTING FOR SUBSET 2...
2024-08-07 12:12:39,598 - INFO - -----------------------------
2024-08-07 12:12:39,610 - INFO - Scaling features and applying LASSO for feature selection...
2024-08-07 12:12:41,842 - INFO - Selected features (including required): ['who', 'RaceEth', 'age', 'is_female', 'is_hispanic', 'unemployed', 'unstableliving', 'education', 'marital', 'UDS_Amphetamine_Count', 'UDS_Benzodiazepine_Count', 'UDS_Buprenorphine_Count', 'UDS_Cocaine_Count', 'UDS_Methadone_Count', 'UDS_Opioid_Count', 'UDS_Sedatives_Count', 'UDS_Thc_Count', 'pain', 'has_schizophrenia', 'has_major_dep', 'has_bipolar', 'has_anx_pan', 'has_brain_damage', 'has_epilepsy', 'has_opiates_dx', 'has_alcol_dx', 'has_amphetamines_dx', 'has_cannabis_dx', 'has_cocaine_dx', 'has_sedatives_dx', 'ftnd', 'XTRT', 'shared', 'rbsivheroin', 'TLFB_Alcohol_Count', 'TLFB_Amphetamine_Count', 'TLFB_Benzodiazepine_Count', 'TLFB_Buprenorphine_Count', 'TLFB_Cocaine_Count', 'TLFB_Heroin_Count', 'TLFB_Methadone_Count', 'TLFB_Opioid_Count', 'TLFB_THC_Count', 'TLFB_Other', 'Homosexual_Behavior', 'Non_monogamous_Relationships']
2024-08-07 12:12:41,847 - INFO - Fitting logistic regression model with the selected features...
2024-08-07 12:12:42,732 - INFO - Model training completed successfully.
2024-08-07 12:12:42,733 - INFO - Calculating the dynamic threshold based on the proportion of positive outcomes...
2024-08-07 12:12:42,733 - INFO - Ratio of 1s to 0s in the outcome variable: 0.83 : 0.17
2024-08-07 12:12:42,733 - INFO - Dynamic threshold set to: 0.828
2024-08-07 12:12:42,733 - INFO - Model trained and saved successfully for subset 2.
2024-08-07 12:12:42,733 - INFO - ---------------------------
2024-08-07 12:12:42,733 - INFO - TRAIN MODEL STAGE COMPLETED FOR SUBSET 2
2024-08-07 12:12:42,733 - INFO - ---------------------------
2024-08-07 12:12:42,734 - INFO - --------------------------------
2024-08-07 12:12:42,734 - INFO - EVALUATE MODEL STAGE STARTING FOR SUBSET 2...
2024-08-07 12:12:42,734 - INFO - --------------------------------
2024-08-07 12:12:42,759 - INFO - ROC AUC Score: 0.6157735085945399
2024-08-07 12:12:42,759 - INFO - Confusion Matrix: 
[[ 22  21]
 [ 80 127]]
2024-08-07 12:12:42,759 - INFO - Precision: 0.8581081081081081
2024-08-07 12:12:42,759 - INFO - Recall: 0.6135265700483091
2024-08-07 12:12:42,759 - INFO - Model evaluated successfully for subset 2.
2024-08-07 12:12:42,759 - INFO - ------------------------------
2024-08-07 12:12:42,760 - INFO - EVALUATE MODEL STAGE COMPLETED FOR SUBSET 2
2024-08-07 12:12:42,760 - INFO - ------------------------------
2024-08-07 12:12:42,761 - INFO - Subset 3 demographic makeup: 600 1, 195 3, 123 2, 82 4
2024-08-07 12:12:42,761 - INFO - Processing subset 3...
2024-08-07 12:12:42,761 - INFO - -----------------------------
2024-08-07 12:12:42,761 - INFO - TRAIN MODEL STAGE STARTING FOR SUBSET 3...
2024-08-07 12:12:42,762 - INFO - -----------------------------
2024-08-07 12:12:42,767 - INFO - Scaling features and applying LASSO for feature selection...
2024-08-07 12:12:45,062 - INFO - Selected features (including required): ['who', 'RaceEth', 'age', 'is_female', 'is_hispanic', 'unemployed', 'unstableliving', 'education', 'marital', 'UDS_Amphetamine_Count', 'UDS_Benzodiazepine_Count', 'UDS_Buprenorphine_Count', 'UDS_Cocaine_Count', 'UDS_Methadone_Count', 'UDS_Opioid_Count', 'UDS_Sedatives_Count', 'UDS_Thc_Count', 'pain', 'has_schizophrenia', 'has_major_dep', 'has_bipolar', 'has_anx_pan', 'has_brain_damage', 'has_epilepsy', 'has_opiates_dx', 'has_alcol_dx', 'has_amphetamines_dx', 'has_cannabis_dx', 'has_cocaine_dx', 'has_sedatives_dx', 'ftnd', 'XTRT', 'shared', 'rbsivheroin', 'TLFB_Alcohol_Count', 'TLFB_Amphetamine_Count', 'TLFB_Benzodiazepine_Count', 'TLFB_Buprenorphine_Count', 'TLFB_Cocaine_Count', 'TLFB_Heroin_Count', 'TLFB_Methadone_Count', 'TLFB_Opioid_Count', 'TLFB_THC_Count', 'TLFB_Other', 'Homosexual_Behavior', 'Non_monogamous_Relationships']
2024-08-07 12:12:45,074 - INFO - Fitting logistic regression model with the selected features...
2024-08-07 12:12:46,131 - INFO - Model training completed successfully.
2024-08-07 12:12:46,137 - INFO - Calculating the dynamic threshold based on the proportion of positive outcomes...
2024-08-07 12:12:46,138 - INFO - Ratio of 1s to 0s in the outcome variable: 0.81 : 0.19
2024-08-07 12:12:46,138 - INFO - Dynamic threshold set to: 0.812
2024-08-07 12:12:46,138 - INFO - Model trained and saved successfully for subset 3.
2024-08-07 12:12:46,139 - INFO - ---------------------------
2024-08-07 12:12:46,140 - INFO - TRAIN MODEL STAGE COMPLETED FOR SUBSET 3
2024-08-07 12:12:46,140 - INFO - ---------------------------
2024-08-07 12:12:46,142 - INFO - --------------------------------
2024-08-07 12:12:46,145 - INFO - EVALUATE MODEL STAGE STARTING FOR SUBSET 3...
2024-08-07 12:12:46,147 - INFO - --------------------------------
2024-08-07 12:12:46,200 - INFO - ROC AUC Score: 0.5883031128812493
2024-08-07 12:12:46,202 - INFO - Confusion Matrix: 
[[ 20  27]
 [ 70 133]]
2024-08-07 12:12:46,209 - INFO - Precision: 0.83125
2024-08-07 12:12:46,210 - INFO - Recall: 0.6551724137931034
2024-08-07 12:12:46,212 - INFO - Model evaluated successfully for subset 3.
2024-08-07 12:12:46,217 - INFO - ------------------------------
2024-08-07 12:12:46,220 - INFO - EVALUATE MODEL STAGE COMPLETED FOR SUBSET 3
2024-08-07 12:12:46,220 - INFO - ------------------------------
2024-08-07 12:12:46,227 - INFO - Subset 4 demographic makeup: 650 1, 169 3, 108 2, 73 4
2024-08-07 12:12:46,229 - INFO - Processing subset 4...
2024-08-07 12:12:46,230 - INFO - -----------------------------
2024-08-07 12:12:46,230 - INFO - TRAIN MODEL STAGE STARTING FOR SUBSET 4...
2024-08-07 12:12:46,231 - INFO - -----------------------------
2024-08-07 12:12:46,241 - INFO - Scaling features and applying LASSO for feature selection...
2024-08-07 12:12:48,367 - INFO - Selected features (including required): ['who', 'RaceEth', 'age', 'is_female', 'is_hispanic', 'unemployed', 'unstableliving', 'education', 'marital', 'UDS_Amphetamine_Count', 'UDS_Benzodiazepine_Count', 'UDS_Buprenorphine_Count', 'UDS_Cocaine_Count', 'UDS_Methadone_Count', 'UDS_Opioid_Count', 'UDS_Sedatives_Count', 'UDS_Thc_Count', 'pain', 'has_schizophrenia', 'has_major_dep', 'has_bipolar', 'has_anx_pan', 'has_brain_damage', 'has_epilepsy', 'has_opiates_dx', 'has_alcol_dx', 'has_amphetamines_dx', 'has_cannabis_dx', 'has_cocaine_dx', 'has_sedatives_dx', 'ftnd', 'XTRT', 'shared', 'rbsivheroin', 'TLFB_Alcohol_Count', 'TLFB_Amphetamine_Count', 'TLFB_Benzodiazepine_Count', 'TLFB_Buprenorphine_Count', 'TLFB_Cocaine_Count', 'TLFB_Heroin_Count', 'TLFB_Methadone_Count', 'TLFB_Opioid_Count', 'TLFB_THC_Count', 'TLFB_Other', 'Homosexual_Behavior', 'Non_monogamous_Relationships']
2024-08-07 12:12:48,372 - INFO - Fitting logistic regression model with the selected features...
2024-08-07 12:12:49,042 - INFO - Model training completed successfully.
2024-08-07 12:12:49,042 - INFO - Calculating the dynamic threshold based on the proportion of positive outcomes...
2024-08-07 12:12:49,042 - INFO - Ratio of 1s to 0s in the outcome variable: 0.81 : 0.19
2024-08-07 12:12:49,042 - INFO - Dynamic threshold set to: 0.808
2024-08-07 12:12:49,043 - INFO - Model trained and saved successfully for subset 4.
2024-08-07 12:12:49,043 - INFO - ---------------------------
2024-08-07 12:12:49,043 - INFO - TRAIN MODEL STAGE COMPLETED FOR SUBSET 4
2024-08-07 12:12:49,043 - INFO - ---------------------------
2024-08-07 12:12:49,043 - INFO - --------------------------------
2024-08-07 12:12:49,043 - INFO - EVALUATE MODEL STAGE STARTING FOR SUBSET 4...
2024-08-07 12:12:49,043 - INFO - --------------------------------
2024-08-07 12:12:49,057 - INFO - ROC AUC Score: 0.647174092409241
2024-08-07 12:12:49,059 - INFO - Confusion Matrix: 
[[ 29  19]
 [ 74 128]]
2024-08-07 12:12:49,060 - INFO - Precision: 0.8707482993197279
2024-08-07 12:12:49,060 - INFO - Recall: 0.6336633663366337
2024-08-07 12:12:49,060 - INFO - Model evaluated successfully for subset 4.
2024-08-07 12:12:49,060 - INFO - ------------------------------
2024-08-07 12:12:49,060 - INFO - EVALUATE MODEL STAGE COMPLETED FOR SUBSET 4
2024-08-07 12:12:49,060 - INFO - ------------------------------
2024-08-07 12:12:49,061 - INFO - Subset 5 demographic makeup: 700 1, 145 3, 93 2, 62 4
2024-08-07 12:12:49,062 - INFO - Processing subset 5...
2024-08-07 12:12:49,062 - INFO - -----------------------------
2024-08-07 12:12:49,062 - INFO - TRAIN MODEL STAGE STARTING FOR SUBSET 5...
2024-08-07 12:12:49,062 - INFO - -----------------------------
2024-08-07 12:12:49,070 - INFO - Scaling features and applying LASSO for feature selection...
2024-08-07 12:12:51,303 - INFO - Selected features (including required): ['who', 'RaceEth', 'age', 'is_female', 'is_hispanic', 'unemployed', 'unstableliving', 'education', 'marital', 'UDS_Amphetamine_Count', 'UDS_Benzodiazepine_Count', 'UDS_Buprenorphine_Count', 'UDS_Cocaine_Count', 'UDS_Methadone_Count', 'UDS_Opioid_Count', 'UDS_Sedatives_Count', 'UDS_Thc_Count', 'pain', 'has_schizophrenia', 'has_major_dep', 'has_bipolar', 'has_anx_pan', 'has_brain_damage', 'has_epilepsy', 'has_opiates_dx', 'has_alcol_dx', 'has_amphetamines_dx', 'has_cannabis_dx', 'has_cocaine_dx', 'has_sedatives_dx', 'ftnd', 'XTRT', 'shared', 'rbsivheroin', 'TLFB_Alcohol_Count', 'TLFB_Amphetamine_Count', 'TLFB_Benzodiazepine_Count', 'TLFB_Buprenorphine_Count', 'TLFB_Cocaine_Count', 'TLFB_Heroin_Count', 'TLFB_Methadone_Count', 'TLFB_Opioid_Count', 'TLFB_THC_Count', 'TLFB_Other', 'Homosexual_Behavior', 'Non_monogamous_Relationships']
2024-08-07 12:12:51,309 - INFO - Fitting logistic regression model with the selected features...
2024-08-07 12:12:51,827 - INFO - Model training completed successfully.
2024-08-07 12:12:51,828 - INFO - Calculating the dynamic threshold based on the proportion of positive outcomes...
2024-08-07 12:12:51,828 - INFO - Ratio of 1s to 0s in the outcome variable: 0.86 : 0.14
2024-08-07 12:12:51,828 - INFO - Dynamic threshold set to: 0.86
2024-08-07 12:12:51,828 - INFO - Model trained and saved successfully for subset 5.
2024-08-07 12:12:51,828 - INFO - ---------------------------
2024-08-07 12:12:51,828 - INFO - TRAIN MODEL STAGE COMPLETED FOR SUBSET 5
2024-08-07 12:12:51,828 - INFO - ---------------------------
2024-08-07 12:12:51,828 - INFO - --------------------------------
2024-08-07 12:12:51,829 - INFO - EVALUATE MODEL STAGE STARTING FOR SUBSET 5...
2024-08-07 12:12:51,829 - INFO - --------------------------------
2024-08-07 12:12:51,842 - INFO - ROC AUC Score: 0.653421926910299
2024-08-07 12:12:51,842 - INFO - Confusion Matrix: 
[[ 28   7]
 [122  93]]
2024-08-07 12:12:51,842 - INFO - Precision: 0.93
2024-08-07 12:12:51,842 - INFO - Recall: 0.4325581395348837
2024-08-07 12:12:51,843 - INFO - Model evaluated successfully for subset 5.
2024-08-07 12:12:51,843 - INFO - ------------------------------
2024-08-07 12:12:51,843 - INFO - EVALUATE MODEL STAGE COMPLETED FOR SUBSET 5
2024-08-07 12:12:51,843 - INFO - ------------------------------
2024-08-07 12:12:51,843 - INFO - Subset 6 demographic makeup: 750 1, 126 3, 73 2, 51 4
2024-08-07 12:12:51,844 - INFO - Processing subset 6...
2024-08-07 12:12:51,844 - INFO - -----------------------------
2024-08-07 12:12:51,844 - INFO - TRAIN MODEL STAGE STARTING FOR SUBSET 6...
2024-08-07 12:12:51,844 - INFO - -----------------------------
2024-08-07 12:12:51,850 - INFO - Scaling features and applying LASSO for feature selection...
2024-08-07 12:12:53,908 - INFO - Selected features (including required): ['who', 'RaceEth', 'age', 'is_female', 'is_hispanic', 'unemployed', 'unstableliving', 'education', 'marital', 'UDS_Amphetamine_Count', 'UDS_Benzodiazepine_Count', 'UDS_Buprenorphine_Count', 'UDS_Cocaine_Count', 'UDS_Methadone_Count', 'UDS_Opioid_Count', 'UDS_Sedatives_Count', 'UDS_Thc_Count', 'pain', 'has_schizophrenia', 'has_major_dep', 'has_bipolar', 'has_anx_pan', 'has_brain_damage', 'has_epilepsy', 'has_opiates_dx', 'has_alcol_dx', 'has_amphetamines_dx', 'has_cannabis_dx', 'has_cocaine_dx', 'has_sedatives_dx', 'ftnd', 'XTRT', 'shared', 'rbsivheroin', 'TLFB_Alcohol_Count', 'TLFB_Amphetamine_Count', 'TLFB_Benzodiazepine_Count', 'TLFB_Buprenorphine_Count', 'TLFB_Cocaine_Count', 'TLFB_Heroin_Count', 'TLFB_Methadone_Count', 'TLFB_Opioid_Count', 'TLFB_THC_Count', 'TLFB_Other', 'Homosexual_Behavior', 'Non_monogamous_Relationships']
2024-08-07 12:12:53,916 - INFO - Fitting logistic regression model with the selected features...
2024-08-07 12:12:54,399 - INFO - Model training completed successfully.
2024-08-07 12:12:54,399 - INFO - Calculating the dynamic threshold based on the proportion of positive outcomes...
2024-08-07 12:12:54,399 - INFO - Ratio of 1s to 0s in the outcome variable: 0.82 : 0.18
2024-08-07 12:12:54,400 - INFO - Dynamic threshold set to: 0.824
2024-08-07 12:12:54,400 - INFO - Model trained and saved successfully for subset 6.
2024-08-07 12:12:54,400 - INFO - ---------------------------
2024-08-07 12:12:54,400 - INFO - TRAIN MODEL STAGE COMPLETED FOR SUBSET 6
2024-08-07 12:12:54,400 - INFO - ---------------------------
2024-08-07 12:12:54,400 - INFO - --------------------------------
2024-08-07 12:12:54,400 - INFO - EVALUATE MODEL STAGE STARTING FOR SUBSET 6...
2024-08-07 12:12:54,400 - INFO - --------------------------------
2024-08-07 12:12:54,413 - INFO - ROC AUC Score: 0.664055604589585
2024-08-07 12:12:54,413 - INFO - Confusion Matrix: 
[[ 28  16]
 [ 81 125]]
2024-08-07 12:12:54,414 - INFO - Precision: 0.8865248226950354
2024-08-07 12:12:54,414 - INFO - Recall: 0.6067961165048543
2024-08-07 12:12:54,414 - INFO - Model evaluated successfully for subset 6.
2024-08-07 12:12:54,414 - INFO - ------------------------------
2024-08-07 12:12:54,414 - INFO - EVALUATE MODEL STAGE COMPLETED FOR SUBSET 6
2024-08-07 12:12:54,414 - INFO - ------------------------------
2024-08-07 12:12:54,415 - INFO - Subset 7 demographic makeup: 800 1, 104 3, 59 2, 37 4
2024-08-07 12:12:54,415 - INFO - Processing subset 7...
2024-08-07 12:12:54,415 - INFO - -----------------------------
2024-08-07 12:12:54,415 - INFO - TRAIN MODEL STAGE STARTING FOR SUBSET 7...
2024-08-07 12:12:54,415 - INFO - -----------------------------
2024-08-07 12:12:54,424 - INFO - Scaling features and applying LASSO for feature selection...
2024-08-07 12:12:55,933 - INFO - Selected features (including required): ['who', 'RaceEth', 'age', 'is_female', 'is_hispanic', 'unemployed', 'unstableliving', 'education', 'marital', 'UDS_Amphetamine_Count', 'UDS_Benzodiazepine_Count', 'UDS_Buprenorphine_Count', 'UDS_Cocaine_Count', 'UDS_Methadone_Count', 'UDS_Opioid_Count', 'UDS_Sedatives_Count', 'UDS_Thc_Count', 'pain', 'has_schizophrenia', 'has_major_dep', 'has_bipolar', 'has_anx_pan', 'has_brain_damage', 'has_epilepsy', 'has_opiates_dx', 'has_alcol_dx', 'has_amphetamines_dx', 'has_cannabis_dx', 'has_cocaine_dx', 'has_sedatives_dx', 'ftnd', 'XTRT', 'shared', 'rbsivheroin', 'TLFB_Alcohol_Count', 'TLFB_Amphetamine_Count', 'TLFB_Benzodiazepine_Count', 'TLFB_Buprenorphine_Count', 'TLFB_Cocaine_Count', 'TLFB_Heroin_Count', 'TLFB_Methadone_Count', 'TLFB_Opioid_Count', 'TLFB_THC_Count', 'TLFB_Other', 'Homosexual_Behavior', 'Non_monogamous_Relationships']
2024-08-07 12:12:55,939 - INFO - Fitting logistic regression model with the selected features...
2024-08-07 12:12:56,871 - INFO - Model training completed successfully.
2024-08-07 12:12:56,872 - INFO - Calculating the dynamic threshold based on the proportion of positive outcomes...
2024-08-07 12:12:56,872 - INFO - Ratio of 1s to 0s in the outcome variable: 0.86 : 0.14
2024-08-07 12:12:56,872 - INFO - Dynamic threshold set to: 0.864
2024-08-07 12:12:56,872 - INFO - Model trained and saved successfully for subset 7.
2024-08-07 12:12:56,872 - INFO - ---------------------------
2024-08-07 12:12:56,872 - INFO - TRAIN MODEL STAGE COMPLETED FOR SUBSET 7
2024-08-07 12:12:56,872 - INFO - ---------------------------
2024-08-07 12:12:56,873 - INFO - --------------------------------
2024-08-07 12:12:56,873 - INFO - EVALUATE MODEL STAGE STARTING FOR SUBSET 7...
2024-08-07 12:12:56,873 - INFO - --------------------------------
2024-08-07 12:12:56,887 - INFO - ROC AUC Score: 0.7234477124183007
2024-08-07 12:12:56,888 - INFO - Confusion Matrix: 
[[ 26   8]
 [ 88 128]]
2024-08-07 12:12:56,888 - INFO - Precision: 0.9411764705882353
2024-08-07 12:12:56,888 - INFO - Recall: 0.5925925925925926
2024-08-07 12:12:56,888 - INFO - Model evaluated successfully for subset 7.
2024-08-07 12:12:56,888 - INFO - ------------------------------
2024-08-07 12:12:56,888 - INFO - EVALUATE MODEL STAGE COMPLETED FOR SUBSET 7
2024-08-07 12:12:56,889 - INFO - ------------------------------
2024-08-07 12:12:56,891 - INFO - Subset 8 demographic makeup: 850 1, 77 3, 46 2, 27 4
2024-08-07 12:12:56,892 - INFO - Processing subset 8...
2024-08-07 12:12:56,892 - INFO - -----------------------------
2024-08-07 12:12:56,892 - INFO - TRAIN MODEL STAGE STARTING FOR SUBSET 8...
2024-08-07 12:12:56,892 - INFO - -----------------------------
2024-08-07 12:12:56,905 - INFO - Scaling features and applying LASSO for feature selection...
2024-08-07 12:12:59,140 - INFO - Selected features (including required): ['who', 'RaceEth', 'age', 'is_female', 'is_hispanic', 'unemployed', 'unstableliving', 'education', 'marital', 'UDS_Amphetamine_Count', 'UDS_Benzodiazepine_Count', 'UDS_Buprenorphine_Count', 'UDS_Cocaine_Count', 'UDS_Methadone_Count', 'UDS_Opioid_Count', 'UDS_Sedatives_Count', 'UDS_Thc_Count', 'pain', 'has_schizophrenia', 'has_major_dep', 'has_bipolar', 'has_anx_pan', 'has_brain_damage', 'has_epilepsy', 'has_opiates_dx', 'has_alcol_dx', 'has_amphetamines_dx', 'has_cannabis_dx', 'has_cocaine_dx', 'has_sedatives_dx', 'ftnd', 'XTRT', 'shared', 'rbsivheroin', 'TLFB_Alcohol_Count', 'TLFB_Amphetamine_Count', 'TLFB_Benzodiazepine_Count', 'TLFB_Buprenorphine_Count', 'TLFB_Cocaine_Count', 'TLFB_Heroin_Count', 'TLFB_Methadone_Count', 'TLFB_Opioid_Count', 'TLFB_THC_Count', 'TLFB_Other', 'Homosexual_Behavior', 'Non_monogamous_Relationships']
2024-08-07 12:12:59,145 - INFO - Fitting logistic regression model with the selected features...
2024-08-07 12:13:00,370 - INFO - Model training completed successfully.
2024-08-07 12:13:00,371 - INFO - Calculating the dynamic threshold based on the proportion of positive outcomes...
2024-08-07 12:13:00,371 - INFO - Ratio of 1s to 0s in the outcome variable: 0.81 : 0.19
2024-08-07 12:13:00,371 - INFO - Dynamic threshold set to: 0.808
2024-08-07 12:13:00,371 - INFO - Model trained and saved successfully for subset 8.
2024-08-07 12:13:00,371 - INFO - ---------------------------
2024-08-07 12:13:00,372 - INFO - TRAIN MODEL STAGE COMPLETED FOR SUBSET 8
2024-08-07 12:13:00,372 - INFO - ---------------------------
2024-08-07 12:13:00,372 - INFO - --------------------------------
2024-08-07 12:13:00,372 - INFO - EVALUATE MODEL STAGE STARTING FOR SUBSET 8...
2024-08-07 12:13:00,372 - INFO - --------------------------------
2024-08-07 12:13:00,387 - INFO - ROC AUC Score: 0.6630569306930695
2024-08-07 12:13:00,387 - INFO - Confusion Matrix: 
[[ 26  22]
 [ 69 133]]
2024-08-07 12:13:00,387 - INFO - Precision: 0.8580645161290322
2024-08-07 12:13:00,388 - INFO - Recall: 0.6584158415841584
2024-08-07 12:13:00,388 - INFO - Model evaluated successfully for subset 8.
2024-08-07 12:13:00,388 - INFO - ------------------------------
2024-08-07 12:13:00,388 - INFO - EVALUATE MODEL STAGE COMPLETED FOR SUBSET 8
2024-08-07 12:13:00,388 - INFO - ------------------------------
2024-08-07 12:13:00,389 - INFO - Subset 9 demographic makeup: 900 1, 50 3, 32 2, 18 4
2024-08-07 12:13:00,389 - INFO - Processing subset 9...
2024-08-07 12:13:00,389 - INFO - -----------------------------
2024-08-07 12:13:00,389 - INFO - TRAIN MODEL STAGE STARTING FOR SUBSET 9...
2024-08-07 12:13:00,389 - INFO - -----------------------------
2024-08-07 12:13:00,423 - INFO - Scaling features and applying LASSO for feature selection...
2024-08-07 12:13:02,503 - INFO - Selected features (including required): ['who', 'RaceEth', 'age', 'is_female', 'is_hispanic', 'unemployed', 'unstableliving', 'education', 'marital', 'UDS_Amphetamine_Count', 'UDS_Benzodiazepine_Count', 'UDS_Buprenorphine_Count', 'UDS_Cocaine_Count', 'UDS_Methadone_Count', 'UDS_Opioid_Count', 'UDS_Sedatives_Count', 'UDS_Thc_Count', 'pain', 'has_schizophrenia', 'has_major_dep', 'has_bipolar', 'has_anx_pan', 'has_brain_damage', 'has_epilepsy', 'has_opiates_dx', 'has_alcol_dx', 'has_amphetamines_dx', 'has_cannabis_dx', 'has_cocaine_dx', 'has_sedatives_dx', 'ftnd', 'XTRT', 'shared', 'rbsivheroin', 'TLFB_Alcohol_Count', 'TLFB_Amphetamine_Count', 'TLFB_Benzodiazepine_Count', 'TLFB_Buprenorphine_Count', 'TLFB_Cocaine_Count', 'TLFB_Heroin_Count', 'TLFB_Methadone_Count', 'TLFB_Opioid_Count', 'TLFB_THC_Count', 'TLFB_Other', 'Homosexual_Behavior', 'Non_monogamous_Relationships']
2024-08-07 12:13:02,526 - INFO - Fitting logistic regression model with the selected features...
2024-08-07 12:13:03,915 - INFO - Model training completed successfully.
2024-08-07 12:13:03,916 - INFO - Calculating the dynamic threshold based on the proportion of positive outcomes...
2024-08-07 12:13:03,916 - INFO - Ratio of 1s to 0s in the outcome variable: 0.82 : 0.18
2024-08-07 12:13:03,916 - INFO - Dynamic threshold set to: 0.816
2024-08-07 12:13:03,916 - INFO - Model trained and saved successfully for subset 9.
2024-08-07 12:13:03,916 - INFO - ---------------------------
2024-08-07 12:13:03,916 - INFO - TRAIN MODEL STAGE COMPLETED FOR SUBSET 9
2024-08-07 12:13:03,916 - INFO - ---------------------------
2024-08-07 12:13:03,916 - INFO - --------------------------------
2024-08-07 12:13:03,917 - INFO - EVALUATE MODEL STAGE STARTING FOR SUBSET 9...
2024-08-07 12:13:03,917 - INFO - --------------------------------
2024-08-07 12:13:03,930 - INFO - ROC AUC Score: 0.6824381926683717
2024-08-07 12:13:03,936 - INFO - Confusion Matrix: 
[[ 25  21]
 [ 63 141]]
2024-08-07 12:13:03,944 - INFO - Precision: 0.8703703703703703
2024-08-07 12:13:03,947 - INFO - Recall: 0.6911764705882353
2024-08-07 12:13:03,948 - INFO - Model evaluated successfully for subset 9.
2024-08-07 12:13:03,952 - INFO - ------------------------------
2024-08-07 12:13:03,954 - INFO - EVALUATE MODEL STAGE COMPLETED FOR SUBSET 9
2024-08-07 12:13:03,955 - INFO - ------------------------------
2024-08-07 12:13:03,956 - INFO - Subset 10 demographic makeup: 950 1, 25 3, 16 2, 9 4
2024-08-07 12:13:03,962 - INFO - Processing subset 10...
2024-08-07 12:13:03,965 - INFO - -----------------------------
2024-08-07 12:13:03,968 - INFO - TRAIN MODEL STAGE STARTING FOR SUBSET 10...
2024-08-07 12:13:03,970 - INFO - -----------------------------
2024-08-07 12:13:03,986 - INFO - Scaling features and applying LASSO for feature selection...
2024-08-07 12:13:05,901 - INFO - Selected features (including required): ['who', 'RaceEth', 'age', 'is_female', 'is_hispanic', 'unemployed', 'unstableliving', 'education', 'marital', 'UDS_Amphetamine_Count', 'UDS_Benzodiazepine_Count', 'UDS_Buprenorphine_Count', 'UDS_Cocaine_Count', 'UDS_Methadone_Count', 'UDS_Opioid_Count', 'UDS_Sedatives_Count', 'UDS_Thc_Count', 'pain', 'has_schizophrenia', 'has_major_dep', 'has_bipolar', 'has_anx_pan', 'has_brain_damage', 'has_epilepsy', 'has_opiates_dx', 'has_alcol_dx', 'has_amphetamines_dx', 'has_cannabis_dx', 'has_cocaine_dx', 'has_sedatives_dx', 'ftnd', 'XTRT', 'shared', 'rbsivheroin', 'TLFB_Alcohol_Count', 'TLFB_Amphetamine_Count', 'TLFB_Benzodiazepine_Count', 'TLFB_Buprenorphine_Count', 'TLFB_Cocaine_Count', 'TLFB_Heroin_Count', 'TLFB_Methadone_Count', 'TLFB_Opioid_Count', 'TLFB_THC_Count', 'TLFB_Other', 'Homosexual_Behavior', 'Non_monogamous_Relationships']
2024-08-07 12:13:05,907 - INFO - Fitting logistic regression model with the selected features...
2024-08-07 12:13:06,221 - INFO - Model training completed successfully.
2024-08-07 12:13:06,221 - INFO - Calculating the dynamic threshold based on the proportion of positive outcomes...
2024-08-07 12:13:06,222 - INFO - Ratio of 1s to 0s in the outcome variable: 0.81 : 0.19
2024-08-07 12:13:06,222 - INFO - Dynamic threshold set to: 0.812
2024-08-07 12:13:06,225 - INFO - Model trained and saved successfully for subset 10.
2024-08-07 12:13:06,229 - INFO - ---------------------------
2024-08-07 12:13:06,234 - INFO - TRAIN MODEL STAGE COMPLETED FOR SUBSET 10
2024-08-07 12:13:06,235 - INFO - ---------------------------
2024-08-07 12:13:06,236 - INFO - --------------------------------
2024-08-07 12:13:06,282 - INFO - EVALUATE MODEL STAGE STARTING FOR SUBSET 10...
2024-08-07 12:13:06,283 - INFO - --------------------------------
2024-08-07 12:13:06,351 - INFO - ROC AUC Score: 0.6886070642490304
2024-08-07 12:13:06,353 - INFO - Confusion Matrix: 
[[ 27  20]
 [ 79 124]]
2024-08-07 12:13:06,363 - INFO - Precision: 0.8611111111111112
2024-08-07 12:13:06,364 - INFO - Recall: 0.6108374384236454
2024-08-07 12:13:06,366 - INFO - Model evaluated successfully for subset 10.
2024-08-07 12:13:06,372 - INFO - ------------------------------
2024-08-07 12:13:06,374 - INFO - EVALUATE MODEL STAGE COMPLETED FOR SUBSET 10
2024-08-07 12:13:06,375 - INFO - ------------------------------
2024-08-07 12:13:06,376 - INFO - Subset 11 demographic makeup: 1000 1
2024-08-07 12:13:06,382 - INFO - Processing subset 11...
2024-08-07 12:13:06,383 - INFO - -----------------------------
2024-08-07 12:13:06,385 - INFO - TRAIN MODEL STAGE STARTING FOR SUBSET 11...
2024-08-07 12:13:06,386 - INFO - -----------------------------
2024-08-07 12:13:06,405 - INFO - Scaling features and applying LASSO for feature selection...
2024-08-07 12:13:08,737 - INFO - Selected features (including required): ['who', 'age', 'is_female', 'unemployed', 'unstableliving', 'education', 'marital', 'UDS_Amphetamine_Count', 'UDS_Benzodiazepine_Count', 'UDS_Buprenorphine_Count', 'UDS_Cocaine_Count', 'UDS_Methadone_Count', 'UDS_Opioid_Count', 'UDS_Sedatives_Count', 'UDS_Thc_Count', 'pain', 'has_schizophrenia', 'has_major_dep', 'has_bipolar', 'has_anx_pan', 'has_brain_damage', 'has_epilepsy', 'has_opiates_dx', 'has_alcol_dx', 'has_amphetamines_dx', 'has_cannabis_dx', 'has_cocaine_dx', 'has_sedatives_dx', 'ftnd', 'XTRT', 'shared', 'rbsivheroin', 'TLFB_Alcohol_Count', 'TLFB_Amphetamine_Count', 'TLFB_Benzodiazepine_Count', 'TLFB_Buprenorphine_Count', 'TLFB_Cocaine_Count', 'TLFB_Heroin_Count', 'TLFB_Methadone_Count', 'TLFB_Opioid_Count', 'TLFB_THC_Count', 'TLFB_Other', 'Homosexual_Behavior', 'Non_monogamous_Relationships']
2024-08-07 12:13:08,744 - INFO - Fitting logistic regression model with the selected features...
2024-08-07 12:13:09,343 - INFO - Model training completed successfully.
2024-08-07 12:13:09,343 - INFO - Calculating the dynamic threshold based on the proportion of positive outcomes...
2024-08-07 12:13:09,344 - INFO - Ratio of 1s to 0s in the outcome variable: 0.82 : 0.18
2024-08-07 12:13:09,344 - INFO - Dynamic threshold set to: 0.824
2024-08-07 12:13:09,345 - INFO - Model trained and saved successfully for subset 11.
2024-08-07 12:13:09,346 - INFO - ---------------------------
2024-08-07 12:13:09,350 - INFO - TRAIN MODEL STAGE COMPLETED FOR SUBSET 11
2024-08-07 12:13:09,351 - INFO - ---------------------------
2024-08-07 12:13:09,352 - INFO - --------------------------------
2024-08-07 12:13:09,352 - INFO - EVALUATE MODEL STAGE STARTING FOR SUBSET 11...
2024-08-07 12:13:09,353 - INFO - --------------------------------
2024-08-07 12:13:09,381 - INFO - ROC AUC Score: 0.7366504854368932
2024-08-07 12:13:09,383 - INFO - Confusion Matrix: 
[[ 34  10]
 [ 69 137]]
2024-08-07 12:13:09,384 - INFO - Precision: 0.9319727891156463
2024-08-07 12:13:09,385 - INFO - Recall: 0.6650485436893204
2024-08-07 12:13:09,385 - INFO - Model evaluated successfully for subset 11.
2024-08-07 12:13:09,386 - INFO - ------------------------------
2024-08-07 12:13:09,386 - INFO - EVALUATE MODEL STAGE COMPLETED FOR SUBSET 11
2024-08-07 12:13:09,387 - INFO - ------------------------------
2024-08-07 12:13:09,387 - INFO - ------------------
2024-08-07 12:13:09,392 - INFO - PIPELINE COMPLETED
2024-08-07 12:13:09,394 - INFO - ------------------
