2024-08-07 12:53:39,125 - INFO - Global Seed set to: 23
2024-08-07 12:53:39,126 - INFO - Outcome Name: Rd_kostenB_1993
2024-08-07 12:53:39,168 - INFO - Datasets loaded successfully.
2024-08-07 12:53:39,171 - INFO - Starting preprocessing of the merged dataset...
2024-08-07 12:53:39,171 - INFO - ---------------------------------
2024-08-07 12:53:39,171 - INFO - PRE-PROCESSING STAGE STARTING...
2024-08-07 12:53:39,171 - INFO - ---------------------------------
2024-08-07 12:53:39,263 - INFO - Dropped initial columns: ['pain_when', 'is_smoker', 'per_day', 'max', 'amount', 'depression', 'anxiety', 'schizophrenia', 'max', 'amount', 'cocaine_inject_days', 'speedball_inject_days', 'opioid_inject_days', 'speed_inject_days', 'UDS_Alcohol_Count', 'UDS_Mdma/Hallucinogen_Count']
2024-08-07 12:53:39,305 - INFO - Converted Yes/No to binary.
2024-08-07 12:53:39,317 - INFO - Processed TLFB columns with specified columns: ['TLFB_Alcohol_Count', 'TLFB_Amphetamine_Count', 'TLFB_Cocaine_Count', 'TLFB_Heroin_Count', 'TLFB_Benzodiazepine_Count', 'TLFB_Opioid_Count', 'TLFB_THC_Count', 'TLFB_Methadone_Count', 'TLFB_Buprenorphine_Count']
2024-08-07 12:53:39,320 - INFO - Calculated behavioral columns.
2024-08-07 12:53:39,322 - INFO - Moved 'Rd_kostenB_1993' column to the end.
2024-08-07 12:53:39,416 - INFO - Dropped initial columns: ['msm_npt', 'msm_frq', 'txx_prt']
2024-08-07 12:53:39,441 - INFO - transform_data_with_nan_handling success
2024-08-07 12:53:39,441 - INFO - Renamed columns according to the mapping.
2024-08-07 12:53:39,470 - INFO - Transformed NaN to 0 for binary columns.
2024-08-07 12:53:39,470 - INFO - Transformed and renamed 'heroin_inject_days' column to 'rbsivheroin'.
2024-08-07 12:53:39,471 - INFO - Filled NaN with 0 for 'ftnd' column.
2024-08-07 12:53:39,541 - INFO - Dropped additional columns: ['rbs_iv_days', 'race', 'RBS_cocaine_Days', 'RBS_heroin_Days', 'RBS_opioid_Days', 'RBS_speed_Days', 'RBS_speedball_Days']
2024-08-07 12:53:39,554 - INFO - Converted UDS drug counts to binary.
2024-08-07 12:53:39,613 - INFO - ------------------------------
2024-08-07 12:53:39,614 - INFO - PRE-PROCESSING STAGE COMPLETED
2024-08-07 12:53:39,614 - INFO - ------------------------------
2024-08-07 12:53:39,614 - INFO - Merged dataset preprocessed successfully.
2024-08-07 12:53:39,614 - INFO - Creating demographic subsets from preprocessed data...
2024-08-07 12:53:47,225 - INFO - Created 11 subsets successfully.
2024-08-07 12:53:47,225 - INFO - Creating merged subsets from create_demographics_dfs function
2024-08-07 12:53:47,311 - INFO - Created 11 merged subsets successfully.
2024-08-07 12:53:47,312 - INFO - Subset 1 demographic makeup: 500 1, 249 3, 153 2, 98 4
2024-08-07 12:53:47,314 - INFO - Processing subset 1...
2024-08-07 12:53:47,315 - INFO - -----------------------------
2024-08-07 12:53:47,317 - INFO - TRAIN MODEL STAGE STARTING FOR SUBSET 1...
2024-08-07 12:53:47,318 - INFO - -----------------------------
2024-08-07 12:53:47,323 - INFO - Scaling features and applying LASSO for feature selection...
2024-08-07 12:53:47,512 - INFO - Selected features (including required): ['who', 'RaceEth', 'age', 'is_female', 'is_hispanic', 'unemployed', 'unstableliving', 'education', 'marital', 'UDS_Amphetamine_Count', 'UDS_Benzodiazepine_Count', 'UDS_Buprenorphine_Count', 'UDS_Cocaine_Count', 'UDS_Methadone_Count', 'UDS_Opioid_Count', 'UDS_Sedatives_Count', 'UDS_Thc_Count', 'pain', 'has_schizophrenia', 'has_major_dep', 'has_bipolar', 'has_anx_pan', 'has_brain_damage', 'has_epilepsy', 'has_alcol_dx', 'has_amphetamines_dx', 'has_cannabis_dx', 'has_cocaine_dx', 'has_sedatives_dx', 'ftnd', 'XTRT', 'shared', 'rbsivheroin', 'TLFB_Alcohol_Count', 'TLFB_Amphetamine_Count', 'TLFB_Benzodiazepine_Count', 'TLFB_Buprenorphine_Count', 'TLFB_Cocaine_Count', 'TLFB_Heroin_Count', 'TLFB_Methadone_Count', 'TLFB_Opioid_Count', 'TLFB_THC_Count', 'TLFB_Other', 'Homosexual_Behavior', 'Non_monogamous_Relationships']
2024-08-07 12:53:47,517 - INFO - Fitting logistic regression model with the selected features...
2024-08-07 12:53:47,997 - INFO - Model training completed successfully.
2024-08-07 12:53:47,998 - INFO - Calculating the dynamic threshold based on the proportion of positive outcomes...
2024-08-07 12:53:47,999 - INFO - Ratio of 1s to 0s in the outcome variable: 0.49 : 0.51
2024-08-07 12:53:47,999 - INFO - Dynamic threshold set to: 0.488
2024-08-07 12:53:47,999 - INFO - Model trained and saved successfully for subset 1.
2024-08-07 12:53:48,002 - INFO - ---------------------------
2024-08-07 12:53:48,007 - INFO - TRAIN MODEL STAGE COMPLETED FOR SUBSET 1
2024-08-07 12:53:48,009 - INFO - ---------------------------
2024-08-07 12:53:48,010 - INFO - --------------------------------
2024-08-07 12:53:48,011 - INFO - EVALUATE MODEL STAGE STARTING FOR SUBSET 1...
2024-08-07 12:53:48,011 - INFO - --------------------------------
2024-08-07 12:53:48,031 - INFO - ROC AUC Score: 0.6296746926229507
2024-08-07 12:53:48,033 - INFO - Confusion Matrix: 
[[75 53]
 [49 73]]
2024-08-07 12:53:48,033 - INFO - Precision: 0.5793650793650794
2024-08-07 12:53:48,037 - INFO - Recall: 0.5983606557377049
2024-08-07 12:53:48,037 - INFO - Model evaluated successfully for subset 1.
2024-08-07 12:53:48,038 - INFO - ------------------------------
2024-08-07 12:53:48,038 - INFO - EVALUATE MODEL STAGE COMPLETED FOR SUBSET 1
2024-08-07 12:53:48,038 - INFO - ------------------------------
2024-08-07 12:53:48,040 - INFO - Subset 2 demographic makeup: 550 1, 226 3, 133 2, 91 4
2024-08-07 12:53:48,040 - INFO - Processing subset 2...
2024-08-07 12:53:48,040 - INFO - -----------------------------
2024-08-07 12:53:48,040 - INFO - TRAIN MODEL STAGE STARTING FOR SUBSET 2...
2024-08-07 12:53:48,041 - INFO - -----------------------------
2024-08-07 12:53:48,052 - INFO - Scaling features and applying LASSO for feature selection...
2024-08-07 12:53:48,248 - INFO - Selected features (including required): ['who', 'RaceEth', 'age', 'is_female', 'is_hispanic', 'unemployed', 'unstableliving', 'education', 'marital', 'UDS_Amphetamine_Count', 'UDS_Benzodiazepine_Count', 'UDS_Buprenorphine_Count', 'UDS_Cocaine_Count', 'UDS_Methadone_Count', 'UDS_Opioid_Count', 'UDS_Sedatives_Count', 'UDS_Thc_Count', 'pain', 'has_schizophrenia', 'has_major_dep', 'has_bipolar', 'has_anx_pan', 'has_brain_damage', 'has_epilepsy', 'has_alcol_dx', 'has_amphetamines_dx', 'has_cannabis_dx', 'has_cocaine_dx', 'has_sedatives_dx', 'ftnd', 'XTRT', 'shared', 'rbsivheroin', 'TLFB_Alcohol_Count', 'TLFB_Amphetamine_Count', 'TLFB_Benzodiazepine_Count', 'TLFB_Buprenorphine_Count', 'TLFB_Cocaine_Count', 'TLFB_Heroin_Count', 'TLFB_Methadone_Count', 'TLFB_Opioid_Count', 'TLFB_THC_Count', 'TLFB_Other', 'Homosexual_Behavior', 'Non_monogamous_Relationships']
2024-08-07 12:53:48,253 - INFO - Fitting logistic regression model with the selected features...
2024-08-07 12:53:48,693 - INFO - Model training completed successfully.
2024-08-07 12:53:48,694 - INFO - Calculating the dynamic threshold based on the proportion of positive outcomes...
2024-08-07 12:53:48,694 - INFO - Ratio of 1s to 0s in the outcome variable: 0.53 : 0.47
2024-08-07 12:53:48,694 - INFO - Dynamic threshold set to: 0.528
2024-08-07 12:53:48,694 - INFO - Model trained and saved successfully for subset 2.
2024-08-07 12:53:48,694 - INFO - ---------------------------
2024-08-07 12:53:48,694 - INFO - TRAIN MODEL STAGE COMPLETED FOR SUBSET 2
2024-08-07 12:53:48,694 - INFO - ---------------------------
2024-08-07 12:53:48,694 - INFO - --------------------------------
2024-08-07 12:53:48,694 - INFO - EVALUATE MODEL STAGE STARTING FOR SUBSET 2...
2024-08-07 12:53:48,694 - INFO - --------------------------------
2024-08-07 12:53:48,712 - INFO - ROC AUC Score: 0.6363636363636364
2024-08-07 12:53:48,712 - INFO - Confusion Matrix: 
[[88 30]
 [64 68]]
2024-08-07 12:53:48,713 - INFO - Precision: 0.6938775510204082
2024-08-07 12:53:48,713 - INFO - Recall: 0.5151515151515151
2024-08-07 12:53:48,717 - INFO - Model evaluated successfully for subset 2.
2024-08-07 12:53:48,718 - INFO - ------------------------------
2024-08-07 12:53:48,719 - INFO - EVALUATE MODEL STAGE COMPLETED FOR SUBSET 2
2024-08-07 12:53:48,720 - INFO - ------------------------------
2024-08-07 12:53:48,721 - INFO - Subset 3 demographic makeup: 600 1, 201 3, 121 2, 78 4
2024-08-07 12:53:48,721 - INFO - Processing subset 3...
2024-08-07 12:53:48,722 - INFO - -----------------------------
2024-08-07 12:53:48,722 - INFO - TRAIN MODEL STAGE STARTING FOR SUBSET 3...
2024-08-07 12:53:48,722 - INFO - -----------------------------
2024-08-07 12:53:48,733 - INFO - Scaling features and applying LASSO for feature selection...
2024-08-07 12:53:48,927 - INFO - Selected features (including required): ['who', 'RaceEth', 'age', 'is_female', 'is_hispanic', 'unemployed', 'unstableliving', 'education', 'marital', 'UDS_Amphetamine_Count', 'UDS_Benzodiazepine_Count', 'UDS_Buprenorphine_Count', 'UDS_Cocaine_Count', 'UDS_Methadone_Count', 'UDS_Opioid_Count', 'UDS_Sedatives_Count', 'UDS_Thc_Count', 'pain', 'has_schizophrenia', 'has_major_dep', 'has_bipolar', 'has_anx_pan', 'has_brain_damage', 'has_epilepsy', 'has_alcol_dx', 'has_amphetamines_dx', 'has_cannabis_dx', 'has_cocaine_dx', 'has_sedatives_dx', 'ftnd', 'XTRT', 'shared', 'rbsivheroin', 'TLFB_Alcohol_Count', 'TLFB_Amphetamine_Count', 'TLFB_Benzodiazepine_Count', 'TLFB_Buprenorphine_Count', 'TLFB_Cocaine_Count', 'TLFB_Heroin_Count', 'TLFB_Methadone_Count', 'TLFB_Opioid_Count', 'TLFB_THC_Count', 'TLFB_Other', 'Homosexual_Behavior', 'Non_monogamous_Relationships']
2024-08-07 12:53:48,932 - INFO - Fitting logistic regression model with the selected features...
2024-08-07 12:53:49,375 - INFO - Model training completed successfully.
2024-08-07 12:53:49,375 - INFO - Calculating the dynamic threshold based on the proportion of positive outcomes...
2024-08-07 12:53:49,376 - INFO - Ratio of 1s to 0s in the outcome variable: 0.56 : 0.44
2024-08-07 12:53:49,377 - INFO - Dynamic threshold set to: 0.56
2024-08-07 12:53:49,378 - INFO - Model trained and saved successfully for subset 3.
2024-08-07 12:53:49,379 - INFO - ---------------------------
2024-08-07 12:53:49,380 - INFO - TRAIN MODEL STAGE COMPLETED FOR SUBSET 3
2024-08-07 12:53:49,382 - INFO - ---------------------------
2024-08-07 12:53:49,382 - INFO - --------------------------------
2024-08-07 12:53:49,383 - INFO - EVALUATE MODEL STAGE STARTING FOR SUBSET 3...
2024-08-07 12:53:49,384 - INFO - --------------------------------
2024-08-07 12:53:49,410 - INFO - ROC AUC Score: 0.6501948051948051
2024-08-07 12:53:49,412 - INFO - Confusion Matrix: 
[[77 33]
 [61 79]]
2024-08-07 12:53:49,413 - INFO - Precision: 0.7053571428571429
2024-08-07 12:53:49,413 - INFO - Recall: 0.5642857142857143
2024-08-07 12:53:49,415 - INFO - Model evaluated successfully for subset 3.
2024-08-07 12:53:49,417 - INFO - ------------------------------
2024-08-07 12:53:49,417 - INFO - EVALUATE MODEL STAGE COMPLETED FOR SUBSET 3
2024-08-07 12:53:49,418 - INFO - ------------------------------
2024-08-07 12:53:49,419 - INFO - Subset 4 demographic makeup: 650 1, 174 3, 106 2, 70 4
2024-08-07 12:53:49,419 - INFO - Processing subset 4...
2024-08-07 12:53:49,419 - INFO - -----------------------------
2024-08-07 12:53:49,420 - INFO - TRAIN MODEL STAGE STARTING FOR SUBSET 4...
2024-08-07 12:53:49,420 - INFO - -----------------------------
2024-08-07 12:53:49,431 - INFO - Scaling features and applying LASSO for feature selection...
2024-08-07 12:53:49,633 - INFO - Selected features (including required): ['who', 'RaceEth', 'age', 'is_female', 'is_hispanic', 'unemployed', 'unstableliving', 'education', 'marital', 'UDS_Amphetamine_Count', 'UDS_Benzodiazepine_Count', 'UDS_Buprenorphine_Count', 'UDS_Cocaine_Count', 'UDS_Methadone_Count', 'UDS_Opioid_Count', 'UDS_Sedatives_Count', 'UDS_Thc_Count', 'pain', 'has_schizophrenia', 'has_major_dep', 'has_bipolar', 'has_anx_pan', 'has_brain_damage', 'has_epilepsy', 'has_alcol_dx', 'has_amphetamines_dx', 'has_cannabis_dx', 'has_cocaine_dx', 'has_sedatives_dx', 'ftnd', 'XTRT', 'shared', 'rbsivheroin', 'TLFB_Alcohol_Count', 'TLFB_Amphetamine_Count', 'TLFB_Benzodiazepine_Count', 'TLFB_Buprenorphine_Count', 'TLFB_Cocaine_Count', 'TLFB_Heroin_Count', 'TLFB_Methadone_Count', 'TLFB_Opioid_Count', 'TLFB_THC_Count', 'TLFB_Other', 'Homosexual_Behavior', 'Non_monogamous_Relationships']
2024-08-07 12:53:49,638 - INFO - Fitting logistic regression model with the selected features...
2024-08-07 12:53:50,430 - INFO - Model training completed successfully.
2024-08-07 12:53:50,430 - INFO - Calculating the dynamic threshold based on the proportion of positive outcomes...
2024-08-07 12:53:50,431 - INFO - Ratio of 1s to 0s in the outcome variable: 0.47 : 0.53
2024-08-07 12:53:50,431 - INFO - Dynamic threshold set to: 0.472
2024-08-07 12:53:50,432 - INFO - Model trained and saved successfully for subset 4.
2024-08-07 12:53:50,442 - INFO - ---------------------------
2024-08-07 12:53:50,444 - INFO - TRAIN MODEL STAGE COMPLETED FOR SUBSET 4
2024-08-07 12:53:50,448 - INFO - ---------------------------
2024-08-07 12:53:50,450 - INFO - --------------------------------
2024-08-07 12:53:50,451 - INFO - EVALUATE MODEL STAGE STARTING FOR SUBSET 4...
2024-08-07 12:53:50,453 - INFO - --------------------------------
2024-08-07 12:53:50,480 - INFO - ROC AUC Score: 0.6142783769902413
2024-08-07 12:53:50,480 - INFO - Confusion Matrix: 
[[65 67]
 [38 80]]
2024-08-07 12:53:50,481 - INFO - Precision: 0.54421768707483
2024-08-07 12:53:50,481 - INFO - Recall: 0.6779661016949152
2024-08-07 12:53:50,481 - INFO - Model evaluated successfully for subset 4.
2024-08-07 12:53:50,482 - INFO - ------------------------------
2024-08-07 12:53:50,482 - INFO - EVALUATE MODEL STAGE COMPLETED FOR SUBSET 4
2024-08-07 12:53:50,483 - INFO - ------------------------------
2024-08-07 12:53:50,489 - INFO - Subset 5 demographic makeup: 700 1, 152 3, 91 2, 57 4
2024-08-07 12:53:50,489 - INFO - Processing subset 5...
2024-08-07 12:53:50,489 - INFO - -----------------------------
2024-08-07 12:53:50,490 - INFO - TRAIN MODEL STAGE STARTING FOR SUBSET 5...
2024-08-07 12:53:50,490 - INFO - -----------------------------
2024-08-07 12:53:50,500 - INFO - Scaling features and applying LASSO for feature selection...
2024-08-07 12:53:50,713 - INFO - Selected features (including required): ['who', 'RaceEth', 'age', 'is_female', 'is_hispanic', 'unemployed', 'unstableliving', 'education', 'marital', 'UDS_Amphetamine_Count', 'UDS_Benzodiazepine_Count', 'UDS_Buprenorphine_Count', 'UDS_Cocaine_Count', 'UDS_Methadone_Count', 'UDS_Opioid_Count', 'UDS_Sedatives_Count', 'UDS_Thc_Count', 'pain', 'has_schizophrenia', 'has_major_dep', 'has_bipolar', 'has_anx_pan', 'has_brain_damage', 'has_epilepsy', 'has_alcol_dx', 'has_amphetamines_dx', 'has_cannabis_dx', 'has_cocaine_dx', 'has_sedatives_dx', 'ftnd', 'XTRT', 'shared', 'rbsivheroin', 'TLFB_Alcohol_Count', 'TLFB_Amphetamine_Count', 'TLFB_Benzodiazepine_Count', 'TLFB_Buprenorphine_Count', 'TLFB_Cocaine_Count', 'TLFB_Heroin_Count', 'TLFB_Methadone_Count', 'TLFB_Opioid_Count', 'TLFB_THC_Count', 'TLFB_Other', 'Homosexual_Behavior', 'Non_monogamous_Relationships']
2024-08-07 12:53:50,718 - INFO - Fitting logistic regression model with the selected features...
2024-08-07 12:53:51,354 - INFO - Model training completed successfully.
2024-08-07 12:53:51,354 - INFO - Calculating the dynamic threshold based on the proportion of positive outcomes...
2024-08-07 12:53:51,355 - INFO - Ratio of 1s to 0s in the outcome variable: 0.50 : 0.50
2024-08-07 12:53:51,356 - INFO - Dynamic threshold set to: 0.5
2024-08-07 12:53:51,356 - INFO - Model trained and saved successfully for subset 5.
2024-08-07 12:53:51,356 - INFO - ---------------------------
2024-08-07 12:53:51,357 - INFO - TRAIN MODEL STAGE COMPLETED FOR SUBSET 5
2024-08-07 12:53:51,357 - INFO - ---------------------------
2024-08-07 12:53:51,357 - INFO - --------------------------------
2024-08-07 12:53:51,357 - INFO - EVALUATE MODEL STAGE STARTING FOR SUBSET 5...
2024-08-07 12:53:51,357 - INFO - --------------------------------
2024-08-07 12:53:51,374 - INFO - ROC AUC Score: 0.6723199999999999
2024-08-07 12:53:51,374 - INFO - Confusion Matrix: 
[[70 55]
 [39 86]]
2024-08-07 12:53:51,374 - INFO - Precision: 0.6099290780141844
2024-08-07 12:53:51,375 - INFO - Recall: 0.688
2024-08-07 12:53:51,375 - INFO - Model evaluated successfully for subset 5.
2024-08-07 12:53:51,375 - INFO - ------------------------------
2024-08-07 12:53:51,375 - INFO - EVALUATE MODEL STAGE COMPLETED FOR SUBSET 5
2024-08-07 12:53:51,375 - INFO - ------------------------------
2024-08-07 12:53:51,376 - INFO - Subset 6 demographic makeup: 750 1, 131 3, 72 2, 47 4
2024-08-07 12:53:51,376 - INFO - Processing subset 6...
2024-08-07 12:53:51,376 - INFO - -----------------------------
2024-08-07 12:53:51,376 - INFO - TRAIN MODEL STAGE STARTING FOR SUBSET 6...
2024-08-07 12:53:51,376 - INFO - -----------------------------
2024-08-07 12:53:51,384 - INFO - Scaling features and applying LASSO for feature selection...
2024-08-07 12:53:51,628 - INFO - Selected features (including required): ['who', 'RaceEth', 'age', 'is_female', 'is_hispanic', 'unemployed', 'unstableliving', 'education', 'marital', 'UDS_Amphetamine_Count', 'UDS_Benzodiazepine_Count', 'UDS_Buprenorphine_Count', 'UDS_Cocaine_Count', 'UDS_Methadone_Count', 'UDS_Opioid_Count', 'UDS_Sedatives_Count', 'UDS_Thc_Count', 'pain', 'has_schizophrenia', 'has_major_dep', 'has_bipolar', 'has_anx_pan', 'has_brain_damage', 'has_epilepsy', 'has_alcol_dx', 'has_amphetamines_dx', 'has_cannabis_dx', 'has_cocaine_dx', 'has_sedatives_dx', 'ftnd', 'XTRT', 'shared', 'rbsivheroin', 'TLFB_Alcohol_Count', 'TLFB_Amphetamine_Count', 'TLFB_Benzodiazepine_Count', 'TLFB_Buprenorphine_Count', 'TLFB_Cocaine_Count', 'TLFB_Heroin_Count', 'TLFB_Methadone_Count', 'TLFB_Opioid_Count', 'TLFB_THC_Count', 'TLFB_Other', 'Homosexual_Behavior', 'Non_monogamous_Relationships']
2024-08-07 12:53:51,633 - INFO - Fitting logistic regression model with the selected features...
2024-08-07 12:53:52,398 - INFO - Model training completed successfully.
2024-08-07 12:53:52,398 - INFO - Calculating the dynamic threshold based on the proportion of positive outcomes...
2024-08-07 12:53:52,400 - INFO - Ratio of 1s to 0s in the outcome variable: 0.51 : 0.49
2024-08-07 12:53:52,401 - INFO - Dynamic threshold set to: 0.512
2024-08-07 12:53:52,403 - INFO - Model trained and saved successfully for subset 6.
2024-08-07 12:53:52,404 - INFO - ---------------------------
2024-08-07 12:53:52,407 - INFO - TRAIN MODEL STAGE COMPLETED FOR SUBSET 6
2024-08-07 12:53:52,409 - INFO - ---------------------------
2024-08-07 12:53:52,409 - INFO - --------------------------------
2024-08-07 12:53:52,410 - INFO - EVALUATE MODEL STAGE STARTING FOR SUBSET 6...
2024-08-07 12:53:52,410 - INFO - --------------------------------
2024-08-07 12:53:52,436 - INFO - ROC AUC Score: 0.6451716188524591
2024-08-07 12:53:52,436 - INFO - Confusion Matrix: 
[[53 69]
 [38 90]]
2024-08-07 12:53:52,438 - INFO - Precision: 0.5660377358490566
2024-08-07 12:53:52,440 - INFO - Recall: 0.703125
2024-08-07 12:53:52,443 - INFO - Model evaluated successfully for subset 6.
2024-08-07 12:53:52,446 - INFO - ------------------------------
2024-08-07 12:53:52,447 - INFO - EVALUATE MODEL STAGE COMPLETED FOR SUBSET 6
2024-08-07 12:53:52,448 - INFO - ------------------------------
2024-08-07 12:53:52,449 - INFO - Subset 7 demographic makeup: 800 1, 105 3, 56 2, 39 4
2024-08-07 12:53:52,449 - INFO - Processing subset 7...
2024-08-07 12:53:52,450 - INFO - -----------------------------
2024-08-07 12:53:52,450 - INFO - TRAIN MODEL STAGE STARTING FOR SUBSET 7...
2024-08-07 12:53:52,450 - INFO - -----------------------------
2024-08-07 12:53:52,461 - INFO - Scaling features and applying LASSO for feature selection...
2024-08-07 12:53:53,991 - INFO - Selected features (including required): ['who', 'RaceEth', 'age', 'is_female', 'is_hispanic', 'unemployed', 'unstableliving', 'education', 'marital', 'UDS_Amphetamine_Count', 'UDS_Benzodiazepine_Count', 'UDS_Buprenorphine_Count', 'UDS_Cocaine_Count', 'UDS_Methadone_Count', 'UDS_Opioid_Count', 'UDS_Sedatives_Count', 'UDS_Thc_Count', 'pain', 'has_schizophrenia', 'has_major_dep', 'has_bipolar', 'has_anx_pan', 'has_brain_damage', 'has_epilepsy', 'has_alcol_dx', 'has_amphetamines_dx', 'has_cannabis_dx', 'has_cocaine_dx', 'has_sedatives_dx', 'ftnd', 'XTRT', 'shared', 'rbsivheroin', 'TLFB_Alcohol_Count', 'TLFB_Amphetamine_Count', 'TLFB_Benzodiazepine_Count', 'TLFB_Buprenorphine_Count', 'TLFB_Cocaine_Count', 'TLFB_Heroin_Count', 'TLFB_Methadone_Count', 'TLFB_Opioid_Count', 'TLFB_THC_Count', 'TLFB_Other', 'Homosexual_Behavior', 'Non_monogamous_Relationships']
2024-08-07 12:53:53,996 - INFO - Fitting logistic regression model with the selected features...
2024-08-07 12:53:54,485 - INFO - Model training completed successfully.
2024-08-07 12:53:54,485 - INFO - Calculating the dynamic threshold based on the proportion of positive outcomes...
2024-08-07 12:53:54,485 - INFO - Ratio of 1s to 0s in the outcome variable: 0.58 : 0.42
2024-08-07 12:53:54,486 - INFO - Dynamic threshold set to: 0.576
2024-08-07 12:53:54,486 - INFO - Model trained and saved successfully for subset 7.
2024-08-07 12:53:54,486 - INFO - ---------------------------
2024-08-07 12:53:54,486 - INFO - TRAIN MODEL STAGE COMPLETED FOR SUBSET 7
2024-08-07 12:53:54,486 - INFO - ---------------------------
2024-08-07 12:53:54,486 - INFO - --------------------------------
2024-08-07 12:53:54,486 - INFO - EVALUATE MODEL STAGE STARTING FOR SUBSET 7...
2024-08-07 12:53:54,486 - INFO - --------------------------------
2024-08-07 12:53:54,501 - INFO - ROC AUC Score: 0.6243448637316562
2024-08-07 12:53:54,502 - INFO - Confusion Matrix: 
[[73 33]
 [69 75]]
2024-08-07 12:53:54,502 - INFO - Precision: 0.6944444444444444
2024-08-07 12:53:54,502 - INFO - Recall: 0.5208333333333334
2024-08-07 12:53:54,502 - INFO - Model evaluated successfully for subset 7.
2024-08-07 12:53:54,502 - INFO - ------------------------------
2024-08-07 12:53:54,502 - INFO - EVALUATE MODEL STAGE COMPLETED FOR SUBSET 7
2024-08-07 12:53:54,503 - INFO - ------------------------------
2024-08-07 12:53:54,504 - INFO - Subset 8 demographic makeup: 850 1, 80 3, 40 2, 30 4
2024-08-07 12:53:54,504 - INFO - Processing subset 8...
2024-08-07 12:53:54,504 - INFO - -----------------------------
2024-08-07 12:53:54,505 - INFO - TRAIN MODEL STAGE STARTING FOR SUBSET 8...
2024-08-07 12:53:54,505 - INFO - -----------------------------
2024-08-07 12:53:54,514 - INFO - Scaling features and applying LASSO for feature selection...
2024-08-07 12:53:54,768 - INFO - Selected features (including required): ['who', 'RaceEth', 'age', 'is_female', 'is_hispanic', 'unemployed', 'unstableliving', 'education', 'marital', 'UDS_Amphetamine_Count', 'UDS_Benzodiazepine_Count', 'UDS_Buprenorphine_Count', 'UDS_Cocaine_Count', 'UDS_Methadone_Count', 'UDS_Opioid_Count', 'UDS_Sedatives_Count', 'UDS_Thc_Count', 'pain', 'has_schizophrenia', 'has_major_dep', 'has_bipolar', 'has_anx_pan', 'has_brain_damage', 'has_epilepsy', 'has_alcol_dx', 'has_amphetamines_dx', 'has_cannabis_dx', 'has_cocaine_dx', 'has_sedatives_dx', 'ftnd', 'XTRT', 'shared', 'rbsivheroin', 'TLFB_Alcohol_Count', 'TLFB_Amphetamine_Count', 'TLFB_Benzodiazepine_Count', 'TLFB_Buprenorphine_Count', 'TLFB_Cocaine_Count', 'TLFB_Heroin_Count', 'TLFB_Methadone_Count', 'TLFB_Opioid_Count', 'TLFB_THC_Count', 'TLFB_Other', 'Homosexual_Behavior', 'Non_monogamous_Relationships']
2024-08-07 12:53:54,773 - INFO - Fitting logistic regression model with the selected features...
2024-08-07 12:53:55,281 - INFO - Model training completed successfully.
2024-08-07 12:53:55,281 - INFO - Calculating the dynamic threshold based on the proportion of positive outcomes...
2024-08-07 12:53:55,282 - INFO - Ratio of 1s to 0s in the outcome variable: 0.56 : 0.44
2024-08-07 12:53:55,282 - INFO - Dynamic threshold set to: 0.556
2024-08-07 12:53:55,282 - INFO - Model trained and saved successfully for subset 8.
2024-08-07 12:53:55,283 - INFO - ---------------------------
2024-08-07 12:53:55,284 - INFO - TRAIN MODEL STAGE COMPLETED FOR SUBSET 8
2024-08-07 12:53:55,284 - INFO - ---------------------------
2024-08-07 12:53:55,285 - INFO - --------------------------------
2024-08-07 12:53:55,285 - INFO - EVALUATE MODEL STAGE STARTING FOR SUBSET 8...
2024-08-07 12:53:55,285 - INFO - --------------------------------
2024-08-07 12:53:55,304 - INFO - ROC AUC Score: 0.6261585326333527
2024-08-07 12:53:55,307 - INFO - Confusion Matrix: 
[[75 36]
 [60 79]]
2024-08-07 12:53:55,308 - INFO - Precision: 0.6869565217391305
2024-08-07 12:53:55,308 - INFO - Recall: 0.5683453237410072
2024-08-07 12:53:55,309 - INFO - Model evaluated successfully for subset 8.
2024-08-07 12:53:55,309 - INFO - ------------------------------
2024-08-07 12:53:55,310 - INFO - EVALUATE MODEL STAGE COMPLETED FOR SUBSET 8
2024-08-07 12:53:55,310 - INFO - ------------------------------
2024-08-07 12:53:55,311 - INFO - Subset 9 demographic makeup: 900 1, 48 3, 32 2, 20 4
2024-08-07 12:53:55,312 - INFO - Processing subset 9...
2024-08-07 12:53:55,312 - INFO - -----------------------------
2024-08-07 12:53:55,312 - INFO - TRAIN MODEL STAGE STARTING FOR SUBSET 9...
2024-08-07 12:53:55,313 - INFO - -----------------------------
2024-08-07 12:53:55,324 - INFO - Scaling features and applying LASSO for feature selection...
2024-08-07 12:53:56,224 - INFO - Selected features (including required): ['who', 'RaceEth', 'age', 'is_female', 'is_hispanic', 'unemployed', 'unstableliving', 'education', 'marital', 'UDS_Amphetamine_Count', 'UDS_Benzodiazepine_Count', 'UDS_Buprenorphine_Count', 'UDS_Cocaine_Count', 'UDS_Methadone_Count', 'UDS_Opioid_Count', 'UDS_Sedatives_Count', 'UDS_Thc_Count', 'pain', 'has_schizophrenia', 'has_major_dep', 'has_bipolar', 'has_anx_pan', 'has_brain_damage', 'has_epilepsy', 'has_alcol_dx', 'has_amphetamines_dx', 'has_cannabis_dx', 'has_cocaine_dx', 'has_sedatives_dx', 'ftnd', 'XTRT', 'shared', 'rbsivheroin', 'TLFB_Alcohol_Count', 'TLFB_Amphetamine_Count', 'TLFB_Benzodiazepine_Count', 'TLFB_Buprenorphine_Count', 'TLFB_Cocaine_Count', 'TLFB_Heroin_Count', 'TLFB_Methadone_Count', 'TLFB_Opioid_Count', 'TLFB_THC_Count', 'TLFB_Other', 'Homosexual_Behavior', 'Non_monogamous_Relationships']
2024-08-07 12:53:56,229 - INFO - Fitting logistic regression model with the selected features...
2024-08-07 12:53:56,583 - INFO - Model training completed successfully.
2024-08-07 12:53:56,584 - INFO - Calculating the dynamic threshold based on the proportion of positive outcomes...
2024-08-07 12:53:56,584 - INFO - Ratio of 1s to 0s in the outcome variable: 0.62 : 0.38
2024-08-07 12:53:56,584 - INFO - Dynamic threshold set to: 0.62
2024-08-07 12:53:56,584 - INFO - Model trained and saved successfully for subset 9.
2024-08-07 12:53:56,584 - INFO - ---------------------------
2024-08-07 12:53:56,584 - INFO - TRAIN MODEL STAGE COMPLETED FOR SUBSET 9
2024-08-07 12:53:56,584 - INFO - ---------------------------
2024-08-07 12:53:56,585 - INFO - --------------------------------
2024-08-07 12:53:56,585 - INFO - EVALUATE MODEL STAGE STARTING FOR SUBSET 9...
2024-08-07 12:53:56,585 - INFO - --------------------------------
2024-08-07 12:53:56,596 - INFO - ROC AUC Score: 0.6889643463497453
2024-08-07 12:53:56,597 - INFO - Confusion Matrix: 
[[81 14]
 [85 70]]
2024-08-07 12:53:56,597 - INFO - Precision: 0.8333333333333334
2024-08-07 12:53:56,597 - INFO - Recall: 0.45161290322580644
2024-08-07 12:53:56,597 - INFO - Model evaluated successfully for subset 9.
2024-08-07 12:53:56,597 - INFO - ------------------------------
2024-08-07 12:53:56,597 - INFO - EVALUATE MODEL STAGE COMPLETED FOR SUBSET 9
2024-08-07 12:53:56,597 - INFO - ------------------------------
2024-08-07 12:53:56,598 - INFO - Subset 10 demographic makeup: 950 1, 25 3, 13 2, 12 4
2024-08-07 12:53:56,598 - INFO - Processing subset 10...
2024-08-07 12:53:56,598 - INFO - -----------------------------
2024-08-07 12:53:56,598 - INFO - TRAIN MODEL STAGE STARTING FOR SUBSET 10...
2024-08-07 12:53:56,598 - INFO - -----------------------------
2024-08-07 12:53:56,604 - INFO - Scaling features and applying LASSO for feature selection...
2024-08-07 12:53:57,493 - INFO - Selected features (including required): ['who', 'RaceEth', 'age', 'is_female', 'is_hispanic', 'unemployed', 'unstableliving', 'education', 'marital', 'UDS_Amphetamine_Count', 'UDS_Benzodiazepine_Count', 'UDS_Buprenorphine_Count', 'UDS_Cocaine_Count', 'UDS_Methadone_Count', 'UDS_Opioid_Count', 'UDS_Sedatives_Count', 'UDS_Thc_Count', 'pain', 'has_schizophrenia', 'has_major_dep', 'has_bipolar', 'has_anx_pan', 'has_brain_damage', 'has_epilepsy', 'has_alcol_dx', 'has_amphetamines_dx', 'has_cannabis_dx', 'has_cocaine_dx', 'has_sedatives_dx', 'ftnd', 'XTRT', 'shared', 'rbsivheroin', 'TLFB_Alcohol_Count', 'TLFB_Amphetamine_Count', 'TLFB_Benzodiazepine_Count', 'TLFB_Buprenorphine_Count', 'TLFB_Cocaine_Count', 'TLFB_Heroin_Count', 'TLFB_Methadone_Count', 'TLFB_Opioid_Count', 'TLFB_THC_Count', 'TLFB_Other', 'Homosexual_Behavior', 'Non_monogamous_Relationships']
2024-08-07 12:53:57,498 - INFO - Fitting logistic regression model with the selected features...
2024-08-07 12:53:58,324 - INFO - Model training completed successfully.
2024-08-07 12:53:58,324 - INFO - Calculating the dynamic threshold based on the proportion of positive outcomes...
2024-08-07 12:53:58,325 - INFO - Ratio of 1s to 0s in the outcome variable: 0.58 : 0.42
2024-08-07 12:53:58,325 - INFO - Dynamic threshold set to: 0.584
2024-08-07 12:53:58,326 - INFO - Model trained and saved successfully for subset 10.
2024-08-07 12:53:58,326 - INFO - ---------------------------
2024-08-07 12:53:58,327 - INFO - TRAIN MODEL STAGE COMPLETED FOR SUBSET 10
2024-08-07 12:53:58,328 - INFO - ---------------------------
2024-08-07 12:53:58,330 - INFO - --------------------------------
2024-08-07 12:53:58,330 - INFO - EVALUATE MODEL STAGE STARTING FOR SUBSET 10...
2024-08-07 12:53:58,331 - INFO - --------------------------------
2024-08-07 12:53:58,354 - INFO - ROC AUC Score: 0.6151870389884089
2024-08-07 12:53:58,354 - INFO - Confusion Matrix: 
[[70 34]
 [65 81]]
2024-08-07 12:53:58,355 - INFO - Precision: 0.7043478260869566
2024-08-07 12:53:58,355 - INFO - Recall: 0.5547945205479452
2024-08-07 12:53:58,356 - INFO - Model evaluated successfully for subset 10.
2024-08-07 12:53:58,357 - INFO - ------------------------------
2024-08-07 12:53:58,361 - INFO - EVALUATE MODEL STAGE COMPLETED FOR SUBSET 10
2024-08-07 12:53:58,362 - INFO - ------------------------------
2024-08-07 12:53:58,364 - INFO - Subset 11 demographic makeup: 1000 1
2024-08-07 12:53:58,364 - INFO - Processing subset 11...
2024-08-07 12:53:58,364 - INFO - -----------------------------
2024-08-07 12:53:58,364 - INFO - TRAIN MODEL STAGE STARTING FOR SUBSET 11...
2024-08-07 12:53:58,364 - INFO - -----------------------------
2024-08-07 12:53:58,373 - INFO - Scaling features and applying LASSO for feature selection...
2024-08-07 12:53:59,300 - INFO - Selected features (including required): ['who', 'age', 'is_female', 'unemployed', 'unstableliving', 'education', 'marital', 'UDS_Amphetamine_Count', 'UDS_Benzodiazepine_Count', 'UDS_Buprenorphine_Count', 'UDS_Cocaine_Count', 'UDS_Methadone_Count', 'UDS_Opioid_Count', 'UDS_Sedatives_Count', 'UDS_Thc_Count', 'pain', 'has_schizophrenia', 'has_major_dep', 'has_bipolar', 'has_anx_pan', 'has_brain_damage', 'has_epilepsy', 'has_alcol_dx', 'has_amphetamines_dx', 'has_cannabis_dx', 'has_cocaine_dx', 'has_sedatives_dx', 'ftnd', 'XTRT', 'shared', 'rbsivheroin', 'TLFB_Alcohol_Count', 'TLFB_Amphetamine_Count', 'TLFB_Benzodiazepine_Count', 'TLFB_Buprenorphine_Count', 'TLFB_Cocaine_Count', 'TLFB_Heroin_Count', 'TLFB_Methadone_Count', 'TLFB_Opioid_Count', 'TLFB_THC_Count', 'TLFB_Other', 'Homosexual_Behavior', 'Non_monogamous_Relationships']
2024-08-07 12:53:59,305 - INFO - Fitting logistic regression model with the selected features...
2024-08-07 12:53:59,870 - INFO - Model training completed successfully.
2024-08-07 12:53:59,871 - INFO - Calculating the dynamic threshold based on the proportion of positive outcomes...
2024-08-07 12:53:59,872 - INFO - Ratio of 1s to 0s in the outcome variable: 0.60 : 0.40
2024-08-07 12:53:59,877 - INFO - Dynamic threshold set to: 0.6
2024-08-07 12:53:59,878 - INFO - Model trained and saved successfully for subset 11.
2024-08-07 12:53:59,878 - INFO - ---------------------------
2024-08-07 12:53:59,879 - INFO - TRAIN MODEL STAGE COMPLETED FOR SUBSET 11
2024-08-07 12:53:59,880 - INFO - ---------------------------
2024-08-07 12:53:59,880 - INFO - --------------------------------
2024-08-07 12:53:59,881 - INFO - EVALUATE MODEL STAGE STARTING FOR SUBSET 11...
2024-08-07 12:53:59,881 - INFO - --------------------------------
2024-08-07 12:53:59,903 - INFO - ROC AUC Score: 0.6333333333333333
2024-08-07 12:53:59,904 - INFO - Confusion Matrix: 
[[73 27]
 [83 67]]
2024-08-07 12:53:59,904 - INFO - Precision: 0.7127659574468085
2024-08-07 12:53:59,905 - INFO - Recall: 0.44666666666666666
2024-08-07 12:53:59,911 - INFO - Model evaluated successfully for subset 11.
2024-08-07 12:53:59,911 - INFO - ------------------------------
2024-08-07 12:53:59,912 - INFO - EVALUATE MODEL STAGE COMPLETED FOR SUBSET 11
2024-08-07 12:53:59,912 - INFO - ------------------------------
2024-08-07 12:53:59,915 - INFO - ------------------
2024-08-07 12:53:59,915 - INFO - PIPELINE COMPLETED
2024-08-07 12:53:59,919 - INFO - ------------------
