2024-08-01 15:33:14 - INFO - -------------------------------------------
2024-08-01 15:33:14 - INFO - Logging setup complete - starting pipeline.
2024-08-01 15:33:14 - INFO - -------------------------------------------
2024-08-01 15:33:14 - INFO - Pipeline Number: 3
2024-08-01 15:33:14 - INFO - Global Seed set to: 42
2024-08-01 15:33:14 - INFO - Outcome Name: Rs_krupitsky_2004
2024-08-01 15:33:14 - INFO - Datasets loaded successfully.
2024-08-01 15:33:14 - INFO - Starting preprocessing of the merged dataset...
2024-08-01 15:33:14 - INFO - ---------------------------------
2024-08-01 15:33:14 - INFO - PRE-PROCESSING STAGE STARTING...
2024-08-01 15:33:14 - INFO - ---------------------------------
2024-08-01 15:33:14 - INFO - Dropped initial columns: ['pain_when', 'is_smoker', 'per_day', 'max', 'amount', 'depression', 'anxiety', 'schizophrenia', 'max', 'amount', 'cocaine_inject_days', 'speedball_inject_days', 'opioid_inject_days', 'speed_inject_days', 'UDS_Alcohol_Count', 'UDS_Mdma/Hallucinogen_Count']
2024-08-01 15:33:14 - INFO - Converted Yes/No to binary.
2024-08-01 15:33:14 - INFO - Processed TLFB columns with specified columns: ['TLFB_Alcohol_Count', 'TLFB_Amphetamine_Count', 'TLFB_Cocaine_Count', 'TLFB_Heroin_Count', 'TLFB_Benzodiazepine_Count', 'TLFB_Opioid_Count', 'TLFB_THC_Count', 'TLFB_Methadone_Count', 'TLFB_Buprenorphine_Count']
2024-08-01 15:33:14 - INFO - Calculated behavioral columns.
2024-08-01 15:33:14 - INFO - Moved 'Rs_krupitsky_2004' column to the end.
2024-08-01 15:33:15 - INFO - Dropped initial columns: ['msm_npt', 'msm_frq', 'txx_prt']
2024-08-01 15:33:15 - INFO - transform_data_with_nan_handling success
2024-08-01 15:33:15 - INFO - Renamed columns according to the mapping.
2024-08-01 15:33:15 - INFO - Transformed NaN to 0 for binary columns.
2024-08-01 15:33:15 - INFO - Transformed and renamed 'heroin_inject_days' column to 'rbsivheroin'.
2024-08-01 15:33:15 - INFO - Filled NaN with 0 for 'ftnd' column.
2024-08-01 15:33:15 - INFO - Dropped additional columns: ['rbs_iv_days', 'race', 'RBS_cocaine_Days', 'RBS_heroin_Days', 'RBS_opioid_Days', 'RBS_speed_Days', 'RBS_speedball_Days']
2024-08-01 15:33:15 - INFO - Converted UDS drug counts to binary.
2024-08-01 15:33:15 - INFO - ------------------------------
2024-08-01 15:33:15 - INFO - PRE-PROCESSING STAGE COMPLETED
2024-08-01 15:33:15 - INFO - ------------------------------
2024-08-01 15:33:15 - INFO - Merged dataset preprocessed successfully.
2024-08-01 15:33:15 - INFO - Creating demographic subsets from preprocessed data...
2024-08-01 15:33:27 - INFO - Created 11 subsets successfully.
2024-08-01 15:33:27 - INFO - Creating merged subsets from create_demographics_dfs function
2024-08-01 15:33:27 - INFO - Created 11 merged subsets successfully.
2024-08-01 15:33:27 - INFO - Subset 1 demographic makeup: 500 1, 248 3, 150 2, 102 4
2024-08-01 15:33:27 - INFO - Processing subset 1...
2024-08-01 15:33:27 - INFO - -----------------------------
2024-08-01 15:33:27 - INFO - TRAIN MODEL STAGE STARTING FOR SUBSET 1...
2024-08-01 15:33:27 - INFO - -----------------------------
2024-08-01 15:33:27 - INFO - Scaling features and applying LASSO for feature selection...
2024-08-01 15:33:30 - INFO - Selected features (including required): ['who', 'RaceEth', 'age', 'is_female', 'is_hispanic', 'unemployed', 'unstableliving', 'education', 'marital', 'UDS_Amphetamine_Count', 'UDS_Benzodiazepine_Count', 'UDS_Buprenorphine_Count', 'UDS_Cocaine_Count', 'UDS_Methadone_Count', 'UDS_Opioid_Count', 'UDS_Sedatives_Count', 'UDS_Thc_Count', 'pain', 'has_schizophrenia', 'has_major_dep', 'has_bipolar', 'has_anx_pan', 'has_brain_damage', 'has_epilepsy', 'has_alcol_dx', 'has_amphetamines_dx', 'has_cannabis_dx', 'has_cocaine_dx', 'has_sedatives_dx', 'ftnd', 'XTRT', 'shared', 'rbsivheroin', 'TLFB_Alcohol_Count', 'TLFB_Amphetamine_Count', 'TLFB_Benzodiazepine_Count', 'TLFB_Buprenorphine_Count', 'TLFB_Cocaine_Count', 'TLFB_Heroin_Count', 'TLFB_Methadone_Count', 'TLFB_Opioid_Count', 'TLFB_THC_Count', 'TLFB_Other', 'Homosexual_Behavior', 'Non_monogamous_Relationships']
2024-08-01 15:33:30 - INFO - Fitting logistic regression model with the selected features...
2024-08-01 15:33:32 - INFO - Model training completed successfully.
2024-08-01 15:33:32 - INFO - Calculating the dynamic threshold based on the proportion of positive outcomes...
2024-08-01 15:33:32 - INFO - Ratio of 1s to 0s in the outcome variable: 0.80 : 0.20
2024-08-01 15:33:32 - INFO - Dynamic threshold set to: 0.804
2024-08-01 15:33:32 - INFO - Model trained and saved successfully for subset 1.
2024-08-01 15:33:32 - INFO - ---------------------------
2024-08-01 15:33:32 - INFO - TRAIN MODEL STAGE COMPLETED FOR SUBSET 1
2024-08-01 15:33:32 - INFO - ---------------------------
2024-08-01 15:33:32 - INFO - --------------------------------
2024-08-01 15:33:32 - INFO - EVALUATE MODEL STAGE STARTING FOR SUBSET 1...
2024-08-01 15:33:32 - INFO - --------------------------------
2024-08-01 15:33:32 - INFO - ROC AUC Score: 0.6564118184587268
2024-08-01 15:33:32 - INFO - Confusion Matrix: 
[[ 25  24]
 [ 52 149]]
2024-08-01 15:33:32 - INFO - Precision: 0.861271676300578
2024-08-01 15:33:32 - INFO - Recall: 0.7412935323383084
2024-08-01 15:33:32 - INFO - Model evaluated successfully for subset 1.
2024-08-01 15:33:32 - INFO - ------------------------------
2024-08-01 15:33:32 - INFO - EVALUATE MODEL STAGE COMPLETED FOR SUBSET 1
2024-08-01 15:33:32 - INFO - ------------------------------
2024-08-01 15:33:32 - INFO - Subset 2 demographic makeup: 550 1, 222 3, 133 2, 95 4
2024-08-01 15:33:32 - INFO - Processing subset 2...
2024-08-01 15:33:32 - INFO - -----------------------------
2024-08-01 15:33:32 - INFO - TRAIN MODEL STAGE STARTING FOR SUBSET 2...
2024-08-01 15:33:32 - INFO - -----------------------------
2024-08-01 15:33:32 - INFO - Scaling features and applying LASSO for feature selection...
2024-08-01 15:33:34 - INFO - Selected features (including required): ['who', 'RaceEth', 'age', 'is_female', 'is_hispanic', 'unemployed', 'unstableliving', 'education', 'marital', 'UDS_Amphetamine_Count', 'UDS_Benzodiazepine_Count', 'UDS_Buprenorphine_Count', 'UDS_Cocaine_Count', 'UDS_Methadone_Count', 'UDS_Opioid_Count', 'UDS_Sedatives_Count', 'UDS_Thc_Count', 'pain', 'has_schizophrenia', 'has_major_dep', 'has_bipolar', 'has_anx_pan', 'has_brain_damage', 'has_epilepsy', 'has_alcol_dx', 'has_amphetamines_dx', 'has_cannabis_dx', 'has_cocaine_dx', 'has_sedatives_dx', 'ftnd', 'XTRT', 'shared', 'rbsivheroin', 'TLFB_Alcohol_Count', 'TLFB_Amphetamine_Count', 'TLFB_Benzodiazepine_Count', 'TLFB_Buprenorphine_Count', 'TLFB_Cocaine_Count', 'TLFB_Heroin_Count', 'TLFB_Methadone_Count', 'TLFB_Opioid_Count', 'TLFB_THC_Count', 'TLFB_Other', 'Homosexual_Behavior', 'Non_monogamous_Relationships']
2024-08-01 15:33:34 - INFO - Fitting logistic regression model with the selected features...
2024-08-01 15:33:34 - INFO - Model training completed successfully.
2024-08-01 15:33:34 - INFO - Calculating the dynamic threshold based on the proportion of positive outcomes...
2024-08-01 15:33:34 - INFO - Ratio of 1s to 0s in the outcome variable: 0.85 : 0.15
2024-08-01 15:33:34 - INFO - Dynamic threshold set to: 0.848
2024-08-01 15:33:34 - INFO - Model trained and saved successfully for subset 2.
2024-08-01 15:33:34 - INFO - ---------------------------
2024-08-01 15:33:34 - INFO - TRAIN MODEL STAGE COMPLETED FOR SUBSET 2
2024-08-01 15:33:34 - INFO - ---------------------------
2024-08-01 15:33:34 - INFO - --------------------------------
2024-08-01 15:33:34 - INFO - EVALUATE MODEL STAGE STARTING FOR SUBSET 2...
2024-08-01 15:33:34 - INFO - --------------------------------
2024-08-01 15:33:35 - INFO - ROC AUC Score: 0.6104766633565045
2024-08-01 15:33:35 - INFO - Confusion Matrix: 
[[ 21  17]
 [ 86 126]]
2024-08-01 15:33:35 - INFO - Precision: 0.8811188811188811
2024-08-01 15:33:35 - INFO - Recall: 0.5943396226415094
2024-08-01 15:33:35 - INFO - Model evaluated successfully for subset 2.
2024-08-01 15:33:35 - INFO - ------------------------------
2024-08-01 15:33:35 - INFO - EVALUATE MODEL STAGE COMPLETED FOR SUBSET 2
2024-08-01 15:33:35 - INFO - ------------------------------
2024-08-01 15:33:35 - INFO - Subset 3 demographic makeup: 600 1, 199 3, 117 2, 84 4
2024-08-01 15:33:35 - INFO - Processing subset 3...
2024-08-01 15:33:35 - INFO - -----------------------------
2024-08-01 15:33:35 - INFO - TRAIN MODEL STAGE STARTING FOR SUBSET 3...
2024-08-01 15:33:35 - INFO - -----------------------------
2024-08-01 15:33:35 - INFO - Scaling features and applying LASSO for feature selection...
2024-08-01 15:33:35 - INFO - Selected features (including required): ['who', 'RaceEth', 'age', 'is_female', 'is_hispanic', 'unemployed', 'unstableliving', 'education', 'marital', 'UDS_Amphetamine_Count', 'UDS_Benzodiazepine_Count', 'UDS_Buprenorphine_Count', 'UDS_Cocaine_Count', 'UDS_Methadone_Count', 'UDS_Opioid_Count', 'UDS_Sedatives_Count', 'UDS_Thc_Count', 'pain', 'has_schizophrenia', 'has_major_dep', 'has_bipolar', 'has_anx_pan', 'has_brain_damage', 'has_epilepsy', 'has_alcol_dx', 'has_amphetamines_dx', 'has_cannabis_dx', 'has_cocaine_dx', 'has_sedatives_dx', 'ftnd', 'XTRT', 'shared', 'rbsivheroin', 'TLFB_Alcohol_Count', 'TLFB_Amphetamine_Count', 'TLFB_Benzodiazepine_Count', 'TLFB_Buprenorphine_Count', 'TLFB_Cocaine_Count', 'TLFB_Heroin_Count', 'TLFB_Methadone_Count', 'TLFB_Opioid_Count', 'TLFB_THC_Count', 'TLFB_Other', 'Homosexual_Behavior', 'Non_monogamous_Relationships']
2024-08-01 15:33:35 - INFO - Fitting logistic regression model with the selected features...
2024-08-01 15:33:35 - INFO - Model training completed successfully.
2024-08-01 15:33:35 - INFO - Calculating the dynamic threshold based on the proportion of positive outcomes...
2024-08-01 15:33:35 - INFO - Ratio of 1s to 0s in the outcome variable: 0.79 : 0.21
2024-08-01 15:33:35 - INFO - Dynamic threshold set to: 0.792
2024-08-01 15:33:35 - INFO - Model trained and saved successfully for subset 3.
2024-08-01 15:33:35 - INFO - ---------------------------
2024-08-01 15:33:35 - INFO - TRAIN MODEL STAGE COMPLETED FOR SUBSET 3
2024-08-01 15:33:35 - INFO - ---------------------------
2024-08-01 15:33:35 - INFO - --------------------------------
2024-08-01 15:33:35 - INFO - EVALUATE MODEL STAGE STARTING FOR SUBSET 3...
2024-08-01 15:33:35 - INFO - --------------------------------
2024-08-01 15:33:36 - INFO - ROC AUC Score: 0.7125097125097125
2024-08-01 15:33:36 - INFO - Confusion Matrix: 
[[ 24  28]
 [ 42 156]]
2024-08-01 15:33:36 - INFO - Precision: 0.8478260869565217
2024-08-01 15:33:36 - INFO - Recall: 0.7878787878787878
2024-08-01 15:33:36 - INFO - Model evaluated successfully for subset 3.
2024-08-01 15:33:36 - INFO - ------------------------------
2024-08-01 15:33:36 - INFO - EVALUATE MODEL STAGE COMPLETED FOR SUBSET 3
2024-08-01 15:33:36 - INFO - ------------------------------
2024-08-01 15:33:36 - INFO - Subset 4 demographic makeup: 650 1, 174 3, 102 2, 74 4
2024-08-01 15:33:36 - INFO - Processing subset 4...
2024-08-01 15:33:36 - INFO - -----------------------------
2024-08-01 15:33:36 - INFO - TRAIN MODEL STAGE STARTING FOR SUBSET 4...
2024-08-01 15:33:36 - INFO - -----------------------------
2024-08-01 15:33:36 - INFO - Scaling features and applying LASSO for feature selection...
2024-08-01 15:33:36 - INFO - Selected features (including required): ['who', 'RaceEth', 'age', 'is_female', 'is_hispanic', 'unemployed', 'unstableliving', 'education', 'marital', 'UDS_Amphetamine_Count', 'UDS_Benzodiazepine_Count', 'UDS_Buprenorphine_Count', 'UDS_Cocaine_Count', 'UDS_Methadone_Count', 'UDS_Opioid_Count', 'UDS_Sedatives_Count', 'UDS_Thc_Count', 'pain', 'has_schizophrenia', 'has_major_dep', 'has_bipolar', 'has_anx_pan', 'has_brain_damage', 'has_epilepsy', 'has_alcol_dx', 'has_amphetamines_dx', 'has_cannabis_dx', 'has_cocaine_dx', 'has_sedatives_dx', 'ftnd', 'XTRT', 'shared', 'rbsivheroin', 'TLFB_Alcohol_Count', 'TLFB_Amphetamine_Count', 'TLFB_Benzodiazepine_Count', 'TLFB_Buprenorphine_Count', 'TLFB_Cocaine_Count', 'TLFB_Heroin_Count', 'TLFB_Methadone_Count', 'TLFB_Opioid_Count', 'TLFB_THC_Count', 'TLFB_Other', 'Homosexual_Behavior', 'Non_monogamous_Relationships']
2024-08-01 15:33:36 - INFO - Fitting logistic regression model with the selected features...
2024-08-01 15:33:38 - INFO - Model training completed successfully.
2024-08-01 15:33:38 - INFO - Calculating the dynamic threshold based on the proportion of positive outcomes...
2024-08-01 15:33:38 - INFO - Ratio of 1s to 0s in the outcome variable: 0.86 : 0.14
2024-08-01 15:33:38 - INFO - Dynamic threshold set to: 0.864
2024-08-01 15:33:38 - INFO - Model trained and saved successfully for subset 4.
2024-08-01 15:33:38 - INFO - ---------------------------
2024-08-01 15:33:38 - INFO - TRAIN MODEL STAGE COMPLETED FOR SUBSET 4
2024-08-01 15:33:38 - INFO - ---------------------------
2024-08-01 15:33:38 - INFO - --------------------------------
2024-08-01 15:33:38 - INFO - EVALUATE MODEL STAGE STARTING FOR SUBSET 4...
2024-08-01 15:33:38 - INFO - --------------------------------
2024-08-01 15:33:38 - INFO - ROC AUC Score: 0.5686274509803921
2024-08-01 15:33:38 - INFO - Confusion Matrix: 
[[ 20  14]
 [102 114]]
2024-08-01 15:33:38 - INFO - Precision: 0.890625
2024-08-01 15:33:38 - INFO - Recall: 0.5277777777777778
2024-08-01 15:33:38 - INFO - Model evaluated successfully for subset 4.
2024-08-01 15:33:38 - INFO - ------------------------------
2024-08-01 15:33:38 - INFO - EVALUATE MODEL STAGE COMPLETED FOR SUBSET 4
2024-08-01 15:33:38 - INFO - ------------------------------
2024-08-01 15:33:38 - INFO - Subset 5 demographic makeup: 700 1, 148 3, 86 2, 66 4
2024-08-01 15:33:38 - INFO - Processing subset 5...
2024-08-01 15:33:38 - INFO - -----------------------------
2024-08-01 15:33:38 - INFO - TRAIN MODEL STAGE STARTING FOR SUBSET 5...
2024-08-01 15:33:38 - INFO - -----------------------------
2024-08-01 15:33:38 - INFO - Scaling features and applying LASSO for feature selection...
2024-08-01 15:33:39 - INFO - Selected features (including required): ['who', 'RaceEth', 'age', 'is_female', 'is_hispanic', 'unemployed', 'unstableliving', 'education', 'marital', 'UDS_Amphetamine_Count', 'UDS_Benzodiazepine_Count', 'UDS_Buprenorphine_Count', 'UDS_Cocaine_Count', 'UDS_Methadone_Count', 'UDS_Opioid_Count', 'UDS_Sedatives_Count', 'UDS_Thc_Count', 'pain', 'has_schizophrenia', 'has_major_dep', 'has_bipolar', 'has_anx_pan', 'has_brain_damage', 'has_epilepsy', 'has_alcol_dx', 'has_amphetamines_dx', 'has_cannabis_dx', 'has_cocaine_dx', 'has_sedatives_dx', 'ftnd', 'XTRT', 'shared', 'rbsivheroin', 'TLFB_Alcohol_Count', 'TLFB_Amphetamine_Count', 'TLFB_Benzodiazepine_Count', 'TLFB_Buprenorphine_Count', 'TLFB_Cocaine_Count', 'TLFB_Heroin_Count', 'TLFB_Methadone_Count', 'TLFB_Opioid_Count', 'TLFB_THC_Count', 'TLFB_Other', 'Homosexual_Behavior', 'Non_monogamous_Relationships']
2024-08-01 15:33:39 - INFO - Fitting logistic regression model with the selected features...
2024-08-01 15:33:39 - INFO - Model training completed successfully.
2024-08-01 15:33:39 - INFO - Calculating the dynamic threshold based on the proportion of positive outcomes...
2024-08-01 15:33:39 - INFO - Ratio of 1s to 0s in the outcome variable: 0.82 : 0.18
2024-08-01 15:33:39 - INFO - Dynamic threshold set to: 0.82
2024-08-01 15:33:39 - INFO - Model trained and saved successfully for subset 5.
2024-08-01 15:33:39 - INFO - ---------------------------
2024-08-01 15:33:39 - INFO - TRAIN MODEL STAGE COMPLETED FOR SUBSET 5
2024-08-01 15:33:39 - INFO - ---------------------------
2024-08-01 15:33:39 - INFO - --------------------------------
2024-08-01 15:33:39 - INFO - EVALUATE MODEL STAGE STARTING FOR SUBSET 5...
2024-08-01 15:33:39 - INFO - --------------------------------
2024-08-01 15:33:39 - INFO - ROC AUC Score: 0.6036856368563686
2024-08-01 15:33:39 - INFO - Confusion Matrix: 
[[ 22  23]
 [ 75 130]]
2024-08-01 15:33:39 - INFO - Precision: 0.8496732026143791
2024-08-01 15:33:39 - INFO - Recall: 0.6341463414634146
2024-08-01 15:33:39 - INFO - Model evaluated successfully for subset 5.
2024-08-01 15:33:39 - INFO - ------------------------------
2024-08-01 15:33:39 - INFO - EVALUATE MODEL STAGE COMPLETED FOR SUBSET 5
2024-08-01 15:33:39 - INFO - ------------------------------
2024-08-01 15:33:39 - INFO - Subset 6 demographic makeup: 750 1, 122 3, 72 2, 56 4
2024-08-01 15:33:39 - INFO - Processing subset 6...
2024-08-01 15:33:39 - INFO - -----------------------------
2024-08-01 15:33:39 - INFO - TRAIN MODEL STAGE STARTING FOR SUBSET 6...
2024-08-01 15:33:39 - INFO - -----------------------------
2024-08-01 15:33:39 - INFO - Scaling features and applying LASSO for feature selection...
2024-08-01 15:33:41 - INFO - Selected features (including required): ['who', 'RaceEth', 'age', 'is_female', 'is_hispanic', 'unemployed', 'unstableliving', 'education', 'marital', 'UDS_Amphetamine_Count', 'UDS_Benzodiazepine_Count', 'UDS_Buprenorphine_Count', 'UDS_Cocaine_Count', 'UDS_Methadone_Count', 'UDS_Opioid_Count', 'UDS_Sedatives_Count', 'UDS_Thc_Count', 'pain', 'has_schizophrenia', 'has_major_dep', 'has_bipolar', 'has_anx_pan', 'has_brain_damage', 'has_epilepsy', 'has_alcol_dx', 'has_amphetamines_dx', 'has_cannabis_dx', 'has_cocaine_dx', 'has_sedatives_dx', 'ftnd', 'XTRT', 'shared', 'rbsivheroin', 'TLFB_Alcohol_Count', 'TLFB_Amphetamine_Count', 'TLFB_Benzodiazepine_Count', 'TLFB_Buprenorphine_Count', 'TLFB_Cocaine_Count', 'TLFB_Heroin_Count', 'TLFB_Methadone_Count', 'TLFB_Opioid_Count', 'TLFB_THC_Count', 'TLFB_Other', 'Homosexual_Behavior', 'Non_monogamous_Relationships']
2024-08-01 15:33:41 - INFO - Fitting logistic regression model with the selected features...
2024-08-01 15:33:42 - INFO - Model training completed successfully.
2024-08-01 15:33:42 - INFO - Calculating the dynamic threshold based on the proportion of positive outcomes...
2024-08-01 15:33:42 - INFO - Ratio of 1s to 0s in the outcome variable: 0.83 : 0.17
2024-08-01 15:33:42 - INFO - Dynamic threshold set to: 0.832
2024-08-01 15:33:42 - INFO - Model trained and saved successfully for subset 6.
2024-08-01 15:33:42 - INFO - ---------------------------
2024-08-01 15:33:42 - INFO - TRAIN MODEL STAGE COMPLETED FOR SUBSET 6
2024-08-01 15:33:42 - INFO - ---------------------------
2024-08-01 15:33:42 - INFO - --------------------------------
2024-08-01 15:33:42 - INFO - EVALUATE MODEL STAGE STARTING FOR SUBSET 6...
2024-08-01 15:33:42 - INFO - --------------------------------
2024-08-01 15:33:42 - INFO - ROC AUC Score: 0.7063873626373627
2024-08-01 15:33:42 - INFO - Confusion Matrix: 
[[ 25  17]
 [ 75 133]]
2024-08-01 15:33:42 - INFO - Precision: 0.8866666666666667
2024-08-01 15:33:42 - INFO - Recall: 0.6394230769230769
2024-08-01 15:33:42 - INFO - Model evaluated successfully for subset 6.
2024-08-01 15:33:42 - INFO - ------------------------------
2024-08-01 15:33:42 - INFO - EVALUATE MODEL STAGE COMPLETED FOR SUBSET 6
2024-08-01 15:33:42 - INFO - ------------------------------
2024-08-01 15:33:42 - INFO - Subset 7 demographic makeup: 800 1, 96 3, 59 2, 45 4
2024-08-01 15:33:42 - INFO - Processing subset 7...
2024-08-01 15:33:42 - INFO - -----------------------------
2024-08-01 15:33:42 - INFO - TRAIN MODEL STAGE STARTING FOR SUBSET 7...
2024-08-01 15:33:42 - INFO - -----------------------------
2024-08-01 15:33:42 - INFO - Scaling features and applying LASSO for feature selection...
2024-08-01 15:33:46 - INFO - Selected features (including required): ['who', 'RaceEth', 'age', 'is_female', 'is_hispanic', 'unemployed', 'unstableliving', 'education', 'marital', 'UDS_Amphetamine_Count', 'UDS_Benzodiazepine_Count', 'UDS_Buprenorphine_Count', 'UDS_Cocaine_Count', 'UDS_Methadone_Count', 'UDS_Opioid_Count', 'UDS_Sedatives_Count', 'UDS_Thc_Count', 'pain', 'has_schizophrenia', 'has_major_dep', 'has_bipolar', 'has_anx_pan', 'has_brain_damage', 'has_epilepsy', 'has_alcol_dx', 'has_amphetamines_dx', 'has_cannabis_dx', 'has_cocaine_dx', 'has_sedatives_dx', 'ftnd', 'XTRT', 'shared', 'rbsivheroin', 'TLFB_Alcohol_Count', 'TLFB_Amphetamine_Count', 'TLFB_Benzodiazepine_Count', 'TLFB_Buprenorphine_Count', 'TLFB_Cocaine_Count', 'TLFB_Heroin_Count', 'TLFB_Methadone_Count', 'TLFB_Opioid_Count', 'TLFB_THC_Count', 'TLFB_Other', 'Homosexual_Behavior', 'Non_monogamous_Relationships']
2024-08-01 15:33:46 - INFO - Fitting logistic regression model with the selected features...
2024-08-01 15:33:46 - INFO - Model training completed successfully.
2024-08-01 15:33:46 - INFO - Calculating the dynamic threshold based on the proportion of positive outcomes...
2024-08-01 15:33:46 - INFO - Ratio of 1s to 0s in the outcome variable: 0.80 : 0.20
2024-08-01 15:33:46 - INFO - Dynamic threshold set to: 0.796
2024-08-01 15:33:46 - INFO - Model trained and saved successfully for subset 7.
2024-08-01 15:33:46 - INFO - ---------------------------
2024-08-01 15:33:46 - INFO - TRAIN MODEL STAGE COMPLETED FOR SUBSET 7
2024-08-01 15:33:46 - INFO - ---------------------------
2024-08-01 15:33:46 - INFO - --------------------------------
2024-08-01 15:33:46 - INFO - EVALUATE MODEL STAGE STARTING FOR SUBSET 7...
2024-08-01 15:33:46 - INFO - --------------------------------
2024-08-01 15:33:46 - INFO - ROC AUC Score: 0.7163267316977042
2024-08-01 15:33:46 - INFO - Confusion Matrix: 
[[ 29  22]
 [ 58 141]]
2024-08-01 15:33:46 - INFO - Precision: 0.8650306748466258
2024-08-01 15:33:46 - INFO - Recall: 0.7085427135678392
2024-08-01 15:33:46 - INFO - Model evaluated successfully for subset 7.
2024-08-01 15:33:46 - INFO - ------------------------------
2024-08-01 15:33:46 - INFO - EVALUATE MODEL STAGE COMPLETED FOR SUBSET 7
2024-08-01 15:33:46 - INFO - ------------------------------
2024-08-01 15:33:46 - INFO - Subset 8 demographic makeup: 850 1, 69 3, 44 2, 37 4
2024-08-01 15:33:46 - INFO - Processing subset 8...
2024-08-01 15:33:46 - INFO - -----------------------------
2024-08-01 15:33:46 - INFO - TRAIN MODEL STAGE STARTING FOR SUBSET 8...
2024-08-01 15:33:46 - INFO - -----------------------------
2024-08-01 15:33:46 - INFO - Scaling features and applying LASSO for feature selection...
2024-08-01 15:33:48 - INFO - Selected features (including required): ['who', 'RaceEth', 'age', 'is_female', 'is_hispanic', 'unemployed', 'unstableliving', 'education', 'marital', 'UDS_Amphetamine_Count', 'UDS_Benzodiazepine_Count', 'UDS_Buprenorphine_Count', 'UDS_Cocaine_Count', 'UDS_Methadone_Count', 'UDS_Opioid_Count', 'UDS_Sedatives_Count', 'UDS_Thc_Count', 'pain', 'has_schizophrenia', 'has_major_dep', 'has_bipolar', 'has_anx_pan', 'has_brain_damage', 'has_epilepsy', 'has_alcol_dx', 'has_amphetamines_dx', 'has_cannabis_dx', 'has_cocaine_dx', 'has_sedatives_dx', 'ftnd', 'XTRT', 'shared', 'rbsivheroin', 'TLFB_Alcohol_Count', 'TLFB_Amphetamine_Count', 'TLFB_Benzodiazepine_Count', 'TLFB_Buprenorphine_Count', 'TLFB_Cocaine_Count', 'TLFB_Heroin_Count', 'TLFB_Methadone_Count', 'TLFB_Opioid_Count', 'TLFB_THC_Count', 'TLFB_Other', 'Homosexual_Behavior', 'Non_monogamous_Relationships']
2024-08-01 15:33:48 - INFO - Fitting logistic regression model with the selected features...
2024-08-01 15:33:49 - INFO - Model training completed successfully.
2024-08-01 15:33:49 - INFO - Calculating the dynamic threshold based on the proportion of positive outcomes...
2024-08-01 15:33:49 - INFO - Ratio of 1s to 0s in the outcome variable: 0.83 : 0.17
2024-08-01 15:33:49 - INFO - Dynamic threshold set to: 0.832
2024-08-01 15:33:49 - INFO - Model trained and saved successfully for subset 8.
2024-08-01 15:33:49 - INFO - ---------------------------
2024-08-01 15:33:49 - INFO - TRAIN MODEL STAGE COMPLETED FOR SUBSET 8
2024-08-01 15:33:49 - INFO - ---------------------------
2024-08-01 15:33:49 - INFO - --------------------------------
2024-08-01 15:33:49 - INFO - EVALUATE MODEL STAGE STARTING FOR SUBSET 8...
2024-08-01 15:33:49 - INFO - --------------------------------
2024-08-01 15:33:49 - INFO - ROC AUC Score: 0.7226419413919414
2024-08-01 15:33:49 - INFO - Confusion Matrix: 
[[ 30  12]
 [ 88 120]]
2024-08-01 15:33:49 - INFO - Precision: 0.9090909090909091
2024-08-01 15:33:49 - INFO - Recall: 0.5769230769230769
2024-08-01 15:33:49 - INFO - Model evaluated successfully for subset 8.
2024-08-01 15:33:49 - INFO - ------------------------------
2024-08-01 15:33:49 - INFO - EVALUATE MODEL STAGE COMPLETED FOR SUBSET 8
2024-08-01 15:33:49 - INFO - ------------------------------
2024-08-01 15:33:49 - INFO - Subset 9 demographic makeup: 900 1, 47 3, 30 2, 23 4
2024-08-01 15:33:49 - INFO - Processing subset 9...
2024-08-01 15:33:49 - INFO - -----------------------------
2024-08-01 15:33:49 - INFO - TRAIN MODEL STAGE STARTING FOR SUBSET 9...
2024-08-01 15:33:49 - INFO - -----------------------------
2024-08-01 15:33:49 - INFO - Scaling features and applying LASSO for feature selection...
2024-08-01 15:33:51 - INFO - Selected features (including required): ['who', 'RaceEth', 'age', 'is_female', 'is_hispanic', 'unemployed', 'unstableliving', 'education', 'marital', 'UDS_Amphetamine_Count', 'UDS_Benzodiazepine_Count', 'UDS_Buprenorphine_Count', 'UDS_Cocaine_Count', 'UDS_Methadone_Count', 'UDS_Opioid_Count', 'UDS_Sedatives_Count', 'UDS_Thc_Count', 'pain', 'has_schizophrenia', 'has_major_dep', 'has_bipolar', 'has_anx_pan', 'has_brain_damage', 'has_epilepsy', 'has_alcol_dx', 'has_amphetamines_dx', 'has_cannabis_dx', 'has_cocaine_dx', 'has_sedatives_dx', 'ftnd', 'XTRT', 'shared', 'rbsivheroin', 'TLFB_Alcohol_Count', 'TLFB_Amphetamine_Count', 'TLFB_Benzodiazepine_Count', 'TLFB_Buprenorphine_Count', 'TLFB_Cocaine_Count', 'TLFB_Heroin_Count', 'TLFB_Methadone_Count', 'TLFB_Opioid_Count', 'TLFB_THC_Count', 'TLFB_Other', 'Homosexual_Behavior', 'Non_monogamous_Relationships']
2024-08-01 15:33:51 - INFO - Fitting logistic regression model with the selected features...
2024-08-01 15:33:54 - INFO - Model training completed successfully.
2024-08-01 15:33:54 - INFO - Calculating the dynamic threshold based on the proportion of positive outcomes...
2024-08-01 15:33:54 - INFO - Ratio of 1s to 0s in the outcome variable: 0.82 : 0.18
2024-08-01 15:33:54 - INFO - Dynamic threshold set to: 0.824
2024-08-01 15:33:54 - INFO - Model trained and saved successfully for subset 9.
2024-08-01 15:33:54 - INFO - ---------------------------
2024-08-01 15:33:54 - INFO - TRAIN MODEL STAGE COMPLETED FOR SUBSET 9
2024-08-01 15:33:54 - INFO - ---------------------------
2024-08-01 15:33:54 - INFO - --------------------------------
2024-08-01 15:33:54 - INFO - EVALUATE MODEL STAGE STARTING FOR SUBSET 9...
2024-08-01 15:33:54 - INFO - --------------------------------
2024-08-01 15:33:54 - INFO - ROC AUC Score: 0.68909973521624
2024-08-01 15:33:54 - INFO - Confusion Matrix: 
[[ 29  15]
 [ 78 128]]
2024-08-01 15:33:54 - INFO - Precision: 0.8951048951048951
2024-08-01 15:33:54 - INFO - Recall: 0.6213592233009708
2024-08-01 15:33:54 - INFO - Model evaluated successfully for subset 9.
2024-08-01 15:33:54 - INFO - ------------------------------
2024-08-01 15:33:54 - INFO - EVALUATE MODEL STAGE COMPLETED FOR SUBSET 9
2024-08-01 15:33:54 - INFO - ------------------------------
2024-08-01 15:33:54 - INFO - Subset 10 demographic makeup: 950 1, 24 3, 16 2, 10 4
2024-08-01 15:33:54 - INFO - Processing subset 10...
2024-08-01 15:33:54 - INFO - -----------------------------
2024-08-01 15:33:54 - INFO - TRAIN MODEL STAGE STARTING FOR SUBSET 10...
2024-08-01 15:33:54 - INFO - -----------------------------
2024-08-01 15:33:54 - INFO - Scaling features and applying LASSO for feature selection...
2024-08-01 15:33:56 - INFO - Selected features (including required): ['who', 'RaceEth', 'age', 'is_female', 'is_hispanic', 'unemployed', 'unstableliving', 'education', 'marital', 'UDS_Amphetamine_Count', 'UDS_Benzodiazepine_Count', 'UDS_Buprenorphine_Count', 'UDS_Cocaine_Count', 'UDS_Methadone_Count', 'UDS_Opioid_Count', 'UDS_Sedatives_Count', 'UDS_Thc_Count', 'pain', 'has_schizophrenia', 'has_major_dep', 'has_bipolar', 'has_anx_pan', 'has_brain_damage', 'has_epilepsy', 'has_alcol_dx', 'has_amphetamines_dx', 'has_cannabis_dx', 'has_cocaine_dx', 'has_sedatives_dx', 'ftnd', 'XTRT', 'shared', 'rbsivheroin', 'TLFB_Alcohol_Count', 'TLFB_Amphetamine_Count', 'TLFB_Benzodiazepine_Count', 'TLFB_Buprenorphine_Count', 'TLFB_Cocaine_Count', 'TLFB_Heroin_Count', 'TLFB_Methadone_Count', 'TLFB_Opioid_Count', 'TLFB_THC_Count', 'TLFB_Other', 'Homosexual_Behavior', 'Non_monogamous_Relationships']
2024-08-01 15:33:56 - INFO - Fitting logistic regression model with the selected features...
2024-08-01 15:33:57 - INFO - Model training completed successfully.
2024-08-01 15:33:57 - INFO - Calculating the dynamic threshold based on the proportion of positive outcomes...
2024-08-01 15:33:57 - INFO - Ratio of 1s to 0s in the outcome variable: 0.85 : 0.15
2024-08-01 15:33:57 - INFO - Dynamic threshold set to: 0.852
2024-08-01 15:33:57 - INFO - Model trained and saved successfully for subset 10.
2024-08-01 15:33:57 - INFO - ---------------------------
2024-08-01 15:33:57 - INFO - TRAIN MODEL STAGE COMPLETED FOR SUBSET 10
2024-08-01 15:33:57 - INFO - ---------------------------
2024-08-01 15:33:57 - INFO - --------------------------------
2024-08-01 15:33:57 - INFO - EVALUATE MODEL STAGE STARTING FOR SUBSET 10...
2024-08-01 15:33:57 - INFO - --------------------------------
2024-08-01 15:33:57 - INFO - ROC AUC Score: 0.712092374064205
2024-08-01 15:33:57 - INFO - Confusion Matrix: 
[[ 30   7]
 [ 97 116]]
2024-08-01 15:33:57 - INFO - Precision: 0.943089430894309
2024-08-01 15:33:57 - INFO - Recall: 0.5446009389671361
2024-08-01 15:33:57 - INFO - Model evaluated successfully for subset 10.
2024-08-01 15:33:57 - INFO - ------------------------------
2024-08-01 15:33:57 - INFO - EVALUATE MODEL STAGE COMPLETED FOR SUBSET 10
2024-08-01 15:33:57 - INFO - ------------------------------
2024-08-01 15:33:57 - INFO - Subset 11 demographic makeup: 1000 1
2024-08-01 15:33:57 - INFO - Processing subset 11...
2024-08-01 15:33:57 - INFO - -----------------------------
2024-08-01 15:33:57 - INFO - TRAIN MODEL STAGE STARTING FOR SUBSET 11...
2024-08-01 15:33:57 - INFO - -----------------------------
2024-08-01 15:33:57 - INFO - Scaling features and applying LASSO for feature selection...
2024-08-01 15:33:58 - INFO - Selected features (including required): ['who', 'age', 'is_female', 'unemployed', 'unstableliving', 'education', 'marital', 'UDS_Amphetamine_Count', 'UDS_Benzodiazepine_Count', 'UDS_Buprenorphine_Count', 'UDS_Cocaine_Count', 'UDS_Methadone_Count', 'UDS_Opioid_Count', 'UDS_Sedatives_Count', 'UDS_Thc_Count', 'pain', 'has_schizophrenia', 'has_major_dep', 'has_bipolar', 'has_anx_pan', 'has_brain_damage', 'has_epilepsy', 'has_alcol_dx', 'has_amphetamines_dx', 'has_cannabis_dx', 'has_cocaine_dx', 'has_sedatives_dx', 'ftnd', 'XTRT', 'shared', 'rbsivheroin', 'TLFB_Alcohol_Count', 'TLFB_Amphetamine_Count', 'TLFB_Benzodiazepine_Count', 'TLFB_Buprenorphine_Count', 'TLFB_Cocaine_Count', 'TLFB_Heroin_Count', 'TLFB_Methadone_Count', 'TLFB_Opioid_Count', 'TLFB_THC_Count', 'TLFB_Other', 'Homosexual_Behavior', 'Non_monogamous_Relationships']
2024-08-01 15:33:58 - INFO - Fitting logistic regression model with the selected features...
2024-08-01 15:33:59 - INFO - Model training completed successfully.
2024-08-01 15:33:59 - INFO - Calculating the dynamic threshold based on the proportion of positive outcomes...
2024-08-01 15:33:59 - INFO - Ratio of 1s to 0s in the outcome variable: 0.80 : 0.20
2024-08-01 15:33:59 - INFO - Dynamic threshold set to: 0.8
2024-08-01 15:33:59 - INFO - Model trained and saved successfully for subset 11.
2024-08-01 15:33:59 - INFO - ---------------------------
2024-08-01 15:33:59 - INFO - TRAIN MODEL STAGE COMPLETED FOR SUBSET 11
2024-08-01 15:33:59 - INFO - ---------------------------
2024-08-01 15:33:59 - INFO - --------------------------------
2024-08-01 15:33:59 - INFO - EVALUATE MODEL STAGE STARTING FOR SUBSET 11...
2024-08-01 15:33:59 - INFO - --------------------------------
2024-08-01 15:33:59 - INFO - ROC AUC Score: 0.7106
2024-08-01 15:33:59 - INFO - Confusion Matrix: 
[[ 27  23]
 [ 61 139]]
2024-08-01 15:33:59 - INFO - Precision: 0.8580246913580247
2024-08-01 15:33:59 - INFO - Recall: 0.695
2024-08-01 15:33:59 - INFO - Model evaluated successfully for subset 11.
2024-08-01 15:33:59 - INFO - ------------------------------
2024-08-01 15:33:59 - INFO - EVALUATE MODEL STAGE COMPLETED FOR SUBSET 11
2024-08-01 15:33:59 - INFO - ------------------------------
2024-08-01 15:33:59 - INFO - ------------------
2024-08-01 15:33:59 - INFO - PIPELINE COMPLETED
2024-08-01 15:33:59 - INFO - ------------------
