2024-08-14 12:41:09,600 - INFO - Global Seed set to: 1
2024-08-14 12:41:09,600 - INFO - Outcome Name: Rs_krupitsky_2004
2024-08-14 12:41:09,713 - INFO - Datasets loaded successfully.
2024-08-14 12:41:09,733 - INFO - Starting preprocessing of the merged dataset...
2024-08-14 12:41:09,734 - INFO - ---------------------------------
2024-08-14 12:41:09,740 - INFO - PRE-PROCESSING STAGE STARTING...
2024-08-14 12:41:09,742 - INFO - ---------------------------------
2024-08-14 12:41:09,874 - INFO - Dropped initial columns: ['pain_when', 'is_smoker', 'per_day', 'max', 'amount', 'depression', 'anxiety', 'schizophrenia', 'max', 'amount', 'cocaine_inject_days', 'speedball_inject_days', 'opioid_inject_days', 'speed_inject_days', 'UDS_Alcohol_Count', 'UDS_Mdma/Hallucinogen_Count']
2024-08-14 12:41:09,925 - INFO - Converted Yes/No to binary.
2024-08-14 12:41:09,943 - INFO - Processed TLFB columns with specified columns: ['TLFB_Alcohol_Count', 'TLFB_Amphetamine_Count', 'TLFB_Cocaine_Count', 'TLFB_Heroin_Count', 'TLFB_Benzodiazepine_Count', 'TLFB_Opioid_Count', 'TLFB_THC_Count', 'TLFB_Methadone_Count', 'TLFB_Buprenorphine_Count']
2024-08-14 12:41:09,953 - INFO - Calculated behavioral columns.
2024-08-14 12:41:09,963 - INFO - Moved 'Rs_krupitsky_2004' column to the end.
2024-08-14 12:41:10,082 - INFO - Dropped initial columns: ['msm_npt', 'msm_frq', 'txx_prt']
2024-08-14 12:41:10,097 - INFO - transform_data_with_nan_handling success
2024-08-14 12:41:10,098 - INFO - Renamed columns according to the mapping.
2024-08-14 12:41:10,124 - INFO - Transformed NaN to 0 for binary columns.
2024-08-14 12:41:10,125 - INFO - Transformed and renamed 'heroin_inject_days' column to 'rbsivheroin'.
2024-08-14 12:41:10,125 - INFO - Filled NaN with 0 for 'ftnd' column.
2024-08-14 12:41:10,220 - INFO - Dropped additional columns: ['rbs_iv_days', 'race', 'RBS_cocaine_Days', 'RBS_heroin_Days', 'RBS_opioid_Days', 'RBS_speed_Days', 'RBS_speedball_Days']
2024-08-14 12:41:10,267 - INFO - Converted UDS drug counts to binary.
2024-08-14 12:41:10,373 - INFO - ------------------------------
2024-08-14 12:41:10,374 - INFO - PRE-PROCESSING STAGE COMPLETED
2024-08-14 12:41:10,374 - INFO - ------------------------------
2024-08-14 12:41:10,376 - INFO - Merged dataset preprocessed successfully.
2024-08-14 12:41:10,377 - INFO - Creating demographic subsets from preprocessed data...
2024-08-14 12:41:22,025 - INFO - Created 11 subsets successfully.
2024-08-14 12:41:22,034 - INFO - Creating merged subsets from create_demographics_dfs function
2024-08-14 12:41:22,233 - INFO - Created 11 merged subsets successfully.
2024-08-14 12:41:22,235 - INFO - Subset 1 demographic makeup: 500 1, 239 3, 162 2, 99 4
2024-08-14 12:41:22,236 - INFO - Processing subset 1...
2024-08-14 12:41:22,238 - INFO - -----------------------------
2024-08-14 12:41:22,239 - INFO - TRAIN MODEL STAGE STARTING FOR SUBSET 1...
2024-08-14 12:41:22,240 - INFO - -----------------------------
2024-08-14 12:41:22,284 - INFO - Scaling features and applying LASSO for feature selection...
2024-08-14 12:41:22,971 - INFO - Selected features (including required): ['who', 'RaceEth', 'age', 'is_female', 'is_hispanic', 'unemployed', 'unstableliving', 'education', 'marital', 'UDS_Amphetamine_Count', 'UDS_Benzodiazepine_Count', 'UDS_Buprenorphine_Count', 'UDS_Cocaine_Count', 'UDS_Methadone_Count', 'UDS_Opioid_Count', 'UDS_Sedatives_Count', 'UDS_Thc_Count', 'pain', 'has_schizophrenia', 'has_major_dep', 'has_bipolar', 'has_anx_pan', 'has_brain_damage', 'has_epilepsy', 'has_alcol_dx', 'has_amphetamines_dx', 'has_cannabis_dx', 'has_cocaine_dx', 'has_sedatives_dx', 'ftnd', 'XTRT', 'shared', 'rbsivheroin', 'TLFB_Alcohol_Count', 'TLFB_Amphetamine_Count', 'TLFB_Benzodiazepine_Count', 'TLFB_Buprenorphine_Count', 'TLFB_Cocaine_Count', 'TLFB_Heroin_Count', 'TLFB_Methadone_Count', 'TLFB_Opioid_Count', 'TLFB_THC_Count', 'TLFB_Other', 'Homosexual_Behavior', 'Non_monogamous_Relationships']
2024-08-14 12:41:22,978 - INFO - Fitting logistic regression model with the selected features...
2024-08-14 12:41:24,750 - INFO - Model training completed successfully.
2024-08-14 12:41:24,751 - INFO - Calculating the dynamic threshold based on the proportion of positive outcomes...
2024-08-14 12:41:24,751 - INFO - Ratio of 1s to 0s in the outcome variable: 0.82 : 0.18
2024-08-14 12:41:24,751 - INFO - Dynamic threshold set to: 0.816
2024-08-14 12:41:24,751 - INFO - Model trained and saved successfully for subset 1.
2024-08-14 12:41:24,751 - INFO - ---------------------------
2024-08-14 12:41:24,751 - INFO - TRAIN MODEL STAGE COMPLETED FOR SUBSET 1
2024-08-14 12:41:24,751 - INFO - ---------------------------
2024-08-14 12:41:24,751 - INFO - --------------------------------
2024-08-14 12:41:24,752 - INFO - EVALUATE MODEL STAGE STARTING FOR SUBSET 1...
2024-08-14 12:41:24,752 - INFO - --------------------------------
2024-08-14 12:41:24,769 - INFO - ROC AUC Score: 0.6518542199488492
2024-08-14 12:41:24,769 - INFO - Confusion Matrix: 
[[ 22  24]
 [ 67 137]]
2024-08-14 12:41:24,772 - INFO - Precision: 0.8509316770186336
2024-08-14 12:41:24,772 - INFO - Recall: 0.6715686274509803
2024-08-14 12:41:24,772 - INFO - Model evaluated successfully for subset 1.
2024-08-14 12:41:24,772 - INFO - ------------------------------
2024-08-14 12:41:24,772 - INFO - EVALUATE MODEL STAGE COMPLETED FOR SUBSET 1
2024-08-14 12:41:24,772 - INFO - ------------------------------
2024-08-14 12:41:24,774 - INFO - Subset 2 demographic makeup: 550 1, 216 3, 146 2, 88 4
2024-08-14 12:41:24,774 - INFO - Processing subset 2...
2024-08-14 12:41:24,774 - INFO - -----------------------------
2024-08-14 12:41:24,774 - INFO - TRAIN MODEL STAGE STARTING FOR SUBSET 2...
2024-08-14 12:41:24,774 - INFO - -----------------------------
2024-08-14 12:41:24,780 - INFO - Scaling features and applying LASSO for feature selection...
2024-08-14 12:41:25,150 - INFO - Selected features (including required): ['who', 'RaceEth', 'age', 'is_female', 'is_hispanic', 'unemployed', 'unstableliving', 'education', 'marital', 'UDS_Amphetamine_Count', 'UDS_Benzodiazepine_Count', 'UDS_Buprenorphine_Count', 'UDS_Cocaine_Count', 'UDS_Methadone_Count', 'UDS_Opioid_Count', 'UDS_Sedatives_Count', 'UDS_Thc_Count', 'pain', 'has_schizophrenia', 'has_major_dep', 'has_bipolar', 'has_anx_pan', 'has_brain_damage', 'has_epilepsy', 'has_alcol_dx', 'has_amphetamines_dx', 'has_cannabis_dx', 'has_cocaine_dx', 'has_sedatives_dx', 'ftnd', 'XTRT', 'shared', 'rbsivheroin', 'TLFB_Alcohol_Count', 'TLFB_Amphetamine_Count', 'TLFB_Benzodiazepine_Count', 'TLFB_Buprenorphine_Count', 'TLFB_Cocaine_Count', 'TLFB_Heroin_Count', 'TLFB_Methadone_Count', 'TLFB_Opioid_Count', 'TLFB_THC_Count', 'TLFB_Other', 'Homosexual_Behavior', 'Non_monogamous_Relationships']
2024-08-14 12:41:25,163 - INFO - Fitting logistic regression model with the selected features...
2024-08-14 12:41:26,166 - INFO - Model training completed successfully.
2024-08-14 12:41:26,167 - INFO - Calculating the dynamic threshold based on the proportion of positive outcomes...
2024-08-14 12:41:26,167 - INFO - Ratio of 1s to 0s in the outcome variable: 0.85 : 0.15
2024-08-14 12:41:26,168 - INFO - Dynamic threshold set to: 0.852
2024-08-14 12:41:26,168 - INFO - Model trained and saved successfully for subset 2.
2024-08-14 12:41:26,169 - INFO - ---------------------------
2024-08-14 12:41:26,170 - INFO - TRAIN MODEL STAGE COMPLETED FOR SUBSET 2
2024-08-14 12:41:26,173 - INFO - ---------------------------
2024-08-14 12:41:26,173 - INFO - --------------------------------
2024-08-14 12:41:26,174 - INFO - EVALUATE MODEL STAGE STARTING FOR SUBSET 2...
2024-08-14 12:41:26,174 - INFO - --------------------------------
2024-08-14 12:41:26,197 - INFO - ROC AUC Score: 0.6530897094277377
2024-08-14 12:41:26,198 - INFO - Confusion Matrix: 
[[ 26  11]
 [ 87 126]]
2024-08-14 12:41:26,199 - INFO - Precision: 0.9197080291970803
2024-08-14 12:41:26,199 - INFO - Recall: 0.5915492957746479
2024-08-14 12:41:26,199 - INFO - Model evaluated successfully for subset 2.
2024-08-14 12:41:26,205 - INFO - ------------------------------
2024-08-14 12:41:26,206 - INFO - EVALUATE MODEL STAGE COMPLETED FOR SUBSET 2
2024-08-14 12:41:26,208 - INFO - ------------------------------
2024-08-14 12:41:26,210 - INFO - Subset 3 demographic makeup: 600 1, 190 3, 137 2, 73 4
2024-08-14 12:41:26,211 - INFO - Processing subset 3...
2024-08-14 12:41:26,211 - INFO - -----------------------------
2024-08-14 12:41:26,212 - INFO - TRAIN MODEL STAGE STARTING FOR SUBSET 3...
2024-08-14 12:41:26,212 - INFO - -----------------------------
2024-08-14 12:41:26,223 - INFO - Scaling features and applying LASSO for feature selection...
2024-08-14 12:41:26,583 - INFO - Selected features (including required): ['who', 'RaceEth', 'age', 'is_female', 'is_hispanic', 'unemployed', 'unstableliving', 'education', 'marital', 'UDS_Amphetamine_Count', 'UDS_Benzodiazepine_Count', 'UDS_Buprenorphine_Count', 'UDS_Cocaine_Count', 'UDS_Methadone_Count', 'UDS_Opioid_Count', 'UDS_Sedatives_Count', 'UDS_Thc_Count', 'pain', 'has_schizophrenia', 'has_major_dep', 'has_bipolar', 'has_anx_pan', 'has_brain_damage', 'has_epilepsy', 'has_alcol_dx', 'has_amphetamines_dx', 'has_cannabis_dx', 'has_cocaine_dx', 'has_sedatives_dx', 'ftnd', 'XTRT', 'shared', 'rbsivheroin', 'TLFB_Alcohol_Count', 'TLFB_Amphetamine_Count', 'TLFB_Benzodiazepine_Count', 'TLFB_Buprenorphine_Count', 'TLFB_Cocaine_Count', 'TLFB_Heroin_Count', 'TLFB_Methadone_Count', 'TLFB_Opioid_Count', 'TLFB_THC_Count', 'TLFB_Other', 'Homosexual_Behavior', 'Non_monogamous_Relationships']
2024-08-14 12:41:26,588 - INFO - Fitting logistic regression model with the selected features...
2024-08-14 12:41:27,155 - INFO - Model training completed successfully.
2024-08-14 12:41:27,155 - INFO - Calculating the dynamic threshold based on the proportion of positive outcomes...
2024-08-14 12:41:27,156 - INFO - Ratio of 1s to 0s in the outcome variable: 0.85 : 0.15
2024-08-14 12:41:27,156 - INFO - Dynamic threshold set to: 0.848
2024-08-14 12:41:27,156 - INFO - Model trained and saved successfully for subset 3.
2024-08-14 12:41:27,156 - INFO - ---------------------------
2024-08-14 12:41:27,156 - INFO - TRAIN MODEL STAGE COMPLETED FOR SUBSET 3
2024-08-14 12:41:27,156 - INFO - ---------------------------
2024-08-14 12:41:27,156 - INFO - --------------------------------
2024-08-14 12:41:27,156 - INFO - EVALUATE MODEL STAGE STARTING FOR SUBSET 3...
2024-08-14 12:41:27,156 - INFO - --------------------------------
2024-08-14 12:41:27,172 - INFO - ROC AUC Score: 0.596077457795432
2024-08-14 12:41:27,172 - INFO - Confusion Matrix: 
[[ 23  15]
 [ 96 116]]
2024-08-14 12:41:27,173 - INFO - Precision: 0.8854961832061069
2024-08-14 12:41:27,173 - INFO - Recall: 0.5471698113207547
2024-08-14 12:41:27,173 - INFO - Model evaluated successfully for subset 3.
2024-08-14 12:41:27,173 - INFO - ------------------------------
2024-08-14 12:41:27,173 - INFO - EVALUATE MODEL STAGE COMPLETED FOR SUBSET 3
2024-08-14 12:41:27,174 - INFO - ------------------------------
2024-08-14 12:41:27,175 - INFO - Subset 4 demographic makeup: 650 1, 169 3, 116 2, 65 4
2024-08-14 12:41:27,175 - INFO - Processing subset 4...
2024-08-14 12:41:27,175 - INFO - -----------------------------
2024-08-14 12:41:27,175 - INFO - TRAIN MODEL STAGE STARTING FOR SUBSET 4...
2024-08-14 12:41:27,175 - INFO - -----------------------------
2024-08-14 12:41:27,181 - INFO - Scaling features and applying LASSO for feature selection...
2024-08-14 12:41:27,555 - INFO - Selected features (including required): ['who', 'RaceEth', 'age', 'is_female', 'is_hispanic', 'unemployed', 'unstableliving', 'education', 'marital', 'UDS_Amphetamine_Count', 'UDS_Benzodiazepine_Count', 'UDS_Buprenorphine_Count', 'UDS_Cocaine_Count', 'UDS_Methadone_Count', 'UDS_Opioid_Count', 'UDS_Sedatives_Count', 'UDS_Thc_Count', 'pain', 'has_schizophrenia', 'has_major_dep', 'has_bipolar', 'has_anx_pan', 'has_brain_damage', 'has_epilepsy', 'has_alcol_dx', 'has_amphetamines_dx', 'has_cannabis_dx', 'has_cocaine_dx', 'has_sedatives_dx', 'ftnd', 'XTRT', 'shared', 'rbsivheroin', 'TLFB_Alcohol_Count', 'TLFB_Amphetamine_Count', 'TLFB_Benzodiazepine_Count', 'TLFB_Buprenorphine_Count', 'TLFB_Cocaine_Count', 'TLFB_Heroin_Count', 'TLFB_Methadone_Count', 'TLFB_Opioid_Count', 'TLFB_THC_Count', 'TLFB_Other', 'Homosexual_Behavior', 'Non_monogamous_Relationships']
2024-08-14 12:41:27,560 - INFO - Fitting logistic regression model with the selected features...
2024-08-14 12:41:28,479 - INFO - Model training completed successfully.
2024-08-14 12:41:28,485 - INFO - Calculating the dynamic threshold based on the proportion of positive outcomes...
2024-08-14 12:41:28,485 - INFO - Ratio of 1s to 0s in the outcome variable: 0.85 : 0.15
2024-08-14 12:41:28,485 - INFO - Dynamic threshold set to: 0.852
2024-08-14 12:41:28,486 - INFO - Model trained and saved successfully for subset 4.
2024-08-14 12:41:28,486 - INFO - ---------------------------
2024-08-14 12:41:28,486 - INFO - TRAIN MODEL STAGE COMPLETED FOR SUBSET 4
2024-08-14 12:41:28,486 - INFO - ---------------------------
2024-08-14 12:41:28,486 - INFO - --------------------------------
2024-08-14 12:41:28,486 - INFO - EVALUATE MODEL STAGE STARTING FOR SUBSET 4...
2024-08-14 12:41:28,486 - INFO - --------------------------------
2024-08-14 12:41:28,502 - INFO - ROC AUC Score: 0.7350590026646364
2024-08-14 12:41:28,503 - INFO - Confusion Matrix: 
[[ 29   8]
 [101 112]]
2024-08-14 12:41:28,503 - INFO - Precision: 0.9333333333333333
2024-08-14 12:41:28,503 - INFO - Recall: 0.5258215962441315
2024-08-14 12:41:28,503 - INFO - Model evaluated successfully for subset 4.
2024-08-14 12:41:28,503 - INFO - ------------------------------
2024-08-14 12:41:28,503 - INFO - EVALUATE MODEL STAGE COMPLETED FOR SUBSET 4
2024-08-14 12:41:28,503 - INFO - ------------------------------
2024-08-14 12:41:28,504 - INFO - Subset 5 demographic makeup: 700 1, 147 3, 97 2, 56 4
2024-08-14 12:41:28,504 - INFO - Processing subset 5...
2024-08-14 12:41:28,504 - INFO - -----------------------------
2024-08-14 12:41:28,504 - INFO - TRAIN MODEL STAGE STARTING FOR SUBSET 5...
2024-08-14 12:41:28,504 - INFO - -----------------------------
2024-08-14 12:41:28,512 - INFO - Scaling features and applying LASSO for feature selection...
2024-08-14 12:41:28,995 - INFO - Selected features (including required): ['who', 'RaceEth', 'age', 'is_female', 'is_hispanic', 'unemployed', 'unstableliving', 'education', 'marital', 'UDS_Amphetamine_Count', 'UDS_Benzodiazepine_Count', 'UDS_Buprenorphine_Count', 'UDS_Cocaine_Count', 'UDS_Methadone_Count', 'UDS_Opioid_Count', 'UDS_Sedatives_Count', 'UDS_Thc_Count', 'pain', 'has_schizophrenia', 'has_major_dep', 'has_bipolar', 'has_anx_pan', 'has_brain_damage', 'has_epilepsy', 'has_alcol_dx', 'has_amphetamines_dx', 'has_cannabis_dx', 'has_cocaine_dx', 'has_sedatives_dx', 'ftnd', 'XTRT', 'shared', 'rbsivheroin', 'TLFB_Alcohol_Count', 'TLFB_Amphetamine_Count', 'TLFB_Benzodiazepine_Count', 'TLFB_Buprenorphine_Count', 'TLFB_Cocaine_Count', 'TLFB_Heroin_Count', 'TLFB_Methadone_Count', 'TLFB_Opioid_Count', 'TLFB_THC_Count', 'TLFB_Other', 'Homosexual_Behavior', 'Non_monogamous_Relationships']
2024-08-14 12:41:29,015 - INFO - Fitting logistic regression model with the selected features...
2024-08-14 12:41:29,679 - INFO - Model training completed successfully.
2024-08-14 12:41:29,680 - INFO - Calculating the dynamic threshold based on the proportion of positive outcomes...
2024-08-14 12:41:29,680 - INFO - Ratio of 1s to 0s in the outcome variable: 0.82 : 0.18
2024-08-14 12:41:29,680 - INFO - Dynamic threshold set to: 0.82
2024-08-14 12:41:29,680 - INFO - Model trained and saved successfully for subset 5.
2024-08-14 12:41:29,680 - INFO - ---------------------------
2024-08-14 12:41:29,680 - INFO - TRAIN MODEL STAGE COMPLETED FOR SUBSET 5
2024-08-14 12:41:29,680 - INFO - ---------------------------
2024-08-14 12:41:29,681 - INFO - --------------------------------
2024-08-14 12:41:29,681 - INFO - EVALUATE MODEL STAGE STARTING FOR SUBSET 5...
2024-08-14 12:41:29,681 - INFO - --------------------------------
2024-08-14 12:41:29,699 - INFO - ROC AUC Score: 0.698211382113821
2024-08-14 12:41:29,700 - INFO - Confusion Matrix: 
[[ 26  19]
 [ 57 148]]
2024-08-14 12:41:29,700 - INFO - Precision: 0.8862275449101796
2024-08-14 12:41:29,700 - INFO - Recall: 0.7219512195121951
2024-08-14 12:41:29,700 - INFO - Model evaluated successfully for subset 5.
2024-08-14 12:41:29,700 - INFO - ------------------------------
2024-08-14 12:41:29,700 - INFO - EVALUATE MODEL STAGE COMPLETED FOR SUBSET 5
2024-08-14 12:41:29,700 - INFO - ------------------------------
2024-08-14 12:41:29,702 - INFO - Subset 6 demographic makeup: 750 1, 125 3, 79 2, 46 4
2024-08-14 12:41:29,703 - INFO - Processing subset 6...
2024-08-14 12:41:29,703 - INFO - -----------------------------
2024-08-14 12:41:29,703 - INFO - TRAIN MODEL STAGE STARTING FOR SUBSET 6...
2024-08-14 12:41:29,703 - INFO - -----------------------------
2024-08-14 12:41:29,709 - INFO - Scaling features and applying LASSO for feature selection...
2024-08-14 12:41:30,251 - INFO - Selected features (including required): ['who', 'RaceEth', 'age', 'is_female', 'is_hispanic', 'unemployed', 'unstableliving', 'education', 'marital', 'UDS_Amphetamine_Count', 'UDS_Benzodiazepine_Count', 'UDS_Buprenorphine_Count', 'UDS_Cocaine_Count', 'UDS_Methadone_Count', 'UDS_Opioid_Count', 'UDS_Sedatives_Count', 'UDS_Thc_Count', 'pain', 'has_schizophrenia', 'has_major_dep', 'has_bipolar', 'has_anx_pan', 'has_brain_damage', 'has_epilepsy', 'has_alcol_dx', 'has_amphetamines_dx', 'has_cannabis_dx', 'has_cocaine_dx', 'has_sedatives_dx', 'ftnd', 'XTRT', 'shared', 'rbsivheroin', 'TLFB_Alcohol_Count', 'TLFB_Amphetamine_Count', 'TLFB_Benzodiazepine_Count', 'TLFB_Buprenorphine_Count', 'TLFB_Cocaine_Count', 'TLFB_Heroin_Count', 'TLFB_Methadone_Count', 'TLFB_Opioid_Count', 'TLFB_THC_Count', 'TLFB_Other', 'Homosexual_Behavior', 'Non_monogamous_Relationships']
2024-08-14 12:41:30,256 - INFO - Fitting logistic regression model with the selected features...
2024-08-14 12:41:32,209 - INFO - Model training completed successfully.
2024-08-14 12:41:32,209 - INFO - Calculating the dynamic threshold based on the proportion of positive outcomes...
2024-08-14 12:41:32,209 - INFO - Ratio of 1s to 0s in the outcome variable: 0.83 : 0.17
2024-08-14 12:41:32,209 - INFO - Dynamic threshold set to: 0.828
2024-08-14 12:41:32,209 - INFO - Model trained and saved successfully for subset 6.
2024-08-14 12:41:32,210 - INFO - ---------------------------
2024-08-14 12:41:32,210 - INFO - TRAIN MODEL STAGE COMPLETED FOR SUBSET 6
2024-08-14 12:41:32,210 - INFO - ---------------------------
2024-08-14 12:41:32,210 - INFO - --------------------------------
2024-08-14 12:41:32,210 - INFO - EVALUATE MODEL STAGE STARTING FOR SUBSET 6...
2024-08-14 12:41:32,210 - INFO - --------------------------------
2024-08-14 12:41:32,234 - INFO - ROC AUC Score: 0.6319514661274014
2024-08-14 12:41:32,234 - INFO - Confusion Matrix: 
[[ 18  25]
 [ 68 139]]
2024-08-14 12:41:32,236 - INFO - Precision: 0.8475609756097561
2024-08-14 12:41:32,236 - INFO - Recall: 0.6714975845410628
2024-08-14 12:41:32,236 - INFO - Model evaluated successfully for subset 6.
2024-08-14 12:41:32,236 - INFO - ------------------------------
2024-08-14 12:41:32,236 - INFO - EVALUATE MODEL STAGE COMPLETED FOR SUBSET 6
2024-08-14 12:41:32,237 - INFO - ------------------------------
2024-08-14 12:41:32,237 - INFO - Subset 7 demographic makeup: 800 1, 101 3, 68 2, 31 4
2024-08-14 12:41:32,237 - INFO - Processing subset 7...
2024-08-14 12:41:32,238 - INFO - -----------------------------
2024-08-14 12:41:32,238 - INFO - TRAIN MODEL STAGE STARTING FOR SUBSET 7...
2024-08-14 12:41:32,238 - INFO - -----------------------------
2024-08-14 12:41:32,244 - INFO - Scaling features and applying LASSO for feature selection...
2024-08-14 12:41:35,747 - INFO - Selected features (including required): ['who', 'RaceEth', 'age', 'is_female', 'is_hispanic', 'unemployed', 'unstableliving', 'education', 'marital', 'UDS_Amphetamine_Count', 'UDS_Benzodiazepine_Count', 'UDS_Buprenorphine_Count', 'UDS_Cocaine_Count', 'UDS_Methadone_Count', 'UDS_Opioid_Count', 'UDS_Sedatives_Count', 'UDS_Thc_Count', 'pain', 'has_schizophrenia', 'has_major_dep', 'has_bipolar', 'has_anx_pan', 'has_brain_damage', 'has_epilepsy', 'has_alcol_dx', 'has_amphetamines_dx', 'has_cannabis_dx', 'has_cocaine_dx', 'has_sedatives_dx', 'ftnd', 'XTRT', 'shared', 'rbsivheroin', 'TLFB_Alcohol_Count', 'TLFB_Amphetamine_Count', 'TLFB_Benzodiazepine_Count', 'TLFB_Buprenorphine_Count', 'TLFB_Cocaine_Count', 'TLFB_Heroin_Count', 'TLFB_Methadone_Count', 'TLFB_Opioid_Count', 'TLFB_THC_Count', 'TLFB_Other', 'Homosexual_Behavior', 'Non_monogamous_Relationships']
2024-08-14 12:41:35,758 - INFO - Fitting logistic regression model with the selected features...
2024-08-14 12:41:38,272 - INFO - Model training completed successfully.
2024-08-14 12:41:38,272 - INFO - Calculating the dynamic threshold based on the proportion of positive outcomes...
2024-08-14 12:41:38,273 - INFO - Ratio of 1s to 0s in the outcome variable: 0.84 : 0.16
2024-08-14 12:41:38,273 - INFO - Dynamic threshold set to: 0.844
2024-08-14 12:41:38,274 - INFO - Model trained and saved successfully for subset 7.
2024-08-14 12:41:38,274 - INFO - ---------------------------
2024-08-14 12:41:38,274 - INFO - TRAIN MODEL STAGE COMPLETED FOR SUBSET 7
2024-08-14 12:41:38,275 - INFO - ---------------------------
2024-08-14 12:41:38,276 - INFO - --------------------------------
2024-08-14 12:41:38,276 - INFO - EVALUATE MODEL STAGE STARTING FOR SUBSET 7...
2024-08-14 12:41:38,279 - INFO - --------------------------------
2024-08-14 12:41:38,305 - INFO - ROC AUC Score: 0.6356786972900716
2024-08-14 12:41:38,306 - INFO - Confusion Matrix: 
[[ 22  17]
 [ 78 133]]
2024-08-14 12:41:38,307 - INFO - Precision: 0.8866666666666667
2024-08-14 12:41:38,308 - INFO - Recall: 0.6303317535545023
2024-08-14 12:41:38,310 - INFO - Model evaluated successfully for subset 7.
2024-08-14 12:41:38,315 - INFO - ------------------------------
2024-08-14 12:41:38,315 - INFO - EVALUATE MODEL STAGE COMPLETED FOR SUBSET 7
2024-08-14 12:41:38,316 - INFO - ------------------------------
2024-08-14 12:41:38,318 - INFO - Subset 8 demographic makeup: 850 1, 78 3, 49 2, 23 4
2024-08-14 12:41:38,318 - INFO - Processing subset 8...
2024-08-14 12:41:38,318 - INFO - -----------------------------
2024-08-14 12:41:38,324 - INFO - TRAIN MODEL STAGE STARTING FOR SUBSET 8...
2024-08-14 12:41:38,325 - INFO - -----------------------------
2024-08-14 12:41:38,336 - INFO - Scaling features and applying LASSO for feature selection...
2024-08-14 12:41:40,078 - INFO - Selected features (including required): ['who', 'RaceEth', 'age', 'is_female', 'is_hispanic', 'unemployed', 'unstableliving', 'education', 'marital', 'UDS_Amphetamine_Count', 'UDS_Benzodiazepine_Count', 'UDS_Buprenorphine_Count', 'UDS_Cocaine_Count', 'UDS_Methadone_Count', 'UDS_Opioid_Count', 'UDS_Sedatives_Count', 'UDS_Thc_Count', 'pain', 'has_schizophrenia', 'has_major_dep', 'has_bipolar', 'has_anx_pan', 'has_brain_damage', 'has_epilepsy', 'has_alcol_dx', 'has_amphetamines_dx', 'has_cannabis_dx', 'has_cocaine_dx', 'has_sedatives_dx', 'ftnd', 'XTRT', 'shared', 'rbsivheroin', 'TLFB_Alcohol_Count', 'TLFB_Amphetamine_Count', 'TLFB_Benzodiazepine_Count', 'TLFB_Buprenorphine_Count', 'TLFB_Cocaine_Count', 'TLFB_Heroin_Count', 'TLFB_Methadone_Count', 'TLFB_Opioid_Count', 'TLFB_THC_Count', 'TLFB_Other', 'Homosexual_Behavior', 'Non_monogamous_Relationships']
2024-08-14 12:41:40,085 - INFO - Fitting logistic regression model with the selected features...
2024-08-14 12:41:42,622 - INFO - Model training completed successfully.
2024-08-14 12:41:42,622 - INFO - Calculating the dynamic threshold based on the proportion of positive outcomes...
2024-08-14 12:41:42,622 - INFO - Ratio of 1s to 0s in the outcome variable: 0.80 : 0.20
2024-08-14 12:41:42,622 - INFO - Dynamic threshold set to: 0.8
2024-08-14 12:41:42,622 - INFO - Model trained and saved successfully for subset 8.
2024-08-14 12:41:42,622 - INFO - ---------------------------
2024-08-14 12:41:42,622 - INFO - TRAIN MODEL STAGE COMPLETED FOR SUBSET 8
2024-08-14 12:41:42,623 - INFO - ---------------------------
2024-08-14 12:41:42,623 - INFO - --------------------------------
2024-08-14 12:41:42,623 - INFO - EVALUATE MODEL STAGE STARTING FOR SUBSET 8...
2024-08-14 12:41:42,623 - INFO - --------------------------------
2024-08-14 12:41:42,642 - INFO - ROC AUC Score: 0.6698
2024-08-14 12:41:42,643 - INFO - Confusion Matrix: 
[[ 24  26]
 [ 48 152]]
2024-08-14 12:41:42,643 - INFO - Precision: 0.8539325842696629
2024-08-14 12:41:42,643 - INFO - Recall: 0.76
2024-08-14 12:41:42,643 - INFO - Model evaluated successfully for subset 8.
2024-08-14 12:41:42,643 - INFO - ------------------------------
2024-08-14 12:41:42,643 - INFO - EVALUATE MODEL STAGE COMPLETED FOR SUBSET 8
2024-08-14 12:41:42,643 - INFO - ------------------------------
2024-08-14 12:41:42,645 - INFO - Subset 9 demographic makeup: 900 1, 55 3, 31 2, 14 4
2024-08-14 12:41:42,646 - INFO - Processing subset 9...
2024-08-14 12:41:42,646 - INFO - -----------------------------
2024-08-14 12:41:42,646 - INFO - TRAIN MODEL STAGE STARTING FOR SUBSET 9...
2024-08-14 12:41:42,647 - INFO - -----------------------------
2024-08-14 12:41:42,654 - INFO - Scaling features and applying LASSO for feature selection...
2024-08-14 12:41:43,274 - INFO - Selected features (including required): ['who', 'RaceEth', 'age', 'is_female', 'is_hispanic', 'unemployed', 'unstableliving', 'education', 'marital', 'UDS_Amphetamine_Count', 'UDS_Benzodiazepine_Count', 'UDS_Buprenorphine_Count', 'UDS_Cocaine_Count', 'UDS_Methadone_Count', 'UDS_Opioid_Count', 'UDS_Sedatives_Count', 'UDS_Thc_Count', 'pain', 'has_schizophrenia', 'has_major_dep', 'has_bipolar', 'has_anx_pan', 'has_brain_damage', 'has_epilepsy', 'has_alcol_dx', 'has_amphetamines_dx', 'has_cannabis_dx', 'has_cocaine_dx', 'has_sedatives_dx', 'ftnd', 'XTRT', 'shared', 'rbsivheroin', 'TLFB_Alcohol_Count', 'TLFB_Amphetamine_Count', 'TLFB_Benzodiazepine_Count', 'TLFB_Buprenorphine_Count', 'TLFB_Cocaine_Count', 'TLFB_Heroin_Count', 'TLFB_Methadone_Count', 'TLFB_Opioid_Count', 'TLFB_THC_Count', 'TLFB_Other', 'Homosexual_Behavior', 'Non_monogamous_Relationships']
2024-08-14 12:41:43,290 - INFO - Fitting logistic regression model with the selected features...
2024-08-14 12:41:44,104 - INFO - Model training completed successfully.
2024-08-14 12:41:44,104 - INFO - Calculating the dynamic threshold based on the proportion of positive outcomes...
2024-08-14 12:41:44,104 - INFO - Ratio of 1s to 0s in the outcome variable: 0.85 : 0.15
2024-08-14 12:41:44,104 - INFO - Dynamic threshold set to: 0.852
2024-08-14 12:41:44,104 - INFO - Model trained and saved successfully for subset 9.
2024-08-14 12:41:44,104 - INFO - ---------------------------
2024-08-14 12:41:44,104 - INFO - TRAIN MODEL STAGE COMPLETED FOR SUBSET 9
2024-08-14 12:41:44,105 - INFO - ---------------------------
2024-08-14 12:41:44,105 - INFO - --------------------------------
2024-08-14 12:41:44,105 - INFO - EVALUATE MODEL STAGE STARTING FOR SUBSET 9...
2024-08-14 12:41:44,105 - INFO - --------------------------------
2024-08-14 12:41:44,119 - INFO - ROC AUC Score: 0.6777058748889735
2024-08-14 12:41:44,120 - INFO - Confusion Matrix: 
[[ 24  13]
 [ 90 123]]
2024-08-14 12:41:44,120 - INFO - Precision: 0.9044117647058824
2024-08-14 12:41:44,120 - INFO - Recall: 0.5774647887323944
2024-08-14 12:41:44,120 - INFO - Model evaluated successfully for subset 9.
2024-08-14 12:41:44,120 - INFO - ------------------------------
2024-08-14 12:41:44,120 - INFO - EVALUATE MODEL STAGE COMPLETED FOR SUBSET 9
2024-08-14 12:41:44,120 - INFO - ------------------------------
2024-08-14 12:41:44,123 - INFO - Subset 10 demographic makeup: 950 1, 28 3, 14 2, 8 4
2024-08-14 12:41:44,123 - INFO - Processing subset 10...
2024-08-14 12:41:44,123 - INFO - -----------------------------
2024-08-14 12:41:44,123 - INFO - TRAIN MODEL STAGE STARTING FOR SUBSET 10...
2024-08-14 12:41:44,123 - INFO - -----------------------------
2024-08-14 12:41:44,132 - INFO - Scaling features and applying LASSO for feature selection...
2024-08-14 12:41:44,852 - INFO - Selected features (including required): ['who', 'RaceEth', 'age', 'is_female', 'is_hispanic', 'unemployed', 'unstableliving', 'education', 'marital', 'UDS_Amphetamine_Count', 'UDS_Benzodiazepine_Count', 'UDS_Buprenorphine_Count', 'UDS_Cocaine_Count', 'UDS_Methadone_Count', 'UDS_Opioid_Count', 'UDS_Sedatives_Count', 'UDS_Thc_Count', 'pain', 'has_schizophrenia', 'has_major_dep', 'has_bipolar', 'has_anx_pan', 'has_brain_damage', 'has_epilepsy', 'has_alcol_dx', 'has_amphetamines_dx', 'has_cannabis_dx', 'has_cocaine_dx', 'has_sedatives_dx', 'ftnd', 'XTRT', 'shared', 'rbsivheroin', 'TLFB_Alcohol_Count', 'TLFB_Amphetamine_Count', 'TLFB_Benzodiazepine_Count', 'TLFB_Buprenorphine_Count', 'TLFB_Cocaine_Count', 'TLFB_Heroin_Count', 'TLFB_Methadone_Count', 'TLFB_Opioid_Count', 'TLFB_THC_Count', 'TLFB_Other', 'Homosexual_Behavior', 'Non_monogamous_Relationships']
2024-08-14 12:41:44,860 - INFO - Fitting logistic regression model with the selected features...
2024-08-14 12:41:46,152 - INFO - Model training completed successfully.
2024-08-14 12:41:46,152 - INFO - Calculating the dynamic threshold based on the proportion of positive outcomes...
2024-08-14 12:41:46,152 - INFO - Ratio of 1s to 0s in the outcome variable: 0.80 : 0.20
2024-08-14 12:41:46,153 - INFO - Dynamic threshold set to: 0.8
2024-08-14 12:41:46,153 - INFO - Model trained and saved successfully for subset 10.
2024-08-14 12:41:46,153 - INFO - ---------------------------
2024-08-14 12:41:46,153 - INFO - TRAIN MODEL STAGE COMPLETED FOR SUBSET 10
2024-08-14 12:41:46,153 - INFO - ---------------------------
2024-08-14 12:41:46,153 - INFO - --------------------------------
2024-08-14 12:41:46,153 - INFO - EVALUATE MODEL STAGE STARTING FOR SUBSET 10...
2024-08-14 12:41:46,153 - INFO - --------------------------------
2024-08-14 12:41:46,179 - INFO - ROC AUC Score: 0.7093999999999999
2024-08-14 12:41:46,179 - INFO - Confusion Matrix: 
[[ 31  19]
 [ 64 136]]
2024-08-14 12:41:46,179 - INFO - Precision: 0.8774193548387097
2024-08-14 12:41:46,179 - INFO - Recall: 0.68
2024-08-14 12:41:46,180 - INFO - Model evaluated successfully for subset 10.
2024-08-14 12:41:46,180 - INFO - ------------------------------
2024-08-14 12:41:46,180 - INFO - EVALUATE MODEL STAGE COMPLETED FOR SUBSET 10
2024-08-14 12:41:46,180 - INFO - ------------------------------
2024-08-14 12:41:46,183 - INFO - Subset 11 demographic makeup: 1000 1
2024-08-14 12:41:46,183 - INFO - Processing subset 11...
2024-08-14 12:41:46,183 - INFO - -----------------------------
2024-08-14 12:41:46,183 - INFO - TRAIN MODEL STAGE STARTING FOR SUBSET 11...
2024-08-14 12:41:46,183 - INFO - -----------------------------
2024-08-14 12:41:46,190 - INFO - Scaling features and applying LASSO for feature selection...
2024-08-14 12:41:47,442 - INFO - Selected features (including required): ['who', 'age', 'is_female', 'unemployed', 'unstableliving', 'education', 'marital', 'UDS_Amphetamine_Count', 'UDS_Benzodiazepine_Count', 'UDS_Buprenorphine_Count', 'UDS_Cocaine_Count', 'UDS_Methadone_Count', 'UDS_Opioid_Count', 'UDS_Sedatives_Count', 'UDS_Thc_Count', 'pain', 'has_schizophrenia', 'has_major_dep', 'has_bipolar', 'has_anx_pan', 'has_brain_damage', 'has_epilepsy', 'has_alcol_dx', 'has_amphetamines_dx', 'has_cannabis_dx', 'has_cocaine_dx', 'has_sedatives_dx', 'ftnd', 'XTRT', 'shared', 'rbsivheroin', 'TLFB_Alcohol_Count', 'TLFB_Amphetamine_Count', 'TLFB_Benzodiazepine_Count', 'TLFB_Buprenorphine_Count', 'TLFB_Cocaine_Count', 'TLFB_Heroin_Count', 'TLFB_Methadone_Count', 'TLFB_Opioid_Count', 'TLFB_THC_Count', 'TLFB_Other', 'Homosexual_Behavior', 'Non_monogamous_Relationships']
2024-08-14 12:41:47,448 - INFO - Fitting logistic regression model with the selected features...
2024-08-14 12:41:48,537 - INFO - Model training completed successfully.
2024-08-14 12:41:48,537 - INFO - Calculating the dynamic threshold based on the proportion of positive outcomes...
2024-08-14 12:41:48,538 - INFO - Ratio of 1s to 0s in the outcome variable: 0.81 : 0.19
2024-08-14 12:41:48,538 - INFO - Dynamic threshold set to: 0.812
2024-08-14 12:41:48,538 - INFO - Model trained and saved successfully for subset 11.
2024-08-14 12:41:48,538 - INFO - ---------------------------
2024-08-14 12:41:48,538 - INFO - TRAIN MODEL STAGE COMPLETED FOR SUBSET 11
2024-08-14 12:41:48,538 - INFO - ---------------------------
2024-08-14 12:41:48,538 - INFO - --------------------------------
2024-08-14 12:41:48,538 - INFO - EVALUATE MODEL STAGE STARTING FOR SUBSET 11...
2024-08-14 12:41:48,538 - INFO - --------------------------------
2024-08-14 12:41:48,554 - INFO - ROC AUC Score: 0.6370401425427105
2024-08-14 12:41:48,555 - INFO - Confusion Matrix: 
[[ 24  23]
 [ 61 142]]
2024-08-14 12:41:48,556 - INFO - Precision: 0.8606060606060606
2024-08-14 12:41:48,556 - INFO - Recall: 0.6995073891625616
2024-08-14 12:41:48,556 - INFO - Model evaluated successfully for subset 11.
2024-08-14 12:41:48,556 - INFO - ------------------------------
2024-08-14 12:41:48,556 - INFO - EVALUATE MODEL STAGE COMPLETED FOR SUBSET 11
2024-08-14 12:41:48,556 - INFO - ------------------------------
2024-08-14 12:41:48,557 - INFO - ------------------
2024-08-14 12:41:48,558 - INFO - PIPELINE COMPLETED
2024-08-14 12:41:48,558 - INFO - ------------------
