2024-08-29 00:19:26,284 - INFO - Global Seed set to: 42
2024-08-29 00:19:26,284 - INFO - Outcome Name: Rd_kostenB_1993
2024-08-29 00:19:26,299 - INFO - Datasets loaded successfully.
2024-08-29 00:19:26,301 - INFO - Starting preprocessing of the merged dataset...
2024-08-29 00:19:26,301 - INFO - ---------------------------------
2024-08-29 00:19:26,301 - INFO - PRE-PROCESSING STAGE STARTING...
2024-08-29 00:19:26,301 - INFO - ---------------------------------
2024-08-29 00:19:26,339 - INFO - Dropped initial columns: ['pain_when', 'is_smoker', 'per_day', 'max', 'amount', 'depression', 'anxiety', 'schizophrenia', 'max', 'amount', 'cocaine_inject_days', 'speedball_inject_days', 'opioid_inject_days', 'speed_inject_days', 'UDS_Alcohol_Count', 'UDS_Mdma/Hallucinogen_Count']
2024-08-29 00:19:26,363 - INFO - Converted Yes/No to binary.
2024-08-29 00:19:26,366 - INFO - Processed TLFB columns with specified columns: ['TLFB_Alcohol_Count', 'TLFB_Amphetamine_Count', 'TLFB_Cocaine_Count', 'TLFB_Heroin_Count', 'TLFB_Benzodiazepine_Count', 'TLFB_Opioid_Count', 'TLFB_THC_Count', 'TLFB_Methadone_Count', 'TLFB_Buprenorphine_Count']
2024-08-29 00:19:26,367 - INFO - Calculated behavioral columns.
2024-08-29 00:19:26,368 - INFO - Moved 'Rd_kostenB_1993' column to the end.
2024-08-29 00:19:26,402 - INFO - Dropped initial columns: ['msm_npt', 'msm_frq', 'txx_prt']
2024-08-29 00:19:26,409 - INFO - transform_data_with_nan_handling success
2024-08-29 00:19:26,410 - INFO - Renamed columns according to the mapping.
2024-08-29 00:19:26,420 - INFO - Transformed NaN to 0 for binary columns.
2024-08-29 00:19:26,421 - INFO - Transformed and renamed 'heroin_inject_days' column to 'rbsivheroin'.
2024-08-29 00:19:26,421 - INFO - Filled NaN with 0 for 'ftnd' column.
2024-08-29 00:19:26,450 - INFO - Dropped additional columns: ['rbs_iv_days', 'race', 'RBS_cocaine_Days', 'RBS_heroin_Days', 'RBS_opioid_Days', 'RBS_speed_Days', 'RBS_speedball_Days']
2024-08-29 00:19:26,459 - INFO - Converted UDS drug counts to binary.
2024-08-29 00:19:26,497 - INFO - ------------------------------
2024-08-29 00:19:26,497 - INFO - PRE-PROCESSING STAGE COMPLETED
2024-08-29 00:19:26,497 - INFO - ------------------------------
2024-08-29 00:19:26,497 - INFO - Merged dataset preprocessed successfully.
2024-08-29 00:19:26,497 - INFO - Creating demographic subsets from preprocessed data...
2024-08-29 00:19:26,561 - INFO - Created 11 subsets successfully.
2024-08-29 00:19:26,561 - INFO - Creating merged subsets from create_demographics_dfs function
2024-08-29 00:19:26,585 - INFO - Created 11 merged subsets successfully.
2024-08-29 00:19:26,586 - INFO - Subset 1 demographic makeup: 500 1, 248 3, 150 2, 102 4
2024-08-29 00:19:26,586 - INFO - Processing subset 1...
2024-08-29 00:19:26,586 - INFO - -----------------------------
2024-08-29 00:19:26,586 - INFO - TRAIN MODEL STAGE STARTING FOR SUBSET 1...
2024-08-29 00:19:26,586 - INFO - -----------------------------
2024-08-29 00:19:26,588 - INFO - Scaling features and applying LASSO for feature selection...
2024-08-29 00:19:26,663 - INFO - Selected features (including required): ['who', 'RaceEth', 'age', 'is_female', 'is_hispanic', 'unemployed', 'unstableliving', 'education', 'marital', 'UDS_Amphetamine_Count', 'UDS_Benzodiazepine_Count', 'UDS_Buprenorphine_Count', 'UDS_Cocaine_Count', 'UDS_Methadone_Count', 'UDS_Opioid_Count', 'UDS_Sedatives_Count', 'UDS_Thc_Count', 'pain', 'has_schizophrenia', 'has_major_dep', 'has_bipolar', 'has_anx_pan', 'has_brain_damage', 'has_epilepsy', 'has_alcol_dx', 'has_amphetamines_dx', 'has_cannabis_dx', 'has_cocaine_dx', 'has_sedatives_dx', 'ftnd', 'XTRT', 'shared', 'rbsivheroin', 'TLFB_Alcohol_Count', 'TLFB_Amphetamine_Count', 'TLFB_Benzodiazepine_Count', 'TLFB_Buprenorphine_Count', 'TLFB_Cocaine_Count', 'TLFB_Heroin_Count', 'TLFB_Methadone_Count', 'TLFB_Opioid_Count', 'TLFB_THC_Count', 'TLFB_Other', 'Homosexual_Behavior', 'Non_monogamous_Relationships']
2024-08-29 00:19:26,665 - INFO - Fitting logistic regression model with the selected features...
2024-08-29 00:19:26,952 - INFO - Model training completed successfully.
2024-08-29 00:19:26,952 - INFO - Calculating the dynamic threshold based on the proportion of positive outcomes...
2024-08-29 00:19:26,952 - INFO - Ratio of 1s to 0s in the outcome variable: 0.59 : 0.41
2024-08-29 00:19:26,952 - INFO - Dynamic threshold set to: 0.588
2024-08-29 00:19:26,952 - INFO - Model trained and saved successfully for subset 1.
2024-08-29 00:19:26,953 - INFO - ---------------------------
2024-08-29 00:19:26,953 - INFO - TRAIN MODEL STAGE COMPLETED FOR SUBSET 1
2024-08-29 00:19:26,953 - INFO - ---------------------------
2024-08-29 00:19:26,953 - INFO - --------------------------------
2024-08-29 00:19:26,953 - INFO - EVALUATE MODEL STAGE STARTING FOR SUBSET 1...
2024-08-29 00:19:26,953 - INFO - --------------------------------
2024-08-29 00:19:26,963 - INFO - ROC AUC Score: 0.6846311340070008
2024-08-29 00:19:26,963 - INFO - Confusion Matrix: 
[[79 24]
 [75 72]]
2024-08-29 00:19:26,963 - INFO - Precision: 0.75
2024-08-29 00:19:26,963 - INFO - Recall: 0.4897959183673469
2024-08-29 00:19:26,963 - INFO - Model evaluated successfully for subset 1.
2024-08-29 00:19:26,963 - INFO - ------------------------------
2024-08-29 00:19:26,963 - INFO - EVALUATE MODEL STAGE COMPLETED FOR SUBSET 1
2024-08-29 00:19:26,964 - INFO - ------------------------------
2024-08-29 00:19:26,964 - INFO - Subset 2 demographic makeup: 550 1, 222 3, 133 2, 95 4
2024-08-29 00:19:26,964 - INFO - Processing subset 2...
2024-08-29 00:19:26,964 - INFO - -----------------------------
2024-08-29 00:19:26,964 - INFO - TRAIN MODEL STAGE STARTING FOR SUBSET 2...
2024-08-29 00:19:26,964 - INFO - -----------------------------
2024-08-29 00:19:26,966 - INFO - Scaling features and applying LASSO for feature selection...
2024-08-29 00:19:27,053 - INFO - Selected features (including required): ['who', 'RaceEth', 'age', 'is_female', 'is_hispanic', 'unemployed', 'unstableliving', 'education', 'marital', 'UDS_Amphetamine_Count', 'UDS_Benzodiazepine_Count', 'UDS_Buprenorphine_Count', 'UDS_Cocaine_Count', 'UDS_Methadone_Count', 'UDS_Opioid_Count', 'UDS_Sedatives_Count', 'UDS_Thc_Count', 'pain', 'has_schizophrenia', 'has_major_dep', 'has_bipolar', 'has_anx_pan', 'has_brain_damage', 'has_epilepsy', 'has_alcol_dx', 'has_amphetamines_dx', 'has_cannabis_dx', 'has_cocaine_dx', 'has_sedatives_dx', 'ftnd', 'XTRT', 'shared', 'rbsivheroin', 'TLFB_Alcohol_Count', 'TLFB_Amphetamine_Count', 'TLFB_Benzodiazepine_Count', 'TLFB_Buprenorphine_Count', 'TLFB_Cocaine_Count', 'TLFB_Heroin_Count', 'TLFB_Methadone_Count', 'TLFB_Opioid_Count', 'TLFB_THC_Count', 'TLFB_Other', 'Homosexual_Behavior', 'Non_monogamous_Relationships']
2024-08-29 00:19:27,057 - INFO - Fitting logistic regression model with the selected features...
2024-08-29 00:19:27,266 - INFO - Model training completed successfully.
2024-08-29 00:19:27,266 - INFO - Calculating the dynamic threshold based on the proportion of positive outcomes...
2024-08-29 00:19:27,266 - INFO - Ratio of 1s to 0s in the outcome variable: 0.53 : 0.47
2024-08-29 00:19:27,266 - INFO - Dynamic threshold set to: 0.532
2024-08-29 00:19:27,266 - INFO - Model trained and saved successfully for subset 2.
2024-08-29 00:19:27,266 - INFO - ---------------------------
2024-08-29 00:19:27,266 - INFO - TRAIN MODEL STAGE COMPLETED FOR SUBSET 2
2024-08-29 00:19:27,266 - INFO - ---------------------------
2024-08-29 00:19:27,266 - INFO - --------------------------------
2024-08-29 00:19:27,266 - INFO - EVALUATE MODEL STAGE STARTING FOR SUBSET 2...
2024-08-29 00:19:27,266 - INFO - --------------------------------
2024-08-29 00:19:27,271 - INFO - ROC AUC Score: 0.6438532228005913
2024-08-29 00:19:27,271 - INFO - Confusion Matrix: 
[[71 46]
 [46 87]]
2024-08-29 00:19:27,271 - INFO - Precision: 0.6541353383458647
2024-08-29 00:19:27,271 - INFO - Recall: 0.6541353383458647
2024-08-29 00:19:27,271 - INFO - Model evaluated successfully for subset 2.
2024-08-29 00:19:27,271 - INFO - ------------------------------
2024-08-29 00:19:27,272 - INFO - EVALUATE MODEL STAGE COMPLETED FOR SUBSET 2
2024-08-29 00:19:27,272 - INFO - ------------------------------
2024-08-29 00:19:27,272 - INFO - Subset 3 demographic makeup: 600 1, 199 3, 117 2, 84 4
2024-08-29 00:19:27,272 - INFO - Processing subset 3...
2024-08-29 00:19:27,272 - INFO - -----------------------------
2024-08-29 00:19:27,272 - INFO - TRAIN MODEL STAGE STARTING FOR SUBSET 3...
2024-08-29 00:19:27,272 - INFO - -----------------------------
2024-08-29 00:19:27,274 - INFO - Scaling features and applying LASSO for feature selection...
2024-08-29 00:19:27,390 - INFO - Selected features (including required): ['who', 'RaceEth', 'age', 'is_female', 'is_hispanic', 'unemployed', 'unstableliving', 'education', 'marital', 'UDS_Amphetamine_Count', 'UDS_Benzodiazepine_Count', 'UDS_Buprenorphine_Count', 'UDS_Cocaine_Count', 'UDS_Methadone_Count', 'UDS_Opioid_Count', 'UDS_Sedatives_Count', 'UDS_Thc_Count', 'pain', 'has_schizophrenia', 'has_major_dep', 'has_bipolar', 'has_anx_pan', 'has_brain_damage', 'has_epilepsy', 'has_alcol_dx', 'has_amphetamines_dx', 'has_cannabis_dx', 'has_cocaine_dx', 'has_sedatives_dx', 'ftnd', 'XTRT', 'shared', 'rbsivheroin', 'TLFB_Alcohol_Count', 'TLFB_Amphetamine_Count', 'TLFB_Benzodiazepine_Count', 'TLFB_Buprenorphine_Count', 'TLFB_Cocaine_Count', 'TLFB_Heroin_Count', 'TLFB_Methadone_Count', 'TLFB_Opioid_Count', 'TLFB_THC_Count', 'TLFB_Other', 'Homosexual_Behavior', 'Non_monogamous_Relationships']
2024-08-29 00:19:27,393 - INFO - Fitting logistic regression model with the selected features...
2024-08-29 00:19:27,623 - INFO - Model training completed successfully.
2024-08-29 00:19:27,623 - INFO - Calculating the dynamic threshold based on the proportion of positive outcomes...
2024-08-29 00:19:27,623 - INFO - Ratio of 1s to 0s in the outcome variable: 0.54 : 0.46
2024-08-29 00:19:27,625 - INFO - Dynamic threshold set to: 0.544
2024-08-29 00:19:27,625 - INFO - Model trained and saved successfully for subset 3.
2024-08-29 00:19:27,625 - INFO - ---------------------------
2024-08-29 00:19:27,626 - INFO - TRAIN MODEL STAGE COMPLETED FOR SUBSET 3
2024-08-29 00:19:27,626 - INFO - ---------------------------
2024-08-29 00:19:27,626 - INFO - --------------------------------
2024-08-29 00:19:27,626 - INFO - EVALUATE MODEL STAGE STARTING FOR SUBSET 3...
2024-08-29 00:19:27,626 - INFO - --------------------------------
2024-08-29 00:19:27,636 - INFO - ROC AUC Score: 0.7089138286893705
2024-08-29 00:19:27,636 - INFO - Confusion Matrix: 
[[87 27]
 [62 74]]
2024-08-29 00:19:27,636 - INFO - Precision: 0.7326732673267327
2024-08-29 00:19:27,636 - INFO - Recall: 0.5441176470588235
2024-08-29 00:19:27,636 - INFO - Model evaluated successfully for subset 3.
2024-08-29 00:19:27,636 - INFO - ------------------------------
2024-08-29 00:19:27,636 - INFO - EVALUATE MODEL STAGE COMPLETED FOR SUBSET 3
2024-08-29 00:19:27,636 - INFO - ------------------------------
2024-08-29 00:19:27,639 - INFO - Subset 4 demographic makeup: 650 1, 174 3, 102 2, 74 4
2024-08-29 00:19:27,639 - INFO - Processing subset 4...
2024-08-29 00:19:27,639 - INFO - -----------------------------
2024-08-29 00:19:27,639 - INFO - TRAIN MODEL STAGE STARTING FOR SUBSET 4...
2024-08-29 00:19:27,640 - INFO - -----------------------------
2024-08-29 00:19:27,644 - INFO - Scaling features and applying LASSO for feature selection...
2024-08-29 00:19:27,763 - INFO - Selected features (including required): ['who', 'RaceEth', 'age', 'is_female', 'is_hispanic', 'unemployed', 'unstableliving', 'education', 'marital', 'UDS_Amphetamine_Count', 'UDS_Benzodiazepine_Count', 'UDS_Buprenorphine_Count', 'UDS_Cocaine_Count', 'UDS_Methadone_Count', 'UDS_Opioid_Count', 'UDS_Sedatives_Count', 'UDS_Thc_Count', 'pain', 'has_schizophrenia', 'has_major_dep', 'has_bipolar', 'has_anx_pan', 'has_brain_damage', 'has_epilepsy', 'has_alcol_dx', 'has_amphetamines_dx', 'has_cannabis_dx', 'has_cocaine_dx', 'has_sedatives_dx', 'ftnd', 'XTRT', 'shared', 'rbsivheroin', 'TLFB_Alcohol_Count', 'TLFB_Amphetamine_Count', 'TLFB_Benzodiazepine_Count', 'TLFB_Buprenorphine_Count', 'TLFB_Cocaine_Count', 'TLFB_Heroin_Count', 'TLFB_Methadone_Count', 'TLFB_Opioid_Count', 'TLFB_THC_Count', 'TLFB_Other', 'Homosexual_Behavior', 'Non_monogamous_Relationships']
2024-08-29 00:19:27,768 - INFO - Fitting logistic regression model with the selected features...
2024-08-29 00:19:28,133 - INFO - Model training completed successfully.
2024-08-29 00:19:28,133 - INFO - Calculating the dynamic threshold based on the proportion of positive outcomes...
2024-08-29 00:19:28,133 - INFO - Ratio of 1s to 0s in the outcome variable: 0.50 : 0.50
2024-08-29 00:19:28,134 - INFO - Dynamic threshold set to: 0.496
2024-08-29 00:19:28,134 - INFO - Model trained and saved successfully for subset 4.
2024-08-29 00:19:28,134 - INFO - ---------------------------
2024-08-29 00:19:28,134 - INFO - TRAIN MODEL STAGE COMPLETED FOR SUBSET 4
2024-08-29 00:19:28,134 - INFO - ---------------------------
2024-08-29 00:19:28,134 - INFO - --------------------------------
2024-08-29 00:19:28,134 - INFO - EVALUATE MODEL STAGE STARTING FOR SUBSET 4...
2024-08-29 00:19:28,134 - INFO - --------------------------------
2024-08-29 00:19:28,143 - INFO - ROC AUC Score: 0.6567460317460317
2024-08-29 00:19:28,143 - INFO - Confusion Matrix: 
[[64 62]
 [40 84]]
2024-08-29 00:19:28,143 - INFO - Precision: 0.5753424657534246
2024-08-29 00:19:28,143 - INFO - Recall: 0.6774193548387096
2024-08-29 00:19:28,143 - INFO - Model evaluated successfully for subset 4.
2024-08-29 00:19:28,143 - INFO - ------------------------------
2024-08-29 00:19:28,143 - INFO - EVALUATE MODEL STAGE COMPLETED FOR SUBSET 4
2024-08-29 00:19:28,143 - INFO - ------------------------------
2024-08-29 00:19:28,143 - INFO - Subset 5 demographic makeup: 700 1, 148 3, 86 2, 66 4
2024-08-29 00:19:28,143 - INFO - Processing subset 5...
2024-08-29 00:19:28,144 - INFO - -----------------------------
2024-08-29 00:19:28,144 - INFO - TRAIN MODEL STAGE STARTING FOR SUBSET 5...
2024-08-29 00:19:28,144 - INFO - -----------------------------
2024-08-29 00:19:28,146 - INFO - Scaling features and applying LASSO for feature selection...
2024-08-29 00:19:28,494 - INFO - Selected features (including required): ['who', 'RaceEth', 'age', 'is_female', 'is_hispanic', 'unemployed', 'unstableliving', 'education', 'marital', 'UDS_Amphetamine_Count', 'UDS_Benzodiazepine_Count', 'UDS_Buprenorphine_Count', 'UDS_Cocaine_Count', 'UDS_Methadone_Count', 'UDS_Opioid_Count', 'UDS_Sedatives_Count', 'UDS_Thc_Count', 'pain', 'has_schizophrenia', 'has_major_dep', 'has_bipolar', 'has_anx_pan', 'has_brain_damage', 'has_epilepsy', 'has_alcol_dx', 'has_amphetamines_dx', 'has_cannabis_dx', 'has_cocaine_dx', 'has_sedatives_dx', 'ftnd', 'XTRT', 'shared', 'rbsivheroin', 'TLFB_Alcohol_Count', 'TLFB_Amphetamine_Count', 'TLFB_Benzodiazepine_Count', 'TLFB_Buprenorphine_Count', 'TLFB_Cocaine_Count', 'TLFB_Heroin_Count', 'TLFB_Methadone_Count', 'TLFB_Opioid_Count', 'TLFB_THC_Count', 'TLFB_Other', 'Homosexual_Behavior', 'Non_monogamous_Relationships']
2024-08-29 00:19:28,495 - INFO - Fitting logistic regression model with the selected features...
2024-08-29 00:19:28,953 - INFO - Model training completed successfully.
2024-08-29 00:19:28,953 - INFO - Calculating the dynamic threshold based on the proportion of positive outcomes...
2024-08-29 00:19:28,954 - INFO - Ratio of 1s to 0s in the outcome variable: 0.50 : 0.50
2024-08-29 00:19:28,954 - INFO - Dynamic threshold set to: 0.504
2024-08-29 00:19:28,954 - INFO - Model trained and saved successfully for subset 5.
2024-08-29 00:19:28,954 - INFO - ---------------------------
2024-08-29 00:19:28,954 - INFO - TRAIN MODEL STAGE COMPLETED FOR SUBSET 5
2024-08-29 00:19:28,954 - INFO - ---------------------------
2024-08-29 00:19:28,954 - INFO - --------------------------------
2024-08-29 00:19:28,954 - INFO - EVALUATE MODEL STAGE STARTING FOR SUBSET 5...
2024-08-29 00:19:28,954 - INFO - --------------------------------
2024-08-29 00:19:28,963 - INFO - ROC AUC Score: 0.6374807987711213
2024-08-29 00:19:28,963 - INFO - Confusion Matrix: 
[[71 53]
 [47 79]]
2024-08-29 00:19:28,963 - INFO - Precision: 0.5984848484848485
2024-08-29 00:19:28,963 - INFO - Recall: 0.626984126984127
2024-08-29 00:19:28,963 - INFO - Model evaluated successfully for subset 5.
2024-08-29 00:19:28,963 - INFO - ------------------------------
2024-08-29 00:19:28,963 - INFO - EVALUATE MODEL STAGE COMPLETED FOR SUBSET 5
2024-08-29 00:19:28,963 - INFO - ------------------------------
2024-08-29 00:19:28,964 - INFO - Subset 6 demographic makeup: 750 1, 122 3, 72 2, 56 4
2024-08-29 00:19:28,964 - INFO - Processing subset 6...
2024-08-29 00:19:28,964 - INFO - -----------------------------
2024-08-29 00:19:28,964 - INFO - TRAIN MODEL STAGE STARTING FOR SUBSET 6...
2024-08-29 00:19:28,964 - INFO - -----------------------------
2024-08-29 00:19:28,966 - INFO - Scaling features and applying LASSO for feature selection...
2024-08-29 00:19:29,096 - INFO - Selected features (including required): ['who', 'RaceEth', 'age', 'is_female', 'is_hispanic', 'unemployed', 'unstableliving', 'education', 'marital', 'UDS_Amphetamine_Count', 'UDS_Benzodiazepine_Count', 'UDS_Buprenorphine_Count', 'UDS_Cocaine_Count', 'UDS_Methadone_Count', 'UDS_Opioid_Count', 'UDS_Sedatives_Count', 'UDS_Thc_Count', 'pain', 'has_schizophrenia', 'has_major_dep', 'has_bipolar', 'has_anx_pan', 'has_brain_damage', 'has_epilepsy', 'has_alcol_dx', 'has_amphetamines_dx', 'has_cannabis_dx', 'has_cocaine_dx', 'has_sedatives_dx', 'ftnd', 'XTRT', 'shared', 'rbsivheroin', 'TLFB_Alcohol_Count', 'TLFB_Amphetamine_Count', 'TLFB_Benzodiazepine_Count', 'TLFB_Buprenorphine_Count', 'TLFB_Cocaine_Count', 'TLFB_Heroin_Count', 'TLFB_Methadone_Count', 'TLFB_Opioid_Count', 'TLFB_THC_Count', 'TLFB_Other', 'Homosexual_Behavior', 'Non_monogamous_Relationships']
2024-08-29 00:19:29,100 - INFO - Fitting logistic regression model with the selected features...
2024-08-29 00:19:29,387 - INFO - Model training completed successfully.
2024-08-29 00:19:29,387 - INFO - Calculating the dynamic threshold based on the proportion of positive outcomes...
2024-08-29 00:19:29,387 - INFO - Ratio of 1s to 0s in the outcome variable: 0.51 : 0.49
2024-08-29 00:19:29,387 - INFO - Dynamic threshold set to: 0.512
2024-08-29 00:19:29,387 - INFO - Model trained and saved successfully for subset 6.
2024-08-29 00:19:29,387 - INFO - ---------------------------
2024-08-29 00:19:29,387 - INFO - TRAIN MODEL STAGE COMPLETED FOR SUBSET 6
2024-08-29 00:19:29,387 - INFO - ---------------------------
2024-08-29 00:19:29,387 - INFO - --------------------------------
2024-08-29 00:19:29,387 - INFO - EVALUATE MODEL STAGE STARTING FOR SUBSET 6...
2024-08-29 00:19:29,387 - INFO - --------------------------------
2024-08-29 00:19:29,399 - INFO - ROC AUC Score: 0.7071593237704917
2024-08-29 00:19:29,399 - INFO - Confusion Matrix: 
[[77 45]
 [41 87]]
2024-08-29 00:19:29,400 - INFO - Precision: 0.6590909090909091
2024-08-29 00:19:29,400 - INFO - Recall: 0.6796875
2024-08-29 00:19:29,400 - INFO - Model evaluated successfully for subset 6.
2024-08-29 00:19:29,400 - INFO - ------------------------------
2024-08-29 00:19:29,401 - INFO - EVALUATE MODEL STAGE COMPLETED FOR SUBSET 6
2024-08-29 00:19:29,401 - INFO - ------------------------------
2024-08-29 00:19:29,403 - INFO - Subset 7 demographic makeup: 800 1, 96 3, 59 2, 45 4
2024-08-29 00:19:29,404 - INFO - Processing subset 7...
2024-08-29 00:19:29,404 - INFO - -----------------------------
2024-08-29 00:19:29,404 - INFO - TRAIN MODEL STAGE STARTING FOR SUBSET 7...
2024-08-29 00:19:29,404 - INFO - -----------------------------
2024-08-29 00:19:29,409 - INFO - Scaling features and applying LASSO for feature selection...
2024-08-29 00:19:29,979 - INFO - Selected features (including required): ['who', 'RaceEth', 'age', 'is_female', 'is_hispanic', 'unemployed', 'unstableliving', 'education', 'marital', 'UDS_Amphetamine_Count', 'UDS_Benzodiazepine_Count', 'UDS_Buprenorphine_Count', 'UDS_Cocaine_Count', 'UDS_Methadone_Count', 'UDS_Opioid_Count', 'UDS_Sedatives_Count', 'UDS_Thc_Count', 'pain', 'has_schizophrenia', 'has_major_dep', 'has_bipolar', 'has_anx_pan', 'has_brain_damage', 'has_epilepsy', 'has_alcol_dx', 'has_amphetamines_dx', 'has_cannabis_dx', 'has_cocaine_dx', 'has_sedatives_dx', 'ftnd', 'XTRT', 'shared', 'rbsivheroin', 'TLFB_Alcohol_Count', 'TLFB_Amphetamine_Count', 'TLFB_Benzodiazepine_Count', 'TLFB_Buprenorphine_Count', 'TLFB_Cocaine_Count', 'TLFB_Heroin_Count', 'TLFB_Methadone_Count', 'TLFB_Opioid_Count', 'TLFB_THC_Count', 'TLFB_Other', 'Homosexual_Behavior', 'Non_monogamous_Relationships']
2024-08-29 00:19:29,981 - INFO - Fitting logistic regression model with the selected features...
2024-08-29 00:19:30,217 - INFO - Model training completed successfully.
2024-08-29 00:19:30,217 - INFO - Calculating the dynamic threshold based on the proportion of positive outcomes...
2024-08-29 00:19:30,217 - INFO - Ratio of 1s to 0s in the outcome variable: 0.52 : 0.48
2024-08-29 00:19:30,217 - INFO - Dynamic threshold set to: 0.516
2024-08-29 00:19:30,217 - INFO - Model trained and saved successfully for subset 7.
2024-08-29 00:19:30,217 - INFO - ---------------------------
2024-08-29 00:19:30,217 - INFO - TRAIN MODEL STAGE COMPLETED FOR SUBSET 7
2024-08-29 00:19:30,217 - INFO - ---------------------------
2024-08-29 00:19:30,217 - INFO - --------------------------------
2024-08-29 00:19:30,217 - INFO - EVALUATE MODEL STAGE STARTING FOR SUBSET 7...
2024-08-29 00:19:30,217 - INFO - --------------------------------
2024-08-29 00:19:30,222 - INFO - ROC AUC Score: 0.6386699980780318
2024-08-29 00:19:30,222 - INFO - Confusion Matrix: 
[[79 42]
 [52 77]]
2024-08-29 00:19:30,222 - INFO - Precision: 0.6470588235294118
2024-08-29 00:19:30,223 - INFO - Recall: 0.5968992248062015
2024-08-29 00:19:30,223 - INFO - Model evaluated successfully for subset 7.
2024-08-29 00:19:30,223 - INFO - ------------------------------
2024-08-29 00:19:30,223 - INFO - EVALUATE MODEL STAGE COMPLETED FOR SUBSET 7
2024-08-29 00:19:30,223 - INFO - ------------------------------
2024-08-29 00:19:30,223 - INFO - Subset 8 demographic makeup: 850 1, 69 3, 44 2, 37 4
2024-08-29 00:19:30,223 - INFO - Processing subset 8...
2024-08-29 00:19:30,223 - INFO - -----------------------------
2024-08-29 00:19:30,223 - INFO - TRAIN MODEL STAGE STARTING FOR SUBSET 8...
2024-08-29 00:19:30,223 - INFO - -----------------------------
2024-08-29 00:19:30,225 - INFO - Scaling features and applying LASSO for feature selection...
2024-08-29 00:19:30,608 - INFO - Selected features (including required): ['who', 'RaceEth', 'age', 'is_female', 'is_hispanic', 'unemployed', 'unstableliving', 'education', 'marital', 'UDS_Amphetamine_Count', 'UDS_Benzodiazepine_Count', 'UDS_Buprenorphine_Count', 'UDS_Cocaine_Count', 'UDS_Methadone_Count', 'UDS_Opioid_Count', 'UDS_Sedatives_Count', 'UDS_Thc_Count', 'pain', 'has_schizophrenia', 'has_major_dep', 'has_bipolar', 'has_anx_pan', 'has_brain_damage', 'has_epilepsy', 'has_alcol_dx', 'has_amphetamines_dx', 'has_cannabis_dx', 'has_cocaine_dx', 'has_sedatives_dx', 'ftnd', 'XTRT', 'shared', 'rbsivheroin', 'TLFB_Alcohol_Count', 'TLFB_Amphetamine_Count', 'TLFB_Benzodiazepine_Count', 'TLFB_Buprenorphine_Count', 'TLFB_Cocaine_Count', 'TLFB_Heroin_Count', 'TLFB_Methadone_Count', 'TLFB_Opioid_Count', 'TLFB_THC_Count', 'TLFB_Other', 'Homosexual_Behavior', 'Non_monogamous_Relationships']
2024-08-29 00:19:30,610 - INFO - Fitting logistic regression model with the selected features...
2024-08-29 00:19:30,877 - INFO - Model training completed successfully.
2024-08-29 00:19:30,877 - INFO - Calculating the dynamic threshold based on the proportion of positive outcomes...
2024-08-29 00:19:30,877 - INFO - Ratio of 1s to 0s in the outcome variable: 0.52 : 0.48
2024-08-29 00:19:30,877 - INFO - Dynamic threshold set to: 0.52
2024-08-29 00:19:30,877 - INFO - Model trained and saved successfully for subset 8.
2024-08-29 00:19:30,877 - INFO - ---------------------------
2024-08-29 00:19:30,877 - INFO - TRAIN MODEL STAGE COMPLETED FOR SUBSET 8
2024-08-29 00:19:30,877 - INFO - ---------------------------
2024-08-29 00:19:30,877 - INFO - --------------------------------
2024-08-29 00:19:30,877 - INFO - EVALUATE MODEL STAGE STARTING FOR SUBSET 8...
2024-08-29 00:19:30,877 - INFO - --------------------------------
2024-08-29 00:19:30,883 - INFO - ROC AUC Score: 0.6403205128205128
2024-08-29 00:19:30,883 - INFO - Confusion Matrix: 
[[70 50]
 [52 78]]
2024-08-29 00:19:30,884 - INFO - Precision: 0.609375
2024-08-29 00:19:30,884 - INFO - Recall: 0.6
2024-08-29 00:19:30,884 - INFO - Model evaluated successfully for subset 8.
2024-08-29 00:19:30,884 - INFO - ------------------------------
2024-08-29 00:19:30,884 - INFO - EVALUATE MODEL STAGE COMPLETED FOR SUBSET 8
2024-08-29 00:19:30,884 - INFO - ------------------------------
2024-08-29 00:19:30,884 - INFO - Subset 9 demographic makeup: 900 1, 47 3, 30 2, 23 4
2024-08-29 00:19:30,884 - INFO - Processing subset 9...
2024-08-29 00:19:30,884 - INFO - -----------------------------
2024-08-29 00:19:30,884 - INFO - TRAIN MODEL STAGE STARTING FOR SUBSET 9...
2024-08-29 00:19:30,884 - INFO - -----------------------------
2024-08-29 00:19:30,888 - INFO - Scaling features and applying LASSO for feature selection...
2024-08-29 00:19:31,006 - INFO - Selected features (including required): ['who', 'RaceEth', 'age', 'is_female', 'is_hispanic', 'unemployed', 'unstableliving', 'education', 'marital', 'UDS_Amphetamine_Count', 'UDS_Benzodiazepine_Count', 'UDS_Buprenorphine_Count', 'UDS_Cocaine_Count', 'UDS_Methadone_Count', 'UDS_Opioid_Count', 'UDS_Sedatives_Count', 'UDS_Thc_Count', 'pain', 'has_schizophrenia', 'has_major_dep', 'has_bipolar', 'has_anx_pan', 'has_brain_damage', 'has_epilepsy', 'has_alcol_dx', 'has_amphetamines_dx', 'has_cannabis_dx', 'has_cocaine_dx', 'has_sedatives_dx', 'ftnd', 'XTRT', 'shared', 'rbsivheroin', 'TLFB_Alcohol_Count', 'TLFB_Amphetamine_Count', 'TLFB_Benzodiazepine_Count', 'TLFB_Buprenorphine_Count', 'TLFB_Cocaine_Count', 'TLFB_Heroin_Count', 'TLFB_Methadone_Count', 'TLFB_Opioid_Count', 'TLFB_THC_Count', 'TLFB_Other', 'Homosexual_Behavior', 'Non_monogamous_Relationships']
2024-08-29 00:19:31,011 - INFO - Fitting logistic regression model with the selected features...
2024-08-29 00:19:31,386 - INFO - Model training completed successfully.
2024-08-29 00:19:31,386 - INFO - Calculating the dynamic threshold based on the proportion of positive outcomes...
2024-08-29 00:19:31,386 - INFO - Ratio of 1s to 0s in the outcome variable: 0.47 : 0.53
2024-08-29 00:19:31,386 - INFO - Dynamic threshold set to: 0.472
2024-08-29 00:19:31,386 - INFO - Model trained and saved successfully for subset 9.
2024-08-29 00:19:31,387 - INFO - ---------------------------
2024-08-29 00:19:31,387 - INFO - TRAIN MODEL STAGE COMPLETED FOR SUBSET 9
2024-08-29 00:19:31,387 - INFO - ---------------------------
2024-08-29 00:19:31,387 - INFO - --------------------------------
2024-08-29 00:19:31,387 - INFO - EVALUATE MODEL STAGE STARTING FOR SUBSET 9...
2024-08-29 00:19:31,387 - INFO - --------------------------------
2024-08-29 00:19:31,393 - INFO - ROC AUC Score: 0.614663585002568
2024-08-29 00:19:31,394 - INFO - Confusion Matrix: 
[[61 71]
 [37 81]]
2024-08-29 00:19:31,394 - INFO - Precision: 0.5328947368421053
2024-08-29 00:19:31,394 - INFO - Recall: 0.6864406779661016
2024-08-29 00:19:31,394 - INFO - Model evaluated successfully for subset 9.
2024-08-29 00:19:31,394 - INFO - ------------------------------
2024-08-29 00:19:31,394 - INFO - EVALUATE MODEL STAGE COMPLETED FOR SUBSET 9
2024-08-29 00:19:31,394 - INFO - ------------------------------
2024-08-29 00:19:31,395 - INFO - Subset 10 demographic makeup: 950 1, 24 3, 16 2, 10 4
2024-08-29 00:19:31,395 - INFO - Processing subset 10...
2024-08-29 00:19:31,395 - INFO - -----------------------------
2024-08-29 00:19:31,395 - INFO - TRAIN MODEL STAGE STARTING FOR SUBSET 10...
2024-08-29 00:19:31,396 - INFO - -----------------------------
2024-08-29 00:19:31,398 - INFO - Scaling features and applying LASSO for feature selection...
2024-08-29 00:19:31,540 - INFO - Selected features (including required): ['who', 'RaceEth', 'age', 'is_female', 'is_hispanic', 'unemployed', 'unstableliving', 'education', 'marital', 'UDS_Amphetamine_Count', 'UDS_Benzodiazepine_Count', 'UDS_Buprenorphine_Count', 'UDS_Cocaine_Count', 'UDS_Methadone_Count', 'UDS_Opioid_Count', 'UDS_Sedatives_Count', 'UDS_Thc_Count', 'pain', 'has_schizophrenia', 'has_major_dep', 'has_bipolar', 'has_anx_pan', 'has_brain_damage', 'has_epilepsy', 'has_alcol_dx', 'has_amphetamines_dx', 'has_cannabis_dx', 'has_cocaine_dx', 'has_sedatives_dx', 'ftnd', 'XTRT', 'shared', 'rbsivheroin', 'TLFB_Alcohol_Count', 'TLFB_Amphetamine_Count', 'TLFB_Benzodiazepine_Count', 'TLFB_Buprenorphine_Count', 'TLFB_Cocaine_Count', 'TLFB_Heroin_Count', 'TLFB_Methadone_Count', 'TLFB_Opioid_Count', 'TLFB_THC_Count', 'TLFB_Other', 'Homosexual_Behavior', 'Non_monogamous_Relationships']
2024-08-29 00:19:31,544 - INFO - Fitting logistic regression model with the selected features...
2024-08-29 00:19:31,747 - INFO - Model training completed successfully.
2024-08-29 00:19:31,748 - INFO - Calculating the dynamic threshold based on the proportion of positive outcomes...
2024-08-29 00:19:31,748 - INFO - Ratio of 1s to 0s in the outcome variable: 0.48 : 0.52
2024-08-29 00:19:31,748 - INFO - Dynamic threshold set to: 0.48
2024-08-29 00:19:31,748 - INFO - Model trained and saved successfully for subset 10.
2024-08-29 00:19:31,748 - INFO - ---------------------------
2024-08-29 00:19:31,748 - INFO - TRAIN MODEL STAGE COMPLETED FOR SUBSET 10
2024-08-29 00:19:31,748 - INFO - ---------------------------
2024-08-29 00:19:31,748 - INFO - --------------------------------
2024-08-29 00:19:31,748 - INFO - EVALUATE MODEL STAGE STARTING FOR SUBSET 10...
2024-08-29 00:19:31,748 - INFO - --------------------------------
2024-08-29 00:19:31,757 - INFO - ROC AUC Score: 0.6207051282051281
2024-08-29 00:19:31,757 - INFO - Confusion Matrix: 
[[53 77]
 [26 94]]
2024-08-29 00:19:31,757 - INFO - Precision: 0.5497076023391813
2024-08-29 00:19:31,757 - INFO - Recall: 0.7833333333333333
2024-08-29 00:19:31,757 - INFO - Model evaluated successfully for subset 10.
2024-08-29 00:19:31,757 - INFO - ------------------------------
2024-08-29 00:19:31,757 - INFO - EVALUATE MODEL STAGE COMPLETED FOR SUBSET 10
2024-08-29 00:19:31,757 - INFO - ------------------------------
2024-08-29 00:19:31,758 - INFO - Subset 11 demographic makeup: 1000 1
2024-08-29 00:19:31,758 - INFO - Processing subset 11...
2024-08-29 00:19:31,759 - INFO - -----------------------------
2024-08-29 00:19:31,759 - INFO - TRAIN MODEL STAGE STARTING FOR SUBSET 11...
2024-08-29 00:19:31,759 - INFO - -----------------------------
2024-08-29 00:19:31,762 - INFO - Scaling features and applying LASSO for feature selection...
2024-08-29 00:19:31,900 - INFO - Selected features (including required): ['who', 'age', 'is_female', 'unemployed', 'unstableliving', 'education', 'marital', 'UDS_Amphetamine_Count', 'UDS_Benzodiazepine_Count', 'UDS_Buprenorphine_Count', 'UDS_Cocaine_Count', 'UDS_Methadone_Count', 'UDS_Opioid_Count', 'UDS_Sedatives_Count', 'UDS_Thc_Count', 'pain', 'has_schizophrenia', 'has_major_dep', 'has_bipolar', 'has_anx_pan', 'has_brain_damage', 'has_epilepsy', 'has_alcol_dx', 'has_amphetamines_dx', 'has_cannabis_dx', 'has_cocaine_dx', 'has_sedatives_dx', 'ftnd', 'XTRT', 'shared', 'rbsivheroin', 'TLFB_Alcohol_Count', 'TLFB_Amphetamine_Count', 'TLFB_Benzodiazepine_Count', 'TLFB_Buprenorphine_Count', 'TLFB_Cocaine_Count', 'TLFB_Heroin_Count', 'TLFB_Methadone_Count', 'TLFB_Opioid_Count', 'TLFB_THC_Count', 'TLFB_Other', 'Homosexual_Behavior', 'Non_monogamous_Relationships']
2024-08-29 00:19:31,906 - INFO - Fitting logistic regression model with the selected features...
2024-08-29 00:19:32,220 - INFO - Model training completed successfully.
2024-08-29 00:19:32,220 - INFO - Calculating the dynamic threshold based on the proportion of positive outcomes...
2024-08-29 00:19:32,220 - INFO - Ratio of 1s to 0s in the outcome variable: 0.56 : 0.44
2024-08-29 00:19:32,220 - INFO - Dynamic threshold set to: 0.556
2024-08-29 00:19:32,220 - INFO - Model trained and saved successfully for subset 11.
2024-08-29 00:19:32,220 - INFO - ---------------------------
2024-08-29 00:19:32,221 - INFO - TRAIN MODEL STAGE COMPLETED FOR SUBSET 11
2024-08-29 00:19:32,221 - INFO - ---------------------------
2024-08-29 00:19:32,221 - INFO - --------------------------------
2024-08-29 00:19:32,221 - INFO - EVALUATE MODEL STAGE STARTING FOR SUBSET 11...
2024-08-29 00:19:32,221 - INFO - --------------------------------
2024-08-29 00:19:32,226 - INFO - ROC AUC Score: 0.6749627325166894
2024-08-29 00:19:32,226 - INFO - Confusion Matrix: 
[[78 33]
 [57 82]]
2024-08-29 00:19:32,226 - INFO - Precision: 0.7130434782608696
2024-08-29 00:19:32,226 - INFO - Recall: 0.5899280575539568
2024-08-29 00:19:32,226 - INFO - Model evaluated successfully for subset 11.
2024-08-29 00:19:32,226 - INFO - ------------------------------
2024-08-29 00:19:32,226 - INFO - EVALUATE MODEL STAGE COMPLETED FOR SUBSET 11
2024-08-29 00:19:32,226 - INFO - ------------------------------
2024-08-29 00:19:32,228 - INFO - Model predictions saved to csv successfully.
2024-08-29 00:19:32,228 - INFO - ------------------
2024-08-29 00:19:32,228 - INFO - PIPELINE COMPLETED
2024-08-29 00:19:32,228 - INFO - ------------------
