2024-08-07 12:37:06,287 - INFO - Global Seed set to: 4
2024-08-07 12:37:06,287 - INFO - Outcome Name: Rd_kostenB_1993
2024-08-07 12:37:06,334 - INFO - Datasets loaded successfully.
2024-08-07 12:37:06,338 - INFO - Starting preprocessing of the merged dataset...
2024-08-07 12:37:06,338 - INFO - ---------------------------------
2024-08-07 12:37:06,339 - INFO - PRE-PROCESSING STAGE STARTING...
2024-08-07 12:37:06,341 - INFO - ---------------------------------
2024-08-07 12:37:06,467 - INFO - Dropped initial columns: ['pain_when', 'is_smoker', 'per_day', 'max', 'amount', 'depression', 'anxiety', 'schizophrenia', 'max', 'amount', 'cocaine_inject_days', 'speedball_inject_days', 'opioid_inject_days', 'speed_inject_days', 'UDS_Alcohol_Count', 'UDS_Mdma/Hallucinogen_Count']
2024-08-07 12:37:06,506 - INFO - Converted Yes/No to binary.
2024-08-07 12:37:06,515 - INFO - Processed TLFB columns with specified columns: ['TLFB_Alcohol_Count', 'TLFB_Amphetamine_Count', 'TLFB_Cocaine_Count', 'TLFB_Heroin_Count', 'TLFB_Benzodiazepine_Count', 'TLFB_Opioid_Count', 'TLFB_THC_Count', 'TLFB_Methadone_Count', 'TLFB_Buprenorphine_Count']
2024-08-07 12:37:06,517 - INFO - Calculated behavioral columns.
2024-08-07 12:37:06,520 - INFO - Moved 'Rd_kostenB_1993' column to the end.
2024-08-07 12:37:06,603 - INFO - Dropped initial columns: ['msm_npt', 'msm_frq', 'txx_prt']
2024-08-07 12:37:06,617 - INFO - transform_data_with_nan_handling success
2024-08-07 12:37:06,618 - INFO - Renamed columns according to the mapping.
2024-08-07 12:37:06,644 - INFO - Transformed NaN to 0 for binary columns.
2024-08-07 12:37:06,645 - INFO - Transformed and renamed 'heroin_inject_days' column to 'rbsivheroin'.
2024-08-07 12:37:06,645 - INFO - Filled NaN with 0 for 'ftnd' column.
2024-08-07 12:37:06,727 - INFO - Dropped additional columns: ['rbs_iv_days', 'race', 'RBS_cocaine_Days', 'RBS_heroin_Days', 'RBS_opioid_Days', 'RBS_speed_Days', 'RBS_speedball_Days']
2024-08-07 12:37:06,762 - INFO - Converted UDS drug counts to binary.
2024-08-07 12:37:06,852 - INFO - ------------------------------
2024-08-07 12:37:06,853 - INFO - PRE-PROCESSING STAGE COMPLETED
2024-08-07 12:37:06,853 - INFO - ------------------------------
2024-08-07 12:37:06,854 - INFO - Merged dataset preprocessed successfully.
2024-08-07 12:37:06,855 - INFO - Creating demographic subsets from preprocessed data...
2024-08-07 12:37:14,478 - INFO - Created 11 subsets successfully.
2024-08-07 12:37:14,478 - INFO - Creating merged subsets from create_demographics_dfs function
2024-08-07 12:37:14,563 - INFO - Created 11 merged subsets successfully.
2024-08-07 12:37:14,565 - INFO - Subset 1 demographic makeup: 500 1, 248 3, 153 2, 99 4
2024-08-07 12:37:14,573 - INFO - Processing subset 1...
2024-08-07 12:37:14,576 - INFO - -----------------------------
2024-08-07 12:37:14,577 - INFO - TRAIN MODEL STAGE STARTING FOR SUBSET 1...
2024-08-07 12:37:14,577 - INFO - -----------------------------
2024-08-07 12:37:14,606 - INFO - Scaling features and applying LASSO for feature selection...
2024-08-07 12:37:16,400 - INFO - Selected features (including required): ['who', 'RaceEth', 'age', 'is_female', 'is_hispanic', 'unemployed', 'unstableliving', 'education', 'marital', 'UDS_Amphetamine_Count', 'UDS_Benzodiazepine_Count', 'UDS_Buprenorphine_Count', 'UDS_Cocaine_Count', 'UDS_Methadone_Count', 'UDS_Opioid_Count', 'UDS_Sedatives_Count', 'UDS_Thc_Count', 'pain', 'has_schizophrenia', 'has_major_dep', 'has_bipolar', 'has_anx_pan', 'has_brain_damage', 'has_epilepsy', 'has_opiates_dx', 'has_alcol_dx', 'has_amphetamines_dx', 'has_cannabis_dx', 'has_cocaine_dx', 'has_sedatives_dx', 'ftnd', 'XTRT', 'shared', 'rbsivheroin', 'TLFB_Alcohol_Count', 'TLFB_Amphetamine_Count', 'TLFB_Benzodiazepine_Count', 'TLFB_Buprenorphine_Count', 'TLFB_Cocaine_Count', 'TLFB_Heroin_Count', 'TLFB_Methadone_Count', 'TLFB_Opioid_Count', 'TLFB_THC_Count', 'TLFB_Other', 'Homosexual_Behavior', 'Non_monogamous_Relationships']
2024-08-07 12:37:16,406 - INFO - Fitting logistic regression model with the selected features...
2024-08-07 12:37:16,826 - INFO - Model training completed successfully.
2024-08-07 12:37:16,827 - INFO - Calculating the dynamic threshold based on the proportion of positive outcomes...
2024-08-07 12:37:16,827 - INFO - Ratio of 1s to 0s in the outcome variable: 0.43 : 0.57
2024-08-07 12:37:16,827 - INFO - Dynamic threshold set to: 0.428
2024-08-07 12:37:16,827 - INFO - Model trained and saved successfully for subset 1.
2024-08-07 12:37:16,827 - INFO - ---------------------------
2024-08-07 12:37:16,827 - INFO - TRAIN MODEL STAGE COMPLETED FOR SUBSET 1
2024-08-07 12:37:16,827 - INFO - ---------------------------
2024-08-07 12:37:16,827 - INFO - --------------------------------
2024-08-07 12:37:16,827 - INFO - EVALUATE MODEL STAGE STARTING FOR SUBSET 1...
2024-08-07 12:37:16,828 - INFO - --------------------------------
2024-08-07 12:37:16,839 - INFO - ROC AUC Score: 0.6540095418600089
2024-08-07 12:37:16,839 - INFO - Confusion Matrix: 
[[75 68]
 [25 82]]
2024-08-07 12:37:16,839 - INFO - Precision: 0.5466666666666666
2024-08-07 12:37:16,839 - INFO - Recall: 0.7663551401869159
2024-08-07 12:37:16,839 - INFO - Model evaluated successfully for subset 1.
2024-08-07 12:37:16,839 - INFO - ------------------------------
2024-08-07 12:37:16,840 - INFO - EVALUATE MODEL STAGE COMPLETED FOR SUBSET 1
2024-08-07 12:37:16,840 - INFO - ------------------------------
2024-08-07 12:37:16,841 - INFO - Subset 2 demographic makeup: 550 1, 221 3, 140 2, 89 4
2024-08-07 12:37:16,841 - INFO - Processing subset 2...
2024-08-07 12:37:16,841 - INFO - -----------------------------
2024-08-07 12:37:16,841 - INFO - TRAIN MODEL STAGE STARTING FOR SUBSET 2...
2024-08-07 12:37:16,841 - INFO - -----------------------------
2024-08-07 12:37:16,847 - INFO - Scaling features and applying LASSO for feature selection...
2024-08-07 12:37:18,701 - INFO - Selected features (including required): ['who', 'RaceEth', 'age', 'is_female', 'is_hispanic', 'unemployed', 'unstableliving', 'education', 'marital', 'UDS_Amphetamine_Count', 'UDS_Benzodiazepine_Count', 'UDS_Buprenorphine_Count', 'UDS_Cocaine_Count', 'UDS_Methadone_Count', 'UDS_Opioid_Count', 'UDS_Sedatives_Count', 'UDS_Thc_Count', 'pain', 'has_schizophrenia', 'has_major_dep', 'has_bipolar', 'has_anx_pan', 'has_brain_damage', 'has_epilepsy', 'has_opiates_dx', 'has_alcol_dx', 'has_amphetamines_dx', 'has_cannabis_dx', 'has_cocaine_dx', 'has_sedatives_dx', 'ftnd', 'XTRT', 'shared', 'rbsivheroin', 'TLFB_Alcohol_Count', 'TLFB_Amphetamine_Count', 'TLFB_Benzodiazepine_Count', 'TLFB_Buprenorphine_Count', 'TLFB_Cocaine_Count', 'TLFB_Heroin_Count', 'TLFB_Methadone_Count', 'TLFB_Opioid_Count', 'TLFB_THC_Count', 'TLFB_Other', 'Homosexual_Behavior', 'Non_monogamous_Relationships']
2024-08-07 12:37:18,706 - INFO - Fitting logistic regression model with the selected features...
2024-08-07 12:37:19,199 - INFO - Model training completed successfully.
2024-08-07 12:37:19,199 - INFO - Calculating the dynamic threshold based on the proportion of positive outcomes...
2024-08-07 12:37:19,200 - INFO - Ratio of 1s to 0s in the outcome variable: 0.48 : 0.52
2024-08-07 12:37:19,200 - INFO - Dynamic threshold set to: 0.48
2024-08-07 12:37:19,201 - INFO - Model trained and saved successfully for subset 2.
2024-08-07 12:37:19,202 - INFO - ---------------------------
2024-08-07 12:37:19,203 - INFO - TRAIN MODEL STAGE COMPLETED FOR SUBSET 2
2024-08-07 12:37:19,205 - INFO - ---------------------------
2024-08-07 12:37:19,205 - INFO - --------------------------------
2024-08-07 12:37:19,205 - INFO - EVALUATE MODEL STAGE STARTING FOR SUBSET 2...
2024-08-07 12:37:19,206 - INFO - --------------------------------
2024-08-07 12:37:19,228 - INFO - ROC AUC Score: 0.6501282051282051
2024-08-07 12:37:19,228 - INFO - Confusion Matrix: 
[[66 64]
 [34 86]]
2024-08-07 12:37:19,229 - INFO - Precision: 0.5733333333333334
2024-08-07 12:37:19,229 - INFO - Recall: 0.7166666666666667
2024-08-07 12:37:19,229 - INFO - Model evaluated successfully for subset 2.
2024-08-07 12:37:19,230 - INFO - ------------------------------
2024-08-07 12:37:19,230 - INFO - EVALUATE MODEL STAGE COMPLETED FOR SUBSET 2
2024-08-07 12:37:19,230 - INFO - ------------------------------
2024-08-07 12:37:19,237 - INFO - Subset 3 demographic makeup: 600 1, 195 3, 123 2, 82 4
2024-08-07 12:37:19,237 - INFO - Processing subset 3...
2024-08-07 12:37:19,238 - INFO - -----------------------------
2024-08-07 12:37:19,239 - INFO - TRAIN MODEL STAGE STARTING FOR SUBSET 3...
2024-08-07 12:37:19,239 - INFO - -----------------------------
2024-08-07 12:37:19,248 - INFO - Scaling features and applying LASSO for feature selection...
2024-08-07 12:37:21,448 - INFO - Selected features (including required): ['who', 'RaceEth', 'age', 'is_female', 'is_hispanic', 'unemployed', 'unstableliving', 'education', 'marital', 'UDS_Amphetamine_Count', 'UDS_Benzodiazepine_Count', 'UDS_Buprenorphine_Count', 'UDS_Cocaine_Count', 'UDS_Methadone_Count', 'UDS_Opioid_Count', 'UDS_Sedatives_Count', 'UDS_Thc_Count', 'pain', 'has_schizophrenia', 'has_major_dep', 'has_bipolar', 'has_anx_pan', 'has_brain_damage', 'has_epilepsy', 'has_opiates_dx', 'has_alcol_dx', 'has_amphetamines_dx', 'has_cannabis_dx', 'has_cocaine_dx', 'has_sedatives_dx', 'ftnd', 'XTRT', 'shared', 'rbsivheroin', 'TLFB_Alcohol_Count', 'TLFB_Amphetamine_Count', 'TLFB_Benzodiazepine_Count', 'TLFB_Buprenorphine_Count', 'TLFB_Cocaine_Count', 'TLFB_Heroin_Count', 'TLFB_Methadone_Count', 'TLFB_Opioid_Count', 'TLFB_THC_Count', 'TLFB_Other', 'Homosexual_Behavior', 'Non_monogamous_Relationships']
2024-08-07 12:37:21,460 - INFO - Fitting logistic regression model with the selected features...
2024-08-07 12:37:24,592 - INFO - Model training completed successfully.
2024-08-07 12:37:24,592 - INFO - Calculating the dynamic threshold based on the proportion of positive outcomes...
2024-08-07 12:37:24,592 - INFO - Ratio of 1s to 0s in the outcome variable: 0.54 : 0.46
2024-08-07 12:37:24,592 - INFO - Dynamic threshold set to: 0.536
2024-08-07 12:37:24,592 - INFO - Model trained and saved successfully for subset 3.
2024-08-07 12:37:24,592 - INFO - ---------------------------
2024-08-07 12:37:24,593 - INFO - TRAIN MODEL STAGE COMPLETED FOR SUBSET 3
2024-08-07 12:37:24,593 - INFO - ---------------------------
2024-08-07 12:37:24,593 - INFO - --------------------------------
2024-08-07 12:37:24,593 - INFO - EVALUATE MODEL STAGE STARTING FOR SUBSET 3...
2024-08-07 12:37:24,593 - INFO - --------------------------------
2024-08-07 12:37:24,608 - INFO - ROC AUC Score: 0.6744724652599073
2024-08-07 12:37:24,608 - INFO - Confusion Matrix: 
[[81 35]
 [59 75]]
2024-08-07 12:37:24,608 - INFO - Precision: 0.6818181818181818
2024-08-07 12:37:24,608 - INFO - Recall: 0.5597014925373134
2024-08-07 12:37:24,609 - INFO - Model evaluated successfully for subset 3.
2024-08-07 12:37:24,609 - INFO - ------------------------------
2024-08-07 12:37:24,609 - INFO - EVALUATE MODEL STAGE COMPLETED FOR SUBSET 3
2024-08-07 12:37:24,609 - INFO - ------------------------------
2024-08-07 12:37:24,610 - INFO - Subset 4 demographic makeup: 650 1, 169 3, 108 2, 73 4
2024-08-07 12:37:24,611 - INFO - Processing subset 4...
2024-08-07 12:37:24,611 - INFO - -----------------------------
2024-08-07 12:37:24,611 - INFO - TRAIN MODEL STAGE STARTING FOR SUBSET 4...
2024-08-07 12:37:24,611 - INFO - -----------------------------
2024-08-07 12:37:24,617 - INFO - Scaling features and applying LASSO for feature selection...
2024-08-07 12:37:27,251 - INFO - Selected features (including required): ['who', 'RaceEth', 'age', 'is_female', 'is_hispanic', 'unemployed', 'unstableliving', 'education', 'marital', 'UDS_Amphetamine_Count', 'UDS_Benzodiazepine_Count', 'UDS_Buprenorphine_Count', 'UDS_Cocaine_Count', 'UDS_Methadone_Count', 'UDS_Opioid_Count', 'UDS_Sedatives_Count', 'UDS_Thc_Count', 'pain', 'has_schizophrenia', 'has_major_dep', 'has_bipolar', 'has_anx_pan', 'has_brain_damage', 'has_epilepsy', 'has_opiates_dx', 'has_alcol_dx', 'has_amphetamines_dx', 'has_cannabis_dx', 'has_cocaine_dx', 'has_sedatives_dx', 'ftnd', 'XTRT', 'shared', 'rbsivheroin', 'TLFB_Alcohol_Count', 'TLFB_Amphetamine_Count', 'TLFB_Benzodiazepine_Count', 'TLFB_Buprenorphine_Count', 'TLFB_Cocaine_Count', 'TLFB_Heroin_Count', 'TLFB_Methadone_Count', 'TLFB_Opioid_Count', 'TLFB_THC_Count', 'TLFB_Other', 'Homosexual_Behavior', 'Non_monogamous_Relationships']
2024-08-07 12:37:27,352 - INFO - Fitting logistic regression model with the selected features...
2024-08-07 12:37:28,433 - INFO - Model training completed successfully.
2024-08-07 12:37:28,434 - INFO - Calculating the dynamic threshold based on the proportion of positive outcomes...
2024-08-07 12:37:28,434 - INFO - Ratio of 1s to 0s in the outcome variable: 0.56 : 0.44
2024-08-07 12:37:28,435 - INFO - Dynamic threshold set to: 0.556
2024-08-07 12:37:28,435 - INFO - Model trained and saved successfully for subset 4.
2024-08-07 12:37:28,435 - INFO - ---------------------------
2024-08-07 12:37:28,435 - INFO - TRAIN MODEL STAGE COMPLETED FOR SUBSET 4
2024-08-07 12:37:28,435 - INFO - ---------------------------
2024-08-07 12:37:28,435 - INFO - --------------------------------
2024-08-07 12:37:28,435 - INFO - EVALUATE MODEL STAGE STARTING FOR SUBSET 4...
2024-08-07 12:37:28,435 - INFO - --------------------------------
2024-08-07 12:37:28,481 - INFO - ROC AUC Score: 0.6677684879123728
2024-08-07 12:37:28,481 - INFO - Confusion Matrix: 
[[78 33]
 [74 65]]
2024-08-07 12:37:28,482 - INFO - Precision: 0.6632653061224489
2024-08-07 12:37:28,482 - INFO - Recall: 0.4676258992805755
2024-08-07 12:37:28,482 - INFO - Model evaluated successfully for subset 4.
2024-08-07 12:37:28,482 - INFO - ------------------------------
2024-08-07 12:37:28,482 - INFO - EVALUATE MODEL STAGE COMPLETED FOR SUBSET 4
2024-08-07 12:37:28,482 - INFO - ------------------------------
2024-08-07 12:37:28,484 - INFO - Subset 5 demographic makeup: 700 1, 145 3, 93 2, 62 4
2024-08-07 12:37:28,484 - INFO - Processing subset 5...
2024-08-07 12:37:28,484 - INFO - -----------------------------
2024-08-07 12:37:28,484 - INFO - TRAIN MODEL STAGE STARTING FOR SUBSET 5...
2024-08-07 12:37:28,484 - INFO - -----------------------------
2024-08-07 12:37:28,498 - INFO - Scaling features and applying LASSO for feature selection...
2024-08-07 12:37:30,898 - INFO - Selected features (including required): ['who', 'RaceEth', 'age', 'is_female', 'is_hispanic', 'unemployed', 'unstableliving', 'education', 'marital', 'UDS_Amphetamine_Count', 'UDS_Benzodiazepine_Count', 'UDS_Buprenorphine_Count', 'UDS_Cocaine_Count', 'UDS_Methadone_Count', 'UDS_Opioid_Count', 'UDS_Sedatives_Count', 'UDS_Thc_Count', 'pain', 'has_schizophrenia', 'has_major_dep', 'has_bipolar', 'has_anx_pan', 'has_brain_damage', 'has_epilepsy', 'has_opiates_dx', 'has_alcol_dx', 'has_amphetamines_dx', 'has_cannabis_dx', 'has_cocaine_dx', 'has_sedatives_dx', 'ftnd', 'XTRT', 'shared', 'rbsivheroin', 'TLFB_Alcohol_Count', 'TLFB_Amphetamine_Count', 'TLFB_Benzodiazepine_Count', 'TLFB_Buprenorphine_Count', 'TLFB_Cocaine_Count', 'TLFB_Heroin_Count', 'TLFB_Methadone_Count', 'TLFB_Opioid_Count', 'TLFB_THC_Count', 'TLFB_Other', 'Homosexual_Behavior', 'Non_monogamous_Relationships']
2024-08-07 12:37:30,904 - INFO - Fitting logistic regression model with the selected features...
2024-08-07 12:37:31,377 - INFO - Model training completed successfully.
2024-08-07 12:37:31,377 - INFO - Calculating the dynamic threshold based on the proportion of positive outcomes...
2024-08-07 12:37:31,377 - INFO - Ratio of 1s to 0s in the outcome variable: 0.48 : 0.52
2024-08-07 12:37:31,377 - INFO - Dynamic threshold set to: 0.48
2024-08-07 12:37:31,378 - INFO - Model trained and saved successfully for subset 5.
2024-08-07 12:37:31,378 - INFO - ---------------------------
2024-08-07 12:37:31,378 - INFO - TRAIN MODEL STAGE COMPLETED FOR SUBSET 5
2024-08-07 12:37:31,378 - INFO - ---------------------------
2024-08-07 12:37:31,378 - INFO - --------------------------------
2024-08-07 12:37:31,378 - INFO - EVALUATE MODEL STAGE STARTING FOR SUBSET 5...
2024-08-07 12:37:31,378 - INFO - --------------------------------
2024-08-07 12:37:31,391 - INFO - ROC AUC Score: 0.6412179487179487
2024-08-07 12:37:31,391 - INFO - Confusion Matrix: 
[[56 74]
 [30 90]]
2024-08-07 12:37:31,391 - INFO - Precision: 0.5487804878048781
2024-08-07 12:37:31,391 - INFO - Recall: 0.75
2024-08-07 12:37:31,392 - INFO - Model evaluated successfully for subset 5.
2024-08-07 12:37:31,392 - INFO - ------------------------------
2024-08-07 12:37:31,392 - INFO - EVALUATE MODEL STAGE COMPLETED FOR SUBSET 5
2024-08-07 12:37:31,392 - INFO - ------------------------------
2024-08-07 12:37:31,393 - INFO - Subset 6 demographic makeup: 750 1, 126 3, 73 2, 51 4
2024-08-07 12:37:31,393 - INFO - Processing subset 6...
2024-08-07 12:37:31,393 - INFO - -----------------------------
2024-08-07 12:37:31,393 - INFO - TRAIN MODEL STAGE STARTING FOR SUBSET 6...
2024-08-07 12:37:31,393 - INFO - -----------------------------
2024-08-07 12:37:31,402 - INFO - Scaling features and applying LASSO for feature selection...
2024-08-07 12:37:33,382 - INFO - Selected features (including required): ['who', 'RaceEth', 'age', 'is_female', 'is_hispanic', 'unemployed', 'unstableliving', 'education', 'marital', 'UDS_Amphetamine_Count', 'UDS_Benzodiazepine_Count', 'UDS_Buprenorphine_Count', 'UDS_Cocaine_Count', 'UDS_Methadone_Count', 'UDS_Opioid_Count', 'UDS_Sedatives_Count', 'UDS_Thc_Count', 'pain', 'has_schizophrenia', 'has_major_dep', 'has_bipolar', 'has_anx_pan', 'has_brain_damage', 'has_epilepsy', 'has_opiates_dx', 'has_alcol_dx', 'has_amphetamines_dx', 'has_cannabis_dx', 'has_cocaine_dx', 'has_sedatives_dx', 'ftnd', 'XTRT', 'shared', 'rbsivheroin', 'TLFB_Alcohol_Count', 'TLFB_Amphetamine_Count', 'TLFB_Benzodiazepine_Count', 'TLFB_Buprenorphine_Count', 'TLFB_Cocaine_Count', 'TLFB_Heroin_Count', 'TLFB_Methadone_Count', 'TLFB_Opioid_Count', 'TLFB_THC_Count', 'TLFB_Other', 'Homosexual_Behavior', 'Non_monogamous_Relationships']
2024-08-07 12:37:33,388 - INFO - Fitting logistic regression model with the selected features...
2024-08-07 12:37:34,029 - INFO - Model training completed successfully.
2024-08-07 12:37:34,030 - INFO - Calculating the dynamic threshold based on the proportion of positive outcomes...
2024-08-07 12:37:34,031 - INFO - Ratio of 1s to 0s in the outcome variable: 0.50 : 0.50
2024-08-07 12:37:34,031 - INFO - Dynamic threshold set to: 0.504
2024-08-07 12:37:34,038 - INFO - Model trained and saved successfully for subset 6.
2024-08-07 12:37:34,042 - INFO - ---------------------------
2024-08-07 12:37:34,049 - INFO - TRAIN MODEL STAGE COMPLETED FOR SUBSET 6
2024-08-07 12:37:34,051 - INFO - ---------------------------
2024-08-07 12:37:34,053 - INFO - --------------------------------
2024-08-07 12:37:34,059 - INFO - EVALUATE MODEL STAGE STARTING FOR SUBSET 6...
2024-08-07 12:37:34,059 - INFO - --------------------------------
2024-08-07 12:37:34,099 - INFO - ROC AUC Score: 0.6296082949308756
2024-08-07 12:37:34,100 - INFO - Confusion Matrix: 
[[61 63]
 [47 79]]
2024-08-07 12:37:34,100 - INFO - Precision: 0.5563380281690141
2024-08-07 12:37:34,101 - INFO - Recall: 0.626984126984127
2024-08-07 12:37:34,104 - INFO - Model evaluated successfully for subset 6.
2024-08-07 12:37:34,104 - INFO - ------------------------------
2024-08-07 12:37:34,104 - INFO - EVALUATE MODEL STAGE COMPLETED FOR SUBSET 6
2024-08-07 12:37:34,104 - INFO - ------------------------------
2024-08-07 12:37:34,106 - INFO - Subset 7 demographic makeup: 800 1, 104 3, 59 2, 37 4
2024-08-07 12:37:34,106 - INFO - Processing subset 7...
2024-08-07 12:37:34,106 - INFO - -----------------------------
2024-08-07 12:37:34,106 - INFO - TRAIN MODEL STAGE STARTING FOR SUBSET 7...
2024-08-07 12:37:34,106 - INFO - -----------------------------
2024-08-07 12:37:34,131 - INFO - Scaling features and applying LASSO for feature selection...
2024-08-07 12:37:37,377 - INFO - Selected features (including required): ['who', 'RaceEth', 'age', 'is_female', 'is_hispanic', 'unemployed', 'unstableliving', 'education', 'marital', 'UDS_Amphetamine_Count', 'UDS_Benzodiazepine_Count', 'UDS_Buprenorphine_Count', 'UDS_Cocaine_Count', 'UDS_Methadone_Count', 'UDS_Opioid_Count', 'UDS_Sedatives_Count', 'UDS_Thc_Count', 'pain', 'has_schizophrenia', 'has_major_dep', 'has_bipolar', 'has_anx_pan', 'has_brain_damage', 'has_epilepsy', 'has_opiates_dx', 'has_alcol_dx', 'has_amphetamines_dx', 'has_cannabis_dx', 'has_cocaine_dx', 'has_sedatives_dx', 'ftnd', 'XTRT', 'shared', 'rbsivheroin', 'TLFB_Alcohol_Count', 'TLFB_Amphetamine_Count', 'TLFB_Benzodiazepine_Count', 'TLFB_Buprenorphine_Count', 'TLFB_Cocaine_Count', 'TLFB_Heroin_Count', 'TLFB_Methadone_Count', 'TLFB_Opioid_Count', 'TLFB_THC_Count', 'TLFB_Other', 'Homosexual_Behavior', 'Non_monogamous_Relationships']
2024-08-07 12:37:37,383 - INFO - Fitting logistic regression model with the selected features...
2024-08-07 12:37:37,911 - INFO - Model training completed successfully.
2024-08-07 12:37:37,912 - INFO - Calculating the dynamic threshold based on the proportion of positive outcomes...
2024-08-07 12:37:37,912 - INFO - Ratio of 1s to 0s in the outcome variable: 0.47 : 0.53
2024-08-07 12:37:37,913 - INFO - Dynamic threshold set to: 0.472
2024-08-07 12:37:37,913 - INFO - Model trained and saved successfully for subset 7.
2024-08-07 12:37:37,914 - INFO - ---------------------------
2024-08-07 12:37:37,916 - INFO - TRAIN MODEL STAGE COMPLETED FOR SUBSET 7
2024-08-07 12:37:37,918 - INFO - ---------------------------
2024-08-07 12:37:37,918 - INFO - --------------------------------
2024-08-07 12:37:37,919 - INFO - EVALUATE MODEL STAGE STARTING FOR SUBSET 7...
2024-08-07 12:37:37,919 - INFO - --------------------------------
2024-08-07 12:37:37,945 - INFO - ROC AUC Score: 0.6438751926040062
2024-08-07 12:37:37,946 - INFO - Confusion Matrix: 
[[57 75]
 [27 91]]
2024-08-07 12:37:37,947 - INFO - Precision: 0.5481927710843374
2024-08-07 12:37:37,950 - INFO - Recall: 0.7711864406779662
2024-08-07 12:37:37,952 - INFO - Model evaluated successfully for subset 7.
2024-08-07 12:37:37,953 - INFO - ------------------------------
2024-08-07 12:37:37,953 - INFO - EVALUATE MODEL STAGE COMPLETED FOR SUBSET 7
2024-08-07 12:37:37,954 - INFO - ------------------------------
2024-08-07 12:37:37,957 - INFO - Subset 8 demographic makeup: 850 1, 77 3, 46 2, 27 4
2024-08-07 12:37:37,958 - INFO - Processing subset 8...
2024-08-07 12:37:37,959 - INFO - -----------------------------
2024-08-07 12:37:37,959 - INFO - TRAIN MODEL STAGE STARTING FOR SUBSET 8...
2024-08-07 12:37:37,960 - INFO - -----------------------------
2024-08-07 12:37:37,971 - INFO - Scaling features and applying LASSO for feature selection...
2024-08-07 12:37:39,943 - INFO - Selected features (including required): ['who', 'RaceEth', 'age', 'is_female', 'is_hispanic', 'unemployed', 'unstableliving', 'education', 'marital', 'UDS_Amphetamine_Count', 'UDS_Benzodiazepine_Count', 'UDS_Buprenorphine_Count', 'UDS_Cocaine_Count', 'UDS_Methadone_Count', 'UDS_Opioid_Count', 'UDS_Sedatives_Count', 'UDS_Thc_Count', 'pain', 'has_schizophrenia', 'has_major_dep', 'has_bipolar', 'has_anx_pan', 'has_brain_damage', 'has_epilepsy', 'has_opiates_dx', 'has_alcol_dx', 'has_amphetamines_dx', 'has_cannabis_dx', 'has_cocaine_dx', 'has_sedatives_dx', 'ftnd', 'XTRT', 'shared', 'rbsivheroin', 'TLFB_Alcohol_Count', 'TLFB_Amphetamine_Count', 'TLFB_Benzodiazepine_Count', 'TLFB_Buprenorphine_Count', 'TLFB_Cocaine_Count', 'TLFB_Heroin_Count', 'TLFB_Methadone_Count', 'TLFB_Opioid_Count', 'TLFB_THC_Count', 'TLFB_Other', 'Homosexual_Behavior', 'Non_monogamous_Relationships']
2024-08-07 12:37:39,948 - INFO - Fitting logistic regression model with the selected features...
2024-08-07 12:37:40,367 - INFO - Model training completed successfully.
2024-08-07 12:37:40,367 - INFO - Calculating the dynamic threshold based on the proportion of positive outcomes...
2024-08-07 12:37:40,367 - INFO - Ratio of 1s to 0s in the outcome variable: 0.55 : 0.45
2024-08-07 12:37:40,368 - INFO - Dynamic threshold set to: 0.552
2024-08-07 12:37:40,368 - INFO - Model trained and saved successfully for subset 8.
2024-08-07 12:37:40,368 - INFO - ---------------------------
2024-08-07 12:37:40,368 - INFO - TRAIN MODEL STAGE COMPLETED FOR SUBSET 8
2024-08-07 12:37:40,368 - INFO - ---------------------------
2024-08-07 12:37:40,368 - INFO - --------------------------------
2024-08-07 12:37:40,368 - INFO - EVALUATE MODEL STAGE STARTING FOR SUBSET 8...
2024-08-07 12:37:40,368 - INFO - --------------------------------
2024-08-07 12:37:40,380 - INFO - ROC AUC Score: 0.6554089026915113
2024-08-07 12:37:40,380 - INFO - Confusion Matrix: 
[[71 41]
 [53 85]]
2024-08-07 12:37:40,381 - INFO - Precision: 0.6746031746031746
2024-08-07 12:37:40,381 - INFO - Recall: 0.6159420289855072
2024-08-07 12:37:40,381 - INFO - Model evaluated successfully for subset 8.
2024-08-07 12:37:40,381 - INFO - ------------------------------
2024-08-07 12:37:40,381 - INFO - EVALUATE MODEL STAGE COMPLETED FOR SUBSET 8
2024-08-07 12:37:40,381 - INFO - ------------------------------
2024-08-07 12:37:40,382 - INFO - Subset 9 demographic makeup: 900 1, 50 3, 32 2, 18 4
2024-08-07 12:37:40,382 - INFO - Processing subset 9...
2024-08-07 12:37:40,382 - INFO - -----------------------------
2024-08-07 12:37:40,382 - INFO - TRAIN MODEL STAGE STARTING FOR SUBSET 9...
2024-08-07 12:37:40,382 - INFO - -----------------------------
2024-08-07 12:37:40,390 - INFO - Scaling features and applying LASSO for feature selection...
2024-08-07 12:37:42,446 - INFO - Selected features (including required): ['who', 'RaceEth', 'age', 'is_female', 'is_hispanic', 'unemployed', 'unstableliving', 'education', 'marital', 'UDS_Amphetamine_Count', 'UDS_Benzodiazepine_Count', 'UDS_Buprenorphine_Count', 'UDS_Cocaine_Count', 'UDS_Methadone_Count', 'UDS_Opioid_Count', 'UDS_Sedatives_Count', 'UDS_Thc_Count', 'pain', 'has_schizophrenia', 'has_major_dep', 'has_bipolar', 'has_anx_pan', 'has_brain_damage', 'has_epilepsy', 'has_opiates_dx', 'has_alcol_dx', 'has_amphetamines_dx', 'has_cannabis_dx', 'has_cocaine_dx', 'has_sedatives_dx', 'ftnd', 'XTRT', 'shared', 'rbsivheroin', 'TLFB_Alcohol_Count', 'TLFB_Amphetamine_Count', 'TLFB_Benzodiazepine_Count', 'TLFB_Buprenorphine_Count', 'TLFB_Cocaine_Count', 'TLFB_Heroin_Count', 'TLFB_Methadone_Count', 'TLFB_Opioid_Count', 'TLFB_THC_Count', 'TLFB_Other', 'Homosexual_Behavior', 'Non_monogamous_Relationships']
2024-08-07 12:37:42,452 - INFO - Fitting logistic regression model with the selected features...
2024-08-07 12:37:42,976 - INFO - Model training completed successfully.
2024-08-07 12:37:42,977 - INFO - Calculating the dynamic threshold based on the proportion of positive outcomes...
2024-08-07 12:37:42,977 - INFO - Ratio of 1s to 0s in the outcome variable: 0.52 : 0.48
2024-08-07 12:37:42,977 - INFO - Dynamic threshold set to: 0.524
2024-08-07 12:37:42,977 - INFO - Model trained and saved successfully for subset 9.
2024-08-07 12:37:42,977 - INFO - ---------------------------
2024-08-07 12:37:42,977 - INFO - TRAIN MODEL STAGE COMPLETED FOR SUBSET 9
2024-08-07 12:37:42,977 - INFO - ---------------------------
2024-08-07 12:37:42,978 - INFO - --------------------------------
2024-08-07 12:37:42,978 - INFO - EVALUATE MODEL STAGE STARTING FOR SUBSET 9...
2024-08-07 12:37:42,978 - INFO - --------------------------------
2024-08-07 12:37:42,990 - INFO - ROC AUC Score: 0.6583488357174931
2024-08-07 12:37:42,990 - INFO - Confusion Matrix: 
[[71 48]
 [49 82]]
2024-08-07 12:37:42,990 - INFO - Precision: 0.6307692307692307
2024-08-07 12:37:42,991 - INFO - Recall: 0.6259541984732825
2024-08-07 12:37:42,991 - INFO - Model evaluated successfully for subset 9.
2024-08-07 12:37:42,991 - INFO - ------------------------------
2024-08-07 12:37:42,991 - INFO - EVALUATE MODEL STAGE COMPLETED FOR SUBSET 9
2024-08-07 12:37:42,991 - INFO - ------------------------------
2024-08-07 12:37:42,992 - INFO - Subset 10 demographic makeup: 950 1, 25 3, 16 2, 9 4
2024-08-07 12:37:42,992 - INFO - Processing subset 10...
2024-08-07 12:37:42,992 - INFO - -----------------------------
2024-08-07 12:37:42,992 - INFO - TRAIN MODEL STAGE STARTING FOR SUBSET 10...
2024-08-07 12:37:42,992 - INFO - -----------------------------
2024-08-07 12:37:43,000 - INFO - Scaling features and applying LASSO for feature selection...
2024-08-07 12:37:45,089 - INFO - Selected features (including required): ['who', 'RaceEth', 'age', 'is_female', 'is_hispanic', 'unemployed', 'unstableliving', 'education', 'marital', 'UDS_Amphetamine_Count', 'UDS_Benzodiazepine_Count', 'UDS_Buprenorphine_Count', 'UDS_Cocaine_Count', 'UDS_Methadone_Count', 'UDS_Opioid_Count', 'UDS_Sedatives_Count', 'UDS_Thc_Count', 'pain', 'has_schizophrenia', 'has_major_dep', 'has_bipolar', 'has_anx_pan', 'has_brain_damage', 'has_epilepsy', 'has_opiates_dx', 'has_alcol_dx', 'has_amphetamines_dx', 'has_cannabis_dx', 'has_cocaine_dx', 'has_sedatives_dx', 'ftnd', 'XTRT', 'shared', 'rbsivheroin', 'TLFB_Alcohol_Count', 'TLFB_Amphetamine_Count', 'TLFB_Benzodiazepine_Count', 'TLFB_Buprenorphine_Count', 'TLFB_Cocaine_Count', 'TLFB_Heroin_Count', 'TLFB_Methadone_Count', 'TLFB_Opioid_Count', 'TLFB_THC_Count', 'TLFB_Other', 'Homosexual_Behavior', 'Non_monogamous_Relationships']
2024-08-07 12:37:45,094 - INFO - Fitting logistic regression model with the selected features...
2024-08-07 12:37:45,518 - INFO - Model training completed successfully.
2024-08-07 12:37:45,518 - INFO - Calculating the dynamic threshold based on the proportion of positive outcomes...
2024-08-07 12:37:45,518 - INFO - Ratio of 1s to 0s in the outcome variable: 0.52 : 0.48
2024-08-07 12:37:45,519 - INFO - Dynamic threshold set to: 0.524
2024-08-07 12:37:45,519 - INFO - Model trained and saved successfully for subset 10.
2024-08-07 12:37:45,519 - INFO - ---------------------------
2024-08-07 12:37:45,519 - INFO - TRAIN MODEL STAGE COMPLETED FOR SUBSET 10
2024-08-07 12:37:45,519 - INFO - ---------------------------
2024-08-07 12:37:45,519 - INFO - --------------------------------
2024-08-07 12:37:45,519 - INFO - EVALUATE MODEL STAGE STARTING FOR SUBSET 10...
2024-08-07 12:37:45,519 - INFO - --------------------------------
2024-08-07 12:37:45,531 - INFO - ROC AUC Score: 0.6199243056001026
2024-08-07 12:37:45,532 - INFO - Confusion Matrix: 
[[59 60]
 [49 82]]
2024-08-07 12:37:45,532 - INFO - Precision: 0.5774647887323944
2024-08-07 12:37:45,532 - INFO - Recall: 0.6259541984732825
2024-08-07 12:37:45,532 - INFO - Model evaluated successfully for subset 10.
2024-08-07 12:37:45,532 - INFO - ------------------------------
2024-08-07 12:37:45,532 - INFO - EVALUATE MODEL STAGE COMPLETED FOR SUBSET 10
2024-08-07 12:37:45,532 - INFO - ------------------------------
2024-08-07 12:37:45,534 - INFO - Subset 11 demographic makeup: 1000 1
2024-08-07 12:37:45,534 - INFO - Processing subset 11...
2024-08-07 12:37:45,534 - INFO - -----------------------------
2024-08-07 12:37:45,534 - INFO - TRAIN MODEL STAGE STARTING FOR SUBSET 11...
2024-08-07 12:37:45,534 - INFO - -----------------------------
2024-08-07 12:37:45,541 - INFO - Scaling features and applying LASSO for feature selection...
2024-08-07 12:37:47,857 - INFO - Selected features (including required): ['who', 'age', 'is_female', 'unemployed', 'unstableliving', 'education', 'marital', 'UDS_Amphetamine_Count', 'UDS_Benzodiazepine_Count', 'UDS_Buprenorphine_Count', 'UDS_Cocaine_Count', 'UDS_Methadone_Count', 'UDS_Opioid_Count', 'UDS_Sedatives_Count', 'UDS_Thc_Count', 'pain', 'has_schizophrenia', 'has_major_dep', 'has_bipolar', 'has_anx_pan', 'has_brain_damage', 'has_epilepsy', 'has_opiates_dx', 'has_alcol_dx', 'has_amphetamines_dx', 'has_cannabis_dx', 'has_cocaine_dx', 'has_sedatives_dx', 'ftnd', 'XTRT', 'shared', 'rbsivheroin', 'TLFB_Alcohol_Count', 'TLFB_Amphetamine_Count', 'TLFB_Benzodiazepine_Count', 'TLFB_Buprenorphine_Count', 'TLFB_Cocaine_Count', 'TLFB_Heroin_Count', 'TLFB_Methadone_Count', 'TLFB_Opioid_Count', 'TLFB_THC_Count', 'TLFB_Other', 'Homosexual_Behavior', 'Non_monogamous_Relationships']
2024-08-07 12:37:47,862 - INFO - Fitting logistic regression model with the selected features...
2024-08-07 12:37:48,300 - INFO - Model training completed successfully.
2024-08-07 12:37:48,301 - INFO - Calculating the dynamic threshold based on the proportion of positive outcomes...
2024-08-07 12:37:48,301 - INFO - Ratio of 1s to 0s in the outcome variable: 0.54 : 0.46
2024-08-07 12:37:48,301 - INFO - Dynamic threshold set to: 0.544
2024-08-07 12:37:48,301 - INFO - Model trained and saved successfully for subset 11.
2024-08-07 12:37:48,301 - INFO - ---------------------------
2024-08-07 12:37:48,301 - INFO - TRAIN MODEL STAGE COMPLETED FOR SUBSET 11
2024-08-07 12:37:48,301 - INFO - ---------------------------
2024-08-07 12:37:48,301 - INFO - --------------------------------
2024-08-07 12:37:48,301 - INFO - EVALUATE MODEL STAGE STARTING FOR SUBSET 11...
2024-08-07 12:37:48,301 - INFO - --------------------------------
2024-08-07 12:37:48,314 - INFO - ROC AUC Score: 0.6741486068111455
2024-08-07 12:37:48,314 - INFO - Confusion Matrix: 
[[67 47]
 [50 86]]
2024-08-07 12:37:48,315 - INFO - Precision: 0.6466165413533834
2024-08-07 12:37:48,315 - INFO - Recall: 0.6323529411764706
2024-08-07 12:37:48,315 - INFO - Model evaluated successfully for subset 11.
2024-08-07 12:37:48,315 - INFO - ------------------------------
2024-08-07 12:37:48,315 - INFO - EVALUATE MODEL STAGE COMPLETED FOR SUBSET 11
2024-08-07 12:37:48,315 - INFO - ------------------------------
2024-08-07 12:37:48,315 - INFO - ------------------
2024-08-07 12:37:48,315 - INFO - PIPELINE COMPLETED
2024-08-07 12:37:48,315 - INFO - ------------------
