2024-08-27 14:31:02,442 - INFO - Global Seed set to: 42
2024-08-27 14:31:02,443 - INFO - Outcome Name: Rd_kostenB_1993
2024-08-27 14:31:02,487 - INFO - Datasets loaded successfully.
2024-08-27 14:31:02,495 - INFO - Starting preprocessing of the merged dataset...
2024-08-27 14:31:02,495 - INFO - ---------------------------------
2024-08-27 14:31:02,496 - INFO - PRE-PROCESSING STAGE STARTING...
2024-08-27 14:31:02,497 - INFO - ---------------------------------
2024-08-27 14:31:02,604 - INFO - Dropped initial columns: ['pain_when', 'is_smoker', 'per_day', 'max', 'amount', 'depression', 'anxiety', 'schizophrenia', 'max', 'amount', 'cocaine_inject_days', 'speedball_inject_days', 'opioid_inject_days', 'speed_inject_days', 'UDS_Alcohol_Count', 'UDS_Mdma/Hallucinogen_Count']
2024-08-27 14:31:02,659 - INFO - Converted Yes/No to binary.
2024-08-27 14:31:02,668 - INFO - Processed TLFB columns with specified columns: ['TLFB_Alcohol_Count', 'TLFB_Amphetamine_Count', 'TLFB_Cocaine_Count', 'TLFB_Heroin_Count', 'TLFB_Benzodiazepine_Count', 'TLFB_Opioid_Count', 'TLFB_THC_Count', 'TLFB_Methadone_Count', 'TLFB_Buprenorphine_Count']
2024-08-27 14:31:02,671 - INFO - Calculated behavioral columns.
2024-08-27 14:31:02,673 - INFO - Moved 'Rd_kostenB_1993' column to the end.
2024-08-27 14:31:02,762 - INFO - Dropped initial columns: ['msm_npt', 'msm_frq', 'txx_prt']
2024-08-27 14:31:02,779 - INFO - transform_data_with_nan_handling success
2024-08-27 14:31:02,780 - INFO - Renamed columns according to the mapping.
2024-08-27 14:31:02,804 - INFO - Transformed NaN to 0 for binary columns.
2024-08-27 14:31:02,805 - INFO - Transformed and renamed 'heroin_inject_days' column to 'rbsivheroin'.
2024-08-27 14:31:02,806 - INFO - Filled NaN with 0 for 'ftnd' column.
2024-08-27 14:31:02,887 - INFO - Dropped additional columns: ['rbs_iv_days', 'race', 'RBS_cocaine_Days', 'RBS_heroin_Days', 'RBS_opioid_Days', 'RBS_speed_Days', 'RBS_speedball_Days']
2024-08-27 14:31:02,904 - INFO - Converted UDS drug counts to binary.
2024-08-27 14:31:02,970 - INFO - ------------------------------
2024-08-27 14:31:02,970 - INFO - PRE-PROCESSING STAGE COMPLETED
2024-08-27 14:31:02,971 - INFO - ------------------------------
2024-08-27 14:31:02,971 - INFO - Merged dataset preprocessed successfully.
2024-08-27 14:31:02,971 - INFO - Creating demographic subsets from preprocessed data...
2024-08-27 14:31:03,126 - INFO - Created 11 subsets successfully.
2024-08-27 14:31:03,127 - INFO - Creating merged subsets from create_demographics_dfs function
2024-08-27 14:31:03,212 - INFO - Created 11 merged subsets successfully.
2024-08-27 14:31:03,214 - INFO - Subset 1 demographic makeup: 500 1, 248 3, 150 2, 102 4
2024-08-27 14:31:03,214 - INFO - Processing subset 1...
2024-08-27 14:31:03,214 - INFO - -----------------------------
2024-08-27 14:31:03,214 - INFO - TRAIN MODEL STAGE STARTING FOR SUBSET 1...
2024-08-27 14:31:03,214 - INFO - -----------------------------
2024-08-27 14:31:03,219 - INFO - Scaling features and applying LASSO for feature selection...
2024-08-27 14:31:03,446 - INFO - Selected features (including required): ['who', 'RaceEth', 'age', 'is_female', 'is_hispanic', 'unemployed', 'unstableliving', 'education', 'marital', 'UDS_Amphetamine_Count', 'UDS_Benzodiazepine_Count', 'UDS_Buprenorphine_Count', 'UDS_Cocaine_Count', 'UDS_Methadone_Count', 'UDS_Opioid_Count', 'UDS_Sedatives_Count', 'UDS_Thc_Count', 'pain', 'has_schizophrenia', 'has_major_dep', 'has_bipolar', 'has_anx_pan', 'has_brain_damage', 'has_epilepsy', 'has_alcol_dx', 'has_amphetamines_dx', 'has_cannabis_dx', 'has_cocaine_dx', 'has_sedatives_dx', 'ftnd', 'XTRT', 'shared', 'rbsivheroin', 'TLFB_Alcohol_Count', 'TLFB_Amphetamine_Count', 'TLFB_Benzodiazepine_Count', 'TLFB_Buprenorphine_Count', 'TLFB_Cocaine_Count', 'TLFB_Heroin_Count', 'TLFB_Methadone_Count', 'TLFB_Opioid_Count', 'TLFB_THC_Count', 'TLFB_Other', 'Homosexual_Behavior', 'Non_monogamous_Relationships']
2024-08-27 14:31:03,452 - INFO - Fitting logistic regression model with the selected features...
2024-08-27 14:31:04,901 - INFO - Model training completed successfully.
2024-08-27 14:31:04,901 - INFO - Calculating the dynamic threshold based on the proportion of positive outcomes...
2024-08-27 14:31:04,901 - INFO - Ratio of 1s to 0s in the outcome variable: 0.59 : 0.41
2024-08-27 14:31:04,903 - INFO - Dynamic threshold set to: 0.588
2024-08-27 14:31:04,903 - INFO - Model trained and saved successfully for subset 1.
2024-08-27 14:31:04,904 - INFO - ---------------------------
2024-08-27 14:31:04,904 - INFO - TRAIN MODEL STAGE COMPLETED FOR SUBSET 1
2024-08-27 14:31:04,905 - INFO - ---------------------------
2024-08-27 14:31:04,908 - INFO - --------------------------------
2024-08-27 14:31:04,909 - INFO - EVALUATE MODEL STAGE STARTING FOR SUBSET 1...
2024-08-27 14:31:04,910 - INFO - --------------------------------
2024-08-27 14:31:04,930 - INFO - ROC AUC Score: 0.6867446007529225
2024-08-27 14:31:04,931 - INFO - Confusion Matrix: 
[[79 24]
 [74 73]]
2024-08-27 14:31:04,932 - INFO - Precision: 0.7525773195876289
2024-08-27 14:31:04,933 - INFO - Recall: 0.4965986394557823
2024-08-27 14:31:04,933 - INFO - Model evaluated successfully for subset 1.
2024-08-27 14:31:04,934 - INFO - ------------------------------
2024-08-27 14:31:04,934 - INFO - EVALUATE MODEL STAGE COMPLETED FOR SUBSET 1
2024-08-27 14:31:04,935 - INFO - ------------------------------
2024-08-27 14:31:04,939 - INFO - Subset 2 demographic makeup: 550 1, 222 3, 133 2, 95 4
2024-08-27 14:31:04,939 - INFO - Processing subset 2...
2024-08-27 14:31:04,939 - INFO - -----------------------------
2024-08-27 14:31:04,941 - INFO - TRAIN MODEL STAGE STARTING FOR SUBSET 2...
2024-08-27 14:31:04,941 - INFO - -----------------------------
2024-08-27 14:31:04,952 - INFO - Scaling features and applying LASSO for feature selection...
2024-08-27 14:31:05,228 - INFO - Selected features (including required): ['who', 'RaceEth', 'age', 'is_female', 'is_hispanic', 'unemployed', 'unstableliving', 'education', 'marital', 'UDS_Amphetamine_Count', 'UDS_Benzodiazepine_Count', 'UDS_Buprenorphine_Count', 'UDS_Cocaine_Count', 'UDS_Methadone_Count', 'UDS_Opioid_Count', 'UDS_Sedatives_Count', 'UDS_Thc_Count', 'pain', 'has_schizophrenia', 'has_major_dep', 'has_bipolar', 'has_anx_pan', 'has_brain_damage', 'has_epilepsy', 'has_alcol_dx', 'has_amphetamines_dx', 'has_cannabis_dx', 'has_cocaine_dx', 'has_sedatives_dx', 'ftnd', 'XTRT', 'shared', 'rbsivheroin', 'TLFB_Alcohol_Count', 'TLFB_Amphetamine_Count', 'TLFB_Benzodiazepine_Count', 'TLFB_Buprenorphine_Count', 'TLFB_Cocaine_Count', 'TLFB_Heroin_Count', 'TLFB_Methadone_Count', 'TLFB_Opioid_Count', 'TLFB_THC_Count', 'TLFB_Other', 'Homosexual_Behavior', 'Non_monogamous_Relationships']
2024-08-27 14:31:05,234 - INFO - Fitting logistic regression model with the selected features...
2024-08-27 14:31:05,779 - INFO - Model training completed successfully.
2024-08-27 14:31:05,779 - INFO - Calculating the dynamic threshold based on the proportion of positive outcomes...
2024-08-27 14:31:05,780 - INFO - Ratio of 1s to 0s in the outcome variable: 0.53 : 0.47
2024-08-27 14:31:05,780 - INFO - Dynamic threshold set to: 0.532
2024-08-27 14:31:05,780 - INFO - Model trained and saved successfully for subset 2.
2024-08-27 14:31:05,780 - INFO - ---------------------------
2024-08-27 14:31:05,780 - INFO - TRAIN MODEL STAGE COMPLETED FOR SUBSET 2
2024-08-27 14:31:05,780 - INFO - ---------------------------
2024-08-27 14:31:05,781 - INFO - --------------------------------
2024-08-27 14:31:05,781 - INFO - EVALUATE MODEL STAGE STARTING FOR SUBSET 2...
2024-08-27 14:31:05,781 - INFO - --------------------------------
2024-08-27 14:31:05,795 - INFO - ROC AUC Score: 0.644367328577855
2024-08-27 14:31:05,796 - INFO - Confusion Matrix: 
[[71 46]
 [47 86]]
2024-08-27 14:31:05,796 - INFO - Precision: 0.6515151515151515
2024-08-27 14:31:05,796 - INFO - Recall: 0.6466165413533834
2024-08-27 14:31:05,797 - INFO - Model evaluated successfully for subset 2.
2024-08-27 14:31:05,797 - INFO - ------------------------------
2024-08-27 14:31:05,797 - INFO - EVALUATE MODEL STAGE COMPLETED FOR SUBSET 2
2024-08-27 14:31:05,797 - INFO - ------------------------------
2024-08-27 14:31:05,799 - INFO - Subset 3 demographic makeup: 600 1, 199 3, 117 2, 84 4
2024-08-27 14:31:05,799 - INFO - Processing subset 3...
2024-08-27 14:31:05,799 - INFO - -----------------------------
2024-08-27 14:31:05,800 - INFO - TRAIN MODEL STAGE STARTING FOR SUBSET 3...
2024-08-27 14:31:05,800 - INFO - -----------------------------
2024-08-27 14:31:05,806 - INFO - Scaling features and applying LASSO for feature selection...
2024-08-27 14:31:06,057 - INFO - Selected features (including required): ['who', 'RaceEth', 'age', 'is_female', 'is_hispanic', 'unemployed', 'unstableliving', 'education', 'marital', 'UDS_Amphetamine_Count', 'UDS_Benzodiazepine_Count', 'UDS_Buprenorphine_Count', 'UDS_Cocaine_Count', 'UDS_Methadone_Count', 'UDS_Opioid_Count', 'UDS_Sedatives_Count', 'UDS_Thc_Count', 'pain', 'has_schizophrenia', 'has_major_dep', 'has_bipolar', 'has_anx_pan', 'has_brain_damage', 'has_epilepsy', 'has_alcol_dx', 'has_amphetamines_dx', 'has_cannabis_dx', 'has_cocaine_dx', 'has_sedatives_dx', 'ftnd', 'XTRT', 'shared', 'rbsivheroin', 'TLFB_Alcohol_Count', 'TLFB_Amphetamine_Count', 'TLFB_Benzodiazepine_Count', 'TLFB_Buprenorphine_Count', 'TLFB_Cocaine_Count', 'TLFB_Heroin_Count', 'TLFB_Methadone_Count', 'TLFB_Opioid_Count', 'TLFB_THC_Count', 'TLFB_Other', 'Homosexual_Behavior', 'Non_monogamous_Relationships']
2024-08-27 14:31:06,063 - INFO - Fitting logistic regression model with the selected features...
2024-08-27 14:31:06,717 - INFO - Model training completed successfully.
2024-08-27 14:31:06,717 - INFO - Calculating the dynamic threshold based on the proportion of positive outcomes...
2024-08-27 14:31:06,718 - INFO - Ratio of 1s to 0s in the outcome variable: 0.54 : 0.46
2024-08-27 14:31:06,718 - INFO - Dynamic threshold set to: 0.544
2024-08-27 14:31:06,719 - INFO - Model trained and saved successfully for subset 3.
2024-08-27 14:31:06,720 - INFO - ---------------------------
2024-08-27 14:31:06,720 - INFO - TRAIN MODEL STAGE COMPLETED FOR SUBSET 3
2024-08-27 14:31:06,722 - INFO - ---------------------------
2024-08-27 14:31:06,724 - INFO - --------------------------------
2024-08-27 14:31:06,724 - INFO - EVALUATE MODEL STAGE STARTING FOR SUBSET 3...
2024-08-27 14:31:06,729 - INFO - --------------------------------
2024-08-27 14:31:06,748 - INFO - ROC AUC Score: 0.7028508771929826
2024-08-27 14:31:06,748 - INFO - Confusion Matrix: 
[[88 26]
 [61 75]]
2024-08-27 14:31:06,749 - INFO - Precision: 0.7425742574257426
2024-08-27 14:31:06,750 - INFO - Recall: 0.5514705882352942
2024-08-27 14:31:06,751 - INFO - Model evaluated successfully for subset 3.
2024-08-27 14:31:06,752 - INFO - ------------------------------
2024-08-27 14:31:06,752 - INFO - EVALUATE MODEL STAGE COMPLETED FOR SUBSET 3
2024-08-27 14:31:06,753 - INFO - ------------------------------
2024-08-27 14:31:06,755 - INFO - Subset 4 demographic makeup: 650 1, 174 3, 102 2, 74 4
2024-08-27 14:31:06,758 - INFO - Processing subset 4...
2024-08-27 14:31:06,761 - INFO - -----------------------------
2024-08-27 14:31:06,763 - INFO - TRAIN MODEL STAGE STARTING FOR SUBSET 4...
2024-08-27 14:31:06,763 - INFO - -----------------------------
2024-08-27 14:31:06,771 - INFO - Scaling features and applying LASSO for feature selection...
2024-08-27 14:31:07,133 - INFO - Selected features (including required): ['who', 'RaceEth', 'age', 'is_female', 'is_hispanic', 'unemployed', 'unstableliving', 'education', 'marital', 'UDS_Amphetamine_Count', 'UDS_Benzodiazepine_Count', 'UDS_Buprenorphine_Count', 'UDS_Cocaine_Count', 'UDS_Methadone_Count', 'UDS_Opioid_Count', 'UDS_Sedatives_Count', 'UDS_Thc_Count', 'pain', 'has_schizophrenia', 'has_major_dep', 'has_bipolar', 'has_anx_pan', 'has_brain_damage', 'has_epilepsy', 'has_alcol_dx', 'has_amphetamines_dx', 'has_cannabis_dx', 'has_cocaine_dx', 'has_sedatives_dx', 'ftnd', 'XTRT', 'shared', 'rbsivheroin', 'TLFB_Alcohol_Count', 'TLFB_Amphetamine_Count', 'TLFB_Benzodiazepine_Count', 'TLFB_Buprenorphine_Count', 'TLFB_Cocaine_Count', 'TLFB_Heroin_Count', 'TLFB_Methadone_Count', 'TLFB_Opioid_Count', 'TLFB_THC_Count', 'TLFB_Other', 'Homosexual_Behavior', 'Non_monogamous_Relationships']
2024-08-27 14:31:07,138 - INFO - Fitting logistic regression model with the selected features...
2024-08-27 14:31:08,107 - INFO - Model training completed successfully.
2024-08-27 14:31:08,107 - INFO - Calculating the dynamic threshold based on the proportion of positive outcomes...
2024-08-27 14:31:08,107 - INFO - Ratio of 1s to 0s in the outcome variable: 0.50 : 0.50
2024-08-27 14:31:08,107 - INFO - Dynamic threshold set to: 0.496
2024-08-27 14:31:08,108 - INFO - Model trained and saved successfully for subset 4.
2024-08-27 14:31:08,108 - INFO - ---------------------------
2024-08-27 14:31:08,108 - INFO - TRAIN MODEL STAGE COMPLETED FOR SUBSET 4
2024-08-27 14:31:08,108 - INFO - ---------------------------
2024-08-27 14:31:08,108 - INFO - --------------------------------
2024-08-27 14:31:08,108 - INFO - EVALUATE MODEL STAGE STARTING FOR SUBSET 4...
2024-08-27 14:31:08,108 - INFO - --------------------------------
2024-08-27 14:31:08,120 - INFO - ROC AUC Score: 0.6571940604198669
2024-08-27 14:31:08,120 - INFO - Confusion Matrix: 
[[66 60]
 [39 85]]
2024-08-27 14:31:08,120 - INFO - Precision: 0.5862068965517241
2024-08-27 14:31:08,120 - INFO - Recall: 0.6854838709677419
2024-08-27 14:31:08,121 - INFO - Model evaluated successfully for subset 4.
2024-08-27 14:31:08,121 - INFO - ------------------------------
2024-08-27 14:31:08,121 - INFO - EVALUATE MODEL STAGE COMPLETED FOR SUBSET 4
2024-08-27 14:31:08,121 - INFO - ------------------------------
2024-08-27 14:31:08,122 - INFO - Subset 5 demographic makeup: 700 1, 148 3, 86 2, 66 4
2024-08-27 14:31:08,122 - INFO - Processing subset 5...
2024-08-27 14:31:08,122 - INFO - -----------------------------
2024-08-27 14:31:08,122 - INFO - TRAIN MODEL STAGE STARTING FOR SUBSET 5...
2024-08-27 14:31:08,122 - INFO - -----------------------------
2024-08-27 14:31:08,132 - INFO - Scaling features and applying LASSO for feature selection...
2024-08-27 14:31:09,240 - INFO - Selected features (including required): ['who', 'RaceEth', 'age', 'is_female', 'is_hispanic', 'unemployed', 'unstableliving', 'education', 'marital', 'UDS_Amphetamine_Count', 'UDS_Benzodiazepine_Count', 'UDS_Buprenorphine_Count', 'UDS_Cocaine_Count', 'UDS_Methadone_Count', 'UDS_Opioid_Count', 'UDS_Sedatives_Count', 'UDS_Thc_Count', 'pain', 'has_schizophrenia', 'has_major_dep', 'has_bipolar', 'has_anx_pan', 'has_brain_damage', 'has_epilepsy', 'has_alcol_dx', 'has_amphetamines_dx', 'has_cannabis_dx', 'has_cocaine_dx', 'has_sedatives_dx', 'ftnd', 'XTRT', 'shared', 'rbsivheroin', 'TLFB_Alcohol_Count', 'TLFB_Amphetamine_Count', 'TLFB_Benzodiazepine_Count', 'TLFB_Buprenorphine_Count', 'TLFB_Cocaine_Count', 'TLFB_Heroin_Count', 'TLFB_Methadone_Count', 'TLFB_Opioid_Count', 'TLFB_THC_Count', 'TLFB_Other', 'Homosexual_Behavior', 'Non_monogamous_Relationships']
2024-08-27 14:31:09,249 - INFO - Fitting logistic regression model with the selected features...
2024-08-27 14:31:10,204 - INFO - Model training completed successfully.
2024-08-27 14:31:10,204 - INFO - Calculating the dynamic threshold based on the proportion of positive outcomes...
2024-08-27 14:31:10,204 - INFO - Ratio of 1s to 0s in the outcome variable: 0.50 : 0.50
2024-08-27 14:31:10,204 - INFO - Dynamic threshold set to: 0.504
2024-08-27 14:31:10,205 - INFO - Model trained and saved successfully for subset 5.
2024-08-27 14:31:10,205 - INFO - ---------------------------
2024-08-27 14:31:10,205 - INFO - TRAIN MODEL STAGE COMPLETED FOR SUBSET 5
2024-08-27 14:31:10,205 - INFO - ---------------------------
2024-08-27 14:31:10,205 - INFO - --------------------------------
2024-08-27 14:31:10,205 - INFO - EVALUATE MODEL STAGE STARTING FOR SUBSET 5...
2024-08-27 14:31:10,205 - INFO - --------------------------------
2024-08-27 14:31:10,222 - INFO - ROC AUC Score: 0.6385048643113159
2024-08-27 14:31:10,222 - INFO - Confusion Matrix: 
[[70 54]
 [47 79]]
2024-08-27 14:31:10,222 - INFO - Precision: 0.5939849624060151
2024-08-27 14:31:10,223 - INFO - Recall: 0.626984126984127
2024-08-27 14:31:10,223 - INFO - Model evaluated successfully for subset 5.
2024-08-27 14:31:10,223 - INFO - ------------------------------
2024-08-27 14:31:10,223 - INFO - EVALUATE MODEL STAGE COMPLETED FOR SUBSET 5
2024-08-27 14:31:10,223 - INFO - ------------------------------
2024-08-27 14:31:10,224 - INFO - Subset 6 demographic makeup: 750 1, 122 3, 72 2, 56 4
2024-08-27 14:31:10,224 - INFO - Processing subset 6...
2024-08-27 14:31:10,224 - INFO - -----------------------------
2024-08-27 14:31:10,224 - INFO - TRAIN MODEL STAGE STARTING FOR SUBSET 6...
2024-08-27 14:31:10,224 - INFO - -----------------------------
2024-08-27 14:31:10,229 - INFO - Scaling features and applying LASSO for feature selection...
2024-08-27 14:31:10,522 - INFO - Selected features (including required): ['who', 'RaceEth', 'age', 'is_female', 'is_hispanic', 'unemployed', 'unstableliving', 'education', 'marital', 'UDS_Amphetamine_Count', 'UDS_Benzodiazepine_Count', 'UDS_Buprenorphine_Count', 'UDS_Cocaine_Count', 'UDS_Methadone_Count', 'UDS_Opioid_Count', 'UDS_Sedatives_Count', 'UDS_Thc_Count', 'pain', 'has_schizophrenia', 'has_major_dep', 'has_bipolar', 'has_anx_pan', 'has_brain_damage', 'has_epilepsy', 'has_alcol_dx', 'has_amphetamines_dx', 'has_cannabis_dx', 'has_cocaine_dx', 'has_sedatives_dx', 'ftnd', 'XTRT', 'shared', 'rbsivheroin', 'TLFB_Alcohol_Count', 'TLFB_Amphetamine_Count', 'TLFB_Benzodiazepine_Count', 'TLFB_Buprenorphine_Count', 'TLFB_Cocaine_Count', 'TLFB_Heroin_Count', 'TLFB_Methadone_Count', 'TLFB_Opioid_Count', 'TLFB_THC_Count', 'TLFB_Other', 'Homosexual_Behavior', 'Non_monogamous_Relationships']
2024-08-27 14:31:10,528 - INFO - Fitting logistic regression model with the selected features...
2024-08-27 14:31:11,059 - INFO - Model training completed successfully.
2024-08-27 14:31:11,059 - INFO - Calculating the dynamic threshold based on the proportion of positive outcomes...
2024-08-27 14:31:11,060 - INFO - Ratio of 1s to 0s in the outcome variable: 0.51 : 0.49
2024-08-27 14:31:11,060 - INFO - Dynamic threshold set to: 0.512
2024-08-27 14:31:11,061 - INFO - Model trained and saved successfully for subset 6.
2024-08-27 14:31:11,062 - INFO - ---------------------------
2024-08-27 14:31:11,062 - INFO - TRAIN MODEL STAGE COMPLETED FOR SUBSET 6
2024-08-27 14:31:11,064 - INFO - ---------------------------
2024-08-27 14:31:11,065 - INFO - --------------------------------
2024-08-27 14:31:11,065 - INFO - EVALUATE MODEL STAGE STARTING FOR SUBSET 6...
2024-08-27 14:31:11,066 - INFO - --------------------------------
2024-08-27 14:31:11,083 - INFO - ROC AUC Score: 0.7013319672131146
2024-08-27 14:31:11,084 - INFO - Confusion Matrix: 
[[80 42]
 [42 86]]
2024-08-27 14:31:11,084 - INFO - Precision: 0.671875
2024-08-27 14:31:11,084 - INFO - Recall: 0.671875
2024-08-27 14:31:11,085 - INFO - Model evaluated successfully for subset 6.
2024-08-27 14:31:11,085 - INFO - ------------------------------
2024-08-27 14:31:11,087 - INFO - EVALUATE MODEL STAGE COMPLETED FOR SUBSET 6
2024-08-27 14:31:11,089 - INFO - ------------------------------
2024-08-27 14:31:11,090 - INFO - Subset 7 demographic makeup: 800 1, 96 3, 59 2, 45 4
2024-08-27 14:31:11,090 - INFO - Processing subset 7...
2024-08-27 14:31:11,091 - INFO - -----------------------------
2024-08-27 14:31:11,091 - INFO - TRAIN MODEL STAGE STARTING FOR SUBSET 7...
2024-08-27 14:31:11,092 - INFO - -----------------------------
2024-08-27 14:31:11,100 - INFO - Scaling features and applying LASSO for feature selection...
2024-08-27 14:31:12,596 - INFO - Selected features (including required): ['who', 'RaceEth', 'age', 'is_female', 'is_hispanic', 'unemployed', 'unstableliving', 'education', 'marital', 'UDS_Amphetamine_Count', 'UDS_Benzodiazepine_Count', 'UDS_Buprenorphine_Count', 'UDS_Cocaine_Count', 'UDS_Methadone_Count', 'UDS_Opioid_Count', 'UDS_Sedatives_Count', 'UDS_Thc_Count', 'pain', 'has_schizophrenia', 'has_major_dep', 'has_bipolar', 'has_anx_pan', 'has_brain_damage', 'has_epilepsy', 'has_alcol_dx', 'has_amphetamines_dx', 'has_cannabis_dx', 'has_cocaine_dx', 'has_sedatives_dx', 'ftnd', 'XTRT', 'shared', 'rbsivheroin', 'TLFB_Alcohol_Count', 'TLFB_Amphetamine_Count', 'TLFB_Benzodiazepine_Count', 'TLFB_Buprenorphine_Count', 'TLFB_Cocaine_Count', 'TLFB_Heroin_Count', 'TLFB_Methadone_Count', 'TLFB_Opioid_Count', 'TLFB_THC_Count', 'TLFB_Other', 'Homosexual_Behavior', 'Non_monogamous_Relationships']
2024-08-27 14:31:12,601 - INFO - Fitting logistic regression model with the selected features...
2024-08-27 14:31:13,411 - INFO - Model training completed successfully.
2024-08-27 14:31:13,411 - INFO - Calculating the dynamic threshold based on the proportion of positive outcomes...
2024-08-27 14:31:13,411 - INFO - Ratio of 1s to 0s in the outcome variable: 0.52 : 0.48
2024-08-27 14:31:13,411 - INFO - Dynamic threshold set to: 0.516
2024-08-27 14:31:13,411 - INFO - Model trained and saved successfully for subset 7.
2024-08-27 14:31:13,411 - INFO - ---------------------------
2024-08-27 14:31:13,411 - INFO - TRAIN MODEL STAGE COMPLETED FOR SUBSET 7
2024-08-27 14:31:13,412 - INFO - ---------------------------
2024-08-27 14:31:13,412 - INFO - --------------------------------
2024-08-27 14:31:13,412 - INFO - EVALUATE MODEL STAGE STARTING FOR SUBSET 7...
2024-08-27 14:31:13,412 - INFO - --------------------------------
2024-08-27 14:31:13,424 - INFO - ROC AUC Score: 0.645140623998975
2024-08-27 14:31:13,424 - INFO - Confusion Matrix: 
[[77 44]
 [51 78]]
2024-08-27 14:31:13,425 - INFO - Precision: 0.639344262295082
2024-08-27 14:31:13,425 - INFO - Recall: 0.6046511627906976
2024-08-27 14:31:13,426 - INFO - Model evaluated successfully for subset 7.
2024-08-27 14:31:13,426 - INFO - ------------------------------
2024-08-27 14:31:13,426 - INFO - EVALUATE MODEL STAGE COMPLETED FOR SUBSET 7
2024-08-27 14:31:13,426 - INFO - ------------------------------
2024-08-27 14:31:13,427 - INFO - Subset 8 demographic makeup: 850 1, 69 3, 44 2, 37 4
2024-08-27 14:31:13,427 - INFO - Processing subset 8...
2024-08-27 14:31:13,427 - INFO - -----------------------------
2024-08-27 14:31:13,427 - INFO - TRAIN MODEL STAGE STARTING FOR SUBSET 8...
2024-08-27 14:31:13,428 - INFO - -----------------------------
2024-08-27 14:31:13,435 - INFO - Scaling features and applying LASSO for feature selection...
2024-08-27 14:31:14,370 - INFO - Selected features (including required): ['who', 'RaceEth', 'age', 'is_female', 'is_hispanic', 'unemployed', 'unstableliving', 'education', 'marital', 'UDS_Amphetamine_Count', 'UDS_Benzodiazepine_Count', 'UDS_Buprenorphine_Count', 'UDS_Cocaine_Count', 'UDS_Methadone_Count', 'UDS_Opioid_Count', 'UDS_Sedatives_Count', 'UDS_Thc_Count', 'pain', 'has_schizophrenia', 'has_major_dep', 'has_bipolar', 'has_anx_pan', 'has_brain_damage', 'has_epilepsy', 'has_alcol_dx', 'has_amphetamines_dx', 'has_cannabis_dx', 'has_cocaine_dx', 'has_sedatives_dx', 'ftnd', 'XTRT', 'shared', 'rbsivheroin', 'TLFB_Alcohol_Count', 'TLFB_Amphetamine_Count', 'TLFB_Benzodiazepine_Count', 'TLFB_Buprenorphine_Count', 'TLFB_Cocaine_Count', 'TLFB_Heroin_Count', 'TLFB_Methadone_Count', 'TLFB_Opioid_Count', 'TLFB_THC_Count', 'TLFB_Other', 'Homosexual_Behavior', 'Non_monogamous_Relationships']
2024-08-27 14:31:14,375 - INFO - Fitting logistic regression model with the selected features...
2024-08-27 14:31:14,918 - INFO - Model training completed successfully.
2024-08-27 14:31:14,919 - INFO - Calculating the dynamic threshold based on the proportion of positive outcomes...
2024-08-27 14:31:14,919 - INFO - Ratio of 1s to 0s in the outcome variable: 0.52 : 0.48
2024-08-27 14:31:14,919 - INFO - Dynamic threshold set to: 0.52
2024-08-27 14:31:14,919 - INFO - Model trained and saved successfully for subset 8.
2024-08-27 14:31:14,919 - INFO - ---------------------------
2024-08-27 14:31:14,919 - INFO - TRAIN MODEL STAGE COMPLETED FOR SUBSET 8
2024-08-27 14:31:14,919 - INFO - ---------------------------
2024-08-27 14:31:14,920 - INFO - --------------------------------
2024-08-27 14:31:14,920 - INFO - EVALUATE MODEL STAGE STARTING FOR SUBSET 8...
2024-08-27 14:31:14,920 - INFO - --------------------------------
2024-08-27 14:31:14,932 - INFO - ROC AUC Score: 0.6386538461538461
2024-08-27 14:31:14,933 - INFO - Confusion Matrix: 
[[71 49]
 [50 80]]
2024-08-27 14:31:14,933 - INFO - Precision: 0.6201550387596899
2024-08-27 14:31:14,933 - INFO - Recall: 0.6153846153846154
2024-08-27 14:31:14,933 - INFO - Model evaluated successfully for subset 8.
2024-08-27 14:31:14,933 - INFO - ------------------------------
2024-08-27 14:31:14,933 - INFO - EVALUATE MODEL STAGE COMPLETED FOR SUBSET 8
2024-08-27 14:31:14,933 - INFO - ------------------------------
2024-08-27 14:31:14,934 - INFO - Subset 9 demographic makeup: 900 1, 47 3, 30 2, 23 4
2024-08-27 14:31:14,934 - INFO - Processing subset 9...
2024-08-27 14:31:14,934 - INFO - -----------------------------
2024-08-27 14:31:14,934 - INFO - TRAIN MODEL STAGE STARTING FOR SUBSET 9...
2024-08-27 14:31:14,934 - INFO - -----------------------------
2024-08-27 14:31:14,943 - INFO - Scaling features and applying LASSO for feature selection...
2024-08-27 14:31:15,252 - INFO - Selected features (including required): ['who', 'RaceEth', 'age', 'is_female', 'is_hispanic', 'unemployed', 'unstableliving', 'education', 'marital', 'UDS_Amphetamine_Count', 'UDS_Benzodiazepine_Count', 'UDS_Buprenorphine_Count', 'UDS_Cocaine_Count', 'UDS_Methadone_Count', 'UDS_Opioid_Count', 'UDS_Sedatives_Count', 'UDS_Thc_Count', 'pain', 'has_schizophrenia', 'has_major_dep', 'has_bipolar', 'has_anx_pan', 'has_brain_damage', 'has_epilepsy', 'has_alcol_dx', 'has_amphetamines_dx', 'has_cannabis_dx', 'has_cocaine_dx', 'has_sedatives_dx', 'ftnd', 'XTRT', 'shared', 'rbsivheroin', 'TLFB_Alcohol_Count', 'TLFB_Amphetamine_Count', 'TLFB_Benzodiazepine_Count', 'TLFB_Buprenorphine_Count', 'TLFB_Cocaine_Count', 'TLFB_Heroin_Count', 'TLFB_Methadone_Count', 'TLFB_Opioid_Count', 'TLFB_THC_Count', 'TLFB_Other', 'Homosexual_Behavior', 'Non_monogamous_Relationships']
2024-08-27 14:31:15,258 - INFO - Fitting logistic regression model with the selected features...
2024-08-27 14:31:16,127 - INFO - Model training completed successfully.
2024-08-27 14:31:16,128 - INFO - Calculating the dynamic threshold based on the proportion of positive outcomes...
2024-08-27 14:31:16,128 - INFO - Ratio of 1s to 0s in the outcome variable: 0.47 : 0.53
2024-08-27 14:31:16,128 - INFO - Dynamic threshold set to: 0.472
2024-08-27 14:31:16,128 - INFO - Model trained and saved successfully for subset 9.
2024-08-27 14:31:16,128 - INFO - ---------------------------
2024-08-27 14:31:16,128 - INFO - TRAIN MODEL STAGE COMPLETED FOR SUBSET 9
2024-08-27 14:31:16,128 - INFO - ---------------------------
2024-08-27 14:31:16,128 - INFO - --------------------------------
2024-08-27 14:31:16,128 - INFO - EVALUATE MODEL STAGE STARTING FOR SUBSET 9...
2024-08-27 14:31:16,129 - INFO - --------------------------------
2024-08-27 14:31:16,140 - INFO - ROC AUC Score: 0.6154340010272213
2024-08-27 14:31:16,141 - INFO - Confusion Matrix: 
[[59 73]
 [36 82]]
2024-08-27 14:31:16,141 - INFO - Precision: 0.5290322580645161
2024-08-27 14:31:16,141 - INFO - Recall: 0.6949152542372882
2024-08-27 14:31:16,141 - INFO - Model evaluated successfully for subset 9.
2024-08-27 14:31:16,141 - INFO - ------------------------------
2024-08-27 14:31:16,141 - INFO - EVALUATE MODEL STAGE COMPLETED FOR SUBSET 9
2024-08-27 14:31:16,142 - INFO - ------------------------------
2024-08-27 14:31:16,142 - INFO - Subset 10 demographic makeup: 950 1, 24 3, 16 2, 10 4
2024-08-27 14:31:16,142 - INFO - Processing subset 10...
2024-08-27 14:31:16,142 - INFO - -----------------------------
2024-08-27 14:31:16,143 - INFO - TRAIN MODEL STAGE STARTING FOR SUBSET 10...
2024-08-27 14:31:16,143 - INFO - -----------------------------
2024-08-27 14:31:16,148 - INFO - Scaling features and applying LASSO for feature selection...
2024-08-27 14:31:16,446 - INFO - Selected features (including required): ['who', 'RaceEth', 'age', 'is_female', 'is_hispanic', 'unemployed', 'unstableliving', 'education', 'marital', 'UDS_Amphetamine_Count', 'UDS_Benzodiazepine_Count', 'UDS_Buprenorphine_Count', 'UDS_Cocaine_Count', 'UDS_Methadone_Count', 'UDS_Opioid_Count', 'UDS_Sedatives_Count', 'UDS_Thc_Count', 'pain', 'has_schizophrenia', 'has_major_dep', 'has_bipolar', 'has_anx_pan', 'has_brain_damage', 'has_epilepsy', 'has_alcol_dx', 'has_amphetamines_dx', 'has_cannabis_dx', 'has_cocaine_dx', 'has_sedatives_dx', 'ftnd', 'XTRT', 'shared', 'rbsivheroin', 'TLFB_Alcohol_Count', 'TLFB_Amphetamine_Count', 'TLFB_Benzodiazepine_Count', 'TLFB_Buprenorphine_Count', 'TLFB_Cocaine_Count', 'TLFB_Heroin_Count', 'TLFB_Methadone_Count', 'TLFB_Opioid_Count', 'TLFB_THC_Count', 'TLFB_Other', 'Homosexual_Behavior', 'Non_monogamous_Relationships']
2024-08-27 14:31:16,455 - INFO - Fitting logistic regression model with the selected features...
2024-08-27 14:31:16,932 - INFO - Model training completed successfully.
2024-08-27 14:31:16,932 - INFO - Calculating the dynamic threshold based on the proportion of positive outcomes...
2024-08-27 14:31:16,933 - INFO - Ratio of 1s to 0s in the outcome variable: 0.48 : 0.52
2024-08-27 14:31:16,933 - INFO - Dynamic threshold set to: 0.48
2024-08-27 14:31:16,934 - INFO - Model trained and saved successfully for subset 10.
2024-08-27 14:31:16,935 - INFO - ---------------------------
2024-08-27 14:31:16,936 - INFO - TRAIN MODEL STAGE COMPLETED FOR SUBSET 10
2024-08-27 14:31:16,938 - INFO - ---------------------------
2024-08-27 14:31:16,938 - INFO - --------------------------------
2024-08-27 14:31:16,939 - INFO - EVALUATE MODEL STAGE STARTING FOR SUBSET 10...
2024-08-27 14:31:16,939 - INFO - --------------------------------
2024-08-27 14:31:16,953 - INFO - ROC AUC Score: 0.6242307692307693
2024-08-27 14:31:16,954 - INFO - Confusion Matrix: 
[[55 75]
 [28 92]]
2024-08-27 14:31:16,954 - INFO - Precision: 0.5508982035928144
2024-08-27 14:31:16,955 - INFO - Recall: 0.7666666666666667
2024-08-27 14:31:16,958 - INFO - Model evaluated successfully for subset 10.
2024-08-27 14:31:16,959 - INFO - ------------------------------
2024-08-27 14:31:16,959 - INFO - EVALUATE MODEL STAGE COMPLETED FOR SUBSET 10
2024-08-27 14:31:16,960 - INFO - ------------------------------
2024-08-27 14:31:16,961 - INFO - Subset 11 demographic makeup: 1000 1
2024-08-27 14:31:16,961 - INFO - Processing subset 11...
2024-08-27 14:31:16,962 - INFO - -----------------------------
2024-08-27 14:31:16,962 - INFO - TRAIN MODEL STAGE STARTING FOR SUBSET 11...
2024-08-27 14:31:16,962 - INFO - -----------------------------
2024-08-27 14:31:16,974 - INFO - Scaling features and applying LASSO for feature selection...
2024-08-27 14:31:17,257 - INFO - Selected features (including required): ['who', 'age', 'is_female', 'unemployed', 'unstableliving', 'education', 'marital', 'UDS_Amphetamine_Count', 'UDS_Benzodiazepine_Count', 'UDS_Buprenorphine_Count', 'UDS_Cocaine_Count', 'UDS_Methadone_Count', 'UDS_Opioid_Count', 'UDS_Sedatives_Count', 'UDS_Thc_Count', 'pain', 'has_schizophrenia', 'has_major_dep', 'has_bipolar', 'has_anx_pan', 'has_brain_damage', 'has_epilepsy', 'has_alcol_dx', 'has_amphetamines_dx', 'has_cannabis_dx', 'has_cocaine_dx', 'has_sedatives_dx', 'ftnd', 'XTRT', 'shared', 'rbsivheroin', 'TLFB_Alcohol_Count', 'TLFB_Amphetamine_Count', 'TLFB_Benzodiazepine_Count', 'TLFB_Buprenorphine_Count', 'TLFB_Cocaine_Count', 'TLFB_Heroin_Count', 'TLFB_Methadone_Count', 'TLFB_Opioid_Count', 'TLFB_THC_Count', 'TLFB_Other', 'Homosexual_Behavior', 'Non_monogamous_Relationships']
2024-08-27 14:31:17,262 - INFO - Fitting logistic regression model with the selected features...
2024-08-27 14:31:17,841 - INFO - Model training completed successfully.
2024-08-27 14:31:17,841 - INFO - Calculating the dynamic threshold based on the proportion of positive outcomes...
2024-08-27 14:31:17,842 - INFO - Ratio of 1s to 0s in the outcome variable: 0.56 : 0.44
2024-08-27 14:31:17,842 - INFO - Dynamic threshold set to: 0.556
2024-08-27 14:31:17,843 - INFO - Model trained and saved successfully for subset 11.
2024-08-27 14:31:17,843 - INFO - ---------------------------
2024-08-27 14:31:17,845 - INFO - TRAIN MODEL STAGE COMPLETED FOR SUBSET 11
2024-08-27 14:31:17,847 - INFO - ---------------------------
2024-08-27 14:31:17,849 - INFO - --------------------------------
2024-08-27 14:31:17,850 - INFO - EVALUATE MODEL STAGE STARTING FOR SUBSET 11...
2024-08-27 14:31:17,854 - INFO - --------------------------------
2024-08-27 14:31:17,877 - INFO - ROC AUC Score: 0.668222179013546
2024-08-27 14:31:17,878 - INFO - Confusion Matrix: 
[[73 38]
 [56 83]]
2024-08-27 14:31:17,880 - INFO - Precision: 0.6859504132231405
2024-08-27 14:31:17,880 - INFO - Recall: 0.5971223021582733
2024-08-27 14:31:17,881 - INFO - Model evaluated successfully for subset 11.
2024-08-27 14:31:17,882 - INFO - ------------------------------
2024-08-27 14:31:17,882 - INFO - EVALUATE MODEL STAGE COMPLETED FOR SUBSET 11
2024-08-27 14:31:17,882 - INFO - ------------------------------
2024-08-27 14:31:17,891 - INFO - Model predictions saved to csv successfully.
2024-08-27 14:31:17,891 - INFO - ------------------
2024-08-27 14:31:17,891 - INFO - PIPELINE COMPLETED
2024-08-27 14:31:17,892 - INFO - ------------------
