2024-08-27 13:47:43,758 - INFO - Global Seed set to: 42
2024-08-27 13:47:43,758 - INFO - Outcome Name: Rd_kostenB_1993
2024-08-27 13:47:43,820 - INFO - Datasets loaded successfully.
2024-08-27 13:47:43,828 - INFO - Starting preprocessing of the merged dataset...
2024-08-27 13:47:43,828 - INFO - ---------------------------------
2024-08-27 13:47:43,828 - INFO - PRE-PROCESSING STAGE STARTING...
2024-08-27 13:47:43,828 - INFO - ---------------------------------
2024-08-27 13:47:43,968 - INFO - Dropped initial columns: ['pain_when', 'is_smoker', 'per_day', 'max', 'amount', 'depression', 'anxiety', 'schizophrenia', 'max', 'amount', 'cocaine_inject_days', 'speedball_inject_days', 'opioid_inject_days', 'speed_inject_days', 'UDS_Alcohol_Count', 'UDS_Mdma/Hallucinogen_Count']
2024-08-27 13:47:44,039 - INFO - Converted Yes/No to binary.
2024-08-27 13:47:44,105 - INFO - Processed TLFB columns with specified columns: ['TLFB_Alcohol_Count', 'TLFB_Amphetamine_Count', 'TLFB_Cocaine_Count', 'TLFB_Heroin_Count', 'TLFB_Benzodiazepine_Count', 'TLFB_Opioid_Count', 'TLFB_THC_Count', 'TLFB_Methadone_Count', 'TLFB_Buprenorphine_Count']
2024-08-27 13:47:44,110 - INFO - Calculated behavioral columns.
2024-08-27 13:47:44,113 - INFO - Moved 'Rd_kostenB_1993' column to the end.
2024-08-27 13:47:44,248 - INFO - Dropped initial columns: ['msm_npt', 'msm_frq', 'txx_prt']
2024-08-27 13:47:44,266 - INFO - transform_data_with_nan_handling success
2024-08-27 13:47:44,267 - INFO - Renamed columns according to the mapping.
2024-08-27 13:47:44,291 - INFO - Transformed NaN to 0 for binary columns.
2024-08-27 13:47:44,292 - INFO - Transformed and renamed 'heroin_inject_days' column to 'rbsivheroin'.
2024-08-27 13:47:44,293 - INFO - Filled NaN with 0 for 'ftnd' column.
2024-08-27 13:47:44,761 - INFO - Dropped additional columns: ['rbs_iv_days', 'race', 'RBS_cocaine_Days', 'RBS_heroin_Days', 'RBS_opioid_Days', 'RBS_speed_Days', 'RBS_speedball_Days']
2024-08-27 13:47:44,802 - INFO - Converted UDS drug counts to binary.
2024-08-27 13:47:44,973 - INFO - ------------------------------
2024-08-27 13:47:44,974 - INFO - PRE-PROCESSING STAGE COMPLETED
2024-08-27 13:47:44,974 - INFO - ------------------------------
2024-08-27 13:47:44,974 - INFO - Merged dataset preprocessed successfully.
2024-08-27 13:47:44,975 - INFO - Creating demographic subsets from preprocessed data...
2024-08-27 13:47:45,144 - INFO - Created 11 subsets successfully.
2024-08-27 13:47:45,144 - INFO - Creating merged subsets from create_demographics_dfs function
2024-08-27 13:47:45,238 - INFO - Created 11 merged subsets successfully.
2024-08-27 13:47:45,239 - INFO - Subset 1 demographic makeup: 500 1, 248 3, 150 2, 102 4
2024-08-27 13:47:45,239 - INFO - Processing subset 1...
2024-08-27 13:47:45,239 - INFO - -----------------------------
2024-08-27 13:47:45,240 - INFO - TRAIN MODEL STAGE STARTING FOR SUBSET 1...
2024-08-27 13:47:45,245 - INFO - -----------------------------
2024-08-27 13:47:45,255 - INFO - Scaling features and applying LASSO for feature selection...
2024-08-27 13:47:45,541 - INFO - Selected features (including required): ['who', 'RaceEth', 'age', 'is_female', 'is_hispanic', 'unemployed', 'unstableliving', 'education', 'marital', 'UDS_Amphetamine_Count', 'UDS_Benzodiazepine_Count', 'UDS_Buprenorphine_Count', 'UDS_Cocaine_Count', 'UDS_Methadone_Count', 'UDS_Opioid_Count', 'UDS_Sedatives_Count', 'UDS_Thc_Count', 'pain', 'has_schizophrenia', 'has_major_dep', 'has_bipolar', 'has_anx_pan', 'has_brain_damage', 'has_epilepsy', 'has_alcol_dx', 'has_amphetamines_dx', 'has_cannabis_dx', 'has_cocaine_dx', 'has_sedatives_dx', 'ftnd', 'XTRT', 'shared', 'rbsivheroin', 'TLFB_Alcohol_Count', 'TLFB_Amphetamine_Count', 'TLFB_Benzodiazepine_Count', 'TLFB_Buprenorphine_Count', 'TLFB_Cocaine_Count', 'TLFB_Heroin_Count', 'TLFB_Methadone_Count', 'TLFB_Opioid_Count', 'TLFB_THC_Count', 'TLFB_Other', 'Homosexual_Behavior', 'Non_monogamous_Relationships']
2024-08-27 13:47:45,547 - INFO - Fitting logistic regression model with the selected features...
2024-08-27 13:47:46,128 - INFO - Model training completed successfully.
2024-08-27 13:47:46,128 - INFO - Calculating the dynamic threshold based on the proportion of positive outcomes...
2024-08-27 13:47:46,130 - INFO - Ratio of 1s to 0s in the outcome variable: 0.59 : 0.41
2024-08-27 13:47:46,130 - INFO - Dynamic threshold set to: 0.588
2024-08-27 13:47:46,130 - INFO - Model trained and saved successfully for subset 1.
2024-08-27 13:47:46,134 - INFO - ---------------------------
2024-08-27 13:47:46,135 - INFO - TRAIN MODEL STAGE COMPLETED FOR SUBSET 1
2024-08-27 13:47:46,138 - INFO - ---------------------------
2024-08-27 13:47:46,139 - INFO - --------------------------------
2024-08-27 13:47:46,140 - INFO - EVALUATE MODEL STAGE STARTING FOR SUBSET 1...
2024-08-27 13:47:46,141 - INFO - --------------------------------
2024-08-27 13:47:46,168 - INFO - ROC AUC Score: 0.6867446007529225
2024-08-27 13:47:46,169 - INFO - Confusion Matrix: 
[[79 24]
 [74 73]]
2024-08-27 13:47:46,170 - INFO - Precision: 0.7525773195876289
2024-08-27 13:47:46,170 - INFO - Recall: 0.4965986394557823
2024-08-27 13:47:46,170 - INFO - Model evaluated successfully for subset 1.
2024-08-27 13:47:46,171 - INFO - ------------------------------
2024-08-27 13:47:46,172 - INFO - EVALUATE MODEL STAGE COMPLETED FOR SUBSET 1
2024-08-27 13:47:46,173 - INFO - ------------------------------
2024-08-27 13:47:46,176 - INFO - Subset 2 demographic makeup: 550 1, 222 3, 133 2, 95 4
2024-08-27 13:47:46,177 - INFO - Processing subset 2...
2024-08-27 13:47:46,178 - INFO - -----------------------------
2024-08-27 13:47:46,178 - INFO - TRAIN MODEL STAGE STARTING FOR SUBSET 2...
2024-08-27 13:47:46,178 - INFO - -----------------------------
2024-08-27 13:47:46,185 - INFO - Scaling features and applying LASSO for feature selection...
2024-08-27 13:47:46,408 - INFO - Selected features (including required): ['who', 'RaceEth', 'age', 'is_female', 'is_hispanic', 'unemployed', 'unstableliving', 'education', 'marital', 'UDS_Amphetamine_Count', 'UDS_Benzodiazepine_Count', 'UDS_Buprenorphine_Count', 'UDS_Cocaine_Count', 'UDS_Methadone_Count', 'UDS_Opioid_Count', 'UDS_Sedatives_Count', 'UDS_Thc_Count', 'pain', 'has_schizophrenia', 'has_major_dep', 'has_bipolar', 'has_anx_pan', 'has_brain_damage', 'has_epilepsy', 'has_alcol_dx', 'has_amphetamines_dx', 'has_cannabis_dx', 'has_cocaine_dx', 'has_sedatives_dx', 'ftnd', 'XTRT', 'shared', 'rbsivheroin', 'TLFB_Alcohol_Count', 'TLFB_Amphetamine_Count', 'TLFB_Benzodiazepine_Count', 'TLFB_Buprenorphine_Count', 'TLFB_Cocaine_Count', 'TLFB_Heroin_Count', 'TLFB_Methadone_Count', 'TLFB_Opioid_Count', 'TLFB_THC_Count', 'TLFB_Other', 'Homosexual_Behavior', 'Non_monogamous_Relationships']
2024-08-27 13:47:46,413 - INFO - Fitting logistic regression model with the selected features...
2024-08-27 13:47:46,862 - INFO - Model training completed successfully.
2024-08-27 13:47:46,862 - INFO - Calculating the dynamic threshold based on the proportion of positive outcomes...
2024-08-27 13:47:46,864 - INFO - Ratio of 1s to 0s in the outcome variable: 0.53 : 0.47
2024-08-27 13:47:46,865 - INFO - Dynamic threshold set to: 0.532
2024-08-27 13:47:46,865 - INFO - Model trained and saved successfully for subset 2.
2024-08-27 13:47:46,867 - INFO - ---------------------------
2024-08-27 13:47:46,869 - INFO - TRAIN MODEL STAGE COMPLETED FOR SUBSET 2
2024-08-27 13:47:46,869 - INFO - ---------------------------
2024-08-27 13:47:46,870 - INFO - --------------------------------
2024-08-27 13:47:46,870 - INFO - EVALUATE MODEL STAGE STARTING FOR SUBSET 2...
2024-08-27 13:47:46,870 - INFO - --------------------------------
2024-08-27 13:47:46,898 - INFO - ROC AUC Score: 0.644367328577855
2024-08-27 13:47:46,902 - INFO - Confusion Matrix: 
[[71 46]
 [47 86]]
2024-08-27 13:47:46,905 - INFO - Precision: 0.6515151515151515
2024-08-27 13:47:46,906 - INFO - Recall: 0.6466165413533834
2024-08-27 13:47:46,907 - INFO - Model evaluated successfully for subset 2.
2024-08-27 13:47:46,908 - INFO - ------------------------------
2024-08-27 13:47:46,909 - INFO - EVALUATE MODEL STAGE COMPLETED FOR SUBSET 2
2024-08-27 13:47:46,910 - INFO - ------------------------------
2024-08-27 13:47:46,912 - INFO - Subset 3 demographic makeup: 600 1, 199 3, 117 2, 84 4
2024-08-27 13:47:46,913 - INFO - Processing subset 3...
2024-08-27 13:47:46,914 - INFO - -----------------------------
2024-08-27 13:47:46,915 - INFO - TRAIN MODEL STAGE STARTING FOR SUBSET 3...
2024-08-27 13:47:46,917 - INFO - -----------------------------
2024-08-27 13:47:46,925 - INFO - Scaling features and applying LASSO for feature selection...
2024-08-27 13:47:47,161 - INFO - Selected features (including required): ['who', 'RaceEth', 'age', 'is_female', 'is_hispanic', 'unemployed', 'unstableliving', 'education', 'marital', 'UDS_Amphetamine_Count', 'UDS_Benzodiazepine_Count', 'UDS_Buprenorphine_Count', 'UDS_Cocaine_Count', 'UDS_Methadone_Count', 'UDS_Opioid_Count', 'UDS_Sedatives_Count', 'UDS_Thc_Count', 'pain', 'has_schizophrenia', 'has_major_dep', 'has_bipolar', 'has_anx_pan', 'has_brain_damage', 'has_epilepsy', 'has_alcol_dx', 'has_amphetamines_dx', 'has_cannabis_dx', 'has_cocaine_dx', 'has_sedatives_dx', 'ftnd', 'XTRT', 'shared', 'rbsivheroin', 'TLFB_Alcohol_Count', 'TLFB_Amphetamine_Count', 'TLFB_Benzodiazepine_Count', 'TLFB_Buprenorphine_Count', 'TLFB_Cocaine_Count', 'TLFB_Heroin_Count', 'TLFB_Methadone_Count', 'TLFB_Opioid_Count', 'TLFB_THC_Count', 'TLFB_Other', 'Homosexual_Behavior', 'Non_monogamous_Relationships']
2024-08-27 13:47:47,166 - INFO - Fitting logistic regression model with the selected features...
2024-08-27 13:47:47,593 - INFO - Model training completed successfully.
2024-08-27 13:47:47,593 - INFO - Calculating the dynamic threshold based on the proportion of positive outcomes...
2024-08-27 13:47:47,594 - INFO - Ratio of 1s to 0s in the outcome variable: 0.54 : 0.46
2024-08-27 13:47:47,594 - INFO - Dynamic threshold set to: 0.544
2024-08-27 13:47:47,594 - INFO - Model trained and saved successfully for subset 3.
2024-08-27 13:47:47,594 - INFO - ---------------------------
2024-08-27 13:47:47,594 - INFO - TRAIN MODEL STAGE COMPLETED FOR SUBSET 3
2024-08-27 13:47:47,594 - INFO - ---------------------------
2024-08-27 13:47:47,594 - INFO - --------------------------------
2024-08-27 13:47:47,594 - INFO - EVALUATE MODEL STAGE STARTING FOR SUBSET 3...
2024-08-27 13:47:47,594 - INFO - --------------------------------
2024-08-27 13:47:47,607 - INFO - ROC AUC Score: 0.7028508771929826
2024-08-27 13:47:47,607 - INFO - Confusion Matrix: 
[[88 26]
 [61 75]]
2024-08-27 13:47:47,607 - INFO - Precision: 0.7425742574257426
2024-08-27 13:47:47,607 - INFO - Recall: 0.5514705882352942
2024-08-27 13:47:47,607 - INFO - Model evaluated successfully for subset 3.
2024-08-27 13:47:47,607 - INFO - ------------------------------
2024-08-27 13:47:47,607 - INFO - EVALUATE MODEL STAGE COMPLETED FOR SUBSET 3
2024-08-27 13:47:47,607 - INFO - ------------------------------
2024-08-27 13:47:47,608 - INFO - Subset 4 demographic makeup: 650 1, 174 3, 102 2, 74 4
2024-08-27 13:47:47,609 - INFO - Processing subset 4...
2024-08-27 13:47:47,609 - INFO - -----------------------------
2024-08-27 13:47:47,609 - INFO - TRAIN MODEL STAGE STARTING FOR SUBSET 4...
2024-08-27 13:47:47,609 - INFO - -----------------------------
2024-08-27 13:47:47,615 - INFO - Scaling features and applying LASSO for feature selection...
2024-08-27 13:47:47,846 - INFO - Selected features (including required): ['who', 'RaceEth', 'age', 'is_female', 'is_hispanic', 'unemployed', 'unstableliving', 'education', 'marital', 'UDS_Amphetamine_Count', 'UDS_Benzodiazepine_Count', 'UDS_Buprenorphine_Count', 'UDS_Cocaine_Count', 'UDS_Methadone_Count', 'UDS_Opioid_Count', 'UDS_Sedatives_Count', 'UDS_Thc_Count', 'pain', 'has_schizophrenia', 'has_major_dep', 'has_bipolar', 'has_anx_pan', 'has_brain_damage', 'has_epilepsy', 'has_alcol_dx', 'has_amphetamines_dx', 'has_cannabis_dx', 'has_cocaine_dx', 'has_sedatives_dx', 'ftnd', 'XTRT', 'shared', 'rbsivheroin', 'TLFB_Alcohol_Count', 'TLFB_Amphetamine_Count', 'TLFB_Benzodiazepine_Count', 'TLFB_Buprenorphine_Count', 'TLFB_Cocaine_Count', 'TLFB_Heroin_Count', 'TLFB_Methadone_Count', 'TLFB_Opioid_Count', 'TLFB_THC_Count', 'TLFB_Other', 'Homosexual_Behavior', 'Non_monogamous_Relationships']
2024-08-27 13:47:47,861 - INFO - Fitting logistic regression model with the selected features...
2024-08-27 13:47:49,411 - INFO - Model training completed successfully.
2024-08-27 13:47:49,412 - INFO - Calculating the dynamic threshold based on the proportion of positive outcomes...
2024-08-27 13:47:49,416 - INFO - Ratio of 1s to 0s in the outcome variable: 0.50 : 0.50
2024-08-27 13:47:49,418 - INFO - Dynamic threshold set to: 0.496
2024-08-27 13:47:49,419 - INFO - Model trained and saved successfully for subset 4.
2024-08-27 13:47:49,422 - INFO - ---------------------------
2024-08-27 13:47:49,427 - INFO - TRAIN MODEL STAGE COMPLETED FOR SUBSET 4
2024-08-27 13:47:49,427 - INFO - ---------------------------
2024-08-27 13:47:49,429 - INFO - --------------------------------
2024-08-27 13:47:49,430 - INFO - EVALUATE MODEL STAGE STARTING FOR SUBSET 4...
2024-08-27 13:47:49,430 - INFO - --------------------------------
2024-08-27 13:47:49,480 - INFO - ROC AUC Score: 0.6571940604198669
2024-08-27 13:47:49,482 - INFO - Confusion Matrix: 
[[66 60]
 [39 85]]
2024-08-27 13:47:49,489 - INFO - Precision: 0.5862068965517241
2024-08-27 13:47:49,489 - INFO - Recall: 0.6854838709677419
2024-08-27 13:47:49,490 - INFO - Model evaluated successfully for subset 4.
2024-08-27 13:47:49,491 - INFO - ------------------------------
2024-08-27 13:47:49,491 - INFO - EVALUATE MODEL STAGE COMPLETED FOR SUBSET 4
2024-08-27 13:47:49,492 - INFO - ------------------------------
2024-08-27 13:47:49,498 - INFO - Subset 5 demographic makeup: 700 1, 148 3, 86 2, 66 4
2024-08-27 13:47:49,502 - INFO - Processing subset 5...
2024-08-27 13:47:49,503 - INFO - -----------------------------
2024-08-27 13:47:49,506 - INFO - TRAIN MODEL STAGE STARTING FOR SUBSET 5...
2024-08-27 13:47:49,507 - INFO - -----------------------------
2024-08-27 13:47:49,520 - INFO - Scaling features and applying LASSO for feature selection...
2024-08-27 13:47:50,798 - INFO - Selected features (including required): ['who', 'RaceEth', 'age', 'is_female', 'is_hispanic', 'unemployed', 'unstableliving', 'education', 'marital', 'UDS_Amphetamine_Count', 'UDS_Benzodiazepine_Count', 'UDS_Buprenorphine_Count', 'UDS_Cocaine_Count', 'UDS_Methadone_Count', 'UDS_Opioid_Count', 'UDS_Sedatives_Count', 'UDS_Thc_Count', 'pain', 'has_schizophrenia', 'has_major_dep', 'has_bipolar', 'has_anx_pan', 'has_brain_damage', 'has_epilepsy', 'has_alcol_dx', 'has_amphetamines_dx', 'has_cannabis_dx', 'has_cocaine_dx', 'has_sedatives_dx', 'ftnd', 'XTRT', 'shared', 'rbsivheroin', 'TLFB_Alcohol_Count', 'TLFB_Amphetamine_Count', 'TLFB_Benzodiazepine_Count', 'TLFB_Buprenorphine_Count', 'TLFB_Cocaine_Count', 'TLFB_Heroin_Count', 'TLFB_Methadone_Count', 'TLFB_Opioid_Count', 'TLFB_THC_Count', 'TLFB_Other', 'Homosexual_Behavior', 'Non_monogamous_Relationships']
2024-08-27 13:47:50,807 - INFO - Fitting logistic regression model with the selected features...
2024-08-27 13:47:52,016 - INFO - Model training completed successfully.
2024-08-27 13:47:52,016 - INFO - Calculating the dynamic threshold based on the proportion of positive outcomes...
2024-08-27 13:47:52,018 - INFO - Ratio of 1s to 0s in the outcome variable: 0.50 : 0.50
2024-08-27 13:47:52,022 - INFO - Dynamic threshold set to: 0.504
2024-08-27 13:47:52,024 - INFO - Model trained and saved successfully for subset 5.
2024-08-27 13:47:52,027 - INFO - ---------------------------
2024-08-27 13:47:52,028 - INFO - TRAIN MODEL STAGE COMPLETED FOR SUBSET 5
2024-08-27 13:47:52,029 - INFO - ---------------------------
2024-08-27 13:47:52,030 - INFO - --------------------------------
2024-08-27 13:47:52,032 - INFO - EVALUATE MODEL STAGE STARTING FOR SUBSET 5...
2024-08-27 13:47:52,032 - INFO - --------------------------------
2024-08-27 13:47:52,061 - INFO - ROC AUC Score: 0.6385048643113159
2024-08-27 13:47:52,062 - INFO - Confusion Matrix: 
[[70 54]
 [47 79]]
2024-08-27 13:47:52,063 - INFO - Precision: 0.5939849624060151
2024-08-27 13:47:52,063 - INFO - Recall: 0.626984126984127
2024-08-27 13:47:52,063 - INFO - Model evaluated successfully for subset 5.
2024-08-27 13:47:52,064 - INFO - ------------------------------
2024-08-27 13:47:52,068 - INFO - EVALUATE MODEL STAGE COMPLETED FOR SUBSET 5
2024-08-27 13:47:52,070 - INFO - ------------------------------
2024-08-27 13:47:52,073 - INFO - Subset 6 demographic makeup: 750 1, 122 3, 72 2, 56 4
2024-08-27 13:47:52,077 - INFO - Processing subset 6...
2024-08-27 13:47:52,078 - INFO - -----------------------------
2024-08-27 13:47:52,079 - INFO - TRAIN MODEL STAGE STARTING FOR SUBSET 6...
2024-08-27 13:47:52,081 - INFO - -----------------------------
2024-08-27 13:47:52,106 - INFO - Scaling features and applying LASSO for feature selection...
2024-08-27 13:47:52,532 - INFO - Selected features (including required): ['who', 'RaceEth', 'age', 'is_female', 'is_hispanic', 'unemployed', 'unstableliving', 'education', 'marital', 'UDS_Amphetamine_Count', 'UDS_Benzodiazepine_Count', 'UDS_Buprenorphine_Count', 'UDS_Cocaine_Count', 'UDS_Methadone_Count', 'UDS_Opioid_Count', 'UDS_Sedatives_Count', 'UDS_Thc_Count', 'pain', 'has_schizophrenia', 'has_major_dep', 'has_bipolar', 'has_anx_pan', 'has_brain_damage', 'has_epilepsy', 'has_alcol_dx', 'has_amphetamines_dx', 'has_cannabis_dx', 'has_cocaine_dx', 'has_sedatives_dx', 'ftnd', 'XTRT', 'shared', 'rbsivheroin', 'TLFB_Alcohol_Count', 'TLFB_Amphetamine_Count', 'TLFB_Benzodiazepine_Count', 'TLFB_Buprenorphine_Count', 'TLFB_Cocaine_Count', 'TLFB_Heroin_Count', 'TLFB_Methadone_Count', 'TLFB_Opioid_Count', 'TLFB_THC_Count', 'TLFB_Other', 'Homosexual_Behavior', 'Non_monogamous_Relationships']
2024-08-27 13:47:52,539 - INFO - Fitting logistic regression model with the selected features...
2024-08-27 13:47:53,283 - INFO - Model training completed successfully.
2024-08-27 13:47:53,283 - INFO - Calculating the dynamic threshold based on the proportion of positive outcomes...
2024-08-27 13:47:53,284 - INFO - Ratio of 1s to 0s in the outcome variable: 0.51 : 0.49
2024-08-27 13:47:53,284 - INFO - Dynamic threshold set to: 0.512
2024-08-27 13:47:53,284 - INFO - Model trained and saved successfully for subset 6.
2024-08-27 13:47:53,284 - INFO - ---------------------------
2024-08-27 13:47:53,284 - INFO - TRAIN MODEL STAGE COMPLETED FOR SUBSET 6
2024-08-27 13:47:53,284 - INFO - ---------------------------
2024-08-27 13:47:53,284 - INFO - --------------------------------
2024-08-27 13:47:53,284 - INFO - EVALUATE MODEL STAGE STARTING FOR SUBSET 6...
2024-08-27 13:47:53,284 - INFO - --------------------------------
2024-08-27 13:47:53,298 - INFO - ROC AUC Score: 0.7013319672131146
2024-08-27 13:47:53,299 - INFO - Confusion Matrix: 
[[80 42]
 [42 86]]
2024-08-27 13:47:53,299 - INFO - Precision: 0.671875
2024-08-27 13:47:53,299 - INFO - Recall: 0.671875
2024-08-27 13:47:53,299 - INFO - Model evaluated successfully for subset 6.
2024-08-27 13:47:53,299 - INFO - ------------------------------
2024-08-27 13:47:53,299 - INFO - EVALUATE MODEL STAGE COMPLETED FOR SUBSET 6
2024-08-27 13:47:53,299 - INFO - ------------------------------
2024-08-27 13:47:53,300 - INFO - Subset 7 demographic makeup: 800 1, 96 3, 59 2, 45 4
2024-08-27 13:47:53,301 - INFO - Processing subset 7...
2024-08-27 13:47:53,301 - INFO - -----------------------------
2024-08-27 13:47:53,301 - INFO - TRAIN MODEL STAGE STARTING FOR SUBSET 7...
2024-08-27 13:47:53,301 - INFO - -----------------------------
2024-08-27 13:47:53,308 - INFO - Scaling features and applying LASSO for feature selection...
2024-08-27 13:47:54,807 - INFO - Selected features (including required): ['who', 'RaceEth', 'age', 'is_female', 'is_hispanic', 'unemployed', 'unstableliving', 'education', 'marital', 'UDS_Amphetamine_Count', 'UDS_Benzodiazepine_Count', 'UDS_Buprenorphine_Count', 'UDS_Cocaine_Count', 'UDS_Methadone_Count', 'UDS_Opioid_Count', 'UDS_Sedatives_Count', 'UDS_Thc_Count', 'pain', 'has_schizophrenia', 'has_major_dep', 'has_bipolar', 'has_anx_pan', 'has_brain_damage', 'has_epilepsy', 'has_alcol_dx', 'has_amphetamines_dx', 'has_cannabis_dx', 'has_cocaine_dx', 'has_sedatives_dx', 'ftnd', 'XTRT', 'shared', 'rbsivheroin', 'TLFB_Alcohol_Count', 'TLFB_Amphetamine_Count', 'TLFB_Benzodiazepine_Count', 'TLFB_Buprenorphine_Count', 'TLFB_Cocaine_Count', 'TLFB_Heroin_Count', 'TLFB_Methadone_Count', 'TLFB_Opioid_Count', 'TLFB_THC_Count', 'TLFB_Other', 'Homosexual_Behavior', 'Non_monogamous_Relationships']
2024-08-27 13:47:54,812 - INFO - Fitting logistic regression model with the selected features...
2024-08-27 13:47:55,627 - INFO - Model training completed successfully.
2024-08-27 13:47:55,627 - INFO - Calculating the dynamic threshold based on the proportion of positive outcomes...
2024-08-27 13:47:55,627 - INFO - Ratio of 1s to 0s in the outcome variable: 0.52 : 0.48
2024-08-27 13:47:55,627 - INFO - Dynamic threshold set to: 0.516
2024-08-27 13:47:55,627 - INFO - Model trained and saved successfully for subset 7.
2024-08-27 13:47:55,628 - INFO - ---------------------------
2024-08-27 13:47:55,628 - INFO - TRAIN MODEL STAGE COMPLETED FOR SUBSET 7
2024-08-27 13:47:55,628 - INFO - ---------------------------
2024-08-27 13:47:55,628 - INFO - --------------------------------
2024-08-27 13:47:55,628 - INFO - EVALUATE MODEL STAGE STARTING FOR SUBSET 7...
2024-08-27 13:47:55,628 - INFO - --------------------------------
2024-08-27 13:47:55,640 - INFO - ROC AUC Score: 0.645140623998975
2024-08-27 13:47:55,641 - INFO - Confusion Matrix: 
[[77 44]
 [51 78]]
2024-08-27 13:47:55,641 - INFO - Precision: 0.639344262295082
2024-08-27 13:47:55,641 - INFO - Recall: 0.6046511627906976
2024-08-27 13:47:55,641 - INFO - Model evaluated successfully for subset 7.
2024-08-27 13:47:55,641 - INFO - ------------------------------
2024-08-27 13:47:55,641 - INFO - EVALUATE MODEL STAGE COMPLETED FOR SUBSET 7
2024-08-27 13:47:55,641 - INFO - ------------------------------
2024-08-27 13:47:55,642 - INFO - Subset 8 demographic makeup: 850 1, 69 3, 44 2, 37 4
2024-08-27 13:47:55,642 - INFO - Processing subset 8...
2024-08-27 13:47:55,642 - INFO - -----------------------------
2024-08-27 13:47:55,642 - INFO - TRAIN MODEL STAGE STARTING FOR SUBSET 8...
2024-08-27 13:47:55,642 - INFO - -----------------------------
2024-08-27 13:47:55,652 - INFO - Scaling features and applying LASSO for feature selection...
2024-08-27 13:47:56,590 - INFO - Selected features (including required): ['who', 'RaceEth', 'age', 'is_female', 'is_hispanic', 'unemployed', 'unstableliving', 'education', 'marital', 'UDS_Amphetamine_Count', 'UDS_Benzodiazepine_Count', 'UDS_Buprenorphine_Count', 'UDS_Cocaine_Count', 'UDS_Methadone_Count', 'UDS_Opioid_Count', 'UDS_Sedatives_Count', 'UDS_Thc_Count', 'pain', 'has_schizophrenia', 'has_major_dep', 'has_bipolar', 'has_anx_pan', 'has_brain_damage', 'has_epilepsy', 'has_alcol_dx', 'has_amphetamines_dx', 'has_cannabis_dx', 'has_cocaine_dx', 'has_sedatives_dx', 'ftnd', 'XTRT', 'shared', 'rbsivheroin', 'TLFB_Alcohol_Count', 'TLFB_Amphetamine_Count', 'TLFB_Benzodiazepine_Count', 'TLFB_Buprenorphine_Count', 'TLFB_Cocaine_Count', 'TLFB_Heroin_Count', 'TLFB_Methadone_Count', 'TLFB_Opioid_Count', 'TLFB_THC_Count', 'TLFB_Other', 'Homosexual_Behavior', 'Non_monogamous_Relationships']
2024-08-27 13:47:56,595 - INFO - Fitting logistic regression model with the selected features...
2024-08-27 13:47:57,194 - INFO - Model training completed successfully.
2024-08-27 13:47:57,195 - INFO - Calculating the dynamic threshold based on the proportion of positive outcomes...
2024-08-27 13:47:57,196 - INFO - Ratio of 1s to 0s in the outcome variable: 0.52 : 0.48
2024-08-27 13:47:57,196 - INFO - Dynamic threshold set to: 0.52
2024-08-27 13:47:57,197 - INFO - Model trained and saved successfully for subset 8.
2024-08-27 13:47:57,197 - INFO - ---------------------------
2024-08-27 13:47:57,198 - INFO - TRAIN MODEL STAGE COMPLETED FOR SUBSET 8
2024-08-27 13:47:57,198 - INFO - ---------------------------
2024-08-27 13:47:57,199 - INFO - --------------------------------
2024-08-27 13:47:57,199 - INFO - EVALUATE MODEL STAGE STARTING FOR SUBSET 8...
2024-08-27 13:47:57,200 - INFO - --------------------------------
2024-08-27 13:47:57,218 - INFO - ROC AUC Score: 0.6386538461538461
2024-08-27 13:47:57,219 - INFO - Confusion Matrix: 
[[71 49]
 [50 80]]
2024-08-27 13:47:57,219 - INFO - Precision: 0.6201550387596899
2024-08-27 13:47:57,220 - INFO - Recall: 0.6153846153846154
2024-08-27 13:47:57,220 - INFO - Model evaluated successfully for subset 8.
2024-08-27 13:47:57,221 - INFO - ------------------------------
2024-08-27 13:47:57,226 - INFO - EVALUATE MODEL STAGE COMPLETED FOR SUBSET 8
2024-08-27 13:47:57,226 - INFO - ------------------------------
2024-08-27 13:47:57,228 - INFO - Subset 9 demographic makeup: 900 1, 47 3, 30 2, 23 4
2024-08-27 13:47:57,228 - INFO - Processing subset 9...
2024-08-27 13:47:57,229 - INFO - -----------------------------
2024-08-27 13:47:57,229 - INFO - TRAIN MODEL STAGE STARTING FOR SUBSET 9...
2024-08-27 13:47:57,230 - INFO - -----------------------------
2024-08-27 13:47:57,243 - INFO - Scaling features and applying LASSO for feature selection...
2024-08-27 13:47:57,597 - INFO - Selected features (including required): ['who', 'RaceEth', 'age', 'is_female', 'is_hispanic', 'unemployed', 'unstableliving', 'education', 'marital', 'UDS_Amphetamine_Count', 'UDS_Benzodiazepine_Count', 'UDS_Buprenorphine_Count', 'UDS_Cocaine_Count', 'UDS_Methadone_Count', 'UDS_Opioid_Count', 'UDS_Sedatives_Count', 'UDS_Thc_Count', 'pain', 'has_schizophrenia', 'has_major_dep', 'has_bipolar', 'has_anx_pan', 'has_brain_damage', 'has_epilepsy', 'has_alcol_dx', 'has_amphetamines_dx', 'has_cannabis_dx', 'has_cocaine_dx', 'has_sedatives_dx', 'ftnd', 'XTRT', 'shared', 'rbsivheroin', 'TLFB_Alcohol_Count', 'TLFB_Amphetamine_Count', 'TLFB_Benzodiazepine_Count', 'TLFB_Buprenorphine_Count', 'TLFB_Cocaine_Count', 'TLFB_Heroin_Count', 'TLFB_Methadone_Count', 'TLFB_Opioid_Count', 'TLFB_THC_Count', 'TLFB_Other', 'Homosexual_Behavior', 'Non_monogamous_Relationships']
2024-08-27 13:47:57,603 - INFO - Fitting logistic regression model with the selected features...
2024-08-27 13:47:58,637 - INFO - Model training completed successfully.
2024-08-27 13:47:58,637 - INFO - Calculating the dynamic threshold based on the proportion of positive outcomes...
2024-08-27 13:47:58,637 - INFO - Ratio of 1s to 0s in the outcome variable: 0.47 : 0.53
2024-08-27 13:47:58,638 - INFO - Dynamic threshold set to: 0.472
2024-08-27 13:47:58,638 - INFO - Model trained and saved successfully for subset 9.
2024-08-27 13:47:58,638 - INFO - ---------------------------
2024-08-27 13:47:58,638 - INFO - TRAIN MODEL STAGE COMPLETED FOR SUBSET 9
2024-08-27 13:47:58,638 - INFO - ---------------------------
2024-08-27 13:47:58,638 - INFO - --------------------------------
2024-08-27 13:47:58,638 - INFO - EVALUATE MODEL STAGE STARTING FOR SUBSET 9...
2024-08-27 13:47:58,638 - INFO - --------------------------------
2024-08-27 13:47:58,650 - INFO - ROC AUC Score: 0.6154340010272213
2024-08-27 13:47:58,651 - INFO - Confusion Matrix: 
[[59 73]
 [36 82]]
2024-08-27 13:47:58,651 - INFO - Precision: 0.5290322580645161
2024-08-27 13:47:58,651 - INFO - Recall: 0.6949152542372882
2024-08-27 13:47:58,651 - INFO - Model evaluated successfully for subset 9.
2024-08-27 13:47:58,651 - INFO - ------------------------------
2024-08-27 13:47:58,651 - INFO - EVALUATE MODEL STAGE COMPLETED FOR SUBSET 9
2024-08-27 13:47:58,651 - INFO - ------------------------------
2024-08-27 13:47:58,652 - INFO - Subset 10 demographic makeup: 950 1, 24 3, 16 2, 10 4
2024-08-27 13:47:58,653 - INFO - Processing subset 10...
2024-08-27 13:47:58,653 - INFO - -----------------------------
2024-08-27 13:47:58,653 - INFO - TRAIN MODEL STAGE STARTING FOR SUBSET 10...
2024-08-27 13:47:58,653 - INFO - -----------------------------
2024-08-27 13:47:58,660 - INFO - Scaling features and applying LASSO for feature selection...
2024-08-27 13:47:58,957 - INFO - Selected features (including required): ['who', 'RaceEth', 'age', 'is_female', 'is_hispanic', 'unemployed', 'unstableliving', 'education', 'marital', 'UDS_Amphetamine_Count', 'UDS_Benzodiazepine_Count', 'UDS_Buprenorphine_Count', 'UDS_Cocaine_Count', 'UDS_Methadone_Count', 'UDS_Opioid_Count', 'UDS_Sedatives_Count', 'UDS_Thc_Count', 'pain', 'has_schizophrenia', 'has_major_dep', 'has_bipolar', 'has_anx_pan', 'has_brain_damage', 'has_epilepsy', 'has_alcol_dx', 'has_amphetamines_dx', 'has_cannabis_dx', 'has_cocaine_dx', 'has_sedatives_dx', 'ftnd', 'XTRT', 'shared', 'rbsivheroin', 'TLFB_Alcohol_Count', 'TLFB_Amphetamine_Count', 'TLFB_Benzodiazepine_Count', 'TLFB_Buprenorphine_Count', 'TLFB_Cocaine_Count', 'TLFB_Heroin_Count', 'TLFB_Methadone_Count', 'TLFB_Opioid_Count', 'TLFB_THC_Count', 'TLFB_Other', 'Homosexual_Behavior', 'Non_monogamous_Relationships']
2024-08-27 13:47:58,963 - INFO - Fitting logistic regression model with the selected features...
2024-08-27 13:47:59,580 - INFO - Model training completed successfully.
2024-08-27 13:47:59,581 - INFO - Calculating the dynamic threshold based on the proportion of positive outcomes...
2024-08-27 13:47:59,581 - INFO - Ratio of 1s to 0s in the outcome variable: 0.48 : 0.52
2024-08-27 13:47:59,581 - INFO - Dynamic threshold set to: 0.48
2024-08-27 13:47:59,581 - INFO - Model trained and saved successfully for subset 10.
2024-08-27 13:47:59,581 - INFO - ---------------------------
2024-08-27 13:47:59,581 - INFO - TRAIN MODEL STAGE COMPLETED FOR SUBSET 10
2024-08-27 13:47:59,581 - INFO - ---------------------------
2024-08-27 13:47:59,581 - INFO - --------------------------------
2024-08-27 13:47:59,582 - INFO - EVALUATE MODEL STAGE STARTING FOR SUBSET 10...
2024-08-27 13:47:59,582 - INFO - --------------------------------
2024-08-27 13:47:59,599 - INFO - ROC AUC Score: 0.6242307692307693
2024-08-27 13:47:59,599 - INFO - Confusion Matrix: 
[[55 75]
 [28 92]]
2024-08-27 13:47:59,599 - INFO - Precision: 0.5508982035928144
2024-08-27 13:47:59,600 - INFO - Recall: 0.7666666666666667
2024-08-27 13:47:59,600 - INFO - Model evaluated successfully for subset 10.
2024-08-27 13:47:59,600 - INFO - ------------------------------
2024-08-27 13:47:59,600 - INFO - EVALUATE MODEL STAGE COMPLETED FOR SUBSET 10
2024-08-27 13:47:59,600 - INFO - ------------------------------
2024-08-27 13:47:59,601 - INFO - Subset 11 demographic makeup: 1000 1
2024-08-27 13:47:59,601 - INFO - Processing subset 11...
2024-08-27 13:47:59,601 - INFO - -----------------------------
2024-08-27 13:47:59,601 - INFO - TRAIN MODEL STAGE STARTING FOR SUBSET 11...
2024-08-27 13:47:59,601 - INFO - -----------------------------
2024-08-27 13:47:59,607 - INFO - Scaling features and applying LASSO for feature selection...
2024-08-27 13:47:59,903 - INFO - Selected features (including required): ['who', 'age', 'is_female', 'unemployed', 'unstableliving', 'education', 'marital', 'UDS_Amphetamine_Count', 'UDS_Benzodiazepine_Count', 'UDS_Buprenorphine_Count', 'UDS_Cocaine_Count', 'UDS_Methadone_Count', 'UDS_Opioid_Count', 'UDS_Sedatives_Count', 'UDS_Thc_Count', 'pain', 'has_schizophrenia', 'has_major_dep', 'has_bipolar', 'has_anx_pan', 'has_brain_damage', 'has_epilepsy', 'has_alcol_dx', 'has_amphetamines_dx', 'has_cannabis_dx', 'has_cocaine_dx', 'has_sedatives_dx', 'ftnd', 'XTRT', 'shared', 'rbsivheroin', 'TLFB_Alcohol_Count', 'TLFB_Amphetamine_Count', 'TLFB_Benzodiazepine_Count', 'TLFB_Buprenorphine_Count', 'TLFB_Cocaine_Count', 'TLFB_Heroin_Count', 'TLFB_Methadone_Count', 'TLFB_Opioid_Count', 'TLFB_THC_Count', 'TLFB_Other', 'Homosexual_Behavior', 'Non_monogamous_Relationships']
2024-08-27 13:47:59,908 - INFO - Fitting logistic regression model with the selected features...
2024-08-27 13:48:00,397 - INFO - Model training completed successfully.
2024-08-27 13:48:00,398 - INFO - Calculating the dynamic threshold based on the proportion of positive outcomes...
2024-08-27 13:48:00,398 - INFO - Ratio of 1s to 0s in the outcome variable: 0.56 : 0.44
2024-08-27 13:48:00,398 - INFO - Dynamic threshold set to: 0.556
2024-08-27 13:48:00,398 - INFO - Model trained and saved successfully for subset 11.
2024-08-27 13:48:00,398 - INFO - ---------------------------
2024-08-27 13:48:00,398 - INFO - TRAIN MODEL STAGE COMPLETED FOR SUBSET 11
2024-08-27 13:48:00,398 - INFO - ---------------------------
2024-08-27 13:48:00,398 - INFO - --------------------------------
2024-08-27 13:48:00,398 - INFO - EVALUATE MODEL STAGE STARTING FOR SUBSET 11...
2024-08-27 13:48:00,399 - INFO - --------------------------------
2024-08-27 13:48:00,419 - INFO - ROC AUC Score: 0.668222179013546
2024-08-27 13:48:00,419 - INFO - Confusion Matrix: 
[[73 38]
 [56 83]]
2024-08-27 13:48:00,419 - INFO - Precision: 0.6859504132231405
2024-08-27 13:48:00,419 - INFO - Recall: 0.5971223021582733
2024-08-27 13:48:00,419 - INFO - Model evaluated successfully for subset 11.
2024-08-27 13:48:00,419 - INFO - ------------------------------
2024-08-27 13:48:00,420 - INFO - EVALUATE MODEL STAGE COMPLETED FOR SUBSET 11
2024-08-27 13:48:00,420 - INFO - ------------------------------
2024-08-27 13:48:00,426 - INFO - Model predictions saved to csv successfully.
2024-08-27 13:48:00,426 - INFO - ------------------
2024-08-27 13:48:00,426 - INFO - PIPELINE COMPLETED
2024-08-27 13:48:00,426 - INFO - ------------------
