2024-08-14 11:29:48,178 - INFO - Global Seed set to: 1
2024-08-14 11:29:48,178 - INFO - Outcome Name: ctn0094_relapse_event
2024-08-14 11:29:48,223 - INFO - Datasets loaded successfully.
2024-08-14 11:29:48,231 - INFO - Starting preprocessing of the merged dataset...
2024-08-14 11:29:48,232 - INFO - ---------------------------------
2024-08-14 11:29:48,232 - INFO - PRE-PROCESSING STAGE STARTING...
2024-08-14 11:29:48,232 - INFO - ---------------------------------
2024-08-14 11:29:48,337 - INFO - Dropped initial columns: ['pain_when', 'is_smoker', 'per_day', 'max', 'amount', 'depression', 'anxiety', 'schizophrenia', 'max', 'amount', 'cocaine_inject_days', 'speedball_inject_days', 'opioid_inject_days', 'speed_inject_days', 'UDS_Alcohol_Count', 'UDS_Mdma/Hallucinogen_Count']
2024-08-14 11:29:48,377 - INFO - Converted Yes/No to binary.
2024-08-14 11:29:48,383 - INFO - Processed TLFB columns with specified columns: ['TLFB_Alcohol_Count', 'TLFB_Amphetamine_Count', 'TLFB_Cocaine_Count', 'TLFB_Heroin_Count', 'TLFB_Benzodiazepine_Count', 'TLFB_Opioid_Count', 'TLFB_THC_Count', 'TLFB_Methadone_Count', 'TLFB_Buprenorphine_Count']
2024-08-14 11:29:48,386 - INFO - Calculated behavioral columns.
2024-08-14 11:29:48,388 - INFO - Moved 'ctn0094_relapse_event' column to the end.
2024-08-14 11:29:48,475 - INFO - Dropped initial columns: ['msm_npt', 'msm_frq', 'txx_prt']
2024-08-14 11:29:48,491 - INFO - transform_data_with_nan_handling success
2024-08-14 11:29:48,492 - INFO - Renamed columns according to the mapping.
2024-08-14 11:29:48,527 - INFO - Transformed NaN to 0 for binary columns.
2024-08-14 11:29:48,528 - INFO - Transformed and renamed 'heroin_inject_days' column to 'rbsivheroin'.
2024-08-14 11:29:48,529 - INFO - Filled NaN with 0 for 'ftnd' column.
2024-08-14 11:29:48,595 - INFO - Dropped additional columns: ['rbs_iv_days', 'race', 'RBS_cocaine_Days', 'RBS_heroin_Days', 'RBS_opioid_Days', 'RBS_speed_Days', 'RBS_speedball_Days']
2024-08-14 11:29:48,608 - INFO - Converted UDS drug counts to binary.
2024-08-14 11:29:48,667 - INFO - ------------------------------
2024-08-14 11:29:48,668 - INFO - PRE-PROCESSING STAGE COMPLETED
2024-08-14 11:29:48,668 - INFO - ------------------------------
2024-08-14 11:29:48,668 - INFO - Merged dataset preprocessed successfully.
2024-08-14 11:29:48,668 - INFO - Creating demographic subsets from preprocessed data...
2024-08-14 11:30:01,576 - INFO - Created 11 subsets successfully.
2024-08-14 11:30:01,577 - INFO - Creating merged subsets from create_demographics_dfs function
2024-08-14 11:30:01,692 - INFO - Created 11 merged subsets successfully.
2024-08-14 11:30:01,693 - INFO - Subset 1 demographic makeup: 500 1, 239 3, 162 2, 99 4
2024-08-14 11:30:01,694 - INFO - Processing subset 1...
2024-08-14 11:30:01,695 - INFO - -----------------------------
2024-08-14 11:30:01,697 - INFO - TRAIN MODEL STAGE STARTING FOR SUBSET 1...
2024-08-14 11:30:01,698 - INFO - -----------------------------
2024-08-14 11:30:01,714 - INFO - Scaling features and applying LASSO for feature selection...
2024-08-14 11:30:02,074 - INFO - Selected features (including required): ['who', 'RaceEth', 'age', 'is_female', 'is_hispanic', 'unemployed', 'unstableliving', 'education', 'marital', 'UDS_Amphetamine_Count', 'UDS_Benzodiazepine_Count', 'UDS_Buprenorphine_Count', 'UDS_Cocaine_Count', 'UDS_Methadone_Count', 'UDS_Opioid_Count', 'UDS_Sedatives_Count', 'UDS_Thc_Count', 'pain', 'has_schizophrenia', 'has_major_dep', 'has_bipolar', 'has_anx_pan', 'has_brain_damage', 'has_epilepsy', 'has_alcol_dx', 'has_amphetamines_dx', 'has_cannabis_dx', 'has_cocaine_dx', 'has_sedatives_dx', 'ftnd', 'XTRT', 'shared', 'rbsivheroin', 'TLFB_Alcohol_Count', 'TLFB_Amphetamine_Count', 'TLFB_Benzodiazepine_Count', 'TLFB_Buprenorphine_Count', 'TLFB_Cocaine_Count', 'TLFB_Heroin_Count', 'TLFB_Methadone_Count', 'TLFB_Opioid_Count', 'TLFB_THC_Count', 'TLFB_Other', 'Homosexual_Behavior', 'Non_monogamous_Relationships']
2024-08-14 11:30:02,079 - INFO - Fitting logistic regression model with the selected features...
2024-08-14 11:30:02,576 - INFO - Model training completed successfully.
2024-08-14 11:30:02,576 - INFO - Calculating the dynamic threshold based on the proportion of positive outcomes...
2024-08-14 11:30:02,577 - INFO - Ratio of 1s to 0s in the outcome variable: 0.76 : 0.24
2024-08-14 11:30:02,577 - INFO - Dynamic threshold set to: 0.764
2024-08-14 11:30:02,577 - INFO - Model trained and saved successfully for subset 1.
2024-08-14 11:30:02,577 - INFO - ---------------------------
2024-08-14 11:30:02,577 - INFO - TRAIN MODEL STAGE COMPLETED FOR SUBSET 1
2024-08-14 11:30:02,577 - INFO - ---------------------------
2024-08-14 11:30:02,577 - INFO - --------------------------------
2024-08-14 11:30:02,577 - INFO - EVALUATE MODEL STAGE STARTING FOR SUBSET 1...
2024-08-14 11:30:02,577 - INFO - --------------------------------
2024-08-14 11:30:02,605 - INFO - ROC AUC Score: 0.5655337651965568
2024-08-14 11:30:02,606 - INFO - Confusion Matrix: 
[[ 26  33]
 [ 77 114]]
2024-08-14 11:30:02,606 - INFO - Precision: 0.7755102040816326
2024-08-14 11:30:02,607 - INFO - Recall: 0.5968586387434555
2024-08-14 11:30:02,607 - INFO - Model evaluated successfully for subset 1.
2024-08-14 11:30:02,607 - INFO - ------------------------------
2024-08-14 11:30:02,607 - INFO - EVALUATE MODEL STAGE COMPLETED FOR SUBSET 1
2024-08-14 11:30:02,607 - INFO - ------------------------------
2024-08-14 11:30:02,608 - INFO - Subset 2 demographic makeup: 550 1, 216 3, 146 2, 88 4
2024-08-14 11:30:02,608 - INFO - Processing subset 2...
2024-08-14 11:30:02,608 - INFO - -----------------------------
2024-08-14 11:30:02,608 - INFO - TRAIN MODEL STAGE STARTING FOR SUBSET 2...
2024-08-14 11:30:02,608 - INFO - -----------------------------
2024-08-14 11:30:02,616 - INFO - Scaling features and applying LASSO for feature selection...
2024-08-14 11:30:03,064 - INFO - Selected features (including required): ['who', 'RaceEth', 'age', 'is_female', 'is_hispanic', 'unemployed', 'unstableliving', 'education', 'marital', 'UDS_Amphetamine_Count', 'UDS_Benzodiazepine_Count', 'UDS_Buprenorphine_Count', 'UDS_Cocaine_Count', 'UDS_Methadone_Count', 'UDS_Opioid_Count', 'UDS_Sedatives_Count', 'UDS_Thc_Count', 'pain', 'has_schizophrenia', 'has_major_dep', 'has_bipolar', 'has_anx_pan', 'has_brain_damage', 'has_epilepsy', 'has_alcol_dx', 'has_amphetamines_dx', 'has_cannabis_dx', 'has_cocaine_dx', 'has_sedatives_dx', 'ftnd', 'XTRT', 'shared', 'rbsivheroin', 'TLFB_Alcohol_Count', 'TLFB_Amphetamine_Count', 'TLFB_Benzodiazepine_Count', 'TLFB_Buprenorphine_Count', 'TLFB_Cocaine_Count', 'TLFB_Heroin_Count', 'TLFB_Methadone_Count', 'TLFB_Opioid_Count', 'TLFB_THC_Count', 'TLFB_Other', 'Homosexual_Behavior', 'Non_monogamous_Relationships']
2024-08-14 11:30:03,073 - INFO - Fitting logistic regression model with the selected features...
2024-08-14 11:30:05,257 - INFO - Model training completed successfully.
2024-08-14 11:30:05,257 - INFO - Calculating the dynamic threshold based on the proportion of positive outcomes...
2024-08-14 11:30:05,258 - INFO - Ratio of 1s to 0s in the outcome variable: 0.79 : 0.21
2024-08-14 11:30:05,258 - INFO - Dynamic threshold set to: 0.788
2024-08-14 11:30:05,259 - INFO - Model trained and saved successfully for subset 2.
2024-08-14 11:30:05,259 - INFO - ---------------------------
2024-08-14 11:30:05,260 - INFO - TRAIN MODEL STAGE COMPLETED FOR SUBSET 2
2024-08-14 11:30:05,261 - INFO - ---------------------------
2024-08-14 11:30:05,261 - INFO - --------------------------------
2024-08-14 11:30:05,261 - INFO - EVALUATE MODEL STAGE STARTING FOR SUBSET 2...
2024-08-14 11:30:05,261 - INFO - --------------------------------
2024-08-14 11:30:05,285 - INFO - ROC AUC Score: 0.6200555502346519
2024-08-14 11:30:05,290 - INFO - Confusion Matrix: 
[[ 32  21]
 [ 83 114]]
2024-08-14 11:30:05,290 - INFO - Precision: 0.8444444444444444
2024-08-14 11:30:05,291 - INFO - Recall: 0.5786802030456852
2024-08-14 11:30:05,292 - INFO - Model evaluated successfully for subset 2.
2024-08-14 11:30:05,292 - INFO - ------------------------------
2024-08-14 11:30:05,293 - INFO - EVALUATE MODEL STAGE COMPLETED FOR SUBSET 2
2024-08-14 11:30:05,294 - INFO - ------------------------------
2024-08-14 11:30:05,299 - INFO - Subset 3 demographic makeup: 600 1, 190 3, 137 2, 73 4
2024-08-14 11:30:05,300 - INFO - Processing subset 3...
2024-08-14 11:30:05,302 - INFO - -----------------------------
2024-08-14 11:30:05,302 - INFO - TRAIN MODEL STAGE STARTING FOR SUBSET 3...
2024-08-14 11:30:05,302 - INFO - -----------------------------
2024-08-14 11:30:05,311 - INFO - Scaling features and applying LASSO for feature selection...
2024-08-14 11:30:06,131 - INFO - Selected features (including required): ['who', 'RaceEth', 'age', 'is_female', 'is_hispanic', 'unemployed', 'unstableliving', 'education', 'marital', 'UDS_Amphetamine_Count', 'UDS_Benzodiazepine_Count', 'UDS_Buprenorphine_Count', 'UDS_Cocaine_Count', 'UDS_Methadone_Count', 'UDS_Opioid_Count', 'UDS_Sedatives_Count', 'UDS_Thc_Count', 'pain', 'has_schizophrenia', 'has_major_dep', 'has_bipolar', 'has_anx_pan', 'has_brain_damage', 'has_epilepsy', 'has_alcol_dx', 'has_amphetamines_dx', 'has_cannabis_dx', 'has_cocaine_dx', 'has_sedatives_dx', 'ftnd', 'XTRT', 'shared', 'rbsivheroin', 'TLFB_Alcohol_Count', 'TLFB_Amphetamine_Count', 'TLFB_Benzodiazepine_Count', 'TLFB_Buprenorphine_Count', 'TLFB_Cocaine_Count', 'TLFB_Heroin_Count', 'TLFB_Methadone_Count', 'TLFB_Opioid_Count', 'TLFB_THC_Count', 'TLFB_Other', 'Homosexual_Behavior', 'Non_monogamous_Relationships']
2024-08-14 11:30:06,142 - INFO - Fitting logistic regression model with the selected features...
2024-08-14 11:30:07,708 - INFO - Model training completed successfully.
2024-08-14 11:30:07,708 - INFO - Calculating the dynamic threshold based on the proportion of positive outcomes...
2024-08-14 11:30:07,709 - INFO - Ratio of 1s to 0s in the outcome variable: 0.80 : 0.20
2024-08-14 11:30:07,709 - INFO - Dynamic threshold set to: 0.8
2024-08-14 11:30:07,710 - INFO - Model trained and saved successfully for subset 3.
2024-08-14 11:30:07,710 - INFO - ---------------------------
2024-08-14 11:30:07,710 - INFO - TRAIN MODEL STAGE COMPLETED FOR SUBSET 3
2024-08-14 11:30:07,710 - INFO - ---------------------------
2024-08-14 11:30:07,710 - INFO - --------------------------------
2024-08-14 11:30:07,710 - INFO - EVALUATE MODEL STAGE STARTING FOR SUBSET 3...
2024-08-14 11:30:07,710 - INFO - --------------------------------
2024-08-14 11:30:07,724 - INFO - ROC AUC Score: 0.6047
2024-08-14 11:30:07,725 - INFO - Confusion Matrix: 
[[ 31  19]
 [ 98 102]]
2024-08-14 11:30:07,726 - INFO - Precision: 0.8429752066115702
2024-08-14 11:30:07,727 - INFO - Recall: 0.51
2024-08-14 11:30:07,730 - INFO - Model evaluated successfully for subset 3.
2024-08-14 11:30:07,730 - INFO - ------------------------------
2024-08-14 11:30:07,731 - INFO - EVALUATE MODEL STAGE COMPLETED FOR SUBSET 3
2024-08-14 11:30:07,732 - INFO - ------------------------------
2024-08-14 11:30:07,734 - INFO - Subset 4 demographic makeup: 650 1, 169 3, 116 2, 65 4
2024-08-14 11:30:07,734 - INFO - Processing subset 4...
2024-08-14 11:30:07,734 - INFO - -----------------------------
2024-08-14 11:30:07,734 - INFO - TRAIN MODEL STAGE STARTING FOR SUBSET 4...
2024-08-14 11:30:07,736 - INFO - -----------------------------
2024-08-14 11:30:07,743 - INFO - Scaling features and applying LASSO for feature selection...
2024-08-14 11:30:08,192 - INFO - Selected features (including required): ['who', 'RaceEth', 'age', 'is_female', 'is_hispanic', 'unemployed', 'unstableliving', 'education', 'marital', 'UDS_Amphetamine_Count', 'UDS_Benzodiazepine_Count', 'UDS_Buprenorphine_Count', 'UDS_Cocaine_Count', 'UDS_Methadone_Count', 'UDS_Opioid_Count', 'UDS_Sedatives_Count', 'UDS_Thc_Count', 'pain', 'has_schizophrenia', 'has_major_dep', 'has_bipolar', 'has_anx_pan', 'has_brain_damage', 'has_epilepsy', 'has_alcol_dx', 'has_amphetamines_dx', 'has_cannabis_dx', 'has_cocaine_dx', 'has_sedatives_dx', 'ftnd', 'XTRT', 'shared', 'rbsivheroin', 'TLFB_Alcohol_Count', 'TLFB_Amphetamine_Count', 'TLFB_Benzodiazepine_Count', 'TLFB_Buprenorphine_Count', 'TLFB_Cocaine_Count', 'TLFB_Heroin_Count', 'TLFB_Methadone_Count', 'TLFB_Opioid_Count', 'TLFB_THC_Count', 'TLFB_Other', 'Homosexual_Behavior', 'Non_monogamous_Relationships']
2024-08-14 11:30:08,204 - INFO - Fitting logistic regression model with the selected features...
2024-08-14 11:30:09,862 - INFO - Model training completed successfully.
2024-08-14 11:30:09,862 - INFO - Calculating the dynamic threshold based on the proportion of positive outcomes...
2024-08-14 11:30:09,863 - INFO - Ratio of 1s to 0s in the outcome variable: 0.79 : 0.21
2024-08-14 11:30:09,863 - INFO - Dynamic threshold set to: 0.788
2024-08-14 11:30:09,864 - INFO - Model trained and saved successfully for subset 4.
2024-08-14 11:30:09,864 - INFO - ---------------------------
2024-08-14 11:30:09,865 - INFO - TRAIN MODEL STAGE COMPLETED FOR SUBSET 4
2024-08-14 11:30:09,865 - INFO - ---------------------------
2024-08-14 11:30:09,865 - INFO - --------------------------------
2024-08-14 11:30:09,868 - INFO - EVALUATE MODEL STAGE STARTING FOR SUBSET 4...
2024-08-14 11:30:09,869 - INFO - --------------------------------
2024-08-14 11:30:09,899 - INFO - ROC AUC Score: 0.7064457427449478
2024-08-14 11:30:09,901 - INFO - Confusion Matrix: 
[[ 45   8]
 [106  91]]
2024-08-14 11:30:09,903 - INFO - Precision: 0.9191919191919192
2024-08-14 11:30:09,903 - INFO - Recall: 0.4619289340101523
2024-08-14 11:30:09,903 - INFO - Model evaluated successfully for subset 4.
2024-08-14 11:30:09,904 - INFO - ------------------------------
2024-08-14 11:30:09,904 - INFO - EVALUATE MODEL STAGE COMPLETED FOR SUBSET 4
2024-08-14 11:30:09,905 - INFO - ------------------------------
2024-08-14 11:30:09,906 - INFO - Subset 5 demographic makeup: 700 1, 147 3, 97 2, 56 4
2024-08-14 11:30:09,907 - INFO - Processing subset 5...
2024-08-14 11:30:09,915 - INFO - -----------------------------
2024-08-14 11:30:09,919 - INFO - TRAIN MODEL STAGE STARTING FOR SUBSET 5...
2024-08-14 11:30:09,920 - INFO - -----------------------------
2024-08-14 11:30:09,966 - INFO - Scaling features and applying LASSO for feature selection...
2024-08-14 11:30:10,724 - INFO - Selected features (including required): ['who', 'RaceEth', 'age', 'is_female', 'is_hispanic', 'unemployed', 'unstableliving', 'education', 'marital', 'UDS_Amphetamine_Count', 'UDS_Benzodiazepine_Count', 'UDS_Buprenorphine_Count', 'UDS_Cocaine_Count', 'UDS_Methadone_Count', 'UDS_Opioid_Count', 'UDS_Sedatives_Count', 'UDS_Thc_Count', 'pain', 'has_schizophrenia', 'has_major_dep', 'has_bipolar', 'has_anx_pan', 'has_brain_damage', 'has_epilepsy', 'has_alcol_dx', 'has_amphetamines_dx', 'has_cannabis_dx', 'has_cocaine_dx', 'has_sedatives_dx', 'ftnd', 'XTRT', 'shared', 'rbsivheroin', 'TLFB_Alcohol_Count', 'TLFB_Amphetamine_Count', 'TLFB_Benzodiazepine_Count', 'TLFB_Buprenorphine_Count', 'TLFB_Cocaine_Count', 'TLFB_Heroin_Count', 'TLFB_Methadone_Count', 'TLFB_Opioid_Count', 'TLFB_THC_Count', 'TLFB_Other', 'Homosexual_Behavior', 'Non_monogamous_Relationships']
2024-08-14 11:30:10,771 - INFO - Fitting logistic regression model with the selected features...
2024-08-14 11:30:12,413 - INFO - Model training completed successfully.
2024-08-14 11:30:12,413 - INFO - Calculating the dynamic threshold based on the proportion of positive outcomes...
2024-08-14 11:30:12,414 - INFO - Ratio of 1s to 0s in the outcome variable: 0.74 : 0.26
2024-08-14 11:30:12,414 - INFO - Dynamic threshold set to: 0.744
2024-08-14 11:30:12,414 - INFO - Model trained and saved successfully for subset 5.
2024-08-14 11:30:12,416 - INFO - ---------------------------
2024-08-14 11:30:12,416 - INFO - TRAIN MODEL STAGE COMPLETED FOR SUBSET 5
2024-08-14 11:30:12,420 - INFO - ---------------------------
2024-08-14 11:30:12,420 - INFO - --------------------------------
2024-08-14 11:30:12,421 - INFO - EVALUATE MODEL STAGE STARTING FOR SUBSET 5...
2024-08-14 11:30:12,421 - INFO - --------------------------------
2024-08-14 11:30:12,460 - INFO - ROC AUC Score: 0.699260752688172
2024-08-14 11:30:12,461 - INFO - Confusion Matrix: 
[[ 35  29]
 [ 48 138]]
2024-08-14 11:30:12,461 - INFO - Precision: 0.8263473053892215
2024-08-14 11:30:12,463 - INFO - Recall: 0.7419354838709677
2024-08-14 11:30:12,463 - INFO - Model evaluated successfully for subset 5.
2024-08-14 11:30:12,472 - INFO - ------------------------------
2024-08-14 11:30:12,472 - INFO - EVALUATE MODEL STAGE COMPLETED FOR SUBSET 5
2024-08-14 11:30:12,473 - INFO - ------------------------------
2024-08-14 11:30:12,475 - INFO - Subset 6 demographic makeup: 750 1, 125 3, 79 2, 46 4
2024-08-14 11:30:12,475 - INFO - Processing subset 6...
2024-08-14 11:30:12,475 - INFO - -----------------------------
2024-08-14 11:30:12,476 - INFO - TRAIN MODEL STAGE STARTING FOR SUBSET 6...
2024-08-14 11:30:12,484 - INFO - -----------------------------
2024-08-14 11:30:12,512 - INFO - Scaling features and applying LASSO for feature selection...
2024-08-14 11:30:13,280 - INFO - Selected features (including required): ['who', 'RaceEth', 'age', 'is_female', 'is_hispanic', 'unemployed', 'unstableliving', 'education', 'marital', 'UDS_Amphetamine_Count', 'UDS_Benzodiazepine_Count', 'UDS_Buprenorphine_Count', 'UDS_Cocaine_Count', 'UDS_Methadone_Count', 'UDS_Opioid_Count', 'UDS_Sedatives_Count', 'UDS_Thc_Count', 'pain', 'has_schizophrenia', 'has_major_dep', 'has_bipolar', 'has_anx_pan', 'has_brain_damage', 'has_epilepsy', 'has_alcol_dx', 'has_amphetamines_dx', 'has_cannabis_dx', 'has_cocaine_dx', 'has_sedatives_dx', 'ftnd', 'XTRT', 'shared', 'rbsivheroin', 'TLFB_Alcohol_Count', 'TLFB_Amphetamine_Count', 'TLFB_Benzodiazepine_Count', 'TLFB_Buprenorphine_Count', 'TLFB_Cocaine_Count', 'TLFB_Heroin_Count', 'TLFB_Methadone_Count', 'TLFB_Opioid_Count', 'TLFB_THC_Count', 'TLFB_Other', 'Homosexual_Behavior', 'Non_monogamous_Relationships']
2024-08-14 11:30:13,286 - INFO - Fitting logistic regression model with the selected features...
2024-08-14 11:30:13,981 - INFO - Model training completed successfully.
2024-08-14 11:30:13,981 - INFO - Calculating the dynamic threshold based on the proportion of positive outcomes...
2024-08-14 11:30:13,982 - INFO - Ratio of 1s to 0s in the outcome variable: 0.77 : 0.23
2024-08-14 11:30:13,982 - INFO - Dynamic threshold set to: 0.772
2024-08-14 11:30:13,983 - INFO - Model trained and saved successfully for subset 6.
2024-08-14 11:30:13,984 - INFO - ---------------------------
2024-08-14 11:30:13,986 - INFO - TRAIN MODEL STAGE COMPLETED FOR SUBSET 6
2024-08-14 11:30:13,988 - INFO - ---------------------------
2024-08-14 11:30:13,990 - INFO - --------------------------------
2024-08-14 11:30:13,990 - INFO - EVALUATE MODEL STAGE STARTING FOR SUBSET 6...
2024-08-14 11:30:13,990 - INFO - --------------------------------
2024-08-14 11:30:14,022 - INFO - ROC AUC Score: 0.6840287246613944
2024-08-14 11:30:14,022 - INFO - Confusion Matrix: 
[[ 36  21]
 [ 62 131]]
2024-08-14 11:30:14,024 - INFO - Precision: 0.8618421052631579
2024-08-14 11:30:14,026 - INFO - Recall: 0.6787564766839378
2024-08-14 11:30:14,029 - INFO - Model evaluated successfully for subset 6.
2024-08-14 11:30:14,031 - INFO - ------------------------------
2024-08-14 11:30:14,031 - INFO - EVALUATE MODEL STAGE COMPLETED FOR SUBSET 6
2024-08-14 11:30:14,031 - INFO - ------------------------------
2024-08-14 11:30:14,032 - INFO - Subset 7 demographic makeup: 800 1, 101 3, 68 2, 31 4
2024-08-14 11:30:14,032 - INFO - Processing subset 7...
2024-08-14 11:30:14,032 - INFO - -----------------------------
2024-08-14 11:30:14,033 - INFO - TRAIN MODEL STAGE STARTING FOR SUBSET 7...
2024-08-14 11:30:14,033 - INFO - -----------------------------
2024-08-14 11:30:14,046 - INFO - Scaling features and applying LASSO for feature selection...
2024-08-14 11:30:15,386 - INFO - Selected features (including required): ['who', 'RaceEth', 'age', 'is_female', 'is_hispanic', 'unemployed', 'unstableliving', 'education', 'marital', 'UDS_Amphetamine_Count', 'UDS_Benzodiazepine_Count', 'UDS_Buprenorphine_Count', 'UDS_Cocaine_Count', 'UDS_Methadone_Count', 'UDS_Opioid_Count', 'UDS_Sedatives_Count', 'UDS_Thc_Count', 'pain', 'has_schizophrenia', 'has_major_dep', 'has_bipolar', 'has_anx_pan', 'has_brain_damage', 'has_epilepsy', 'has_alcol_dx', 'has_amphetamines_dx', 'has_cannabis_dx', 'has_cocaine_dx', 'has_sedatives_dx', 'ftnd', 'XTRT', 'shared', 'rbsivheroin', 'TLFB_Alcohol_Count', 'TLFB_Amphetamine_Count', 'TLFB_Benzodiazepine_Count', 'TLFB_Buprenorphine_Count', 'TLFB_Cocaine_Count', 'TLFB_Heroin_Count', 'TLFB_Methadone_Count', 'TLFB_Opioid_Count', 'TLFB_THC_Count', 'TLFB_Other', 'Homosexual_Behavior', 'Non_monogamous_Relationships']
2024-08-14 11:30:15,391 - INFO - Fitting logistic regression model with the selected features...
2024-08-14 11:30:15,924 - INFO - Model training completed successfully.
2024-08-14 11:30:15,924 - INFO - Calculating the dynamic threshold based on the proportion of positive outcomes...
2024-08-14 11:30:15,924 - INFO - Ratio of 1s to 0s in the outcome variable: 0.79 : 0.21
2024-08-14 11:30:15,925 - INFO - Dynamic threshold set to: 0.788
2024-08-14 11:30:15,925 - INFO - Model trained and saved successfully for subset 7.
2024-08-14 11:30:15,925 - INFO - ---------------------------
2024-08-14 11:30:15,925 - INFO - TRAIN MODEL STAGE COMPLETED FOR SUBSET 7
2024-08-14 11:30:15,925 - INFO - ---------------------------
2024-08-14 11:30:15,925 - INFO - --------------------------------
2024-08-14 11:30:15,925 - INFO - EVALUATE MODEL STAGE STARTING FOR SUBSET 7...
2024-08-14 11:30:15,925 - INFO - --------------------------------
2024-08-14 11:30:15,938 - INFO - ROC AUC Score: 0.6510870606263767
2024-08-14 11:30:15,938 - INFO - Confusion Matrix: 
[[ 35  18]
 [ 86 111]]
2024-08-14 11:30:15,939 - INFO - Precision: 0.8604651162790697
2024-08-14 11:30:15,939 - INFO - Recall: 0.5634517766497462
2024-08-14 11:30:15,939 - INFO - Model evaluated successfully for subset 7.
2024-08-14 11:30:15,940 - INFO - ------------------------------
2024-08-14 11:30:15,940 - INFO - EVALUATE MODEL STAGE COMPLETED FOR SUBSET 7
2024-08-14 11:30:15,940 - INFO - ------------------------------
2024-08-14 11:30:15,951 - INFO - Subset 8 demographic makeup: 850 1, 78 3, 49 2, 23 4
2024-08-14 11:30:15,951 - INFO - Processing subset 8...
2024-08-14 11:30:15,952 - INFO - -----------------------------
2024-08-14 11:30:15,952 - INFO - TRAIN MODEL STAGE STARTING FOR SUBSET 8...
2024-08-14 11:30:15,952 - INFO - -----------------------------
2024-08-14 11:30:15,973 - INFO - Scaling features and applying LASSO for feature selection...
2024-08-14 11:30:17,158 - INFO - Selected features (including required): ['who', 'RaceEth', 'age', 'is_female', 'is_hispanic', 'unemployed', 'unstableliving', 'education', 'marital', 'UDS_Amphetamine_Count', 'UDS_Benzodiazepine_Count', 'UDS_Buprenorphine_Count', 'UDS_Cocaine_Count', 'UDS_Methadone_Count', 'UDS_Opioid_Count', 'UDS_Sedatives_Count', 'UDS_Thc_Count', 'pain', 'has_schizophrenia', 'has_major_dep', 'has_bipolar', 'has_anx_pan', 'has_brain_damage', 'has_epilepsy', 'has_alcol_dx', 'has_amphetamines_dx', 'has_cannabis_dx', 'has_cocaine_dx', 'has_sedatives_dx', 'ftnd', 'XTRT', 'shared', 'rbsivheroin', 'TLFB_Alcohol_Count', 'TLFB_Amphetamine_Count', 'TLFB_Benzodiazepine_Count', 'TLFB_Buprenorphine_Count', 'TLFB_Cocaine_Count', 'TLFB_Heroin_Count', 'TLFB_Methadone_Count', 'TLFB_Opioid_Count', 'TLFB_THC_Count', 'TLFB_Other', 'Homosexual_Behavior', 'Non_monogamous_Relationships']
2024-08-14 11:30:17,163 - INFO - Fitting logistic regression model with the selected features...
2024-08-14 11:30:18,126 - INFO - Model training completed successfully.
2024-08-14 11:30:18,127 - INFO - Calculating the dynamic threshold based on the proportion of positive outcomes...
2024-08-14 11:30:18,128 - INFO - Ratio of 1s to 0s in the outcome variable: 0.74 : 0.26
2024-08-14 11:30:18,128 - INFO - Dynamic threshold set to: 0.736
2024-08-14 11:30:18,128 - INFO - Model trained and saved successfully for subset 8.
2024-08-14 11:30:18,129 - INFO - ---------------------------
2024-08-14 11:30:18,131 - INFO - TRAIN MODEL STAGE COMPLETED FOR SUBSET 8
2024-08-14 11:30:18,134 - INFO - ---------------------------
2024-08-14 11:30:18,135 - INFO - --------------------------------
2024-08-14 11:30:18,135 - INFO - EVALUATE MODEL STAGE STARTING FOR SUBSET 8...
2024-08-14 11:30:18,136 - INFO - --------------------------------
2024-08-14 11:30:18,166 - INFO - ROC AUC Score: 0.6592555994729907
2024-08-14 11:30:18,166 - INFO - Confusion Matrix: 
[[ 37  29]
 [ 61 123]]
2024-08-14 11:30:18,167 - INFO - Precision: 0.8092105263157895
2024-08-14 11:30:18,167 - INFO - Recall: 0.6684782608695652
2024-08-14 11:30:18,168 - INFO - Model evaluated successfully for subset 8.
2024-08-14 11:30:18,169 - INFO - ------------------------------
2024-08-14 11:30:18,171 - INFO - EVALUATE MODEL STAGE COMPLETED FOR SUBSET 8
2024-08-14 11:30:18,172 - INFO - ------------------------------
2024-08-14 11:30:18,173 - INFO - Subset 9 demographic makeup: 900 1, 55 3, 31 2, 14 4
2024-08-14 11:30:18,173 - INFO - Processing subset 9...
2024-08-14 11:30:18,174 - INFO - -----------------------------
2024-08-14 11:30:18,174 - INFO - TRAIN MODEL STAGE STARTING FOR SUBSET 9...
2024-08-14 11:30:18,175 - INFO - -----------------------------
2024-08-14 11:30:18,187 - INFO - Scaling features and applying LASSO for feature selection...
2024-08-14 11:30:19,314 - INFO - Selected features (including required): ['who', 'RaceEth', 'age', 'is_female', 'is_hispanic', 'unemployed', 'unstableliving', 'education', 'marital', 'UDS_Amphetamine_Count', 'UDS_Benzodiazepine_Count', 'UDS_Buprenorphine_Count', 'UDS_Cocaine_Count', 'UDS_Methadone_Count', 'UDS_Opioid_Count', 'UDS_Sedatives_Count', 'UDS_Thc_Count', 'pain', 'has_schizophrenia', 'has_major_dep', 'has_bipolar', 'has_anx_pan', 'has_brain_damage', 'has_epilepsy', 'has_alcol_dx', 'has_amphetamines_dx', 'has_cannabis_dx', 'has_cocaine_dx', 'has_sedatives_dx', 'ftnd', 'XTRT', 'shared', 'rbsivheroin', 'TLFB_Alcohol_Count', 'TLFB_Amphetamine_Count', 'TLFB_Benzodiazepine_Count', 'TLFB_Buprenorphine_Count', 'TLFB_Cocaine_Count', 'TLFB_Heroin_Count', 'TLFB_Methadone_Count', 'TLFB_Opioid_Count', 'TLFB_THC_Count', 'TLFB_Other', 'Homosexual_Behavior', 'Non_monogamous_Relationships']
2024-08-14 11:30:19,319 - INFO - Fitting logistic regression model with the selected features...
2024-08-14 11:30:20,159 - INFO - Model training completed successfully.
2024-08-14 11:30:20,161 - INFO - Calculating the dynamic threshold based on the proportion of positive outcomes...
2024-08-14 11:30:20,162 - INFO - Ratio of 1s to 0s in the outcome variable: 0.77 : 0.23
2024-08-14 11:30:20,164 - INFO - Dynamic threshold set to: 0.772
2024-08-14 11:30:20,166 - INFO - Model trained and saved successfully for subset 9.
2024-08-14 11:30:20,168 - INFO - ---------------------------
2024-08-14 11:30:20,173 - INFO - TRAIN MODEL STAGE COMPLETED FOR SUBSET 9
2024-08-14 11:30:20,176 - INFO - ---------------------------
2024-08-14 11:30:20,176 - INFO - --------------------------------
2024-08-14 11:30:20,176 - INFO - EVALUATE MODEL STAGE STARTING FOR SUBSET 9...
2024-08-14 11:30:20,177 - INFO - --------------------------------
2024-08-14 11:30:20,211 - INFO - ROC AUC Score: 0.6783019725479502
2024-08-14 11:30:20,213 - INFO - Confusion Matrix: 
[[ 38  19]
 [ 71 122]]
2024-08-14 11:30:20,213 - INFO - Precision: 0.8652482269503546
2024-08-14 11:30:20,214 - INFO - Recall: 0.6321243523316062
2024-08-14 11:30:20,215 - INFO - Model evaluated successfully for subset 9.
2024-08-14 11:30:20,218 - INFO - ------------------------------
2024-08-14 11:30:20,221 - INFO - EVALUATE MODEL STAGE COMPLETED FOR SUBSET 9
2024-08-14 11:30:20,223 - INFO - ------------------------------
2024-08-14 11:30:20,244 - INFO - Subset 10 demographic makeup: 950 1, 28 3, 14 2, 8 4
2024-08-14 11:30:20,246 - INFO - Processing subset 10...
2024-08-14 11:30:20,253 - INFO - -----------------------------
2024-08-14 11:30:20,254 - INFO - TRAIN MODEL STAGE STARTING FOR SUBSET 10...
2024-08-14 11:30:20,263 - INFO - -----------------------------
2024-08-14 11:30:20,297 - INFO - Scaling features and applying LASSO for feature selection...
2024-08-14 11:30:21,531 - INFO - Selected features (including required): ['who', 'RaceEth', 'age', 'is_female', 'is_hispanic', 'unemployed', 'unstableliving', 'education', 'marital', 'UDS_Amphetamine_Count', 'UDS_Benzodiazepine_Count', 'UDS_Buprenorphine_Count', 'UDS_Cocaine_Count', 'UDS_Methadone_Count', 'UDS_Opioid_Count', 'UDS_Sedatives_Count', 'UDS_Thc_Count', 'pain', 'has_schizophrenia', 'has_major_dep', 'has_bipolar', 'has_anx_pan', 'has_brain_damage', 'has_epilepsy', 'has_alcol_dx', 'has_amphetamines_dx', 'has_cannabis_dx', 'has_cocaine_dx', 'has_sedatives_dx', 'ftnd', 'XTRT', 'shared', 'rbsivheroin', 'TLFB_Alcohol_Count', 'TLFB_Amphetamine_Count', 'TLFB_Benzodiazepine_Count', 'TLFB_Buprenorphine_Count', 'TLFB_Cocaine_Count', 'TLFB_Heroin_Count', 'TLFB_Methadone_Count', 'TLFB_Opioid_Count', 'TLFB_THC_Count', 'TLFB_Other', 'Homosexual_Behavior', 'Non_monogamous_Relationships']
2024-08-14 11:30:21,537 - INFO - Fitting logistic regression model with the selected features...
2024-08-14 11:30:22,191 - INFO - Model training completed successfully.
2024-08-14 11:30:22,191 - INFO - Calculating the dynamic threshold based on the proportion of positive outcomes...
2024-08-14 11:30:22,192 - INFO - Ratio of 1s to 0s in the outcome variable: 0.73 : 0.27
2024-08-14 11:30:22,192 - INFO - Dynamic threshold set to: 0.728
2024-08-14 11:30:22,192 - INFO - Model trained and saved successfully for subset 10.
2024-08-14 11:30:22,192 - INFO - ---------------------------
2024-08-14 11:30:22,192 - INFO - TRAIN MODEL STAGE COMPLETED FOR SUBSET 10
2024-08-14 11:30:22,192 - INFO - ---------------------------
2024-08-14 11:30:22,192 - INFO - --------------------------------
2024-08-14 11:30:22,192 - INFO - EVALUATE MODEL STAGE STARTING FOR SUBSET 10...
2024-08-14 11:30:22,192 - INFO - --------------------------------
2024-08-14 11:30:22,209 - INFO - ROC AUC Score: 0.6969133807369101
2024-08-14 11:30:22,209 - INFO - Confusion Matrix: 
[[ 45  23]
 [ 62 120]]
2024-08-14 11:30:22,209 - INFO - Precision: 0.8391608391608392
2024-08-14 11:30:22,210 - INFO - Recall: 0.6593406593406593
2024-08-14 11:30:22,210 - INFO - Model evaluated successfully for subset 10.
2024-08-14 11:30:22,210 - INFO - ------------------------------
2024-08-14 11:30:22,210 - INFO - EVALUATE MODEL STAGE COMPLETED FOR SUBSET 10
2024-08-14 11:30:22,210 - INFO - ------------------------------
2024-08-14 11:30:22,211 - INFO - Subset 11 demographic makeup: 1000 1
2024-08-14 11:30:22,211 - INFO - Processing subset 11...
2024-08-14 11:30:22,211 - INFO - -----------------------------
2024-08-14 11:30:22,211 - INFO - TRAIN MODEL STAGE STARTING FOR SUBSET 11...
2024-08-14 11:30:22,211 - INFO - -----------------------------
2024-08-14 11:30:22,218 - INFO - Scaling features and applying LASSO for feature selection...
2024-08-14 11:30:23,227 - INFO - Selected features (including required): ['who', 'age', 'is_female', 'unemployed', 'unstableliving', 'education', 'marital', 'UDS_Amphetamine_Count', 'UDS_Benzodiazepine_Count', 'UDS_Buprenorphine_Count', 'UDS_Cocaine_Count', 'UDS_Methadone_Count', 'UDS_Opioid_Count', 'UDS_Sedatives_Count', 'UDS_Thc_Count', 'pain', 'has_schizophrenia', 'has_major_dep', 'has_bipolar', 'has_anx_pan', 'has_brain_damage', 'has_epilepsy', 'has_alcol_dx', 'has_amphetamines_dx', 'has_cannabis_dx', 'has_cocaine_dx', 'has_sedatives_dx', 'ftnd', 'XTRT', 'shared', 'rbsivheroin', 'TLFB_Alcohol_Count', 'TLFB_Amphetamine_Count', 'TLFB_Benzodiazepine_Count', 'TLFB_Buprenorphine_Count', 'TLFB_Cocaine_Count', 'TLFB_Heroin_Count', 'TLFB_Methadone_Count', 'TLFB_Opioid_Count', 'TLFB_THC_Count', 'TLFB_Other', 'Homosexual_Behavior', 'Non_monogamous_Relationships']
2024-08-14 11:30:23,232 - INFO - Fitting logistic regression model with the selected features...
2024-08-14 11:30:23,748 - INFO - Model training completed successfully.
2024-08-14 11:30:23,748 - INFO - Calculating the dynamic threshold based on the proportion of positive outcomes...
2024-08-14 11:30:23,749 - INFO - Ratio of 1s to 0s in the outcome variable: 0.76 : 0.24
2024-08-14 11:30:23,749 - INFO - Dynamic threshold set to: 0.76
2024-08-14 11:30:23,749 - INFO - Model trained and saved successfully for subset 11.
2024-08-14 11:30:23,749 - INFO - ---------------------------
2024-08-14 11:30:23,749 - INFO - TRAIN MODEL STAGE COMPLETED FOR SUBSET 11
2024-08-14 11:30:23,749 - INFO - ---------------------------
2024-08-14 11:30:23,749 - INFO - --------------------------------
2024-08-14 11:30:23,749 - INFO - EVALUATE MODEL STAGE STARTING FOR SUBSET 11...
2024-08-14 11:30:23,749 - INFO - --------------------------------
2024-08-14 11:30:23,766 - INFO - ROC AUC Score: 0.6390350877192982
2024-08-14 11:30:23,766 - INFO - Confusion Matrix: 
[[ 34  26]
 [ 65 125]]
2024-08-14 11:30:23,766 - INFO - Precision: 0.8278145695364238
2024-08-14 11:30:23,766 - INFO - Recall: 0.6578947368421053
2024-08-14 11:30:23,766 - INFO - Model evaluated successfully for subset 11.
2024-08-14 11:30:23,766 - INFO - ------------------------------
2024-08-14 11:30:23,767 - INFO - EVALUATE MODEL STAGE COMPLETED FOR SUBSET 11
2024-08-14 11:30:23,767 - INFO - ------------------------------
2024-08-14 11:30:23,767 - INFO - ------------------
2024-08-14 11:30:23,767 - INFO - PIPELINE COMPLETED
2024-08-14 11:30:23,767 - INFO - ------------------
