2024-08-05 13:20:33,538 - INFO - Global Seed set to: 4
2024-08-05 13:20:33,539 - INFO - Outcome Name: Rd_kostenB_1993
2024-08-05 13:20:33,598 - INFO - Datasets loaded successfully.
2024-08-05 13:20:33,620 - INFO - Starting preprocessing of the merged dataset...
2024-08-05 13:20:33,621 - INFO - ---------------------------------
2024-08-05 13:20:33,621 - INFO - PRE-PROCESSING STAGE STARTING...
2024-08-05 13:20:33,621 - INFO - ---------------------------------
2024-08-05 13:20:33,726 - INFO - Dropped initial columns: ['pain_when', 'is_smoker', 'per_day', 'max', 'amount', 'depression', 'anxiety', 'schizophrenia', 'max', 'amount', 'cocaine_inject_days', 'speedball_inject_days', 'opioid_inject_days', 'speed_inject_days', 'UDS_Alcohol_Count', 'UDS_Mdma/Hallucinogen_Count']
2024-08-05 13:20:33,766 - INFO - Converted Yes/No to binary.
2024-08-05 13:20:33,774 - INFO - Processed TLFB columns with specified columns: ['TLFB_Alcohol_Count', 'TLFB_Amphetamine_Count', 'TLFB_Cocaine_Count', 'TLFB_Heroin_Count', 'TLFB_Benzodiazepine_Count', 'TLFB_Opioid_Count', 'TLFB_THC_Count', 'TLFB_Methadone_Count', 'TLFB_Buprenorphine_Count']
2024-08-05 13:20:33,778 - INFO - Calculated behavioral columns.
2024-08-05 13:20:33,780 - INFO - Moved 'Rd_kostenB_1993' column to the end.
2024-08-05 13:20:33,869 - INFO - Dropped initial columns: ['msm_npt', 'msm_frq', 'txx_prt']
2024-08-05 13:20:33,890 - INFO - transform_data_with_nan_handling success
2024-08-05 13:20:33,891 - INFO - Renamed columns according to the mapping.
2024-08-05 13:20:33,918 - INFO - Transformed NaN to 0 for binary columns.
2024-08-05 13:20:33,919 - INFO - Transformed and renamed 'heroin_inject_days' column to 'rbsivheroin'.
2024-08-05 13:20:33,920 - INFO - Filled NaN with 0 for 'ftnd' column.
2024-08-05 13:20:33,993 - INFO - Dropped additional columns: ['rbs_iv_days', 'race', 'RBS_cocaine_Days', 'RBS_heroin_Days', 'RBS_opioid_Days', 'RBS_speed_Days', 'RBS_speedball_Days']
2024-08-05 13:20:34,017 - INFO - Converted UDS drug counts to binary.
2024-08-05 13:20:34,076 - INFO - ------------------------------
2024-08-05 13:20:34,076 - INFO - PRE-PROCESSING STAGE COMPLETED
2024-08-05 13:20:34,077 - INFO - ------------------------------
2024-08-05 13:20:34,077 - INFO - Merged dataset preprocessed successfully.
2024-08-05 13:20:34,077 - INFO - Creating demographic subsets from preprocessed data...
2024-08-05 13:20:41,687 - INFO - Created 11 subsets successfully.
2024-08-05 13:20:41,687 - INFO - Creating merged subsets from create_demographics_dfs function
2024-08-05 13:20:41,773 - INFO - Created 11 merged subsets successfully.
2024-08-05 13:20:41,780 - INFO - Subset 1 demographic makeup: 500 1, 248 3, 153 2, 99 4
2024-08-05 13:20:41,780 - INFO - Processing subset 1...
2024-08-05 13:20:41,780 - INFO - -----------------------------
2024-08-05 13:20:41,780 - INFO - TRAIN MODEL STAGE STARTING FOR SUBSET 1...
2024-08-05 13:20:41,780 - INFO - -----------------------------
2024-08-05 13:20:41,787 - INFO - Scaling features and applying LASSO for feature selection...
2024-08-05 13:20:43,569 - INFO - Selected features (including required): ['who', 'RaceEth', 'age', 'is_female', 'is_hispanic', 'unemployed', 'unstableliving', 'education', 'marital', 'UDS_Amphetamine_Count', 'UDS_Benzodiazepine_Count', 'UDS_Buprenorphine_Count', 'UDS_Cocaine_Count', 'UDS_Methadone_Count', 'UDS_Opioid_Count', 'UDS_Sedatives_Count', 'UDS_Thc_Count', 'pain', 'has_schizophrenia', 'has_major_dep', 'has_bipolar', 'has_anx_pan', 'has_brain_damage', 'has_epilepsy', 'has_opiates_dx', 'has_alcol_dx', 'has_amphetamines_dx', 'has_cannabis_dx', 'has_cocaine_dx', 'has_sedatives_dx', 'ftnd', 'XTRT', 'shared', 'rbsivheroin', 'TLFB_Alcohol_Count', 'TLFB_Amphetamine_Count', 'TLFB_Benzodiazepine_Count', 'TLFB_Buprenorphine_Count', 'TLFB_Cocaine_Count', 'TLFB_Heroin_Count', 'TLFB_Methadone_Count', 'TLFB_Opioid_Count', 'TLFB_THC_Count', 'TLFB_Other', 'Homosexual_Behavior', 'Non_monogamous_Relationships']
2024-08-05 13:20:43,574 - INFO - Fitting logistic regression model with the selected features...
2024-08-05 13:20:44,011 - INFO - Model training completed successfully.
2024-08-05 13:20:44,012 - INFO - Calculating the dynamic threshold based on the proportion of positive outcomes...
2024-08-05 13:20:44,012 - INFO - Ratio of 1s to 0s in the outcome variable: 0.43 : 0.57
2024-08-05 13:20:44,012 - INFO - Dynamic threshold set to: 0.428
2024-08-05 13:20:44,012 - INFO - Model trained and saved successfully for subset 1.
2024-08-05 13:20:44,012 - INFO - ---------------------------
2024-08-05 13:20:44,012 - INFO - TRAIN MODEL STAGE COMPLETED FOR SUBSET 1
2024-08-05 13:20:44,012 - INFO - ---------------------------
2024-08-05 13:20:44,012 - INFO - --------------------------------
2024-08-05 13:20:44,012 - INFO - EVALUATE MODEL STAGE STARTING FOR SUBSET 1...
2024-08-05 13:20:44,012 - INFO - --------------------------------
2024-08-05 13:20:44,041 - INFO - ROC AUC Score: 0.6540095418600089
2024-08-05 13:20:44,041 - INFO - Confusion Matrix: 
[[75 68]
 [25 82]]
2024-08-05 13:20:44,041 - INFO - Precision: 0.5466666666666666
2024-08-05 13:20:44,041 - INFO - Recall: 0.7663551401869159
2024-08-05 13:20:44,041 - INFO - Model evaluated successfully for subset 1.
2024-08-05 13:20:44,041 - INFO - ------------------------------
2024-08-05 13:20:44,041 - INFO - EVALUATE MODEL STAGE COMPLETED FOR SUBSET 1
2024-08-05 13:20:44,042 - INFO - ------------------------------
2024-08-05 13:20:44,042 - INFO - Subset 2 demographic makeup: 550 1, 221 3, 140 2, 89 4
2024-08-05 13:20:44,042 - INFO - Processing subset 2...
2024-08-05 13:20:44,042 - INFO - -----------------------------
2024-08-05 13:20:44,043 - INFO - TRAIN MODEL STAGE STARTING FOR SUBSET 2...
2024-08-05 13:20:44,043 - INFO - -----------------------------
2024-08-05 13:20:44,051 - INFO - Scaling features and applying LASSO for feature selection...
2024-08-05 13:20:45,915 - INFO - Selected features (including required): ['who', 'RaceEth', 'age', 'is_female', 'is_hispanic', 'unemployed', 'unstableliving', 'education', 'marital', 'UDS_Amphetamine_Count', 'UDS_Benzodiazepine_Count', 'UDS_Buprenorphine_Count', 'UDS_Cocaine_Count', 'UDS_Methadone_Count', 'UDS_Opioid_Count', 'UDS_Sedatives_Count', 'UDS_Thc_Count', 'pain', 'has_schizophrenia', 'has_major_dep', 'has_bipolar', 'has_anx_pan', 'has_brain_damage', 'has_epilepsy', 'has_opiates_dx', 'has_alcol_dx', 'has_amphetamines_dx', 'has_cannabis_dx', 'has_cocaine_dx', 'has_sedatives_dx', 'ftnd', 'XTRT', 'shared', 'rbsivheroin', 'TLFB_Alcohol_Count', 'TLFB_Amphetamine_Count', 'TLFB_Benzodiazepine_Count', 'TLFB_Buprenorphine_Count', 'TLFB_Cocaine_Count', 'TLFB_Heroin_Count', 'TLFB_Methadone_Count', 'TLFB_Opioid_Count', 'TLFB_THC_Count', 'TLFB_Other', 'Homosexual_Behavior', 'Non_monogamous_Relationships']
2024-08-05 13:20:45,920 - INFO - Fitting logistic regression model with the selected features...
2024-08-05 13:20:46,437 - INFO - Model training completed successfully.
2024-08-05 13:20:46,437 - INFO - Calculating the dynamic threshold based on the proportion of positive outcomes...
2024-08-05 13:20:46,440 - INFO - Ratio of 1s to 0s in the outcome variable: 0.48 : 0.52
2024-08-05 13:20:46,440 - INFO - Dynamic threshold set to: 0.48
2024-08-05 13:20:46,440 - INFO - Model trained and saved successfully for subset 2.
2024-08-05 13:20:46,440 - INFO - ---------------------------
2024-08-05 13:20:46,440 - INFO - TRAIN MODEL STAGE COMPLETED FOR SUBSET 2
2024-08-05 13:20:46,441 - INFO - ---------------------------
2024-08-05 13:20:46,441 - INFO - --------------------------------
2024-08-05 13:20:46,441 - INFO - EVALUATE MODEL STAGE STARTING FOR SUBSET 2...
2024-08-05 13:20:46,441 - INFO - --------------------------------
2024-08-05 13:20:46,453 - INFO - ROC AUC Score: 0.6501282051282051
2024-08-05 13:20:46,454 - INFO - Confusion Matrix: 
[[66 64]
 [34 86]]
2024-08-05 13:20:46,454 - INFO - Precision: 0.5733333333333334
2024-08-05 13:20:46,454 - INFO - Recall: 0.7166666666666667
2024-08-05 13:20:46,454 - INFO - Model evaluated successfully for subset 2.
2024-08-05 13:20:46,455 - INFO - ------------------------------
2024-08-05 13:20:46,455 - INFO - EVALUATE MODEL STAGE COMPLETED FOR SUBSET 2
2024-08-05 13:20:46,455 - INFO - ------------------------------
2024-08-05 13:20:46,455 - INFO - Subset 3 demographic makeup: 600 1, 195 3, 123 2, 82 4
2024-08-05 13:20:46,456 - INFO - Processing subset 3...
2024-08-05 13:20:46,456 - INFO - -----------------------------
2024-08-05 13:20:46,456 - INFO - TRAIN MODEL STAGE STARTING FOR SUBSET 3...
2024-08-05 13:20:46,456 - INFO - -----------------------------
2024-08-05 13:20:46,465 - INFO - Scaling features and applying LASSO for feature selection...
2024-08-05 13:20:48,338 - INFO - Selected features (including required): ['who', 'RaceEth', 'age', 'is_female', 'is_hispanic', 'unemployed', 'unstableliving', 'education', 'marital', 'UDS_Amphetamine_Count', 'UDS_Benzodiazepine_Count', 'UDS_Buprenorphine_Count', 'UDS_Cocaine_Count', 'UDS_Methadone_Count', 'UDS_Opioid_Count', 'UDS_Sedatives_Count', 'UDS_Thc_Count', 'pain', 'has_schizophrenia', 'has_major_dep', 'has_bipolar', 'has_anx_pan', 'has_brain_damage', 'has_epilepsy', 'has_opiates_dx', 'has_alcol_dx', 'has_amphetamines_dx', 'has_cannabis_dx', 'has_cocaine_dx', 'has_sedatives_dx', 'ftnd', 'XTRT', 'shared', 'rbsivheroin', 'TLFB_Alcohol_Count', 'TLFB_Amphetamine_Count', 'TLFB_Benzodiazepine_Count', 'TLFB_Buprenorphine_Count', 'TLFB_Cocaine_Count', 'TLFB_Heroin_Count', 'TLFB_Methadone_Count', 'TLFB_Opioid_Count', 'TLFB_THC_Count', 'TLFB_Other', 'Homosexual_Behavior', 'Non_monogamous_Relationships']
2024-08-05 13:20:48,343 - INFO - Fitting logistic regression model with the selected features...
2024-08-05 13:20:48,925 - INFO - Model training completed successfully.
2024-08-05 13:20:48,926 - INFO - Calculating the dynamic threshold based on the proportion of positive outcomes...
2024-08-05 13:20:48,926 - INFO - Ratio of 1s to 0s in the outcome variable: 0.54 : 0.46
2024-08-05 13:20:48,926 - INFO - Dynamic threshold set to: 0.536
2024-08-05 13:20:48,926 - INFO - Model trained and saved successfully for subset 3.
2024-08-05 13:20:48,926 - INFO - ---------------------------
2024-08-05 13:20:48,926 - INFO - TRAIN MODEL STAGE COMPLETED FOR SUBSET 3
2024-08-05 13:20:48,926 - INFO - ---------------------------
2024-08-05 13:20:48,927 - INFO - --------------------------------
2024-08-05 13:20:48,927 - INFO - EVALUATE MODEL STAGE STARTING FOR SUBSET 3...
2024-08-05 13:20:48,927 - INFO - --------------------------------
2024-08-05 13:20:48,940 - INFO - ROC AUC Score: 0.6744724652599073
2024-08-05 13:20:48,940 - INFO - Confusion Matrix: 
[[81 35]
 [59 75]]
2024-08-05 13:20:48,940 - INFO - Precision: 0.6818181818181818
2024-08-05 13:20:48,940 - INFO - Recall: 0.5597014925373134
2024-08-05 13:20:48,940 - INFO - Model evaluated successfully for subset 3.
2024-08-05 13:20:48,940 - INFO - ------------------------------
2024-08-05 13:20:48,941 - INFO - EVALUATE MODEL STAGE COMPLETED FOR SUBSET 3
2024-08-05 13:20:48,941 - INFO - ------------------------------
2024-08-05 13:20:48,941 - INFO - Subset 4 demographic makeup: 650 1, 169 3, 108 2, 73 4
2024-08-05 13:20:48,941 - INFO - Processing subset 4...
2024-08-05 13:20:48,942 - INFO - -----------------------------
2024-08-05 13:20:48,942 - INFO - TRAIN MODEL STAGE STARTING FOR SUBSET 4...
2024-08-05 13:20:48,942 - INFO - -----------------------------
2024-08-05 13:20:48,952 - INFO - Scaling features and applying LASSO for feature selection...
2024-08-05 13:20:50,727 - INFO - Selected features (including required): ['who', 'RaceEth', 'age', 'is_female', 'is_hispanic', 'unemployed', 'unstableliving', 'education', 'marital', 'UDS_Amphetamine_Count', 'UDS_Benzodiazepine_Count', 'UDS_Buprenorphine_Count', 'UDS_Cocaine_Count', 'UDS_Methadone_Count', 'UDS_Opioid_Count', 'UDS_Sedatives_Count', 'UDS_Thc_Count', 'pain', 'has_schizophrenia', 'has_major_dep', 'has_bipolar', 'has_anx_pan', 'has_brain_damage', 'has_epilepsy', 'has_opiates_dx', 'has_alcol_dx', 'has_amphetamines_dx', 'has_cannabis_dx', 'has_cocaine_dx', 'has_sedatives_dx', 'ftnd', 'XTRT', 'shared', 'rbsivheroin', 'TLFB_Alcohol_Count', 'TLFB_Amphetamine_Count', 'TLFB_Benzodiazepine_Count', 'TLFB_Buprenorphine_Count', 'TLFB_Cocaine_Count', 'TLFB_Heroin_Count', 'TLFB_Methadone_Count', 'TLFB_Opioid_Count', 'TLFB_THC_Count', 'TLFB_Other', 'Homosexual_Behavior', 'Non_monogamous_Relationships']
2024-08-05 13:20:50,733 - INFO - Fitting logistic regression model with the selected features...
2024-08-05 13:20:51,259 - INFO - Model training completed successfully.
2024-08-05 13:20:51,260 - INFO - Calculating the dynamic threshold based on the proportion of positive outcomes...
2024-08-05 13:20:51,261 - INFO - Ratio of 1s to 0s in the outcome variable: 0.56 : 0.44
2024-08-05 13:20:51,261 - INFO - Dynamic threshold set to: 0.556
2024-08-05 13:20:51,261 - INFO - Model trained and saved successfully for subset 4.
2024-08-05 13:20:51,262 - INFO - ---------------------------
2024-08-05 13:20:51,266 - INFO - TRAIN MODEL STAGE COMPLETED FOR SUBSET 4
2024-08-05 13:20:51,270 - INFO - ---------------------------
2024-08-05 13:20:51,271 - INFO - --------------------------------
2024-08-05 13:20:51,271 - INFO - EVALUATE MODEL STAGE STARTING FOR SUBSET 4...
2024-08-05 13:20:51,271 - INFO - --------------------------------
2024-08-05 13:20:51,292 - INFO - ROC AUC Score: 0.6677684879123728
2024-08-05 13:20:51,293 - INFO - Confusion Matrix: 
[[78 33]
 [74 65]]
2024-08-05 13:20:51,294 - INFO - Precision: 0.6632653061224489
2024-08-05 13:20:51,295 - INFO - Recall: 0.4676258992805755
2024-08-05 13:20:51,295 - INFO - Model evaluated successfully for subset 4.
2024-08-05 13:20:51,297 - INFO - ------------------------------
2024-08-05 13:20:51,299 - INFO - EVALUATE MODEL STAGE COMPLETED FOR SUBSET 4
2024-08-05 13:20:51,299 - INFO - ------------------------------
2024-08-05 13:20:51,301 - INFO - Subset 5 demographic makeup: 700 1, 145 3, 93 2, 62 4
2024-08-05 13:20:51,301 - INFO - Processing subset 5...
2024-08-05 13:20:51,301 - INFO - -----------------------------
2024-08-05 13:20:51,302 - INFO - TRAIN MODEL STAGE STARTING FOR SUBSET 5...
2024-08-05 13:20:51,302 - INFO - -----------------------------
2024-08-05 13:20:51,310 - INFO - Scaling features and applying LASSO for feature selection...
2024-08-05 13:20:53,736 - INFO - Selected features (including required): ['who', 'RaceEth', 'age', 'is_female', 'is_hispanic', 'unemployed', 'unstableliving', 'education', 'marital', 'UDS_Amphetamine_Count', 'UDS_Benzodiazepine_Count', 'UDS_Buprenorphine_Count', 'UDS_Cocaine_Count', 'UDS_Methadone_Count', 'UDS_Opioid_Count', 'UDS_Sedatives_Count', 'UDS_Thc_Count', 'pain', 'has_schizophrenia', 'has_major_dep', 'has_bipolar', 'has_anx_pan', 'has_brain_damage', 'has_epilepsy', 'has_opiates_dx', 'has_alcol_dx', 'has_amphetamines_dx', 'has_cannabis_dx', 'has_cocaine_dx', 'has_sedatives_dx', 'ftnd', 'XTRT', 'shared', 'rbsivheroin', 'TLFB_Alcohol_Count', 'TLFB_Amphetamine_Count', 'TLFB_Benzodiazepine_Count', 'TLFB_Buprenorphine_Count', 'TLFB_Cocaine_Count', 'TLFB_Heroin_Count', 'TLFB_Methadone_Count', 'TLFB_Opioid_Count', 'TLFB_THC_Count', 'TLFB_Other', 'Homosexual_Behavior', 'Non_monogamous_Relationships']
2024-08-05 13:20:53,750 - INFO - Fitting logistic regression model with the selected features...
2024-08-05 13:20:54,764 - INFO - Model training completed successfully.
2024-08-05 13:20:54,764 - INFO - Calculating the dynamic threshold based on the proportion of positive outcomes...
2024-08-05 13:20:54,765 - INFO - Ratio of 1s to 0s in the outcome variable: 0.48 : 0.52
2024-08-05 13:20:54,767 - INFO - Dynamic threshold set to: 0.48
2024-08-05 13:20:54,767 - INFO - Model trained and saved successfully for subset 5.
2024-08-05 13:20:54,768 - INFO - ---------------------------
2024-08-05 13:20:54,768 - INFO - TRAIN MODEL STAGE COMPLETED FOR SUBSET 5
2024-08-05 13:20:54,770 - INFO - ---------------------------
2024-08-05 13:20:54,770 - INFO - --------------------------------
2024-08-05 13:20:54,771 - INFO - EVALUATE MODEL STAGE STARTING FOR SUBSET 5...
2024-08-05 13:20:54,771 - INFO - --------------------------------
2024-08-05 13:20:54,790 - INFO - ROC AUC Score: 0.6412179487179487
2024-08-05 13:20:54,792 - INFO - Confusion Matrix: 
[[56 74]
 [30 90]]
2024-08-05 13:20:54,793 - INFO - Precision: 0.5487804878048781
2024-08-05 13:20:54,795 - INFO - Recall: 0.75
2024-08-05 13:20:54,795 - INFO - Model evaluated successfully for subset 5.
2024-08-05 13:20:54,795 - INFO - ------------------------------
2024-08-05 13:20:54,796 - INFO - EVALUATE MODEL STAGE COMPLETED FOR SUBSET 5
2024-08-05 13:20:54,796 - INFO - ------------------------------
2024-08-05 13:20:54,797 - INFO - Subset 6 demographic makeup: 750 1, 126 3, 73 2, 51 4
2024-08-05 13:20:54,798 - INFO - Processing subset 6...
2024-08-05 13:20:54,798 - INFO - -----------------------------
2024-08-05 13:20:54,799 - INFO - TRAIN MODEL STAGE STARTING FOR SUBSET 6...
2024-08-05 13:20:54,799 - INFO - -----------------------------
2024-08-05 13:20:54,806 - INFO - Scaling features and applying LASSO for feature selection...
2024-08-05 13:20:57,484 - INFO - Selected features (including required): ['who', 'RaceEth', 'age', 'is_female', 'is_hispanic', 'unemployed', 'unstableliving', 'education', 'marital', 'UDS_Amphetamine_Count', 'UDS_Benzodiazepine_Count', 'UDS_Buprenorphine_Count', 'UDS_Cocaine_Count', 'UDS_Methadone_Count', 'UDS_Opioid_Count', 'UDS_Sedatives_Count', 'UDS_Thc_Count', 'pain', 'has_schizophrenia', 'has_major_dep', 'has_bipolar', 'has_anx_pan', 'has_brain_damage', 'has_epilepsy', 'has_opiates_dx', 'has_alcol_dx', 'has_amphetamines_dx', 'has_cannabis_dx', 'has_cocaine_dx', 'has_sedatives_dx', 'ftnd', 'XTRT', 'shared', 'rbsivheroin', 'TLFB_Alcohol_Count', 'TLFB_Amphetamine_Count', 'TLFB_Benzodiazepine_Count', 'TLFB_Buprenorphine_Count', 'TLFB_Cocaine_Count', 'TLFB_Heroin_Count', 'TLFB_Methadone_Count', 'TLFB_Opioid_Count', 'TLFB_THC_Count', 'TLFB_Other', 'Homosexual_Behavior', 'Non_monogamous_Relationships']
2024-08-05 13:20:57,593 - INFO - Fitting logistic regression model with the selected features...
2024-08-05 13:20:59,015 - INFO - Model training completed successfully.
2024-08-05 13:20:59,016 - INFO - Calculating the dynamic threshold based on the proportion of positive outcomes...
2024-08-05 13:20:59,017 - INFO - Ratio of 1s to 0s in the outcome variable: 0.50 : 0.50
2024-08-05 13:20:59,017 - INFO - Dynamic threshold set to: 0.504
2024-08-05 13:20:59,018 - INFO - Model trained and saved successfully for subset 6.
2024-08-05 13:20:59,019 - INFO - ---------------------------
2024-08-05 13:20:59,020 - INFO - TRAIN MODEL STAGE COMPLETED FOR SUBSET 6
2024-08-05 13:20:59,021 - INFO - ---------------------------
2024-08-05 13:20:59,022 - INFO - --------------------------------
2024-08-05 13:20:59,023 - INFO - EVALUATE MODEL STAGE STARTING FOR SUBSET 6...
2024-08-05 13:20:59,023 - INFO - --------------------------------
2024-08-05 13:20:59,043 - INFO - ROC AUC Score: 0.6296082949308756
2024-08-05 13:20:59,043 - INFO - Confusion Matrix: 
[[61 63]
 [47 79]]
2024-08-05 13:20:59,044 - INFO - Precision: 0.5563380281690141
2024-08-05 13:20:59,044 - INFO - Recall: 0.626984126984127
2024-08-05 13:20:59,045 - INFO - Model evaluated successfully for subset 6.
2024-08-05 13:20:59,045 - INFO - ------------------------------
2024-08-05 13:20:59,047 - INFO - EVALUATE MODEL STAGE COMPLETED FOR SUBSET 6
2024-08-05 13:20:59,052 - INFO - ------------------------------
2024-08-05 13:20:59,054 - INFO - Subset 7 demographic makeup: 800 1, 104 3, 59 2, 37 4
2024-08-05 13:20:59,054 - INFO - Processing subset 7...
2024-08-05 13:20:59,054 - INFO - -----------------------------
2024-08-05 13:20:59,055 - INFO - TRAIN MODEL STAGE STARTING FOR SUBSET 7...
2024-08-05 13:20:59,055 - INFO - -----------------------------
2024-08-05 13:20:59,074 - INFO - Scaling features and applying LASSO for feature selection...
2024-08-05 13:21:03,147 - INFO - Selected features (including required): ['who', 'RaceEth', 'age', 'is_female', 'is_hispanic', 'unemployed', 'unstableliving', 'education', 'marital', 'UDS_Amphetamine_Count', 'UDS_Benzodiazepine_Count', 'UDS_Buprenorphine_Count', 'UDS_Cocaine_Count', 'UDS_Methadone_Count', 'UDS_Opioid_Count', 'UDS_Sedatives_Count', 'UDS_Thc_Count', 'pain', 'has_schizophrenia', 'has_major_dep', 'has_bipolar', 'has_anx_pan', 'has_brain_damage', 'has_epilepsy', 'has_opiates_dx', 'has_alcol_dx', 'has_amphetamines_dx', 'has_cannabis_dx', 'has_cocaine_dx', 'has_sedatives_dx', 'ftnd', 'XTRT', 'shared', 'rbsivheroin', 'TLFB_Alcohol_Count', 'TLFB_Amphetamine_Count', 'TLFB_Benzodiazepine_Count', 'TLFB_Buprenorphine_Count', 'TLFB_Cocaine_Count', 'TLFB_Heroin_Count', 'TLFB_Methadone_Count', 'TLFB_Opioid_Count', 'TLFB_THC_Count', 'TLFB_Other', 'Homosexual_Behavior', 'Non_monogamous_Relationships']
2024-08-05 13:21:03,152 - INFO - Fitting logistic regression model with the selected features...
2024-08-05 13:21:03,706 - INFO - Model training completed successfully.
2024-08-05 13:21:03,706 - INFO - Calculating the dynamic threshold based on the proportion of positive outcomes...
2024-08-05 13:21:03,707 - INFO - Ratio of 1s to 0s in the outcome variable: 0.47 : 0.53
2024-08-05 13:21:03,707 - INFO - Dynamic threshold set to: 0.472
2024-08-05 13:21:03,708 - INFO - Model trained and saved successfully for subset 7.
2024-08-05 13:21:03,709 - INFO - ---------------------------
2024-08-05 13:21:03,709 - INFO - TRAIN MODEL STAGE COMPLETED FOR SUBSET 7
2024-08-05 13:21:03,711 - INFO - ---------------------------
2024-08-05 13:21:03,713 - INFO - --------------------------------
2024-08-05 13:21:03,714 - INFO - EVALUATE MODEL STAGE STARTING FOR SUBSET 7...
2024-08-05 13:21:03,714 - INFO - --------------------------------
2024-08-05 13:21:03,738 - INFO - ROC AUC Score: 0.6438751926040062
2024-08-05 13:21:03,740 - INFO - Confusion Matrix: 
[[57 75]
 [27 91]]
2024-08-05 13:21:03,742 - INFO - Precision: 0.5481927710843374
2024-08-05 13:21:03,743 - INFO - Recall: 0.7711864406779662
2024-08-05 13:21:03,745 - INFO - Model evaluated successfully for subset 7.
2024-08-05 13:21:03,746 - INFO - ------------------------------
2024-08-05 13:21:03,749 - INFO - EVALUATE MODEL STAGE COMPLETED FOR SUBSET 7
2024-08-05 13:21:03,750 - INFO - ------------------------------
2024-08-05 13:21:03,751 - INFO - Subset 8 demographic makeup: 850 1, 77 3, 46 2, 27 4
2024-08-05 13:21:03,751 - INFO - Processing subset 8...
2024-08-05 13:21:03,752 - INFO - -----------------------------
2024-08-05 13:21:03,752 - INFO - TRAIN MODEL STAGE STARTING FOR SUBSET 8...
2024-08-05 13:21:03,753 - INFO - -----------------------------
2024-08-05 13:21:03,763 - INFO - Scaling features and applying LASSO for feature selection...
2024-08-05 13:21:05,772 - INFO - Selected features (including required): ['who', 'RaceEth', 'age', 'is_female', 'is_hispanic', 'unemployed', 'unstableliving', 'education', 'marital', 'UDS_Amphetamine_Count', 'UDS_Benzodiazepine_Count', 'UDS_Buprenorphine_Count', 'UDS_Cocaine_Count', 'UDS_Methadone_Count', 'UDS_Opioid_Count', 'UDS_Sedatives_Count', 'UDS_Thc_Count', 'pain', 'has_schizophrenia', 'has_major_dep', 'has_bipolar', 'has_anx_pan', 'has_brain_damage', 'has_epilepsy', 'has_opiates_dx', 'has_alcol_dx', 'has_amphetamines_dx', 'has_cannabis_dx', 'has_cocaine_dx', 'has_sedatives_dx', 'ftnd', 'XTRT', 'shared', 'rbsivheroin', 'TLFB_Alcohol_Count', 'TLFB_Amphetamine_Count', 'TLFB_Benzodiazepine_Count', 'TLFB_Buprenorphine_Count', 'TLFB_Cocaine_Count', 'TLFB_Heroin_Count', 'TLFB_Methadone_Count', 'TLFB_Opioid_Count', 'TLFB_THC_Count', 'TLFB_Other', 'Homosexual_Behavior', 'Non_monogamous_Relationships']
2024-08-05 13:21:05,777 - INFO - Fitting logistic regression model with the selected features...
2024-08-05 13:21:06,191 - INFO - Model training completed successfully.
2024-08-05 13:21:06,191 - INFO - Calculating the dynamic threshold based on the proportion of positive outcomes...
2024-08-05 13:21:06,192 - INFO - Ratio of 1s to 0s in the outcome variable: 0.55 : 0.45
2024-08-05 13:21:06,193 - INFO - Dynamic threshold set to: 0.552
2024-08-05 13:21:06,193 - INFO - Model trained and saved successfully for subset 8.
2024-08-05 13:21:06,194 - INFO - ---------------------------
2024-08-05 13:21:06,195 - INFO - TRAIN MODEL STAGE COMPLETED FOR SUBSET 8
2024-08-05 13:21:06,196 - INFO - ---------------------------
2024-08-05 13:21:06,199 - INFO - --------------------------------
2024-08-05 13:21:06,200 - INFO - EVALUATE MODEL STAGE STARTING FOR SUBSET 8...
2024-08-05 13:21:06,200 - INFO - --------------------------------
2024-08-05 13:21:06,223 - INFO - ROC AUC Score: 0.6554089026915113
2024-08-05 13:21:06,223 - INFO - Confusion Matrix: 
[[71 41]
 [53 85]]
2024-08-05 13:21:06,224 - INFO - Precision: 0.6746031746031746
2024-08-05 13:21:06,224 - INFO - Recall: 0.6159420289855072
2024-08-05 13:21:06,225 - INFO - Model evaluated successfully for subset 8.
2024-08-05 13:21:06,225 - INFO - ------------------------------
2024-08-05 13:21:06,226 - INFO - EVALUATE MODEL STAGE COMPLETED FOR SUBSET 8
2024-08-05 13:21:06,226 - INFO - ------------------------------
2024-08-05 13:21:06,230 - INFO - Subset 9 demographic makeup: 900 1, 50 3, 32 2, 18 4
2024-08-05 13:21:06,231 - INFO - Processing subset 9...
2024-08-05 13:21:06,231 - INFO - -----------------------------
2024-08-05 13:21:06,231 - INFO - TRAIN MODEL STAGE STARTING FOR SUBSET 9...
2024-08-05 13:21:06,232 - INFO - -----------------------------
2024-08-05 13:21:06,238 - INFO - Scaling features and applying LASSO for feature selection...
2024-08-05 13:21:09,333 - INFO - Selected features (including required): ['who', 'RaceEth', 'age', 'is_female', 'is_hispanic', 'unemployed', 'unstableliving', 'education', 'marital', 'UDS_Amphetamine_Count', 'UDS_Benzodiazepine_Count', 'UDS_Buprenorphine_Count', 'UDS_Cocaine_Count', 'UDS_Methadone_Count', 'UDS_Opioid_Count', 'UDS_Sedatives_Count', 'UDS_Thc_Count', 'pain', 'has_schizophrenia', 'has_major_dep', 'has_bipolar', 'has_anx_pan', 'has_brain_damage', 'has_epilepsy', 'has_opiates_dx', 'has_alcol_dx', 'has_amphetamines_dx', 'has_cannabis_dx', 'has_cocaine_dx', 'has_sedatives_dx', 'ftnd', 'XTRT', 'shared', 'rbsivheroin', 'TLFB_Alcohol_Count', 'TLFB_Amphetamine_Count', 'TLFB_Benzodiazepine_Count', 'TLFB_Buprenorphine_Count', 'TLFB_Cocaine_Count', 'TLFB_Heroin_Count', 'TLFB_Methadone_Count', 'TLFB_Opioid_Count', 'TLFB_THC_Count', 'TLFB_Other', 'Homosexual_Behavior', 'Non_monogamous_Relationships']
2024-08-05 13:21:09,338 - INFO - Fitting logistic regression model with the selected features...
2024-08-05 13:21:10,125 - INFO - Model training completed successfully.
2024-08-05 13:21:10,125 - INFO - Calculating the dynamic threshold based on the proportion of positive outcomes...
2024-08-05 13:21:10,126 - INFO - Ratio of 1s to 0s in the outcome variable: 0.52 : 0.48
2024-08-05 13:21:10,126 - INFO - Dynamic threshold set to: 0.524
2024-08-05 13:21:10,126 - INFO - Model trained and saved successfully for subset 9.
2024-08-05 13:21:10,126 - INFO - ---------------------------
2024-08-05 13:21:10,126 - INFO - TRAIN MODEL STAGE COMPLETED FOR SUBSET 9
2024-08-05 13:21:10,126 - INFO - ---------------------------
2024-08-05 13:21:10,126 - INFO - --------------------------------
2024-08-05 13:21:10,127 - INFO - EVALUATE MODEL STAGE STARTING FOR SUBSET 9...
2024-08-05 13:21:10,127 - INFO - --------------------------------
2024-08-05 13:21:10,139 - INFO - ROC AUC Score: 0.6583488357174931
2024-08-05 13:21:10,142 - INFO - Confusion Matrix: 
[[71 48]
 [49 82]]
2024-08-05 13:21:10,142 - INFO - Precision: 0.6307692307692307
2024-08-05 13:21:10,142 - INFO - Recall: 0.6259541984732825
2024-08-05 13:21:10,142 - INFO - Model evaluated successfully for subset 9.
2024-08-05 13:21:10,143 - INFO - ------------------------------
2024-08-05 13:21:10,143 - INFO - EVALUATE MODEL STAGE COMPLETED FOR SUBSET 9
2024-08-05 13:21:10,143 - INFO - ------------------------------
2024-08-05 13:21:10,145 - INFO - Subset 10 demographic makeup: 950 1, 25 3, 16 2, 9 4
2024-08-05 13:21:10,145 - INFO - Processing subset 10...
2024-08-05 13:21:10,145 - INFO - -----------------------------
2024-08-05 13:21:10,145 - INFO - TRAIN MODEL STAGE STARTING FOR SUBSET 10...
2024-08-05 13:21:10,146 - INFO - -----------------------------
2024-08-05 13:21:10,151 - INFO - Scaling features and applying LASSO for feature selection...
2024-08-05 13:21:12,901 - INFO - Selected features (including required): ['who', 'RaceEth', 'age', 'is_female', 'is_hispanic', 'unemployed', 'unstableliving', 'education', 'marital', 'UDS_Amphetamine_Count', 'UDS_Benzodiazepine_Count', 'UDS_Buprenorphine_Count', 'UDS_Cocaine_Count', 'UDS_Methadone_Count', 'UDS_Opioid_Count', 'UDS_Sedatives_Count', 'UDS_Thc_Count', 'pain', 'has_schizophrenia', 'has_major_dep', 'has_bipolar', 'has_anx_pan', 'has_brain_damage', 'has_epilepsy', 'has_opiates_dx', 'has_alcol_dx', 'has_amphetamines_dx', 'has_cannabis_dx', 'has_cocaine_dx', 'has_sedatives_dx', 'ftnd', 'XTRT', 'shared', 'rbsivheroin', 'TLFB_Alcohol_Count', 'TLFB_Amphetamine_Count', 'TLFB_Benzodiazepine_Count', 'TLFB_Buprenorphine_Count', 'TLFB_Cocaine_Count', 'TLFB_Heroin_Count', 'TLFB_Methadone_Count', 'TLFB_Opioid_Count', 'TLFB_THC_Count', 'TLFB_Other', 'Homosexual_Behavior', 'Non_monogamous_Relationships']
2024-08-05 13:21:12,926 - INFO - Fitting logistic regression model with the selected features...
2024-08-05 13:21:14,078 - INFO - Model training completed successfully.
2024-08-05 13:21:14,078 - INFO - Calculating the dynamic threshold based on the proportion of positive outcomes...
2024-08-05 13:21:14,079 - INFO - Ratio of 1s to 0s in the outcome variable: 0.52 : 0.48
2024-08-05 13:21:14,079 - INFO - Dynamic threshold set to: 0.524
2024-08-05 13:21:14,079 - INFO - Model trained and saved successfully for subset 10.
2024-08-05 13:21:14,079 - INFO - ---------------------------
2024-08-05 13:21:14,079 - INFO - TRAIN MODEL STAGE COMPLETED FOR SUBSET 10
2024-08-05 13:21:14,079 - INFO - ---------------------------
2024-08-05 13:21:14,079 - INFO - --------------------------------
2024-08-05 13:21:14,079 - INFO - EVALUATE MODEL STAGE STARTING FOR SUBSET 10...
2024-08-05 13:21:14,079 - INFO - --------------------------------
2024-08-05 13:21:14,095 - INFO - ROC AUC Score: 0.6199243056001026
2024-08-05 13:21:14,095 - INFO - Confusion Matrix: 
[[59 60]
 [49 82]]
2024-08-05 13:21:14,095 - INFO - Precision: 0.5774647887323944
2024-08-05 13:21:14,096 - INFO - Recall: 0.6259541984732825
2024-08-05 13:21:14,096 - INFO - Model evaluated successfully for subset 10.
2024-08-05 13:21:14,096 - INFO - ------------------------------
2024-08-05 13:21:14,096 - INFO - EVALUATE MODEL STAGE COMPLETED FOR SUBSET 10
2024-08-05 13:21:14,096 - INFO - ------------------------------
2024-08-05 13:21:14,097 - INFO - Subset 11 demographic makeup: 1000 1
2024-08-05 13:21:14,097 - INFO - Processing subset 11...
2024-08-05 13:21:14,097 - INFO - -----------------------------
2024-08-05 13:21:14,097 - INFO - TRAIN MODEL STAGE STARTING FOR SUBSET 11...
2024-08-05 13:21:14,097 - INFO - -----------------------------
2024-08-05 13:21:14,103 - INFO - Scaling features and applying LASSO for feature selection...
2024-08-05 13:21:16,380 - INFO - Selected features (including required): ['who', 'age', 'is_female', 'unemployed', 'unstableliving', 'education', 'marital', 'UDS_Amphetamine_Count', 'UDS_Benzodiazepine_Count', 'UDS_Buprenorphine_Count', 'UDS_Cocaine_Count', 'UDS_Methadone_Count', 'UDS_Opioid_Count', 'UDS_Sedatives_Count', 'UDS_Thc_Count', 'pain', 'has_schizophrenia', 'has_major_dep', 'has_bipolar', 'has_anx_pan', 'has_brain_damage', 'has_epilepsy', 'has_opiates_dx', 'has_alcol_dx', 'has_amphetamines_dx', 'has_cannabis_dx', 'has_cocaine_dx', 'has_sedatives_dx', 'ftnd', 'XTRT', 'shared', 'rbsivheroin', 'TLFB_Alcohol_Count', 'TLFB_Amphetamine_Count', 'TLFB_Benzodiazepine_Count', 'TLFB_Buprenorphine_Count', 'TLFB_Cocaine_Count', 'TLFB_Heroin_Count', 'TLFB_Methadone_Count', 'TLFB_Opioid_Count', 'TLFB_THC_Count', 'TLFB_Other', 'Homosexual_Behavior', 'Non_monogamous_Relationships']
2024-08-05 13:21:16,385 - INFO - Fitting logistic regression model with the selected features...
2024-08-05 13:21:16,816 - INFO - Model training completed successfully.
2024-08-05 13:21:16,816 - INFO - Calculating the dynamic threshold based on the proportion of positive outcomes...
2024-08-05 13:21:16,816 - INFO - Ratio of 1s to 0s in the outcome variable: 0.54 : 0.46
2024-08-05 13:21:16,817 - INFO - Dynamic threshold set to: 0.544
2024-08-05 13:21:16,817 - INFO - Model trained and saved successfully for subset 11.
2024-08-05 13:21:16,817 - INFO - ---------------------------
2024-08-05 13:21:16,817 - INFO - TRAIN MODEL STAGE COMPLETED FOR SUBSET 11
2024-08-05 13:21:16,817 - INFO - ---------------------------
2024-08-05 13:21:16,817 - INFO - --------------------------------
2024-08-05 13:21:16,817 - INFO - EVALUATE MODEL STAGE STARTING FOR SUBSET 11...
2024-08-05 13:21:16,817 - INFO - --------------------------------
2024-08-05 13:21:16,829 - INFO - ROC AUC Score: 0.6741486068111455
2024-08-05 13:21:16,829 - INFO - Confusion Matrix: 
[[67 47]
 [50 86]]
2024-08-05 13:21:16,829 - INFO - Precision: 0.6466165413533834
2024-08-05 13:21:16,829 - INFO - Recall: 0.6323529411764706
2024-08-05 13:21:16,830 - INFO - Model evaluated successfully for subset 11.
2024-08-05 13:21:16,830 - INFO - ------------------------------
2024-08-05 13:21:16,830 - INFO - EVALUATE MODEL STAGE COMPLETED FOR SUBSET 11
2024-08-05 13:21:16,830 - INFO - ------------------------------
2024-08-05 13:21:16,830 - INFO - ------------------
2024-08-05 13:21:16,830 - INFO - PIPELINE COMPLETED
2024-08-05 13:21:16,830 - INFO - ------------------
