2024-08-07 12:44:38,780 - INFO - Global Seed set to: 23
2024-08-07 12:44:38,780 - INFO - Outcome Name: Rd_kostenB_1993
2024-08-07 12:44:38,848 - INFO - Datasets loaded successfully.
2024-08-07 12:44:38,880 - INFO - Starting preprocessing of the merged dataset...
2024-08-07 12:44:38,882 - INFO - ---------------------------------
2024-08-07 12:44:38,885 - INFO - PRE-PROCESSING STAGE STARTING...
2024-08-07 12:44:38,885 - INFO - ---------------------------------
2024-08-07 12:44:39,029 - INFO - Dropped initial columns: ['pain_when', 'is_smoker', 'per_day', 'max', 'amount', 'depression', 'anxiety', 'schizophrenia', 'max', 'amount', 'cocaine_inject_days', 'speedball_inject_days', 'opioid_inject_days', 'speed_inject_days', 'UDS_Alcohol_Count', 'UDS_Mdma/Hallucinogen_Count']
2024-08-07 12:44:39,322 - INFO - Converted Yes/No to binary.
2024-08-07 12:44:39,331 - INFO - Processed TLFB columns with specified columns: ['TLFB_Alcohol_Count', 'TLFB_Amphetamine_Count', 'TLFB_Cocaine_Count', 'TLFB_Heroin_Count', 'TLFB_Benzodiazepine_Count', 'TLFB_Opioid_Count', 'TLFB_THC_Count', 'TLFB_Methadone_Count', 'TLFB_Buprenorphine_Count']
2024-08-07 12:44:39,334 - INFO - Calculated behavioral columns.
2024-08-07 12:44:39,429 - INFO - Moved 'Rd_kostenB_1993' column to the end.
2024-08-07 12:44:39,626 - INFO - Dropped initial columns: ['msm_npt', 'msm_frq', 'txx_prt']
2024-08-07 12:44:39,659 - INFO - transform_data_with_nan_handling success
2024-08-07 12:44:39,660 - INFO - Renamed columns according to the mapping.
2024-08-07 12:44:39,701 - INFO - Transformed NaN to 0 for binary columns.
2024-08-07 12:44:39,707 - INFO - Transformed and renamed 'heroin_inject_days' column to 'rbsivheroin'.
2024-08-07 12:44:39,710 - INFO - Filled NaN with 0 for 'ftnd' column.
2024-08-07 12:44:39,814 - INFO - Dropped additional columns: ['rbs_iv_days', 'race', 'RBS_cocaine_Days', 'RBS_heroin_Days', 'RBS_opioid_Days', 'RBS_speed_Days', 'RBS_speedball_Days']
2024-08-07 12:44:39,829 - INFO - Converted UDS drug counts to binary.
2024-08-07 12:44:39,890 - INFO - ------------------------------
2024-08-07 12:44:39,891 - INFO - PRE-PROCESSING STAGE COMPLETED
2024-08-07 12:44:39,891 - INFO - ------------------------------
2024-08-07 12:44:39,891 - INFO - Merged dataset preprocessed successfully.
2024-08-07 12:44:39,891 - INFO - Creating demographic subsets from preprocessed data...
2024-08-07 12:44:48,071 - INFO - Created 11 subsets successfully.
2024-08-07 12:44:48,071 - INFO - Creating merged subsets from create_demographics_dfs function
2024-08-07 12:44:48,172 - INFO - Created 11 merged subsets successfully.
2024-08-07 12:44:48,174 - INFO - Subset 1 demographic makeup: 500 1, 249 3, 153 2, 98 4
2024-08-07 12:44:48,174 - INFO - Processing subset 1...
2024-08-07 12:44:48,174 - INFO - -----------------------------
2024-08-07 12:44:48,176 - INFO - TRAIN MODEL STAGE STARTING FOR SUBSET 1...
2024-08-07 12:44:48,178 - INFO - -----------------------------
2024-08-07 12:44:48,184 - INFO - Scaling features and applying LASSO for feature selection...
2024-08-07 12:44:48,382 - INFO - Selected features (including required): ['who', 'RaceEth', 'age', 'is_female', 'is_hispanic', 'unemployed', 'unstableliving', 'education', 'marital', 'UDS_Amphetamine_Count', 'UDS_Benzodiazepine_Count', 'UDS_Buprenorphine_Count', 'UDS_Cocaine_Count', 'UDS_Methadone_Count', 'UDS_Opioid_Count', 'UDS_Sedatives_Count', 'UDS_Thc_Count', 'pain', 'has_schizophrenia', 'has_major_dep', 'has_bipolar', 'has_anx_pan', 'has_brain_damage', 'has_epilepsy', 'has_alcol_dx', 'has_amphetamines_dx', 'has_cannabis_dx', 'has_cocaine_dx', 'has_sedatives_dx', 'ftnd', 'XTRT', 'shared', 'rbsivheroin', 'TLFB_Alcohol_Count', 'TLFB_Amphetamine_Count', 'TLFB_Benzodiazepine_Count', 'TLFB_Buprenorphine_Count', 'TLFB_Cocaine_Count', 'TLFB_Heroin_Count', 'TLFB_Methadone_Count', 'TLFB_Opioid_Count', 'TLFB_THC_Count', 'TLFB_Other', 'Homosexual_Behavior', 'Non_monogamous_Relationships']
2024-08-07 12:44:48,387 - INFO - Fitting logistic regression model with the selected features...
2024-08-07 12:44:48,867 - INFO - Model training completed successfully.
2024-08-07 12:44:48,868 - INFO - Calculating the dynamic threshold based on the proportion of positive outcomes...
2024-08-07 12:44:48,868 - INFO - Ratio of 1s to 0s in the outcome variable: 0.49 : 0.51
2024-08-07 12:44:48,868 - INFO - Dynamic threshold set to: 0.488
2024-08-07 12:44:48,868 - INFO - Model trained and saved successfully for subset 1.
2024-08-07 12:44:48,868 - INFO - ---------------------------
2024-08-07 12:44:48,868 - INFO - TRAIN MODEL STAGE COMPLETED FOR SUBSET 1
2024-08-07 12:44:48,868 - INFO - ---------------------------
2024-08-07 12:44:48,868 - INFO - --------------------------------
2024-08-07 12:44:48,869 - INFO - EVALUATE MODEL STAGE STARTING FOR SUBSET 1...
2024-08-07 12:44:48,869 - INFO - --------------------------------
2024-08-07 12:44:48,881 - INFO - ROC AUC Score: 0.6296746926229507
2024-08-07 12:44:48,881 - INFO - Confusion Matrix: 
[[75 53]
 [49 73]]
2024-08-07 12:44:48,882 - INFO - Precision: 0.5793650793650794
2024-08-07 12:44:48,882 - INFO - Recall: 0.5983606557377049
2024-08-07 12:44:48,882 - INFO - Model evaluated successfully for subset 1.
2024-08-07 12:44:48,882 - INFO - ------------------------------
2024-08-07 12:44:48,882 - INFO - EVALUATE MODEL STAGE COMPLETED FOR SUBSET 1
2024-08-07 12:44:48,882 - INFO - ------------------------------
2024-08-07 12:44:48,883 - INFO - Subset 2 demographic makeup: 550 1, 226 3, 133 2, 91 4
2024-08-07 12:44:48,883 - INFO - Processing subset 2...
2024-08-07 12:44:48,883 - INFO - -----------------------------
2024-08-07 12:44:48,883 - INFO - TRAIN MODEL STAGE STARTING FOR SUBSET 2...
2024-08-07 12:44:48,883 - INFO - -----------------------------
2024-08-07 12:44:48,898 - INFO - Scaling features and applying LASSO for feature selection...
2024-08-07 12:44:49,100 - INFO - Selected features (including required): ['who', 'RaceEth', 'age', 'is_female', 'is_hispanic', 'unemployed', 'unstableliving', 'education', 'marital', 'UDS_Amphetamine_Count', 'UDS_Benzodiazepine_Count', 'UDS_Buprenorphine_Count', 'UDS_Cocaine_Count', 'UDS_Methadone_Count', 'UDS_Opioid_Count', 'UDS_Sedatives_Count', 'UDS_Thc_Count', 'pain', 'has_schizophrenia', 'has_major_dep', 'has_bipolar', 'has_anx_pan', 'has_brain_damage', 'has_epilepsy', 'has_alcol_dx', 'has_amphetamines_dx', 'has_cannabis_dx', 'has_cocaine_dx', 'has_sedatives_dx', 'ftnd', 'XTRT', 'shared', 'rbsivheroin', 'TLFB_Alcohol_Count', 'TLFB_Amphetamine_Count', 'TLFB_Benzodiazepine_Count', 'TLFB_Buprenorphine_Count', 'TLFB_Cocaine_Count', 'TLFB_Heroin_Count', 'TLFB_Methadone_Count', 'TLFB_Opioid_Count', 'TLFB_THC_Count', 'TLFB_Other', 'Homosexual_Behavior', 'Non_monogamous_Relationships']
2024-08-07 12:44:49,105 - INFO - Fitting logistic regression model with the selected features...
2024-08-07 12:44:49,546 - INFO - Model training completed successfully.
2024-08-07 12:44:49,546 - INFO - Calculating the dynamic threshold based on the proportion of positive outcomes...
2024-08-07 12:44:49,546 - INFO - Ratio of 1s to 0s in the outcome variable: 0.53 : 0.47
2024-08-07 12:44:49,546 - INFO - Dynamic threshold set to: 0.528
2024-08-07 12:44:49,546 - INFO - Model trained and saved successfully for subset 2.
2024-08-07 12:44:49,547 - INFO - ---------------------------
2024-08-07 12:44:49,547 - INFO - TRAIN MODEL STAGE COMPLETED FOR SUBSET 2
2024-08-07 12:44:49,547 - INFO - ---------------------------
2024-08-07 12:44:49,547 - INFO - --------------------------------
2024-08-07 12:44:49,547 - INFO - EVALUATE MODEL STAGE STARTING FOR SUBSET 2...
2024-08-07 12:44:49,547 - INFO - --------------------------------
2024-08-07 12:44:49,560 - INFO - ROC AUC Score: 0.6363636363636364
2024-08-07 12:44:49,560 - INFO - Confusion Matrix: 
[[88 30]
 [64 68]]
2024-08-07 12:44:49,560 - INFO - Precision: 0.6938775510204082
2024-08-07 12:44:49,561 - INFO - Recall: 0.5151515151515151
2024-08-07 12:44:49,561 - INFO - Model evaluated successfully for subset 2.
2024-08-07 12:44:49,561 - INFO - ------------------------------
2024-08-07 12:44:49,561 - INFO - EVALUATE MODEL STAGE COMPLETED FOR SUBSET 2
2024-08-07 12:44:49,561 - INFO - ------------------------------
2024-08-07 12:44:49,562 - INFO - Subset 3 demographic makeup: 600 1, 201 3, 121 2, 78 4
2024-08-07 12:44:49,562 - INFO - Processing subset 3...
2024-08-07 12:44:49,562 - INFO - -----------------------------
2024-08-07 12:44:49,562 - INFO - TRAIN MODEL STAGE STARTING FOR SUBSET 3...
2024-08-07 12:44:49,562 - INFO - -----------------------------
2024-08-07 12:44:49,570 - INFO - Scaling features and applying LASSO for feature selection...
2024-08-07 12:44:49,761 - INFO - Selected features (including required): ['who', 'RaceEth', 'age', 'is_female', 'is_hispanic', 'unemployed', 'unstableliving', 'education', 'marital', 'UDS_Amphetamine_Count', 'UDS_Benzodiazepine_Count', 'UDS_Buprenorphine_Count', 'UDS_Cocaine_Count', 'UDS_Methadone_Count', 'UDS_Opioid_Count', 'UDS_Sedatives_Count', 'UDS_Thc_Count', 'pain', 'has_schizophrenia', 'has_major_dep', 'has_bipolar', 'has_anx_pan', 'has_brain_damage', 'has_epilepsy', 'has_alcol_dx', 'has_amphetamines_dx', 'has_cannabis_dx', 'has_cocaine_dx', 'has_sedatives_dx', 'ftnd', 'XTRT', 'shared', 'rbsivheroin', 'TLFB_Alcohol_Count', 'TLFB_Amphetamine_Count', 'TLFB_Benzodiazepine_Count', 'TLFB_Buprenorphine_Count', 'TLFB_Cocaine_Count', 'TLFB_Heroin_Count', 'TLFB_Methadone_Count', 'TLFB_Opioid_Count', 'TLFB_THC_Count', 'TLFB_Other', 'Homosexual_Behavior', 'Non_monogamous_Relationships']
2024-08-07 12:44:49,766 - INFO - Fitting logistic regression model with the selected features...
2024-08-07 12:44:50,180 - INFO - Model training completed successfully.
2024-08-07 12:44:50,181 - INFO - Calculating the dynamic threshold based on the proportion of positive outcomes...
2024-08-07 12:44:50,181 - INFO - Ratio of 1s to 0s in the outcome variable: 0.56 : 0.44
2024-08-07 12:44:50,181 - INFO - Dynamic threshold set to: 0.56
2024-08-07 12:44:50,181 - INFO - Model trained and saved successfully for subset 3.
2024-08-07 12:44:50,181 - INFO - ---------------------------
2024-08-07 12:44:50,181 - INFO - TRAIN MODEL STAGE COMPLETED FOR SUBSET 3
2024-08-07 12:44:50,181 - INFO - ---------------------------
2024-08-07 12:44:50,181 - INFO - --------------------------------
2024-08-07 12:44:50,182 - INFO - EVALUATE MODEL STAGE STARTING FOR SUBSET 3...
2024-08-07 12:44:50,182 - INFO - --------------------------------
2024-08-07 12:44:50,199 - INFO - ROC AUC Score: 0.6501948051948051
2024-08-07 12:44:50,199 - INFO - Confusion Matrix: 
[[77 33]
 [61 79]]
2024-08-07 12:44:50,199 - INFO - Precision: 0.7053571428571429
2024-08-07 12:44:50,199 - INFO - Recall: 0.5642857142857143
2024-08-07 12:44:50,200 - INFO - Model evaluated successfully for subset 3.
2024-08-07 12:44:50,200 - INFO - ------------------------------
2024-08-07 12:44:50,201 - INFO - EVALUATE MODEL STAGE COMPLETED FOR SUBSET 3
2024-08-07 12:44:50,201 - INFO - ------------------------------
2024-08-07 12:44:50,201 - INFO - Subset 4 demographic makeup: 650 1, 174 3, 106 2, 70 4
2024-08-07 12:44:50,202 - INFO - Processing subset 4...
2024-08-07 12:44:50,202 - INFO - -----------------------------
2024-08-07 12:44:50,202 - INFO - TRAIN MODEL STAGE STARTING FOR SUBSET 4...
2024-08-07 12:44:50,202 - INFO - -----------------------------
2024-08-07 12:44:50,208 - INFO - Scaling features and applying LASSO for feature selection...
2024-08-07 12:44:50,391 - INFO - Selected features (including required): ['who', 'RaceEth', 'age', 'is_female', 'is_hispanic', 'unemployed', 'unstableliving', 'education', 'marital', 'UDS_Amphetamine_Count', 'UDS_Benzodiazepine_Count', 'UDS_Buprenorphine_Count', 'UDS_Cocaine_Count', 'UDS_Methadone_Count', 'UDS_Opioid_Count', 'UDS_Sedatives_Count', 'UDS_Thc_Count', 'pain', 'has_schizophrenia', 'has_major_dep', 'has_bipolar', 'has_anx_pan', 'has_brain_damage', 'has_epilepsy', 'has_alcol_dx', 'has_amphetamines_dx', 'has_cannabis_dx', 'has_cocaine_dx', 'has_sedatives_dx', 'ftnd', 'XTRT', 'shared', 'rbsivheroin', 'TLFB_Alcohol_Count', 'TLFB_Amphetamine_Count', 'TLFB_Benzodiazepine_Count', 'TLFB_Buprenorphine_Count', 'TLFB_Cocaine_Count', 'TLFB_Heroin_Count', 'TLFB_Methadone_Count', 'TLFB_Opioid_Count', 'TLFB_THC_Count', 'TLFB_Other', 'Homosexual_Behavior', 'Non_monogamous_Relationships']
2024-08-07 12:44:50,399 - INFO - Fitting logistic regression model with the selected features...
2024-08-07 12:44:51,158 - INFO - Model training completed successfully.
2024-08-07 12:44:51,158 - INFO - Calculating the dynamic threshold based on the proportion of positive outcomes...
2024-08-07 12:44:51,159 - INFO - Ratio of 1s to 0s in the outcome variable: 0.47 : 0.53
2024-08-07 12:44:51,160 - INFO - Dynamic threshold set to: 0.472
2024-08-07 12:44:51,160 - INFO - Model trained and saved successfully for subset 4.
2024-08-07 12:44:51,161 - INFO - ---------------------------
2024-08-07 12:44:51,163 - INFO - TRAIN MODEL STAGE COMPLETED FOR SUBSET 4
2024-08-07 12:44:51,166 - INFO - ---------------------------
2024-08-07 12:44:51,170 - INFO - --------------------------------
2024-08-07 12:44:51,170 - INFO - EVALUATE MODEL STAGE STARTING FOR SUBSET 4...
2024-08-07 12:44:51,170 - INFO - --------------------------------
2024-08-07 12:44:51,186 - INFO - ROC AUC Score: 0.6142783769902413
2024-08-07 12:44:51,187 - INFO - Confusion Matrix: 
[[65 67]
 [38 80]]
2024-08-07 12:44:51,187 - INFO - Precision: 0.54421768707483
2024-08-07 12:44:51,187 - INFO - Recall: 0.6779661016949152
2024-08-07 12:44:51,187 - INFO - Model evaluated successfully for subset 4.
2024-08-07 12:44:51,187 - INFO - ------------------------------
2024-08-07 12:44:51,187 - INFO - EVALUATE MODEL STAGE COMPLETED FOR SUBSET 4
2024-08-07 12:44:51,187 - INFO - ------------------------------
2024-08-07 12:44:51,188 - INFO - Subset 5 demographic makeup: 700 1, 152 3, 91 2, 57 4
2024-08-07 12:44:51,188 - INFO - Processing subset 5...
2024-08-07 12:44:51,188 - INFO - -----------------------------
2024-08-07 12:44:51,188 - INFO - TRAIN MODEL STAGE STARTING FOR SUBSET 5...
2024-08-07 12:44:51,188 - INFO - -----------------------------
2024-08-07 12:44:51,196 - INFO - Scaling features and applying LASSO for feature selection...
2024-08-07 12:44:51,401 - INFO - Selected features (including required): ['who', 'RaceEth', 'age', 'is_female', 'is_hispanic', 'unemployed', 'unstableliving', 'education', 'marital', 'UDS_Amphetamine_Count', 'UDS_Benzodiazepine_Count', 'UDS_Buprenorphine_Count', 'UDS_Cocaine_Count', 'UDS_Methadone_Count', 'UDS_Opioid_Count', 'UDS_Sedatives_Count', 'UDS_Thc_Count', 'pain', 'has_schizophrenia', 'has_major_dep', 'has_bipolar', 'has_anx_pan', 'has_brain_damage', 'has_epilepsy', 'has_alcol_dx', 'has_amphetamines_dx', 'has_cannabis_dx', 'has_cocaine_dx', 'has_sedatives_dx', 'ftnd', 'XTRT', 'shared', 'rbsivheroin', 'TLFB_Alcohol_Count', 'TLFB_Amphetamine_Count', 'TLFB_Benzodiazepine_Count', 'TLFB_Buprenorphine_Count', 'TLFB_Cocaine_Count', 'TLFB_Heroin_Count', 'TLFB_Methadone_Count', 'TLFB_Opioid_Count', 'TLFB_THC_Count', 'TLFB_Other', 'Homosexual_Behavior', 'Non_monogamous_Relationships']
2024-08-07 12:44:51,407 - INFO - Fitting logistic regression model with the selected features...
2024-08-07 12:44:52,048 - INFO - Model training completed successfully.
2024-08-07 12:44:52,048 - INFO - Calculating the dynamic threshold based on the proportion of positive outcomes...
2024-08-07 12:44:52,049 - INFO - Ratio of 1s to 0s in the outcome variable: 0.50 : 0.50
2024-08-07 12:44:52,049 - INFO - Dynamic threshold set to: 0.5
2024-08-07 12:44:52,050 - INFO - Model trained and saved successfully for subset 5.
2024-08-07 12:44:52,051 - INFO - ---------------------------
2024-08-07 12:44:52,051 - INFO - TRAIN MODEL STAGE COMPLETED FOR SUBSET 5
2024-08-07 12:44:52,053 - INFO - ---------------------------
2024-08-07 12:44:52,057 - INFO - --------------------------------
2024-08-07 12:44:52,059 - INFO - EVALUATE MODEL STAGE STARTING FOR SUBSET 5...
2024-08-07 12:44:52,059 - INFO - --------------------------------
2024-08-07 12:44:52,079 - INFO - ROC AUC Score: 0.6723199999999999
2024-08-07 12:44:52,080 - INFO - Confusion Matrix: 
[[70 55]
 [39 86]]
2024-08-07 12:44:52,081 - INFO - Precision: 0.6099290780141844
2024-08-07 12:44:52,081 - INFO - Recall: 0.688
2024-08-07 12:44:52,082 - INFO - Model evaluated successfully for subset 5.
2024-08-07 12:44:52,083 - INFO - ------------------------------
2024-08-07 12:44:52,083 - INFO - EVALUATE MODEL STAGE COMPLETED FOR SUBSET 5
2024-08-07 12:44:52,083 - INFO - ------------------------------
2024-08-07 12:44:52,085 - INFO - Subset 6 demographic makeup: 750 1, 131 3, 72 2, 47 4
2024-08-07 12:44:52,085 - INFO - Processing subset 6...
2024-08-07 12:44:52,085 - INFO - -----------------------------
2024-08-07 12:44:52,086 - INFO - TRAIN MODEL STAGE STARTING FOR SUBSET 6...
2024-08-07 12:44:52,086 - INFO - -----------------------------
2024-08-07 12:44:52,094 - INFO - Scaling features and applying LASSO for feature selection...
2024-08-07 12:44:52,338 - INFO - Selected features (including required): ['who', 'RaceEth', 'age', 'is_female', 'is_hispanic', 'unemployed', 'unstableliving', 'education', 'marital', 'UDS_Amphetamine_Count', 'UDS_Benzodiazepine_Count', 'UDS_Buprenorphine_Count', 'UDS_Cocaine_Count', 'UDS_Methadone_Count', 'UDS_Opioid_Count', 'UDS_Sedatives_Count', 'UDS_Thc_Count', 'pain', 'has_schizophrenia', 'has_major_dep', 'has_bipolar', 'has_anx_pan', 'has_brain_damage', 'has_epilepsy', 'has_alcol_dx', 'has_amphetamines_dx', 'has_cannabis_dx', 'has_cocaine_dx', 'has_sedatives_dx', 'ftnd', 'XTRT', 'shared', 'rbsivheroin', 'TLFB_Alcohol_Count', 'TLFB_Amphetamine_Count', 'TLFB_Benzodiazepine_Count', 'TLFB_Buprenorphine_Count', 'TLFB_Cocaine_Count', 'TLFB_Heroin_Count', 'TLFB_Methadone_Count', 'TLFB_Opioid_Count', 'TLFB_THC_Count', 'TLFB_Other', 'Homosexual_Behavior', 'Non_monogamous_Relationships']
2024-08-07 12:44:52,343 - INFO - Fitting logistic regression model with the selected features...
2024-08-07 12:44:53,169 - INFO - Model training completed successfully.
2024-08-07 12:44:53,169 - INFO - Calculating the dynamic threshold based on the proportion of positive outcomes...
2024-08-07 12:44:53,169 - INFO - Ratio of 1s to 0s in the outcome variable: 0.51 : 0.49
2024-08-07 12:44:53,169 - INFO - Dynamic threshold set to: 0.512
2024-08-07 12:44:53,170 - INFO - Model trained and saved successfully for subset 6.
2024-08-07 12:44:53,170 - INFO - ---------------------------
2024-08-07 12:44:53,170 - INFO - TRAIN MODEL STAGE COMPLETED FOR SUBSET 6
2024-08-07 12:44:53,170 - INFO - ---------------------------
2024-08-07 12:44:53,170 - INFO - --------------------------------
2024-08-07 12:44:53,170 - INFO - EVALUATE MODEL STAGE STARTING FOR SUBSET 6...
2024-08-07 12:44:53,170 - INFO - --------------------------------
2024-08-07 12:44:53,182 - INFO - ROC AUC Score: 0.6451716188524591
2024-08-07 12:44:53,182 - INFO - Confusion Matrix: 
[[53 69]
 [38 90]]
2024-08-07 12:44:53,182 - INFO - Precision: 0.5660377358490566
2024-08-07 12:44:53,182 - INFO - Recall: 0.703125
2024-08-07 12:44:53,182 - INFO - Model evaluated successfully for subset 6.
2024-08-07 12:44:53,182 - INFO - ------------------------------
2024-08-07 12:44:53,182 - INFO - EVALUATE MODEL STAGE COMPLETED FOR SUBSET 6
2024-08-07 12:44:53,183 - INFO - ------------------------------
2024-08-07 12:44:53,183 - INFO - Subset 7 demographic makeup: 800 1, 105 3, 56 2, 39 4
2024-08-07 12:44:53,183 - INFO - Processing subset 7...
2024-08-07 12:44:53,183 - INFO - -----------------------------
2024-08-07 12:44:53,184 - INFO - TRAIN MODEL STAGE STARTING FOR SUBSET 7...
2024-08-07 12:44:53,184 - INFO - -----------------------------
2024-08-07 12:44:53,192 - INFO - Scaling features and applying LASSO for feature selection...
2024-08-07 12:44:54,734 - INFO - Selected features (including required): ['who', 'RaceEth', 'age', 'is_female', 'is_hispanic', 'unemployed', 'unstableliving', 'education', 'marital', 'UDS_Amphetamine_Count', 'UDS_Benzodiazepine_Count', 'UDS_Buprenorphine_Count', 'UDS_Cocaine_Count', 'UDS_Methadone_Count', 'UDS_Opioid_Count', 'UDS_Sedatives_Count', 'UDS_Thc_Count', 'pain', 'has_schizophrenia', 'has_major_dep', 'has_bipolar', 'has_anx_pan', 'has_brain_damage', 'has_epilepsy', 'has_alcol_dx', 'has_amphetamines_dx', 'has_cannabis_dx', 'has_cocaine_dx', 'has_sedatives_dx', 'ftnd', 'XTRT', 'shared', 'rbsivheroin', 'TLFB_Alcohol_Count', 'TLFB_Amphetamine_Count', 'TLFB_Benzodiazepine_Count', 'TLFB_Buprenorphine_Count', 'TLFB_Cocaine_Count', 'TLFB_Heroin_Count', 'TLFB_Methadone_Count', 'TLFB_Opioid_Count', 'TLFB_THC_Count', 'TLFB_Other', 'Homosexual_Behavior', 'Non_monogamous_Relationships']
2024-08-07 12:44:54,739 - INFO - Fitting logistic regression model with the selected features...
2024-08-07 12:44:55,250 - INFO - Model training completed successfully.
2024-08-07 12:44:55,250 - INFO - Calculating the dynamic threshold based on the proportion of positive outcomes...
2024-08-07 12:44:55,250 - INFO - Ratio of 1s to 0s in the outcome variable: 0.58 : 0.42
2024-08-07 12:44:55,250 - INFO - Dynamic threshold set to: 0.576
2024-08-07 12:44:55,251 - INFO - Model trained and saved successfully for subset 7.
2024-08-07 12:44:55,251 - INFO - ---------------------------
2024-08-07 12:44:55,251 - INFO - TRAIN MODEL STAGE COMPLETED FOR SUBSET 7
2024-08-07 12:44:55,251 - INFO - ---------------------------
2024-08-07 12:44:55,251 - INFO - --------------------------------
2024-08-07 12:44:55,251 - INFO - EVALUATE MODEL STAGE STARTING FOR SUBSET 7...
2024-08-07 12:44:55,251 - INFO - --------------------------------
2024-08-07 12:44:55,264 - INFO - ROC AUC Score: 0.6243448637316562
2024-08-07 12:44:55,264 - INFO - Confusion Matrix: 
[[73 33]
 [69 75]]
2024-08-07 12:44:55,264 - INFO - Precision: 0.6944444444444444
2024-08-07 12:44:55,264 - INFO - Recall: 0.5208333333333334
2024-08-07 12:44:55,265 - INFO - Model evaluated successfully for subset 7.
2024-08-07 12:44:55,265 - INFO - ------------------------------
2024-08-07 12:44:55,265 - INFO - EVALUATE MODEL STAGE COMPLETED FOR SUBSET 7
2024-08-07 12:44:55,265 - INFO - ------------------------------
2024-08-07 12:44:55,266 - INFO - Subset 8 demographic makeup: 850 1, 80 3, 40 2, 30 4
2024-08-07 12:44:55,266 - INFO - Processing subset 8...
2024-08-07 12:44:55,266 - INFO - -----------------------------
2024-08-07 12:44:55,266 - INFO - TRAIN MODEL STAGE STARTING FOR SUBSET 8...
2024-08-07 12:44:55,266 - INFO - -----------------------------
2024-08-07 12:44:55,274 - INFO - Scaling features and applying LASSO for feature selection...
2024-08-07 12:44:55,518 - INFO - Selected features (including required): ['who', 'RaceEth', 'age', 'is_female', 'is_hispanic', 'unemployed', 'unstableliving', 'education', 'marital', 'UDS_Amphetamine_Count', 'UDS_Benzodiazepine_Count', 'UDS_Buprenorphine_Count', 'UDS_Cocaine_Count', 'UDS_Methadone_Count', 'UDS_Opioid_Count', 'UDS_Sedatives_Count', 'UDS_Thc_Count', 'pain', 'has_schizophrenia', 'has_major_dep', 'has_bipolar', 'has_anx_pan', 'has_brain_damage', 'has_epilepsy', 'has_alcol_dx', 'has_amphetamines_dx', 'has_cannabis_dx', 'has_cocaine_dx', 'has_sedatives_dx', 'ftnd', 'XTRT', 'shared', 'rbsivheroin', 'TLFB_Alcohol_Count', 'TLFB_Amphetamine_Count', 'TLFB_Benzodiazepine_Count', 'TLFB_Buprenorphine_Count', 'TLFB_Cocaine_Count', 'TLFB_Heroin_Count', 'TLFB_Methadone_Count', 'TLFB_Opioid_Count', 'TLFB_THC_Count', 'TLFB_Other', 'Homosexual_Behavior', 'Non_monogamous_Relationships']
2024-08-07 12:44:55,523 - INFO - Fitting logistic regression model with the selected features...
2024-08-07 12:44:56,033 - INFO - Model training completed successfully.
2024-08-07 12:44:56,034 - INFO - Calculating the dynamic threshold based on the proportion of positive outcomes...
2024-08-07 12:44:56,034 - INFO - Ratio of 1s to 0s in the outcome variable: 0.56 : 0.44
2024-08-07 12:44:56,034 - INFO - Dynamic threshold set to: 0.556
2024-08-07 12:44:56,034 - INFO - Model trained and saved successfully for subset 8.
2024-08-07 12:44:56,034 - INFO - ---------------------------
2024-08-07 12:44:56,034 - INFO - TRAIN MODEL STAGE COMPLETED FOR SUBSET 8
2024-08-07 12:44:56,034 - INFO - ---------------------------
2024-08-07 12:44:56,034 - INFO - --------------------------------
2024-08-07 12:44:56,035 - INFO - EVALUATE MODEL STAGE STARTING FOR SUBSET 8...
2024-08-07 12:44:56,035 - INFO - --------------------------------
2024-08-07 12:44:56,047 - INFO - ROC AUC Score: 0.6261585326333527
2024-08-07 12:44:56,048 - INFO - Confusion Matrix: 
[[75 36]
 [60 79]]
2024-08-07 12:44:56,048 - INFO - Precision: 0.6869565217391305
2024-08-07 12:44:56,048 - INFO - Recall: 0.5683453237410072
2024-08-07 12:44:56,049 - INFO - Model evaluated successfully for subset 8.
2024-08-07 12:44:56,049 - INFO - ------------------------------
2024-08-07 12:44:56,049 - INFO - EVALUATE MODEL STAGE COMPLETED FOR SUBSET 8
2024-08-07 12:44:56,050 - INFO - ------------------------------
2024-08-07 12:44:56,051 - INFO - Subset 9 demographic makeup: 900 1, 48 3, 32 2, 20 4
2024-08-07 12:44:56,051 - INFO - Processing subset 9...
2024-08-07 12:44:56,051 - INFO - -----------------------------
2024-08-07 12:44:56,051 - INFO - TRAIN MODEL STAGE STARTING FOR SUBSET 9...
2024-08-07 12:44:56,052 - INFO - -----------------------------
2024-08-07 12:44:56,058 - INFO - Scaling features and applying LASSO for feature selection...
2024-08-07 12:44:56,954 - INFO - Selected features (including required): ['who', 'RaceEth', 'age', 'is_female', 'is_hispanic', 'unemployed', 'unstableliving', 'education', 'marital', 'UDS_Amphetamine_Count', 'UDS_Benzodiazepine_Count', 'UDS_Buprenorphine_Count', 'UDS_Cocaine_Count', 'UDS_Methadone_Count', 'UDS_Opioid_Count', 'UDS_Sedatives_Count', 'UDS_Thc_Count', 'pain', 'has_schizophrenia', 'has_major_dep', 'has_bipolar', 'has_anx_pan', 'has_brain_damage', 'has_epilepsy', 'has_alcol_dx', 'has_amphetamines_dx', 'has_cannabis_dx', 'has_cocaine_dx', 'has_sedatives_dx', 'ftnd', 'XTRT', 'shared', 'rbsivheroin', 'TLFB_Alcohol_Count', 'TLFB_Amphetamine_Count', 'TLFB_Benzodiazepine_Count', 'TLFB_Buprenorphine_Count', 'TLFB_Cocaine_Count', 'TLFB_Heroin_Count', 'TLFB_Methadone_Count', 'TLFB_Opioid_Count', 'TLFB_THC_Count', 'TLFB_Other', 'Homosexual_Behavior', 'Non_monogamous_Relationships']
2024-08-07 12:44:56,959 - INFO - Fitting logistic regression model with the selected features...
2024-08-07 12:44:57,543 - INFO - Model training completed successfully.
2024-08-07 12:44:57,545 - INFO - Calculating the dynamic threshold based on the proportion of positive outcomes...
2024-08-07 12:44:57,546 - INFO - Ratio of 1s to 0s in the outcome variable: 0.62 : 0.38
2024-08-07 12:44:57,552 - INFO - Dynamic threshold set to: 0.62
2024-08-07 12:44:57,631 - INFO - Model trained and saved successfully for subset 9.
2024-08-07 12:44:57,633 - INFO - ---------------------------
2024-08-07 12:44:57,633 - INFO - TRAIN MODEL STAGE COMPLETED FOR SUBSET 9
2024-08-07 12:44:57,634 - INFO - ---------------------------
2024-08-07 12:44:57,644 - INFO - --------------------------------
2024-08-07 12:44:57,650 - INFO - EVALUATE MODEL STAGE STARTING FOR SUBSET 9...
2024-08-07 12:44:57,650 - INFO - --------------------------------
2024-08-07 12:44:57,682 - INFO - ROC AUC Score: 0.6889643463497453
2024-08-07 12:44:57,683 - INFO - Confusion Matrix: 
[[81 14]
 [85 70]]
2024-08-07 12:44:57,684 - INFO - Precision: 0.8333333333333334
2024-08-07 12:44:57,685 - INFO - Recall: 0.45161290322580644
2024-08-07 12:44:57,687 - INFO - Model evaluated successfully for subset 9.
2024-08-07 12:44:57,687 - INFO - ------------------------------
2024-08-07 12:44:57,688 - INFO - EVALUATE MODEL STAGE COMPLETED FOR SUBSET 9
2024-08-07 12:44:57,692 - INFO - ------------------------------
2024-08-07 12:44:57,694 - INFO - Subset 10 demographic makeup: 950 1, 25 3, 13 2, 12 4
2024-08-07 12:44:57,696 - INFO - Processing subset 10...
2024-08-07 12:44:57,701 - INFO - -----------------------------
2024-08-07 12:44:57,702 - INFO - TRAIN MODEL STAGE STARTING FOR SUBSET 10...
2024-08-07 12:44:57,703 - INFO - -----------------------------
2024-08-07 12:44:57,730 - INFO - Scaling features and applying LASSO for feature selection...
2024-08-07 12:44:58,958 - INFO - Selected features (including required): ['who', 'RaceEth', 'age', 'is_female', 'is_hispanic', 'unemployed', 'unstableliving', 'education', 'marital', 'UDS_Amphetamine_Count', 'UDS_Benzodiazepine_Count', 'UDS_Buprenorphine_Count', 'UDS_Cocaine_Count', 'UDS_Methadone_Count', 'UDS_Opioid_Count', 'UDS_Sedatives_Count', 'UDS_Thc_Count', 'pain', 'has_schizophrenia', 'has_major_dep', 'has_bipolar', 'has_anx_pan', 'has_brain_damage', 'has_epilepsy', 'has_alcol_dx', 'has_amphetamines_dx', 'has_cannabis_dx', 'has_cocaine_dx', 'has_sedatives_dx', 'ftnd', 'XTRT', 'shared', 'rbsivheroin', 'TLFB_Alcohol_Count', 'TLFB_Amphetamine_Count', 'TLFB_Benzodiazepine_Count', 'TLFB_Buprenorphine_Count', 'TLFB_Cocaine_Count', 'TLFB_Heroin_Count', 'TLFB_Methadone_Count', 'TLFB_Opioid_Count', 'TLFB_THC_Count', 'TLFB_Other', 'Homosexual_Behavior', 'Non_monogamous_Relationships']
2024-08-07 12:44:58,964 - INFO - Fitting logistic regression model with the selected features...
2024-08-07 12:44:59,753 - INFO - Model training completed successfully.
2024-08-07 12:44:59,754 - INFO - Calculating the dynamic threshold based on the proportion of positive outcomes...
2024-08-07 12:44:59,755 - INFO - Ratio of 1s to 0s in the outcome variable: 0.58 : 0.42
2024-08-07 12:44:59,755 - INFO - Dynamic threshold set to: 0.584
2024-08-07 12:44:59,755 - INFO - Model trained and saved successfully for subset 10.
2024-08-07 12:44:59,757 - INFO - ---------------------------
2024-08-07 12:44:59,757 - INFO - TRAIN MODEL STAGE COMPLETED FOR SUBSET 10
2024-08-07 12:44:59,758 - INFO - ---------------------------
2024-08-07 12:44:59,758 - INFO - --------------------------------
2024-08-07 12:44:59,758 - INFO - EVALUATE MODEL STAGE STARTING FOR SUBSET 10...
2024-08-07 12:44:59,758 - INFO - --------------------------------
2024-08-07 12:44:59,774 - INFO - ROC AUC Score: 0.6151870389884089
2024-08-07 12:44:59,774 - INFO - Confusion Matrix: 
[[70 34]
 [65 81]]
2024-08-07 12:44:59,776 - INFO - Precision: 0.7043478260869566
2024-08-07 12:44:59,779 - INFO - Recall: 0.5547945205479452
2024-08-07 12:44:59,782 - INFO - Model evaluated successfully for subset 10.
2024-08-07 12:44:59,782 - INFO - ------------------------------
2024-08-07 12:44:59,784 - INFO - EVALUATE MODEL STAGE COMPLETED FOR SUBSET 10
2024-08-07 12:44:59,788 - INFO - ------------------------------
2024-08-07 12:44:59,791 - INFO - Subset 11 demographic makeup: 1000 1
2024-08-07 12:44:59,791 - INFO - Processing subset 11...
2024-08-07 12:44:59,791 - INFO - -----------------------------
2024-08-07 12:44:59,792 - INFO - TRAIN MODEL STAGE STARTING FOR SUBSET 11...
2024-08-07 12:44:59,792 - INFO - -----------------------------
2024-08-07 12:44:59,804 - INFO - Scaling features and applying LASSO for feature selection...
2024-08-07 12:45:00,789 - INFO - Selected features (including required): ['who', 'age', 'is_female', 'unemployed', 'unstableliving', 'education', 'marital', 'UDS_Amphetamine_Count', 'UDS_Benzodiazepine_Count', 'UDS_Buprenorphine_Count', 'UDS_Cocaine_Count', 'UDS_Methadone_Count', 'UDS_Opioid_Count', 'UDS_Sedatives_Count', 'UDS_Thc_Count', 'pain', 'has_schizophrenia', 'has_major_dep', 'has_bipolar', 'has_anx_pan', 'has_brain_damage', 'has_epilepsy', 'has_alcol_dx', 'has_amphetamines_dx', 'has_cannabis_dx', 'has_cocaine_dx', 'has_sedatives_dx', 'ftnd', 'XTRT', 'shared', 'rbsivheroin', 'TLFB_Alcohol_Count', 'TLFB_Amphetamine_Count', 'TLFB_Benzodiazepine_Count', 'TLFB_Buprenorphine_Count', 'TLFB_Cocaine_Count', 'TLFB_Heroin_Count', 'TLFB_Methadone_Count', 'TLFB_Opioid_Count', 'TLFB_THC_Count', 'TLFB_Other', 'Homosexual_Behavior', 'Non_monogamous_Relationships']
2024-08-07 12:45:00,796 - INFO - Fitting logistic regression model with the selected features...
2024-08-07 12:45:01,390 - INFO - Model training completed successfully.
2024-08-07 12:45:01,391 - INFO - Calculating the dynamic threshold based on the proportion of positive outcomes...
2024-08-07 12:45:01,392 - INFO - Ratio of 1s to 0s in the outcome variable: 0.60 : 0.40
2024-08-07 12:45:01,392 - INFO - Dynamic threshold set to: 0.6
2024-08-07 12:45:01,392 - INFO - Model trained and saved successfully for subset 11.
2024-08-07 12:45:01,393 - INFO - ---------------------------
2024-08-07 12:45:01,394 - INFO - TRAIN MODEL STAGE COMPLETED FOR SUBSET 11
2024-08-07 12:45:01,395 - INFO - ---------------------------
2024-08-07 12:45:01,399 - INFO - --------------------------------
2024-08-07 12:45:01,400 - INFO - EVALUATE MODEL STAGE STARTING FOR SUBSET 11...
2024-08-07 12:45:01,401 - INFO - --------------------------------
2024-08-07 12:45:01,424 - INFO - ROC AUC Score: 0.6333333333333333
2024-08-07 12:45:01,425 - INFO - Confusion Matrix: 
[[73 27]
 [83 67]]
2024-08-07 12:45:01,426 - INFO - Precision: 0.7127659574468085
2024-08-07 12:45:01,426 - INFO - Recall: 0.44666666666666666
2024-08-07 12:45:01,427 - INFO - Model evaluated successfully for subset 11.
2024-08-07 12:45:01,428 - INFO - ------------------------------
2024-08-07 12:45:01,429 - INFO - EVALUATE MODEL STAGE COMPLETED FOR SUBSET 11
2024-08-07 12:45:01,434 - INFO - ------------------------------
2024-08-07 12:45:01,435 - INFO - ------------------
2024-08-07 12:45:01,436 - INFO - PIPELINE COMPLETED
2024-08-07 12:45:01,436 - INFO - ------------------
