2024-07-31 15:23:30 - INFO - -------------------------------------------
2024-07-31 15:23:30 - INFO - Logging setup complete - starting pipeline.
2024-07-31 15:23:30 - INFO - -------------------------------------------
2024-07-31 15:23:30 - INFO - Global Seed set to: 1722453810
2024-07-31 15:23:46 - INFO - Datasets loaded successfully.
2024-07-31 15:23:46 - INFO - Starting preprocessing of the merged dataset...
2024-07-31 15:23:46 - INFO - ---------------------------------
2024-07-31 15:23:46 - INFO - PRE-PROCESSING STAGE STARTING...
2024-07-31 15:23:46 - INFO - ---------------------------------
2024-07-31 15:23:46 - INFO - Dropped initial columns: ['pain_when', 'is_smoker', 'per_day', 'max', 'amount', 'depression', 'anxiety', 'schizophrenia', 'max', 'amount', 'cocaine_inject_days', 'speedball_inject_days', 'opioid_inject_days', 'speed_inject_days', 'UDS_Alcohol_Count', 'UDS_Mdma/Hallucinogen_Count']
2024-07-31 15:23:46 - INFO - Converted Yes/No to binary.
2024-07-31 15:23:46 - INFO - Processed TLFB columns with specified columns: ['TLFB_Alcohol_Count', 'TLFB_Amphetamine_Count', 'TLFB_Cocaine_Count', 'TLFB_Heroin_Count', 'TLFB_Benzodiazepine_Count', 'TLFB_Opioid_Count', 'TLFB_THC_Count', 'TLFB_Methadone_Count', 'TLFB_Buprenorphine_Count']
2024-07-31 15:23:46 - INFO - Calculated behavioral columns.
2024-07-31 15:23:46 - INFO - Moved 'Rd_kostenB_1993' column to the end.
2024-07-31 15:23:47 - INFO - Dropped initial columns: ['msm_npt', 'msm_frq', 'txx_prt']
2024-07-31 15:23:47 - INFO - transform_data_with_nan_handling success
2024-07-31 15:23:47 - INFO - Renamed columns according to the mapping.
2024-07-31 15:23:47 - INFO - Transformed NaN to 0 for binary columns.
2024-07-31 15:23:47 - INFO - Transformed and renamed 'heroin_inject_days' column to 'rbsivheroin'.
2024-07-31 15:23:47 - INFO - Filled NaN with 0 for 'ftnd' column.
2024-07-31 15:23:47 - INFO - Dropped additional columns: ['rbs_iv_days', 'race', 'RBS_cocaine_Days', 'RBS_heroin_Days', 'RBS_opioid_Days', 'RBS_speed_Days', 'RBS_speedball_Days']
2024-07-31 15:23:47 - INFO - Converted UDS drug counts to binary.
2024-07-31 15:23:47 - INFO - ------------------------------
2024-07-31 15:23:47 - INFO - PRE-PROCESSING STAGE COMPLETED
2024-07-31 15:23:47 - INFO - ------------------------------
2024-07-31 15:23:47 - INFO - Merged dataset preprocessed successfully.
2024-07-31 15:23:47 - INFO - Creating demographic subsets from preprocessed data...
2024-07-31 15:23:55 - INFO - Created 11 subsets successfully.
2024-07-31 15:23:55 - INFO - Creating merged subsets from create_demographics_dfs function
2024-07-31 15:23:55 - INFO - Created 11 merged subsets successfully.
2024-07-31 15:23:55 - INFO - Subset 1 demographic makeup: 500 1, 249 3, 157 2, 94 4
2024-07-31 15:23:55 - INFO - Processing subset 1...
2024-07-31 15:23:55 - INFO - -----------------------------
2024-07-31 15:23:55 - INFO - TRAIN MODEL STAGE STARTING FOR SUBSET 1...
2024-07-31 15:23:55 - INFO - -----------------------------
2024-07-31 15:23:55 - INFO - Scaling features and applying LASSO for feature selection...
2024-07-31 15:23:55 - INFO - Selected features (including required): ['who', 'RaceEth', 'age', 'is_female', 'is_hispanic', 'unemployed', 'unstableliving', 'education', 'marital', 'UDS_Amphetamine_Count', 'UDS_Benzodiazepine_Count', 'UDS_Buprenorphine_Count', 'UDS_Cocaine_Count', 'UDS_Methadone_Count', 'UDS_Opioid_Count', 'UDS_Sedatives_Count', 'UDS_Thc_Count', 'pain', 'has_schizophrenia', 'has_major_dep', 'has_bipolar', 'has_anx_pan', 'has_brain_damage', 'has_epilepsy', 'has_alcol_dx', 'has_amphetamines_dx', 'has_cannabis_dx', 'has_cocaine_dx', 'has_sedatives_dx', 'ftnd', 'XTRT', 'shared', 'rbsivheroin', 'TLFB_Alcohol_Count', 'TLFB_Amphetamine_Count', 'TLFB_Benzodiazepine_Count', 'TLFB_Buprenorphine_Count', 'TLFB_Cocaine_Count', 'TLFB_Heroin_Count', 'TLFB_Methadone_Count', 'TLFB_Opioid_Count', 'TLFB_THC_Count', 'TLFB_Other', 'Homosexual_Behavior', 'Non_monogamous_Relationships']
2024-07-31 15:23:55 - INFO - Fitting logistic regression model with the selected features...
2024-07-31 15:23:56 - INFO - Model training completed successfully.
2024-07-31 15:23:56 - INFO - Calculating the dynamic threshold based on the proportion of positive outcomes...
2024-07-31 15:23:56 - INFO - Ratio of 1s to 0s in the outcome variable: 0.49 : 0.51
2024-07-31 15:23:56 - INFO - Dynamic threshold set to: 0.488
2024-07-31 15:23:56 - INFO - Model trained and saved successfully for subset 1.
2024-07-31 15:23:56 - INFO - ---------------------------
2024-07-31 15:23:56 - INFO - TRAIN MODEL STAGE COMPLETED FOR SUBSET 1
2024-07-31 15:23:56 - INFO - ---------------------------
2024-07-31 15:23:56 - INFO - --------------------------------
2024-07-31 15:23:56 - INFO - EVALUATE MODEL STAGE STARTING FOR SUBSET 1...
2024-07-31 15:23:56 - INFO - --------------------------------
2024-07-31 15:23:56 - INFO - ROC AUC Score: 0.6260886270491802
2024-07-31 15:23:56 - INFO - Confusion Matrix: 
[[75 53]
 [43 79]]
2024-07-31 15:23:56 - INFO - Precision: 0.5984848484848485
2024-07-31 15:23:56 - INFO - Recall: 0.6475409836065574
2024-07-31 15:23:56 - INFO - Model evaluated successfully for subset 1.
2024-07-31 15:23:56 - INFO - ------------------------------
2024-07-31 15:23:56 - INFO - EVALUATE MODEL STAGE COMPLETED FOR SUBSET 1
2024-07-31 15:23:56 - INFO - ------------------------------
2024-07-31 15:23:56 - INFO - Subset 2 demographic makeup: 550 1, 225 3, 141 2, 84 4
2024-07-31 15:23:56 - INFO - Processing subset 2...
2024-07-31 15:23:56 - INFO - -----------------------------
2024-07-31 15:23:56 - INFO - TRAIN MODEL STAGE STARTING FOR SUBSET 2...
2024-07-31 15:23:56 - INFO - -----------------------------
2024-07-31 15:23:56 - INFO - Scaling features and applying LASSO for feature selection...
2024-07-31 15:23:57 - INFO - Selected features (including required): ['who', 'RaceEth', 'age', 'is_female', 'is_hispanic', 'unemployed', 'unstableliving', 'education', 'marital', 'UDS_Amphetamine_Count', 'UDS_Benzodiazepine_Count', 'UDS_Buprenorphine_Count', 'UDS_Cocaine_Count', 'UDS_Methadone_Count', 'UDS_Opioid_Count', 'UDS_Sedatives_Count', 'UDS_Thc_Count', 'pain', 'has_schizophrenia', 'has_major_dep', 'has_bipolar', 'has_anx_pan', 'has_brain_damage', 'has_epilepsy', 'has_alcol_dx', 'has_amphetamines_dx', 'has_cannabis_dx', 'has_cocaine_dx', 'has_sedatives_dx', 'ftnd', 'XTRT', 'shared', 'rbsivheroin', 'TLFB_Alcohol_Count', 'TLFB_Amphetamine_Count', 'TLFB_Benzodiazepine_Count', 'TLFB_Buprenorphine_Count', 'TLFB_Cocaine_Count', 'TLFB_Heroin_Count', 'TLFB_Methadone_Count', 'TLFB_Opioid_Count', 'TLFB_THC_Count', 'TLFB_Other', 'Homosexual_Behavior', 'Non_monogamous_Relationships']
2024-07-31 15:23:57 - INFO - Fitting logistic regression model with the selected features...
2024-07-31 15:23:57 - INFO - Model training completed successfully.
2024-07-31 15:23:57 - INFO - Calculating the dynamic threshold based on the proportion of positive outcomes...
2024-07-31 15:23:57 - INFO - Ratio of 1s to 0s in the outcome variable: 0.53 : 0.47
2024-07-31 15:23:57 - INFO - Dynamic threshold set to: 0.532
2024-07-31 15:23:57 - INFO - Model trained and saved successfully for subset 2.
2024-07-31 15:23:57 - INFO - ---------------------------
2024-07-31 15:23:57 - INFO - TRAIN MODEL STAGE COMPLETED FOR SUBSET 2
2024-07-31 15:23:57 - INFO - ---------------------------
2024-07-31 15:23:57 - INFO - --------------------------------
2024-07-31 15:23:57 - INFO - EVALUATE MODEL STAGE STARTING FOR SUBSET 2...
2024-07-31 15:23:57 - INFO - --------------------------------
2024-07-31 15:23:57 - INFO - ROC AUC Score: 0.6439174860227492
2024-07-31 15:23:57 - INFO - Confusion Matrix: 
[[75 42]
 [59 74]]
2024-07-31 15:23:57 - INFO - Precision: 0.6379310344827587
2024-07-31 15:23:57 - INFO - Recall: 0.556390977443609
2024-07-31 15:23:57 - INFO - Model evaluated successfully for subset 2.
2024-07-31 15:23:57 - INFO - ------------------------------
2024-07-31 15:23:57 - INFO - EVALUATE MODEL STAGE COMPLETED FOR SUBSET 2
2024-07-31 15:23:57 - INFO - ------------------------------
2024-07-31 15:23:57 - INFO - Subset 3 demographic makeup: 600 1, 202 3, 125 2, 73 4
2024-07-31 15:23:57 - INFO - Processing subset 3...
2024-07-31 15:23:57 - INFO - -----------------------------
2024-07-31 15:23:57 - INFO - TRAIN MODEL STAGE STARTING FOR SUBSET 3...
2024-07-31 15:23:57 - INFO - -----------------------------
2024-07-31 15:23:57 - INFO - Scaling features and applying LASSO for feature selection...
2024-07-31 15:23:58 - INFO - Selected features (including required): ['who', 'RaceEth', 'age', 'is_female', 'is_hispanic', 'unemployed', 'unstableliving', 'education', 'marital', 'UDS_Amphetamine_Count', 'UDS_Benzodiazepine_Count', 'UDS_Buprenorphine_Count', 'UDS_Cocaine_Count', 'UDS_Methadone_Count', 'UDS_Opioid_Count', 'UDS_Sedatives_Count', 'UDS_Thc_Count', 'pain', 'has_schizophrenia', 'has_major_dep', 'has_bipolar', 'has_anx_pan', 'has_brain_damage', 'has_epilepsy', 'has_alcol_dx', 'has_amphetamines_dx', 'has_cannabis_dx', 'has_cocaine_dx', 'has_sedatives_dx', 'ftnd', 'XTRT', 'shared', 'rbsivheroin', 'TLFB_Alcohol_Count', 'TLFB_Amphetamine_Count', 'TLFB_Benzodiazepine_Count', 'TLFB_Buprenorphine_Count', 'TLFB_Cocaine_Count', 'TLFB_Heroin_Count', 'TLFB_Methadone_Count', 'TLFB_Opioid_Count', 'TLFB_THC_Count', 'TLFB_Other', 'Homosexual_Behavior', 'Non_monogamous_Relationships']
2024-07-31 15:23:58 - INFO - Fitting logistic regression model with the selected features...
2024-07-31 15:23:58 - INFO - Model training completed successfully.
2024-07-31 15:23:58 - INFO - Calculating the dynamic threshold based on the proportion of positive outcomes...
2024-07-31 15:23:58 - INFO - Ratio of 1s to 0s in the outcome variable: 0.52 : 0.48
2024-07-31 15:23:58 - INFO - Dynamic threshold set to: 0.516
2024-07-31 15:23:58 - INFO - Model trained and saved successfully for subset 3.
2024-07-31 15:23:58 - INFO - ---------------------------
2024-07-31 15:23:58 - INFO - TRAIN MODEL STAGE COMPLETED FOR SUBSET 3
2024-07-31 15:23:58 - INFO - ---------------------------
2024-07-31 15:23:58 - INFO - --------------------------------
2024-07-31 15:23:58 - INFO - EVALUATE MODEL STAGE STARTING FOR SUBSET 3...
2024-07-31 15:23:58 - INFO - --------------------------------
2024-07-31 15:23:58 - INFO - ROC AUC Score: 0.6186815298866039
2024-07-31 15:23:58 - INFO - Confusion Matrix: 
[[78 43]
 [57 72]]
2024-07-31 15:23:58 - INFO - Precision: 0.6260869565217392
2024-07-31 15:23:58 - INFO - Recall: 0.5581395348837209
2024-07-31 15:23:58 - INFO - Model evaluated successfully for subset 3.
2024-07-31 15:23:58 - INFO - ------------------------------
2024-07-31 15:23:58 - INFO - EVALUATE MODEL STAGE COMPLETED FOR SUBSET 3
2024-07-31 15:23:58 - INFO - ------------------------------
2024-07-31 15:23:58 - INFO - Subset 4 demographic makeup: 650 1, 174 3, 114 2, 62 4
2024-07-31 15:23:58 - INFO - Processing subset 4...
2024-07-31 15:23:58 - INFO - -----------------------------
2024-07-31 15:23:58 - INFO - TRAIN MODEL STAGE STARTING FOR SUBSET 4...
2024-07-31 15:23:58 - INFO - -----------------------------
2024-07-31 15:23:58 - INFO - Scaling features and applying LASSO for feature selection...
2024-07-31 15:23:58 - INFO - Selected features (including required): ['who', 'RaceEth', 'age', 'is_female', 'is_hispanic', 'unemployed', 'unstableliving', 'education', 'marital', 'UDS_Amphetamine_Count', 'UDS_Benzodiazepine_Count', 'UDS_Buprenorphine_Count', 'UDS_Cocaine_Count', 'UDS_Methadone_Count', 'UDS_Opioid_Count', 'UDS_Sedatives_Count', 'UDS_Thc_Count', 'pain', 'has_schizophrenia', 'has_major_dep', 'has_bipolar', 'has_anx_pan', 'has_brain_damage', 'has_epilepsy', 'has_alcol_dx', 'has_amphetamines_dx', 'has_cannabis_dx', 'has_cocaine_dx', 'has_sedatives_dx', 'ftnd', 'XTRT', 'shared', 'rbsivheroin', 'TLFB_Alcohol_Count', 'TLFB_Amphetamine_Count', 'TLFB_Benzodiazepine_Count', 'TLFB_Buprenorphine_Count', 'TLFB_Cocaine_Count', 'TLFB_Heroin_Count', 'TLFB_Methadone_Count', 'TLFB_Opioid_Count', 'TLFB_THC_Count', 'TLFB_Other', 'Homosexual_Behavior', 'Non_monogamous_Relationships']
2024-07-31 15:23:58 - INFO - Fitting logistic regression model with the selected features...
2024-07-31 15:23:59 - INFO - Model training completed successfully.
2024-07-31 15:23:59 - INFO - Calculating the dynamic threshold based on the proportion of positive outcomes...
2024-07-31 15:23:59 - INFO - Ratio of 1s to 0s in the outcome variable: 0.53 : 0.47
2024-07-31 15:23:59 - INFO - Dynamic threshold set to: 0.528
2024-07-31 15:23:59 - INFO - Model trained and saved successfully for subset 4.
2024-07-31 15:23:59 - INFO - ---------------------------
2024-07-31 15:23:59 - INFO - TRAIN MODEL STAGE COMPLETED FOR SUBSET 4
2024-07-31 15:23:59 - INFO - ---------------------------
2024-07-31 15:23:59 - INFO - --------------------------------
2024-07-31 15:23:59 - INFO - EVALUATE MODEL STAGE STARTING FOR SUBSET 4...
2024-07-31 15:23:59 - INFO - --------------------------------
2024-07-31 15:23:59 - INFO - ROC AUC Score: 0.6389958911145351
2024-07-31 15:23:59 - INFO - Confusion Matrix: 
[[77 41]
 [62 70]]
2024-07-31 15:23:59 - INFO - Precision: 0.6306306306306306
2024-07-31 15:23:59 - INFO - Recall: 0.5303030303030303
2024-07-31 15:23:59 - INFO - Model evaluated successfully for subset 4.
2024-07-31 15:23:59 - INFO - ------------------------------
2024-07-31 15:23:59 - INFO - EVALUATE MODEL STAGE COMPLETED FOR SUBSET 4
2024-07-31 15:23:59 - INFO - ------------------------------
2024-07-31 15:23:59 - INFO - Subset 5 demographic makeup: 700 1, 148 3, 98 2, 54 4
2024-07-31 15:23:59 - INFO - Processing subset 5...
2024-07-31 15:23:59 - INFO - -----------------------------
2024-07-31 15:23:59 - INFO - TRAIN MODEL STAGE STARTING FOR SUBSET 5...
2024-07-31 15:23:59 - INFO - -----------------------------
2024-07-31 15:23:59 - INFO - Scaling features and applying LASSO for feature selection...
2024-07-31 15:23:59 - INFO - Selected features (including required): ['who', 'RaceEth', 'age', 'is_female', 'is_hispanic', 'unemployed', 'unstableliving', 'education', 'marital', 'UDS_Amphetamine_Count', 'UDS_Benzodiazepine_Count', 'UDS_Buprenorphine_Count', 'UDS_Cocaine_Count', 'UDS_Methadone_Count', 'UDS_Opioid_Count', 'UDS_Sedatives_Count', 'UDS_Thc_Count', 'pain', 'has_schizophrenia', 'has_major_dep', 'has_bipolar', 'has_anx_pan', 'has_brain_damage', 'has_epilepsy', 'has_alcol_dx', 'has_amphetamines_dx', 'has_cannabis_dx', 'has_cocaine_dx', 'has_sedatives_dx', 'ftnd', 'XTRT', 'shared', 'rbsivheroin', 'TLFB_Alcohol_Count', 'TLFB_Amphetamine_Count', 'TLFB_Benzodiazepine_Count', 'TLFB_Buprenorphine_Count', 'TLFB_Cocaine_Count', 'TLFB_Heroin_Count', 'TLFB_Methadone_Count', 'TLFB_Opioid_Count', 'TLFB_THC_Count', 'TLFB_Other', 'Homosexual_Behavior', 'Non_monogamous_Relationships']
2024-07-31 15:23:59 - INFO - Fitting logistic regression model with the selected features...
2024-07-31 15:24:00 - INFO - Model training completed successfully.
2024-07-31 15:24:00 - INFO - Calculating the dynamic threshold based on the proportion of positive outcomes...
2024-07-31 15:24:00 - INFO - Ratio of 1s to 0s in the outcome variable: 0.53 : 0.47
2024-07-31 15:24:00 - INFO - Dynamic threshold set to: 0.528
2024-07-31 15:24:00 - INFO - Model trained and saved successfully for subset 5.
2024-07-31 15:24:00 - INFO - ---------------------------
2024-07-31 15:24:00 - INFO - TRAIN MODEL STAGE COMPLETED FOR SUBSET 5
2024-07-31 15:24:00 - INFO - ---------------------------
2024-07-31 15:24:00 - INFO - --------------------------------
2024-07-31 15:24:00 - INFO - EVALUATE MODEL STAGE STARTING FOR SUBSET 5...
2024-07-31 15:24:00 - INFO - --------------------------------
2024-07-31 15:24:00 - INFO - ROC AUC Score: 0.602080123266564
2024-07-31 15:24:00 - INFO - Confusion Matrix: 
[[50 68]
 [45 87]]
2024-07-31 15:24:00 - INFO - Precision: 0.5612903225806452
2024-07-31 15:24:00 - INFO - Recall: 0.6590909090909091
2024-07-31 15:24:00 - INFO - Model evaluated successfully for subset 5.
2024-07-31 15:24:00 - INFO - ------------------------------
2024-07-31 15:24:00 - INFO - EVALUATE MODEL STAGE COMPLETED FOR SUBSET 5
2024-07-31 15:24:00 - INFO - ------------------------------
2024-07-31 15:24:00 - INFO - Subset 6 demographic makeup: 750 1, 125 3, 78 2, 47 4
2024-07-31 15:24:00 - INFO - Processing subset 6...
2024-07-31 15:24:00 - INFO - -----------------------------
2024-07-31 15:24:00 - INFO - TRAIN MODEL STAGE STARTING FOR SUBSET 6...
2024-07-31 15:24:00 - INFO - -----------------------------
2024-07-31 15:24:00 - INFO - Scaling features and applying LASSO for feature selection...
2024-07-31 15:24:00 - INFO - Selected features (including required): ['who', 'RaceEth', 'age', 'is_female', 'is_hispanic', 'unemployed', 'unstableliving', 'education', 'marital', 'UDS_Amphetamine_Count', 'UDS_Benzodiazepine_Count', 'UDS_Buprenorphine_Count', 'UDS_Cocaine_Count', 'UDS_Methadone_Count', 'UDS_Opioid_Count', 'UDS_Sedatives_Count', 'UDS_Thc_Count', 'pain', 'has_schizophrenia', 'has_major_dep', 'has_bipolar', 'has_anx_pan', 'has_brain_damage', 'has_epilepsy', 'has_alcol_dx', 'has_amphetamines_dx', 'has_cannabis_dx', 'has_cocaine_dx', 'has_sedatives_dx', 'ftnd', 'XTRT', 'shared', 'rbsivheroin', 'TLFB_Alcohol_Count', 'TLFB_Amphetamine_Count', 'TLFB_Benzodiazepine_Count', 'TLFB_Buprenorphine_Count', 'TLFB_Cocaine_Count', 'TLFB_Heroin_Count', 'TLFB_Methadone_Count', 'TLFB_Opioid_Count', 'TLFB_THC_Count', 'TLFB_Other', 'Homosexual_Behavior', 'Non_monogamous_Relationships']
2024-07-31 15:24:00 - INFO - Fitting logistic regression model with the selected features...
2024-07-31 15:24:01 - INFO - Model training completed successfully.
2024-07-31 15:24:01 - INFO - Calculating the dynamic threshold based on the proportion of positive outcomes...
2024-07-31 15:24:01 - INFO - Ratio of 1s to 0s in the outcome variable: 0.52 : 0.48
2024-07-31 15:24:01 - INFO - Dynamic threshold set to: 0.52
2024-07-31 15:24:01 - INFO - Model trained and saved successfully for subset 6.
2024-07-31 15:24:01 - INFO - ---------------------------
2024-07-31 15:24:01 - INFO - TRAIN MODEL STAGE COMPLETED FOR SUBSET 6
2024-07-31 15:24:01 - INFO - ---------------------------
2024-07-31 15:24:01 - INFO - --------------------------------
2024-07-31 15:24:01 - INFO - EVALUATE MODEL STAGE STARTING FOR SUBSET 6...
2024-07-31 15:24:01 - INFO - --------------------------------
2024-07-31 15:24:01 - INFO - ROC AUC Score: 0.6388461538461538
2024-07-31 15:24:01 - INFO - Confusion Matrix: 
[[78 42]
 [57 73]]
2024-07-31 15:24:01 - INFO - Precision: 0.6347826086956522
2024-07-31 15:24:01 - INFO - Recall: 0.5615384615384615
2024-07-31 15:24:01 - INFO - Model evaluated successfully for subset 6.
2024-07-31 15:24:01 - INFO - ------------------------------
2024-07-31 15:24:01 - INFO - EVALUATE MODEL STAGE COMPLETED FOR SUBSET 6
2024-07-31 15:24:01 - INFO - ------------------------------
2024-07-31 15:24:01 - INFO - Subset 7 demographic makeup: 800 1, 98 3, 62 2, 40 4
2024-07-31 15:24:01 - INFO - Processing subset 7...
2024-07-31 15:24:01 - INFO - -----------------------------
2024-07-31 15:24:01 - INFO - TRAIN MODEL STAGE STARTING FOR SUBSET 7...
2024-07-31 15:24:01 - INFO - -----------------------------
2024-07-31 15:24:01 - INFO - Scaling features and applying LASSO for feature selection...
2024-07-31 15:24:03 - INFO - Selected features (including required): ['who', 'RaceEth', 'age', 'is_female', 'is_hispanic', 'unemployed', 'unstableliving', 'education', 'marital', 'UDS_Amphetamine_Count', 'UDS_Benzodiazepine_Count', 'UDS_Buprenorphine_Count', 'UDS_Cocaine_Count', 'UDS_Methadone_Count', 'UDS_Opioid_Count', 'UDS_Sedatives_Count', 'UDS_Thc_Count', 'pain', 'has_schizophrenia', 'has_major_dep', 'has_bipolar', 'has_anx_pan', 'has_brain_damage', 'has_epilepsy', 'has_alcol_dx', 'has_amphetamines_dx', 'has_cannabis_dx', 'has_cocaine_dx', 'has_sedatives_dx', 'ftnd', 'XTRT', 'shared', 'rbsivheroin', 'TLFB_Alcohol_Count', 'TLFB_Amphetamine_Count', 'TLFB_Benzodiazepine_Count', 'TLFB_Buprenorphine_Count', 'TLFB_Cocaine_Count', 'TLFB_Heroin_Count', 'TLFB_Methadone_Count', 'TLFB_Opioid_Count', 'TLFB_THC_Count', 'TLFB_Other', 'Homosexual_Behavior', 'Non_monogamous_Relationships']
2024-07-31 15:24:03 - INFO - Fitting logistic regression model with the selected features...
2024-07-31 15:24:04 - INFO - Model training completed successfully.
2024-07-31 15:24:04 - INFO - Calculating the dynamic threshold based on the proportion of positive outcomes...
2024-07-31 15:24:04 - INFO - Ratio of 1s to 0s in the outcome variable: 0.56 : 0.44
2024-07-31 15:24:04 - INFO - Dynamic threshold set to: 0.564
2024-07-31 15:24:04 - INFO - Model trained and saved successfully for subset 7.
2024-07-31 15:24:04 - INFO - ---------------------------
2024-07-31 15:24:04 - INFO - TRAIN MODEL STAGE COMPLETED FOR SUBSET 7
2024-07-31 15:24:04 - INFO - ---------------------------
2024-07-31 15:24:04 - INFO - --------------------------------
2024-07-31 15:24:04 - INFO - EVALUATE MODEL STAGE STARTING FOR SUBSET 7...
2024-07-31 15:24:04 - INFO - --------------------------------
2024-07-31 15:24:04 - INFO - ROC AUC Score: 0.6232676166308804
2024-07-31 15:24:04 - INFO - Confusion Matrix: 
[[80 29]
 [80 61]]
2024-07-31 15:24:04 - INFO - Precision: 0.6777777777777778
2024-07-31 15:24:04 - INFO - Recall: 0.4326241134751773
2024-07-31 15:24:04 - INFO - Model evaluated successfully for subset 7.
2024-07-31 15:24:04 - INFO - ------------------------------
2024-07-31 15:24:04 - INFO - EVALUATE MODEL STAGE COMPLETED FOR SUBSET 7
2024-07-31 15:24:04 - INFO - ------------------------------
2024-07-31 15:24:04 - INFO - Subset 8 demographic makeup: 850 1, 76 3, 43 2, 31 4
2024-07-31 15:24:04 - INFO - Processing subset 8...
2024-07-31 15:24:04 - INFO - -----------------------------
2024-07-31 15:24:04 - INFO - TRAIN MODEL STAGE STARTING FOR SUBSET 8...
2024-07-31 15:24:04 - INFO - -----------------------------
2024-07-31 15:24:04 - INFO - Scaling features and applying LASSO for feature selection...
2024-07-31 15:24:05 - INFO - Selected features (including required): ['who', 'RaceEth', 'age', 'is_female', 'is_hispanic', 'unemployed', 'unstableliving', 'education', 'marital', 'UDS_Amphetamine_Count', 'UDS_Benzodiazepine_Count', 'UDS_Buprenorphine_Count', 'UDS_Cocaine_Count', 'UDS_Methadone_Count', 'UDS_Opioid_Count', 'UDS_Sedatives_Count', 'UDS_Thc_Count', 'pain', 'has_schizophrenia', 'has_major_dep', 'has_bipolar', 'has_anx_pan', 'has_brain_damage', 'has_epilepsy', 'has_alcol_dx', 'has_amphetamines_dx', 'has_cannabis_dx', 'has_cocaine_dx', 'has_sedatives_dx', 'ftnd', 'XTRT', 'shared', 'rbsivheroin', 'TLFB_Alcohol_Count', 'TLFB_Amphetamine_Count', 'TLFB_Benzodiazepine_Count', 'TLFB_Buprenorphine_Count', 'TLFB_Cocaine_Count', 'TLFB_Heroin_Count', 'TLFB_Methadone_Count', 'TLFB_Opioid_Count', 'TLFB_THC_Count', 'TLFB_Other', 'Homosexual_Behavior', 'Non_monogamous_Relationships']
2024-07-31 15:24:05 - INFO - Fitting logistic regression model with the selected features...
2024-07-31 15:24:05 - INFO - Model training completed successfully.
2024-07-31 15:24:05 - INFO - Calculating the dynamic threshold based on the proportion of positive outcomes...
2024-07-31 15:24:05 - INFO - Ratio of 1s to 0s in the outcome variable: 0.46 : 0.54
2024-07-31 15:24:05 - INFO - Dynamic threshold set to: 0.464
2024-07-31 15:24:05 - INFO - Model trained and saved successfully for subset 8.
2024-07-31 15:24:05 - INFO - ---------------------------
2024-07-31 15:24:05 - INFO - TRAIN MODEL STAGE COMPLETED FOR SUBSET 8
2024-07-31 15:24:05 - INFO - ---------------------------
2024-07-31 15:24:05 - INFO - --------------------------------
2024-07-31 15:24:05 - INFO - EVALUATE MODEL STAGE STARTING FOR SUBSET 8...
2024-07-31 15:24:05 - INFO - --------------------------------
2024-07-31 15:24:05 - INFO - ROC AUC Score: 0.6727997941327845
2024-07-31 15:24:05 - INFO - Confusion Matrix: 
[[65 69]
 [28 88]]
2024-07-31 15:24:05 - INFO - Precision: 0.5605095541401274
2024-07-31 15:24:05 - INFO - Recall: 0.7586206896551724
2024-07-31 15:24:05 - INFO - Model evaluated successfully for subset 8.
2024-07-31 15:24:05 - INFO - ------------------------------
2024-07-31 15:24:05 - INFO - EVALUATE MODEL STAGE COMPLETED FOR SUBSET 8
2024-07-31 15:24:05 - INFO - ------------------------------
2024-07-31 15:24:05 - INFO - Subset 9 demographic makeup: 900 1, 53 3, 28 2, 19 4
2024-07-31 15:24:05 - INFO - Processing subset 9...
2024-07-31 15:24:05 - INFO - -----------------------------
2024-07-31 15:24:05 - INFO - TRAIN MODEL STAGE STARTING FOR SUBSET 9...
2024-07-31 15:24:05 - INFO - -----------------------------
2024-07-31 15:24:05 - INFO - Scaling features and applying LASSO for feature selection...
2024-07-31 15:24:06 - INFO - Selected features (including required): ['who', 'RaceEth', 'age', 'is_female', 'is_hispanic', 'unemployed', 'unstableliving', 'education', 'marital', 'UDS_Amphetamine_Count', 'UDS_Benzodiazepine_Count', 'UDS_Buprenorphine_Count', 'UDS_Cocaine_Count', 'UDS_Methadone_Count', 'UDS_Opioid_Count', 'UDS_Sedatives_Count', 'UDS_Thc_Count', 'pain', 'has_schizophrenia', 'has_major_dep', 'has_bipolar', 'has_anx_pan', 'has_brain_damage', 'has_epilepsy', 'has_alcol_dx', 'has_amphetamines_dx', 'has_cannabis_dx', 'has_cocaine_dx', 'has_sedatives_dx', 'ftnd', 'XTRT', 'shared', 'rbsivheroin', 'TLFB_Alcohol_Count', 'TLFB_Amphetamine_Count', 'TLFB_Benzodiazepine_Count', 'TLFB_Buprenorphine_Count', 'TLFB_Cocaine_Count', 'TLFB_Heroin_Count', 'TLFB_Methadone_Count', 'TLFB_Opioid_Count', 'TLFB_THC_Count', 'TLFB_Other', 'Homosexual_Behavior', 'Non_monogamous_Relationships']
2024-07-31 15:24:06 - INFO - Fitting logistic regression model with the selected features...
2024-07-31 15:24:07 - INFO - Model training completed successfully.
2024-07-31 15:24:07 - INFO - Calculating the dynamic threshold based on the proportion of positive outcomes...
2024-07-31 15:24:07 - INFO - Ratio of 1s to 0s in the outcome variable: 0.55 : 0.45
2024-07-31 15:24:07 - INFO - Dynamic threshold set to: 0.552
2024-07-31 15:24:07 - INFO - Model trained and saved successfully for subset 9.
2024-07-31 15:24:07 - INFO - ---------------------------
2024-07-31 15:24:07 - INFO - TRAIN MODEL STAGE COMPLETED FOR SUBSET 9
2024-07-31 15:24:07 - INFO - ---------------------------
2024-07-31 15:24:07 - INFO - --------------------------------
2024-07-31 15:24:07 - INFO - EVALUATE MODEL STAGE STARTING FOR SUBSET 9...
2024-07-31 15:24:07 - INFO - --------------------------------
2024-07-31 15:24:07 - INFO - ROC AUC Score: 0.6872412008281573
2024-07-31 15:24:07 - INFO - Confusion Matrix: 
[[75 37]
 [59 79]]
2024-07-31 15:24:07 - INFO - Precision: 0.6810344827586207
2024-07-31 15:24:07 - INFO - Recall: 0.572463768115942
2024-07-31 15:24:07 - INFO - Model evaluated successfully for subset 9.
2024-07-31 15:24:07 - INFO - ------------------------------
2024-07-31 15:24:07 - INFO - EVALUATE MODEL STAGE COMPLETED FOR SUBSET 9
2024-07-31 15:24:07 - INFO - ------------------------------
2024-07-31 15:24:07 - INFO - Subset 10 demographic makeup: 950 1, 27 3, 12 4, 11 2
2024-07-31 15:24:07 - INFO - Processing subset 10...
2024-07-31 15:24:07 - INFO - -----------------------------
2024-07-31 15:24:07 - INFO - TRAIN MODEL STAGE STARTING FOR SUBSET 10...
2024-07-31 15:24:07 - INFO - -----------------------------
2024-07-31 15:24:07 - INFO - Scaling features and applying LASSO for feature selection...
2024-07-31 15:24:08 - INFO - Selected features (including required): ['who', 'RaceEth', 'age', 'is_female', 'is_hispanic', 'unemployed', 'unstableliving', 'education', 'marital', 'UDS_Amphetamine_Count', 'UDS_Benzodiazepine_Count', 'UDS_Buprenorphine_Count', 'UDS_Cocaine_Count', 'UDS_Methadone_Count', 'UDS_Opioid_Count', 'UDS_Sedatives_Count', 'UDS_Thc_Count', 'pain', 'has_schizophrenia', 'has_major_dep', 'has_bipolar', 'has_anx_pan', 'has_brain_damage', 'has_epilepsy', 'has_alcol_dx', 'has_amphetamines_dx', 'has_cannabis_dx', 'has_cocaine_dx', 'has_sedatives_dx', 'ftnd', 'XTRT', 'shared', 'rbsivheroin', 'TLFB_Alcohol_Count', 'TLFB_Amphetamine_Count', 'TLFB_Benzodiazepine_Count', 'TLFB_Buprenorphine_Count', 'TLFB_Cocaine_Count', 'TLFB_Heroin_Count', 'TLFB_Methadone_Count', 'TLFB_Opioid_Count', 'TLFB_THC_Count', 'TLFB_Other', 'Homosexual_Behavior', 'Non_monogamous_Relationships']
2024-07-31 15:24:08 - INFO - Fitting logistic regression model with the selected features...
2024-07-31 15:24:08 - INFO - Model training completed successfully.
2024-07-31 15:24:08 - INFO - Calculating the dynamic threshold based on the proportion of positive outcomes...
2024-07-31 15:24:08 - INFO - Ratio of 1s to 0s in the outcome variable: 0.53 : 0.47
2024-07-31 15:24:08 - INFO - Dynamic threshold set to: 0.528
2024-07-31 15:24:08 - INFO - Model trained and saved successfully for subset 10.
2024-07-31 15:24:08 - INFO - ---------------------------
2024-07-31 15:24:08 - INFO - TRAIN MODEL STAGE COMPLETED FOR SUBSET 10
2024-07-31 15:24:08 - INFO - ---------------------------
2024-07-31 15:24:08 - INFO - --------------------------------
2024-07-31 15:24:08 - INFO - EVALUATE MODEL STAGE STARTING FOR SUBSET 10...
2024-07-31 15:24:08 - INFO - --------------------------------
2024-07-31 15:24:08 - INFO - ROC AUC Score: 0.6461864406779662
2024-07-31 15:24:08 - INFO - Confusion Matrix: 
[[60 58]
 [50 82]]
2024-07-31 15:24:08 - INFO - Precision: 0.5857142857142857
2024-07-31 15:24:08 - INFO - Recall: 0.6212121212121212
2024-07-31 15:24:08 - INFO - Model evaluated successfully for subset 10.
2024-07-31 15:24:08 - INFO - ------------------------------
2024-07-31 15:24:08 - INFO - EVALUATE MODEL STAGE COMPLETED FOR SUBSET 10
2024-07-31 15:24:08 - INFO - ------------------------------
2024-07-31 15:24:08 - INFO - Subset 11 demographic makeup: 1000 1
2024-07-31 15:24:08 - INFO - Processing subset 11...
2024-07-31 15:24:08 - INFO - -----------------------------
2024-07-31 15:24:08 - INFO - TRAIN MODEL STAGE STARTING FOR SUBSET 11...
2024-07-31 15:24:08 - INFO - -----------------------------
2024-07-31 15:24:08 - INFO - Scaling features and applying LASSO for feature selection...
2024-07-31 15:24:09 - INFO - Selected features (including required): ['who', 'age', 'is_female', 'unemployed', 'unstableliving', 'education', 'marital', 'UDS_Amphetamine_Count', 'UDS_Benzodiazepine_Count', 'UDS_Buprenorphine_Count', 'UDS_Cocaine_Count', 'UDS_Methadone_Count', 'UDS_Opioid_Count', 'UDS_Sedatives_Count', 'UDS_Thc_Count', 'pain', 'has_schizophrenia', 'has_major_dep', 'has_bipolar', 'has_anx_pan', 'has_brain_damage', 'has_epilepsy', 'has_alcol_dx', 'has_amphetamines_dx', 'has_cannabis_dx', 'has_cocaine_dx', 'has_sedatives_dx', 'ftnd', 'XTRT', 'shared', 'rbsivheroin', 'TLFB_Alcohol_Count', 'TLFB_Amphetamine_Count', 'TLFB_Benzodiazepine_Count', 'TLFB_Buprenorphine_Count', 'TLFB_Cocaine_Count', 'TLFB_Heroin_Count', 'TLFB_Methadone_Count', 'TLFB_Opioid_Count', 'TLFB_THC_Count', 'TLFB_Other', 'Homosexual_Behavior', 'Non_monogamous_Relationships']
2024-07-31 15:24:09 - INFO - Fitting logistic regression model with the selected features...
2024-07-31 15:24:10 - INFO - Model training completed successfully.
2024-07-31 15:24:10 - INFO - Calculating the dynamic threshold based on the proportion of positive outcomes...
2024-07-31 15:24:10 - INFO - Ratio of 1s to 0s in the outcome variable: 0.46 : 0.54
2024-07-31 15:24:10 - INFO - Dynamic threshold set to: 0.464
2024-07-31 15:24:10 - INFO - Model trained and saved successfully for subset 11.
2024-07-31 15:24:10 - INFO - ---------------------------
2024-07-31 15:24:10 - INFO - TRAIN MODEL STAGE COMPLETED FOR SUBSET 11
2024-07-31 15:24:10 - INFO - ---------------------------
2024-07-31 15:24:10 - INFO - --------------------------------
2024-07-31 15:24:10 - INFO - EVALUATE MODEL STAGE STARTING FOR SUBSET 11...
2024-07-31 15:24:10 - INFO - --------------------------------
2024-07-31 15:24:10 - INFO - ROC AUC Score: 0.6015182707153887
2024-07-31 15:24:10 - INFO - Confusion Matrix: 
[[46 88]
 [27 89]]
2024-07-31 15:24:10 - INFO - Precision: 0.5028248587570622
2024-07-31 15:24:10 - INFO - Recall: 0.7672413793103449
2024-07-31 15:24:10 - INFO - Model evaluated successfully for subset 11.
2024-07-31 15:24:10 - INFO - ------------------------------
2024-07-31 15:24:10 - INFO - EVALUATE MODEL STAGE COMPLETED FOR SUBSET 11
2024-07-31 15:24:10 - INFO - ------------------------------
2024-07-31 15:24:10 - INFO - ------------------
2024-07-31 15:24:10 - INFO - PIPELINE COMPLETED
2024-07-31 15:24:10 - INFO - ------------------
