2024-06-13 15:47:31 - INFO - -------------------------------------------
2024-06-13 15:47:31 - INFO - Logging setup complete - starting pipeline.
2024-06-13 15:47:31 - INFO - -------------------------------------------
2024-06-13 15:47:57 - INFO - Selected demographic feature: 'RaceEth'
2024-06-13 15:47:57 - INFO - Races: NHW, NHB, Hisp, Other
2024-06-13 15:47:57 - INFO - Sample sizes: 500, 200, 200, 100
2024-06-13 15:48:02 - INFO - Datasets loaded successfully.
2024-06-13 15:48:02 - INFO - Selected outcome column 'Rs_johnson_1992' successfully.
2024-06-13 15:48:02 - INFO - Starting merge of dataset and selected outcome...
2024-06-13 15:48:02 - INFO - Dataset merged successfully with selected outcome.
2024-06-13 15:48:02 - INFO - Created demographic subset with feature 'RaceEth'.
2024-06-13 15:48:02 - INFO - ---------------------------------
2024-06-13 15:48:02 - INFO - PRE-PROCESSING STAGE STARTING...
2024-06-13 15:48:02 - INFO - ---------------------------------
2024-06-13 15:48:02 - INFO - Dropped initial columns: ['pain_when', 'is_smoker', 'per_day', 'max', 'amount', 'depression', 'anxiety', 'schizophrenia', 'max', 'amount', 'cocaine_inject_days', 'speedball_inject_days', 'opioid_inject_days', 'speed_inject_days', 'UDS_Alcohol_Count', 'UDS_Mdma/Hallucinogen_Count']
2024-06-13 15:48:02 - INFO - Converted Yes/No to binary.
2024-06-13 15:48:02 - INFO - Processed TLFB columns with specified columns: ['TLFB_Alcohol_Count', 'TLFB_Amphetamine_Count', 'TLFB_Cocaine_Count', 'TLFB_Heroin_Count', 'TLFB_Benzodiazepine_Count', 'TLFB_Opioid_Count', 'TLFB_THC_Count', 'TLFB_Methadone_Count', 'TLFB_Buprenorphine_Count']
2024-06-13 15:48:02 - INFO - Calculated behavioral columns.
2024-06-13 15:48:02 - INFO - Moved 'Rs_johnson_1992' column to the end.
2024-06-13 15:48:02 - INFO - Dropped initial columns: ['msm_npt', 'msm_frq', 'txx_prt']
2024-06-13 15:48:02 - INFO - transform_data_with_nan_handling success
2024-06-13 15:48:02 - INFO - Renamed columns according to the mapping.
2024-06-13 15:48:02 - INFO - Transformed NaN to 0 for binary columns.
2024-06-13 15:48:02 - INFO - Transformed and renamed 'heroin_inject_days' column to 'rbsivheroin'.
2024-06-13 15:48:02 - INFO - Filled NaN with 0 for 'ftnd' column.
2024-06-13 15:48:02 - INFO - Dropped additional columns: ['rbs_iv_days', 'race', 'RBS_cocaine_Days', 'RBS_heroin_Days', 'RBS_opioid_Days', 'RBS_speed_Days', 'RBS_speedball_Days']
2024-06-13 15:48:02 - INFO - Converted UDS drug counts to binary.
2024-06-13 15:48:02 - INFO - ------------------------------
2024-06-13 15:48:02 - INFO - PRE-PROCESSING STAGE COMPLETED
2024-06-13 15:48:02 - INFO - ------------------------------
2024-06-13 15:48:02 - INFO - -----------------------------
2024-06-13 15:48:02 - INFO - TRAIN MODEL STAGE STARTING...
2024-06-13 15:48:02 - INFO - -----------------------------
2024-06-13 15:48:03 - INFO - Scaling features and applying LASSO for feature selection...
2024-06-13 15:48:09 - INFO - Selected features (including required): ['who', 'age', 'is_hispanic', 'RaceEth', 'unemployed', 'unstableliving', 'education', 'marital', 'is_female', 'UDS_Amphetamine_Count', 'UDS_Benzodiazepine_Count', 'UDS_Buprenorphine_Count', 'UDS_Cocaine_Count', 'UDS_Methadone_Count', 'UDS_Opioid_Count', 'UDS_Sedatives_Count', 'UDS_Thc_Count', 'pain', 'has_schizophrenia', 'has_major_dep', 'has_bipolar', 'has_anx_pan', 'has_brain_damage', 'has_epilepsy', 'has_alcol_dx', 'has_amphetamines_dx', 'has_cannabis_dx', 'has_cocaine_dx', 'has_sedatives_dx', 'ftnd', 'XTRT', 'shared', 'rbsivheroin', 'TLFB_Alcohol_Count', 'TLFB_Amphetamine_Count', 'TLFB_Benzodiazepine_Count', 'TLFB_Buprenorphine_Count', 'TLFB_Cocaine_Count', 'TLFB_Heroin_Count', 'TLFB_Methadone_Count', 'TLFB_Opioid_Count', 'TLFB_THC_Count', 'TLFB_Other', 'Homosexual_Behavior', 'Non_monogamous_Relationships']
2024-06-13 15:48:09 - INFO - Fitting logistic regression model with the selected features...
2024-06-13 15:48:10 - INFO - Model training completed successfully.
2024-06-13 15:48:10 - INFO - Calculating the dynamic threshold based on the proportion of positive outcomes...
2024-06-13 15:48:10 - INFO - Ratio of 1s to 0s in the outcome variable: 0.90 : 0.10
2024-06-13 15:48:10 - INFO - Dynamic threshold set to: 0.896
2024-06-13 15:48:10 - INFO - Model trained and saved successfully.
2024-06-13 15:48:10 - INFO - ---------------------------
2024-06-13 15:48:10 - INFO - TRAIN MODEL STAGE COMPLETED
2024-06-13 15:48:10 - INFO - ---------------------------
2024-06-13 15:48:10 - INFO - --------------------------------
2024-06-13 15:48:10 - INFO - EVALUATE MODEL STAGE STARTING...
2024-06-13 15:48:10 - INFO - --------------------------------
2024-06-13 15:48:10 - INFO - ROC AUC Score: 0.670673076923077
2024-06-13 15:48:10 - INFO - Confusion Matrix: 
[[ 16  10]
 [ 87 137]]
2024-06-13 15:48:10 - INFO - Precision: 0.9319727891156463
2024-06-13 15:48:10 - INFO - Recall: 0.6116071428571429
2024-06-13 15:48:10 - INFO - ------------------------------
2024-06-13 15:48:10 - INFO - EVALUATE MODEL STAGE COMPLETED
2024-06-13 15:48:10 - INFO - ------------------------------
2024-06-13 15:48:10 - INFO - ------------------
2024-06-13 15:48:10 - INFO - PIPELINE COMPLETED
2024-06-13 15:48:10 - INFO - ------------------
