2024-12-10 14:43:49 - INFO - Global Seed set to: 0
2024-12-10 14:43:49 - INFO - Outcome Name: Rd_kostenB_1993
2024-12-10 14:43:49 - INFO - Datasets loaded successfully.
2024-12-10 14:43:49 - INFO - Starting preprocessing of the merged dataset...
2024-12-10 14:43:49 - INFO - ---------------------------------
2024-12-10 14:43:49 - INFO - PRE-PROCESSING STAGE STARTING...
2024-12-10 14:43:49 - INFO - ---------------------------------
2024-12-10 14:43:49 - INFO - Dropping columns: ['pain_when', 'is_smoker', 'per_day', 'max', 'amount', 'depression', 'anxiety', 'schizophrenia', 'max', 'amount', 'cocaine_inject_days', 'speedball_inject_days', 'opioid_inject_days', 'speed_inject_days', 'UDS_Alcohol_Count', 'UDS_Mdma/Hallucinogen_Count']
2024-12-10 14:43:49 - INFO - Dropped initial columns: ['pain_when', 'is_smoker', 'per_day', 'max', 'amount', 'depression', 'anxiety', 'schizophrenia', 'max', 'amount', 'cocaine_inject_days', 'speedball_inject_days', 'opioid_inject_days', 'speed_inject_days', 'UDS_Alcohol_Count', 'UDS_Mdma/Hallucinogen_Count']
2024-12-10 14:43:49 - INFO - Converted Yes/No to binary.
2024-12-10 14:43:49 - INFO - Processed TLFB columns with specified columns: ['TLFB_Alcohol_Count', 'TLFB_Amphetamine_Count', 'TLFB_Cocaine_Count', 'TLFB_Heroin_Count', 'TLFB_Benzodiazepine_Count', 'TLFB_Opioid_Count', 'TLFB_THC_Count', 'TLFB_Methadone_Count', 'TLFB_Buprenorphine_Count']
2024-12-10 14:43:49 - INFO - Calculated behavioral columns.
2024-12-10 14:43:49 - INFO - Moved 'Rd_kostenB_1993' column to the end.
2024-12-10 14:43:49 - INFO - Dropping columns: ['msm_npt', 'msm_frq', 'txx_prt']
2024-12-10 14:43:49 - INFO - Dropped initial columns: ['msm_npt', 'msm_frq', 'txx_prt']
2024-12-10 14:43:49 - INFO - transform_data_with_nan_handling success
2024-12-10 14:43:49 - INFO - Renamed columns according to the mapping.
2024-12-10 14:43:49 - INFO - Transformed NaN to 0 for binary columns.
2024-12-10 14:43:49 - INFO - Transformed and renamed 'heroin_inject_days' column to 'rbsivheroin'.
2024-12-10 14:43:49 - INFO - Filled NaN with 0 for 'ftnd' column.
2024-12-10 14:43:49 - INFO - Dropping columns: ['rbs_iv_days', 'race', 'RBS_cocaine_Days', 'RBS_heroin_Days', 'RBS_opioid_Days', 'RBS_speed_Days', 'RBS_speedball_Days']
2024-12-10 14:43:49 - INFO - Dropped additional columns: ['rbs_iv_days', 'race', 'RBS_cocaine_Days', 'RBS_heroin_Days', 'RBS_opioid_Days', 'RBS_speed_Days', 'RBS_speedball_Days']
2024-12-10 14:43:49 - INFO - Converted UDS drug counts to binary.
2024-12-10 14:43:49 - INFO - ------------------------------
2024-12-10 14:43:49 - INFO - PRE-PROCESSING STAGE COMPLETED
2024-12-10 14:43:49 - INFO - ------------------------------
2024-12-10 14:43:49 - INFO - Merged dataset preprocessed successfully.
2024-12-10 14:43:51 - INFO - Subset 1 demographic makeup: 1000 1
2024-12-10 14:43:51 - INFO - Processing subset 1...
2024-12-10 14:43:51 - INFO - -----------------------------
2024-12-10 14:43:51 - INFO - TRAIN MODEL STAGE STARTING FOR SUBSET 1...
2024-12-10 14:43:51 - INFO - -----------------------------
2024-12-10 14:43:51 - INFO - Scaling features and applying LASSO for feature selection...
2024-12-10 14:43:52 - INFO - Selected features (including required): ['who', 'age', 'unemployed', 'unstableliving', 'education', 'marital', 'is_female', 'UDS_Amphetamine_Count', 'UDS_Benzodiazepine_Count', 'UDS_Buprenorphine_Count', 'UDS_Cocaine_Count', 'UDS_Methadone_Count', 'UDS_Opioid_Count', 'UDS_Sedatives_Count', 'UDS_Thc_Count', 'pain', 'has_schizophrenia', 'has_major_dep', 'has_bipolar', 'has_anx_pan', 'has_brain_damage', 'has_epilepsy', 'has_alcol_dx', 'has_amphetamines_dx', 'has_cannabis_dx', 'has_cocaine_dx', 'has_sedatives_dx', 'ftnd', 'XTRT', 'shared', 'rbsivheroin', 'TLFB_Alcohol_Count', 'TLFB_Amphetamine_Count', 'TLFB_Benzodiazepine_Count', 'TLFB_Buprenorphine_Count', 'TLFB_Cocaine_Count', 'TLFB_Heroin_Count', 'TLFB_Methadone_Count', 'TLFB_Opioid_Count', 'TLFB_THC_Count', 'TLFB_Other', 'Homosexual_Behavior', 'Non_monogamous_Relationships']
2024-12-10 14:43:52 - INFO - Fitting logistic regression model with the selected features...
2024-12-10 14:43:52 - INFO - Model training completed successfully.
2024-12-10 14:43:52 - INFO - Calculating the dynamic threshold based on the proportion of positive outcomes...
2024-12-10 14:43:52 - INFO - Ratio of 1s to 0s in the outcome variable: 0.55 : 0.45
2024-12-10 14:43:52 - INFO - Dynamic threshold set to: 0.552
2024-12-10 14:43:52 - INFO - Model trained and saved successfully for subset 1.
2024-12-10 14:43:52 - INFO - ---------------------------
2024-12-10 14:43:52 - INFO - TRAIN MODEL STAGE COMPLETED FOR SUBSET 1
2024-12-10 14:43:52 - INFO - ---------------------------
2024-12-10 14:43:52 - INFO - --------------------------------
2024-12-10 14:43:52 - INFO - EVALUATE MODEL STAGE STARTING FOR SUBSET 1...
2024-12-10 14:43:52 - INFO - --------------------------------
2024-12-10 14:43:52 - INFO - ROC AUC Score: 0.6087603519668737
2024-12-10 14:43:52 - INFO - Confusion Matrix: 
[[62 50]
 [61 77]]
2024-12-10 14:43:52 - INFO - Precision: 0.6062992125984252
2024-12-10 14:43:52 - INFO - Recall: 0.5579710144927537
2024-12-10 14:43:52 - INFO - Model evaluated successfully for subset 1.
2024-12-10 14:43:52 - INFO - ------------------------------
2024-12-10 14:43:52 - INFO - EVALUATE MODEL STAGE COMPLETED FOR SUBSET 1
2024-12-10 14:43:52 - INFO - ------------------------------
2024-12-10 14:43:52 - INFO - Subset 2 demographic makeup: 950 1, 24 3, 16 2, 10 4
2024-12-10 14:43:52 - INFO - Processing subset 2...
2024-12-10 14:43:52 - INFO - -----------------------------
2024-12-10 14:43:52 - INFO - TRAIN MODEL STAGE STARTING FOR SUBSET 2...
2024-12-10 14:43:52 - INFO - -----------------------------
2024-12-10 14:43:52 - INFO - Scaling features and applying LASSO for feature selection...
2024-12-10 14:43:53 - INFO - Selected features (including required): ['who', 'age', 'is_hispanic', 'RaceEth', 'unemployed', 'unstableliving', 'education', 'marital', 'is_female', 'UDS_Amphetamine_Count', 'UDS_Benzodiazepine_Count', 'UDS_Buprenorphine_Count', 'UDS_Cocaine_Count', 'UDS_Methadone_Count', 'UDS_Opioid_Count', 'UDS_Sedatives_Count', 'UDS_Thc_Count', 'pain', 'has_schizophrenia', 'has_major_dep', 'has_bipolar', 'has_anx_pan', 'has_brain_damage', 'has_epilepsy', 'has_alcol_dx', 'has_amphetamines_dx', 'has_cannabis_dx', 'has_cocaine_dx', 'has_sedatives_dx', 'ftnd', 'XTRT', 'shared', 'rbsivheroin', 'TLFB_Alcohol_Count', 'TLFB_Amphetamine_Count', 'TLFB_Benzodiazepine_Count', 'TLFB_Buprenorphine_Count', 'TLFB_Cocaine_Count', 'TLFB_Heroin_Count', 'TLFB_Methadone_Count', 'TLFB_Opioid_Count', 'TLFB_THC_Count', 'TLFB_Other', 'Homosexual_Behavior', 'Non_monogamous_Relationships', 'is_minority']
2024-12-10 14:43:53 - INFO - Fitting logistic regression model with the selected features...
2024-12-10 14:43:53 - INFO - Model training completed successfully.
2024-12-10 14:43:53 - INFO - Calculating the dynamic threshold based on the proportion of positive outcomes...
2024-12-10 14:43:53 - INFO - Ratio of 1s to 0s in the outcome variable: 0.57 : 0.43
2024-12-10 14:43:53 - INFO - Dynamic threshold set to: 0.572
2024-12-10 14:43:53 - INFO - Model trained and saved successfully for subset 2.
2024-12-10 14:43:53 - INFO - ---------------------------
2024-12-10 14:43:53 - INFO - TRAIN MODEL STAGE COMPLETED FOR SUBSET 2
2024-12-10 14:43:53 - INFO - ---------------------------
2024-12-10 14:43:53 - INFO - --------------------------------
2024-12-10 14:43:53 - INFO - EVALUATE MODEL STAGE STARTING FOR SUBSET 2...
2024-12-10 14:43:53 - INFO - --------------------------------
2024-12-10 14:43:53 - INFO - ROC AUC Score: 0.6155806810012417
2024-12-10 14:43:53 - INFO - Confusion Matrix: 
[[70 37]
 [80 63]]
2024-12-10 14:43:53 - INFO - Precision: 0.63
2024-12-10 14:43:53 - INFO - Recall: 0.4405594405594406
2024-12-10 14:43:53 - INFO - Model evaluated successfully for subset 2.
2024-12-10 14:43:53 - INFO - ------------------------------
2024-12-10 14:43:53 - INFO - EVALUATE MODEL STAGE COMPLETED FOR SUBSET 2
2024-12-10 14:43:53 - INFO - ------------------------------
2024-12-10 14:43:53 - INFO - Subset 3 demographic makeup: 900 1, 46 3, 39 2, 15 4
2024-12-10 14:43:53 - INFO - Processing subset 3...
2024-12-10 14:43:53 - INFO - -----------------------------
2024-12-10 14:43:53 - INFO - TRAIN MODEL STAGE STARTING FOR SUBSET 3...
2024-12-10 14:43:53 - INFO - -----------------------------
2024-12-10 14:43:53 - INFO - Scaling features and applying LASSO for feature selection...
2024-12-10 14:43:53 - INFO - Selected features (including required): ['who', 'age', 'is_hispanic', 'RaceEth', 'unemployed', 'unstableliving', 'education', 'marital', 'is_female', 'UDS_Amphetamine_Count', 'UDS_Benzodiazepine_Count', 'UDS_Buprenorphine_Count', 'UDS_Cocaine_Count', 'UDS_Methadone_Count', 'UDS_Opioid_Count', 'UDS_Sedatives_Count', 'UDS_Thc_Count', 'pain', 'has_schizophrenia', 'has_major_dep', 'has_bipolar', 'has_anx_pan', 'has_brain_damage', 'has_epilepsy', 'has_alcol_dx', 'has_amphetamines_dx', 'has_cannabis_dx', 'has_cocaine_dx', 'has_sedatives_dx', 'ftnd', 'XTRT', 'shared', 'rbsivheroin', 'TLFB_Alcohol_Count', 'TLFB_Amphetamine_Count', 'TLFB_Benzodiazepine_Count', 'TLFB_Buprenorphine_Count', 'TLFB_Cocaine_Count', 'TLFB_Heroin_Count', 'TLFB_Methadone_Count', 'TLFB_Opioid_Count', 'TLFB_THC_Count', 'TLFB_Other', 'Homosexual_Behavior', 'Non_monogamous_Relationships', 'is_minority']
2024-12-10 14:43:53 - INFO - Fitting logistic regression model with the selected features...
2024-12-10 14:43:54 - INFO - Model training completed successfully.
2024-12-10 14:43:54 - INFO - Calculating the dynamic threshold based on the proportion of positive outcomes...
2024-12-10 14:43:54 - INFO - Ratio of 1s to 0s in the outcome variable: 0.50 : 0.50
2024-12-10 14:43:54 - INFO - Dynamic threshold set to: 0.504
2024-12-10 14:43:54 - INFO - Model trained and saved successfully for subset 3.
2024-12-10 14:43:54 - INFO - ---------------------------
2024-12-10 14:43:54 - INFO - TRAIN MODEL STAGE COMPLETED FOR SUBSET 3
2024-12-10 14:43:54 - INFO - ---------------------------
2024-12-10 14:43:54 - INFO - --------------------------------
2024-12-10 14:43:54 - INFO - EVALUATE MODEL STAGE STARTING FOR SUBSET 3...
2024-12-10 14:43:54 - INFO - --------------------------------
2024-12-10 14:43:54 - INFO - ROC AUC Score: 0.6068868407578085
2024-12-10 14:43:54 - INFO - Confusion Matrix: 
[[62 62]
 [48 78]]
2024-12-10 14:43:54 - INFO - Precision: 0.5571428571428572
2024-12-10 14:43:54 - INFO - Recall: 0.6190476190476191
2024-12-10 14:43:54 - INFO - Model evaluated successfully for subset 3.
2024-12-10 14:43:54 - INFO - ------------------------------
2024-12-10 14:43:54 - INFO - EVALUATE MODEL STAGE COMPLETED FOR SUBSET 3
2024-12-10 14:43:54 - INFO - ------------------------------
2024-12-10 14:43:54 - INFO - Subset 4 demographic makeup: 850 1, 79 3, 49 2, 22 4
2024-12-10 14:43:54 - INFO - Processing subset 4...
2024-12-10 14:43:54 - INFO - -----------------------------
2024-12-10 14:43:54 - INFO - TRAIN MODEL STAGE STARTING FOR SUBSET 4...
2024-12-10 14:43:54 - INFO - -----------------------------
2024-12-10 14:43:54 - INFO - Scaling features and applying LASSO for feature selection...
2024-12-10 14:43:54 - INFO - Selected features (including required): ['who', 'age', 'is_hispanic', 'RaceEth', 'unemployed', 'unstableliving', 'education', 'marital', 'is_female', 'UDS_Amphetamine_Count', 'UDS_Benzodiazepine_Count', 'UDS_Buprenorphine_Count', 'UDS_Cocaine_Count', 'UDS_Methadone_Count', 'UDS_Opioid_Count', 'UDS_Sedatives_Count', 'UDS_Thc_Count', 'pain', 'has_schizophrenia', 'has_major_dep', 'has_bipolar', 'has_anx_pan', 'has_brain_damage', 'has_epilepsy', 'has_alcol_dx', 'has_amphetamines_dx', 'has_cannabis_dx', 'has_cocaine_dx', 'has_sedatives_dx', 'ftnd', 'XTRT', 'shared', 'rbsivheroin', 'TLFB_Alcohol_Count', 'TLFB_Amphetamine_Count', 'TLFB_Benzodiazepine_Count', 'TLFB_Buprenorphine_Count', 'TLFB_Cocaine_Count', 'TLFB_Heroin_Count', 'TLFB_Methadone_Count', 'TLFB_Opioid_Count', 'TLFB_THC_Count', 'TLFB_Other', 'Homosexual_Behavior', 'Non_monogamous_Relationships', 'is_minority']
2024-12-10 14:43:54 - INFO - Fitting logistic regression model with the selected features...
2024-12-10 14:43:54 - INFO - Model training completed successfully.
2024-12-10 14:43:54 - INFO - Calculating the dynamic threshold based on the proportion of positive outcomes...
2024-12-10 14:43:54 - INFO - Ratio of 1s to 0s in the outcome variable: 0.60 : 0.40
2024-12-10 14:43:55 - INFO - Dynamic threshold set to: 0.596
2024-12-10 14:43:55 - INFO - Model trained and saved successfully for subset 4.
2024-12-10 14:43:55 - INFO - ---------------------------
2024-12-10 14:43:55 - INFO - TRAIN MODEL STAGE COMPLETED FOR SUBSET 4
2024-12-10 14:43:55 - INFO - ---------------------------
2024-12-10 14:43:55 - INFO - --------------------------------
2024-12-10 14:43:55 - INFO - EVALUATE MODEL STAGE STARTING FOR SUBSET 4...
2024-12-10 14:43:55 - INFO - --------------------------------
2024-12-10 14:43:55 - INFO - ROC AUC Score: 0.5876802445345206
2024-12-10 14:43:55 - INFO - Confusion Matrix: 
[[75 26]
 [95 54]]
2024-12-10 14:43:55 - INFO - Precision: 0.675
2024-12-10 14:43:55 - INFO - Recall: 0.3624161073825503
2024-12-10 14:43:55 - INFO - Model evaluated successfully for subset 4.
2024-12-10 14:43:55 - INFO - ------------------------------
2024-12-10 14:43:55 - INFO - EVALUATE MODEL STAGE COMPLETED FOR SUBSET 4
2024-12-10 14:43:55 - INFO - ------------------------------
2024-12-10 14:43:55 - INFO - Subset 5 demographic makeup: 800 1, 107 3, 63 2, 30 4
2024-12-10 14:43:55 - INFO - Processing subset 5...
2024-12-10 14:43:55 - INFO - -----------------------------
2024-12-10 14:43:55 - INFO - TRAIN MODEL STAGE STARTING FOR SUBSET 5...
2024-12-10 14:43:55 - INFO - -----------------------------
2024-12-10 14:43:55 - INFO - Scaling features and applying LASSO for feature selection...
2024-12-10 14:43:55 - INFO - Selected features (including required): ['who', 'age', 'is_hispanic', 'RaceEth', 'unemployed', 'unstableliving', 'education', 'marital', 'is_female', 'UDS_Amphetamine_Count', 'UDS_Benzodiazepine_Count', 'UDS_Buprenorphine_Count', 'UDS_Cocaine_Count', 'UDS_Methadone_Count', 'UDS_Opioid_Count', 'UDS_Sedatives_Count', 'UDS_Thc_Count', 'pain', 'has_schizophrenia', 'has_major_dep', 'has_bipolar', 'has_anx_pan', 'has_brain_damage', 'has_epilepsy', 'has_alcol_dx', 'has_amphetamines_dx', 'has_cannabis_dx', 'has_cocaine_dx', 'has_sedatives_dx', 'ftnd', 'XTRT', 'shared', 'rbsivheroin', 'TLFB_Alcohol_Count', 'TLFB_Amphetamine_Count', 'TLFB_Benzodiazepine_Count', 'TLFB_Buprenorphine_Count', 'TLFB_Cocaine_Count', 'TLFB_Heroin_Count', 'TLFB_Methadone_Count', 'TLFB_Opioid_Count', 'TLFB_THC_Count', 'TLFB_Other', 'Homosexual_Behavior', 'Non_monogamous_Relationships', 'is_minority']
2024-12-10 14:43:55 - INFO - Fitting logistic regression model with the selected features...
2024-12-10 14:43:56 - INFO - Model training completed successfully.
2024-12-10 14:43:56 - INFO - Calculating the dynamic threshold based on the proportion of positive outcomes...
2024-12-10 14:43:56 - INFO - Ratio of 1s to 0s in the outcome variable: 0.54 : 0.46
2024-12-10 14:43:56 - INFO - Dynamic threshold set to: 0.54
2024-12-10 14:43:56 - INFO - Model trained and saved successfully for subset 5.
2024-12-10 14:43:56 - INFO - ---------------------------
2024-12-10 14:43:56 - INFO - TRAIN MODEL STAGE COMPLETED FOR SUBSET 5
2024-12-10 14:43:56 - INFO - ---------------------------
2024-12-10 14:43:56 - INFO - --------------------------------
2024-12-10 14:43:56 - INFO - EVALUATE MODEL STAGE STARTING FOR SUBSET 5...
2024-12-10 14:43:56 - INFO - --------------------------------
2024-12-10 14:43:56 - INFO - ROC AUC Score: 0.6005152979066023
2024-12-10 14:43:56 - INFO - Confusion Matrix: 
[[65 50]
 [52 83]]
2024-12-10 14:43:56 - INFO - Precision: 0.6240601503759399
2024-12-10 14:43:56 - INFO - Recall: 0.6148148148148148
2024-12-10 14:43:56 - INFO - Model evaluated successfully for subset 5.
2024-12-10 14:43:56 - INFO - ------------------------------
2024-12-10 14:43:56 - INFO - EVALUATE MODEL STAGE COMPLETED FOR SUBSET 5
2024-12-10 14:43:56 - INFO - ------------------------------
2024-12-10 14:43:56 - INFO - Subset 6 demographic makeup: 750 1, 127 3, 80 2, 43 4
2024-12-10 14:43:56 - INFO - Processing subset 6...
2024-12-10 14:43:56 - INFO - -----------------------------
2024-12-10 14:43:56 - INFO - TRAIN MODEL STAGE STARTING FOR SUBSET 6...
2024-12-10 14:43:56 - INFO - -----------------------------
2024-12-10 14:43:56 - INFO - Scaling features and applying LASSO for feature selection...
2024-12-10 14:43:56 - INFO - Selected features (including required): ['who', 'age', 'is_hispanic', 'RaceEth', 'unemployed', 'unstableliving', 'education', 'marital', 'is_female', 'UDS_Amphetamine_Count', 'UDS_Benzodiazepine_Count', 'UDS_Buprenorphine_Count', 'UDS_Cocaine_Count', 'UDS_Methadone_Count', 'UDS_Opioid_Count', 'UDS_Sedatives_Count', 'UDS_Thc_Count', 'pain', 'has_schizophrenia', 'has_major_dep', 'has_bipolar', 'has_anx_pan', 'has_brain_damage', 'has_epilepsy', 'has_alcol_dx', 'has_amphetamines_dx', 'has_cannabis_dx', 'has_cocaine_dx', 'has_sedatives_dx', 'ftnd', 'XTRT', 'shared', 'rbsivheroin', 'TLFB_Alcohol_Count', 'TLFB_Amphetamine_Count', 'TLFB_Benzodiazepine_Count', 'TLFB_Buprenorphine_Count', 'TLFB_Cocaine_Count', 'TLFB_Heroin_Count', 'TLFB_Methadone_Count', 'TLFB_Opioid_Count', 'TLFB_THC_Count', 'TLFB_Other', 'Homosexual_Behavior', 'Non_monogamous_Relationships', 'is_minority']
2024-12-10 14:43:56 - INFO - Fitting logistic regression model with the selected features...
2024-12-10 14:43:56 - INFO - Model training completed successfully.
2024-12-10 14:43:56 - INFO - Calculating the dynamic threshold based on the proportion of positive outcomes...
2024-12-10 14:43:56 - INFO - Ratio of 1s to 0s in the outcome variable: 0.51 : 0.49
2024-12-10 14:43:56 - INFO - Dynamic threshold set to: 0.508
2024-12-10 14:43:56 - INFO - Model trained and saved successfully for subset 6.
2024-12-10 14:43:56 - INFO - ---------------------------
2024-12-10 14:43:56 - INFO - TRAIN MODEL STAGE COMPLETED FOR SUBSET 6
2024-12-10 14:43:56 - INFO - ---------------------------
2024-12-10 14:43:56 - INFO - --------------------------------
2024-12-10 14:43:56 - INFO - EVALUATE MODEL STAGE STARTING FOR SUBSET 6...
2024-12-10 14:43:56 - INFO - --------------------------------
2024-12-10 14:43:56 - INFO - ROC AUC Score: 0.620510850777799
2024-12-10 14:43:56 - INFO - Confusion Matrix: 
[[63 60]
 [41 86]]
2024-12-10 14:43:56 - INFO - Precision: 0.589041095890411
2024-12-10 14:43:56 - INFO - Recall: 0.6771653543307087
2024-12-10 14:43:56 - INFO - Model evaluated successfully for subset 6.
2024-12-10 14:43:56 - INFO - ------------------------------
2024-12-10 14:43:56 - INFO - EVALUATE MODEL STAGE COMPLETED FOR SUBSET 6
2024-12-10 14:43:56 - INFO - ------------------------------
2024-12-10 14:43:56 - INFO - Subset 7 demographic makeup: 700 1, 146 3, 102 2, 52 4
2024-12-10 14:43:56 - INFO - Processing subset 7...
2024-12-10 14:43:56 - INFO - -----------------------------
2024-12-10 14:43:56 - INFO - TRAIN MODEL STAGE STARTING FOR SUBSET 7...
2024-12-10 14:43:56 - INFO - -----------------------------
2024-12-10 14:43:56 - INFO - Scaling features and applying LASSO for feature selection...
2024-12-10 14:43:57 - INFO - Selected features (including required): ['who', 'age', 'is_hispanic', 'RaceEth', 'unemployed', 'unstableliving', 'education', 'marital', 'is_female', 'UDS_Amphetamine_Count', 'UDS_Benzodiazepine_Count', 'UDS_Buprenorphine_Count', 'UDS_Cocaine_Count', 'UDS_Methadone_Count', 'UDS_Opioid_Count', 'UDS_Sedatives_Count', 'UDS_Thc_Count', 'pain', 'has_schizophrenia', 'has_major_dep', 'has_bipolar', 'has_anx_pan', 'has_brain_damage', 'has_epilepsy', 'has_alcol_dx', 'has_amphetamines_dx', 'has_cannabis_dx', 'has_cocaine_dx', 'has_sedatives_dx', 'ftnd', 'XTRT', 'shared', 'rbsivheroin', 'TLFB_Alcohol_Count', 'TLFB_Amphetamine_Count', 'TLFB_Benzodiazepine_Count', 'TLFB_Buprenorphine_Count', 'TLFB_Cocaine_Count', 'TLFB_Heroin_Count', 'TLFB_Methadone_Count', 'TLFB_Opioid_Count', 'TLFB_THC_Count', 'TLFB_Other', 'Homosexual_Behavior', 'Non_monogamous_Relationships', 'is_minority']
2024-12-10 14:43:57 - INFO - Fitting logistic regression model with the selected features...
2024-12-10 14:43:57 - INFO - Model training completed successfully.
2024-12-10 14:43:57 - INFO - Calculating the dynamic threshold based on the proportion of positive outcomes...
2024-12-10 14:43:57 - INFO - Ratio of 1s to 0s in the outcome variable: 0.49 : 0.51
2024-12-10 14:43:57 - INFO - Dynamic threshold set to: 0.492
2024-12-10 14:43:57 - INFO - Model trained and saved successfully for subset 7.
2024-12-10 14:43:57 - INFO - ---------------------------
2024-12-10 14:43:57 - INFO - TRAIN MODEL STAGE COMPLETED FOR SUBSET 7
2024-12-10 14:43:57 - INFO - ---------------------------
2024-12-10 14:43:57 - INFO - --------------------------------
2024-12-10 14:43:57 - INFO - EVALUATE MODEL STAGE STARTING FOR SUBSET 7...
2024-12-10 14:43:57 - INFO - --------------------------------
2024-12-10 14:43:57 - INFO - ROC AUC Score: 0.6427885538697907
2024-12-10 14:43:57 - INFO - Confusion Matrix: 
[[62 65]
 [36 87]]
2024-12-10 14:43:57 - INFO - Precision: 0.5723684210526315
2024-12-10 14:43:57 - INFO - Recall: 0.7073170731707317
2024-12-10 14:43:57 - INFO - Model evaluated successfully for subset 7.
2024-12-10 14:43:57 - INFO - ------------------------------
2024-12-10 14:43:57 - INFO - EVALUATE MODEL STAGE COMPLETED FOR SUBSET 7
2024-12-10 14:43:57 - INFO - ------------------------------
2024-12-10 14:43:57 - INFO - Subset 8 demographic makeup: 650 1, 175 3, 117 2, 58 4
2024-12-10 14:43:57 - INFO - Processing subset 8...
2024-12-10 14:43:57 - INFO - -----------------------------
2024-12-10 14:43:57 - INFO - TRAIN MODEL STAGE STARTING FOR SUBSET 8...
2024-12-10 14:43:57 - INFO - -----------------------------
2024-12-10 14:43:57 - INFO - Scaling features and applying LASSO for feature selection...
2024-12-10 14:43:57 - INFO - Selected features (including required): ['who', 'age', 'is_hispanic', 'RaceEth', 'unemployed', 'unstableliving', 'education', 'marital', 'is_female', 'UDS_Amphetamine_Count', 'UDS_Benzodiazepine_Count', 'UDS_Buprenorphine_Count', 'UDS_Cocaine_Count', 'UDS_Methadone_Count', 'UDS_Opioid_Count', 'UDS_Sedatives_Count', 'UDS_Thc_Count', 'pain', 'has_schizophrenia', 'has_major_dep', 'has_bipolar', 'has_anx_pan', 'has_brain_damage', 'has_epilepsy', 'has_alcol_dx', 'has_amphetamines_dx', 'has_cannabis_dx', 'has_cocaine_dx', 'has_sedatives_dx', 'ftnd', 'XTRT', 'shared', 'rbsivheroin', 'TLFB_Alcohol_Count', 'TLFB_Amphetamine_Count', 'TLFB_Benzodiazepine_Count', 'TLFB_Buprenorphine_Count', 'TLFB_Cocaine_Count', 'TLFB_Heroin_Count', 'TLFB_Methadone_Count', 'TLFB_Opioid_Count', 'TLFB_THC_Count', 'TLFB_Other', 'Homosexual_Behavior', 'Non_monogamous_Relationships', 'is_minority']
2024-12-10 14:43:57 - INFO - Fitting logistic regression model with the selected features...
2024-12-10 14:43:58 - INFO - Model training completed successfully.
2024-12-10 14:43:58 - INFO - Calculating the dynamic threshold based on the proportion of positive outcomes...
2024-12-10 14:43:58 - INFO - Ratio of 1s to 0s in the outcome variable: 0.55 : 0.45
2024-12-10 14:43:58 - INFO - Dynamic threshold set to: 0.552
2024-12-10 14:43:58 - INFO - Model trained and saved successfully for subset 8.
2024-12-10 14:43:58 - INFO - ---------------------------
2024-12-10 14:43:58 - INFO - TRAIN MODEL STAGE COMPLETED FOR SUBSET 8
2024-12-10 14:43:58 - INFO - ---------------------------
2024-12-10 14:43:58 - INFO - --------------------------------
2024-12-10 14:43:58 - INFO - EVALUATE MODEL STAGE STARTING FOR SUBSET 8...
2024-12-10 14:43:58 - INFO - --------------------------------
2024-12-10 14:43:58 - INFO - ROC AUC Score: 0.6821946169772256
2024-12-10 14:43:58 - INFO - Confusion Matrix: 
[[79 33]
 [63 75]]
2024-12-10 14:43:58 - INFO - Precision: 0.6944444444444444
2024-12-10 14:43:58 - INFO - Recall: 0.5434782608695652
2024-12-10 14:43:58 - INFO - Model evaluated successfully for subset 8.
2024-12-10 14:43:58 - INFO - ------------------------------
2024-12-10 14:43:58 - INFO - EVALUATE MODEL STAGE COMPLETED FOR SUBSET 8
2024-12-10 14:43:58 - INFO - ------------------------------
2024-12-10 14:43:58 - INFO - Subset 9 demographic makeup: 600 1, 203 3, 127 2, 70 4
2024-12-10 14:43:58 - INFO - Processing subset 9...
2024-12-10 14:43:58 - INFO - -----------------------------
2024-12-10 14:43:58 - INFO - TRAIN MODEL STAGE STARTING FOR SUBSET 9...
2024-12-10 14:43:58 - INFO - -----------------------------
2024-12-10 14:43:58 - INFO - Scaling features and applying LASSO for feature selection...
2024-12-10 14:43:58 - INFO - Selected features (including required): ['who', 'age', 'is_hispanic', 'RaceEth', 'unemployed', 'unstableliving', 'education', 'marital', 'is_female', 'UDS_Amphetamine_Count', 'UDS_Benzodiazepine_Count', 'UDS_Buprenorphine_Count', 'UDS_Cocaine_Count', 'UDS_Methadone_Count', 'UDS_Opioid_Count', 'UDS_Sedatives_Count', 'UDS_Thc_Count', 'pain', 'has_schizophrenia', 'has_major_dep', 'has_bipolar', 'has_anx_pan', 'has_brain_damage', 'has_epilepsy', 'has_alcol_dx', 'has_amphetamines_dx', 'has_cannabis_dx', 'has_cocaine_dx', 'has_sedatives_dx', 'ftnd', 'XTRT', 'shared', 'rbsivheroin', 'TLFB_Alcohol_Count', 'TLFB_Amphetamine_Count', 'TLFB_Benzodiazepine_Count', 'TLFB_Buprenorphine_Count', 'TLFB_Cocaine_Count', 'TLFB_Heroin_Count', 'TLFB_Methadone_Count', 'TLFB_Opioid_Count', 'TLFB_THC_Count', 'TLFB_Other', 'Homosexual_Behavior', 'Non_monogamous_Relationships', 'is_minority']
2024-12-10 14:43:58 - INFO - Fitting logistic regression model with the selected features...
2024-12-10 14:43:58 - INFO - Model training completed successfully.
2024-12-10 14:43:58 - INFO - Calculating the dynamic threshold based on the proportion of positive outcomes...
2024-12-10 14:43:58 - INFO - Ratio of 1s to 0s in the outcome variable: 0.50 : 0.50
2024-12-10 14:43:58 - INFO - Dynamic threshold set to: 0.496
2024-12-10 14:43:58 - INFO - Model trained and saved successfully for subset 9.
2024-12-10 14:43:58 - INFO - ---------------------------
2024-12-10 14:43:58 - INFO - TRAIN MODEL STAGE COMPLETED FOR SUBSET 9
2024-12-10 14:43:58 - INFO - ---------------------------
2024-12-10 14:43:58 - INFO - --------------------------------
2024-12-10 14:43:58 - INFO - EVALUATE MODEL STAGE STARTING FOR SUBSET 9...
2024-12-10 14:43:58 - INFO - --------------------------------
2024-12-10 14:43:58 - INFO - ROC AUC Score: 0.6364567332309268
2024-12-10 14:43:58 - INFO - Confusion Matrix: 
[[68 58]
 [41 83]]
2024-12-10 14:43:58 - INFO - Precision: 0.5886524822695035
2024-12-10 14:43:58 - INFO - Recall: 0.6693548387096774
2024-12-10 14:43:58 - INFO - Model evaluated successfully for subset 9.
2024-12-10 14:43:58 - INFO - ------------------------------
2024-12-10 14:43:58 - INFO - EVALUATE MODEL STAGE COMPLETED FOR SUBSET 9
2024-12-10 14:43:58 - INFO - ------------------------------
2024-12-10 14:43:58 - INFO - Subset 10 demographic makeup: 550 1, 226 3, 140 2, 84 4
2024-12-10 14:43:58 - INFO - Processing subset 10...
2024-12-10 14:43:58 - INFO - -----------------------------
2024-12-10 14:43:58 - INFO - TRAIN MODEL STAGE STARTING FOR SUBSET 10...
2024-12-10 14:43:58 - INFO - -----------------------------
2024-12-10 14:43:58 - INFO - Scaling features and applying LASSO for feature selection...
2024-12-10 14:43:59 - INFO - Selected features (including required): ['who', 'age', 'is_hispanic', 'RaceEth', 'unemployed', 'unstableliving', 'education', 'marital', 'is_female', 'UDS_Amphetamine_Count', 'UDS_Benzodiazepine_Count', 'UDS_Buprenorphine_Count', 'UDS_Cocaine_Count', 'UDS_Methadone_Count', 'UDS_Opioid_Count', 'UDS_Sedatives_Count', 'UDS_Thc_Count', 'pain', 'has_schizophrenia', 'has_major_dep', 'has_bipolar', 'has_anx_pan', 'has_brain_damage', 'has_epilepsy', 'has_alcol_dx', 'has_amphetamines_dx', 'has_cannabis_dx', 'has_cocaine_dx', 'has_sedatives_dx', 'ftnd', 'XTRT', 'shared', 'rbsivheroin', 'TLFB_Alcohol_Count', 'TLFB_Amphetamine_Count', 'TLFB_Benzodiazepine_Count', 'TLFB_Buprenorphine_Count', 'TLFB_Cocaine_Count', 'TLFB_Heroin_Count', 'TLFB_Methadone_Count', 'TLFB_Opioid_Count', 'TLFB_THC_Count', 'TLFB_Other', 'Homosexual_Behavior', 'Non_monogamous_Relationships', 'is_minority']
2024-12-10 14:43:59 - INFO - Fitting logistic regression model with the selected features...
2024-12-10 14:43:59 - INFO - Model training completed successfully.
2024-12-10 14:43:59 - INFO - Calculating the dynamic threshold based on the proportion of positive outcomes...
2024-12-10 14:43:59 - INFO - Ratio of 1s to 0s in the outcome variable: 0.50 : 0.50
2024-12-10 14:43:59 - INFO - Dynamic threshold set to: 0.496
2024-12-10 14:43:59 - INFO - Model trained and saved successfully for subset 10.
2024-12-10 14:43:59 - INFO - ---------------------------
2024-12-10 14:43:59 - INFO - TRAIN MODEL STAGE COMPLETED FOR SUBSET 10
2024-12-10 14:43:59 - INFO - ---------------------------
2024-12-10 14:43:59 - INFO - --------------------------------
2024-12-10 14:43:59 - INFO - EVALUATE MODEL STAGE STARTING FOR SUBSET 10...
2024-12-10 14:43:59 - INFO - --------------------------------
2024-12-10 14:43:59 - INFO - ROC AUC Score: 0.6525217613927292
2024-12-10 14:43:59 - INFO - Confusion Matrix: 
[[70 56]
 [39 85]]
2024-12-10 14:43:59 - INFO - Precision: 0.6028368794326241
2024-12-10 14:43:59 - INFO - Recall: 0.6854838709677419
2024-12-10 14:43:59 - INFO - Model evaluated successfully for subset 10.
2024-12-10 14:43:59 - INFO - ------------------------------
2024-12-10 14:43:59 - INFO - EVALUATE MODEL STAGE COMPLETED FOR SUBSET 10
2024-12-10 14:43:59 - INFO - ------------------------------
2024-12-10 14:43:59 - INFO - Subset 11 demographic makeup: 500 1, 245 3, 158 2, 97 4
2024-12-10 14:43:59 - INFO - Processing subset 11...
2024-12-10 14:43:59 - INFO - -----------------------------
2024-12-10 14:43:59 - INFO - TRAIN MODEL STAGE STARTING FOR SUBSET 11...
2024-12-10 14:43:59 - INFO - -----------------------------
2024-12-10 14:43:59 - INFO - Scaling features and applying LASSO for feature selection...
2024-12-10 14:43:59 - INFO - Selected features (including required): ['who', 'age', 'is_hispanic', 'RaceEth', 'unemployed', 'unstableliving', 'education', 'marital', 'is_female', 'UDS_Amphetamine_Count', 'UDS_Benzodiazepine_Count', 'UDS_Buprenorphine_Count', 'UDS_Cocaine_Count', 'UDS_Methadone_Count', 'UDS_Opioid_Count', 'UDS_Sedatives_Count', 'UDS_Thc_Count', 'pain', 'has_schizophrenia', 'has_major_dep', 'has_bipolar', 'has_anx_pan', 'has_brain_damage', 'has_epilepsy', 'has_alcol_dx', 'has_amphetamines_dx', 'has_cannabis_dx', 'has_cocaine_dx', 'has_sedatives_dx', 'ftnd', 'XTRT', 'shared', 'rbsivheroin', 'TLFB_Alcohol_Count', 'TLFB_Amphetamine_Count', 'TLFB_Benzodiazepine_Count', 'TLFB_Buprenorphine_Count', 'TLFB_Cocaine_Count', 'TLFB_Heroin_Count', 'TLFB_Methadone_Count', 'TLFB_Opioid_Count', 'TLFB_THC_Count', 'TLFB_Other', 'Homosexual_Behavior', 'Non_monogamous_Relationships', 'is_minority']
2024-12-10 14:43:59 - INFO - Fitting logistic regression model with the selected features...
2024-12-10 14:44:00 - INFO - Model training completed successfully.
2024-12-10 14:44:00 - INFO - Calculating the dynamic threshold based on the proportion of positive outcomes...
2024-12-10 14:44:00 - INFO - Ratio of 1s to 0s in the outcome variable: 0.55 : 0.45
2024-12-10 14:44:00 - INFO - Dynamic threshold set to: 0.552
2024-12-10 14:44:00 - INFO - Model trained and saved successfully for subset 11.
2024-12-10 14:44:00 - INFO - ---------------------------
2024-12-10 14:44:00 - INFO - TRAIN MODEL STAGE COMPLETED FOR SUBSET 11
2024-12-10 14:44:00 - INFO - ---------------------------
2024-12-10 14:44:00 - INFO - --------------------------------
2024-12-10 14:44:00 - INFO - EVALUATE MODEL STAGE STARTING FOR SUBSET 11...
2024-12-10 14:44:00 - INFO - --------------------------------
2024-12-10 14:44:00 - INFO - ROC AUC Score: 0.676371635610766
2024-12-10 14:44:00 - INFO - Confusion Matrix: 
[[78 34]
 [62 76]]
2024-12-10 14:44:00 - INFO - Precision: 0.6909090909090909
2024-12-10 14:44:00 - INFO - Recall: 0.5507246376811594
2024-12-10 14:44:00 - INFO - Model evaluated successfully for subset 11.
2024-12-10 14:44:00 - INFO - ------------------------------
2024-12-10 14:44:00 - INFO - EVALUATE MODEL STAGE COMPLETED FOR SUBSET 11
2024-12-10 14:44:00 - INFO - ------------------------------
2024-12-10 14:44:00 - INFO - Model predictions saved to csv successfully.
2024-12-10 14:44:00 - INFO - ------------------
2024-12-10 14:44:00 - INFO - PIPELINE COMPLETED
2024-12-10 14:44:00 - INFO - ------------------
