2024-12-18 16:03:58 - INFO - Global Seed set to: 0
2024-12-18 16:03:58 - INFO - Outcome Name: Rd_kostenB_1993
2024-12-18 16:03:58 - INFO - Datasets loaded successfully.
2024-12-18 16:03:58 - INFO - Starting preprocessing of the merged dataset...
2024-12-18 16:03:58 - INFO - ---------------------------------
2024-12-18 16:03:58 - INFO - PRE-PROCESSING STAGE STARTING...
2024-12-18 16:03:58 - INFO - ---------------------------------
2024-12-18 16:03:58 - INFO - Dropping columns: ['pain_when', 'is_smoker', 'per_day', 'max', 'amount', 'depression', 'anxiety', 'schizophrenia', 'max', 'amount', 'cocaine_inject_days', 'speedball_inject_days', 'opioid_inject_days', 'speed_inject_days', 'UDS_Alcohol_Count', 'UDS_Mdma/Hallucinogen_Count']
2024-12-18 16:03:58 - INFO - Dropped initial columns: ['pain_when', 'is_smoker', 'per_day', 'max', 'amount', 'depression', 'anxiety', 'schizophrenia', 'max', 'amount', 'cocaine_inject_days', 'speedball_inject_days', 'opioid_inject_days', 'speed_inject_days', 'UDS_Alcohol_Count', 'UDS_Mdma/Hallucinogen_Count']
2024-12-18 16:03:58 - INFO - Converted Yes/No to binary.
2024-12-18 16:03:58 - INFO - Processed TLFB columns with specified columns: ['TLFB_Alcohol_Count', 'TLFB_Amphetamine_Count', 'TLFB_Cocaine_Count', 'TLFB_Heroin_Count', 'TLFB_Benzodiazepine_Count', 'TLFB_Opioid_Count', 'TLFB_THC_Count', 'TLFB_Methadone_Count', 'TLFB_Buprenorphine_Count']
2024-12-18 16:03:58 - INFO - Calculated behavioral columns.
2024-12-18 16:03:58 - INFO - Moved 'Rd_kostenB_1993' column to the end.
2024-12-18 16:03:58 - INFO - Dropping columns: ['msm_npt', 'msm_frq', 'txx_prt']
2024-12-18 16:03:58 - INFO - Dropped initial columns: ['msm_npt', 'msm_frq', 'txx_prt']
2024-12-18 16:03:58 - INFO - transform_data_with_nan_handling success
2024-12-18 16:03:58 - INFO - Renamed columns according to the mapping.
2024-12-18 16:03:58 - INFO - Transformed NaN to 0 for binary columns.
2024-12-18 16:03:58 - INFO - Transformed and renamed 'heroin_inject_days' column to 'rbsivheroin'.
2024-12-18 16:03:58 - INFO - Filled NaN with 0 for 'ftnd' column.
2024-12-18 16:03:58 - INFO - Dropping columns: ['rbs_iv_days', 'race', 'RBS_cocaine_Days', 'RBS_heroin_Days', 'RBS_opioid_Days', 'RBS_speed_Days', 'RBS_speedball_Days']
2024-12-18 16:03:58 - INFO - Dropped additional columns: ['rbs_iv_days', 'race', 'RBS_cocaine_Days', 'RBS_heroin_Days', 'RBS_opioid_Days', 'RBS_speed_Days', 'RBS_speedball_Days']
2024-12-18 16:03:58 - INFO - Converted UDS drug counts to binary.
2024-12-18 16:03:58 - INFO - ------------------------------
2024-12-18 16:03:58 - INFO - PRE-PROCESSING STAGE COMPLETED
2024-12-18 16:03:58 - INFO - ------------------------------
2024-12-18 16:03:58 - INFO - Merged dataset preprocessed successfully.
2024-12-18 16:04:00 - INFO - Subset 1 demographic makeup: 1000 1
2024-12-18 16:04:00 - INFO - Processing subset 1...
2024-12-18 16:04:00 - INFO - -----------------------------
2024-12-18 16:04:00 - INFO - TRAIN MODEL STAGE STARTING FOR SUBSET 1...
2024-12-18 16:04:00 - INFO - -----------------------------
2024-12-18 16:04:00 - INFO - LogisticModel initialized successfully with Cs=[1.0] and required_features=['who', 'is_female'].
2024-12-18 16:04:00 - INFO - Starting feature selection using L1 regularization...
2024-12-18 16:04:01 - INFO - Feature selection and model fitting completed successfully.
2024-12-18 16:04:01 - INFO - Calculating the dynamic threshold based on the proportion of positive outcomes...
2024-12-18 16:04:01 - INFO - Ratio of 1s to 0s in the outcome variable: 0.62 : 0.38
2024-12-18 16:04:01 - INFO - Dynamic threshold set to: 0.616
2024-12-18 16:04:01 - INFO - Model trained and saved successfully for subset 1.
2024-12-18 16:04:01 - INFO - ---------------------------
2024-12-18 16:04:01 - INFO - TRAIN MODEL STAGE COMPLETED FOR SUBSET 1
2024-12-18 16:04:01 - INFO - ---------------------------
2024-12-18 16:04:01 - INFO - --------------------------------
2024-12-18 16:04:01 - INFO - EVALUATE MODEL STAGE STARTING FOR SUBSET 1...
2024-12-18 16:04:01 - INFO - --------------------------------
2024-12-18 16:04:01 - INFO - ROC AUC: 0.6492153679653679
2024-12-18 16:04:01 - INFO - Confusion Matrix:
[[58 38]
 [63 91]]
2024-12-18 16:04:01 - INFO - Precision: 0.7054263565891473
2024-12-18 16:04:01 - INFO - Recall: 0.5909090909090909
2024-12-18 16:04:01 - INFO - Model evaluated successfully for subset 1.
2024-12-18 16:04:01 - INFO - ------------------------------
2024-12-18 16:04:01 - INFO - EVALUATE MODEL STAGE COMPLETED FOR SUBSET 1
2024-12-18 16:04:01 - INFO - ------------------------------
2024-12-18 16:04:01 - INFO - Subset 2 demographic makeup: 950 1, 26 3, 15 2, 9 4
2024-12-18 16:04:01 - INFO - Processing subset 2...
2024-12-18 16:04:01 - INFO - -----------------------------
2024-12-18 16:04:01 - INFO - TRAIN MODEL STAGE STARTING FOR SUBSET 2...
2024-12-18 16:04:01 - INFO - -----------------------------
2024-12-18 16:04:01 - INFO - LogisticModel initialized successfully with Cs=[1.0] and required_features=['who', 'is_female'].
2024-12-18 16:04:01 - INFO - Starting feature selection using L1 regularization...
2024-12-18 16:04:01 - INFO - Feature selection and model fitting completed successfully.
2024-12-18 16:04:01 - INFO - Calculating the dynamic threshold based on the proportion of positive outcomes...
2024-12-18 16:04:01 - INFO - Ratio of 1s to 0s in the outcome variable: 0.52 : 0.48
2024-12-18 16:04:01 - INFO - Dynamic threshold set to: 0.524
2024-12-18 16:04:01 - INFO - Model trained and saved successfully for subset 2.
2024-12-18 16:04:01 - INFO - ---------------------------
2024-12-18 16:04:01 - INFO - TRAIN MODEL STAGE COMPLETED FOR SUBSET 2
2024-12-18 16:04:01 - INFO - ---------------------------
2024-12-18 16:04:01 - INFO - --------------------------------
2024-12-18 16:04:01 - INFO - EVALUATE MODEL STAGE STARTING FOR SUBSET 2...
2024-12-18 16:04:01 - INFO - --------------------------------
2024-12-18 16:04:01 - INFO - ROC AUC: 0.6147283340817242
2024-12-18 16:04:01 - INFO - Confusion Matrix:
[[61 58]
 [48 83]]
2024-12-18 16:04:01 - INFO - Precision: 0.5886524822695035
2024-12-18 16:04:01 - INFO - Recall: 0.6335877862595419
2024-12-18 16:04:01 - INFO - Model evaluated successfully for subset 2.
2024-12-18 16:04:01 - INFO - ------------------------------
2024-12-18 16:04:01 - INFO - EVALUATE MODEL STAGE COMPLETED FOR SUBSET 2
2024-12-18 16:04:01 - INFO - ------------------------------
2024-12-18 16:04:01 - INFO - Subset 3 demographic makeup: 900 1, 52 3, 29 2, 19 4
2024-12-18 16:04:01 - INFO - Processing subset 3...
2024-12-18 16:04:01 - INFO - -----------------------------
2024-12-18 16:04:01 - INFO - TRAIN MODEL STAGE STARTING FOR SUBSET 3...
2024-12-18 16:04:01 - INFO - -----------------------------
2024-12-18 16:04:01 - INFO - LogisticModel initialized successfully with Cs=[1.0] and required_features=['who', 'is_female'].
2024-12-18 16:04:01 - INFO - Starting feature selection using L1 regularization...
2024-12-18 16:04:02 - INFO - Feature selection and model fitting completed successfully.
2024-12-18 16:04:02 - INFO - Calculating the dynamic threshold based on the proportion of positive outcomes...
2024-12-18 16:04:02 - INFO - Ratio of 1s to 0s in the outcome variable: 0.56 : 0.44
2024-12-18 16:04:02 - INFO - Dynamic threshold set to: 0.56
2024-12-18 16:04:02 - INFO - Model trained and saved successfully for subset 3.
2024-12-18 16:04:02 - INFO - ---------------------------
2024-12-18 16:04:02 - INFO - TRAIN MODEL STAGE COMPLETED FOR SUBSET 3
2024-12-18 16:04:02 - INFO - ---------------------------
2024-12-18 16:04:02 - INFO - --------------------------------
2024-12-18 16:04:02 - INFO - EVALUATE MODEL STAGE STARTING FOR SUBSET 3...
2024-12-18 16:04:02 - INFO - --------------------------------
2024-12-18 16:04:02 - INFO - ROC AUC: 0.6567532467532468
2024-12-18 16:04:02 - INFO - Confusion Matrix:
[[58 52]
 [47 93]]
2024-12-18 16:04:02 - INFO - Precision: 0.6413793103448275
2024-12-18 16:04:02 - INFO - Recall: 0.6642857142857143
2024-12-18 16:04:02 - INFO - Model evaluated successfully for subset 3.
2024-12-18 16:04:02 - INFO - ------------------------------
2024-12-18 16:04:02 - INFO - EVALUATE MODEL STAGE COMPLETED FOR SUBSET 3
2024-12-18 16:04:02 - INFO - ------------------------------
2024-12-18 16:04:02 - INFO - Subset 4 demographic makeup: 850 1, 74 3, 42 2, 34 4
2024-12-18 16:04:02 - INFO - Processing subset 4...
2024-12-18 16:04:02 - INFO - -----------------------------
2024-12-18 16:04:02 - INFO - TRAIN MODEL STAGE STARTING FOR SUBSET 4...
2024-12-18 16:04:02 - INFO - -----------------------------
2024-12-18 16:04:02 - INFO - LogisticModel initialized successfully with Cs=[1.0] and required_features=['who', 'is_female'].
2024-12-18 16:04:02 - INFO - Starting feature selection using L1 regularization...
2024-12-18 16:04:02 - INFO - Feature selection and model fitting completed successfully.
2024-12-18 16:04:02 - INFO - Calculating the dynamic threshold based on the proportion of positive outcomes...
2024-12-18 16:04:02 - INFO - Ratio of 1s to 0s in the outcome variable: 0.52 : 0.48
2024-12-18 16:04:02 - INFO - Dynamic threshold set to: 0.516
2024-12-18 16:04:02 - INFO - Model trained and saved successfully for subset 4.
2024-12-18 16:04:02 - INFO - ---------------------------
2024-12-18 16:04:02 - INFO - TRAIN MODEL STAGE COMPLETED FOR SUBSET 4
2024-12-18 16:04:02 - INFO - ---------------------------
2024-12-18 16:04:02 - INFO - --------------------------------
2024-12-18 16:04:02 - INFO - EVALUATE MODEL STAGE STARTING FOR SUBSET 4...
2024-12-18 16:04:02 - INFO - --------------------------------
2024-12-18 16:04:02 - INFO - ROC AUC: 0.6818502146197707
2024-12-18 16:04:02 - INFO - Confusion Matrix:
[[64 57]
 [36 93]]
2024-12-18 16:04:02 - INFO - Precision: 0.62
2024-12-18 16:04:02 - INFO - Recall: 0.7209302325581395
2024-12-18 16:04:02 - INFO - Model evaluated successfully for subset 4.
2024-12-18 16:04:02 - INFO - ------------------------------
2024-12-18 16:04:02 - INFO - EVALUATE MODEL STAGE COMPLETED FOR SUBSET 4
2024-12-18 16:04:02 - INFO - ------------------------------
2024-12-18 16:04:02 - INFO - Subset 5 demographic makeup: 800 1, 97 3, 58 2, 45 4
2024-12-18 16:04:02 - INFO - Processing subset 5...
2024-12-18 16:04:02 - INFO - -----------------------------
2024-12-18 16:04:02 - INFO - TRAIN MODEL STAGE STARTING FOR SUBSET 5...
2024-12-18 16:04:02 - INFO - -----------------------------
2024-12-18 16:04:02 - INFO - LogisticModel initialized successfully with Cs=[1.0] and required_features=['who', 'is_female'].
2024-12-18 16:04:02 - INFO - Starting feature selection using L1 regularization...
2024-12-18 16:04:03 - INFO - Feature selection and model fitting completed successfully.
2024-12-18 16:04:03 - INFO - Calculating the dynamic threshold based on the proportion of positive outcomes...
2024-12-18 16:04:03 - INFO - Ratio of 1s to 0s in the outcome variable: 0.50 : 0.50
2024-12-18 16:04:03 - INFO - Dynamic threshold set to: 0.496
2024-12-18 16:04:03 - INFO - Model trained and saved successfully for subset 5.
2024-12-18 16:04:03 - INFO - ---------------------------
2024-12-18 16:04:03 - INFO - TRAIN MODEL STAGE COMPLETED FOR SUBSET 5
2024-12-18 16:04:03 - INFO - ---------------------------
2024-12-18 16:04:03 - INFO - --------------------------------
2024-12-18 16:04:03 - INFO - EVALUATE MODEL STAGE STARTING FOR SUBSET 5...
2024-12-18 16:04:03 - INFO - --------------------------------
2024-12-18 16:04:03 - INFO - ROC AUC: 0.6813876088069637
2024-12-18 16:04:03 - INFO - Confusion Matrix:
[[78 48]
 [50 74]]
2024-12-18 16:04:03 - INFO - Precision: 0.6065573770491803
2024-12-18 16:04:03 - INFO - Recall: 0.5967741935483871
2024-12-18 16:04:03 - INFO - Model evaluated successfully for subset 5.
2024-12-18 16:04:03 - INFO - ------------------------------
2024-12-18 16:04:03 - INFO - EVALUATE MODEL STAGE COMPLETED FOR SUBSET 5
2024-12-18 16:04:03 - INFO - ------------------------------
2024-12-18 16:04:03 - INFO - Subset 6 demographic makeup: 750 1, 132 3, 65 2, 53 4
2024-12-18 16:04:03 - INFO - Processing subset 6...
2024-12-18 16:04:03 - INFO - -----------------------------
2024-12-18 16:04:03 - INFO - TRAIN MODEL STAGE STARTING FOR SUBSET 6...
2024-12-18 16:04:03 - INFO - -----------------------------
2024-12-18 16:04:03 - INFO - LogisticModel initialized successfully with Cs=[1.0] and required_features=['who', 'is_female'].
2024-12-18 16:04:03 - INFO - Starting feature selection using L1 regularization...
2024-12-18 16:04:03 - INFO - Feature selection and model fitting completed successfully.
2024-12-18 16:04:03 - INFO - Calculating the dynamic threshold based on the proportion of positive outcomes...
2024-12-18 16:04:03 - INFO - Ratio of 1s to 0s in the outcome variable: 0.51 : 0.49
2024-12-18 16:04:03 - INFO - Dynamic threshold set to: 0.508
2024-12-18 16:04:03 - INFO - Model trained and saved successfully for subset 6.
2024-12-18 16:04:03 - INFO - ---------------------------
2024-12-18 16:04:03 - INFO - TRAIN MODEL STAGE COMPLETED FOR SUBSET 6
2024-12-18 16:04:03 - INFO - ---------------------------
2024-12-18 16:04:03 - INFO - --------------------------------
2024-12-18 16:04:03 - INFO - EVALUATE MODEL STAGE STARTING FOR SUBSET 6...
2024-12-18 16:04:03 - INFO - --------------------------------
2024-12-18 16:04:03 - INFO - ROC AUC: 0.6998911721400679
2024-12-18 16:04:03 - INFO - Confusion Matrix:
[[72 51]
 [44 83]]
2024-12-18 16:04:03 - INFO - Precision: 0.6194029850746269
2024-12-18 16:04:03 - INFO - Recall: 0.6535433070866141
2024-12-18 16:04:03 - INFO - Model evaluated successfully for subset 6.
2024-12-18 16:04:03 - INFO - ------------------------------
2024-12-18 16:04:03 - INFO - EVALUATE MODEL STAGE COMPLETED FOR SUBSET 6
2024-12-18 16:04:03 - INFO - ------------------------------
2024-12-18 16:04:03 - INFO - Subset 7 demographic makeup: 700 1, 159 3, 80 2, 61 4
2024-12-18 16:04:03 - INFO - Processing subset 7...
2024-12-18 16:04:03 - INFO - -----------------------------
2024-12-18 16:04:03 - INFO - TRAIN MODEL STAGE STARTING FOR SUBSET 7...
2024-12-18 16:04:03 - INFO - -----------------------------
2024-12-18 16:04:03 - INFO - LogisticModel initialized successfully with Cs=[1.0] and required_features=['who', 'is_female'].
2024-12-18 16:04:03 - INFO - Starting feature selection using L1 regularization...
2024-12-18 16:04:04 - INFO - Feature selection and model fitting completed successfully.
2024-12-18 16:04:04 - INFO - Calculating the dynamic threshold based on the proportion of positive outcomes...
2024-12-18 16:04:04 - INFO - Ratio of 1s to 0s in the outcome variable: 0.52 : 0.48
2024-12-18 16:04:04 - INFO - Dynamic threshold set to: 0.52
2024-12-18 16:04:04 - INFO - Model trained and saved successfully for subset 7.
2024-12-18 16:04:04 - INFO - ---------------------------
2024-12-18 16:04:04 - INFO - TRAIN MODEL STAGE COMPLETED FOR SUBSET 7
2024-12-18 16:04:04 - INFO - ---------------------------
2024-12-18 16:04:04 - INFO - --------------------------------
2024-12-18 16:04:04 - INFO - EVALUATE MODEL STAGE STARTING FOR SUBSET 7...
2024-12-18 16:04:04 - INFO - --------------------------------
2024-12-18 16:04:04 - INFO - ROC AUC: 0.6478205128205129
2024-12-18 16:04:04 - INFO - Confusion Matrix:
[[63 57]
 [48 82]]
2024-12-18 16:04:04 - INFO - Precision: 0.5899280575539568
2024-12-18 16:04:04 - INFO - Recall: 0.6307692307692307
2024-12-18 16:04:04 - INFO - Model evaluated successfully for subset 7.
2024-12-18 16:04:04 - INFO - ------------------------------
2024-12-18 16:04:04 - INFO - EVALUATE MODEL STAGE COMPLETED FOR SUBSET 7
2024-12-18 16:04:04 - INFO - ------------------------------
2024-12-18 16:04:04 - INFO - Subset 8 demographic makeup: 650 1, 179 3, 95 2, 76 4
2024-12-18 16:04:04 - INFO - Processing subset 8...
2024-12-18 16:04:04 - INFO - -----------------------------
2024-12-18 16:04:04 - INFO - TRAIN MODEL STAGE STARTING FOR SUBSET 8...
2024-12-18 16:04:04 - INFO - -----------------------------
2024-12-18 16:04:04 - INFO - LogisticModel initialized successfully with Cs=[1.0] and required_features=['who', 'is_female'].
2024-12-18 16:04:04 - INFO - Starting feature selection using L1 regularization...
2024-12-18 16:04:04 - INFO - Feature selection and model fitting completed successfully.
2024-12-18 16:04:04 - INFO - Calculating the dynamic threshold based on the proportion of positive outcomes...
2024-12-18 16:04:04 - INFO - Ratio of 1s to 0s in the outcome variable: 0.51 : 0.49
2024-12-18 16:04:04 - INFO - Dynamic threshold set to: 0.508
2024-12-18 16:04:04 - INFO - Model trained and saved successfully for subset 8.
2024-12-18 16:04:04 - INFO - ---------------------------
2024-12-18 16:04:04 - INFO - TRAIN MODEL STAGE COMPLETED FOR SUBSET 8
2024-12-18 16:04:04 - INFO - ---------------------------
2024-12-18 16:04:04 - INFO - --------------------------------
2024-12-18 16:04:04 - INFO - EVALUATE MODEL STAGE STARTING FOR SUBSET 8...
2024-12-18 16:04:04 - INFO - --------------------------------
2024-12-18 16:04:04 - INFO - ROC AUC: 0.6818385506689713
2024-12-18 16:04:04 - INFO - Confusion Matrix:
[[70 53]
 [38 89]]
2024-12-18 16:04:04 - INFO - Precision: 0.6267605633802817
2024-12-18 16:04:04 - INFO - Recall: 0.7007874015748031
2024-12-18 16:04:04 - INFO - Model evaluated successfully for subset 8.
2024-12-18 16:04:04 - INFO - ------------------------------
2024-12-18 16:04:04 - INFO - EVALUATE MODEL STAGE COMPLETED FOR SUBSET 8
2024-12-18 16:04:04 - INFO - ------------------------------
2024-12-18 16:04:04 - INFO - Subset 9 demographic makeup: 600 1, 203 3, 115 2, 82 4
2024-12-18 16:04:04 - INFO - Processing subset 9...
2024-12-18 16:04:04 - INFO - -----------------------------
2024-12-18 16:04:04 - INFO - TRAIN MODEL STAGE STARTING FOR SUBSET 9...
2024-12-18 16:04:04 - INFO - -----------------------------
2024-12-18 16:04:04 - INFO - LogisticModel initialized successfully with Cs=[1.0] and required_features=['who', 'is_female'].
2024-12-18 16:04:04 - INFO - Starting feature selection using L1 regularization...
2024-12-18 16:04:05 - INFO - Feature selection and model fitting completed successfully.
2024-12-18 16:04:05 - INFO - Calculating the dynamic threshold based on the proportion of positive outcomes...
2024-12-18 16:04:05 - INFO - Ratio of 1s to 0s in the outcome variable: 0.50 : 0.50
2024-12-18 16:04:05 - INFO - Dynamic threshold set to: 0.504
2024-12-18 16:04:05 - INFO - Model trained and saved successfully for subset 9.
2024-12-18 16:04:05 - INFO - ---------------------------
2024-12-18 16:04:05 - INFO - TRAIN MODEL STAGE COMPLETED FOR SUBSET 9
2024-12-18 16:04:05 - INFO - ---------------------------
2024-12-18 16:04:05 - INFO - --------------------------------
2024-12-18 16:04:05 - INFO - EVALUATE MODEL STAGE STARTING FOR SUBSET 9...
2024-12-18 16:04:05 - INFO - --------------------------------
2024-12-18 16:04:05 - INFO - ROC AUC: 0.6845238095238094
2024-12-18 16:04:05 - INFO - Confusion Matrix:
[[75 49]
 [43 83]]
2024-12-18 16:04:05 - INFO - Precision: 0.6287878787878788
2024-12-18 16:04:05 - INFO - Recall: 0.6587301587301587
2024-12-18 16:04:05 - INFO - Model evaluated successfully for subset 9.
2024-12-18 16:04:05 - INFO - ------------------------------
2024-12-18 16:04:05 - INFO - EVALUATE MODEL STAGE COMPLETED FOR SUBSET 9
2024-12-18 16:04:05 - INFO - ------------------------------
2024-12-18 16:04:05 - INFO - Subset 10 demographic makeup: 550 1, 226 3, 131 2, 93 4
2024-12-18 16:04:05 - INFO - Processing subset 10...
2024-12-18 16:04:05 - INFO - -----------------------------
2024-12-18 16:04:05 - INFO - TRAIN MODEL STAGE STARTING FOR SUBSET 10...
2024-12-18 16:04:05 - INFO - -----------------------------
2024-12-18 16:04:05 - INFO - LogisticModel initialized successfully with Cs=[1.0] and required_features=['who', 'is_female'].
2024-12-18 16:04:05 - INFO - Starting feature selection using L1 regularization...
2024-12-18 16:04:05 - INFO - Feature selection and model fitting completed successfully.
2024-12-18 16:04:05 - INFO - Calculating the dynamic threshold based on the proportion of positive outcomes...
2024-12-18 16:04:05 - INFO - Ratio of 1s to 0s in the outcome variable: 0.56 : 0.44
2024-12-18 16:04:05 - INFO - Dynamic threshold set to: 0.56
2024-12-18 16:04:05 - INFO - Model trained and saved successfully for subset 10.
2024-12-18 16:04:05 - INFO - ---------------------------
2024-12-18 16:04:05 - INFO - TRAIN MODEL STAGE COMPLETED FOR SUBSET 10
2024-12-18 16:04:05 - INFO - ---------------------------
2024-12-18 16:04:05 - INFO - --------------------------------
2024-12-18 16:04:05 - INFO - EVALUATE MODEL STAGE STARTING FOR SUBSET 10...
2024-12-18 16:04:05 - INFO - --------------------------------
2024-12-18 16:04:05 - INFO - ROC AUC: 0.6158441558441559
2024-12-18 16:04:05 - INFO - Confusion Matrix:
[[69 41]
 [63 77]]
2024-12-18 16:04:05 - INFO - Precision: 0.652542372881356
2024-12-18 16:04:05 - INFO - Recall: 0.55
2024-12-18 16:04:05 - INFO - Model evaluated successfully for subset 10.
2024-12-18 16:04:05 - INFO - ------------------------------
2024-12-18 16:04:05 - INFO - EVALUATE MODEL STAGE COMPLETED FOR SUBSET 10
2024-12-18 16:04:05 - INFO - ------------------------------
2024-12-18 16:04:05 - INFO - Subset 11 demographic makeup: 500 1, 248 3, 149 2, 103 4
2024-12-18 16:04:05 - INFO - Processing subset 11...
2024-12-18 16:04:05 - INFO - -----------------------------
2024-12-18 16:04:05 - INFO - TRAIN MODEL STAGE STARTING FOR SUBSET 11...
2024-12-18 16:04:05 - INFO - -----------------------------
2024-12-18 16:04:05 - INFO - LogisticModel initialized successfully with Cs=[1.0] and required_features=['who', 'is_female'].
2024-12-18 16:04:05 - INFO - Starting feature selection using L1 regularization...
2024-12-18 16:04:05 - INFO - Manually including required feature: who
2024-12-18 16:04:05 - INFO - Feature selection and model fitting completed successfully.
2024-12-18 16:04:05 - INFO - Calculating the dynamic threshold based on the proportion of positive outcomes...
2024-12-18 16:04:05 - INFO - Ratio of 1s to 0s in the outcome variable: 0.52 : 0.48
2024-12-18 16:04:05 - INFO - Dynamic threshold set to: 0.516
2024-12-18 16:04:05 - INFO - Model trained and saved successfully for subset 11.
2024-12-18 16:04:05 - INFO - ---------------------------
2024-12-18 16:04:05 - INFO - TRAIN MODEL STAGE COMPLETED FOR SUBSET 11
2024-12-18 16:04:05 - INFO - ---------------------------
2024-12-18 16:04:05 - INFO - --------------------------------
2024-12-18 16:04:05 - INFO - EVALUATE MODEL STAGE STARTING FOR SUBSET 11...
2024-12-18 16:04:05 - INFO - --------------------------------
2024-12-18 16:04:05 - INFO - ROC AUC: 0.6250880902043693
2024-12-18 16:04:05 - INFO - Confusion Matrix:
[[70 51]
 [53 76]]
2024-12-18 16:04:05 - INFO - Precision: 0.5984251968503937
2024-12-18 16:04:05 - INFO - Recall: 0.5891472868217055
2024-12-18 16:04:05 - INFO - Model evaluated successfully for subset 11.
2024-12-18 16:04:05 - INFO - ------------------------------
2024-12-18 16:04:05 - INFO - EVALUATE MODEL STAGE COMPLETED FOR SUBSET 11
2024-12-18 16:04:05 - INFO - ------------------------------
2024-12-18 16:04:05 - INFO - Model predictions saved to csv successfully.
2024-12-18 16:04:05 - INFO - ------------------
2024-12-18 16:04:05 - INFO - PIPELINE COMPLETED
2024-12-18 16:04:05 - INFO - ------------------
2024-12-18 16:04:05 - INFO - Embedded R ended.
2024-12-18 16:04:05 - INFO - Embedded R already ended.
